[2022-05-08 12:56:48,244] {taskinstance.py:1043} INFO - Dependencies all met for <TaskInstance: sparkify_ELT.data_quality.time_check scheduled__2018-11-01T00:00:00+00:00 [queued]>
[2022-05-08 12:56:48,283] {taskinstance.py:1043} INFO - Dependencies all met for <TaskInstance: sparkify_ELT.data_quality.time_check scheduled__2018-11-01T00:00:00+00:00 [queued]>
[2022-05-08 12:56:48,286] {taskinstance.py:1249} INFO - 
--------------------------------------------------------------------------------
[2022-05-08 12:56:48,288] {taskinstance.py:1250} INFO - Starting attempt 1 of 4
[2022-05-08 12:56:48,291] {taskinstance.py:1251} INFO - 
--------------------------------------------------------------------------------
[2022-05-08 12:56:48,338] {taskinstance.py:1270} INFO - Executing <Task(DataQualityOperator): data_quality.time_check> on 2018-11-01 00:00:00+00:00
[2022-05-08 12:56:48,363] {standard_task_runner.py:52} INFO - Started process 15398 to run task
[2022-05-08 12:56:48,404] {standard_task_runner.py:79} INFO - Running: ['***', 'tasks', 'run', 'sparkify_ELT', 'data_quality.time_check', 'scheduled__2018-11-01T00:00:00+00:00', '--job-id', '26', '--raw', '--subdir', 'DAGS_FOLDER/sparkify_dag.py', '--cfg-path', '/tmp/tmp1d2upk9h', '--error-file', '/tmp/tmpsllgkigs']
[2022-05-08 12:56:48,407] {standard_task_runner.py:80} INFO - Job 26: Subtask data_quality.time_check
[2022-05-08 12:56:48,859] {logging_mixin.py:109} INFO - Running <TaskInstance: sparkify_ELT.data_quality.time_check scheduled__2018-11-01T00:00:00+00:00 [running]> on host aee4597ac0c9
[2022-05-08 12:56:49,149] {taskinstance.py:1448} INFO - Exporting the following env vars:
AIRFLOW_CTX_DAG_OWNER=Mide Clp
AIRFLOW_CTX_DAG_ID=sparkify_ELT
AIRFLOW_CTX_TASK_ID=data_quality.time_check
AIRFLOW_CTX_EXECUTION_DATE=2018-11-01T00:00:00+00:00
AIRFLOW_CTX_DAG_RUN_ID=scheduled__2018-11-01T00:00:00+00:00
[2022-05-08 12:56:49,154] {data_quality.py:19} INFO - Implementing DataQualityOperator
[2022-05-08 12:56:49,236] {base.py:79} INFO - Using connection to: id: redshift. Host: redshift-cluster-2.cpqr7pji6nyj.us-east-1.redshift.amazonaws.com, Port: 5439, Schema: dev, Login: awsuser, Password: ***, extra: {'keepalives': 1, 'keepalives_idle': 60, 'keepalives_interval': 10, 'keepalives_count': 5}
[2022-05-08 12:56:51,946] {data_quality.py:29} INFO - time has 6820 records
[2022-05-08 12:56:51,969] {taskinstance.py:1288} INFO - Marking task as SUCCESS. dag_id=sparkify_ELT, task_id=data_quality.time_check, execution_date=20181101T000000, start_date=20220508T125648, end_date=20220508T125651
[2022-05-08 12:56:52,047] {local_task_job.py:154} INFO - Task exited with return code 0
[2022-05-08 12:56:52,108] {local_task_job.py:264} INFO - 1 downstream tasks scheduled from follow-on schedule check
