[2022-05-08 12:56:34,125] {taskinstance.py:1043} INFO - Dependencies all met for <TaskInstance: sparkify_ELT.load_dimensions_table.load_dimension_song scheduled__2018-11-01T00:00:00+00:00 [queued]>
[2022-05-08 12:56:34,186] {taskinstance.py:1043} INFO - Dependencies all met for <TaskInstance: sparkify_ELT.load_dimensions_table.load_dimension_song scheduled__2018-11-01T00:00:00+00:00 [queued]>
[2022-05-08 12:56:34,195] {taskinstance.py:1249} INFO - 
--------------------------------------------------------------------------------
[2022-05-08 12:56:34,198] {taskinstance.py:1250} INFO - Starting attempt 1 of 4
[2022-05-08 12:56:34,202] {taskinstance.py:1251} INFO - 
--------------------------------------------------------------------------------
[2022-05-08 12:56:34,264] {taskinstance.py:1270} INFO - Executing <Task(LoadDimensionOperator): load_dimensions_table.load_dimension_song> on 2018-11-01 00:00:00+00:00
[2022-05-08 12:56:34,294] {standard_task_runner.py:52} INFO - Started process 15376 to run task
[2022-05-08 12:56:34,352] {standard_task_runner.py:79} INFO - Running: ['***', 'tasks', 'run', 'sparkify_ELT', 'load_dimensions_table.load_dimension_song', 'scheduled__2018-11-01T00:00:00+00:00', '--job-id', '20', '--raw', '--subdir', 'DAGS_FOLDER/sparkify_dag.py', '--cfg-path', '/tmp/tmp13raanzy', '--error-file', '/tmp/tmpjb96xai2']
[2022-05-08 12:56:34,356] {standard_task_runner.py:80} INFO - Job 20: Subtask load_dimensions_table.load_dimension_song
[2022-05-08 12:56:34,589] {logging_mixin.py:109} INFO - Running <TaskInstance: sparkify_ELT.load_dimensions_table.load_dimension_song scheduled__2018-11-01T00:00:00+00:00 [running]> on host aee4597ac0c9
[2022-05-08 12:56:34,704] {taskinstance.py:1448} INFO - Exporting the following env vars:
AIRFLOW_CTX_DAG_OWNER=Mide Clp
AIRFLOW_CTX_DAG_ID=sparkify_ELT
AIRFLOW_CTX_TASK_ID=load_dimensions_table.load_dimension_song
AIRFLOW_CTX_EXECUTION_DATE=2018-11-01T00:00:00+00:00
AIRFLOW_CTX_DAG_RUN_ID=scheduled__2018-11-01T00:00:00+00:00
[2022-05-08 12:56:34,711] {load_dimensions.py:36} INFO - Implementing LoadDimensionOperator
[2022-05-08 12:56:34,715] {load_dimensions.py:42} INFO - Running truncate-insert data into songs
[2022-05-08 12:56:34,721] {load_dimensions.py:44} INFO - Deleting rows in table
[2022-05-08 12:56:34,754] {base.py:79} INFO - Using connection to: id: redshift. Host: redshift-cluster-2.cpqr7pji6nyj.us-east-1.redshift.amazonaws.com, Port: 5439, Schema: dev, Login: awsuser, Password: ***, extra: {'keepalives': 1, 'keepalives_idle': 60, 'keepalives_interval': 10, 'keepalives_count': 5}
[2022-05-08 12:56:36,238] {dbapi.py:225} INFO - Running statement: TRUNCATE TABLE songs, parameters: None
[2022-05-08 12:56:36,932] {base.py:79} INFO - Using connection to: id: redshift. Host: redshift-cluster-2.cpqr7pji6nyj.us-east-1.redshift.amazonaws.com, Port: 5439, Schema: dev, Login: awsuser, Password: ***, extra: {'keepalives': 1, 'keepalives_idle': 60, 'keepalives_interval': 10, 'keepalives_count': 5}
[2022-05-08 12:56:38,447] {dbapi.py:225} INFO - Running statement: 
        INSERT INTO songs
        
        SELECT distinct song_id, title, artist_id, year, duration
        FROM staging_songs
    , parameters: None
[2022-05-08 12:56:39,423] {dbapi.py:233} INFO - Rows affected: 14896
[2022-05-08 12:56:39,794] {load_dimensions.py:49} INFO - Insert into songs completed
[2022-05-08 12:56:39,818] {taskinstance.py:1288} INFO - Marking task as SUCCESS. dag_id=sparkify_ELT, task_id=load_dimensions_table.load_dimension_song, execution_date=20181101T000000, start_date=20220508T125634, end_date=20220508T125639
[2022-05-08 12:56:39,880] {local_task_job.py:154} INFO - Task exited with return code 0
[2022-05-08 12:56:39,974] {local_task_job.py:264} INFO - 0 downstream tasks scheduled from follow-on schedule check
