[2022-05-08 12:36:31,267] {taskinstance.py:1043} INFO - Dependencies all met for <TaskInstance: sparkify_ELT.staging.stage_event scheduled__2018-11-01T00:00:00+00:00 [queued]>
[2022-05-08 12:36:31,376] {taskinstance.py:1043} INFO - Dependencies all met for <TaskInstance: sparkify_ELT.staging.stage_event scheduled__2018-11-01T00:00:00+00:00 [queued]>
[2022-05-08 12:36:31,380] {taskinstance.py:1249} INFO - 
--------------------------------------------------------------------------------
[2022-05-08 12:36:31,383] {taskinstance.py:1250} INFO - Starting attempt 1 of 4
[2022-05-08 12:36:31,387] {taskinstance.py:1251} INFO - 
--------------------------------------------------------------------------------
[2022-05-08 12:36:31,455] {taskinstance.py:1270} INFO - Executing <Task(StageToRedshiftOperator): staging.stage_event> on 2018-11-01 00:00:00+00:00
[2022-05-08 12:36:31,476] {standard_task_runner.py:52} INFO - Started process 14503 to run task
[2022-05-08 12:36:31,518] {standard_task_runner.py:79} INFO - Running: ['***', 'tasks', 'run', 'sparkify_ELT', 'staging.stage_event', 'scheduled__2018-11-01T00:00:00+00:00', '--job-id', '7', '--raw', '--subdir', 'DAGS_FOLDER/sparkify_dag.py', '--cfg-path', '/tmp/tmpue134ezt', '--error-file', '/tmp/tmp_h9nahvp']
[2022-05-08 12:36:31,525] {standard_task_runner.py:80} INFO - Job 7: Subtask staging.stage_event
[2022-05-08 12:36:31,895] {logging_mixin.py:109} INFO - Running <TaskInstance: sparkify_ELT.staging.stage_event scheduled__2018-11-01T00:00:00+00:00 [running]> on host aee4597ac0c9
[2022-05-08 12:36:32,347] {taskinstance.py:1448} INFO - Exporting the following env vars:
AIRFLOW_CTX_DAG_OWNER=Mide Clp
AIRFLOW_CTX_DAG_ID=sparkify_ELT
AIRFLOW_CTX_TASK_ID=staging.stage_event
AIRFLOW_CTX_EXECUTION_DATE=2018-11-01T00:00:00+00:00
AIRFLOW_CTX_DAG_RUN_ID=scheduled__2018-11-01T00:00:00+00:00
[2022-05-08 12:36:32,382] {stage_redshift.py:60} INFO - Implementing staging to redshift
[2022-05-08 12:36:32,470] {base_aws.py:206} INFO - Credentials retrieved from login
[2022-05-08 12:36:33,023] {warnings.py:110} WARNING - /home/***/.local/lib/python3.7/site-packages/***/utils/context.py:156: AirflowContextDeprecationWarning: Accessing 'execution_date' from the template is deprecated and will be removed in a future version. Please use 'data_interval_start' or 'logical_date' instead.
  warnings.warn(_create_deprecation_warning(key, self._deprecation_replacements[key]))

[2022-05-08 12:36:33,038] {warnings.py:110} WARNING - /home/***/.local/lib/python3.7/site-packages/***/utils/context.py:156: AirflowContextDeprecationWarning: Accessing 'next_ds' from the template is deprecated and will be removed in a future version. Please use '{{ data_interval_end | ds }}' instead.
  warnings.warn(_create_deprecation_warning(key, self._deprecation_replacements[key]))

[2022-05-08 12:36:33,043] {warnings.py:110} WARNING - /home/***/.local/lib/python3.7/site-packages/***/utils/context.py:156: AirflowContextDeprecationWarning: Accessing 'next_ds_nodash' from the template is deprecated and will be removed in a future version. Please use '{{ data_interval_end | ds_nodash }}' instead.
  warnings.warn(_create_deprecation_warning(key, self._deprecation_replacements[key]))

[2022-05-08 12:36:33,055] {warnings.py:110} WARNING - /home/***/.local/lib/python3.7/site-packages/***/utils/context.py:156: AirflowContextDeprecationWarning: Accessing 'next_execution_date' from the template is deprecated and will be removed in a future version. Please use 'data_interval_end' instead.
  warnings.warn(_create_deprecation_warning(key, self._deprecation_replacements[key]))

[2022-05-08 12:36:33,060] {warnings.py:110} WARNING - /home/***/.local/lib/python3.7/site-packages/***/utils/context.py:156: AirflowContextDeprecationWarning: Accessing 'prev_ds' from the template is deprecated and will be removed in a future version.
  warnings.warn(_create_deprecation_warning(key, self._deprecation_replacements[key]))

[2022-05-08 12:36:33,063] {warnings.py:110} WARNING - /home/***/.local/lib/python3.7/site-packages/***/utils/context.py:156: AirflowContextDeprecationWarning: Accessing 'prev_ds_nodash' from the template is deprecated and will be removed in a future version.
  warnings.warn(_create_deprecation_warning(key, self._deprecation_replacements[key]))

[2022-05-08 12:36:33,070] {warnings.py:110} WARNING - /home/***/.local/lib/python3.7/site-packages/***/utils/context.py:156: AirflowContextDeprecationWarning: Accessing 'prev_execution_date' from the template is deprecated and will be removed in a future version.
  warnings.warn(_create_deprecation_warning(key, self._deprecation_replacements[key]))

[2022-05-08 12:36:33,074] {warnings.py:110} WARNING - /home/***/.local/lib/python3.7/site-packages/***/utils/context.py:156: AirflowContextDeprecationWarning: Accessing 'prev_execution_date_success' from the template is deprecated and will be removed in a future version. Please use 'prev_data_interval_start_success' instead.
  warnings.warn(_create_deprecation_warning(key, self._deprecation_replacements[key]))

[2022-05-08 12:36:33,082] {warnings.py:110} WARNING - /home/***/.local/lib/python3.7/site-packages/***/utils/context.py:156: AirflowContextDeprecationWarning: Accessing 'tomorrow_ds' from the template is deprecated and will be removed in a future version.
  warnings.warn(_create_deprecation_warning(key, self._deprecation_replacements[key]))

[2022-05-08 12:36:33,086] {warnings.py:110} WARNING - /home/***/.local/lib/python3.7/site-packages/***/utils/context.py:156: AirflowContextDeprecationWarning: Accessing 'tomorrow_ds_nodash' from the template is deprecated and will be removed in a future version.
  warnings.warn(_create_deprecation_warning(key, self._deprecation_replacements[key]))

[2022-05-08 12:36:33,095] {warnings.py:110} WARNING - /home/***/.local/lib/python3.7/site-packages/***/utils/context.py:156: AirflowContextDeprecationWarning: Accessing 'yesterday_ds' from the template is deprecated and will be removed in a future version.
  warnings.warn(_create_deprecation_warning(key, self._deprecation_replacements[key]))

[2022-05-08 12:36:33,105] {warnings.py:110} WARNING - /home/***/.local/lib/python3.7/site-packages/***/utils/context.py:156: AirflowContextDeprecationWarning: Accessing 'yesterday_ds_nodash' from the template is deprecated and will be removed in a future version.
  warnings.warn(_create_deprecation_warning(key, self._deprecation_replacements[key]))

[2022-05-08 12:36:33,113] {stage_redshift.py:80} INFO - Copying data to staging_events
[2022-05-08 12:36:34,002] {base.py:79} INFO - Using connection to: id: redshift. Host: redshift-cluster-2.cpqr7pji6nyj.us-east-1.redshift.amazonaws.com, Port: 5439, Schema: dev, Login: awsuser, Password: ***, extra: {'keepalives': 1, 'keepalives_idle': 60, 'keepalives_interval': 10, 'keepalives_count': 5}
[2022-05-08 12:36:36,181] {dbapi.py:225} INFO - Running statement: 
            copy staging_events
            from 's3://udacity-dend/log_data/2018/11'
            ACCESS_KEY_ID 'AKIA2AW3WHEPDRTDXBX2'
            SECRET_ACCESS_KEY '***'
            region 'us-west-2'
        json 's3://udacity-dend/log_json_path.json', parameters: None
[2022-05-08 12:36:48,371] {stage_redshift.py:93} INFO - copy completed
[2022-05-08 12:36:48,441] {taskinstance.py:1288} INFO - Marking task as SUCCESS. dag_id=sparkify_ELT, task_id=staging.stage_event, execution_date=20181101T000000, start_date=20220508T123631, end_date=20220508T123648
[2022-05-08 12:36:48,563] {local_task_job.py:154} INFO - Task exited with return code 0
[2022-05-08 12:36:48,736] {local_task_job.py:264} INFO - 0 downstream tasks scheduled from follow-on schedule check
