[2022-05-08 12:56:22,867] {taskinstance.py:1043} INFO - Dependencies all met for <TaskInstance: sparkify_ELT.load_songplay_fact_table scheduled__2018-11-01T00:00:00+00:00 [queued]>
[2022-05-08 12:56:22,882] {taskinstance.py:1043} INFO - Dependencies all met for <TaskInstance: sparkify_ELT.load_songplay_fact_table scheduled__2018-11-01T00:00:00+00:00 [queued]>
[2022-05-08 12:56:22,884] {taskinstance.py:1249} INFO - 
--------------------------------------------------------------------------------
[2022-05-08 12:56:22,885] {taskinstance.py:1250} INFO - Starting attempt 1 of 4
[2022-05-08 12:56:22,886] {taskinstance.py:1251} INFO - 
--------------------------------------------------------------------------------
[2022-05-08 12:56:22,907] {taskinstance.py:1270} INFO - Executing <Task(LoadFactOperator): load_songplay_fact_table> on 2018-11-01 00:00:00+00:00
[2022-05-08 12:56:22,914] {standard_task_runner.py:52} INFO - Started process 15360 to run task
[2022-05-08 12:56:22,920] {standard_task_runner.py:79} INFO - Running: ['***', 'tasks', 'run', 'sparkify_ELT', 'load_songplay_fact_table', 'scheduled__2018-11-01T00:00:00+00:00', '--job-id', '17', '--raw', '--subdir', 'DAGS_FOLDER/sparkify_dag.py', '--cfg-path', '/tmp/tmp4yrmg8x0', '--error-file', '/tmp/tmpl23elwsl']
[2022-05-08 12:56:22,922] {standard_task_runner.py:80} INFO - Job 17: Subtask load_songplay_fact_table
[2022-05-08 12:56:23,012] {logging_mixin.py:109} INFO - Running <TaskInstance: sparkify_ELT.load_songplay_fact_table scheduled__2018-11-01T00:00:00+00:00 [running]> on host aee4597ac0c9
[2022-05-08 12:56:23,087] {taskinstance.py:1448} INFO - Exporting the following env vars:
AIRFLOW_CTX_DAG_OWNER=Mide Clp
AIRFLOW_CTX_DAG_ID=sparkify_ELT
AIRFLOW_CTX_TASK_ID=load_songplay_fact_table
AIRFLOW_CTX_EXECUTION_DATE=2018-11-01T00:00:00+00:00
AIRFLOW_CTX_DAG_RUN_ID=scheduled__2018-11-01T00:00:00+00:00
[2022-05-08 12:56:23,089] {load_fact.py:32} INFO - Implementing load fact table
[2022-05-08 12:56:23,108] {base.py:79} INFO - Using connection to: id: redshift. Host: redshift-cluster-2.cpqr7pji6nyj.us-east-1.redshift.amazonaws.com, Port: 5439, Schema: dev, Login: awsuser, Password: ***, extra: {'keepalives': 1, 'keepalives_idle': 60, 'keepalives_interval': 10, 'keepalives_count': 5}
[2022-05-08 12:56:24,997] {dbapi.py:225} INFO - Running statement: 
        INSERT INTO songplays
        
        SELECT
                md5(events.sessionid || events.start_time) songplay_id,
                events.start_time, 
                events.userid, 
                events.level, 
                songs.song_id, 
                songs.artist_id, 
                events.sessionid, 
                events.location, 
                events.useragent
                FROM (SELECT TIMESTAMP 'epoch' + ts/1000 * interval '1 second' AS start_time, *
            FROM staging_events
            WHERE page='NextSong') events
            LEFT JOIN staging_songs songs
            ON events.song = songs.title
                AND events.artist = songs.artist_name
                AND events.length = songs.duration
    , parameters: None
[2022-05-08 12:56:31,645] {dbapi.py:233} INFO - Rows affected: 6820
[2022-05-08 12:56:31,936] {load_fact.py:40} INFO - Insert completed for songplays table
[2022-05-08 12:56:31,956] {taskinstance.py:1288} INFO - Marking task as SUCCESS. dag_id=sparkify_ELT, task_id=load_songplay_fact_table, execution_date=20181101T000000, start_date=20220508T125622, end_date=20220508T125631
[2022-05-08 12:56:32,037] {local_task_job.py:154} INFO - Task exited with return code 0
[2022-05-08 12:56:32,124] {local_task_job.py:264} INFO - 4 downstream tasks scheduled from follow-on schedule check
