[2022-05-08 12:56:45,642] {taskinstance.py:1043} INFO - Dependencies all met for <TaskInstance: sparkify_ELT.data_quality.user_check scheduled__2018-11-01T00:00:00+00:00 [queued]>
[2022-05-08 12:56:45,747] {taskinstance.py:1043} INFO - Dependencies all met for <TaskInstance: sparkify_ELT.data_quality.user_check scheduled__2018-11-01T00:00:00+00:00 [queued]>
[2022-05-08 12:56:45,754] {taskinstance.py:1249} INFO - 
--------------------------------------------------------------------------------
[2022-05-08 12:56:45,762] {taskinstance.py:1250} INFO - Starting attempt 1 of 4
[2022-05-08 12:56:45,769] {taskinstance.py:1251} INFO - 
--------------------------------------------------------------------------------
[2022-05-08 12:56:45,861] {taskinstance.py:1270} INFO - Executing <Task(DataQualityOperator): data_quality.user_check> on 2018-11-01 00:00:00+00:00
[2022-05-08 12:56:45,898] {standard_task_runner.py:52} INFO - Started process 15387 to run task
[2022-05-08 12:56:45,942] {standard_task_runner.py:79} INFO - Running: ['***', 'tasks', 'run', 'sparkify_ELT', 'data_quality.user_check', 'scheduled__2018-11-01T00:00:00+00:00', '--job-id', '25', '--raw', '--subdir', 'DAGS_FOLDER/sparkify_dag.py', '--cfg-path', '/tmp/tmp0rrwq79j', '--error-file', '/tmp/tmpwso_nuz6']
[2022-05-08 12:56:45,961] {standard_task_runner.py:80} INFO - Job 25: Subtask data_quality.user_check
[2022-05-08 12:56:46,388] {logging_mixin.py:109} INFO - Running <TaskInstance: sparkify_ELT.data_quality.user_check scheduled__2018-11-01T00:00:00+00:00 [running]> on host aee4597ac0c9
[2022-05-08 12:56:46,749] {taskinstance.py:1448} INFO - Exporting the following env vars:
AIRFLOW_CTX_DAG_OWNER=Mide Clp
AIRFLOW_CTX_DAG_ID=sparkify_ELT
AIRFLOW_CTX_TASK_ID=data_quality.user_check
AIRFLOW_CTX_EXECUTION_DATE=2018-11-01T00:00:00+00:00
AIRFLOW_CTX_DAG_RUN_ID=scheduled__2018-11-01T00:00:00+00:00
[2022-05-08 12:56:46,763] {data_quality.py:19} INFO - Implementing DataQualityOperator
[2022-05-08 12:56:46,953] {base.py:79} INFO - Using connection to: id: redshift. Host: redshift-cluster-2.cpqr7pji6nyj.us-east-1.redshift.amazonaws.com, Port: 5439, Schema: dev, Login: awsuser, Password: ***, extra: {'keepalives': 1, 'keepalives_idle': 60, 'keepalives_interval': 10, 'keepalives_count': 5}
[2022-05-08 12:56:48,963] {data_quality.py:29} INFO - users has 104 records
[2022-05-08 12:56:49,030] {taskinstance.py:1288} INFO - Marking task as SUCCESS. dag_id=sparkify_ELT, task_id=data_quality.user_check, execution_date=20181101T000000, start_date=20220508T125645, end_date=20220508T125649
[2022-05-08 12:56:49,157] {local_task_job.py:154} INFO - Task exited with return code 0
[2022-05-08 12:56:49,297] {local_task_job.py:264} INFO - 0 downstream tasks scheduled from follow-on schedule check
