[2022-05-08 12:36:30,994] {taskinstance.py:1043} INFO - Dependencies all met for <TaskInstance: sparkify_ELT.staging.stage_song scheduled__2018-11-01T00:00:00+00:00 [queued]>
[2022-05-08 12:36:31,106] {taskinstance.py:1043} INFO - Dependencies all met for <TaskInstance: sparkify_ELT.staging.stage_song scheduled__2018-11-01T00:00:00+00:00 [queued]>
[2022-05-08 12:36:31,110] {taskinstance.py:1249} INFO - 
--------------------------------------------------------------------------------
[2022-05-08 12:36:31,117] {taskinstance.py:1250} INFO - Starting attempt 1 of 4
[2022-05-08 12:36:31,121] {taskinstance.py:1251} INFO - 
--------------------------------------------------------------------------------
[2022-05-08 12:36:31,202] {taskinstance.py:1270} INFO - Executing <Task(StageToRedshiftOperator): staging.stage_song> on 2018-11-01 00:00:00+00:00
[2022-05-08 12:36:31,226] {standard_task_runner.py:52} INFO - Started process 14502 to run task
[2022-05-08 12:36:31,270] {standard_task_runner.py:79} INFO - Running: ['***', 'tasks', 'run', 'sparkify_ELT', 'staging.stage_song', 'scheduled__2018-11-01T00:00:00+00:00', '--job-id', '8', '--raw', '--subdir', 'DAGS_FOLDER/sparkify_dag.py', '--cfg-path', '/tmp/tmp5_2i970h', '--error-file', '/tmp/tmpeo1phh6p']
[2022-05-08 12:36:31,279] {standard_task_runner.py:80} INFO - Job 8: Subtask staging.stage_song
[2022-05-08 12:36:31,569] {logging_mixin.py:109} INFO - Running <TaskInstance: sparkify_ELT.staging.stage_song scheduled__2018-11-01T00:00:00+00:00 [running]> on host aee4597ac0c9
[2022-05-08 12:36:32,204] {taskinstance.py:1448} INFO - Exporting the following env vars:
AIRFLOW_CTX_DAG_OWNER=Mide Clp
AIRFLOW_CTX_DAG_ID=sparkify_ELT
AIRFLOW_CTX_TASK_ID=staging.stage_song
AIRFLOW_CTX_EXECUTION_DATE=2018-11-01T00:00:00+00:00
AIRFLOW_CTX_DAG_RUN_ID=scheduled__2018-11-01T00:00:00+00:00
[2022-05-08 12:36:32,215] {stage_redshift.py:60} INFO - Implementing staging to redshift
[2022-05-08 12:36:32,291] {base_aws.py:206} INFO - Credentials retrieved from login
[2022-05-08 12:36:32,555] {warnings.py:110} WARNING - /home/***/.local/lib/python3.7/site-packages/***/utils/context.py:156: AirflowContextDeprecationWarning: Accessing 'execution_date' from the template is deprecated and will be removed in a future version. Please use 'data_interval_start' or 'logical_date' instead.
  warnings.warn(_create_deprecation_warning(key, self._deprecation_replacements[key]))

[2022-05-08 12:36:32,582] {warnings.py:110} WARNING - /home/***/.local/lib/python3.7/site-packages/***/utils/context.py:156: AirflowContextDeprecationWarning: Accessing 'next_ds' from the template is deprecated and will be removed in a future version. Please use '{{ data_interval_end | ds }}' instead.
  warnings.warn(_create_deprecation_warning(key, self._deprecation_replacements[key]))

[2022-05-08 12:36:32,594] {warnings.py:110} WARNING - /home/***/.local/lib/python3.7/site-packages/***/utils/context.py:156: AirflowContextDeprecationWarning: Accessing 'next_ds_nodash' from the template is deprecated and will be removed in a future version. Please use '{{ data_interval_end | ds_nodash }}' instead.
  warnings.warn(_create_deprecation_warning(key, self._deprecation_replacements[key]))

[2022-05-08 12:36:32,611] {warnings.py:110} WARNING - /home/***/.local/lib/python3.7/site-packages/***/utils/context.py:156: AirflowContextDeprecationWarning: Accessing 'next_execution_date' from the template is deprecated and will be removed in a future version. Please use 'data_interval_end' instead.
  warnings.warn(_create_deprecation_warning(key, self._deprecation_replacements[key]))

[2022-05-08 12:36:32,792] {warnings.py:110} WARNING - /home/***/.local/lib/python3.7/site-packages/***/utils/context.py:156: AirflowContextDeprecationWarning: Accessing 'prev_ds' from the template is deprecated and will be removed in a future version.
  warnings.warn(_create_deprecation_warning(key, self._deprecation_replacements[key]))

[2022-05-08 12:36:32,802] {warnings.py:110} WARNING - /home/***/.local/lib/python3.7/site-packages/***/utils/context.py:156: AirflowContextDeprecationWarning: Accessing 'prev_ds_nodash' from the template is deprecated and will be removed in a future version.
  warnings.warn(_create_deprecation_warning(key, self._deprecation_replacements[key]))

[2022-05-08 12:36:32,824] {warnings.py:110} WARNING - /home/***/.local/lib/python3.7/site-packages/***/utils/context.py:156: AirflowContextDeprecationWarning: Accessing 'prev_execution_date' from the template is deprecated and will be removed in a future version.
  warnings.warn(_create_deprecation_warning(key, self._deprecation_replacements[key]))

[2022-05-08 12:36:32,845] {warnings.py:110} WARNING - /home/***/.local/lib/python3.7/site-packages/***/utils/context.py:156: AirflowContextDeprecationWarning: Accessing 'prev_execution_date_success' from the template is deprecated and will be removed in a future version. Please use 'prev_data_interval_start_success' instead.
  warnings.warn(_create_deprecation_warning(key, self._deprecation_replacements[key]))

[2022-05-08 12:36:32,862] {warnings.py:110} WARNING - /home/***/.local/lib/python3.7/site-packages/***/utils/context.py:156: AirflowContextDeprecationWarning: Accessing 'tomorrow_ds' from the template is deprecated and will be removed in a future version.
  warnings.warn(_create_deprecation_warning(key, self._deprecation_replacements[key]))

[2022-05-08 12:36:32,865] {warnings.py:110} WARNING - /home/***/.local/lib/python3.7/site-packages/***/utils/context.py:156: AirflowContextDeprecationWarning: Accessing 'tomorrow_ds_nodash' from the template is deprecated and will be removed in a future version.
  warnings.warn(_create_deprecation_warning(key, self._deprecation_replacements[key]))

[2022-05-08 12:36:32,869] {warnings.py:110} WARNING - /home/***/.local/lib/python3.7/site-packages/***/utils/context.py:156: AirflowContextDeprecationWarning: Accessing 'yesterday_ds' from the template is deprecated and will be removed in a future version.
  warnings.warn(_create_deprecation_warning(key, self._deprecation_replacements[key]))

[2022-05-08 12:36:32,878] {warnings.py:110} WARNING - /home/***/.local/lib/python3.7/site-packages/***/utils/context.py:156: AirflowContextDeprecationWarning: Accessing 'yesterday_ds_nodash' from the template is deprecated and will be removed in a future version.
  warnings.warn(_create_deprecation_warning(key, self._deprecation_replacements[key]))

[2022-05-08 12:36:32,884] {stage_redshift.py:80} INFO - Copying data to staging_songs
[2022-05-08 12:36:33,086] {base.py:79} INFO - Using connection to: id: redshift. Host: redshift-cluster-2.cpqr7pji6nyj.us-east-1.redshift.amazonaws.com, Port: 5439, Schema: dev, Login: awsuser, Password: ***, extra: {'keepalives': 1, 'keepalives_idle': 60, 'keepalives_interval': 10, 'keepalives_count': 5}
[2022-05-08 12:36:36,187] {dbapi.py:225} INFO - Running statement: 
            copy staging_songs
            from 's3://udacity-dend/song_data/A'
            ACCESS_KEY_ID 'AKIA2AW3WHEPDRTDXBX2'
            SECRET_ACCESS_KEY '***'
            region 'us-west-2'
        json 'auto', parameters: None
[2022-05-08 12:56:21,094] {stage_redshift.py:93} INFO - copy completed
[2022-05-08 12:56:21,125] {taskinstance.py:1288} INFO - Marking task as SUCCESS. dag_id=sparkify_ELT, task_id=staging.stage_song, execution_date=20181101T000000, start_date=20220508T123630, end_date=20220508T125621
[2022-05-08 12:56:21,230] {local_task_job.py:154} INFO - Task exited with return code 0
[2022-05-08 12:56:21,298] {local_task_job.py:264} INFO - 1 downstream tasks scheduled from follow-on schedule check
