[2022-05-08 12:56:44,304] {taskinstance.py:1043} INFO - Dependencies all met for <TaskInstance: sparkify_ELT.data_quality.artist_check scheduled__2018-11-01T00:00:00+00:00 [queued]>
[2022-05-08 12:56:44,347] {taskinstance.py:1043} INFO - Dependencies all met for <TaskInstance: sparkify_ELT.data_quality.artist_check scheduled__2018-11-01T00:00:00+00:00 [queued]>
[2022-05-08 12:56:44,355] {taskinstance.py:1249} INFO - 
--------------------------------------------------------------------------------
[2022-05-08 12:56:44,362] {taskinstance.py:1250} INFO - Starting attempt 1 of 4
[2022-05-08 12:56:44,364] {taskinstance.py:1251} INFO - 
--------------------------------------------------------------------------------
[2022-05-08 12:56:44,429] {taskinstance.py:1270} INFO - Executing <Task(DataQualityOperator): data_quality.artist_check> on 2018-11-01 00:00:00+00:00
[2022-05-08 12:56:44,478] {standard_task_runner.py:52} INFO - Started process 15384 to run task
[2022-05-08 12:56:44,548] {standard_task_runner.py:79} INFO - Running: ['***', 'tasks', 'run', 'sparkify_ELT', 'data_quality.artist_check', 'scheduled__2018-11-01T00:00:00+00:00', '--job-id', '22', '--raw', '--subdir', 'DAGS_FOLDER/sparkify_dag.py', '--cfg-path', '/tmp/tmp_6zsy3m4', '--error-file', '/tmp/tmp4lrhcssk']
[2022-05-08 12:56:44,554] {standard_task_runner.py:80} INFO - Job 22: Subtask data_quality.artist_check
[2022-05-08 12:56:44,942] {logging_mixin.py:109} INFO - Running <TaskInstance: sparkify_ELT.data_quality.artist_check scheduled__2018-11-01T00:00:00+00:00 [running]> on host aee4597ac0c9
[2022-05-08 12:56:45,541] {taskinstance.py:1448} INFO - Exporting the following env vars:
AIRFLOW_CTX_DAG_OWNER=Mide Clp
AIRFLOW_CTX_DAG_ID=sparkify_ELT
AIRFLOW_CTX_TASK_ID=data_quality.artist_check
AIRFLOW_CTX_EXECUTION_DATE=2018-11-01T00:00:00+00:00
AIRFLOW_CTX_DAG_RUN_ID=scheduled__2018-11-01T00:00:00+00:00
[2022-05-08 12:56:45,543] {data_quality.py:19} INFO - Implementing DataQualityOperator
[2022-05-08 12:56:45,586] {base.py:79} INFO - Using connection to: id: redshift. Host: redshift-cluster-2.cpqr7pji6nyj.us-east-1.redshift.amazonaws.com, Port: 5439, Schema: dev, Login: awsuser, Password: ***, extra: {'keepalives': 1, 'keepalives_idle': 60, 'keepalives_interval': 10, 'keepalives_count': 5}
[2022-05-08 12:56:47,548] {data_quality.py:29} INFO - artists has 10025 records
[2022-05-08 12:56:47,648] {taskinstance.py:1288} INFO - Marking task as SUCCESS. dag_id=sparkify_ELT, task_id=data_quality.artist_check, execution_date=20181101T000000, start_date=20220508T125644, end_date=20220508T125647
[2022-05-08 12:56:48,001] {local_task_job.py:154} INFO - Task exited with return code 0
[2022-05-08 12:56:48,421] {local_task_job.py:264} INFO - 0 downstream tasks scheduled from follow-on schedule check
