[2022-05-08 12:56:36,542] {taskinstance.py:1043} INFO - Dependencies all met for <TaskInstance: sparkify_ELT.load_dimensions_table.load_dimension_artist scheduled__2018-11-01T00:00:00+00:00 [queued]>
[2022-05-08 12:56:36,561] {taskinstance.py:1043} INFO - Dependencies all met for <TaskInstance: sparkify_ELT.load_dimensions_table.load_dimension_artist scheduled__2018-11-01T00:00:00+00:00 [queued]>
[2022-05-08 12:56:36,563] {taskinstance.py:1249} INFO - 
--------------------------------------------------------------------------------
[2022-05-08 12:56:36,564] {taskinstance.py:1250} INFO - Starting attempt 1 of 4
[2022-05-08 12:56:36,564] {taskinstance.py:1251} INFO - 
--------------------------------------------------------------------------------
[2022-05-08 12:56:36,586] {taskinstance.py:1270} INFO - Executing <Task(LoadDimensionOperator): load_dimensions_table.load_dimension_artist> on 2018-11-01 00:00:00+00:00
[2022-05-08 12:56:36,592] {standard_task_runner.py:52} INFO - Started process 15378 to run task
[2022-05-08 12:56:36,600] {standard_task_runner.py:79} INFO - Running: ['***', 'tasks', 'run', 'sparkify_ELT', 'load_dimensions_table.load_dimension_artist', 'scheduled__2018-11-01T00:00:00+00:00', '--job-id', '21', '--raw', '--subdir', 'DAGS_FOLDER/sparkify_dag.py', '--cfg-path', '/tmp/tmpvf4i352p', '--error-file', '/tmp/tmpn8o43ba2']
[2022-05-08 12:56:36,602] {standard_task_runner.py:80} INFO - Job 21: Subtask load_dimensions_table.load_dimension_artist
[2022-05-08 12:56:36,781] {logging_mixin.py:109} INFO - Running <TaskInstance: sparkify_ELT.load_dimensions_table.load_dimension_artist scheduled__2018-11-01T00:00:00+00:00 [running]> on host aee4597ac0c9
[2022-05-08 12:56:36,906] {taskinstance.py:1448} INFO - Exporting the following env vars:
AIRFLOW_CTX_DAG_OWNER=Mide Clp
AIRFLOW_CTX_DAG_ID=sparkify_ELT
AIRFLOW_CTX_TASK_ID=load_dimensions_table.load_dimension_artist
AIRFLOW_CTX_EXECUTION_DATE=2018-11-01T00:00:00+00:00
AIRFLOW_CTX_DAG_RUN_ID=scheduled__2018-11-01T00:00:00+00:00
[2022-05-08 12:56:36,909] {load_dimensions.py:36} INFO - Implementing LoadDimensionOperator
[2022-05-08 12:56:36,910] {load_dimensions.py:42} INFO - Running truncate-insert data into artists
[2022-05-08 12:56:36,912] {load_dimensions.py:44} INFO - Deleting rows in table
[2022-05-08 12:56:36,929] {base.py:79} INFO - Using connection to: id: redshift. Host: redshift-cluster-2.cpqr7pji6nyj.us-east-1.redshift.amazonaws.com, Port: 5439, Schema: dev, Login: awsuser, Password: ***, extra: {'keepalives': 1, 'keepalives_idle': 60, 'keepalives_interval': 10, 'keepalives_count': 5}
[2022-05-08 12:56:38,417] {dbapi.py:225} INFO - Running statement: TRUNCATE TABLE artists, parameters: None
[2022-05-08 12:56:39,140] {base.py:79} INFO - Using connection to: id: redshift. Host: redshift-cluster-2.cpqr7pji6nyj.us-east-1.redshift.amazonaws.com, Port: 5439, Schema: dev, Login: awsuser, Password: ***, extra: {'keepalives': 1, 'keepalives_idle': 60, 'keepalives_interval': 10, 'keepalives_count': 5}
[2022-05-08 12:56:40,592] {dbapi.py:225} INFO - Running statement: 
        INSERT INTO artists
        
        SELECT distinct artist_id, artist_name, artist_location, artist_latitude, artist_longitude
        FROM staging_songs
    , parameters: None
[2022-05-08 12:56:41,338] {dbapi.py:233} INFO - Rows affected: 10025
[2022-05-08 12:56:41,692] {load_dimensions.py:49} INFO - Insert into artists completed
[2022-05-08 12:56:41,714] {taskinstance.py:1288} INFO - Marking task as SUCCESS. dag_id=sparkify_ELT, task_id=load_dimensions_table.load_dimension_artist, execution_date=20181101T000000, start_date=20220508T125636, end_date=20220508T125641
[2022-05-08 12:56:41,794] {local_task_job.py:154} INFO - Task exited with return code 0
[2022-05-08 12:56:41,914] {local_task_job.py:264} INFO - 5 downstream tasks scheduled from follow-on schedule check
