[2022-05-08 12:56:33,805] {taskinstance.py:1043} INFO - Dependencies all met for <TaskInstance: sparkify_ELT.load_dimensions_table.load_dimension_time scheduled__2018-11-01T00:00:00+00:00 [queued]>
[2022-05-08 12:56:33,844] {taskinstance.py:1043} INFO - Dependencies all met for <TaskInstance: sparkify_ELT.load_dimensions_table.load_dimension_time scheduled__2018-11-01T00:00:00+00:00 [queued]>
[2022-05-08 12:56:33,847] {taskinstance.py:1249} INFO - 
--------------------------------------------------------------------------------
[2022-05-08 12:56:33,849] {taskinstance.py:1250} INFO - Starting attempt 1 of 4
[2022-05-08 12:56:33,850] {taskinstance.py:1251} INFO - 
--------------------------------------------------------------------------------
[2022-05-08 12:56:33,889] {taskinstance.py:1270} INFO - Executing <Task(LoadDimensionOperator): load_dimensions_table.load_dimension_time> on 2018-11-01 00:00:00+00:00
[2022-05-08 12:56:33,913] {standard_task_runner.py:52} INFO - Started process 15375 to run task
[2022-05-08 12:56:33,970] {standard_task_runner.py:79} INFO - Running: ['***', 'tasks', 'run', 'sparkify_ELT', 'load_dimensions_table.load_dimension_time', 'scheduled__2018-11-01T00:00:00+00:00', '--job-id', '19', '--raw', '--subdir', 'DAGS_FOLDER/sparkify_dag.py', '--cfg-path', '/tmp/tmpmjn09a8i', '--error-file', '/tmp/tmp8huqe1xp']
[2022-05-08 12:56:33,973] {standard_task_runner.py:80} INFO - Job 19: Subtask load_dimensions_table.load_dimension_time
[2022-05-08 12:56:34,254] {logging_mixin.py:109} INFO - Running <TaskInstance: sparkify_ELT.load_dimensions_table.load_dimension_time scheduled__2018-11-01T00:00:00+00:00 [running]> on host aee4597ac0c9
[2022-05-08 12:56:34,523] {taskinstance.py:1448} INFO - Exporting the following env vars:
AIRFLOW_CTX_DAG_OWNER=Mide Clp
AIRFLOW_CTX_DAG_ID=sparkify_ELT
AIRFLOW_CTX_TASK_ID=load_dimensions_table.load_dimension_time
AIRFLOW_CTX_EXECUTION_DATE=2018-11-01T00:00:00+00:00
AIRFLOW_CTX_DAG_RUN_ID=scheduled__2018-11-01T00:00:00+00:00
[2022-05-08 12:56:34,527] {load_dimensions.py:36} INFO - Implementing LoadDimensionOperator
[2022-05-08 12:56:34,529] {load_dimensions.py:42} INFO - Running truncate-insert data into time
[2022-05-08 12:56:34,531] {load_dimensions.py:44} INFO - Deleting rows in table
[2022-05-08 12:56:34,569] {base.py:79} INFO - Using connection to: id: redshift. Host: redshift-cluster-2.cpqr7pji6nyj.us-east-1.redshift.amazonaws.com, Port: 5439, Schema: dev, Login: awsuser, Password: ***, extra: {'keepalives': 1, 'keepalives_idle': 60, 'keepalives_interval': 10, 'keepalives_count': 5}
[2022-05-08 12:56:36,084] {dbapi.py:225} INFO - Running statement: TRUNCATE TABLE time, parameters: None
[2022-05-08 12:56:36,807] {base.py:79} INFO - Using connection to: id: redshift. Host: redshift-cluster-2.cpqr7pji6nyj.us-east-1.redshift.amazonaws.com, Port: 5439, Schema: dev, Login: awsuser, Password: ***, extra: {'keepalives': 1, 'keepalives_idle': 60, 'keepalives_interval': 10, 'keepalives_count': 5}
[2022-05-08 12:56:38,356] {dbapi.py:225} INFO - Running statement: 
        INSERT INTO time
        
        SELECT start_time, extract(hour from start_time), extract(day from start_time), extract(week from start_time), 
               extract(month from start_time), extract(year from start_time), extract(dayofweek from start_time)
        FROM songplays
    , parameters: None
[2022-05-08 12:56:39,798] {dbapi.py:233} INFO - Rows affected: 6820
[2022-05-08 12:56:40,183] {load_dimensions.py:49} INFO - Insert into time completed
[2022-05-08 12:56:40,204] {taskinstance.py:1288} INFO - Marking task as SUCCESS. dag_id=sparkify_ELT, task_id=load_dimensions_table.load_dimension_time, execution_date=20181101T000000, start_date=20220508T125633, end_date=20220508T125640
[2022-05-08 12:56:40,256] {local_task_job.py:154} INFO - Task exited with return code 0
[2022-05-08 12:56:40,320] {local_task_job.py:264} INFO - 0 downstream tasks scheduled from follow-on schedule check
