[2022-05-07 13:34:13,944] {processor.py:163} INFO - Started process (PID=189) to work on /home/airflow/.local/lib/python3.7/site-packages/airflow/example_dags/example_short_circuit_operator.py
[2022-05-07 13:34:13,947] {processor.py:642} INFO - Processing file /home/airflow/.local/lib/python3.7/site-packages/airflow/example_dags/example_short_circuit_operator.py for tasks to queue
[2022-05-07 13:34:13,949] {logging_mixin.py:109} INFO - [2022-05-07 13:34:13,949] {dagbag.py:500} INFO - Filling up the DagBag from /home/airflow/.local/lib/python3.7/site-packages/airflow/example_dags/example_short_circuit_operator.py
[2022-05-07 13:34:13,979] {processor.py:652} INFO - DAG(s) dict_keys(['example_short_circuit_operator']) retrieved from /home/airflow/.local/lib/python3.7/site-packages/airflow/example_dags/example_short_circuit_operator.py
[2022-05-07 13:34:17,088] {logging_mixin.py:109} INFO - [2022-05-07 13:34:17,088] {manager.py:496} INFO - Created Permission View: can edit on DAG:example_short_circuit_operator
[2022-05-07 13:34:17,130] {logging_mixin.py:109} INFO - [2022-05-07 13:34:17,130] {manager.py:496} INFO - Created Permission View: can read on DAG:example_short_circuit_operator
[2022-05-07 13:34:17,132] {logging_mixin.py:109} INFO - [2022-05-07 13:34:17,132] {dag.py:2398} INFO - Sync 1 DAGs
[2022-05-07 13:34:17,150] {logging_mixin.py:109} INFO - [2022-05-07 13:34:17,149] {dag.py:2417} INFO - Creating ORM DAG for example_short_circuit_operator
[2022-05-07 13:34:17,166] {logging_mixin.py:109} INFO - [2022-05-07 13:34:17,166] {dag.py:2937} INFO - Setting next_dagrun for example_short_circuit_operator to 2022-05-06T13:34:17.166369+00:00
[2022-05-07 13:34:17,204] {processor.py:171} INFO - Processing /home/airflow/.local/lib/python3.7/site-packages/airflow/example_dags/example_short_circuit_operator.py took 3.268 seconds
[2022-05-07 13:34:47,408] {processor.py:163} INFO - Started process (PID=272) to work on /home/airflow/.local/lib/python3.7/site-packages/airflow/example_dags/example_short_circuit_operator.py
[2022-05-07 13:34:47,411] {processor.py:642} INFO - Processing file /home/airflow/.local/lib/python3.7/site-packages/airflow/example_dags/example_short_circuit_operator.py for tasks to queue
[2022-05-07 13:34:47,413] {logging_mixin.py:109} INFO - [2022-05-07 13:34:47,413] {dagbag.py:500} INFO - Filling up the DagBag from /home/airflow/.local/lib/python3.7/site-packages/airflow/example_dags/example_short_circuit_operator.py
[2022-05-07 13:34:47,438] {processor.py:652} INFO - DAG(s) dict_keys(['example_short_circuit_operator']) retrieved from /home/airflow/.local/lib/python3.7/site-packages/airflow/example_dags/example_short_circuit_operator.py
[2022-05-07 13:34:47,478] {logging_mixin.py:109} INFO - [2022-05-07 13:34:47,477] {dag.py:2398} INFO - Sync 1 DAGs
[2022-05-07 13:34:47,504] {logging_mixin.py:109} INFO - [2022-05-07 13:34:47,504] {dag.py:2937} INFO - Setting next_dagrun for example_short_circuit_operator to 2022-05-06T13:34:47.503998+00:00
[2022-05-07 13:34:47,523] {processor.py:171} INFO - Processing /home/airflow/.local/lib/python3.7/site-packages/airflow/example_dags/example_short_circuit_operator.py took 0.121 seconds
[2022-05-07 13:35:17,813] {processor.py:163} INFO - Started process (PID=335) to work on /home/airflow/.local/lib/python3.7/site-packages/airflow/example_dags/example_short_circuit_operator.py
[2022-05-07 13:35:17,817] {processor.py:642} INFO - Processing file /home/airflow/.local/lib/python3.7/site-packages/airflow/example_dags/example_short_circuit_operator.py for tasks to queue
[2022-05-07 13:35:17,819] {logging_mixin.py:109} INFO - [2022-05-07 13:35:17,819] {dagbag.py:500} INFO - Filling up the DagBag from /home/airflow/.local/lib/python3.7/site-packages/airflow/example_dags/example_short_circuit_operator.py
[2022-05-07 13:35:17,843] {processor.py:652} INFO - DAG(s) dict_keys(['example_short_circuit_operator']) retrieved from /home/airflow/.local/lib/python3.7/site-packages/airflow/example_dags/example_short_circuit_operator.py
[2022-05-07 13:35:17,883] {logging_mixin.py:109} INFO - [2022-05-07 13:35:17,883] {dag.py:2398} INFO - Sync 1 DAGs
[2022-05-07 13:35:17,915] {logging_mixin.py:109} INFO - [2022-05-07 13:35:17,914] {dag.py:2937} INFO - Setting next_dagrun for example_short_circuit_operator to 2022-05-06T13:35:17.914437+00:00
[2022-05-07 13:35:17,933] {processor.py:171} INFO - Processing /home/airflow/.local/lib/python3.7/site-packages/airflow/example_dags/example_short_circuit_operator.py took 0.124 seconds
[2022-05-07 13:35:48,063] {processor.py:163} INFO - Started process (PID=385) to work on /home/airflow/.local/lib/python3.7/site-packages/airflow/example_dags/example_short_circuit_operator.py
[2022-05-07 13:35:48,071] {processor.py:642} INFO - Processing file /home/airflow/.local/lib/python3.7/site-packages/airflow/example_dags/example_short_circuit_operator.py for tasks to queue
[2022-05-07 13:35:48,075] {logging_mixin.py:109} INFO - [2022-05-07 13:35:48,075] {dagbag.py:500} INFO - Filling up the DagBag from /home/airflow/.local/lib/python3.7/site-packages/airflow/example_dags/example_short_circuit_operator.py
[2022-05-07 13:35:48,108] {processor.py:652} INFO - DAG(s) dict_keys(['example_short_circuit_operator']) retrieved from /home/airflow/.local/lib/python3.7/site-packages/airflow/example_dags/example_short_circuit_operator.py
[2022-05-07 13:35:48,148] {logging_mixin.py:109} INFO - [2022-05-07 13:35:48,147] {dag.py:2398} INFO - Sync 1 DAGs
[2022-05-07 13:35:48,194] {logging_mixin.py:109} INFO - [2022-05-07 13:35:48,193] {dag.py:2937} INFO - Setting next_dagrun for example_short_circuit_operator to 2022-05-06T13:35:48.193301+00:00
[2022-05-07 13:35:48,212] {processor.py:171} INFO - Processing /home/airflow/.local/lib/python3.7/site-packages/airflow/example_dags/example_short_circuit_operator.py took 0.157 seconds
[2022-05-07 13:36:18,648] {processor.py:163} INFO - Started process (PID=436) to work on /home/airflow/.local/lib/python3.7/site-packages/airflow/example_dags/example_short_circuit_operator.py
[2022-05-07 13:36:18,653] {processor.py:642} INFO - Processing file /home/airflow/.local/lib/python3.7/site-packages/airflow/example_dags/example_short_circuit_operator.py for tasks to queue
[2022-05-07 13:36:18,658] {logging_mixin.py:109} INFO - [2022-05-07 13:36:18,658] {dagbag.py:500} INFO - Filling up the DagBag from /home/airflow/.local/lib/python3.7/site-packages/airflow/example_dags/example_short_circuit_operator.py
[2022-05-07 13:36:18,705] {processor.py:652} INFO - DAG(s) dict_keys(['example_short_circuit_operator']) retrieved from /home/airflow/.local/lib/python3.7/site-packages/airflow/example_dags/example_short_circuit_operator.py
[2022-05-07 13:36:18,758] {logging_mixin.py:109} INFO - [2022-05-07 13:36:18,757] {dag.py:2398} INFO - Sync 1 DAGs
[2022-05-07 13:36:18,795] {logging_mixin.py:109} INFO - [2022-05-07 13:36:18,795] {dag.py:2937} INFO - Setting next_dagrun for example_short_circuit_operator to 2022-05-06T13:36:18.795331+00:00
[2022-05-07 13:36:18,811] {processor.py:171} INFO - Processing /home/airflow/.local/lib/python3.7/site-packages/airflow/example_dags/example_short_circuit_operator.py took 0.171 seconds
[2022-05-07 13:36:50,427] {processor.py:163} INFO - Started process (PID=488) to work on /home/airflow/.local/lib/python3.7/site-packages/airflow/example_dags/example_short_circuit_operator.py
[2022-05-07 13:36:50,435] {processor.py:642} INFO - Processing file /home/airflow/.local/lib/python3.7/site-packages/airflow/example_dags/example_short_circuit_operator.py for tasks to queue
[2022-05-07 13:36:50,442] {logging_mixin.py:109} INFO - [2022-05-07 13:36:50,440] {dagbag.py:500} INFO - Filling up the DagBag from /home/airflow/.local/lib/python3.7/site-packages/airflow/example_dags/example_short_circuit_operator.py
[2022-05-07 13:36:50,493] {processor.py:652} INFO - DAG(s) dict_keys(['example_short_circuit_operator']) retrieved from /home/airflow/.local/lib/python3.7/site-packages/airflow/example_dags/example_short_circuit_operator.py
[2022-05-07 13:36:50,555] {logging_mixin.py:109} INFO - [2022-05-07 13:36:50,554] {dag.py:2398} INFO - Sync 1 DAGs
[2022-05-07 13:36:50,596] {logging_mixin.py:109} INFO - [2022-05-07 13:36:50,595] {dag.py:2937} INFO - Setting next_dagrun for example_short_circuit_operator to 2022-05-06T13:36:50.595024+00:00
[2022-05-07 13:36:50,630] {processor.py:171} INFO - Processing /home/airflow/.local/lib/python3.7/site-packages/airflow/example_dags/example_short_circuit_operator.py took 0.209 seconds
[2022-05-07 13:37:21,350] {processor.py:163} INFO - Started process (PID=540) to work on /home/airflow/.local/lib/python3.7/site-packages/airflow/example_dags/example_short_circuit_operator.py
[2022-05-07 13:37:21,355] {processor.py:642} INFO - Processing file /home/airflow/.local/lib/python3.7/site-packages/airflow/example_dags/example_short_circuit_operator.py for tasks to queue
[2022-05-07 13:37:21,359] {logging_mixin.py:109} INFO - [2022-05-07 13:37:21,359] {dagbag.py:500} INFO - Filling up the DagBag from /home/airflow/.local/lib/python3.7/site-packages/airflow/example_dags/example_short_circuit_operator.py
[2022-05-07 13:37:21,388] {processor.py:652} INFO - DAG(s) dict_keys(['example_short_circuit_operator']) retrieved from /home/airflow/.local/lib/python3.7/site-packages/airflow/example_dags/example_short_circuit_operator.py
[2022-05-07 13:37:21,428] {logging_mixin.py:109} INFO - [2022-05-07 13:37:21,427] {dag.py:2398} INFO - Sync 1 DAGs
[2022-05-07 13:37:21,454] {logging_mixin.py:109} INFO - [2022-05-07 13:37:21,453] {dag.py:2937} INFO - Setting next_dagrun for example_short_circuit_operator to 2022-05-06T13:37:21.453544+00:00
[2022-05-07 13:37:21,470] {processor.py:171} INFO - Processing /home/airflow/.local/lib/python3.7/site-packages/airflow/example_dags/example_short_circuit_operator.py took 0.126 seconds
[2022-05-07 13:37:51,790] {processor.py:163} INFO - Started process (PID=594) to work on /home/airflow/.local/lib/python3.7/site-packages/airflow/example_dags/example_short_circuit_operator.py
[2022-05-07 13:37:51,793] {processor.py:642} INFO - Processing file /home/airflow/.local/lib/python3.7/site-packages/airflow/example_dags/example_short_circuit_operator.py for tasks to queue
[2022-05-07 13:37:51,795] {logging_mixin.py:109} INFO - [2022-05-07 13:37:51,795] {dagbag.py:500} INFO - Filling up the DagBag from /home/airflow/.local/lib/python3.7/site-packages/airflow/example_dags/example_short_circuit_operator.py
[2022-05-07 13:37:51,821] {processor.py:652} INFO - DAG(s) dict_keys(['example_short_circuit_operator']) retrieved from /home/airflow/.local/lib/python3.7/site-packages/airflow/example_dags/example_short_circuit_operator.py
[2022-05-07 13:37:51,858] {logging_mixin.py:109} INFO - [2022-05-07 13:37:51,858] {dag.py:2398} INFO - Sync 1 DAGs
[2022-05-07 13:37:51,885] {logging_mixin.py:109} INFO - [2022-05-07 13:37:51,885] {dag.py:2937} INFO - Setting next_dagrun for example_short_circuit_operator to 2022-05-06T13:37:51.884616+00:00
[2022-05-07 13:37:51,901] {processor.py:171} INFO - Processing /home/airflow/.local/lib/python3.7/site-packages/airflow/example_dags/example_short_circuit_operator.py took 0.117 seconds
[2022-05-07 13:38:23,234] {processor.py:163} INFO - Started process (PID=646) to work on /home/airflow/.local/lib/python3.7/site-packages/airflow/example_dags/example_short_circuit_operator.py
[2022-05-07 13:38:23,237] {processor.py:642} INFO - Processing file /home/airflow/.local/lib/python3.7/site-packages/airflow/example_dags/example_short_circuit_operator.py for tasks to queue
[2022-05-07 13:38:23,240] {logging_mixin.py:109} INFO - [2022-05-07 13:38:23,239] {dagbag.py:500} INFO - Filling up the DagBag from /home/airflow/.local/lib/python3.7/site-packages/airflow/example_dags/example_short_circuit_operator.py
[2022-05-07 13:38:23,277] {processor.py:652} INFO - DAG(s) dict_keys(['example_short_circuit_operator']) retrieved from /home/airflow/.local/lib/python3.7/site-packages/airflow/example_dags/example_short_circuit_operator.py
[2022-05-07 13:38:23,336] {logging_mixin.py:109} INFO - [2022-05-07 13:38:23,336] {dag.py:2398} INFO - Sync 1 DAGs
[2022-05-07 13:38:23,388] {logging_mixin.py:109} INFO - [2022-05-07 13:38:23,387] {dag.py:2937} INFO - Setting next_dagrun for example_short_circuit_operator to 2022-05-06T13:38:23.387340+00:00
[2022-05-07 13:38:23,417] {processor.py:171} INFO - Processing /home/airflow/.local/lib/python3.7/site-packages/airflow/example_dags/example_short_circuit_operator.py took 0.189 seconds
[2022-05-07 13:38:55,240] {processor.py:163} INFO - Started process (PID=698) to work on /home/airflow/.local/lib/python3.7/site-packages/airflow/example_dags/example_short_circuit_operator.py
[2022-05-07 13:38:55,244] {processor.py:642} INFO - Processing file /home/airflow/.local/lib/python3.7/site-packages/airflow/example_dags/example_short_circuit_operator.py for tasks to queue
[2022-05-07 13:38:55,246] {logging_mixin.py:109} INFO - [2022-05-07 13:38:55,246] {dagbag.py:500} INFO - Filling up the DagBag from /home/airflow/.local/lib/python3.7/site-packages/airflow/example_dags/example_short_circuit_operator.py
[2022-05-07 13:38:55,284] {processor.py:652} INFO - DAG(s) dict_keys(['example_short_circuit_operator']) retrieved from /home/airflow/.local/lib/python3.7/site-packages/airflow/example_dags/example_short_circuit_operator.py
[2022-05-07 13:38:55,351] {logging_mixin.py:109} INFO - [2022-05-07 13:38:55,351] {dag.py:2398} INFO - Sync 1 DAGs
[2022-05-07 13:38:55,391] {logging_mixin.py:109} INFO - [2022-05-07 13:38:55,391] {dag.py:2937} INFO - Setting next_dagrun for example_short_circuit_operator to 2022-05-06T13:38:55.390976+00:00
[2022-05-07 13:38:55,424] {processor.py:171} INFO - Processing /home/airflow/.local/lib/python3.7/site-packages/airflow/example_dags/example_short_circuit_operator.py took 0.192 seconds
[2022-05-07 13:39:25,728] {processor.py:163} INFO - Started process (PID=751) to work on /home/airflow/.local/lib/python3.7/site-packages/airflow/example_dags/example_short_circuit_operator.py
[2022-05-07 13:39:25,734] {processor.py:642} INFO - Processing file /home/airflow/.local/lib/python3.7/site-packages/airflow/example_dags/example_short_circuit_operator.py for tasks to queue
[2022-05-07 13:39:25,738] {logging_mixin.py:109} INFO - [2022-05-07 13:39:25,738] {dagbag.py:500} INFO - Filling up the DagBag from /home/airflow/.local/lib/python3.7/site-packages/airflow/example_dags/example_short_circuit_operator.py
[2022-05-07 13:39:25,777] {processor.py:652} INFO - DAG(s) dict_keys(['example_short_circuit_operator']) retrieved from /home/airflow/.local/lib/python3.7/site-packages/airflow/example_dags/example_short_circuit_operator.py
[2022-05-07 13:39:25,855] {logging_mixin.py:109} INFO - [2022-05-07 13:39:25,854] {dag.py:2398} INFO - Sync 1 DAGs
[2022-05-07 13:39:25,895] {logging_mixin.py:109} INFO - [2022-05-07 13:39:25,895] {dag.py:2937} INFO - Setting next_dagrun for example_short_circuit_operator to 2022-05-06T13:39:25.894142+00:00
[2022-05-07 13:39:25,922] {processor.py:171} INFO - Processing /home/airflow/.local/lib/python3.7/site-packages/airflow/example_dags/example_short_circuit_operator.py took 0.201 seconds
[2022-05-07 13:39:56,495] {processor.py:163} INFO - Started process (PID=812) to work on /home/airflow/.local/lib/python3.7/site-packages/airflow/example_dags/example_short_circuit_operator.py
[2022-05-07 13:39:56,517] {processor.py:642} INFO - Processing file /home/airflow/.local/lib/python3.7/site-packages/airflow/example_dags/example_short_circuit_operator.py for tasks to queue
[2022-05-07 13:39:56,538] {logging_mixin.py:109} INFO - [2022-05-07 13:39:56,538] {dagbag.py:500} INFO - Filling up the DagBag from /home/airflow/.local/lib/python3.7/site-packages/airflow/example_dags/example_short_circuit_operator.py
[2022-05-07 13:39:56,630] {processor.py:652} INFO - DAG(s) dict_keys(['example_short_circuit_operator']) retrieved from /home/airflow/.local/lib/python3.7/site-packages/airflow/example_dags/example_short_circuit_operator.py
[2022-05-07 13:39:56,713] {logging_mixin.py:109} INFO - [2022-05-07 13:39:56,712] {dag.py:2398} INFO - Sync 1 DAGs
[2022-05-07 13:39:56,754] {logging_mixin.py:109} INFO - [2022-05-07 13:39:56,754] {dag.py:2937} INFO - Setting next_dagrun for example_short_circuit_operator to 2022-05-06T13:39:56.753562+00:00
[2022-05-07 13:39:56,784] {processor.py:171} INFO - Processing /home/airflow/.local/lib/python3.7/site-packages/airflow/example_dags/example_short_circuit_operator.py took 0.300 seconds
[2022-05-07 13:40:27,792] {processor.py:163} INFO - Started process (PID=866) to work on /home/airflow/.local/lib/python3.7/site-packages/airflow/example_dags/example_short_circuit_operator.py
[2022-05-07 13:40:27,799] {processor.py:642} INFO - Processing file /home/airflow/.local/lib/python3.7/site-packages/airflow/example_dags/example_short_circuit_operator.py for tasks to queue
[2022-05-07 13:40:27,803] {logging_mixin.py:109} INFO - [2022-05-07 13:40:27,803] {dagbag.py:500} INFO - Filling up the DagBag from /home/airflow/.local/lib/python3.7/site-packages/airflow/example_dags/example_short_circuit_operator.py
[2022-05-07 13:40:27,841] {processor.py:652} INFO - DAG(s) dict_keys(['example_short_circuit_operator']) retrieved from /home/airflow/.local/lib/python3.7/site-packages/airflow/example_dags/example_short_circuit_operator.py
[2022-05-07 13:40:27,919] {logging_mixin.py:109} INFO - [2022-05-07 13:40:27,919] {dag.py:2398} INFO - Sync 1 DAGs
[2022-05-07 13:40:27,979] {logging_mixin.py:109} INFO - [2022-05-07 13:40:27,979] {dag.py:2937} INFO - Setting next_dagrun for example_short_circuit_operator to 2022-05-06T13:40:27.978086+00:00
[2022-05-07 13:40:28,021] {processor.py:171} INFO - Processing /home/airflow/.local/lib/python3.7/site-packages/airflow/example_dags/example_short_circuit_operator.py took 0.276 seconds
[2022-05-07 13:40:59,653] {processor.py:163} INFO - Started process (PID=919) to work on /home/airflow/.local/lib/python3.7/site-packages/airflow/example_dags/example_short_circuit_operator.py
[2022-05-07 13:40:59,660] {processor.py:642} INFO - Processing file /home/airflow/.local/lib/python3.7/site-packages/airflow/example_dags/example_short_circuit_operator.py for tasks to queue
[2022-05-07 13:40:59,664] {logging_mixin.py:109} INFO - [2022-05-07 13:40:59,664] {dagbag.py:500} INFO - Filling up the DagBag from /home/airflow/.local/lib/python3.7/site-packages/airflow/example_dags/example_short_circuit_operator.py
[2022-05-07 13:40:59,734] {processor.py:652} INFO - DAG(s) dict_keys(['example_short_circuit_operator']) retrieved from /home/airflow/.local/lib/python3.7/site-packages/airflow/example_dags/example_short_circuit_operator.py
[2022-05-07 13:40:59,832] {logging_mixin.py:109} INFO - [2022-05-07 13:40:59,832] {dag.py:2398} INFO - Sync 1 DAGs
[2022-05-07 13:40:59,890] {logging_mixin.py:109} INFO - [2022-05-07 13:40:59,889] {dag.py:2937} INFO - Setting next_dagrun for example_short_circuit_operator to 2022-05-06T13:40:59.889079+00:00
[2022-05-07 13:40:59,924] {processor.py:171} INFO - Processing /home/airflow/.local/lib/python3.7/site-packages/airflow/example_dags/example_short_circuit_operator.py took 0.285 seconds
[2022-05-07 13:41:31,033] {processor.py:163} INFO - Started process (PID=969) to work on /home/airflow/.local/lib/python3.7/site-packages/airflow/example_dags/example_short_circuit_operator.py
[2022-05-07 13:41:31,041] {processor.py:642} INFO - Processing file /home/airflow/.local/lib/python3.7/site-packages/airflow/example_dags/example_short_circuit_operator.py for tasks to queue
[2022-05-07 13:41:31,053] {logging_mixin.py:109} INFO - [2022-05-07 13:41:31,051] {dagbag.py:500} INFO - Filling up the DagBag from /home/airflow/.local/lib/python3.7/site-packages/airflow/example_dags/example_short_circuit_operator.py
[2022-05-07 13:41:31,111] {processor.py:652} INFO - DAG(s) dict_keys(['example_short_circuit_operator']) retrieved from /home/airflow/.local/lib/python3.7/site-packages/airflow/example_dags/example_short_circuit_operator.py
[2022-05-07 13:41:31,161] {logging_mixin.py:109} INFO - [2022-05-07 13:41:31,161] {dag.py:2398} INFO - Sync 1 DAGs
[2022-05-07 13:41:31,213] {logging_mixin.py:109} INFO - [2022-05-07 13:41:31,212] {dag.py:2937} INFO - Setting next_dagrun for example_short_circuit_operator to 2022-05-06T13:41:31.212563+00:00
[2022-05-07 13:41:31,240] {processor.py:171} INFO - Processing /home/airflow/.local/lib/python3.7/site-packages/airflow/example_dags/example_short_circuit_operator.py took 0.224 seconds
[2022-05-07 13:42:02,938] {processor.py:163} INFO - Started process (PID=1020) to work on /home/airflow/.local/lib/python3.7/site-packages/airflow/example_dags/example_short_circuit_operator.py
[2022-05-07 13:42:02,947] {processor.py:642} INFO - Processing file /home/airflow/.local/lib/python3.7/site-packages/airflow/example_dags/example_short_circuit_operator.py for tasks to queue
[2022-05-07 13:42:02,959] {logging_mixin.py:109} INFO - [2022-05-07 13:42:02,958] {dagbag.py:500} INFO - Filling up the DagBag from /home/airflow/.local/lib/python3.7/site-packages/airflow/example_dags/example_short_circuit_operator.py
[2022-05-07 13:42:03,005] {processor.py:652} INFO - DAG(s) dict_keys(['example_short_circuit_operator']) retrieved from /home/airflow/.local/lib/python3.7/site-packages/airflow/example_dags/example_short_circuit_operator.py
[2022-05-07 13:42:03,059] {logging_mixin.py:109} INFO - [2022-05-07 13:42:03,058] {dag.py:2398} INFO - Sync 1 DAGs
[2022-05-07 13:42:03,106] {logging_mixin.py:109} INFO - [2022-05-07 13:42:03,106] {dag.py:2937} INFO - Setting next_dagrun for example_short_circuit_operator to 2022-05-06T13:42:03.105933+00:00
[2022-05-07 13:42:03,140] {processor.py:171} INFO - Processing /home/airflow/.local/lib/python3.7/site-packages/airflow/example_dags/example_short_circuit_operator.py took 0.217 seconds
[2022-05-07 13:42:33,936] {processor.py:163} INFO - Started process (PID=1072) to work on /home/airflow/.local/lib/python3.7/site-packages/airflow/example_dags/example_short_circuit_operator.py
[2022-05-07 13:42:33,946] {processor.py:642} INFO - Processing file /home/airflow/.local/lib/python3.7/site-packages/airflow/example_dags/example_short_circuit_operator.py for tasks to queue
[2022-05-07 13:42:33,949] {logging_mixin.py:109} INFO - [2022-05-07 13:42:33,949] {dagbag.py:500} INFO - Filling up the DagBag from /home/airflow/.local/lib/python3.7/site-packages/airflow/example_dags/example_short_circuit_operator.py
[2022-05-07 13:42:33,990] {processor.py:652} INFO - DAG(s) dict_keys(['example_short_circuit_operator']) retrieved from /home/airflow/.local/lib/python3.7/site-packages/airflow/example_dags/example_short_circuit_operator.py
[2022-05-07 13:42:34,050] {logging_mixin.py:109} INFO - [2022-05-07 13:42:34,050] {dag.py:2398} INFO - Sync 1 DAGs
[2022-05-07 13:42:34,098] {logging_mixin.py:109} INFO - [2022-05-07 13:42:34,098] {dag.py:2937} INFO - Setting next_dagrun for example_short_circuit_operator to 2022-05-06T13:42:34.097455+00:00
[2022-05-07 13:42:34,133] {processor.py:171} INFO - Processing /home/airflow/.local/lib/python3.7/site-packages/airflow/example_dags/example_short_circuit_operator.py took 0.204 seconds
[2022-05-07 13:43:04,407] {processor.py:163} INFO - Started process (PID=1136) to work on /home/airflow/.local/lib/python3.7/site-packages/airflow/example_dags/example_short_circuit_operator.py
[2022-05-07 13:43:04,418] {processor.py:642} INFO - Processing file /home/airflow/.local/lib/python3.7/site-packages/airflow/example_dags/example_short_circuit_operator.py for tasks to queue
[2022-05-07 13:43:04,424] {logging_mixin.py:109} INFO - [2022-05-07 13:43:04,423] {dagbag.py:500} INFO - Filling up the DagBag from /home/airflow/.local/lib/python3.7/site-packages/airflow/example_dags/example_short_circuit_operator.py
[2022-05-07 13:43:04,470] {processor.py:652} INFO - DAG(s) dict_keys(['example_short_circuit_operator']) retrieved from /home/airflow/.local/lib/python3.7/site-packages/airflow/example_dags/example_short_circuit_operator.py
[2022-05-07 13:43:04,520] {logging_mixin.py:109} INFO - [2022-05-07 13:43:04,520] {dag.py:2398} INFO - Sync 1 DAGs
[2022-05-07 13:43:04,555] {logging_mixin.py:109} INFO - [2022-05-07 13:43:04,555] {dag.py:2937} INFO - Setting next_dagrun for example_short_circuit_operator to 2022-05-06T13:43:04.554742+00:00
[2022-05-07 13:43:04,581] {processor.py:171} INFO - Processing /home/airflow/.local/lib/python3.7/site-packages/airflow/example_dags/example_short_circuit_operator.py took 0.186 seconds
[2022-05-07 13:43:40,176] {processor.py:163} INFO - Started process (PID=1188) to work on /home/airflow/.local/lib/python3.7/site-packages/airflow/example_dags/example_short_circuit_operator.py
[2022-05-07 13:43:40,209] {processor.py:642} INFO - Processing file /home/airflow/.local/lib/python3.7/site-packages/airflow/example_dags/example_short_circuit_operator.py for tasks to queue
[2022-05-07 13:43:40,235] {logging_mixin.py:109} INFO - [2022-05-07 13:43:40,220] {dagbag.py:500} INFO - Filling up the DagBag from /home/airflow/.local/lib/python3.7/site-packages/airflow/example_dags/example_short_circuit_operator.py
[2022-05-07 13:43:40,356] {processor.py:652} INFO - DAG(s) dict_keys(['example_short_circuit_operator']) retrieved from /home/airflow/.local/lib/python3.7/site-packages/airflow/example_dags/example_short_circuit_operator.py
[2022-05-07 13:43:40,586] {logging_mixin.py:109} INFO - [2022-05-07 13:43:40,586] {dag.py:2398} INFO - Sync 1 DAGs
[2022-05-07 13:43:40,747] {logging_mixin.py:109} INFO - [2022-05-07 13:43:40,746] {dag.py:2937} INFO - Setting next_dagrun for example_short_circuit_operator to 2022-05-06T13:43:40.746155+00:00
[2022-05-07 13:43:40,881] {processor.py:171} INFO - Processing /home/airflow/.local/lib/python3.7/site-packages/airflow/example_dags/example_short_circuit_operator.py took 0.783 seconds
[2022-05-07 13:44:11,123] {processor.py:163} INFO - Started process (PID=1241) to work on /home/airflow/.local/lib/python3.7/site-packages/airflow/example_dags/example_short_circuit_operator.py
[2022-05-07 13:44:11,126] {processor.py:642} INFO - Processing file /home/airflow/.local/lib/python3.7/site-packages/airflow/example_dags/example_short_circuit_operator.py for tasks to queue
[2022-05-07 13:44:11,128] {logging_mixin.py:109} INFO - [2022-05-07 13:44:11,128] {dagbag.py:500} INFO - Filling up the DagBag from /home/airflow/.local/lib/python3.7/site-packages/airflow/example_dags/example_short_circuit_operator.py
[2022-05-07 13:44:11,171] {processor.py:652} INFO - DAG(s) dict_keys(['example_short_circuit_operator']) retrieved from /home/airflow/.local/lib/python3.7/site-packages/airflow/example_dags/example_short_circuit_operator.py
[2022-05-07 13:44:11,220] {logging_mixin.py:109} INFO - [2022-05-07 13:44:11,220] {dag.py:2398} INFO - Sync 1 DAGs
[2022-05-07 13:44:11,262] {logging_mixin.py:109} INFO - [2022-05-07 13:44:11,262] {dag.py:2937} INFO - Setting next_dagrun for example_short_circuit_operator to 2022-05-06T13:44:11.261500+00:00
[2022-05-07 13:44:11,290] {processor.py:171} INFO - Processing /home/airflow/.local/lib/python3.7/site-packages/airflow/example_dags/example_short_circuit_operator.py took 0.175 seconds
[2022-05-07 13:44:43,271] {processor.py:163} INFO - Started process (PID=1294) to work on /home/airflow/.local/lib/python3.7/site-packages/airflow/example_dags/example_short_circuit_operator.py
[2022-05-07 13:44:43,283] {processor.py:642} INFO - Processing file /home/airflow/.local/lib/python3.7/site-packages/airflow/example_dags/example_short_circuit_operator.py for tasks to queue
[2022-05-07 13:44:43,319] {logging_mixin.py:109} INFO - [2022-05-07 13:44:43,315] {dagbag.py:500} INFO - Filling up the DagBag from /home/airflow/.local/lib/python3.7/site-packages/airflow/example_dags/example_short_circuit_operator.py
[2022-05-07 13:44:43,376] {processor.py:652} INFO - DAG(s) dict_keys(['example_short_circuit_operator']) retrieved from /home/airflow/.local/lib/python3.7/site-packages/airflow/example_dags/example_short_circuit_operator.py
[2022-05-07 13:44:43,441] {logging_mixin.py:109} INFO - [2022-05-07 13:44:43,441] {dag.py:2398} INFO - Sync 1 DAGs
[2022-05-07 13:44:43,501] {logging_mixin.py:109} INFO - [2022-05-07 13:44:43,501] {dag.py:2937} INFO - Setting next_dagrun for example_short_circuit_operator to 2022-05-06T13:44:43.500476+00:00
[2022-05-07 13:44:43,555] {processor.py:171} INFO - Processing /home/airflow/.local/lib/python3.7/site-packages/airflow/example_dags/example_short_circuit_operator.py took 0.305 seconds
[2022-05-07 13:45:13,807] {processor.py:163} INFO - Started process (PID=1344) to work on /home/airflow/.local/lib/python3.7/site-packages/airflow/example_dags/example_short_circuit_operator.py
[2022-05-07 13:45:13,813] {processor.py:642} INFO - Processing file /home/airflow/.local/lib/python3.7/site-packages/airflow/example_dags/example_short_circuit_operator.py for tasks to queue
[2022-05-07 13:45:13,817] {logging_mixin.py:109} INFO - [2022-05-07 13:45:13,817] {dagbag.py:500} INFO - Filling up the DagBag from /home/airflow/.local/lib/python3.7/site-packages/airflow/example_dags/example_short_circuit_operator.py
[2022-05-07 13:45:13,855] {processor.py:652} INFO - DAG(s) dict_keys(['example_short_circuit_operator']) retrieved from /home/airflow/.local/lib/python3.7/site-packages/airflow/example_dags/example_short_circuit_operator.py
[2022-05-07 13:45:13,912] {logging_mixin.py:109} INFO - [2022-05-07 13:45:13,912] {dag.py:2398} INFO - Sync 1 DAGs
[2022-05-07 13:45:13,968] {logging_mixin.py:109} INFO - [2022-05-07 13:45:13,968] {dag.py:2937} INFO - Setting next_dagrun for example_short_circuit_operator to 2022-05-06T13:45:13.967905+00:00
[2022-05-07 13:45:14,002] {processor.py:171} INFO - Processing /home/airflow/.local/lib/python3.7/site-packages/airflow/example_dags/example_short_circuit_operator.py took 0.202 seconds
[2022-05-07 13:45:44,652] {processor.py:163} INFO - Started process (PID=1405) to work on /home/airflow/.local/lib/python3.7/site-packages/airflow/example_dags/example_short_circuit_operator.py
[2022-05-07 13:45:44,659] {processor.py:642} INFO - Processing file /home/airflow/.local/lib/python3.7/site-packages/airflow/example_dags/example_short_circuit_operator.py for tasks to queue
[2022-05-07 13:45:44,664] {logging_mixin.py:109} INFO - [2022-05-07 13:45:44,663] {dagbag.py:500} INFO - Filling up the DagBag from /home/airflow/.local/lib/python3.7/site-packages/airflow/example_dags/example_short_circuit_operator.py
[2022-05-07 13:45:44,708] {processor.py:652} INFO - DAG(s) dict_keys(['example_short_circuit_operator']) retrieved from /home/airflow/.local/lib/python3.7/site-packages/airflow/example_dags/example_short_circuit_operator.py
[2022-05-07 13:45:44,758] {logging_mixin.py:109} INFO - [2022-05-07 13:45:44,758] {dag.py:2398} INFO - Sync 1 DAGs
[2022-05-07 13:45:44,804] {logging_mixin.py:109} INFO - [2022-05-07 13:45:44,804] {dag.py:2937} INFO - Setting next_dagrun for example_short_circuit_operator to 2022-05-06T13:45:44.803666+00:00
[2022-05-07 13:45:44,825] {processor.py:171} INFO - Processing /home/airflow/.local/lib/python3.7/site-packages/airflow/example_dags/example_short_circuit_operator.py took 0.187 seconds
[2022-05-07 13:46:14,954] {processor.py:163} INFO - Started process (PID=1457) to work on /home/airflow/.local/lib/python3.7/site-packages/airflow/example_dags/example_short_circuit_operator.py
[2022-05-07 13:46:14,957] {processor.py:642} INFO - Processing file /home/airflow/.local/lib/python3.7/site-packages/airflow/example_dags/example_short_circuit_operator.py for tasks to queue
[2022-05-07 13:46:14,960] {logging_mixin.py:109} INFO - [2022-05-07 13:46:14,960] {dagbag.py:500} INFO - Filling up the DagBag from /home/airflow/.local/lib/python3.7/site-packages/airflow/example_dags/example_short_circuit_operator.py
[2022-05-07 13:46:14,994] {processor.py:652} INFO - DAG(s) dict_keys(['example_short_circuit_operator']) retrieved from /home/airflow/.local/lib/python3.7/site-packages/airflow/example_dags/example_short_circuit_operator.py
[2022-05-07 13:46:15,058] {logging_mixin.py:109} INFO - [2022-05-07 13:46:15,058] {dag.py:2398} INFO - Sync 1 DAGs
[2022-05-07 13:46:15,115] {logging_mixin.py:109} INFO - [2022-05-07 13:46:15,115] {dag.py:2937} INFO - Setting next_dagrun for example_short_circuit_operator to 2022-05-06T13:46:15.114539+00:00
[2022-05-07 13:46:15,146] {processor.py:171} INFO - Processing /home/airflow/.local/lib/python3.7/site-packages/airflow/example_dags/example_short_circuit_operator.py took 0.199 seconds
[2022-05-07 13:46:45,314] {processor.py:163} INFO - Started process (PID=1510) to work on /home/airflow/.local/lib/python3.7/site-packages/airflow/example_dags/example_short_circuit_operator.py
[2022-05-07 13:46:45,322] {processor.py:642} INFO - Processing file /home/airflow/.local/lib/python3.7/site-packages/airflow/example_dags/example_short_circuit_operator.py for tasks to queue
[2022-05-07 13:46:45,324] {logging_mixin.py:109} INFO - [2022-05-07 13:46:45,324] {dagbag.py:500} INFO - Filling up the DagBag from /home/airflow/.local/lib/python3.7/site-packages/airflow/example_dags/example_short_circuit_operator.py
[2022-05-07 13:46:45,354] {processor.py:652} INFO - DAG(s) dict_keys(['example_short_circuit_operator']) retrieved from /home/airflow/.local/lib/python3.7/site-packages/airflow/example_dags/example_short_circuit_operator.py
[2022-05-07 13:46:45,406] {logging_mixin.py:109} INFO - [2022-05-07 13:46:45,405] {dag.py:2398} INFO - Sync 1 DAGs
[2022-05-07 13:46:45,453] {logging_mixin.py:109} INFO - [2022-05-07 13:46:45,453] {dag.py:2937} INFO - Setting next_dagrun for example_short_circuit_operator to 2022-05-06T13:46:45.451808+00:00
[2022-05-07 13:46:45,483] {processor.py:171} INFO - Processing /home/airflow/.local/lib/python3.7/site-packages/airflow/example_dags/example_short_circuit_operator.py took 0.175 seconds
[2022-05-07 13:47:15,978] {processor.py:163} INFO - Started process (PID=1563) to work on /home/airflow/.local/lib/python3.7/site-packages/airflow/example_dags/example_short_circuit_operator.py
[2022-05-07 13:47:15,990] {processor.py:642} INFO - Processing file /home/airflow/.local/lib/python3.7/site-packages/airflow/example_dags/example_short_circuit_operator.py for tasks to queue
[2022-05-07 13:47:16,001] {logging_mixin.py:109} INFO - [2022-05-07 13:47:15,999] {dagbag.py:500} INFO - Filling up the DagBag from /home/airflow/.local/lib/python3.7/site-packages/airflow/example_dags/example_short_circuit_operator.py
[2022-05-07 13:47:16,103] {processor.py:652} INFO - DAG(s) dict_keys(['example_short_circuit_operator']) retrieved from /home/airflow/.local/lib/python3.7/site-packages/airflow/example_dags/example_short_circuit_operator.py
[2022-05-07 13:47:16,379] {logging_mixin.py:109} INFO - [2022-05-07 13:47:16,378] {dag.py:2398} INFO - Sync 1 DAGs
[2022-05-07 13:47:16,539] {logging_mixin.py:109} INFO - [2022-05-07 13:47:16,538] {dag.py:2937} INFO - Setting next_dagrun for example_short_circuit_operator to 2022-05-06T13:47:16.536288+00:00
[2022-05-07 13:47:16,614] {processor.py:171} INFO - Processing /home/airflow/.local/lib/python3.7/site-packages/airflow/example_dags/example_short_circuit_operator.py took 0.656 seconds
[2022-05-07 13:49:30,433] {processor.py:163} INFO - Started process (PID=1674) to work on /home/airflow/.local/lib/python3.7/site-packages/airflow/example_dags/example_short_circuit_operator.py
[2022-05-07 13:49:30,449] {processor.py:642} INFO - Processing file /home/airflow/.local/lib/python3.7/site-packages/airflow/example_dags/example_short_circuit_operator.py for tasks to queue
[2022-05-07 13:49:30,458] {logging_mixin.py:109} INFO - [2022-05-07 13:49:30,458] {dagbag.py:500} INFO - Filling up the DagBag from /home/airflow/.local/lib/python3.7/site-packages/airflow/example_dags/example_short_circuit_operator.py
[2022-05-07 13:49:30,583] {processor.py:652} INFO - DAG(s) dict_keys(['example_short_circuit_operator']) retrieved from /home/airflow/.local/lib/python3.7/site-packages/airflow/example_dags/example_short_circuit_operator.py
[2022-05-07 13:49:30,677] {logging_mixin.py:109} INFO - [2022-05-07 13:49:30,677] {dag.py:2398} INFO - Sync 1 DAGs
[2022-05-07 13:49:30,754] {logging_mixin.py:109} INFO - [2022-05-07 13:49:30,754] {dag.py:2937} INFO - Setting next_dagrun for example_short_circuit_operator to 2022-05-06T13:49:30.753803+00:00
[2022-05-07 13:49:30,818] {processor.py:171} INFO - Processing /home/airflow/.local/lib/python3.7/site-packages/airflow/example_dags/example_short_circuit_operator.py took 0.393 seconds
[2022-05-07 13:50:01,083] {processor.py:163} INFO - Started process (PID=1730) to work on /home/airflow/.local/lib/python3.7/site-packages/airflow/example_dags/example_short_circuit_operator.py
[2022-05-07 13:50:01,088] {processor.py:642} INFO - Processing file /home/airflow/.local/lib/python3.7/site-packages/airflow/example_dags/example_short_circuit_operator.py for tasks to queue
[2022-05-07 13:50:01,091] {logging_mixin.py:109} INFO - [2022-05-07 13:50:01,091] {dagbag.py:500} INFO - Filling up the DagBag from /home/airflow/.local/lib/python3.7/site-packages/airflow/example_dags/example_short_circuit_operator.py
[2022-05-07 13:50:01,117] {processor.py:652} INFO - DAG(s) dict_keys(['example_short_circuit_operator']) retrieved from /home/airflow/.local/lib/python3.7/site-packages/airflow/example_dags/example_short_circuit_operator.py
[2022-05-07 13:50:01,159] {logging_mixin.py:109} INFO - [2022-05-07 13:50:01,159] {dag.py:2398} INFO - Sync 1 DAGs
[2022-05-07 13:50:01,189] {logging_mixin.py:109} INFO - [2022-05-07 13:50:01,189] {dag.py:2937} INFO - Setting next_dagrun for example_short_circuit_operator to 2022-05-06T13:50:01.189291+00:00
[2022-05-07 13:50:01,208] {processor.py:171} INFO - Processing /home/airflow/.local/lib/python3.7/site-packages/airflow/example_dags/example_short_circuit_operator.py took 0.133 seconds
[2022-05-07 13:50:31,793] {processor.py:163} INFO - Started process (PID=1783) to work on /home/airflow/.local/lib/python3.7/site-packages/airflow/example_dags/example_short_circuit_operator.py
[2022-05-07 13:50:31,800] {processor.py:642} INFO - Processing file /home/airflow/.local/lib/python3.7/site-packages/airflow/example_dags/example_short_circuit_operator.py for tasks to queue
[2022-05-07 13:50:31,807] {logging_mixin.py:109} INFO - [2022-05-07 13:50:31,806] {dagbag.py:500} INFO - Filling up the DagBag from /home/airflow/.local/lib/python3.7/site-packages/airflow/example_dags/example_short_circuit_operator.py
[2022-05-07 13:50:31,846] {processor.py:652} INFO - DAG(s) dict_keys(['example_short_circuit_operator']) retrieved from /home/airflow/.local/lib/python3.7/site-packages/airflow/example_dags/example_short_circuit_operator.py
[2022-05-07 13:50:31,898] {logging_mixin.py:109} INFO - [2022-05-07 13:50:31,898] {dag.py:2398} INFO - Sync 1 DAGs
[2022-05-07 13:50:31,931] {logging_mixin.py:109} INFO - [2022-05-07 13:50:31,931] {dag.py:2937} INFO - Setting next_dagrun for example_short_circuit_operator to 2022-05-06T13:50:31.930235+00:00
[2022-05-07 13:50:31,955] {processor.py:171} INFO - Processing /home/airflow/.local/lib/python3.7/site-packages/airflow/example_dags/example_short_circuit_operator.py took 0.173 seconds
[2022-05-07 13:51:02,727] {processor.py:163} INFO - Started process (PID=1839) to work on /home/airflow/.local/lib/python3.7/site-packages/airflow/example_dags/example_short_circuit_operator.py
[2022-05-07 13:51:02,731] {processor.py:642} INFO - Processing file /home/airflow/.local/lib/python3.7/site-packages/airflow/example_dags/example_short_circuit_operator.py for tasks to queue
[2022-05-07 13:51:02,735] {logging_mixin.py:109} INFO - [2022-05-07 13:51:02,735] {dagbag.py:500} INFO - Filling up the DagBag from /home/airflow/.local/lib/python3.7/site-packages/airflow/example_dags/example_short_circuit_operator.py
[2022-05-07 13:51:02,781] {processor.py:652} INFO - DAG(s) dict_keys(['example_short_circuit_operator']) retrieved from /home/airflow/.local/lib/python3.7/site-packages/airflow/example_dags/example_short_circuit_operator.py
[2022-05-07 13:51:02,843] {logging_mixin.py:109} INFO - [2022-05-07 13:51:02,843] {dag.py:2398} INFO - Sync 1 DAGs
[2022-05-07 13:51:02,887] {logging_mixin.py:109} INFO - [2022-05-07 13:51:02,886] {dag.py:2937} INFO - Setting next_dagrun for example_short_circuit_operator to 2022-05-06T13:51:02.885665+00:00
[2022-05-07 13:51:02,926] {processor.py:171} INFO - Processing /home/airflow/.local/lib/python3.7/site-packages/airflow/example_dags/example_short_circuit_operator.py took 0.204 seconds
[2022-05-07 13:51:33,603] {processor.py:163} INFO - Started process (PID=1901) to work on /home/airflow/.local/lib/python3.7/site-packages/airflow/example_dags/example_short_circuit_operator.py
[2022-05-07 13:51:33,607] {processor.py:642} INFO - Processing file /home/airflow/.local/lib/python3.7/site-packages/airflow/example_dags/example_short_circuit_operator.py for tasks to queue
[2022-05-07 13:51:33,612] {logging_mixin.py:109} INFO - [2022-05-07 13:51:33,611] {dagbag.py:500} INFO - Filling up the DagBag from /home/airflow/.local/lib/python3.7/site-packages/airflow/example_dags/example_short_circuit_operator.py
[2022-05-07 13:51:33,667] {processor.py:652} INFO - DAG(s) dict_keys(['example_short_circuit_operator']) retrieved from /home/airflow/.local/lib/python3.7/site-packages/airflow/example_dags/example_short_circuit_operator.py
[2022-05-07 13:51:33,743] {logging_mixin.py:109} INFO - [2022-05-07 13:51:33,743] {dag.py:2398} INFO - Sync 1 DAGs
[2022-05-07 13:51:33,794] {logging_mixin.py:109} INFO - [2022-05-07 13:51:33,794] {dag.py:2937} INFO - Setting next_dagrun for example_short_circuit_operator to 2022-05-06T13:51:33.793541+00:00
[2022-05-07 13:51:33,895] {processor.py:171} INFO - Processing /home/airflow/.local/lib/python3.7/site-packages/airflow/example_dags/example_short_circuit_operator.py took 0.301 seconds
[2022-05-07 13:52:04,046] {processor.py:163} INFO - Started process (PID=1954) to work on /home/airflow/.local/lib/python3.7/site-packages/airflow/example_dags/example_short_circuit_operator.py
[2022-05-07 13:52:04,049] {processor.py:642} INFO - Processing file /home/airflow/.local/lib/python3.7/site-packages/airflow/example_dags/example_short_circuit_operator.py for tasks to queue
[2022-05-07 13:52:04,052] {logging_mixin.py:109} INFO - [2022-05-07 13:52:04,052] {dagbag.py:500} INFO - Filling up the DagBag from /home/airflow/.local/lib/python3.7/site-packages/airflow/example_dags/example_short_circuit_operator.py
[2022-05-07 13:52:04,078] {processor.py:652} INFO - DAG(s) dict_keys(['example_short_circuit_operator']) retrieved from /home/airflow/.local/lib/python3.7/site-packages/airflow/example_dags/example_short_circuit_operator.py
[2022-05-07 13:52:04,119] {logging_mixin.py:109} INFO - [2022-05-07 13:52:04,119] {dag.py:2398} INFO - Sync 1 DAGs
[2022-05-07 13:52:04,155] {logging_mixin.py:109} INFO - [2022-05-07 13:52:04,154] {dag.py:2937} INFO - Setting next_dagrun for example_short_circuit_operator to 2022-05-06T13:52:04.149176+00:00
[2022-05-07 13:52:04,178] {processor.py:171} INFO - Processing /home/airflow/.local/lib/python3.7/site-packages/airflow/example_dags/example_short_circuit_operator.py took 0.137 seconds
[2022-05-07 13:52:34,365] {processor.py:163} INFO - Started process (PID=2010) to work on /home/airflow/.local/lib/python3.7/site-packages/airflow/example_dags/example_short_circuit_operator.py
[2022-05-07 13:52:34,368] {processor.py:642} INFO - Processing file /home/airflow/.local/lib/python3.7/site-packages/airflow/example_dags/example_short_circuit_operator.py for tasks to queue
[2022-05-07 13:52:34,371] {logging_mixin.py:109} INFO - [2022-05-07 13:52:34,371] {dagbag.py:500} INFO - Filling up the DagBag from /home/airflow/.local/lib/python3.7/site-packages/airflow/example_dags/example_short_circuit_operator.py
[2022-05-07 13:52:34,398] {processor.py:652} INFO - DAG(s) dict_keys(['example_short_circuit_operator']) retrieved from /home/airflow/.local/lib/python3.7/site-packages/airflow/example_dags/example_short_circuit_operator.py
[2022-05-07 13:52:34,433] {logging_mixin.py:109} INFO - [2022-05-07 13:52:34,433] {dag.py:2398} INFO - Sync 1 DAGs
[2022-05-07 13:52:34,458] {logging_mixin.py:109} INFO - [2022-05-07 13:52:34,458] {dag.py:2937} INFO - Setting next_dagrun for example_short_circuit_operator to 2022-05-06T13:52:34.458447+00:00
[2022-05-07 13:52:34,480] {processor.py:171} INFO - Processing /home/airflow/.local/lib/python3.7/site-packages/airflow/example_dags/example_short_circuit_operator.py took 0.120 seconds
[2022-05-07 13:53:04,668] {processor.py:163} INFO - Started process (PID=2065) to work on /home/airflow/.local/lib/python3.7/site-packages/airflow/example_dags/example_short_circuit_operator.py
[2022-05-07 13:53:04,672] {processor.py:642} INFO - Processing file /home/airflow/.local/lib/python3.7/site-packages/airflow/example_dags/example_short_circuit_operator.py for tasks to queue
[2022-05-07 13:53:04,675] {logging_mixin.py:109} INFO - [2022-05-07 13:53:04,675] {dagbag.py:500} INFO - Filling up the DagBag from /home/airflow/.local/lib/python3.7/site-packages/airflow/example_dags/example_short_circuit_operator.py
[2022-05-07 13:53:04,705] {processor.py:652} INFO - DAG(s) dict_keys(['example_short_circuit_operator']) retrieved from /home/airflow/.local/lib/python3.7/site-packages/airflow/example_dags/example_short_circuit_operator.py
[2022-05-07 13:53:04,747] {logging_mixin.py:109} INFO - [2022-05-07 13:53:04,746] {dag.py:2398} INFO - Sync 1 DAGs
[2022-05-07 13:53:04,773] {logging_mixin.py:109} INFO - [2022-05-07 13:53:04,772] {dag.py:2937} INFO - Setting next_dagrun for example_short_circuit_operator to 2022-05-06T13:53:04.771938+00:00
[2022-05-07 13:53:04,795] {processor.py:171} INFO - Processing /home/airflow/.local/lib/python3.7/site-packages/airflow/example_dags/example_short_circuit_operator.py took 0.133 seconds
[2022-05-07 13:53:35,726] {processor.py:163} INFO - Started process (PID=2131) to work on /home/airflow/.local/lib/python3.7/site-packages/airflow/example_dags/example_short_circuit_operator.py
[2022-05-07 13:53:35,730] {processor.py:642} INFO - Processing file /home/airflow/.local/lib/python3.7/site-packages/airflow/example_dags/example_short_circuit_operator.py for tasks to queue
[2022-05-07 13:53:35,732] {logging_mixin.py:109} INFO - [2022-05-07 13:53:35,732] {dagbag.py:500} INFO - Filling up the DagBag from /home/airflow/.local/lib/python3.7/site-packages/airflow/example_dags/example_short_circuit_operator.py
[2022-05-07 13:53:35,774] {processor.py:652} INFO - DAG(s) dict_keys(['example_short_circuit_operator']) retrieved from /home/airflow/.local/lib/python3.7/site-packages/airflow/example_dags/example_short_circuit_operator.py
[2022-05-07 13:53:35,834] {logging_mixin.py:109} INFO - [2022-05-07 13:53:35,833] {dag.py:2398} INFO - Sync 1 DAGs
[2022-05-07 13:53:35,860] {logging_mixin.py:109} INFO - [2022-05-07 13:53:35,860] {dag.py:2937} INFO - Setting next_dagrun for example_short_circuit_operator to 2022-05-06T13:53:35.859755+00:00
[2022-05-07 13:53:35,880] {processor.py:171} INFO - Processing /home/airflow/.local/lib/python3.7/site-packages/airflow/example_dags/example_short_circuit_operator.py took 0.159 seconds
[2022-05-07 13:54:06,077] {processor.py:163} INFO - Started process (PID=2184) to work on /home/airflow/.local/lib/python3.7/site-packages/airflow/example_dags/example_short_circuit_operator.py
[2022-05-07 13:54:06,081] {processor.py:642} INFO - Processing file /home/airflow/.local/lib/python3.7/site-packages/airflow/example_dags/example_short_circuit_operator.py for tasks to queue
[2022-05-07 13:54:06,083] {logging_mixin.py:109} INFO - [2022-05-07 13:54:06,083] {dagbag.py:500} INFO - Filling up the DagBag from /home/airflow/.local/lib/python3.7/site-packages/airflow/example_dags/example_short_circuit_operator.py
[2022-05-07 13:54:06,112] {processor.py:652} INFO - DAG(s) dict_keys(['example_short_circuit_operator']) retrieved from /home/airflow/.local/lib/python3.7/site-packages/airflow/example_dags/example_short_circuit_operator.py
[2022-05-07 13:54:06,177] {logging_mixin.py:109} INFO - [2022-05-07 13:54:06,177] {dag.py:2398} INFO - Sync 1 DAGs
[2022-05-07 13:54:06,207] {logging_mixin.py:109} INFO - [2022-05-07 13:54:06,207] {dag.py:2937} INFO - Setting next_dagrun for example_short_circuit_operator to 2022-05-06T13:54:06.207202+00:00
[2022-05-07 13:54:06,228] {processor.py:171} INFO - Processing /home/airflow/.local/lib/python3.7/site-packages/airflow/example_dags/example_short_circuit_operator.py took 0.157 seconds
[2022-05-07 13:54:36,318] {processor.py:163} INFO - Started process (PID=2236) to work on /home/airflow/.local/lib/python3.7/site-packages/airflow/example_dags/example_short_circuit_operator.py
[2022-05-07 13:54:36,322] {processor.py:642} INFO - Processing file /home/airflow/.local/lib/python3.7/site-packages/airflow/example_dags/example_short_circuit_operator.py for tasks to queue
[2022-05-07 13:54:36,324] {logging_mixin.py:109} INFO - [2022-05-07 13:54:36,324] {dagbag.py:500} INFO - Filling up the DagBag from /home/airflow/.local/lib/python3.7/site-packages/airflow/example_dags/example_short_circuit_operator.py
[2022-05-07 13:54:36,354] {processor.py:652} INFO - DAG(s) dict_keys(['example_short_circuit_operator']) retrieved from /home/airflow/.local/lib/python3.7/site-packages/airflow/example_dags/example_short_circuit_operator.py
[2022-05-07 13:54:36,392] {logging_mixin.py:109} INFO - [2022-05-07 13:54:36,392] {dag.py:2398} INFO - Sync 1 DAGs
[2022-05-07 13:54:36,418] {logging_mixin.py:109} INFO - [2022-05-07 13:54:36,418] {dag.py:2937} INFO - Setting next_dagrun for example_short_circuit_operator to 2022-05-06T13:54:36.418324+00:00
[2022-05-07 13:54:36,436] {processor.py:171} INFO - Processing /home/airflow/.local/lib/python3.7/site-packages/airflow/example_dags/example_short_circuit_operator.py took 0.124 seconds
[2022-05-07 13:55:06,923] {processor.py:163} INFO - Started process (PID=2289) to work on /home/airflow/.local/lib/python3.7/site-packages/airflow/example_dags/example_short_circuit_operator.py
[2022-05-07 13:55:06,926] {processor.py:642} INFO - Processing file /home/airflow/.local/lib/python3.7/site-packages/airflow/example_dags/example_short_circuit_operator.py for tasks to queue
[2022-05-07 13:55:06,928] {logging_mixin.py:109} INFO - [2022-05-07 13:55:06,928] {dagbag.py:500} INFO - Filling up the DagBag from /home/airflow/.local/lib/python3.7/site-packages/airflow/example_dags/example_short_circuit_operator.py
[2022-05-07 13:55:06,955] {processor.py:652} INFO - DAG(s) dict_keys(['example_short_circuit_operator']) retrieved from /home/airflow/.local/lib/python3.7/site-packages/airflow/example_dags/example_short_circuit_operator.py
[2022-05-07 13:55:06,997] {logging_mixin.py:109} INFO - [2022-05-07 13:55:06,997] {dag.py:2398} INFO - Sync 1 DAGs
[2022-05-07 13:55:07,025] {logging_mixin.py:109} INFO - [2022-05-07 13:55:07,025] {dag.py:2937} INFO - Setting next_dagrun for example_short_circuit_operator to 2022-05-06T13:55:07.025027+00:00
[2022-05-07 13:55:07,046] {processor.py:171} INFO - Processing /home/airflow/.local/lib/python3.7/site-packages/airflow/example_dags/example_short_circuit_operator.py took 0.129 seconds
[2022-05-07 13:55:37,156] {processor.py:163} INFO - Started process (PID=2352) to work on /home/airflow/.local/lib/python3.7/site-packages/airflow/example_dags/example_short_circuit_operator.py
[2022-05-07 13:55:37,159] {processor.py:642} INFO - Processing file /home/airflow/.local/lib/python3.7/site-packages/airflow/example_dags/example_short_circuit_operator.py for tasks to queue
[2022-05-07 13:55:37,161] {logging_mixin.py:109} INFO - [2022-05-07 13:55:37,161] {dagbag.py:500} INFO - Filling up the DagBag from /home/airflow/.local/lib/python3.7/site-packages/airflow/example_dags/example_short_circuit_operator.py
[2022-05-07 13:55:37,188] {processor.py:652} INFO - DAG(s) dict_keys(['example_short_circuit_operator']) retrieved from /home/airflow/.local/lib/python3.7/site-packages/airflow/example_dags/example_short_circuit_operator.py
[2022-05-07 13:55:37,229] {logging_mixin.py:109} INFO - [2022-05-07 13:55:37,229] {dag.py:2398} INFO - Sync 1 DAGs
[2022-05-07 13:55:37,263] {logging_mixin.py:109} INFO - [2022-05-07 13:55:37,263] {dag.py:2937} INFO - Setting next_dagrun for example_short_circuit_operator to 2022-05-06T13:55:37.263109+00:00
[2022-05-07 13:55:37,283] {processor.py:171} INFO - Processing /home/airflow/.local/lib/python3.7/site-packages/airflow/example_dags/example_short_circuit_operator.py took 0.140 seconds
[2022-05-07 13:56:07,365] {processor.py:163} INFO - Started process (PID=2402) to work on /home/airflow/.local/lib/python3.7/site-packages/airflow/example_dags/example_short_circuit_operator.py
[2022-05-07 13:56:07,367] {processor.py:642} INFO - Processing file /home/airflow/.local/lib/python3.7/site-packages/airflow/example_dags/example_short_circuit_operator.py for tasks to queue
[2022-05-07 13:56:07,369] {logging_mixin.py:109} INFO - [2022-05-07 13:56:07,369] {dagbag.py:500} INFO - Filling up the DagBag from /home/airflow/.local/lib/python3.7/site-packages/airflow/example_dags/example_short_circuit_operator.py
[2022-05-07 13:56:07,400] {processor.py:652} INFO - DAG(s) dict_keys(['example_short_circuit_operator']) retrieved from /home/airflow/.local/lib/python3.7/site-packages/airflow/example_dags/example_short_circuit_operator.py
[2022-05-07 13:56:07,437] {logging_mixin.py:109} INFO - [2022-05-07 13:56:07,437] {dag.py:2398} INFO - Sync 1 DAGs
[2022-05-07 13:56:07,461] {logging_mixin.py:109} INFO - [2022-05-07 13:56:07,461] {dag.py:2937} INFO - Setting next_dagrun for example_short_circuit_operator to 2022-05-06T13:56:07.460653+00:00
[2022-05-07 13:56:07,478] {processor.py:171} INFO - Processing /home/airflow/.local/lib/python3.7/site-packages/airflow/example_dags/example_short_circuit_operator.py took 0.118 seconds
[2022-05-07 13:56:37,965] {processor.py:163} INFO - Started process (PID=2454) to work on /home/airflow/.local/lib/python3.7/site-packages/airflow/example_dags/example_short_circuit_operator.py
[2022-05-07 13:56:37,968] {processor.py:642} INFO - Processing file /home/airflow/.local/lib/python3.7/site-packages/airflow/example_dags/example_short_circuit_operator.py for tasks to queue
[2022-05-07 13:56:37,970] {logging_mixin.py:109} INFO - [2022-05-07 13:56:37,970] {dagbag.py:500} INFO - Filling up the DagBag from /home/airflow/.local/lib/python3.7/site-packages/airflow/example_dags/example_short_circuit_operator.py
[2022-05-07 13:56:37,994] {processor.py:652} INFO - DAG(s) dict_keys(['example_short_circuit_operator']) retrieved from /home/airflow/.local/lib/python3.7/site-packages/airflow/example_dags/example_short_circuit_operator.py
[2022-05-07 13:56:38,030] {logging_mixin.py:109} INFO - [2022-05-07 13:56:38,030] {dag.py:2398} INFO - Sync 1 DAGs
[2022-05-07 13:56:38,055] {logging_mixin.py:109} INFO - [2022-05-07 13:56:38,055] {dag.py:2937} INFO - Setting next_dagrun for example_short_circuit_operator to 2022-05-06T13:56:38.055237+00:00
[2022-05-07 13:56:38,077] {processor.py:171} INFO - Processing /home/airflow/.local/lib/python3.7/site-packages/airflow/example_dags/example_short_circuit_operator.py took 0.118 seconds
[2022-05-07 13:57:09,516] {processor.py:163} INFO - Started process (PID=2507) to work on /home/airflow/.local/lib/python3.7/site-packages/airflow/example_dags/example_short_circuit_operator.py
[2022-05-07 13:57:09,522] {processor.py:642} INFO - Processing file /home/airflow/.local/lib/python3.7/site-packages/airflow/example_dags/example_short_circuit_operator.py for tasks to queue
[2022-05-07 13:57:09,525] {logging_mixin.py:109} INFO - [2022-05-07 13:57:09,525] {dagbag.py:500} INFO - Filling up the DagBag from /home/airflow/.local/lib/python3.7/site-packages/airflow/example_dags/example_short_circuit_operator.py
[2022-05-07 13:57:09,606] {processor.py:652} INFO - DAG(s) dict_keys(['example_short_circuit_operator']) retrieved from /home/airflow/.local/lib/python3.7/site-packages/airflow/example_dags/example_short_circuit_operator.py
[2022-05-07 13:57:09,699] {logging_mixin.py:109} INFO - [2022-05-07 13:57:09,699] {dag.py:2398} INFO - Sync 1 DAGs
[2022-05-07 13:57:09,776] {logging_mixin.py:109} INFO - [2022-05-07 13:57:09,776] {dag.py:2937} INFO - Setting next_dagrun for example_short_circuit_operator to 2022-05-06T13:57:09.776187+00:00
[2022-05-07 13:57:09,825] {processor.py:171} INFO - Processing /home/airflow/.local/lib/python3.7/site-packages/airflow/example_dags/example_short_circuit_operator.py took 0.322 seconds
