[2022-05-07 13:34:10,548] {processor.py:163} INFO - Started process (PID=175) to work on /home/airflow/.local/lib/python3.7/site-packages/airflow/example_dags/example_skip_dag.py
[2022-05-07 13:34:10,552] {processor.py:642} INFO - Processing file /home/airflow/.local/lib/python3.7/site-packages/airflow/example_dags/example_skip_dag.py for tasks to queue
[2022-05-07 13:34:10,554] {logging_mixin.py:109} INFO - [2022-05-07 13:34:10,553] {dagbag.py:500} INFO - Filling up the DagBag from /home/airflow/.local/lib/python3.7/site-packages/airflow/example_dags/example_skip_dag.py
[2022-05-07 13:34:10,584] {processor.py:652} INFO - DAG(s) dict_keys(['example_skip_dag']) retrieved from /home/airflow/.local/lib/python3.7/site-packages/airflow/example_dags/example_skip_dag.py
[2022-05-07 13:34:13,026] {logging_mixin.py:109} INFO - [2022-05-07 13:34:13,025] {manager.py:496} INFO - Created Permission View: can edit on DAG:example_skip_dag
[2022-05-07 13:34:13,041] {logging_mixin.py:109} INFO - [2022-05-07 13:34:13,041] {manager.py:496} INFO - Created Permission View: can read on DAG:example_skip_dag
[2022-05-07 13:34:13,043] {logging_mixin.py:109} INFO - [2022-05-07 13:34:13,042] {dag.py:2398} INFO - Sync 1 DAGs
[2022-05-07 13:34:13,054] {logging_mixin.py:109} INFO - [2022-05-07 13:34:13,054] {dag.py:2417} INFO - Creating ORM DAG for example_skip_dag
[2022-05-07 13:34:13,065] {logging_mixin.py:109} INFO - [2022-05-07 13:34:13,065] {dag.py:2937} INFO - Setting next_dagrun for example_skip_dag to 2022-05-06T13:34:13.065457+00:00
[2022-05-07 13:34:13,088] {processor.py:171} INFO - Processing /home/airflow/.local/lib/python3.7/site-packages/airflow/example_dags/example_skip_dag.py took 2.546 seconds
[2022-05-07 13:34:43,963] {processor.py:163} INFO - Started process (PID=269) to work on /home/airflow/.local/lib/python3.7/site-packages/airflow/example_dags/example_skip_dag.py
[2022-05-07 13:34:43,969] {processor.py:642} INFO - Processing file /home/airflow/.local/lib/python3.7/site-packages/airflow/example_dags/example_skip_dag.py for tasks to queue
[2022-05-07 13:34:43,971] {logging_mixin.py:109} INFO - [2022-05-07 13:34:43,971] {dagbag.py:500} INFO - Filling up the DagBag from /home/airflow/.local/lib/python3.7/site-packages/airflow/example_dags/example_skip_dag.py
[2022-05-07 13:34:43,999] {processor.py:652} INFO - DAG(s) dict_keys(['example_skip_dag']) retrieved from /home/airflow/.local/lib/python3.7/site-packages/airflow/example_dags/example_skip_dag.py
[2022-05-07 13:34:44,050] {logging_mixin.py:109} INFO - [2022-05-07 13:34:44,050] {dag.py:2398} INFO - Sync 1 DAGs
[2022-05-07 13:34:44,079] {logging_mixin.py:109} INFO - [2022-05-07 13:34:44,078] {dag.py:2937} INFO - Setting next_dagrun for example_skip_dag to 2022-05-06T13:34:44.078504+00:00
[2022-05-07 13:34:44,104] {processor.py:171} INFO - Processing /home/airflow/.local/lib/python3.7/site-packages/airflow/example_dags/example_skip_dag.py took 0.149 seconds
[2022-05-07 13:35:14,610] {processor.py:163} INFO - Started process (PID=322) to work on /home/airflow/.local/lib/python3.7/site-packages/airflow/example_dags/example_skip_dag.py
[2022-05-07 13:35:14,613] {processor.py:642} INFO - Processing file /home/airflow/.local/lib/python3.7/site-packages/airflow/example_dags/example_skip_dag.py for tasks to queue
[2022-05-07 13:35:14,615] {logging_mixin.py:109} INFO - [2022-05-07 13:35:14,615] {dagbag.py:500} INFO - Filling up the DagBag from /home/airflow/.local/lib/python3.7/site-packages/airflow/example_dags/example_skip_dag.py
[2022-05-07 13:35:14,641] {processor.py:652} INFO - DAG(s) dict_keys(['example_skip_dag']) retrieved from /home/airflow/.local/lib/python3.7/site-packages/airflow/example_dags/example_skip_dag.py
[2022-05-07 13:35:14,676] {logging_mixin.py:109} INFO - [2022-05-07 13:35:14,676] {dag.py:2398} INFO - Sync 1 DAGs
[2022-05-07 13:35:14,702] {logging_mixin.py:109} INFO - [2022-05-07 13:35:14,701] {dag.py:2937} INFO - Setting next_dagrun for example_skip_dag to 2022-05-06T13:35:14.701505+00:00
[2022-05-07 13:35:14,718] {processor.py:171} INFO - Processing /home/airflow/.local/lib/python3.7/site-packages/airflow/example_dags/example_skip_dag.py took 0.113 seconds
[2022-05-07 13:35:44,864] {processor.py:163} INFO - Started process (PID=382) to work on /home/airflow/.local/lib/python3.7/site-packages/airflow/example_dags/example_skip_dag.py
[2022-05-07 13:35:44,867] {processor.py:642} INFO - Processing file /home/airflow/.local/lib/python3.7/site-packages/airflow/example_dags/example_skip_dag.py for tasks to queue
[2022-05-07 13:35:44,869] {logging_mixin.py:109} INFO - [2022-05-07 13:35:44,869] {dagbag.py:500} INFO - Filling up the DagBag from /home/airflow/.local/lib/python3.7/site-packages/airflow/example_dags/example_skip_dag.py
[2022-05-07 13:35:44,893] {processor.py:652} INFO - DAG(s) dict_keys(['example_skip_dag']) retrieved from /home/airflow/.local/lib/python3.7/site-packages/airflow/example_dags/example_skip_dag.py
[2022-05-07 13:35:44,937] {logging_mixin.py:109} INFO - [2022-05-07 13:35:44,937] {dag.py:2398} INFO - Sync 1 DAGs
[2022-05-07 13:35:44,976] {logging_mixin.py:109} INFO - [2022-05-07 13:35:44,975] {dag.py:2937} INFO - Setting next_dagrun for example_skip_dag to 2022-05-06T13:35:44.975001+00:00
[2022-05-07 13:35:45,008] {processor.py:171} INFO - Processing /home/airflow/.local/lib/python3.7/site-packages/airflow/example_dags/example_skip_dag.py took 0.150 seconds
[2022-05-07 13:36:15,420] {processor.py:163} INFO - Started process (PID=433) to work on /home/airflow/.local/lib/python3.7/site-packages/airflow/example_dags/example_skip_dag.py
[2022-05-07 13:36:15,423] {processor.py:642} INFO - Processing file /home/airflow/.local/lib/python3.7/site-packages/airflow/example_dags/example_skip_dag.py for tasks to queue
[2022-05-07 13:36:15,425] {logging_mixin.py:109} INFO - [2022-05-07 13:36:15,425] {dagbag.py:500} INFO - Filling up the DagBag from /home/airflow/.local/lib/python3.7/site-packages/airflow/example_dags/example_skip_dag.py
[2022-05-07 13:36:15,453] {processor.py:652} INFO - DAG(s) dict_keys(['example_skip_dag']) retrieved from /home/airflow/.local/lib/python3.7/site-packages/airflow/example_dags/example_skip_dag.py
[2022-05-07 13:36:15,497] {logging_mixin.py:109} INFO - [2022-05-07 13:36:15,496] {dag.py:2398} INFO - Sync 1 DAGs
[2022-05-07 13:36:15,531] {logging_mixin.py:109} INFO - [2022-05-07 13:36:15,531] {dag.py:2937} INFO - Setting next_dagrun for example_skip_dag to 2022-05-06T13:36:15.531182+00:00
[2022-05-07 13:36:15,556] {processor.py:171} INFO - Processing /home/airflow/.local/lib/python3.7/site-packages/airflow/example_dags/example_skip_dag.py took 0.141 seconds
[2022-05-07 13:36:49,974] {processor.py:163} INFO - Started process (PID=485) to work on /home/airflow/.local/lib/python3.7/site-packages/airflow/example_dags/example_skip_dag.py
[2022-05-07 13:36:49,978] {processor.py:642} INFO - Processing file /home/airflow/.local/lib/python3.7/site-packages/airflow/example_dags/example_skip_dag.py for tasks to queue
[2022-05-07 13:36:49,999] {logging_mixin.py:109} INFO - [2022-05-07 13:36:49,998] {dagbag.py:500} INFO - Filling up the DagBag from /home/airflow/.local/lib/python3.7/site-packages/airflow/example_dags/example_skip_dag.py
[2022-05-07 13:36:50,041] {processor.py:652} INFO - DAG(s) dict_keys(['example_skip_dag']) retrieved from /home/airflow/.local/lib/python3.7/site-packages/airflow/example_dags/example_skip_dag.py
[2022-05-07 13:36:50,134] {logging_mixin.py:109} INFO - [2022-05-07 13:36:50,134] {dag.py:2398} INFO - Sync 1 DAGs
[2022-05-07 13:36:50,201] {logging_mixin.py:109} INFO - [2022-05-07 13:36:50,201] {dag.py:2937} INFO - Setting next_dagrun for example_skip_dag to 2022-05-06T13:36:50.201096+00:00
[2022-05-07 13:36:50,233] {processor.py:171} INFO - Processing /home/airflow/.local/lib/python3.7/site-packages/airflow/example_dags/example_skip_dag.py took 0.265 seconds
[2022-05-07 13:37:21,026] {processor.py:163} INFO - Started process (PID=537) to work on /home/airflow/.local/lib/python3.7/site-packages/airflow/example_dags/example_skip_dag.py
[2022-05-07 13:37:21,032] {processor.py:642} INFO - Processing file /home/airflow/.local/lib/python3.7/site-packages/airflow/example_dags/example_skip_dag.py for tasks to queue
[2022-05-07 13:37:21,037] {logging_mixin.py:109} INFO - [2022-05-07 13:37:21,036] {dagbag.py:500} INFO - Filling up the DagBag from /home/airflow/.local/lib/python3.7/site-packages/airflow/example_dags/example_skip_dag.py
[2022-05-07 13:37:21,087] {processor.py:652} INFO - DAG(s) dict_keys(['example_skip_dag']) retrieved from /home/airflow/.local/lib/python3.7/site-packages/airflow/example_dags/example_skip_dag.py
[2022-05-07 13:37:21,172] {logging_mixin.py:109} INFO - [2022-05-07 13:37:21,171] {dag.py:2398} INFO - Sync 1 DAGs
[2022-05-07 13:37:21,205] {logging_mixin.py:109} INFO - [2022-05-07 13:37:21,204] {dag.py:2937} INFO - Setting next_dagrun for example_skip_dag to 2022-05-06T13:37:21.204588+00:00
[2022-05-07 13:37:21,224] {processor.py:171} INFO - Processing /home/airflow/.local/lib/python3.7/site-packages/airflow/example_dags/example_skip_dag.py took 0.207 seconds
[2022-05-07 13:37:51,449] {processor.py:163} INFO - Started process (PID=591) to work on /home/airflow/.local/lib/python3.7/site-packages/airflow/example_dags/example_skip_dag.py
[2022-05-07 13:37:51,452] {processor.py:642} INFO - Processing file /home/airflow/.local/lib/python3.7/site-packages/airflow/example_dags/example_skip_dag.py for tasks to queue
[2022-05-07 13:37:51,455] {logging_mixin.py:109} INFO - [2022-05-07 13:37:51,454] {dagbag.py:500} INFO - Filling up the DagBag from /home/airflow/.local/lib/python3.7/site-packages/airflow/example_dags/example_skip_dag.py
[2022-05-07 13:37:51,476] {processor.py:652} INFO - DAG(s) dict_keys(['example_skip_dag']) retrieved from /home/airflow/.local/lib/python3.7/site-packages/airflow/example_dags/example_skip_dag.py
[2022-05-07 13:37:51,515] {logging_mixin.py:109} INFO - [2022-05-07 13:37:51,515] {dag.py:2398} INFO - Sync 1 DAGs
[2022-05-07 13:37:51,544] {logging_mixin.py:109} INFO - [2022-05-07 13:37:51,544] {dag.py:2937} INFO - Setting next_dagrun for example_skip_dag to 2022-05-06T13:37:51.543819+00:00
[2022-05-07 13:37:51,562] {processor.py:171} INFO - Processing /home/airflow/.local/lib/python3.7/site-packages/airflow/example_dags/example_skip_dag.py took 0.118 seconds
[2022-05-07 13:38:22,954] {processor.py:163} INFO - Started process (PID=643) to work on /home/airflow/.local/lib/python3.7/site-packages/airflow/example_dags/example_skip_dag.py
[2022-05-07 13:38:22,959] {processor.py:642} INFO - Processing file /home/airflow/.local/lib/python3.7/site-packages/airflow/example_dags/example_skip_dag.py for tasks to queue
[2022-05-07 13:38:22,962] {logging_mixin.py:109} INFO - [2022-05-07 13:38:22,962] {dagbag.py:500} INFO - Filling up the DagBag from /home/airflow/.local/lib/python3.7/site-packages/airflow/example_dags/example_skip_dag.py
[2022-05-07 13:38:22,997] {processor.py:652} INFO - DAG(s) dict_keys(['example_skip_dag']) retrieved from /home/airflow/.local/lib/python3.7/site-packages/airflow/example_dags/example_skip_dag.py
[2022-05-07 13:38:23,050] {logging_mixin.py:109} INFO - [2022-05-07 13:38:23,050] {dag.py:2398} INFO - Sync 1 DAGs
[2022-05-07 13:38:23,086] {logging_mixin.py:109} INFO - [2022-05-07 13:38:23,086] {dag.py:2937} INFO - Setting next_dagrun for example_skip_dag to 2022-05-06T13:38:23.085646+00:00
[2022-05-07 13:38:23,117] {processor.py:171} INFO - Processing /home/airflow/.local/lib/python3.7/site-packages/airflow/example_dags/example_skip_dag.py took 0.170 seconds
[2022-05-07 13:38:54,739] {processor.py:163} INFO - Started process (PID=695) to work on /home/airflow/.local/lib/python3.7/site-packages/airflow/example_dags/example_skip_dag.py
[2022-05-07 13:38:54,760] {processor.py:642} INFO - Processing file /home/airflow/.local/lib/python3.7/site-packages/airflow/example_dags/example_skip_dag.py for tasks to queue
[2022-05-07 13:38:54,769] {logging_mixin.py:109} INFO - [2022-05-07 13:38:54,768] {dagbag.py:500} INFO - Filling up the DagBag from /home/airflow/.local/lib/python3.7/site-packages/airflow/example_dags/example_skip_dag.py
[2022-05-07 13:38:54,830] {processor.py:652} INFO - DAG(s) dict_keys(['example_skip_dag']) retrieved from /home/airflow/.local/lib/python3.7/site-packages/airflow/example_dags/example_skip_dag.py
[2022-05-07 13:38:54,958] {logging_mixin.py:109} INFO - [2022-05-07 13:38:54,958] {dag.py:2398} INFO - Sync 1 DAGs
[2022-05-07 13:38:55,046] {logging_mixin.py:109} INFO - [2022-05-07 13:38:55,046] {dag.py:2937} INFO - Setting next_dagrun for example_skip_dag to 2022-05-06T13:38:55.045130+00:00
[2022-05-07 13:38:55,074] {processor.py:171} INFO - Processing /home/airflow/.local/lib/python3.7/site-packages/airflow/example_dags/example_skip_dag.py took 0.343 seconds
[2022-05-07 13:39:25,505] {processor.py:163} INFO - Started process (PID=748) to work on /home/airflow/.local/lib/python3.7/site-packages/airflow/example_dags/example_skip_dag.py
[2022-05-07 13:39:25,509] {processor.py:642} INFO - Processing file /home/airflow/.local/lib/python3.7/site-packages/airflow/example_dags/example_skip_dag.py for tasks to queue
[2022-05-07 13:39:25,511] {logging_mixin.py:109} INFO - [2022-05-07 13:39:25,511] {dagbag.py:500} INFO - Filling up the DagBag from /home/airflow/.local/lib/python3.7/site-packages/airflow/example_dags/example_skip_dag.py
[2022-05-07 13:39:25,538] {processor.py:652} INFO - DAG(s) dict_keys(['example_skip_dag']) retrieved from /home/airflow/.local/lib/python3.7/site-packages/airflow/example_dags/example_skip_dag.py
[2022-05-07 13:39:25,582] {logging_mixin.py:109} INFO - [2022-05-07 13:39:25,582] {dag.py:2398} INFO - Sync 1 DAGs
[2022-05-07 13:39:25,630] {logging_mixin.py:109} INFO - [2022-05-07 13:39:25,630] {dag.py:2937} INFO - Setting next_dagrun for example_skip_dag to 2022-05-06T13:39:25.629752+00:00
[2022-05-07 13:39:25,652] {processor.py:171} INFO - Processing /home/airflow/.local/lib/python3.7/site-packages/airflow/example_dags/example_skip_dag.py took 0.152 seconds
[2022-05-07 13:39:56,030] {processor.py:163} INFO - Started process (PID=809) to work on /home/airflow/.local/lib/python3.7/site-packages/airflow/example_dags/example_skip_dag.py
[2022-05-07 13:39:56,041] {processor.py:642} INFO - Processing file /home/airflow/.local/lib/python3.7/site-packages/airflow/example_dags/example_skip_dag.py for tasks to queue
[2022-05-07 13:39:56,044] {logging_mixin.py:109} INFO - [2022-05-07 13:39:56,043] {dagbag.py:500} INFO - Filling up the DagBag from /home/airflow/.local/lib/python3.7/site-packages/airflow/example_dags/example_skip_dag.py
[2022-05-07 13:39:56,083] {processor.py:652} INFO - DAG(s) dict_keys(['example_skip_dag']) retrieved from /home/airflow/.local/lib/python3.7/site-packages/airflow/example_dags/example_skip_dag.py
[2022-05-07 13:39:56,142] {logging_mixin.py:109} INFO - [2022-05-07 13:39:56,142] {dag.py:2398} INFO - Sync 1 DAGs
[2022-05-07 13:39:56,187] {logging_mixin.py:109} INFO - [2022-05-07 13:39:56,187] {dag.py:2937} INFO - Setting next_dagrun for example_skip_dag to 2022-05-06T13:39:56.186791+00:00
[2022-05-07 13:39:56,218] {processor.py:171} INFO - Processing /home/airflow/.local/lib/python3.7/site-packages/airflow/example_dags/example_skip_dag.py took 0.193 seconds
[2022-05-07 13:40:27,081] {processor.py:163} INFO - Started process (PID=863) to work on /home/airflow/.local/lib/python3.7/site-packages/airflow/example_dags/example_skip_dag.py
[2022-05-07 13:40:27,084] {processor.py:642} INFO - Processing file /home/airflow/.local/lib/python3.7/site-packages/airflow/example_dags/example_skip_dag.py for tasks to queue
[2022-05-07 13:40:27,087] {logging_mixin.py:109} INFO - [2022-05-07 13:40:27,087] {dagbag.py:500} INFO - Filling up the DagBag from /home/airflow/.local/lib/python3.7/site-packages/airflow/example_dags/example_skip_dag.py
[2022-05-07 13:40:27,114] {processor.py:652} INFO - DAG(s) dict_keys(['example_skip_dag']) retrieved from /home/airflow/.local/lib/python3.7/site-packages/airflow/example_dags/example_skip_dag.py
[2022-05-07 13:40:27,192] {logging_mixin.py:109} INFO - [2022-05-07 13:40:27,191] {dag.py:2398} INFO - Sync 1 DAGs
[2022-05-07 13:40:27,251] {logging_mixin.py:109} INFO - [2022-05-07 13:40:27,251] {dag.py:2937} INFO - Setting next_dagrun for example_skip_dag to 2022-05-06T13:40:27.250002+00:00
[2022-05-07 13:40:27,301] {processor.py:171} INFO - Processing /home/airflow/.local/lib/python3.7/site-packages/airflow/example_dags/example_skip_dag.py took 0.227 seconds
[2022-05-07 13:40:59,387] {processor.py:163} INFO - Started process (PID=916) to work on /home/airflow/.local/lib/python3.7/site-packages/airflow/example_dags/example_skip_dag.py
[2022-05-07 13:40:59,390] {processor.py:642} INFO - Processing file /home/airflow/.local/lib/python3.7/site-packages/airflow/example_dags/example_skip_dag.py for tasks to queue
[2022-05-07 13:40:59,393] {logging_mixin.py:109} INFO - [2022-05-07 13:40:59,392] {dagbag.py:500} INFO - Filling up the DagBag from /home/airflow/.local/lib/python3.7/site-packages/airflow/example_dags/example_skip_dag.py
[2022-05-07 13:40:59,431] {processor.py:652} INFO - DAG(s) dict_keys(['example_skip_dag']) retrieved from /home/airflow/.local/lib/python3.7/site-packages/airflow/example_dags/example_skip_dag.py
[2022-05-07 13:40:59,496] {logging_mixin.py:109} INFO - [2022-05-07 13:40:59,496] {dag.py:2398} INFO - Sync 1 DAGs
[2022-05-07 13:40:59,522] {logging_mixin.py:109} INFO - [2022-05-07 13:40:59,522] {dag.py:2937} INFO - Setting next_dagrun for example_skip_dag to 2022-05-06T13:40:59.521753+00:00
[2022-05-07 13:40:59,542] {processor.py:171} INFO - Processing /home/airflow/.local/lib/python3.7/site-packages/airflow/example_dags/example_skip_dag.py took 0.161 seconds
[2022-05-07 13:41:30,596] {processor.py:163} INFO - Started process (PID=966) to work on /home/airflow/.local/lib/python3.7/site-packages/airflow/example_dags/example_skip_dag.py
[2022-05-07 13:41:30,600] {processor.py:642} INFO - Processing file /home/airflow/.local/lib/python3.7/site-packages/airflow/example_dags/example_skip_dag.py for tasks to queue
[2022-05-07 13:41:30,602] {logging_mixin.py:109} INFO - [2022-05-07 13:41:30,602] {dagbag.py:500} INFO - Filling up the DagBag from /home/airflow/.local/lib/python3.7/site-packages/airflow/example_dags/example_skip_dag.py
[2022-05-07 13:41:30,625] {processor.py:652} INFO - DAG(s) dict_keys(['example_skip_dag']) retrieved from /home/airflow/.local/lib/python3.7/site-packages/airflow/example_dags/example_skip_dag.py
[2022-05-07 13:41:30,664] {logging_mixin.py:109} INFO - [2022-05-07 13:41:30,664] {dag.py:2398} INFO - Sync 1 DAGs
[2022-05-07 13:41:30,691] {logging_mixin.py:109} INFO - [2022-05-07 13:41:30,690] {dag.py:2937} INFO - Setting next_dagrun for example_skip_dag to 2022-05-06T13:41:30.690381+00:00
[2022-05-07 13:41:30,715] {processor.py:171} INFO - Processing /home/airflow/.local/lib/python3.7/site-packages/airflow/example_dags/example_skip_dag.py took 0.127 seconds
[2022-05-07 13:42:01,807] {processor.py:163} INFO - Started process (PID=1017) to work on /home/airflow/.local/lib/python3.7/site-packages/airflow/example_dags/example_skip_dag.py
[2022-05-07 13:42:01,815] {processor.py:642} INFO - Processing file /home/airflow/.local/lib/python3.7/site-packages/airflow/example_dags/example_skip_dag.py for tasks to queue
[2022-05-07 13:42:01,830] {logging_mixin.py:109} INFO - [2022-05-07 13:42:01,830] {dagbag.py:500} INFO - Filling up the DagBag from /home/airflow/.local/lib/python3.7/site-packages/airflow/example_dags/example_skip_dag.py
[2022-05-07 13:42:01,981] {processor.py:652} INFO - DAG(s) dict_keys(['example_skip_dag']) retrieved from /home/airflow/.local/lib/python3.7/site-packages/airflow/example_dags/example_skip_dag.py
[2022-05-07 13:42:02,207] {logging_mixin.py:109} INFO - [2022-05-07 13:42:02,207] {dag.py:2398} INFO - Sync 1 DAGs
[2022-05-07 13:42:02,290] {logging_mixin.py:109} INFO - [2022-05-07 13:42:02,290] {dag.py:2937} INFO - Setting next_dagrun for example_skip_dag to 2022-05-06T13:42:02.289000+00:00
[2022-05-07 13:42:02,357] {processor.py:171} INFO - Processing /home/airflow/.local/lib/python3.7/site-packages/airflow/example_dags/example_skip_dag.py took 0.567 seconds
[2022-05-07 13:42:33,012] {processor.py:163} INFO - Started process (PID=1069) to work on /home/airflow/.local/lib/python3.7/site-packages/airflow/example_dags/example_skip_dag.py
[2022-05-07 13:42:33,027] {processor.py:642} INFO - Processing file /home/airflow/.local/lib/python3.7/site-packages/airflow/example_dags/example_skip_dag.py for tasks to queue
[2022-05-07 13:42:33,031] {logging_mixin.py:109} INFO - [2022-05-07 13:42:33,030] {dagbag.py:500} INFO - Filling up the DagBag from /home/airflow/.local/lib/python3.7/site-packages/airflow/example_dags/example_skip_dag.py
[2022-05-07 13:42:33,085] {processor.py:652} INFO - DAG(s) dict_keys(['example_skip_dag']) retrieved from /home/airflow/.local/lib/python3.7/site-packages/airflow/example_dags/example_skip_dag.py
[2022-05-07 13:42:33,143] {logging_mixin.py:109} INFO - [2022-05-07 13:42:33,143] {dag.py:2398} INFO - Sync 1 DAGs
[2022-05-07 13:42:33,181] {logging_mixin.py:109} INFO - [2022-05-07 13:42:33,181] {dag.py:2937} INFO - Setting next_dagrun for example_skip_dag to 2022-05-06T13:42:33.180838+00:00
[2022-05-07 13:42:33,216] {processor.py:171} INFO - Processing /home/airflow/.local/lib/python3.7/site-packages/airflow/example_dags/example_skip_dag.py took 0.221 seconds
[2022-05-07 13:43:03,511] {processor.py:163} INFO - Started process (PID=1132) to work on /home/airflow/.local/lib/python3.7/site-packages/airflow/example_dags/example_skip_dag.py
[2022-05-07 13:43:03,515] {processor.py:642} INFO - Processing file /home/airflow/.local/lib/python3.7/site-packages/airflow/example_dags/example_skip_dag.py for tasks to queue
[2022-05-07 13:43:03,519] {logging_mixin.py:109} INFO - [2022-05-07 13:43:03,518] {dagbag.py:500} INFO - Filling up the DagBag from /home/airflow/.local/lib/python3.7/site-packages/airflow/example_dags/example_skip_dag.py
[2022-05-07 13:43:03,563] {processor.py:652} INFO - DAG(s) dict_keys(['example_skip_dag']) retrieved from /home/airflow/.local/lib/python3.7/site-packages/airflow/example_dags/example_skip_dag.py
[2022-05-07 13:43:03,640] {logging_mixin.py:109} INFO - [2022-05-07 13:43:03,640] {dag.py:2398} INFO - Sync 1 DAGs
[2022-05-07 13:43:03,722] {logging_mixin.py:109} INFO - [2022-05-07 13:43:03,722] {dag.py:2937} INFO - Setting next_dagrun for example_skip_dag to 2022-05-06T13:43:03.721749+00:00
[2022-05-07 13:43:03,778] {processor.py:171} INFO - Processing /home/airflow/.local/lib/python3.7/site-packages/airflow/example_dags/example_skip_dag.py took 0.277 seconds
[2022-05-07 13:43:36,180] {processor.py:163} INFO - Started process (PID=1181) to work on /home/airflow/.local/lib/python3.7/site-packages/airflow/example_dags/example_skip_dag.py
[2022-05-07 13:43:36,215] {processor.py:642} INFO - Processing file /home/airflow/.local/lib/python3.7/site-packages/airflow/example_dags/example_skip_dag.py for tasks to queue
[2022-05-07 13:43:36,255] {logging_mixin.py:109} INFO - [2022-05-07 13:43:36,254] {dagbag.py:500} INFO - Filling up the DagBag from /home/airflow/.local/lib/python3.7/site-packages/airflow/example_dags/example_skip_dag.py
[2022-05-07 13:43:36,432] {processor.py:652} INFO - DAG(s) dict_keys(['example_skip_dag']) retrieved from /home/airflow/.local/lib/python3.7/site-packages/airflow/example_dags/example_skip_dag.py
[2022-05-07 13:43:36,611] {logging_mixin.py:109} INFO - [2022-05-07 13:43:36,609] {dag.py:2398} INFO - Sync 1 DAGs
[2022-05-07 13:43:36,851] {logging_mixin.py:109} INFO - [2022-05-07 13:43:36,851] {dag.py:2937} INFO - Setting next_dagrun for example_skip_dag to 2022-05-06T13:43:36.850685+00:00
[2022-05-07 13:43:36,937] {processor.py:171} INFO - Processing /home/airflow/.local/lib/python3.7/site-packages/airflow/example_dags/example_skip_dag.py took 0.806 seconds
[2022-05-07 13:44:07,728] {processor.py:163} INFO - Started process (PID=1225) to work on /home/airflow/.local/lib/python3.7/site-packages/airflow/example_dags/example_skip_dag.py
[2022-05-07 13:44:07,732] {processor.py:642} INFO - Processing file /home/airflow/.local/lib/python3.7/site-packages/airflow/example_dags/example_skip_dag.py for tasks to queue
[2022-05-07 13:44:07,735] {logging_mixin.py:109} INFO - [2022-05-07 13:44:07,735] {dagbag.py:500} INFO - Filling up the DagBag from /home/airflow/.local/lib/python3.7/site-packages/airflow/example_dags/example_skip_dag.py
[2022-05-07 13:44:07,778] {processor.py:652} INFO - DAG(s) dict_keys(['example_skip_dag']) retrieved from /home/airflow/.local/lib/python3.7/site-packages/airflow/example_dags/example_skip_dag.py
[2022-05-07 13:44:07,819] {logging_mixin.py:109} INFO - [2022-05-07 13:44:07,819] {dag.py:2398} INFO - Sync 1 DAGs
[2022-05-07 13:44:07,846] {logging_mixin.py:109} INFO - [2022-05-07 13:44:07,846] {dag.py:2937} INFO - Setting next_dagrun for example_skip_dag to 2022-05-06T13:44:07.845826+00:00
[2022-05-07 13:44:07,872] {processor.py:171} INFO - Processing /home/airflow/.local/lib/python3.7/site-packages/airflow/example_dags/example_skip_dag.py took 0.156 seconds
[2022-05-07 13:44:38,145] {processor.py:163} INFO - Started process (PID=1289) to work on /home/airflow/.local/lib/python3.7/site-packages/airflow/example_dags/example_skip_dag.py
[2022-05-07 13:44:38,149] {processor.py:642} INFO - Processing file /home/airflow/.local/lib/python3.7/site-packages/airflow/example_dags/example_skip_dag.py for tasks to queue
[2022-05-07 13:44:38,151] {logging_mixin.py:109} INFO - [2022-05-07 13:44:38,151] {dagbag.py:500} INFO - Filling up the DagBag from /home/airflow/.local/lib/python3.7/site-packages/airflow/example_dags/example_skip_dag.py
[2022-05-07 13:44:38,173] {processor.py:652} INFO - DAG(s) dict_keys(['example_skip_dag']) retrieved from /home/airflow/.local/lib/python3.7/site-packages/airflow/example_dags/example_skip_dag.py
[2022-05-07 13:44:38,209] {logging_mixin.py:109} INFO - [2022-05-07 13:44:38,209] {dag.py:2398} INFO - Sync 1 DAGs
[2022-05-07 13:44:38,237] {logging_mixin.py:109} INFO - [2022-05-07 13:44:38,237] {dag.py:2937} INFO - Setting next_dagrun for example_skip_dag to 2022-05-06T13:44:38.236867+00:00
[2022-05-07 13:44:38,254] {processor.py:171} INFO - Processing /home/airflow/.local/lib/python3.7/site-packages/airflow/example_dags/example_skip_dag.py took 0.113 seconds
[2022-05-07 13:45:08,773] {processor.py:163} INFO - Started process (PID=1339) to work on /home/airflow/.local/lib/python3.7/site-packages/airflow/example_dags/example_skip_dag.py
[2022-05-07 13:45:08,777] {processor.py:642} INFO - Processing file /home/airflow/.local/lib/python3.7/site-packages/airflow/example_dags/example_skip_dag.py for tasks to queue
[2022-05-07 13:45:08,781] {logging_mixin.py:109} INFO - [2022-05-07 13:45:08,781] {dagbag.py:500} INFO - Filling up the DagBag from /home/airflow/.local/lib/python3.7/site-packages/airflow/example_dags/example_skip_dag.py
[2022-05-07 13:45:08,810] {processor.py:652} INFO - DAG(s) dict_keys(['example_skip_dag']) retrieved from /home/airflow/.local/lib/python3.7/site-packages/airflow/example_dags/example_skip_dag.py
[2022-05-07 13:45:08,858] {logging_mixin.py:109} INFO - [2022-05-07 13:45:08,858] {dag.py:2398} INFO - Sync 1 DAGs
[2022-05-07 13:45:08,897] {logging_mixin.py:109} INFO - [2022-05-07 13:45:08,897] {dag.py:2937} INFO - Setting next_dagrun for example_skip_dag to 2022-05-06T13:45:08.896654+00:00
[2022-05-07 13:45:08,914] {processor.py:171} INFO - Processing /home/airflow/.local/lib/python3.7/site-packages/airflow/example_dags/example_skip_dag.py took 0.147 seconds
[2022-05-07 13:45:39,067] {processor.py:163} INFO - Started process (PID=1390) to work on /home/airflow/.local/lib/python3.7/site-packages/airflow/example_dags/example_skip_dag.py
[2022-05-07 13:45:39,072] {processor.py:642} INFO - Processing file /home/airflow/.local/lib/python3.7/site-packages/airflow/example_dags/example_skip_dag.py for tasks to queue
[2022-05-07 13:45:39,076] {logging_mixin.py:109} INFO - [2022-05-07 13:45:39,076] {dagbag.py:500} INFO - Filling up the DagBag from /home/airflow/.local/lib/python3.7/site-packages/airflow/example_dags/example_skip_dag.py
[2022-05-07 13:45:39,124] {processor.py:652} INFO - DAG(s) dict_keys(['example_skip_dag']) retrieved from /home/airflow/.local/lib/python3.7/site-packages/airflow/example_dags/example_skip_dag.py
[2022-05-07 13:45:39,262] {logging_mixin.py:109} INFO - [2022-05-07 13:45:39,262] {dag.py:2398} INFO - Sync 1 DAGs
[2022-05-07 13:45:39,300] {logging_mixin.py:109} INFO - [2022-05-07 13:45:39,300] {dag.py:2937} INFO - Setting next_dagrun for example_skip_dag to 2022-05-06T13:45:39.300134+00:00
[2022-05-07 13:45:39,330] {processor.py:171} INFO - Processing /home/airflow/.local/lib/python3.7/site-packages/airflow/example_dags/example_skip_dag.py took 0.269 seconds
[2022-05-07 13:46:09,760] {processor.py:163} INFO - Started process (PID=1443) to work on /home/airflow/.local/lib/python3.7/site-packages/airflow/example_dags/example_skip_dag.py
[2022-05-07 13:46:09,764] {processor.py:642} INFO - Processing file /home/airflow/.local/lib/python3.7/site-packages/airflow/example_dags/example_skip_dag.py for tasks to queue
[2022-05-07 13:46:09,767] {logging_mixin.py:109} INFO - [2022-05-07 13:46:09,767] {dagbag.py:500} INFO - Filling up the DagBag from /home/airflow/.local/lib/python3.7/site-packages/airflow/example_dags/example_skip_dag.py
[2022-05-07 13:46:09,799] {processor.py:652} INFO - DAG(s) dict_keys(['example_skip_dag']) retrieved from /home/airflow/.local/lib/python3.7/site-packages/airflow/example_dags/example_skip_dag.py
[2022-05-07 13:46:09,853] {logging_mixin.py:109} INFO - [2022-05-07 13:46:09,853] {dag.py:2398} INFO - Sync 1 DAGs
[2022-05-07 13:46:09,898] {logging_mixin.py:109} INFO - [2022-05-07 13:46:09,898] {dag.py:2937} INFO - Setting next_dagrun for example_skip_dag to 2022-05-06T13:46:09.897763+00:00
[2022-05-07 13:46:09,925] {processor.py:171} INFO - Processing /home/airflow/.local/lib/python3.7/site-packages/airflow/example_dags/example_skip_dag.py took 0.172 seconds
[2022-05-07 13:46:40,573] {processor.py:163} INFO - Started process (PID=1506) to work on /home/airflow/.local/lib/python3.7/site-packages/airflow/example_dags/example_skip_dag.py
[2022-05-07 13:46:40,586] {processor.py:642} INFO - Processing file /home/airflow/.local/lib/python3.7/site-packages/airflow/example_dags/example_skip_dag.py for tasks to queue
[2022-05-07 13:46:40,592] {logging_mixin.py:109} INFO - [2022-05-07 13:46:40,592] {dagbag.py:500} INFO - Filling up the DagBag from /home/airflow/.local/lib/python3.7/site-packages/airflow/example_dags/example_skip_dag.py
[2022-05-07 13:46:40,639] {processor.py:652} INFO - DAG(s) dict_keys(['example_skip_dag']) retrieved from /home/airflow/.local/lib/python3.7/site-packages/airflow/example_dags/example_skip_dag.py
[2022-05-07 13:46:40,718] {logging_mixin.py:109} INFO - [2022-05-07 13:46:40,718] {dag.py:2398} INFO - Sync 1 DAGs
[2022-05-07 13:46:40,748] {logging_mixin.py:109} INFO - [2022-05-07 13:46:40,748] {dag.py:2937} INFO - Setting next_dagrun for example_skip_dag to 2022-05-06T13:46:40.747812+00:00
[2022-05-07 13:46:40,767] {processor.py:171} INFO - Processing /home/airflow/.local/lib/python3.7/site-packages/airflow/example_dags/example_skip_dag.py took 0.201 seconds
[2022-05-07 13:47:12,795] {processor.py:163} INFO - Started process (PID=1559) to work on /home/airflow/.local/lib/python3.7/site-packages/airflow/example_dags/example_skip_dag.py
[2022-05-07 13:47:12,801] {processor.py:642} INFO - Processing file /home/airflow/.local/lib/python3.7/site-packages/airflow/example_dags/example_skip_dag.py for tasks to queue
[2022-05-07 13:47:12,805] {logging_mixin.py:109} INFO - [2022-05-07 13:47:12,804] {dagbag.py:500} INFO - Filling up the DagBag from /home/airflow/.local/lib/python3.7/site-packages/airflow/example_dags/example_skip_dag.py
[2022-05-07 13:47:12,849] {processor.py:652} INFO - DAG(s) dict_keys(['example_skip_dag']) retrieved from /home/airflow/.local/lib/python3.7/site-packages/airflow/example_dags/example_skip_dag.py
[2022-05-07 13:47:12,927] {logging_mixin.py:109} INFO - [2022-05-07 13:47:12,926] {dag.py:2398} INFO - Sync 1 DAGs
[2022-05-07 13:47:12,976] {logging_mixin.py:109} INFO - [2022-05-07 13:47:12,976] {dag.py:2937} INFO - Setting next_dagrun for example_skip_dag to 2022-05-06T13:47:12.975347+00:00
[2022-05-07 13:47:13,007] {processor.py:171} INFO - Processing /home/airflow/.local/lib/python3.7/site-packages/airflow/example_dags/example_skip_dag.py took 0.227 seconds
[2022-05-07 13:49:28,453] {processor.py:163} INFO - Started process (PID=1671) to work on /home/airflow/.local/lib/python3.7/site-packages/airflow/example_dags/example_skip_dag.py
[2022-05-07 13:49:28,472] {processor.py:642} INFO - Processing file /home/airflow/.local/lib/python3.7/site-packages/airflow/example_dags/example_skip_dag.py for tasks to queue
[2022-05-07 13:49:28,478] {logging_mixin.py:109} INFO - [2022-05-07 13:49:28,478] {dagbag.py:500} INFO - Filling up the DagBag from /home/airflow/.local/lib/python3.7/site-packages/airflow/example_dags/example_skip_dag.py
[2022-05-07 13:49:28,791] {processor.py:652} INFO - DAG(s) dict_keys(['example_skip_dag']) retrieved from /home/airflow/.local/lib/python3.7/site-packages/airflow/example_dags/example_skip_dag.py
[2022-05-07 13:49:29,063] {logging_mixin.py:109} INFO - [2022-05-07 13:49:29,062] {dag.py:2398} INFO - Sync 1 DAGs
[2022-05-07 13:49:29,381] {logging_mixin.py:109} INFO - [2022-05-07 13:49:29,380] {dag.py:2937} INFO - Setting next_dagrun for example_skip_dag to 2022-05-06T13:49:29.376190+00:00
[2022-05-07 13:49:29,511] {processor.py:171} INFO - Processing /home/airflow/.local/lib/python3.7/site-packages/airflow/example_dags/example_skip_dag.py took 1.098 seconds
[2022-05-07 13:49:59,863] {processor.py:163} INFO - Started process (PID=1727) to work on /home/airflow/.local/lib/python3.7/site-packages/airflow/example_dags/example_skip_dag.py
[2022-05-07 13:49:59,865] {processor.py:642} INFO - Processing file /home/airflow/.local/lib/python3.7/site-packages/airflow/example_dags/example_skip_dag.py for tasks to queue
[2022-05-07 13:49:59,867] {logging_mixin.py:109} INFO - [2022-05-07 13:49:59,867] {dagbag.py:500} INFO - Filling up the DagBag from /home/airflow/.local/lib/python3.7/site-packages/airflow/example_dags/example_skip_dag.py
[2022-05-07 13:49:59,900] {processor.py:652} INFO - DAG(s) dict_keys(['example_skip_dag']) retrieved from /home/airflow/.local/lib/python3.7/site-packages/airflow/example_dags/example_skip_dag.py
[2022-05-07 13:49:59,944] {logging_mixin.py:109} INFO - [2022-05-07 13:49:59,943] {dag.py:2398} INFO - Sync 1 DAGs
[2022-05-07 13:49:59,971] {logging_mixin.py:109} INFO - [2022-05-07 13:49:59,970] {dag.py:2937} INFO - Setting next_dagrun for example_skip_dag to 2022-05-06T13:49:59.970505+00:00
[2022-05-07 13:49:59,995] {processor.py:171} INFO - Processing /home/airflow/.local/lib/python3.7/site-packages/airflow/example_dags/example_skip_dag.py took 0.139 seconds
[2022-05-07 13:50:30,533] {processor.py:163} INFO - Started process (PID=1780) to work on /home/airflow/.local/lib/python3.7/site-packages/airflow/example_dags/example_skip_dag.py
[2022-05-07 13:50:30,537] {processor.py:642} INFO - Processing file /home/airflow/.local/lib/python3.7/site-packages/airflow/example_dags/example_skip_dag.py for tasks to queue
[2022-05-07 13:50:30,540] {logging_mixin.py:109} INFO - [2022-05-07 13:50:30,540] {dagbag.py:500} INFO - Filling up the DagBag from /home/airflow/.local/lib/python3.7/site-packages/airflow/example_dags/example_skip_dag.py
[2022-05-07 13:50:30,570] {processor.py:652} INFO - DAG(s) dict_keys(['example_skip_dag']) retrieved from /home/airflow/.local/lib/python3.7/site-packages/airflow/example_dags/example_skip_dag.py
[2022-05-07 13:50:30,619] {logging_mixin.py:109} INFO - [2022-05-07 13:50:30,619] {dag.py:2398} INFO - Sync 1 DAGs
[2022-05-07 13:50:30,651] {logging_mixin.py:109} INFO - [2022-05-07 13:50:30,651] {dag.py:2937} INFO - Setting next_dagrun for example_skip_dag to 2022-05-06T13:50:30.650242+00:00
[2022-05-07 13:50:30,682] {processor.py:171} INFO - Processing /home/airflow/.local/lib/python3.7/site-packages/airflow/example_dags/example_skip_dag.py took 0.160 seconds
[2022-05-07 13:51:01,264] {processor.py:163} INFO - Started process (PID=1836) to work on /home/airflow/.local/lib/python3.7/site-packages/airflow/example_dags/example_skip_dag.py
[2022-05-07 13:51:01,269] {processor.py:642} INFO - Processing file /home/airflow/.local/lib/python3.7/site-packages/airflow/example_dags/example_skip_dag.py for tasks to queue
[2022-05-07 13:51:01,272] {logging_mixin.py:109} INFO - [2022-05-07 13:51:01,272] {dagbag.py:500} INFO - Filling up the DagBag from /home/airflow/.local/lib/python3.7/site-packages/airflow/example_dags/example_skip_dag.py
[2022-05-07 13:51:01,312] {processor.py:652} INFO - DAG(s) dict_keys(['example_skip_dag']) retrieved from /home/airflow/.local/lib/python3.7/site-packages/airflow/example_dags/example_skip_dag.py
[2022-05-07 13:51:01,378] {logging_mixin.py:109} INFO - [2022-05-07 13:51:01,378] {dag.py:2398} INFO - Sync 1 DAGs
[2022-05-07 13:51:01,406] {logging_mixin.py:109} INFO - [2022-05-07 13:51:01,406] {dag.py:2937} INFO - Setting next_dagrun for example_skip_dag to 2022-05-06T13:51:01.406031+00:00
[2022-05-07 13:51:01,430] {processor.py:171} INFO - Processing /home/airflow/.local/lib/python3.7/site-packages/airflow/example_dags/example_skip_dag.py took 0.174 seconds
[2022-05-07 13:51:31,888] {processor.py:163} INFO - Started process (PID=1898) to work on /home/airflow/.local/lib/python3.7/site-packages/airflow/example_dags/example_skip_dag.py
[2022-05-07 13:51:31,893] {processor.py:642} INFO - Processing file /home/airflow/.local/lib/python3.7/site-packages/airflow/example_dags/example_skip_dag.py for tasks to queue
[2022-05-07 13:51:31,898] {logging_mixin.py:109} INFO - [2022-05-07 13:51:31,897] {dagbag.py:500} INFO - Filling up the DagBag from /home/airflow/.local/lib/python3.7/site-packages/airflow/example_dags/example_skip_dag.py
[2022-05-07 13:51:31,978] {processor.py:652} INFO - DAG(s) dict_keys(['example_skip_dag']) retrieved from /home/airflow/.local/lib/python3.7/site-packages/airflow/example_dags/example_skip_dag.py
[2022-05-07 13:51:32,064] {logging_mixin.py:109} INFO - [2022-05-07 13:51:32,064] {dag.py:2398} INFO - Sync 1 DAGs
[2022-05-07 13:51:32,092] {logging_mixin.py:109} INFO - [2022-05-07 13:51:32,092] {dag.py:2937} INFO - Setting next_dagrun for example_skip_dag to 2022-05-06T13:51:32.091920+00:00
[2022-05-07 13:51:32,142] {processor.py:171} INFO - Processing /home/airflow/.local/lib/python3.7/site-packages/airflow/example_dags/example_skip_dag.py took 0.260 seconds
[2022-05-07 13:52:02,228] {processor.py:163} INFO - Started process (PID=1950) to work on /home/airflow/.local/lib/python3.7/site-packages/airflow/example_dags/example_skip_dag.py
[2022-05-07 13:52:02,232] {processor.py:642} INFO - Processing file /home/airflow/.local/lib/python3.7/site-packages/airflow/example_dags/example_skip_dag.py for tasks to queue
[2022-05-07 13:52:02,235] {logging_mixin.py:109} INFO - [2022-05-07 13:52:02,234] {dagbag.py:500} INFO - Filling up the DagBag from /home/airflow/.local/lib/python3.7/site-packages/airflow/example_dags/example_skip_dag.py
[2022-05-07 13:52:02,264] {processor.py:652} INFO - DAG(s) dict_keys(['example_skip_dag']) retrieved from /home/airflow/.local/lib/python3.7/site-packages/airflow/example_dags/example_skip_dag.py
[2022-05-07 13:52:02,308] {logging_mixin.py:109} INFO - [2022-05-07 13:52:02,308] {dag.py:2398} INFO - Sync 1 DAGs
[2022-05-07 13:52:02,444] {logging_mixin.py:109} INFO - [2022-05-07 13:52:02,443] {dag.py:2937} INFO - Setting next_dagrun for example_skip_dag to 2022-05-06T13:52:02.440470+00:00
[2022-05-07 13:52:02,517] {processor.py:171} INFO - Processing /home/airflow/.local/lib/python3.7/site-packages/airflow/example_dags/example_skip_dag.py took 0.294 seconds
[2022-05-07 13:52:32,987] {processor.py:163} INFO - Started process (PID=2006) to work on /home/airflow/.local/lib/python3.7/site-packages/airflow/example_dags/example_skip_dag.py
[2022-05-07 13:52:32,990] {processor.py:642} INFO - Processing file /home/airflow/.local/lib/python3.7/site-packages/airflow/example_dags/example_skip_dag.py for tasks to queue
[2022-05-07 13:52:32,993] {logging_mixin.py:109} INFO - [2022-05-07 13:52:32,993] {dagbag.py:500} INFO - Filling up the DagBag from /home/airflow/.local/lib/python3.7/site-packages/airflow/example_dags/example_skip_dag.py
[2022-05-07 13:52:33,025] {processor.py:652} INFO - DAG(s) dict_keys(['example_skip_dag']) retrieved from /home/airflow/.local/lib/python3.7/site-packages/airflow/example_dags/example_skip_dag.py
[2022-05-07 13:52:33,072] {logging_mixin.py:109} INFO - [2022-05-07 13:52:33,072] {dag.py:2398} INFO - Sync 1 DAGs
[2022-05-07 13:52:33,108] {logging_mixin.py:109} INFO - [2022-05-07 13:52:33,108] {dag.py:2937} INFO - Setting next_dagrun for example_skip_dag to 2022-05-06T13:52:33.107800+00:00
[2022-05-07 13:52:33,133] {processor.py:171} INFO - Processing /home/airflow/.local/lib/python3.7/site-packages/airflow/example_dags/example_skip_dag.py took 0.153 seconds
[2022-05-07 13:53:03,289] {processor.py:163} INFO - Started process (PID=2061) to work on /home/airflow/.local/lib/python3.7/site-packages/airflow/example_dags/example_skip_dag.py
[2022-05-07 13:53:03,292] {processor.py:642} INFO - Processing file /home/airflow/.local/lib/python3.7/site-packages/airflow/example_dags/example_skip_dag.py for tasks to queue
[2022-05-07 13:53:03,295] {logging_mixin.py:109} INFO - [2022-05-07 13:53:03,295] {dagbag.py:500} INFO - Filling up the DagBag from /home/airflow/.local/lib/python3.7/site-packages/airflow/example_dags/example_skip_dag.py
[2022-05-07 13:53:03,323] {processor.py:652} INFO - DAG(s) dict_keys(['example_skip_dag']) retrieved from /home/airflow/.local/lib/python3.7/site-packages/airflow/example_dags/example_skip_dag.py
[2022-05-07 13:53:03,363] {logging_mixin.py:109} INFO - [2022-05-07 13:53:03,362] {dag.py:2398} INFO - Sync 1 DAGs
[2022-05-07 13:53:03,390] {logging_mixin.py:109} INFO - [2022-05-07 13:53:03,390] {dag.py:2937} INFO - Setting next_dagrun for example_skip_dag to 2022-05-06T13:53:03.390325+00:00
[2022-05-07 13:53:03,409] {processor.py:171} INFO - Processing /home/airflow/.local/lib/python3.7/site-packages/airflow/example_dags/example_skip_dag.py took 0.125 seconds
[2022-05-07 13:53:34,064] {processor.py:163} INFO - Started process (PID=2126) to work on /home/airflow/.local/lib/python3.7/site-packages/airflow/example_dags/example_skip_dag.py
[2022-05-07 13:53:34,084] {processor.py:642} INFO - Processing file /home/airflow/.local/lib/python3.7/site-packages/airflow/example_dags/example_skip_dag.py for tasks to queue
[2022-05-07 13:53:34,094] {logging_mixin.py:109} INFO - [2022-05-07 13:53:34,093] {dagbag.py:500} INFO - Filling up the DagBag from /home/airflow/.local/lib/python3.7/site-packages/airflow/example_dags/example_skip_dag.py
[2022-05-07 13:53:34,297] {processor.py:652} INFO - DAG(s) dict_keys(['example_skip_dag']) retrieved from /home/airflow/.local/lib/python3.7/site-packages/airflow/example_dags/example_skip_dag.py
[2022-05-07 13:53:34,432] {logging_mixin.py:109} INFO - [2022-05-07 13:53:34,432] {dag.py:2398} INFO - Sync 1 DAGs
[2022-05-07 13:53:34,480] {logging_mixin.py:109} INFO - [2022-05-07 13:53:34,480] {dag.py:2937} INFO - Setting next_dagrun for example_skip_dag to 2022-05-06T13:53:34.479620+00:00
[2022-05-07 13:53:34,526] {processor.py:171} INFO - Processing /home/airflow/.local/lib/python3.7/site-packages/airflow/example_dags/example_skip_dag.py took 0.474 seconds
[2022-05-07 13:54:04,725] {processor.py:163} INFO - Started process (PID=2181) to work on /home/airflow/.local/lib/python3.7/site-packages/airflow/example_dags/example_skip_dag.py
[2022-05-07 13:54:04,728] {processor.py:642} INFO - Processing file /home/airflow/.local/lib/python3.7/site-packages/airflow/example_dags/example_skip_dag.py for tasks to queue
[2022-05-07 13:54:04,731] {logging_mixin.py:109} INFO - [2022-05-07 13:54:04,730] {dagbag.py:500} INFO - Filling up the DagBag from /home/airflow/.local/lib/python3.7/site-packages/airflow/example_dags/example_skip_dag.py
[2022-05-07 13:54:04,756] {processor.py:652} INFO - DAG(s) dict_keys(['example_skip_dag']) retrieved from /home/airflow/.local/lib/python3.7/site-packages/airflow/example_dags/example_skip_dag.py
[2022-05-07 13:54:04,794] {logging_mixin.py:109} INFO - [2022-05-07 13:54:04,794] {dag.py:2398} INFO - Sync 1 DAGs
[2022-05-07 13:54:04,820] {logging_mixin.py:109} INFO - [2022-05-07 13:54:04,820] {dag.py:2937} INFO - Setting next_dagrun for example_skip_dag to 2022-05-06T13:54:04.820117+00:00
[2022-05-07 13:54:04,837] {processor.py:171} INFO - Processing /home/airflow/.local/lib/python3.7/site-packages/airflow/example_dags/example_skip_dag.py took 0.119 seconds
[2022-05-07 13:54:35,516] {processor.py:163} INFO - Started process (PID=2233) to work on /home/airflow/.local/lib/python3.7/site-packages/airflow/example_dags/example_skip_dag.py
[2022-05-07 13:54:35,520] {processor.py:642} INFO - Processing file /home/airflow/.local/lib/python3.7/site-packages/airflow/example_dags/example_skip_dag.py for tasks to queue
[2022-05-07 13:54:35,523] {logging_mixin.py:109} INFO - [2022-05-07 13:54:35,522] {dagbag.py:500} INFO - Filling up the DagBag from /home/airflow/.local/lib/python3.7/site-packages/airflow/example_dags/example_skip_dag.py
[2022-05-07 13:54:35,553] {processor.py:652} INFO - DAG(s) dict_keys(['example_skip_dag']) retrieved from /home/airflow/.local/lib/python3.7/site-packages/airflow/example_dags/example_skip_dag.py
[2022-05-07 13:54:35,595] {logging_mixin.py:109} INFO - [2022-05-07 13:54:35,594] {dag.py:2398} INFO - Sync 1 DAGs
[2022-05-07 13:54:35,622] {logging_mixin.py:109} INFO - [2022-05-07 13:54:35,622] {dag.py:2937} INFO - Setting next_dagrun for example_skip_dag to 2022-05-06T13:54:35.621799+00:00
[2022-05-07 13:54:35,641] {processor.py:171} INFO - Processing /home/airflow/.local/lib/python3.7/site-packages/airflow/example_dags/example_skip_dag.py took 0.134 seconds
[2022-05-07 13:55:06,253] {processor.py:163} INFO - Started process (PID=2286) to work on /home/airflow/.local/lib/python3.7/site-packages/airflow/example_dags/example_skip_dag.py
[2022-05-07 13:55:06,256] {processor.py:642} INFO - Processing file /home/airflow/.local/lib/python3.7/site-packages/airflow/example_dags/example_skip_dag.py for tasks to queue
[2022-05-07 13:55:06,259] {logging_mixin.py:109} INFO - [2022-05-07 13:55:06,258] {dagbag.py:500} INFO - Filling up the DagBag from /home/airflow/.local/lib/python3.7/site-packages/airflow/example_dags/example_skip_dag.py
[2022-05-07 13:55:06,292] {processor.py:652} INFO - DAG(s) dict_keys(['example_skip_dag']) retrieved from /home/airflow/.local/lib/python3.7/site-packages/airflow/example_dags/example_skip_dag.py
[2022-05-07 13:55:06,337] {logging_mixin.py:109} INFO - [2022-05-07 13:55:06,337] {dag.py:2398} INFO - Sync 1 DAGs
[2022-05-07 13:55:06,364] {logging_mixin.py:109} INFO - [2022-05-07 13:55:06,364] {dag.py:2937} INFO - Setting next_dagrun for example_skip_dag to 2022-05-06T13:55:06.363939+00:00
[2022-05-07 13:55:06,383] {processor.py:171} INFO - Processing /home/airflow/.local/lib/python3.7/site-packages/airflow/example_dags/example_skip_dag.py took 0.136 seconds
[2022-05-07 13:55:36,568] {processor.py:163} INFO - Started process (PID=2348) to work on /home/airflow/.local/lib/python3.7/site-packages/airflow/example_dags/example_skip_dag.py
[2022-05-07 13:55:36,571] {processor.py:642} INFO - Processing file /home/airflow/.local/lib/python3.7/site-packages/airflow/example_dags/example_skip_dag.py for tasks to queue
[2022-05-07 13:55:36,573] {logging_mixin.py:109} INFO - [2022-05-07 13:55:36,573] {dagbag.py:500} INFO - Filling up the DagBag from /home/airflow/.local/lib/python3.7/site-packages/airflow/example_dags/example_skip_dag.py
[2022-05-07 13:55:36,600] {processor.py:652} INFO - DAG(s) dict_keys(['example_skip_dag']) retrieved from /home/airflow/.local/lib/python3.7/site-packages/airflow/example_dags/example_skip_dag.py
[2022-05-07 13:55:36,649] {logging_mixin.py:109} INFO - [2022-05-07 13:55:36,648] {dag.py:2398} INFO - Sync 1 DAGs
[2022-05-07 13:55:36,682] {logging_mixin.py:109} INFO - [2022-05-07 13:55:36,682] {dag.py:2937} INFO - Setting next_dagrun for example_skip_dag to 2022-05-06T13:55:36.681228+00:00
[2022-05-07 13:55:36,719] {processor.py:171} INFO - Processing /home/airflow/.local/lib/python3.7/site-packages/airflow/example_dags/example_skip_dag.py took 0.157 seconds
[2022-05-07 13:56:06,809] {processor.py:163} INFO - Started process (PID=2399) to work on /home/airflow/.local/lib/python3.7/site-packages/airflow/example_dags/example_skip_dag.py
[2022-05-07 13:56:06,812] {processor.py:642} INFO - Processing file /home/airflow/.local/lib/python3.7/site-packages/airflow/example_dags/example_skip_dag.py for tasks to queue
[2022-05-07 13:56:06,816] {logging_mixin.py:109} INFO - [2022-05-07 13:56:06,815] {dagbag.py:500} INFO - Filling up the DagBag from /home/airflow/.local/lib/python3.7/site-packages/airflow/example_dags/example_skip_dag.py
[2022-05-07 13:56:06,841] {processor.py:652} INFO - DAG(s) dict_keys(['example_skip_dag']) retrieved from /home/airflow/.local/lib/python3.7/site-packages/airflow/example_dags/example_skip_dag.py
[2022-05-07 13:56:06,874] {logging_mixin.py:109} INFO - [2022-05-07 13:56:06,874] {dag.py:2398} INFO - Sync 1 DAGs
[2022-05-07 13:56:06,901] {logging_mixin.py:109} INFO - [2022-05-07 13:56:06,900] {dag.py:2937} INFO - Setting next_dagrun for example_skip_dag to 2022-05-06T13:56:06.899729+00:00
[2022-05-07 13:56:06,931] {processor.py:171} INFO - Processing /home/airflow/.local/lib/python3.7/site-packages/airflow/example_dags/example_skip_dag.py took 0.127 seconds
[2022-05-07 13:56:37,648] {processor.py:163} INFO - Started process (PID=2451) to work on /home/airflow/.local/lib/python3.7/site-packages/airflow/example_dags/example_skip_dag.py
[2022-05-07 13:56:37,651] {processor.py:642} INFO - Processing file /home/airflow/.local/lib/python3.7/site-packages/airflow/example_dags/example_skip_dag.py for tasks to queue
[2022-05-07 13:56:37,654] {logging_mixin.py:109} INFO - [2022-05-07 13:56:37,654] {dagbag.py:500} INFO - Filling up the DagBag from /home/airflow/.local/lib/python3.7/site-packages/airflow/example_dags/example_skip_dag.py
[2022-05-07 13:56:37,676] {processor.py:652} INFO - DAG(s) dict_keys(['example_skip_dag']) retrieved from /home/airflow/.local/lib/python3.7/site-packages/airflow/example_dags/example_skip_dag.py
[2022-05-07 13:56:37,720] {logging_mixin.py:109} INFO - [2022-05-07 13:56:37,720] {dag.py:2398} INFO - Sync 1 DAGs
[2022-05-07 13:56:37,742] {logging_mixin.py:109} INFO - [2022-05-07 13:56:37,742] {dag.py:2937} INFO - Setting next_dagrun for example_skip_dag to 2022-05-06T13:56:37.742018+00:00
[2022-05-07 13:56:37,759] {processor.py:171} INFO - Processing /home/airflow/.local/lib/python3.7/site-packages/airflow/example_dags/example_skip_dag.py took 0.116 seconds
[2022-05-07 13:57:08,259] {processor.py:163} INFO - Started process (PID=2504) to work on /home/airflow/.local/lib/python3.7/site-packages/airflow/example_dags/example_skip_dag.py
[2022-05-07 13:57:08,263] {processor.py:642} INFO - Processing file /home/airflow/.local/lib/python3.7/site-packages/airflow/example_dags/example_skip_dag.py for tasks to queue
[2022-05-07 13:57:08,270] {logging_mixin.py:109} INFO - [2022-05-07 13:57:08,269] {dagbag.py:500} INFO - Filling up the DagBag from /home/airflow/.local/lib/python3.7/site-packages/airflow/example_dags/example_skip_dag.py
[2022-05-07 13:57:08,490] {processor.py:652} INFO - DAG(s) dict_keys(['example_skip_dag']) retrieved from /home/airflow/.local/lib/python3.7/site-packages/airflow/example_dags/example_skip_dag.py
[2022-05-07 13:57:08,865] {logging_mixin.py:109} INFO - [2022-05-07 13:57:08,865] {dag.py:2398} INFO - Sync 1 DAGs
[2022-05-07 13:57:08,940] {logging_mixin.py:109} INFO - [2022-05-07 13:57:08,940] {dag.py:2937} INFO - Setting next_dagrun for example_skip_dag to 2022-05-06T13:57:08.939139+00:00
[2022-05-07 13:57:08,989] {processor.py:171} INFO - Processing /home/airflow/.local/lib/python3.7/site-packages/airflow/example_dags/example_skip_dag.py took 0.743 seconds
