[2022-05-07 13:33:40,981] {processor.py:163} INFO - Started process (PID=89) to work on /home/airflow/.local/lib/python3.7/site-packages/airflow/example_dags/example_kubernetes_executor.py
[2022-05-07 13:33:40,988] {processor.py:642} INFO - Processing file /home/airflow/.local/lib/python3.7/site-packages/airflow/example_dags/example_kubernetes_executor.py for tasks to queue
[2022-05-07 13:33:40,992] {logging_mixin.py:109} INFO - [2022-05-07 13:33:40,992] {dagbag.py:500} INFO - Filling up the DagBag from /home/airflow/.local/lib/python3.7/site-packages/airflow/example_dags/example_kubernetes_executor.py
[2022-05-07 13:33:41,073] {processor.py:652} INFO - DAG(s) dict_keys(['example_kubernetes_executor']) retrieved from /home/airflow/.local/lib/python3.7/site-packages/airflow/example_dags/example_kubernetes_executor.py
[2022-05-07 13:33:47,108] {logging_mixin.py:109} INFO - [2022-05-07 13:33:47,107] {manager.py:496} INFO - Created Permission View: can edit on DAG:example_kubernetes_executor
[2022-05-07 13:33:47,139] {logging_mixin.py:109} INFO - [2022-05-07 13:33:47,138] {manager.py:496} INFO - Created Permission View: can read on DAG:example_kubernetes_executor
[2022-05-07 13:33:47,142] {logging_mixin.py:109} INFO - [2022-05-07 13:33:47,141] {dag.py:2398} INFO - Sync 1 DAGs
[2022-05-07 13:33:47,161] {logging_mixin.py:109} INFO - [2022-05-07 13:33:47,160] {dag.py:2417} INFO - Creating ORM DAG for example_kubernetes_executor
[2022-05-07 13:33:47,180] {logging_mixin.py:109} INFO - [2022-05-07 13:33:47,180] {dag.py:2937} INFO - Setting next_dagrun for example_kubernetes_executor to None
[2022-05-07 13:33:47,206] {processor.py:171} INFO - Processing /home/airflow/.local/lib/python3.7/site-packages/airflow/example_dags/example_kubernetes_executor.py took 6.237 seconds
[2022-05-07 13:34:37,930] {processor.py:163} INFO - Started process (PID=256) to work on /home/airflow/.local/lib/python3.7/site-packages/airflow/example_dags/example_kubernetes_executor.py
[2022-05-07 13:34:37,934] {processor.py:642} INFO - Processing file /home/airflow/.local/lib/python3.7/site-packages/airflow/example_dags/example_kubernetes_executor.py for tasks to queue
[2022-05-07 13:34:37,937] {logging_mixin.py:109} INFO - [2022-05-07 13:34:37,936] {dagbag.py:500} INFO - Filling up the DagBag from /home/airflow/.local/lib/python3.7/site-packages/airflow/example_dags/example_kubernetes_executor.py
[2022-05-07 13:34:37,979] {processor.py:652} INFO - DAG(s) dict_keys(['example_kubernetes_executor']) retrieved from /home/airflow/.local/lib/python3.7/site-packages/airflow/example_dags/example_kubernetes_executor.py
[2022-05-07 13:34:38,037] {logging_mixin.py:109} INFO - [2022-05-07 13:34:38,037] {dag.py:2398} INFO - Sync 1 DAGs
[2022-05-07 13:34:38,072] {logging_mixin.py:109} INFO - [2022-05-07 13:34:38,071] {dag.py:2937} INFO - Setting next_dagrun for example_kubernetes_executor to None
[2022-05-07 13:34:38,094] {processor.py:171} INFO - Processing /home/airflow/.local/lib/python3.7/site-packages/airflow/example_dags/example_kubernetes_executor.py took 0.171 seconds
[2022-05-07 13:35:08,579] {processor.py:163} INFO - Started process (PID=309) to work on /home/airflow/.local/lib/python3.7/site-packages/airflow/example_dags/example_kubernetes_executor.py
[2022-05-07 13:35:08,586] {processor.py:642} INFO - Processing file /home/airflow/.local/lib/python3.7/site-packages/airflow/example_dags/example_kubernetes_executor.py for tasks to queue
[2022-05-07 13:35:08,591] {logging_mixin.py:109} INFO - [2022-05-07 13:35:08,591] {dagbag.py:500} INFO - Filling up the DagBag from /home/airflow/.local/lib/python3.7/site-packages/airflow/example_dags/example_kubernetes_executor.py
[2022-05-07 13:35:08,643] {processor.py:652} INFO - DAG(s) dict_keys(['example_kubernetes_executor']) retrieved from /home/airflow/.local/lib/python3.7/site-packages/airflow/example_dags/example_kubernetes_executor.py
[2022-05-07 13:35:08,705] {logging_mixin.py:109} INFO - [2022-05-07 13:35:08,705] {dag.py:2398} INFO - Sync 1 DAGs
[2022-05-07 13:35:08,740] {logging_mixin.py:109} INFO - [2022-05-07 13:35:08,740] {dag.py:2937} INFO - Setting next_dagrun for example_kubernetes_executor to None
[2022-05-07 13:35:08,766] {processor.py:171} INFO - Processing /home/airflow/.local/lib/python3.7/site-packages/airflow/example_dags/example_kubernetes_executor.py took 0.199 seconds
[2022-05-07 13:35:38,833] {processor.py:163} INFO - Started process (PID=359) to work on /home/airflow/.local/lib/python3.7/site-packages/airflow/example_dags/example_kubernetes_executor.py
[2022-05-07 13:35:38,840] {processor.py:642} INFO - Processing file /home/airflow/.local/lib/python3.7/site-packages/airflow/example_dags/example_kubernetes_executor.py for tasks to queue
[2022-05-07 13:35:38,845] {logging_mixin.py:109} INFO - [2022-05-07 13:35:38,845] {dagbag.py:500} INFO - Filling up the DagBag from /home/airflow/.local/lib/python3.7/site-packages/airflow/example_dags/example_kubernetes_executor.py
[2022-05-07 13:35:38,900] {processor.py:652} INFO - DAG(s) dict_keys(['example_kubernetes_executor']) retrieved from /home/airflow/.local/lib/python3.7/site-packages/airflow/example_dags/example_kubernetes_executor.py
[2022-05-07 13:35:38,950] {logging_mixin.py:109} INFO - [2022-05-07 13:35:38,950] {dag.py:2398} INFO - Sync 1 DAGs
[2022-05-07 13:35:38,983] {logging_mixin.py:109} INFO - [2022-05-07 13:35:38,983] {dag.py:2937} INFO - Setting next_dagrun for example_kubernetes_executor to None
[2022-05-07 13:35:39,006] {processor.py:171} INFO - Processing /home/airflow/.local/lib/python3.7/site-packages/airflow/example_dags/example_kubernetes_executor.py took 0.185 seconds
[2022-05-07 13:36:09,645] {processor.py:163} INFO - Started process (PID=408) to work on /home/airflow/.local/lib/python3.7/site-packages/airflow/example_dags/example_kubernetes_executor.py
[2022-05-07 13:36:09,651] {processor.py:642} INFO - Processing file /home/airflow/.local/lib/python3.7/site-packages/airflow/example_dags/example_kubernetes_executor.py for tasks to queue
[2022-05-07 13:36:09,654] {logging_mixin.py:109} INFO - [2022-05-07 13:36:09,654] {dagbag.py:500} INFO - Filling up the DagBag from /home/airflow/.local/lib/python3.7/site-packages/airflow/example_dags/example_kubernetes_executor.py
[2022-05-07 13:36:09,696] {processor.py:652} INFO - DAG(s) dict_keys(['example_kubernetes_executor']) retrieved from /home/airflow/.local/lib/python3.7/site-packages/airflow/example_dags/example_kubernetes_executor.py
[2022-05-07 13:36:09,773] {logging_mixin.py:109} INFO - [2022-05-07 13:36:09,772] {dag.py:2398} INFO - Sync 1 DAGs
[2022-05-07 13:36:09,832] {logging_mixin.py:109} INFO - [2022-05-07 13:36:09,832] {dag.py:2937} INFO - Setting next_dagrun for example_kubernetes_executor to None
[2022-05-07 13:36:09,857] {processor.py:171} INFO - Processing /home/airflow/.local/lib/python3.7/site-packages/airflow/example_dags/example_kubernetes_executor.py took 0.220 seconds
[2022-05-07 13:36:45,112] {processor.py:163} INFO - Started process (PID=471) to work on /home/airflow/.local/lib/python3.7/site-packages/airflow/example_dags/example_kubernetes_executor.py
[2022-05-07 13:36:45,119] {processor.py:642} INFO - Processing file /home/airflow/.local/lib/python3.7/site-packages/airflow/example_dags/example_kubernetes_executor.py for tasks to queue
[2022-05-07 13:36:45,124] {logging_mixin.py:109} INFO - [2022-05-07 13:36:45,124] {dagbag.py:500} INFO - Filling up the DagBag from /home/airflow/.local/lib/python3.7/site-packages/airflow/example_dags/example_kubernetes_executor.py
[2022-05-07 13:36:45,285] {processor.py:652} INFO - DAG(s) dict_keys(['example_kubernetes_executor']) retrieved from /home/airflow/.local/lib/python3.7/site-packages/airflow/example_dags/example_kubernetes_executor.py
[2022-05-07 13:36:45,427] {logging_mixin.py:109} INFO - [2022-05-07 13:36:45,427] {dag.py:2398} INFO - Sync 1 DAGs
[2022-05-07 13:36:45,493] {logging_mixin.py:109} INFO - [2022-05-07 13:36:45,493] {dag.py:2937} INFO - Setting next_dagrun for example_kubernetes_executor to None
[2022-05-07 13:36:45,533] {processor.py:171} INFO - Processing /home/airflow/.local/lib/python3.7/site-packages/airflow/example_dags/example_kubernetes_executor.py took 0.433 seconds
[2022-05-07 13:37:16,858] {processor.py:163} INFO - Started process (PID=522) to work on /home/airflow/.local/lib/python3.7/site-packages/airflow/example_dags/example_kubernetes_executor.py
[2022-05-07 13:37:16,868] {processor.py:642} INFO - Processing file /home/airflow/.local/lib/python3.7/site-packages/airflow/example_dags/example_kubernetes_executor.py for tasks to queue
[2022-05-07 13:37:16,874] {logging_mixin.py:109} INFO - [2022-05-07 13:37:16,874] {dagbag.py:500} INFO - Filling up the DagBag from /home/airflow/.local/lib/python3.7/site-packages/airflow/example_dags/example_kubernetes_executor.py
[2022-05-07 13:37:16,987] {processor.py:652} INFO - DAG(s) dict_keys(['example_kubernetes_executor']) retrieved from /home/airflow/.local/lib/python3.7/site-packages/airflow/example_dags/example_kubernetes_executor.py
[2022-05-07 13:37:17,114] {logging_mixin.py:109} INFO - [2022-05-07 13:37:17,114] {dag.py:2398} INFO - Sync 1 DAGs
[2022-05-07 13:37:17,205] {logging_mixin.py:109} INFO - [2022-05-07 13:37:17,205] {dag.py:2937} INFO - Setting next_dagrun for example_kubernetes_executor to None
[2022-05-07 13:37:17,252] {processor.py:171} INFO - Processing /home/airflow/.local/lib/python3.7/site-packages/airflow/example_dags/example_kubernetes_executor.py took 0.406 seconds
[2022-05-07 13:37:47,551] {processor.py:163} INFO - Started process (PID=575) to work on /home/airflow/.local/lib/python3.7/site-packages/airflow/example_dags/example_kubernetes_executor.py
[2022-05-07 13:37:47,556] {processor.py:642} INFO - Processing file /home/airflow/.local/lib/python3.7/site-packages/airflow/example_dags/example_kubernetes_executor.py for tasks to queue
[2022-05-07 13:37:47,562] {logging_mixin.py:109} INFO - [2022-05-07 13:37:47,561] {dagbag.py:500} INFO - Filling up the DagBag from /home/airflow/.local/lib/python3.7/site-packages/airflow/example_dags/example_kubernetes_executor.py
[2022-05-07 13:37:47,631] {processor.py:652} INFO - DAG(s) dict_keys(['example_kubernetes_executor']) retrieved from /home/airflow/.local/lib/python3.7/site-packages/airflow/example_dags/example_kubernetes_executor.py
[2022-05-07 13:37:47,711] {logging_mixin.py:109} INFO - [2022-05-07 13:37:47,710] {dag.py:2398} INFO - Sync 1 DAGs
[2022-05-07 13:37:47,736] {logging_mixin.py:109} INFO - [2022-05-07 13:37:47,736] {dag.py:2937} INFO - Setting next_dagrun for example_kubernetes_executor to None
[2022-05-07 13:37:47,753] {processor.py:171} INFO - Processing /home/airflow/.local/lib/python3.7/site-packages/airflow/example_dags/example_kubernetes_executor.py took 0.214 seconds
[2022-05-07 13:38:18,260] {processor.py:163} INFO - Started process (PID=626) to work on /home/airflow/.local/lib/python3.7/site-packages/airflow/example_dags/example_kubernetes_executor.py
[2022-05-07 13:38:18,272] {processor.py:642} INFO - Processing file /home/airflow/.local/lib/python3.7/site-packages/airflow/example_dags/example_kubernetes_executor.py for tasks to queue
[2022-05-07 13:38:18,287] {logging_mixin.py:109} INFO - [2022-05-07 13:38:18,285] {dagbag.py:500} INFO - Filling up the DagBag from /home/airflow/.local/lib/python3.7/site-packages/airflow/example_dags/example_kubernetes_executor.py
[2022-05-07 13:38:18,391] {processor.py:652} INFO - DAG(s) dict_keys(['example_kubernetes_executor']) retrieved from /home/airflow/.local/lib/python3.7/site-packages/airflow/example_dags/example_kubernetes_executor.py
[2022-05-07 13:38:18,486] {logging_mixin.py:109} INFO - [2022-05-07 13:38:18,485] {dag.py:2398} INFO - Sync 1 DAGs
[2022-05-07 13:38:18,581] {logging_mixin.py:109} INFO - [2022-05-07 13:38:18,581] {dag.py:2937} INFO - Setting next_dagrun for example_kubernetes_executor to None
[2022-05-07 13:38:18,647] {processor.py:171} INFO - Processing /home/airflow/.local/lib/python3.7/site-packages/airflow/example_dags/example_kubernetes_executor.py took 0.406 seconds
[2022-05-07 13:38:49,198] {processor.py:163} INFO - Started process (PID=678) to work on /home/airflow/.local/lib/python3.7/site-packages/airflow/example_dags/example_kubernetes_executor.py
[2022-05-07 13:38:49,207] {processor.py:642} INFO - Processing file /home/airflow/.local/lib/python3.7/site-packages/airflow/example_dags/example_kubernetes_executor.py for tasks to queue
[2022-05-07 13:38:49,211] {logging_mixin.py:109} INFO - [2022-05-07 13:38:49,211] {dagbag.py:500} INFO - Filling up the DagBag from /home/airflow/.local/lib/python3.7/site-packages/airflow/example_dags/example_kubernetes_executor.py
[2022-05-07 13:38:49,262] {processor.py:652} INFO - DAG(s) dict_keys(['example_kubernetes_executor']) retrieved from /home/airflow/.local/lib/python3.7/site-packages/airflow/example_dags/example_kubernetes_executor.py
[2022-05-07 13:38:49,310] {logging_mixin.py:109} INFO - [2022-05-07 13:38:49,310] {dag.py:2398} INFO - Sync 1 DAGs
[2022-05-07 13:38:49,338] {logging_mixin.py:109} INFO - [2022-05-07 13:38:49,338] {dag.py:2937} INFO - Setting next_dagrun for example_kubernetes_executor to None
[2022-05-07 13:38:49,358] {processor.py:171} INFO - Processing /home/airflow/.local/lib/python3.7/site-packages/airflow/example_dags/example_kubernetes_executor.py took 0.169 seconds
[2022-05-07 13:39:19,415] {processor.py:163} INFO - Started process (PID=731) to work on /home/airflow/.local/lib/python3.7/site-packages/airflow/example_dags/example_kubernetes_executor.py
[2022-05-07 13:39:19,420] {processor.py:642} INFO - Processing file /home/airflow/.local/lib/python3.7/site-packages/airflow/example_dags/example_kubernetes_executor.py for tasks to queue
[2022-05-07 13:39:19,423] {logging_mixin.py:109} INFO - [2022-05-07 13:39:19,423] {dagbag.py:500} INFO - Filling up the DagBag from /home/airflow/.local/lib/python3.7/site-packages/airflow/example_dags/example_kubernetes_executor.py
[2022-05-07 13:39:19,471] {processor.py:652} INFO - DAG(s) dict_keys(['example_kubernetes_executor']) retrieved from /home/airflow/.local/lib/python3.7/site-packages/airflow/example_dags/example_kubernetes_executor.py
[2022-05-07 13:39:19,521] {logging_mixin.py:109} INFO - [2022-05-07 13:39:19,521] {dag.py:2398} INFO - Sync 1 DAGs
[2022-05-07 13:39:19,572] {logging_mixin.py:109} INFO - [2022-05-07 13:39:19,571] {dag.py:2937} INFO - Setting next_dagrun for example_kubernetes_executor to None
[2022-05-07 13:39:19,598] {processor.py:171} INFO - Processing /home/airflow/.local/lib/python3.7/site-packages/airflow/example_dags/example_kubernetes_executor.py took 0.190 seconds
[2022-05-07 13:39:49,929] {processor.py:163} INFO - Started process (PID=783) to work on /home/airflow/.local/lib/python3.7/site-packages/airflow/example_dags/example_kubernetes_executor.py
[2022-05-07 13:39:49,934] {processor.py:642} INFO - Processing file /home/airflow/.local/lib/python3.7/site-packages/airflow/example_dags/example_kubernetes_executor.py for tasks to queue
[2022-05-07 13:39:49,938] {logging_mixin.py:109} INFO - [2022-05-07 13:39:49,938] {dagbag.py:500} INFO - Filling up the DagBag from /home/airflow/.local/lib/python3.7/site-packages/airflow/example_dags/example_kubernetes_executor.py
[2022-05-07 13:39:49,988] {processor.py:652} INFO - DAG(s) dict_keys(['example_kubernetes_executor']) retrieved from /home/airflow/.local/lib/python3.7/site-packages/airflow/example_dags/example_kubernetes_executor.py
[2022-05-07 13:39:50,044] {logging_mixin.py:109} INFO - [2022-05-07 13:39:50,044] {dag.py:2398} INFO - Sync 1 DAGs
[2022-05-07 13:39:50,079] {logging_mixin.py:109} INFO - [2022-05-07 13:39:50,079] {dag.py:2937} INFO - Setting next_dagrun for example_kubernetes_executor to None
[2022-05-07 13:39:50,102] {processor.py:171} INFO - Processing /home/airflow/.local/lib/python3.7/site-packages/airflow/example_dags/example_kubernetes_executor.py took 0.187 seconds
[2022-05-07 13:40:20,290] {processor.py:163} INFO - Started process (PID=835) to work on /home/airflow/.local/lib/python3.7/site-packages/airflow/example_dags/example_kubernetes_executor.py
[2022-05-07 13:40:20,292] {processor.py:642} INFO - Processing file /home/airflow/.local/lib/python3.7/site-packages/airflow/example_dags/example_kubernetes_executor.py for tasks to queue
[2022-05-07 13:40:20,294] {logging_mixin.py:109} INFO - [2022-05-07 13:40:20,294] {dagbag.py:500} INFO - Filling up the DagBag from /home/airflow/.local/lib/python3.7/site-packages/airflow/example_dags/example_kubernetes_executor.py
[2022-05-07 13:40:20,344] {processor.py:652} INFO - DAG(s) dict_keys(['example_kubernetes_executor']) retrieved from /home/airflow/.local/lib/python3.7/site-packages/airflow/example_dags/example_kubernetes_executor.py
[2022-05-07 13:40:20,409] {logging_mixin.py:109} INFO - [2022-05-07 13:40:20,409] {dag.py:2398} INFO - Sync 1 DAGs
[2022-05-07 13:40:20,447] {logging_mixin.py:109} INFO - [2022-05-07 13:40:20,447] {dag.py:2937} INFO - Setting next_dagrun for example_kubernetes_executor to None
[2022-05-07 13:40:20,486] {processor.py:171} INFO - Processing /home/airflow/.local/lib/python3.7/site-packages/airflow/example_dags/example_kubernetes_executor.py took 0.202 seconds
[2022-05-07 13:40:50,677] {processor.py:163} INFO - Started process (PID=889) to work on /home/airflow/.local/lib/python3.7/site-packages/airflow/example_dags/example_kubernetes_executor.py
[2022-05-07 13:40:50,682] {processor.py:642} INFO - Processing file /home/airflow/.local/lib/python3.7/site-packages/airflow/example_dags/example_kubernetes_executor.py for tasks to queue
[2022-05-07 13:40:50,684] {logging_mixin.py:109} INFO - [2022-05-07 13:40:50,684] {dagbag.py:500} INFO - Filling up the DagBag from /home/airflow/.local/lib/python3.7/site-packages/airflow/example_dags/example_kubernetes_executor.py
[2022-05-07 13:40:50,722] {processor.py:652} INFO - DAG(s) dict_keys(['example_kubernetes_executor']) retrieved from /home/airflow/.local/lib/python3.7/site-packages/airflow/example_dags/example_kubernetes_executor.py
[2022-05-07 13:40:50,769] {logging_mixin.py:109} INFO - [2022-05-07 13:40:50,769] {dag.py:2398} INFO - Sync 1 DAGs
[2022-05-07 13:40:50,798] {logging_mixin.py:109} INFO - [2022-05-07 13:40:50,797] {dag.py:2937} INFO - Setting next_dagrun for example_kubernetes_executor to None
[2022-05-07 13:40:50,816] {processor.py:171} INFO - Processing /home/airflow/.local/lib/python3.7/site-packages/airflow/example_dags/example_kubernetes_executor.py took 0.145 seconds
[2022-05-07 13:41:21,276] {processor.py:163} INFO - Started process (PID=940) to work on /home/airflow/.local/lib/python3.7/site-packages/airflow/example_dags/example_kubernetes_executor.py
[2022-05-07 13:41:21,280] {processor.py:642} INFO - Processing file /home/airflow/.local/lib/python3.7/site-packages/airflow/example_dags/example_kubernetes_executor.py for tasks to queue
[2022-05-07 13:41:21,282] {logging_mixin.py:109} INFO - [2022-05-07 13:41:21,282] {dagbag.py:500} INFO - Filling up the DagBag from /home/airflow/.local/lib/python3.7/site-packages/airflow/example_dags/example_kubernetes_executor.py
[2022-05-07 13:41:21,317] {processor.py:652} INFO - DAG(s) dict_keys(['example_kubernetes_executor']) retrieved from /home/airflow/.local/lib/python3.7/site-packages/airflow/example_dags/example_kubernetes_executor.py
[2022-05-07 13:41:21,354] {logging_mixin.py:109} INFO - [2022-05-07 13:41:21,354] {dag.py:2398} INFO - Sync 1 DAGs
[2022-05-07 13:41:21,379] {logging_mixin.py:109} INFO - [2022-05-07 13:41:21,379] {dag.py:2937} INFO - Setting next_dagrun for example_kubernetes_executor to None
[2022-05-07 13:41:21,397] {processor.py:171} INFO - Processing /home/airflow/.local/lib/python3.7/site-packages/airflow/example_dags/example_kubernetes_executor.py took 0.129 seconds
[2022-05-07 13:41:52,071] {processor.py:163} INFO - Started process (PID=1000) to work on /home/airflow/.local/lib/python3.7/site-packages/airflow/example_dags/example_kubernetes_executor.py
[2022-05-07 13:41:52,077] {processor.py:642} INFO - Processing file /home/airflow/.local/lib/python3.7/site-packages/airflow/example_dags/example_kubernetes_executor.py for tasks to queue
[2022-05-07 13:41:52,080] {logging_mixin.py:109} INFO - [2022-05-07 13:41:52,080] {dagbag.py:500} INFO - Filling up the DagBag from /home/airflow/.local/lib/python3.7/site-packages/airflow/example_dags/example_kubernetes_executor.py
[2022-05-07 13:41:52,122] {processor.py:652} INFO - DAG(s) dict_keys(['example_kubernetes_executor']) retrieved from /home/airflow/.local/lib/python3.7/site-packages/airflow/example_dags/example_kubernetes_executor.py
[2022-05-07 13:41:52,170] {logging_mixin.py:109} INFO - [2022-05-07 13:41:52,170] {dag.py:2398} INFO - Sync 1 DAGs
[2022-05-07 13:41:52,198] {logging_mixin.py:109} INFO - [2022-05-07 13:41:52,198] {dag.py:2937} INFO - Setting next_dagrun for example_kubernetes_executor to None
[2022-05-07 13:41:52,217] {processor.py:171} INFO - Processing /home/airflow/.local/lib/python3.7/site-packages/airflow/example_dags/example_kubernetes_executor.py took 0.157 seconds
[2022-05-07 13:42:22,541] {processor.py:163} INFO - Started process (PID=1052) to work on /home/airflow/.local/lib/python3.7/site-packages/airflow/example_dags/example_kubernetes_executor.py
[2022-05-07 13:42:22,578] {processor.py:642} INFO - Processing file /home/airflow/.local/lib/python3.7/site-packages/airflow/example_dags/example_kubernetes_executor.py for tasks to queue
[2022-05-07 13:42:22,599] {logging_mixin.py:109} INFO - [2022-05-07 13:42:22,598] {dagbag.py:500} INFO - Filling up the DagBag from /home/airflow/.local/lib/python3.7/site-packages/airflow/example_dags/example_kubernetes_executor.py
[2022-05-07 13:42:22,879] {processor.py:652} INFO - DAG(s) dict_keys(['example_kubernetes_executor']) retrieved from /home/airflow/.local/lib/python3.7/site-packages/airflow/example_dags/example_kubernetes_executor.py
[2022-05-07 13:42:22,981] {logging_mixin.py:109} INFO - [2022-05-07 13:42:22,981] {dag.py:2398} INFO - Sync 1 DAGs
[2022-05-07 13:42:23,059] {logging_mixin.py:109} INFO - [2022-05-07 13:42:23,059] {dag.py:2937} INFO - Setting next_dagrun for example_kubernetes_executor to None
[2022-05-07 13:42:23,091] {processor.py:171} INFO - Processing /home/airflow/.local/lib/python3.7/site-packages/airflow/example_dags/example_kubernetes_executor.py took 0.595 seconds
[2022-05-07 13:42:54,087] {processor.py:163} INFO - Started process (PID=1105) to work on /home/airflow/.local/lib/python3.7/site-packages/airflow/example_dags/example_kubernetes_executor.py
[2022-05-07 13:42:54,094] {processor.py:642} INFO - Processing file /home/airflow/.local/lib/python3.7/site-packages/airflow/example_dags/example_kubernetes_executor.py for tasks to queue
[2022-05-07 13:42:54,098] {logging_mixin.py:109} INFO - [2022-05-07 13:42:54,098] {dagbag.py:500} INFO - Filling up the DagBag from /home/airflow/.local/lib/python3.7/site-packages/airflow/example_dags/example_kubernetes_executor.py
[2022-05-07 13:42:54,160] {processor.py:652} INFO - DAG(s) dict_keys(['example_kubernetes_executor']) retrieved from /home/airflow/.local/lib/python3.7/site-packages/airflow/example_dags/example_kubernetes_executor.py
[2022-05-07 13:42:54,240] {logging_mixin.py:109} INFO - [2022-05-07 13:42:54,240] {dag.py:2398} INFO - Sync 1 DAGs
[2022-05-07 13:42:54,288] {logging_mixin.py:109} INFO - [2022-05-07 13:42:54,288] {dag.py:2937} INFO - Setting next_dagrun for example_kubernetes_executor to None
[2022-05-07 13:42:54,330] {processor.py:171} INFO - Processing /home/airflow/.local/lib/python3.7/site-packages/airflow/example_dags/example_kubernetes_executor.py took 0.251 seconds
[2022-05-07 13:43:25,519] {processor.py:163} INFO - Started process (PID=1157) to work on /home/airflow/.local/lib/python3.7/site-packages/airflow/example_dags/example_kubernetes_executor.py
[2022-05-07 13:43:25,536] {processor.py:642} INFO - Processing file /home/airflow/.local/lib/python3.7/site-packages/airflow/example_dags/example_kubernetes_executor.py for tasks to queue
[2022-05-07 13:43:25,557] {logging_mixin.py:109} INFO - [2022-05-07 13:43:25,556] {dagbag.py:500} INFO - Filling up the DagBag from /home/airflow/.local/lib/python3.7/site-packages/airflow/example_dags/example_kubernetes_executor.py
[2022-05-07 13:43:25,776] {processor.py:652} INFO - DAG(s) dict_keys(['example_kubernetes_executor']) retrieved from /home/airflow/.local/lib/python3.7/site-packages/airflow/example_dags/example_kubernetes_executor.py
[2022-05-07 13:43:25,895] {logging_mixin.py:109} INFO - [2022-05-07 13:43:25,895] {dag.py:2398} INFO - Sync 1 DAGs
[2022-05-07 13:43:25,957] {logging_mixin.py:109} INFO - [2022-05-07 13:43:25,957] {dag.py:2937} INFO - Setting next_dagrun for example_kubernetes_executor to None
[2022-05-07 13:43:25,992] {processor.py:171} INFO - Processing /home/airflow/.local/lib/python3.7/site-packages/airflow/example_dags/example_kubernetes_executor.py took 0.511 seconds
[2022-05-07 13:43:56,111] {processor.py:163} INFO - Started process (PID=1210) to work on /home/airflow/.local/lib/python3.7/site-packages/airflow/example_dags/example_kubernetes_executor.py
[2022-05-07 13:43:56,116] {processor.py:642} INFO - Processing file /home/airflow/.local/lib/python3.7/site-packages/airflow/example_dags/example_kubernetes_executor.py for tasks to queue
[2022-05-07 13:43:56,120] {logging_mixin.py:109} INFO - [2022-05-07 13:43:56,120] {dagbag.py:500} INFO - Filling up the DagBag from /home/airflow/.local/lib/python3.7/site-packages/airflow/example_dags/example_kubernetes_executor.py
[2022-05-07 13:43:56,172] {processor.py:652} INFO - DAG(s) dict_keys(['example_kubernetes_executor']) retrieved from /home/airflow/.local/lib/python3.7/site-packages/airflow/example_dags/example_kubernetes_executor.py
[2022-05-07 13:43:56,213] {logging_mixin.py:109} INFO - [2022-05-07 13:43:56,213] {dag.py:2398} INFO - Sync 1 DAGs
[2022-05-07 13:43:56,239] {logging_mixin.py:109} INFO - [2022-05-07 13:43:56,239] {dag.py:2937} INFO - Setting next_dagrun for example_kubernetes_executor to None
[2022-05-07 13:43:56,257] {processor.py:171} INFO - Processing /home/airflow/.local/lib/python3.7/site-packages/airflow/example_dags/example_kubernetes_executor.py took 0.153 seconds
[2022-05-07 13:44:26,810] {processor.py:163} INFO - Started process (PID=1263) to work on /home/airflow/.local/lib/python3.7/site-packages/airflow/example_dags/example_kubernetes_executor.py
[2022-05-07 13:44:26,813] {processor.py:642} INFO - Processing file /home/airflow/.local/lib/python3.7/site-packages/airflow/example_dags/example_kubernetes_executor.py for tasks to queue
[2022-05-07 13:44:26,815] {logging_mixin.py:109} INFO - [2022-05-07 13:44:26,815] {dagbag.py:500} INFO - Filling up the DagBag from /home/airflow/.local/lib/python3.7/site-packages/airflow/example_dags/example_kubernetes_executor.py
[2022-05-07 13:44:26,848] {processor.py:652} INFO - DAG(s) dict_keys(['example_kubernetes_executor']) retrieved from /home/airflow/.local/lib/python3.7/site-packages/airflow/example_dags/example_kubernetes_executor.py
[2022-05-07 13:44:26,900] {logging_mixin.py:109} INFO - [2022-05-07 13:44:26,900] {dag.py:2398} INFO - Sync 1 DAGs
[2022-05-07 13:44:26,933] {logging_mixin.py:109} INFO - [2022-05-07 13:44:26,933] {dag.py:2937} INFO - Setting next_dagrun for example_kubernetes_executor to None
[2022-05-07 13:44:26,951] {processor.py:171} INFO - Processing /home/airflow/.local/lib/python3.7/site-packages/airflow/example_dags/example_kubernetes_executor.py took 0.148 seconds
[2022-05-07 13:44:57,659] {processor.py:163} INFO - Started process (PID=1315) to work on /home/airflow/.local/lib/python3.7/site-packages/airflow/example_dags/example_kubernetes_executor.py
[2022-05-07 13:44:57,662] {processor.py:642} INFO - Processing file /home/airflow/.local/lib/python3.7/site-packages/airflow/example_dags/example_kubernetes_executor.py for tasks to queue
[2022-05-07 13:44:57,665] {logging_mixin.py:109} INFO - [2022-05-07 13:44:57,665] {dagbag.py:500} INFO - Filling up the DagBag from /home/airflow/.local/lib/python3.7/site-packages/airflow/example_dags/example_kubernetes_executor.py
[2022-05-07 13:44:57,714] {processor.py:652} INFO - DAG(s) dict_keys(['example_kubernetes_executor']) retrieved from /home/airflow/.local/lib/python3.7/site-packages/airflow/example_dags/example_kubernetes_executor.py
[2022-05-07 13:44:57,770] {logging_mixin.py:109} INFO - [2022-05-07 13:44:57,770] {dag.py:2398} INFO - Sync 1 DAGs
[2022-05-07 13:44:57,805] {logging_mixin.py:109} INFO - [2022-05-07 13:44:57,805] {dag.py:2937} INFO - Setting next_dagrun for example_kubernetes_executor to None
[2022-05-07 13:44:57,844] {processor.py:171} INFO - Processing /home/airflow/.local/lib/python3.7/site-packages/airflow/example_dags/example_kubernetes_executor.py took 0.195 seconds
[2022-05-07 13:45:27,970] {processor.py:163} INFO - Started process (PID=1366) to work on /home/airflow/.local/lib/python3.7/site-packages/airflow/example_dags/example_kubernetes_executor.py
[2022-05-07 13:45:27,976] {processor.py:642} INFO - Processing file /home/airflow/.local/lib/python3.7/site-packages/airflow/example_dags/example_kubernetes_executor.py for tasks to queue
[2022-05-07 13:45:27,978] {logging_mixin.py:109} INFO - [2022-05-07 13:45:27,978] {dagbag.py:500} INFO - Filling up the DagBag from /home/airflow/.local/lib/python3.7/site-packages/airflow/example_dags/example_kubernetes_executor.py
[2022-05-07 13:45:28,033] {processor.py:652} INFO - DAG(s) dict_keys(['example_kubernetes_executor']) retrieved from /home/airflow/.local/lib/python3.7/site-packages/airflow/example_dags/example_kubernetes_executor.py
[2022-05-07 13:45:28,100] {logging_mixin.py:109} INFO - [2022-05-07 13:45:28,100] {dag.py:2398} INFO - Sync 1 DAGs
[2022-05-07 13:45:28,126] {logging_mixin.py:109} INFO - [2022-05-07 13:45:28,126] {dag.py:2937} INFO - Setting next_dagrun for example_kubernetes_executor to None
[2022-05-07 13:45:28,152] {processor.py:171} INFO - Processing /home/airflow/.local/lib/python3.7/site-packages/airflow/example_dags/example_kubernetes_executor.py took 0.186 seconds
[2022-05-07 13:45:58,647] {processor.py:163} INFO - Started process (PID=1429) to work on /home/airflow/.local/lib/python3.7/site-packages/airflow/example_dags/example_kubernetes_executor.py
[2022-05-07 13:45:58,654] {processor.py:642} INFO - Processing file /home/airflow/.local/lib/python3.7/site-packages/airflow/example_dags/example_kubernetes_executor.py for tasks to queue
[2022-05-07 13:45:58,658] {logging_mixin.py:109} INFO - [2022-05-07 13:45:58,658] {dagbag.py:500} INFO - Filling up the DagBag from /home/airflow/.local/lib/python3.7/site-packages/airflow/example_dags/example_kubernetes_executor.py
[2022-05-07 13:45:58,706] {processor.py:652} INFO - DAG(s) dict_keys(['example_kubernetes_executor']) retrieved from /home/airflow/.local/lib/python3.7/site-packages/airflow/example_dags/example_kubernetes_executor.py
[2022-05-07 13:45:58,776] {logging_mixin.py:109} INFO - [2022-05-07 13:45:58,776] {dag.py:2398} INFO - Sync 1 DAGs
[2022-05-07 13:45:58,806] {logging_mixin.py:109} INFO - [2022-05-07 13:45:58,806] {dag.py:2937} INFO - Setting next_dagrun for example_kubernetes_executor to None
[2022-05-07 13:45:58,821] {processor.py:171} INFO - Processing /home/airflow/.local/lib/python3.7/site-packages/airflow/example_dags/example_kubernetes_executor.py took 0.193 seconds
[2022-05-07 13:46:29,047] {processor.py:163} INFO - Started process (PID=1482) to work on /home/airflow/.local/lib/python3.7/site-packages/airflow/example_dags/example_kubernetes_executor.py
[2022-05-07 13:46:29,063] {processor.py:642} INFO - Processing file /home/airflow/.local/lib/python3.7/site-packages/airflow/example_dags/example_kubernetes_executor.py for tasks to queue
[2022-05-07 13:46:29,071] {logging_mixin.py:109} INFO - [2022-05-07 13:46:29,069] {dagbag.py:500} INFO - Filling up the DagBag from /home/airflow/.local/lib/python3.7/site-packages/airflow/example_dags/example_kubernetes_executor.py
[2022-05-07 13:46:29,132] {processor.py:652} INFO - DAG(s) dict_keys(['example_kubernetes_executor']) retrieved from /home/airflow/.local/lib/python3.7/site-packages/airflow/example_dags/example_kubernetes_executor.py
[2022-05-07 13:46:29,214] {logging_mixin.py:109} INFO - [2022-05-07 13:46:29,213] {dag.py:2398} INFO - Sync 1 DAGs
[2022-05-07 13:46:29,256] {logging_mixin.py:109} INFO - [2022-05-07 13:46:29,256] {dag.py:2937} INFO - Setting next_dagrun for example_kubernetes_executor to None
[2022-05-07 13:46:29,282] {processor.py:171} INFO - Processing /home/airflow/.local/lib/python3.7/site-packages/airflow/example_dags/example_kubernetes_executor.py took 0.249 seconds
[2022-05-07 13:46:59,758] {processor.py:163} INFO - Started process (PID=1535) to work on /home/airflow/.local/lib/python3.7/site-packages/airflow/example_dags/example_kubernetes_executor.py
[2022-05-07 13:46:59,765] {processor.py:642} INFO - Processing file /home/airflow/.local/lib/python3.7/site-packages/airflow/example_dags/example_kubernetes_executor.py for tasks to queue
[2022-05-07 13:46:59,768] {logging_mixin.py:109} INFO - [2022-05-07 13:46:59,768] {dagbag.py:500} INFO - Filling up the DagBag from /home/airflow/.local/lib/python3.7/site-packages/airflow/example_dags/example_kubernetes_executor.py
[2022-05-07 13:46:59,806] {processor.py:652} INFO - DAG(s) dict_keys(['example_kubernetes_executor']) retrieved from /home/airflow/.local/lib/python3.7/site-packages/airflow/example_dags/example_kubernetes_executor.py
[2022-05-07 13:46:59,864] {logging_mixin.py:109} INFO - [2022-05-07 13:46:59,864] {dag.py:2398} INFO - Sync 1 DAGs
[2022-05-07 13:46:59,905] {logging_mixin.py:109} INFO - [2022-05-07 13:46:59,904] {dag.py:2937} INFO - Setting next_dagrun for example_kubernetes_executor to None
[2022-05-07 13:46:59,921] {processor.py:171} INFO - Processing /home/airflow/.local/lib/python3.7/site-packages/airflow/example_dags/example_kubernetes_executor.py took 0.170 seconds
[2022-05-07 13:47:30,594] {processor.py:163} INFO - Started process (PID=1586) to work on /home/airflow/.local/lib/python3.7/site-packages/airflow/example_dags/example_kubernetes_executor.py
[2022-05-07 13:47:30,639] {processor.py:642} INFO - Processing file /home/airflow/.local/lib/python3.7/site-packages/airflow/example_dags/example_kubernetes_executor.py for tasks to queue
[2022-05-07 13:47:30,670] {logging_mixin.py:109} INFO - [2022-05-07 13:47:30,669] {dagbag.py:500} INFO - Filling up the DagBag from /home/airflow/.local/lib/python3.7/site-packages/airflow/example_dags/example_kubernetes_executor.py
[2022-05-07 13:47:31,464] {processor.py:652} INFO - DAG(s) dict_keys(['example_kubernetes_executor']) retrieved from /home/airflow/.local/lib/python3.7/site-packages/airflow/example_dags/example_kubernetes_executor.py
[2022-05-07 13:47:31,952] {logging_mixin.py:109} INFO - [2022-05-07 13:47:31,951] {dag.py:2398} INFO - Sync 1 DAGs
[2022-05-07 13:47:33,092] {logging_mixin.py:109} INFO - [2022-05-07 13:47:33,090] {dag.py:2937} INFO - Setting next_dagrun for example_kubernetes_executor to None
[2022-05-07 13:47:33,786] {processor.py:171} INFO - Processing /home/airflow/.local/lib/python3.7/site-packages/airflow/example_dags/example_kubernetes_executor.py took 3.277 seconds
[2022-05-07 13:49:18,039] {processor.py:163} INFO - Started process (PID=1649) to work on /home/airflow/.local/lib/python3.7/site-packages/airflow/example_dags/example_kubernetes_executor.py
[2022-05-07 13:49:18,068] {processor.py:642} INFO - Processing file /home/airflow/.local/lib/python3.7/site-packages/airflow/example_dags/example_kubernetes_executor.py for tasks to queue
[2022-05-07 13:49:18,080] {logging_mixin.py:109} INFO - [2022-05-07 13:49:18,079] {dagbag.py:500} INFO - Filling up the DagBag from /home/airflow/.local/lib/python3.7/site-packages/airflow/example_dags/example_kubernetes_executor.py
[2022-05-07 13:49:18,377] {processor.py:652} INFO - DAG(s) dict_keys(['example_kubernetes_executor']) retrieved from /home/airflow/.local/lib/python3.7/site-packages/airflow/example_dags/example_kubernetes_executor.py
[2022-05-07 13:49:18,680] {logging_mixin.py:109} INFO - [2022-05-07 13:49:18,680] {dag.py:2398} INFO - Sync 1 DAGs
[2022-05-07 13:49:18,895] {logging_mixin.py:109} INFO - [2022-05-07 13:49:18,895] {dag.py:2937} INFO - Setting next_dagrun for example_kubernetes_executor to None
[2022-05-07 13:49:19,008] {processor.py:171} INFO - Processing /home/airflow/.local/lib/python3.7/site-packages/airflow/example_dags/example_kubernetes_executor.py took 0.996 seconds
[2022-05-07 13:49:49,215] {processor.py:163} INFO - Started process (PID=1703) to work on /home/airflow/.local/lib/python3.7/site-packages/airflow/example_dags/example_kubernetes_executor.py
[2022-05-07 13:49:49,219] {processor.py:642} INFO - Processing file /home/airflow/.local/lib/python3.7/site-packages/airflow/example_dags/example_kubernetes_executor.py for tasks to queue
[2022-05-07 13:49:49,222] {logging_mixin.py:109} INFO - [2022-05-07 13:49:49,222] {dagbag.py:500} INFO - Filling up the DagBag from /home/airflow/.local/lib/python3.7/site-packages/airflow/example_dags/example_kubernetes_executor.py
[2022-05-07 13:49:49,256] {processor.py:652} INFO - DAG(s) dict_keys(['example_kubernetes_executor']) retrieved from /home/airflow/.local/lib/python3.7/site-packages/airflow/example_dags/example_kubernetes_executor.py
[2022-05-07 13:49:49,301] {logging_mixin.py:109} INFO - [2022-05-07 13:49:49,300] {dag.py:2398} INFO - Sync 1 DAGs
[2022-05-07 13:49:49,324] {logging_mixin.py:109} INFO - [2022-05-07 13:49:49,323] {dag.py:2937} INFO - Setting next_dagrun for example_kubernetes_executor to None
[2022-05-07 13:49:49,340] {processor.py:171} INFO - Processing /home/airflow/.local/lib/python3.7/site-packages/airflow/example_dags/example_kubernetes_executor.py took 0.130 seconds
[2022-05-07 13:50:19,976] {processor.py:163} INFO - Started process (PID=1756) to work on /home/airflow/.local/lib/python3.7/site-packages/airflow/example_dags/example_kubernetes_executor.py
[2022-05-07 13:50:19,980] {processor.py:642} INFO - Processing file /home/airflow/.local/lib/python3.7/site-packages/airflow/example_dags/example_kubernetes_executor.py for tasks to queue
[2022-05-07 13:50:19,982] {logging_mixin.py:109} INFO - [2022-05-07 13:50:19,982] {dagbag.py:500} INFO - Filling up the DagBag from /home/airflow/.local/lib/python3.7/site-packages/airflow/example_dags/example_kubernetes_executor.py
[2022-05-07 13:50:20,017] {processor.py:652} INFO - DAG(s) dict_keys(['example_kubernetes_executor']) retrieved from /home/airflow/.local/lib/python3.7/site-packages/airflow/example_dags/example_kubernetes_executor.py
[2022-05-07 13:50:20,070] {logging_mixin.py:109} INFO - [2022-05-07 13:50:20,070] {dag.py:2398} INFO - Sync 1 DAGs
[2022-05-07 13:50:20,100] {logging_mixin.py:109} INFO - [2022-05-07 13:50:20,100] {dag.py:2937} INFO - Setting next_dagrun for example_kubernetes_executor to None
[2022-05-07 13:50:20,123] {processor.py:171} INFO - Processing /home/airflow/.local/lib/python3.7/site-packages/airflow/example_dags/example_kubernetes_executor.py took 0.152 seconds
[2022-05-07 13:50:50,353] {processor.py:163} INFO - Started process (PID=1821) to work on /home/airflow/.local/lib/python3.7/site-packages/airflow/example_dags/example_kubernetes_executor.py
[2022-05-07 13:50:50,356] {processor.py:642} INFO - Processing file /home/airflow/.local/lib/python3.7/site-packages/airflow/example_dags/example_kubernetes_executor.py for tasks to queue
[2022-05-07 13:50:50,359] {logging_mixin.py:109} INFO - [2022-05-07 13:50:50,359] {dagbag.py:500} INFO - Filling up the DagBag from /home/airflow/.local/lib/python3.7/site-packages/airflow/example_dags/example_kubernetes_executor.py
[2022-05-07 13:50:50,396] {processor.py:652} INFO - DAG(s) dict_keys(['example_kubernetes_executor']) retrieved from /home/airflow/.local/lib/python3.7/site-packages/airflow/example_dags/example_kubernetes_executor.py
[2022-05-07 13:50:50,448] {logging_mixin.py:109} INFO - [2022-05-07 13:50:50,447] {dag.py:2398} INFO - Sync 1 DAGs
[2022-05-07 13:50:50,484] {logging_mixin.py:109} INFO - [2022-05-07 13:50:50,484] {dag.py:2937} INFO - Setting next_dagrun for example_kubernetes_executor to None
[2022-05-07 13:50:50,507] {processor.py:171} INFO - Processing /home/airflow/.local/lib/python3.7/site-packages/airflow/example_dags/example_kubernetes_executor.py took 0.160 seconds
[2022-05-07 13:51:20,614] {processor.py:163} INFO - Started process (PID=1874) to work on /home/airflow/.local/lib/python3.7/site-packages/airflow/example_dags/example_kubernetes_executor.py
[2022-05-07 13:51:20,619] {processor.py:642} INFO - Processing file /home/airflow/.local/lib/python3.7/site-packages/airflow/example_dags/example_kubernetes_executor.py for tasks to queue
[2022-05-07 13:51:20,622] {logging_mixin.py:109} INFO - [2022-05-07 13:51:20,621] {dagbag.py:500} INFO - Filling up the DagBag from /home/airflow/.local/lib/python3.7/site-packages/airflow/example_dags/example_kubernetes_executor.py
[2022-05-07 13:51:20,679] {processor.py:652} INFO - DAG(s) dict_keys(['example_kubernetes_executor']) retrieved from /home/airflow/.local/lib/python3.7/site-packages/airflow/example_dags/example_kubernetes_executor.py
[2022-05-07 13:51:20,749] {logging_mixin.py:109} INFO - [2022-05-07 13:51:20,749] {dag.py:2398} INFO - Sync 1 DAGs
[2022-05-07 13:51:20,784] {logging_mixin.py:109} INFO - [2022-05-07 13:51:20,784] {dag.py:2937} INFO - Setting next_dagrun for example_kubernetes_executor to None
[2022-05-07 13:51:20,805] {processor.py:171} INFO - Processing /home/airflow/.local/lib/python3.7/site-packages/airflow/example_dags/example_kubernetes_executor.py took 0.200 seconds
[2022-05-07 13:51:51,095] {processor.py:163} INFO - Started process (PID=1926) to work on /home/airflow/.local/lib/python3.7/site-packages/airflow/example_dags/example_kubernetes_executor.py
[2022-05-07 13:51:51,098] {processor.py:642} INFO - Processing file /home/airflow/.local/lib/python3.7/site-packages/airflow/example_dags/example_kubernetes_executor.py for tasks to queue
[2022-05-07 13:51:51,100] {logging_mixin.py:109} INFO - [2022-05-07 13:51:51,100] {dagbag.py:500} INFO - Filling up the DagBag from /home/airflow/.local/lib/python3.7/site-packages/airflow/example_dags/example_kubernetes_executor.py
[2022-05-07 13:51:51,134] {processor.py:652} INFO - DAG(s) dict_keys(['example_kubernetes_executor']) retrieved from /home/airflow/.local/lib/python3.7/site-packages/airflow/example_dags/example_kubernetes_executor.py
[2022-05-07 13:51:51,186] {logging_mixin.py:109} INFO - [2022-05-07 13:51:51,185] {dag.py:2398} INFO - Sync 1 DAGs
[2022-05-07 13:51:51,227] {logging_mixin.py:109} INFO - [2022-05-07 13:51:51,227] {dag.py:2937} INFO - Setting next_dagrun for example_kubernetes_executor to None
[2022-05-07 13:51:51,254] {processor.py:171} INFO - Processing /home/airflow/.local/lib/python3.7/site-packages/airflow/example_dags/example_kubernetes_executor.py took 0.165 seconds
[2022-05-07 13:52:22,039] {processor.py:163} INFO - Started process (PID=1981) to work on /home/airflow/.local/lib/python3.7/site-packages/airflow/example_dags/example_kubernetes_executor.py
[2022-05-07 13:52:22,042] {processor.py:642} INFO - Processing file /home/airflow/.local/lib/python3.7/site-packages/airflow/example_dags/example_kubernetes_executor.py for tasks to queue
[2022-05-07 13:52:22,045] {logging_mixin.py:109} INFO - [2022-05-07 13:52:22,045] {dagbag.py:500} INFO - Filling up the DagBag from /home/airflow/.local/lib/python3.7/site-packages/airflow/example_dags/example_kubernetes_executor.py
[2022-05-07 13:52:22,093] {processor.py:652} INFO - DAG(s) dict_keys(['example_kubernetes_executor']) retrieved from /home/airflow/.local/lib/python3.7/site-packages/airflow/example_dags/example_kubernetes_executor.py
[2022-05-07 13:52:22,181] {logging_mixin.py:109} INFO - [2022-05-07 13:52:22,181] {dag.py:2398} INFO - Sync 1 DAGs
[2022-05-07 13:52:22,274] {logging_mixin.py:109} INFO - [2022-05-07 13:52:22,273] {dag.py:2937} INFO - Setting next_dagrun for example_kubernetes_executor to None
[2022-05-07 13:52:22,328] {processor.py:171} INFO - Processing /home/airflow/.local/lib/python3.7/site-packages/airflow/example_dags/example_kubernetes_executor.py took 0.297 seconds
[2022-05-07 13:52:52,772] {processor.py:163} INFO - Started process (PID=2034) to work on /home/airflow/.local/lib/python3.7/site-packages/airflow/example_dags/example_kubernetes_executor.py
[2022-05-07 13:52:52,778] {processor.py:642} INFO - Processing file /home/airflow/.local/lib/python3.7/site-packages/airflow/example_dags/example_kubernetes_executor.py for tasks to queue
[2022-05-07 13:52:52,782] {logging_mixin.py:109} INFO - [2022-05-07 13:52:52,782] {dagbag.py:500} INFO - Filling up the DagBag from /home/airflow/.local/lib/python3.7/site-packages/airflow/example_dags/example_kubernetes_executor.py
[2022-05-07 13:52:52,819] {processor.py:652} INFO - DAG(s) dict_keys(['example_kubernetes_executor']) retrieved from /home/airflow/.local/lib/python3.7/site-packages/airflow/example_dags/example_kubernetes_executor.py
[2022-05-07 13:52:52,872] {logging_mixin.py:109} INFO - [2022-05-07 13:52:52,871] {dag.py:2398} INFO - Sync 1 DAGs
[2022-05-07 13:52:52,908] {logging_mixin.py:109} INFO - [2022-05-07 13:52:52,908] {dag.py:2937} INFO - Setting next_dagrun for example_kubernetes_executor to None
[2022-05-07 13:52:52,938] {processor.py:171} INFO - Processing /home/airflow/.local/lib/python3.7/site-packages/airflow/example_dags/example_kubernetes_executor.py took 0.178 seconds
[2022-05-07 13:53:23,038] {processor.py:163} INFO - Started process (PID=2100) to work on /home/airflow/.local/lib/python3.7/site-packages/airflow/example_dags/example_kubernetes_executor.py
[2022-05-07 13:53:23,042] {processor.py:642} INFO - Processing file /home/airflow/.local/lib/python3.7/site-packages/airflow/example_dags/example_kubernetes_executor.py for tasks to queue
[2022-05-07 13:53:23,044] {logging_mixin.py:109} INFO - [2022-05-07 13:53:23,044] {dagbag.py:500} INFO - Filling up the DagBag from /home/airflow/.local/lib/python3.7/site-packages/airflow/example_dags/example_kubernetes_executor.py
[2022-05-07 13:53:23,086] {processor.py:652} INFO - DAG(s) dict_keys(['example_kubernetes_executor']) retrieved from /home/airflow/.local/lib/python3.7/site-packages/airflow/example_dags/example_kubernetes_executor.py
[2022-05-07 13:53:23,132] {logging_mixin.py:109} INFO - [2022-05-07 13:53:23,131] {dag.py:2398} INFO - Sync 1 DAGs
[2022-05-07 13:53:23,156] {logging_mixin.py:109} INFO - [2022-05-07 13:53:23,155] {dag.py:2937} INFO - Setting next_dagrun for example_kubernetes_executor to None
[2022-05-07 13:53:23,173] {processor.py:171} INFO - Processing /home/airflow/.local/lib/python3.7/site-packages/airflow/example_dags/example_kubernetes_executor.py took 0.142 seconds
[2022-05-07 13:53:53,805] {processor.py:163} INFO - Started process (PID=2155) to work on /home/airflow/.local/lib/python3.7/site-packages/airflow/example_dags/example_kubernetes_executor.py
[2022-05-07 13:53:53,815] {processor.py:642} INFO - Processing file /home/airflow/.local/lib/python3.7/site-packages/airflow/example_dags/example_kubernetes_executor.py for tasks to queue
[2022-05-07 13:53:53,821] {logging_mixin.py:109} INFO - [2022-05-07 13:53:53,820] {dagbag.py:500} INFO - Filling up the DagBag from /home/airflow/.local/lib/python3.7/site-packages/airflow/example_dags/example_kubernetes_executor.py
[2022-05-07 13:53:53,864] {processor.py:652} INFO - DAG(s) dict_keys(['example_kubernetes_executor']) retrieved from /home/airflow/.local/lib/python3.7/site-packages/airflow/example_dags/example_kubernetes_executor.py
[2022-05-07 13:53:53,909] {logging_mixin.py:109} INFO - [2022-05-07 13:53:53,909] {dag.py:2398} INFO - Sync 1 DAGs
[2022-05-07 13:53:53,936] {logging_mixin.py:109} INFO - [2022-05-07 13:53:53,936] {dag.py:2937} INFO - Setting next_dagrun for example_kubernetes_executor to None
[2022-05-07 13:53:53,962] {processor.py:171} INFO - Processing /home/airflow/.local/lib/python3.7/site-packages/airflow/example_dags/example_kubernetes_executor.py took 0.169 seconds
[2022-05-07 13:54:24,027] {processor.py:163} INFO - Started process (PID=2207) to work on /home/airflow/.local/lib/python3.7/site-packages/airflow/example_dags/example_kubernetes_executor.py
[2022-05-07 13:54:24,031] {processor.py:642} INFO - Processing file /home/airflow/.local/lib/python3.7/site-packages/airflow/example_dags/example_kubernetes_executor.py for tasks to queue
[2022-05-07 13:54:24,035] {logging_mixin.py:109} INFO - [2022-05-07 13:54:24,035] {dagbag.py:500} INFO - Filling up the DagBag from /home/airflow/.local/lib/python3.7/site-packages/airflow/example_dags/example_kubernetes_executor.py
[2022-05-07 13:54:24,072] {processor.py:652} INFO - DAG(s) dict_keys(['example_kubernetes_executor']) retrieved from /home/airflow/.local/lib/python3.7/site-packages/airflow/example_dags/example_kubernetes_executor.py
[2022-05-07 13:54:24,122] {logging_mixin.py:109} INFO - [2022-05-07 13:54:24,121] {dag.py:2398} INFO - Sync 1 DAGs
[2022-05-07 13:54:24,154] {logging_mixin.py:109} INFO - [2022-05-07 13:54:24,154] {dag.py:2937} INFO - Setting next_dagrun for example_kubernetes_executor to None
[2022-05-07 13:54:24,184] {processor.py:171} INFO - Processing /home/airflow/.local/lib/python3.7/site-packages/airflow/example_dags/example_kubernetes_executor.py took 0.162 seconds
[2022-05-07 13:54:54,299] {processor.py:163} INFO - Started process (PID=2259) to work on /home/airflow/.local/lib/python3.7/site-packages/airflow/example_dags/example_kubernetes_executor.py
[2022-05-07 13:54:54,305] {processor.py:642} INFO - Processing file /home/airflow/.local/lib/python3.7/site-packages/airflow/example_dags/example_kubernetes_executor.py for tasks to queue
[2022-05-07 13:54:54,311] {logging_mixin.py:109} INFO - [2022-05-07 13:54:54,311] {dagbag.py:500} INFO - Filling up the DagBag from /home/airflow/.local/lib/python3.7/site-packages/airflow/example_dags/example_kubernetes_executor.py
[2022-05-07 13:54:54,359] {processor.py:652} INFO - DAG(s) dict_keys(['example_kubernetes_executor']) retrieved from /home/airflow/.local/lib/python3.7/site-packages/airflow/example_dags/example_kubernetes_executor.py
[2022-05-07 13:54:54,404] {logging_mixin.py:109} INFO - [2022-05-07 13:54:54,404] {dag.py:2398} INFO - Sync 1 DAGs
[2022-05-07 13:54:54,447] {logging_mixin.py:109} INFO - [2022-05-07 13:54:54,447] {dag.py:2937} INFO - Setting next_dagrun for example_kubernetes_executor to None
[2022-05-07 13:54:54,464] {processor.py:171} INFO - Processing /home/airflow/.local/lib/python3.7/site-packages/airflow/example_dags/example_kubernetes_executor.py took 0.171 seconds
[2022-05-07 13:55:24,655] {processor.py:163} INFO - Started process (PID=2322) to work on /home/airflow/.local/lib/python3.7/site-packages/airflow/example_dags/example_kubernetes_executor.py
[2022-05-07 13:55:24,658] {processor.py:642} INFO - Processing file /home/airflow/.local/lib/python3.7/site-packages/airflow/example_dags/example_kubernetes_executor.py for tasks to queue
[2022-05-07 13:55:24,661] {logging_mixin.py:109} INFO - [2022-05-07 13:55:24,660] {dagbag.py:500} INFO - Filling up the DagBag from /home/airflow/.local/lib/python3.7/site-packages/airflow/example_dags/example_kubernetes_executor.py
[2022-05-07 13:55:24,696] {processor.py:652} INFO - DAG(s) dict_keys(['example_kubernetes_executor']) retrieved from /home/airflow/.local/lib/python3.7/site-packages/airflow/example_dags/example_kubernetes_executor.py
[2022-05-07 13:55:24,753] {logging_mixin.py:109} INFO - [2022-05-07 13:55:24,753] {dag.py:2398} INFO - Sync 1 DAGs
[2022-05-07 13:55:24,778] {logging_mixin.py:109} INFO - [2022-05-07 13:55:24,778] {dag.py:2937} INFO - Setting next_dagrun for example_kubernetes_executor to None
[2022-05-07 13:55:24,804] {processor.py:171} INFO - Processing /home/airflow/.local/lib/python3.7/site-packages/airflow/example_dags/example_kubernetes_executor.py took 0.154 seconds
[2022-05-07 13:55:54,972] {processor.py:163} INFO - Started process (PID=2375) to work on /home/airflow/.local/lib/python3.7/site-packages/airflow/example_dags/example_kubernetes_executor.py
[2022-05-07 13:55:54,979] {processor.py:642} INFO - Processing file /home/airflow/.local/lib/python3.7/site-packages/airflow/example_dags/example_kubernetes_executor.py for tasks to queue
[2022-05-07 13:55:54,981] {logging_mixin.py:109} INFO - [2022-05-07 13:55:54,981] {dagbag.py:500} INFO - Filling up the DagBag from /home/airflow/.local/lib/python3.7/site-packages/airflow/example_dags/example_kubernetes_executor.py
[2022-05-07 13:55:55,017] {processor.py:652} INFO - DAG(s) dict_keys(['example_kubernetes_executor']) retrieved from /home/airflow/.local/lib/python3.7/site-packages/airflow/example_dags/example_kubernetes_executor.py
[2022-05-07 13:55:55,069] {logging_mixin.py:109} INFO - [2022-05-07 13:55:55,069] {dag.py:2398} INFO - Sync 1 DAGs
[2022-05-07 13:55:55,101] {logging_mixin.py:109} INFO - [2022-05-07 13:55:55,101] {dag.py:2937} INFO - Setting next_dagrun for example_kubernetes_executor to None
[2022-05-07 13:55:55,124] {processor.py:171} INFO - Processing /home/airflow/.local/lib/python3.7/site-packages/airflow/example_dags/example_kubernetes_executor.py took 0.168 seconds
[2022-05-07 13:56:25,311] {processor.py:163} INFO - Started process (PID=2426) to work on /home/airflow/.local/lib/python3.7/site-packages/airflow/example_dags/example_kubernetes_executor.py
[2022-05-07 13:56:25,315] {processor.py:642} INFO - Processing file /home/airflow/.local/lib/python3.7/site-packages/airflow/example_dags/example_kubernetes_executor.py for tasks to queue
[2022-05-07 13:56:25,318] {logging_mixin.py:109} INFO - [2022-05-07 13:56:25,317] {dagbag.py:500} INFO - Filling up the DagBag from /home/airflow/.local/lib/python3.7/site-packages/airflow/example_dags/example_kubernetes_executor.py
[2022-05-07 13:56:25,355] {processor.py:652} INFO - DAG(s) dict_keys(['example_kubernetes_executor']) retrieved from /home/airflow/.local/lib/python3.7/site-packages/airflow/example_dags/example_kubernetes_executor.py
[2022-05-07 13:56:25,394] {logging_mixin.py:109} INFO - [2022-05-07 13:56:25,394] {dag.py:2398} INFO - Sync 1 DAGs
[2022-05-07 13:56:25,416] {logging_mixin.py:109} INFO - [2022-05-07 13:56:25,416] {dag.py:2937} INFO - Setting next_dagrun for example_kubernetes_executor to None
[2022-05-07 13:56:25,434] {processor.py:171} INFO - Processing /home/airflow/.local/lib/python3.7/site-packages/airflow/example_dags/example_kubernetes_executor.py took 0.128 seconds
[2022-05-07 13:56:55,639] {processor.py:163} INFO - Started process (PID=2477) to work on /home/airflow/.local/lib/python3.7/site-packages/airflow/example_dags/example_kubernetes_executor.py
[2022-05-07 13:56:55,643] {processor.py:642} INFO - Processing file /home/airflow/.local/lib/python3.7/site-packages/airflow/example_dags/example_kubernetes_executor.py for tasks to queue
[2022-05-07 13:56:55,647] {logging_mixin.py:109} INFO - [2022-05-07 13:56:55,647] {dagbag.py:500} INFO - Filling up the DagBag from /home/airflow/.local/lib/python3.7/site-packages/airflow/example_dags/example_kubernetes_executor.py
[2022-05-07 13:56:55,721] {processor.py:652} INFO - DAG(s) dict_keys(['example_kubernetes_executor']) retrieved from /home/airflow/.local/lib/python3.7/site-packages/airflow/example_dags/example_kubernetes_executor.py
[2022-05-07 13:56:55,857] {logging_mixin.py:109} INFO - [2022-05-07 13:56:55,856] {dag.py:2398} INFO - Sync 1 DAGs
[2022-05-07 13:56:55,897] {logging_mixin.py:109} INFO - [2022-05-07 13:56:55,896] {dag.py:2937} INFO - Setting next_dagrun for example_kubernetes_executor to None
[2022-05-07 13:56:55,930] {processor.py:171} INFO - Processing /home/airflow/.local/lib/python3.7/site-packages/airflow/example_dags/example_kubernetes_executor.py took 0.302 seconds
[2022-05-07 13:57:26,364] {processor.py:163} INFO - Started process (PID=2537) to work on /home/airflow/.local/lib/python3.7/site-packages/airflow/example_dags/example_kubernetes_executor.py
[2022-05-07 13:57:26,373] {processor.py:642} INFO - Processing file /home/airflow/.local/lib/python3.7/site-packages/airflow/example_dags/example_kubernetes_executor.py for tasks to queue
[2022-05-07 13:57:26,377] {logging_mixin.py:109} INFO - [2022-05-07 13:57:26,376] {dagbag.py:500} INFO - Filling up the DagBag from /home/airflow/.local/lib/python3.7/site-packages/airflow/example_dags/example_kubernetes_executor.py
[2022-05-07 13:57:26,445] {processor.py:652} INFO - DAG(s) dict_keys(['example_kubernetes_executor']) retrieved from /home/airflow/.local/lib/python3.7/site-packages/airflow/example_dags/example_kubernetes_executor.py
[2022-05-07 13:57:26,512] {logging_mixin.py:109} INFO - [2022-05-07 13:57:26,512] {dag.py:2398} INFO - Sync 1 DAGs
[2022-05-07 13:57:26,555] {logging_mixin.py:109} INFO - [2022-05-07 13:57:26,555] {dag.py:2937} INFO - Setting next_dagrun for example_kubernetes_executor to None
[2022-05-07 13:57:26,576] {processor.py:171} INFO - Processing /home/airflow/.local/lib/python3.7/site-packages/airflow/example_dags/example_kubernetes_executor.py took 0.225 seconds
