[2022-05-07 13:33:36,266] {processor.py:163} INFO - Started process (PID=79) to work on /home/airflow/.local/lib/python3.7/site-packages/airflow/example_dags/example_dag_decorator.py
[2022-05-07 13:33:36,271] {processor.py:642} INFO - Processing file /home/airflow/.local/lib/python3.7/site-packages/airflow/example_dags/example_dag_decorator.py for tasks to queue
[2022-05-07 13:33:36,279] {logging_mixin.py:109} INFO - [2022-05-07 13:33:36,279] {dagbag.py:500} INFO - Filling up the DagBag from /home/airflow/.local/lib/python3.7/site-packages/airflow/example_dags/example_dag_decorator.py
[2022-05-07 13:33:36,389] {processor.py:652} INFO - DAG(s) dict_keys(['example_dag_decorator']) retrieved from /home/airflow/.local/lib/python3.7/site-packages/airflow/example_dags/example_dag_decorator.py
[2022-05-07 13:33:40,574] {logging_mixin.py:109} INFO - [2022-05-07 13:33:40,573] {manager.py:496} INFO - Created Permission View: can edit on DAG:example_dag_decorator
[2022-05-07 13:33:40,596] {logging_mixin.py:109} INFO - [2022-05-07 13:33:40,596] {manager.py:496} INFO - Created Permission View: can read on DAG:example_dag_decorator
[2022-05-07 13:33:40,598] {logging_mixin.py:109} INFO - [2022-05-07 13:33:40,598] {dag.py:2398} INFO - Sync 1 DAGs
[2022-05-07 13:33:40,617] {logging_mixin.py:109} INFO - [2022-05-07 13:33:40,616] {dag.py:2417} INFO - Creating ORM DAG for example_dag_decorator
[2022-05-07 13:33:40,644] {logging_mixin.py:109} INFO - [2022-05-07 13:33:40,643] {dag.py:2937} INFO - Setting next_dagrun for example_dag_decorator to None
[2022-05-07 13:33:40,700] {processor.py:171} INFO - Processing /home/airflow/.local/lib/python3.7/site-packages/airflow/example_dags/example_dag_decorator.py took 4.440 seconds
[2022-05-07 13:34:37,146] {processor.py:163} INFO - Started process (PID=254) to work on /home/airflow/.local/lib/python3.7/site-packages/airflow/example_dags/example_dag_decorator.py
[2022-05-07 13:34:37,150] {processor.py:642} INFO - Processing file /home/airflow/.local/lib/python3.7/site-packages/airflow/example_dags/example_dag_decorator.py for tasks to queue
[2022-05-07 13:34:37,152] {logging_mixin.py:109} INFO - [2022-05-07 13:34:37,152] {dagbag.py:500} INFO - Filling up the DagBag from /home/airflow/.local/lib/python3.7/site-packages/airflow/example_dags/example_dag_decorator.py
[2022-05-07 13:34:37,201] {processor.py:652} INFO - DAG(s) dict_keys(['example_dag_decorator']) retrieved from /home/airflow/.local/lib/python3.7/site-packages/airflow/example_dags/example_dag_decorator.py
[2022-05-07 13:34:37,814] {logging_mixin.py:109} INFO - [2022-05-07 13:34:37,814] {dag.py:2398} INFO - Sync 1 DAGs
[2022-05-07 13:34:37,843] {logging_mixin.py:109} INFO - [2022-05-07 13:34:37,843] {dag.py:2937} INFO - Setting next_dagrun for example_dag_decorator to None
[2022-05-07 13:34:37,861] {processor.py:171} INFO - Processing /home/airflow/.local/lib/python3.7/site-packages/airflow/example_dags/example_dag_decorator.py took 0.720 seconds
[2022-05-07 13:35:07,946] {processor.py:163} INFO - Started process (PID=307) to work on /home/airflow/.local/lib/python3.7/site-packages/airflow/example_dags/example_dag_decorator.py
[2022-05-07 13:35:07,949] {processor.py:642} INFO - Processing file /home/airflow/.local/lib/python3.7/site-packages/airflow/example_dags/example_dag_decorator.py for tasks to queue
[2022-05-07 13:35:07,952] {logging_mixin.py:109} INFO - [2022-05-07 13:35:07,952] {dagbag.py:500} INFO - Filling up the DagBag from /home/airflow/.local/lib/python3.7/site-packages/airflow/example_dags/example_dag_decorator.py
[2022-05-07 13:35:07,991] {processor.py:652} INFO - DAG(s) dict_keys(['example_dag_decorator']) retrieved from /home/airflow/.local/lib/python3.7/site-packages/airflow/example_dags/example_dag_decorator.py
[2022-05-07 13:35:08,442] {logging_mixin.py:109} INFO - [2022-05-07 13:35:08,441] {dag.py:2398} INFO - Sync 1 DAGs
[2022-05-07 13:35:08,465] {logging_mixin.py:109} INFO - [2022-05-07 13:35:08,465] {dag.py:2937} INFO - Setting next_dagrun for example_dag_decorator to None
[2022-05-07 13:35:08,488] {processor.py:171} INFO - Processing /home/airflow/.local/lib/python3.7/site-packages/airflow/example_dags/example_dag_decorator.py took 0.547 seconds
[2022-05-07 13:35:38,785] {processor.py:163} INFO - Started process (PID=358) to work on /home/airflow/.local/lib/python3.7/site-packages/airflow/example_dags/example_dag_decorator.py
[2022-05-07 13:35:38,789] {processor.py:642} INFO - Processing file /home/airflow/.local/lib/python3.7/site-packages/airflow/example_dags/example_dag_decorator.py for tasks to queue
[2022-05-07 13:35:38,791] {logging_mixin.py:109} INFO - [2022-05-07 13:35:38,791] {dagbag.py:500} INFO - Filling up the DagBag from /home/airflow/.local/lib/python3.7/site-packages/airflow/example_dags/example_dag_decorator.py
[2022-05-07 13:35:38,849] {processor.py:652} INFO - DAG(s) dict_keys(['example_dag_decorator']) retrieved from /home/airflow/.local/lib/python3.7/site-packages/airflow/example_dags/example_dag_decorator.py
[2022-05-07 13:35:39,288] {logging_mixin.py:109} INFO - [2022-05-07 13:35:39,287] {dag.py:2398} INFO - Sync 1 DAGs
[2022-05-07 13:35:39,308] {logging_mixin.py:109} INFO - [2022-05-07 13:35:39,308] {dag.py:2937} INFO - Setting next_dagrun for example_dag_decorator to None
[2022-05-07 13:35:39,328] {processor.py:171} INFO - Processing /home/airflow/.local/lib/python3.7/site-packages/airflow/example_dags/example_dag_decorator.py took 0.548 seconds
[2022-05-07 13:36:09,958] {processor.py:163} INFO - Started process (PID=416) to work on /home/airflow/.local/lib/python3.7/site-packages/airflow/example_dags/example_dag_decorator.py
[2022-05-07 13:36:09,966] {processor.py:642} INFO - Processing file /home/airflow/.local/lib/python3.7/site-packages/airflow/example_dags/example_dag_decorator.py for tasks to queue
[2022-05-07 13:36:09,972] {logging_mixin.py:109} INFO - [2022-05-07 13:36:09,971] {dagbag.py:500} INFO - Filling up the DagBag from /home/airflow/.local/lib/python3.7/site-packages/airflow/example_dags/example_dag_decorator.py
[2022-05-07 13:36:10,063] {processor.py:652} INFO - DAG(s) dict_keys(['example_dag_decorator']) retrieved from /home/airflow/.local/lib/python3.7/site-packages/airflow/example_dags/example_dag_decorator.py
[2022-05-07 13:36:10,626] {logging_mixin.py:109} INFO - [2022-05-07 13:36:10,626] {dag.py:2398} INFO - Sync 1 DAGs
[2022-05-07 13:36:10,653] {logging_mixin.py:109} INFO - [2022-05-07 13:36:10,653] {dag.py:2937} INFO - Setting next_dagrun for example_dag_decorator to None
[2022-05-07 13:36:10,679] {processor.py:171} INFO - Processing /home/airflow/.local/lib/python3.7/site-packages/airflow/example_dags/example_dag_decorator.py took 0.735 seconds
[2022-05-07 13:36:45,038] {processor.py:163} INFO - Started process (PID=470) to work on /home/airflow/.local/lib/python3.7/site-packages/airflow/example_dags/example_dag_decorator.py
[2022-05-07 13:36:45,054] {processor.py:642} INFO - Processing file /home/airflow/.local/lib/python3.7/site-packages/airflow/example_dags/example_dag_decorator.py for tasks to queue
[2022-05-07 13:36:45,063] {logging_mixin.py:109} INFO - [2022-05-07 13:36:45,061] {dagbag.py:500} INFO - Filling up the DagBag from /home/airflow/.local/lib/python3.7/site-packages/airflow/example_dags/example_dag_decorator.py
[2022-05-07 13:36:45,198] {processor.py:652} INFO - DAG(s) dict_keys(['example_dag_decorator']) retrieved from /home/airflow/.local/lib/python3.7/site-packages/airflow/example_dags/example_dag_decorator.py
[2022-05-07 13:36:46,206] {logging_mixin.py:109} INFO - [2022-05-07 13:36:46,206] {dag.py:2398} INFO - Sync 1 DAGs
[2022-05-07 13:36:46,286] {logging_mixin.py:109} INFO - [2022-05-07 13:36:46,285] {dag.py:2937} INFO - Setting next_dagrun for example_dag_decorator to None
[2022-05-07 13:36:46,363] {processor.py:171} INFO - Processing /home/airflow/.local/lib/python3.7/site-packages/airflow/example_dags/example_dag_decorator.py took 1.337 seconds
[2022-05-07 13:37:17,155] {processor.py:163} INFO - Started process (PID=523) to work on /home/airflow/.local/lib/python3.7/site-packages/airflow/example_dags/example_dag_decorator.py
[2022-05-07 13:37:17,161] {processor.py:642} INFO - Processing file /home/airflow/.local/lib/python3.7/site-packages/airflow/example_dags/example_dag_decorator.py for tasks to queue
[2022-05-07 13:37:17,168] {logging_mixin.py:109} INFO - [2022-05-07 13:37:17,168] {dagbag.py:500} INFO - Filling up the DagBag from /home/airflow/.local/lib/python3.7/site-packages/airflow/example_dags/example_dag_decorator.py
[2022-05-07 13:37:17,224] {processor.py:652} INFO - DAG(s) dict_keys(['example_dag_decorator']) retrieved from /home/airflow/.local/lib/python3.7/site-packages/airflow/example_dags/example_dag_decorator.py
[2022-05-07 13:37:18,506] {logging_mixin.py:109} INFO - [2022-05-07 13:37:18,505] {dag.py:2398} INFO - Sync 1 DAGs
[2022-05-07 13:37:18,593] {logging_mixin.py:109} INFO - [2022-05-07 13:37:18,593] {dag.py:2937} INFO - Setting next_dagrun for example_dag_decorator to None
[2022-05-07 13:37:18,651] {processor.py:171} INFO - Processing /home/airflow/.local/lib/python3.7/site-packages/airflow/example_dags/example_dag_decorator.py took 1.510 seconds
[2022-05-07 13:37:49,569] {processor.py:163} INFO - Started process (PID=580) to work on /home/airflow/.local/lib/python3.7/site-packages/airflow/example_dags/example_dag_decorator.py
[2022-05-07 13:37:49,572] {processor.py:642} INFO - Processing file /home/airflow/.local/lib/python3.7/site-packages/airflow/example_dags/example_dag_decorator.py for tasks to queue
[2022-05-07 13:37:49,574] {logging_mixin.py:109} INFO - [2022-05-07 13:37:49,574] {dagbag.py:500} INFO - Filling up the DagBag from /home/airflow/.local/lib/python3.7/site-packages/airflow/example_dags/example_dag_decorator.py
[2022-05-07 13:37:49,612] {processor.py:652} INFO - DAG(s) dict_keys(['example_dag_decorator']) retrieved from /home/airflow/.local/lib/python3.7/site-packages/airflow/example_dags/example_dag_decorator.py
[2022-05-07 13:37:50,014] {logging_mixin.py:109} INFO - [2022-05-07 13:37:50,013] {dag.py:2398} INFO - Sync 1 DAGs
[2022-05-07 13:37:50,035] {logging_mixin.py:109} INFO - [2022-05-07 13:37:50,035] {dag.py:2937} INFO - Setting next_dagrun for example_dag_decorator to None
[2022-05-07 13:37:50,052] {processor.py:171} INFO - Processing /home/airflow/.local/lib/python3.7/site-packages/airflow/example_dags/example_dag_decorator.py took 0.488 seconds
[2022-05-07 13:38:20,258] {processor.py:163} INFO - Started process (PID=632) to work on /home/airflow/.local/lib/python3.7/site-packages/airflow/example_dags/example_dag_decorator.py
[2022-05-07 13:38:20,266] {processor.py:642} INFO - Processing file /home/airflow/.local/lib/python3.7/site-packages/airflow/example_dags/example_dag_decorator.py for tasks to queue
[2022-05-07 13:38:20,271] {logging_mixin.py:109} INFO - [2022-05-07 13:38:20,270] {dagbag.py:500} INFO - Filling up the DagBag from /home/airflow/.local/lib/python3.7/site-packages/airflow/example_dags/example_dag_decorator.py
[2022-05-07 13:38:20,321] {processor.py:652} INFO - DAG(s) dict_keys(['example_dag_decorator']) retrieved from /home/airflow/.local/lib/python3.7/site-packages/airflow/example_dags/example_dag_decorator.py
[2022-05-07 13:38:20,945] {logging_mixin.py:109} INFO - [2022-05-07 13:38:20,945] {dag.py:2398} INFO - Sync 1 DAGs
[2022-05-07 13:38:20,975] {logging_mixin.py:109} INFO - [2022-05-07 13:38:20,975] {dag.py:2937} INFO - Setting next_dagrun for example_dag_decorator to None
[2022-05-07 13:38:20,997] {processor.py:171} INFO - Processing /home/airflow/.local/lib/python3.7/site-packages/airflow/example_dags/example_dag_decorator.py took 0.752 seconds
[2022-05-07 13:38:51,111] {processor.py:163} INFO - Started process (PID=683) to work on /home/airflow/.local/lib/python3.7/site-packages/airflow/example_dags/example_dag_decorator.py
[2022-05-07 13:38:51,115] {processor.py:642} INFO - Processing file /home/airflow/.local/lib/python3.7/site-packages/airflow/example_dags/example_dag_decorator.py for tasks to queue
[2022-05-07 13:38:51,117] {logging_mixin.py:109} INFO - [2022-05-07 13:38:51,117] {dagbag.py:500} INFO - Filling up the DagBag from /home/airflow/.local/lib/python3.7/site-packages/airflow/example_dags/example_dag_decorator.py
[2022-05-07 13:38:51,186] {processor.py:652} INFO - DAG(s) dict_keys(['example_dag_decorator']) retrieved from /home/airflow/.local/lib/python3.7/site-packages/airflow/example_dags/example_dag_decorator.py
[2022-05-07 13:38:51,980] {logging_mixin.py:109} INFO - [2022-05-07 13:38:51,980] {dag.py:2398} INFO - Sync 1 DAGs
[2022-05-07 13:38:52,019] {logging_mixin.py:109} INFO - [2022-05-07 13:38:52,019] {dag.py:2937} INFO - Setting next_dagrun for example_dag_decorator to None
[2022-05-07 13:38:52,058] {processor.py:171} INFO - Processing /home/airflow/.local/lib/python3.7/site-packages/airflow/example_dags/example_dag_decorator.py took 0.953 seconds
[2022-05-07 13:39:22,288] {processor.py:163} INFO - Started process (PID=736) to work on /home/airflow/.local/lib/python3.7/site-packages/airflow/example_dags/example_dag_decorator.py
[2022-05-07 13:39:22,293] {processor.py:642} INFO - Processing file /home/airflow/.local/lib/python3.7/site-packages/airflow/example_dags/example_dag_decorator.py for tasks to queue
[2022-05-07 13:39:22,296] {logging_mixin.py:109} INFO - [2022-05-07 13:39:22,296] {dagbag.py:500} INFO - Filling up the DagBag from /home/airflow/.local/lib/python3.7/site-packages/airflow/example_dags/example_dag_decorator.py
[2022-05-07 13:39:22,341] {processor.py:652} INFO - DAG(s) dict_keys(['example_dag_decorator']) retrieved from /home/airflow/.local/lib/python3.7/site-packages/airflow/example_dags/example_dag_decorator.py
[2022-05-07 13:39:22,886] {logging_mixin.py:109} INFO - [2022-05-07 13:39:22,886] {dag.py:2398} INFO - Sync 1 DAGs
[2022-05-07 13:39:22,915] {logging_mixin.py:109} INFO - [2022-05-07 13:39:22,914] {dag.py:2937} INFO - Setting next_dagrun for example_dag_decorator to None
[2022-05-07 13:39:22,941] {processor.py:171} INFO - Processing /home/airflow/.local/lib/python3.7/site-packages/airflow/example_dags/example_dag_decorator.py took 0.660 seconds
[2022-05-07 13:39:53,338] {processor.py:163} INFO - Started process (PID=788) to work on /home/airflow/.local/lib/python3.7/site-packages/airflow/example_dags/example_dag_decorator.py
[2022-05-07 13:39:53,343] {processor.py:642} INFO - Processing file /home/airflow/.local/lib/python3.7/site-packages/airflow/example_dags/example_dag_decorator.py for tasks to queue
[2022-05-07 13:39:53,349] {logging_mixin.py:109} INFO - [2022-05-07 13:39:53,348] {dagbag.py:500} INFO - Filling up the DagBag from /home/airflow/.local/lib/python3.7/site-packages/airflow/example_dags/example_dag_decorator.py
[2022-05-07 13:39:53,421] {processor.py:652} INFO - DAG(s) dict_keys(['example_dag_decorator']) retrieved from /home/airflow/.local/lib/python3.7/site-packages/airflow/example_dags/example_dag_decorator.py
[2022-05-07 13:39:53,947] {logging_mixin.py:109} INFO - [2022-05-07 13:39:53,946] {dag.py:2398} INFO - Sync 1 DAGs
[2022-05-07 13:39:53,987] {logging_mixin.py:109} INFO - [2022-05-07 13:39:53,986] {dag.py:2937} INFO - Setting next_dagrun for example_dag_decorator to None
[2022-05-07 13:39:54,030] {processor.py:171} INFO - Processing /home/airflow/.local/lib/python3.7/site-packages/airflow/example_dags/example_dag_decorator.py took 0.709 seconds
[2022-05-07 13:40:24,583] {processor.py:163} INFO - Started process (PID=851) to work on /home/airflow/.local/lib/python3.7/site-packages/airflow/example_dags/example_dag_decorator.py
[2022-05-07 13:40:24,587] {processor.py:642} INFO - Processing file /home/airflow/.local/lib/python3.7/site-packages/airflow/example_dags/example_dag_decorator.py for tasks to queue
[2022-05-07 13:40:24,589] {logging_mixin.py:109} INFO - [2022-05-07 13:40:24,589] {dagbag.py:500} INFO - Filling up the DagBag from /home/airflow/.local/lib/python3.7/site-packages/airflow/example_dags/example_dag_decorator.py
[2022-05-07 13:40:24,644] {processor.py:652} INFO - DAG(s) dict_keys(['example_dag_decorator']) retrieved from /home/airflow/.local/lib/python3.7/site-packages/airflow/example_dags/example_dag_decorator.py
[2022-05-07 13:40:25,197] {logging_mixin.py:109} INFO - [2022-05-07 13:40:25,196] {dag.py:2398} INFO - Sync 1 DAGs
[2022-05-07 13:40:25,227] {logging_mixin.py:109} INFO - [2022-05-07 13:40:25,227] {dag.py:2937} INFO - Setting next_dagrun for example_dag_decorator to None
[2022-05-07 13:40:25,249] {processor.py:171} INFO - Processing /home/airflow/.local/lib/python3.7/site-packages/airflow/example_dags/example_dag_decorator.py took 0.672 seconds
[2022-05-07 13:40:55,929] {processor.py:163} INFO - Started process (PID=904) to work on /home/airflow/.local/lib/python3.7/site-packages/airflow/example_dags/example_dag_decorator.py
[2022-05-07 13:40:55,933] {processor.py:642} INFO - Processing file /home/airflow/.local/lib/python3.7/site-packages/airflow/example_dags/example_dag_decorator.py for tasks to queue
[2022-05-07 13:40:55,936] {logging_mixin.py:109} INFO - [2022-05-07 13:40:55,936] {dagbag.py:500} INFO - Filling up the DagBag from /home/airflow/.local/lib/python3.7/site-packages/airflow/example_dags/example_dag_decorator.py
[2022-05-07 13:40:56,029] {processor.py:652} INFO - DAG(s) dict_keys(['example_dag_decorator']) retrieved from /home/airflow/.local/lib/python3.7/site-packages/airflow/example_dags/example_dag_decorator.py
[2022-05-07 13:40:56,557] {logging_mixin.py:109} INFO - [2022-05-07 13:40:56,557] {dag.py:2398} INFO - Sync 1 DAGs
[2022-05-07 13:40:56,581] {logging_mixin.py:109} INFO - [2022-05-07 13:40:56,581] {dag.py:2937} INFO - Setting next_dagrun for example_dag_decorator to None
[2022-05-07 13:40:56,612] {processor.py:171} INFO - Processing /home/airflow/.local/lib/python3.7/site-packages/airflow/example_dags/example_dag_decorator.py took 0.690 seconds
[2022-05-07 13:41:26,772] {processor.py:163} INFO - Started process (PID=955) to work on /home/airflow/.local/lib/python3.7/site-packages/airflow/example_dags/example_dag_decorator.py
[2022-05-07 13:41:26,777] {processor.py:642} INFO - Processing file /home/airflow/.local/lib/python3.7/site-packages/airflow/example_dags/example_dag_decorator.py for tasks to queue
[2022-05-07 13:41:26,779] {logging_mixin.py:109} INFO - [2022-05-07 13:41:26,779] {dagbag.py:500} INFO - Filling up the DagBag from /home/airflow/.local/lib/python3.7/site-packages/airflow/example_dags/example_dag_decorator.py
[2022-05-07 13:41:26,819] {processor.py:652} INFO - DAG(s) dict_keys(['example_dag_decorator']) retrieved from /home/airflow/.local/lib/python3.7/site-packages/airflow/example_dags/example_dag_decorator.py
[2022-05-07 13:41:27,239] {logging_mixin.py:109} INFO - [2022-05-07 13:41:27,239] {dag.py:2398} INFO - Sync 1 DAGs
[2022-05-07 13:41:27,261] {logging_mixin.py:109} INFO - [2022-05-07 13:41:27,261] {dag.py:2937} INFO - Setting next_dagrun for example_dag_decorator to None
[2022-05-07 13:41:27,280] {processor.py:171} INFO - Processing /home/airflow/.local/lib/python3.7/site-packages/airflow/example_dags/example_dag_decorator.py took 0.514 seconds
[2022-05-07 13:41:57,568] {processor.py:163} INFO - Started process (PID=1006) to work on /home/airflow/.local/lib/python3.7/site-packages/airflow/example_dags/example_dag_decorator.py
[2022-05-07 13:41:57,572] {processor.py:642} INFO - Processing file /home/airflow/.local/lib/python3.7/site-packages/airflow/example_dags/example_dag_decorator.py for tasks to queue
[2022-05-07 13:41:57,574] {logging_mixin.py:109} INFO - [2022-05-07 13:41:57,574] {dagbag.py:500} INFO - Filling up the DagBag from /home/airflow/.local/lib/python3.7/site-packages/airflow/example_dags/example_dag_decorator.py
[2022-05-07 13:41:57,614] {processor.py:652} INFO - DAG(s) dict_keys(['example_dag_decorator']) retrieved from /home/airflow/.local/lib/python3.7/site-packages/airflow/example_dags/example_dag_decorator.py
[2022-05-07 13:41:58,016] {logging_mixin.py:109} INFO - [2022-05-07 13:41:58,016] {dag.py:2398} INFO - Sync 1 DAGs
[2022-05-07 13:41:58,047] {logging_mixin.py:109} INFO - [2022-05-07 13:41:58,047] {dag.py:2937} INFO - Setting next_dagrun for example_dag_decorator to None
[2022-05-07 13:41:58,068] {processor.py:171} INFO - Processing /home/airflow/.local/lib/python3.7/site-packages/airflow/example_dags/example_dag_decorator.py took 0.539 seconds
[2022-05-07 13:42:28,960] {processor.py:163} INFO - Started process (PID=1058) to work on /home/airflow/.local/lib/python3.7/site-packages/airflow/example_dags/example_dag_decorator.py
[2022-05-07 13:42:28,987] {processor.py:642} INFO - Processing file /home/airflow/.local/lib/python3.7/site-packages/airflow/example_dags/example_dag_decorator.py for tasks to queue
[2022-05-07 13:42:28,995] {logging_mixin.py:109} INFO - [2022-05-07 13:42:28,994] {dagbag.py:500} INFO - Filling up the DagBag from /home/airflow/.local/lib/python3.7/site-packages/airflow/example_dags/example_dag_decorator.py
[2022-05-07 13:42:29,226] {processor.py:652} INFO - DAG(s) dict_keys(['example_dag_decorator']) retrieved from /home/airflow/.local/lib/python3.7/site-packages/airflow/example_dags/example_dag_decorator.py
[2022-05-07 13:42:29,977] {logging_mixin.py:109} INFO - [2022-05-07 13:42:29,976] {dag.py:2398} INFO - Sync 1 DAGs
[2022-05-07 13:42:30,027] {logging_mixin.py:109} INFO - [2022-05-07 13:42:30,026] {dag.py:2937} INFO - Setting next_dagrun for example_dag_decorator to None
[2022-05-07 13:42:30,067] {processor.py:171} INFO - Processing /home/airflow/.local/lib/python3.7/site-packages/airflow/example_dags/example_dag_decorator.py took 1.119 seconds
[2022-05-07 13:43:00,637] {processor.py:163} INFO - Started process (PID=1111) to work on /home/airflow/.local/lib/python3.7/site-packages/airflow/example_dags/example_dag_decorator.py
[2022-05-07 13:43:00,641] {processor.py:642} INFO - Processing file /home/airflow/.local/lib/python3.7/site-packages/airflow/example_dags/example_dag_decorator.py for tasks to queue
[2022-05-07 13:43:00,643] {logging_mixin.py:109} INFO - [2022-05-07 13:43:00,643] {dagbag.py:500} INFO - Filling up the DagBag from /home/airflow/.local/lib/python3.7/site-packages/airflow/example_dags/example_dag_decorator.py
[2022-05-07 13:43:00,691] {processor.py:652} INFO - DAG(s) dict_keys(['example_dag_decorator']) retrieved from /home/airflow/.local/lib/python3.7/site-packages/airflow/example_dags/example_dag_decorator.py
[2022-05-07 13:43:01,178] {logging_mixin.py:109} INFO - [2022-05-07 13:43:01,178] {dag.py:2398} INFO - Sync 1 DAGs
[2022-05-07 13:43:01,209] {logging_mixin.py:109} INFO - [2022-05-07 13:43:01,209] {dag.py:2937} INFO - Setting next_dagrun for example_dag_decorator to None
[2022-05-07 13:43:01,231] {processor.py:171} INFO - Processing /home/airflow/.local/lib/python3.7/site-packages/airflow/example_dags/example_dag_decorator.py took 0.601 seconds
[2022-05-07 13:43:31,781] {processor.py:163} INFO - Started process (PID=1163) to work on /home/airflow/.local/lib/python3.7/site-packages/airflow/example_dags/example_dag_decorator.py
[2022-05-07 13:43:31,785] {processor.py:642} INFO - Processing file /home/airflow/.local/lib/python3.7/site-packages/airflow/example_dags/example_dag_decorator.py for tasks to queue
[2022-05-07 13:43:31,797] {logging_mixin.py:109} INFO - [2022-05-07 13:43:31,796] {dagbag.py:500} INFO - Filling up the DagBag from /home/airflow/.local/lib/python3.7/site-packages/airflow/example_dags/example_dag_decorator.py
[2022-05-07 13:43:32,022] {processor.py:652} INFO - DAG(s) dict_keys(['example_dag_decorator']) retrieved from /home/airflow/.local/lib/python3.7/site-packages/airflow/example_dags/example_dag_decorator.py
[2022-05-07 13:43:32,946] {logging_mixin.py:109} INFO - [2022-05-07 13:43:32,946] {dag.py:2398} INFO - Sync 1 DAGs
[2022-05-07 13:43:32,992] {logging_mixin.py:109} INFO - [2022-05-07 13:43:32,991] {dag.py:2937} INFO - Setting next_dagrun for example_dag_decorator to None
[2022-05-07 13:43:33,038] {processor.py:171} INFO - Processing /home/airflow/.local/lib/python3.7/site-packages/airflow/example_dags/example_dag_decorator.py took 1.268 seconds
[2022-05-07 13:44:03,495] {processor.py:163} INFO - Started process (PID=1216) to work on /home/airflow/.local/lib/python3.7/site-packages/airflow/example_dags/example_dag_decorator.py
[2022-05-07 13:44:03,498] {processor.py:642} INFO - Processing file /home/airflow/.local/lib/python3.7/site-packages/airflow/example_dags/example_dag_decorator.py for tasks to queue
[2022-05-07 13:44:03,500] {logging_mixin.py:109} INFO - [2022-05-07 13:44:03,500] {dagbag.py:500} INFO - Filling up the DagBag from /home/airflow/.local/lib/python3.7/site-packages/airflow/example_dags/example_dag_decorator.py
[2022-05-07 13:44:03,540] {processor.py:652} INFO - DAG(s) dict_keys(['example_dag_decorator']) retrieved from /home/airflow/.local/lib/python3.7/site-packages/airflow/example_dags/example_dag_decorator.py
[2022-05-07 13:44:03,955] {logging_mixin.py:109} INFO - [2022-05-07 13:44:03,955] {dag.py:2398} INFO - Sync 1 DAGs
[2022-05-07 13:44:03,996] {logging_mixin.py:109} INFO - [2022-05-07 13:44:03,995] {dag.py:2937} INFO - Setting next_dagrun for example_dag_decorator to None
[2022-05-07 13:44:04,025] {processor.py:171} INFO - Processing /home/airflow/.local/lib/python3.7/site-packages/airflow/example_dags/example_dag_decorator.py took 0.536 seconds
[2022-05-07 13:44:34,254] {processor.py:163} INFO - Started process (PID=1269) to work on /home/airflow/.local/lib/python3.7/site-packages/airflow/example_dags/example_dag_decorator.py
[2022-05-07 13:44:34,258] {processor.py:642} INFO - Processing file /home/airflow/.local/lib/python3.7/site-packages/airflow/example_dags/example_dag_decorator.py for tasks to queue
[2022-05-07 13:44:34,260] {logging_mixin.py:109} INFO - [2022-05-07 13:44:34,259] {dagbag.py:500} INFO - Filling up the DagBag from /home/airflow/.local/lib/python3.7/site-packages/airflow/example_dags/example_dag_decorator.py
[2022-05-07 13:44:34,297] {processor.py:652} INFO - DAG(s) dict_keys(['example_dag_decorator']) retrieved from /home/airflow/.local/lib/python3.7/site-packages/airflow/example_dags/example_dag_decorator.py
[2022-05-07 13:44:34,862] {logging_mixin.py:109} INFO - [2022-05-07 13:44:34,862] {dag.py:2398} INFO - Sync 1 DAGs
[2022-05-07 13:44:34,901] {logging_mixin.py:109} INFO - [2022-05-07 13:44:34,900] {dag.py:2937} INFO - Setting next_dagrun for example_dag_decorator to None
[2022-05-07 13:44:34,932] {processor.py:171} INFO - Processing /home/airflow/.local/lib/python3.7/site-packages/airflow/example_dags/example_dag_decorator.py took 0.691 seconds
[2022-05-07 13:45:05,304] {processor.py:163} INFO - Started process (PID=1330) to work on /home/airflow/.local/lib/python3.7/site-packages/airflow/example_dags/example_dag_decorator.py
[2022-05-07 13:45:05,313] {processor.py:642} INFO - Processing file /home/airflow/.local/lib/python3.7/site-packages/airflow/example_dags/example_dag_decorator.py for tasks to queue
[2022-05-07 13:45:05,319] {logging_mixin.py:109} INFO - [2022-05-07 13:45:05,319] {dagbag.py:500} INFO - Filling up the DagBag from /home/airflow/.local/lib/python3.7/site-packages/airflow/example_dags/example_dag_decorator.py
[2022-05-07 13:45:05,385] {processor.py:652} INFO - DAG(s) dict_keys(['example_dag_decorator']) retrieved from /home/airflow/.local/lib/python3.7/site-packages/airflow/example_dags/example_dag_decorator.py
[2022-05-07 13:45:05,968] {logging_mixin.py:109} INFO - [2022-05-07 13:45:05,968] {dag.py:2398} INFO - Sync 1 DAGs
[2022-05-07 13:45:05,999] {logging_mixin.py:109} INFO - [2022-05-07 13:45:05,999] {dag.py:2937} INFO - Setting next_dagrun for example_dag_decorator to None
[2022-05-07 13:45:06,026] {processor.py:171} INFO - Processing /home/airflow/.local/lib/python3.7/site-packages/airflow/example_dags/example_dag_decorator.py took 0.757 seconds
[2022-05-07 13:45:36,565] {processor.py:163} INFO - Started process (PID=1382) to work on /home/airflow/.local/lib/python3.7/site-packages/airflow/example_dags/example_dag_decorator.py
[2022-05-07 13:45:36,567] {processor.py:642} INFO - Processing file /home/airflow/.local/lib/python3.7/site-packages/airflow/example_dags/example_dag_decorator.py for tasks to queue
[2022-05-07 13:45:36,570] {logging_mixin.py:109} INFO - [2022-05-07 13:45:36,569] {dagbag.py:500} INFO - Filling up the DagBag from /home/airflow/.local/lib/python3.7/site-packages/airflow/example_dags/example_dag_decorator.py
[2022-05-07 13:45:36,607] {processor.py:652} INFO - DAG(s) dict_keys(['example_dag_decorator']) retrieved from /home/airflow/.local/lib/python3.7/site-packages/airflow/example_dags/example_dag_decorator.py
[2022-05-07 13:45:37,020] {logging_mixin.py:109} INFO - [2022-05-07 13:45:37,020] {dag.py:2398} INFO - Sync 1 DAGs
[2022-05-07 13:45:37,060] {logging_mixin.py:109} INFO - [2022-05-07 13:45:37,060] {dag.py:2937} INFO - Setting next_dagrun for example_dag_decorator to None
[2022-05-07 13:45:37,078] {processor.py:171} INFO - Processing /home/airflow/.local/lib/python3.7/site-packages/airflow/example_dags/example_dag_decorator.py took 0.519 seconds
[2022-05-07 13:46:07,207] {processor.py:163} INFO - Started process (PID=1435) to work on /home/airflow/.local/lib/python3.7/site-packages/airflow/example_dags/example_dag_decorator.py
[2022-05-07 13:46:07,210] {processor.py:642} INFO - Processing file /home/airflow/.local/lib/python3.7/site-packages/airflow/example_dags/example_dag_decorator.py for tasks to queue
[2022-05-07 13:46:07,211] {logging_mixin.py:109} INFO - [2022-05-07 13:46:07,211] {dagbag.py:500} INFO - Filling up the DagBag from /home/airflow/.local/lib/python3.7/site-packages/airflow/example_dags/example_dag_decorator.py
[2022-05-07 13:46:07,257] {processor.py:652} INFO - DAG(s) dict_keys(['example_dag_decorator']) retrieved from /home/airflow/.local/lib/python3.7/site-packages/airflow/example_dags/example_dag_decorator.py
[2022-05-07 13:46:07,696] {logging_mixin.py:109} INFO - [2022-05-07 13:46:07,696] {dag.py:2398} INFO - Sync 1 DAGs
[2022-05-07 13:46:07,733] {logging_mixin.py:109} INFO - [2022-05-07 13:46:07,733] {dag.py:2937} INFO - Setting next_dagrun for example_dag_decorator to None
[2022-05-07 13:46:07,759] {processor.py:171} INFO - Processing /home/airflow/.local/lib/python3.7/site-packages/airflow/example_dags/example_dag_decorator.py took 0.557 seconds
[2022-05-07 13:46:38,658] {processor.py:163} INFO - Started process (PID=1498) to work on /home/airflow/.local/lib/python3.7/site-packages/airflow/example_dags/example_dag_decorator.py
[2022-05-07 13:46:38,661] {processor.py:642} INFO - Processing file /home/airflow/.local/lib/python3.7/site-packages/airflow/example_dags/example_dag_decorator.py for tasks to queue
[2022-05-07 13:46:38,664] {logging_mixin.py:109} INFO - [2022-05-07 13:46:38,663] {dagbag.py:500} INFO - Filling up the DagBag from /home/airflow/.local/lib/python3.7/site-packages/airflow/example_dags/example_dag_decorator.py
[2022-05-07 13:46:38,729] {processor.py:652} INFO - DAG(s) dict_keys(['example_dag_decorator']) retrieved from /home/airflow/.local/lib/python3.7/site-packages/airflow/example_dags/example_dag_decorator.py
[2022-05-07 13:46:39,313] {logging_mixin.py:109} INFO - [2022-05-07 13:46:39,313] {dag.py:2398} INFO - Sync 1 DAGs
[2022-05-07 13:46:39,346] {logging_mixin.py:109} INFO - [2022-05-07 13:46:39,346] {dag.py:2937} INFO - Setting next_dagrun for example_dag_decorator to None
[2022-05-07 13:46:39,385] {processor.py:171} INFO - Processing /home/airflow/.local/lib/python3.7/site-packages/airflow/example_dags/example_dag_decorator.py took 0.733 seconds
[2022-05-07 13:47:10,246] {processor.py:163} INFO - Started process (PID=1551) to work on /home/airflow/.local/lib/python3.7/site-packages/airflow/example_dags/example_dag_decorator.py
[2022-05-07 13:47:10,250] {processor.py:642} INFO - Processing file /home/airflow/.local/lib/python3.7/site-packages/airflow/example_dags/example_dag_decorator.py for tasks to queue
[2022-05-07 13:47:10,253] {logging_mixin.py:109} INFO - [2022-05-07 13:47:10,253] {dagbag.py:500} INFO - Filling up the DagBag from /home/airflow/.local/lib/python3.7/site-packages/airflow/example_dags/example_dag_decorator.py
[2022-05-07 13:47:10,323] {processor.py:652} INFO - DAG(s) dict_keys(['example_dag_decorator']) retrieved from /home/airflow/.local/lib/python3.7/site-packages/airflow/example_dags/example_dag_decorator.py
[2022-05-07 13:47:11,257] {logging_mixin.py:109} INFO - [2022-05-07 13:47:11,257] {dag.py:2398} INFO - Sync 1 DAGs
[2022-05-07 13:47:11,288] {logging_mixin.py:109} INFO - [2022-05-07 13:47:11,288] {dag.py:2937} INFO - Setting next_dagrun for example_dag_decorator to None
[2022-05-07 13:47:11,338] {processor.py:171} INFO - Processing /home/airflow/.local/lib/python3.7/site-packages/airflow/example_dags/example_dag_decorator.py took 1.099 seconds
[2022-05-07 13:48:11,485] {processor.py:163} INFO - Started process (PID=1599) to work on /home/airflow/.local/lib/python3.7/site-packages/airflow/example_dags/example_dag_decorator.py
[2022-05-07 13:48:11,770] {processor.py:642} INFO - Processing file /home/airflow/.local/lib/python3.7/site-packages/airflow/example_dags/example_dag_decorator.py for tasks to queue
[2022-05-07 13:48:11,940] {logging_mixin.py:109} INFO - [2022-05-07 13:48:11,939] {dagbag.py:500} INFO - Filling up the DagBag from /home/airflow/.local/lib/python3.7/site-packages/airflow/example_dags/example_dag_decorator.py
[2022-05-07 13:48:34,920] {processor.py:652} INFO - DAG(s) dict_keys(['example_dag_decorator']) retrieved from /home/airflow/.local/lib/python3.7/site-packages/airflow/example_dags/example_dag_decorator.py
[2022-05-07 13:48:58,660] {logging_mixin.py:109} INFO - [2022-05-07 13:48:58,660] {dag.py:2398} INFO - Sync 1 DAGs
[2022-05-07 13:48:58,748] {logging_mixin.py:109} INFO - [2022-05-07 13:48:58,745] {dag.py:2937} INFO - Setting next_dagrun for example_dag_decorator to None
[2022-05-07 13:48:58,806] {processor.py:171} INFO - Processing /home/airflow/.local/lib/python3.7/site-packages/airflow/example_dags/example_dag_decorator.py took 51.759 seconds
[2022-05-07 13:49:14,391] {processor.py:163} INFO - Started process (PID=1647) to work on /home/airflow/.local/lib/python3.7/site-packages/airflow/example_dags/example_dag_decorator.py
[2022-05-07 13:49:14,436] {processor.py:642} INFO - Processing file /home/airflow/.local/lib/python3.7/site-packages/airflow/example_dags/example_dag_decorator.py for tasks to queue
[2022-05-07 13:49:14,451] {logging_mixin.py:109} INFO - [2022-05-07 13:49:14,450] {dagbag.py:500} INFO - Filling up the DagBag from /home/airflow/.local/lib/python3.7/site-packages/airflow/example_dags/example_dag_decorator.py
[2022-05-07 13:49:15,147] {processor.py:652} INFO - DAG(s) dict_keys(['example_dag_decorator']) retrieved from /home/airflow/.local/lib/python3.7/site-packages/airflow/example_dags/example_dag_decorator.py
[2022-05-07 13:49:15,282] {logging_mixin.py:109} INFO - [2022-05-07 13:49:15,281] {dag.py:2398} INFO - Sync 1 DAGs
[2022-05-07 13:49:15,554] {logging_mixin.py:109} INFO - [2022-05-07 13:49:15,554] {dag.py:2937} INFO - Setting next_dagrun for example_dag_decorator to None
[2022-05-07 13:49:15,721] {processor.py:171} INFO - Processing /home/airflow/.local/lib/python3.7/site-packages/airflow/example_dags/example_dag_decorator.py took 1.361 seconds
[2022-05-07 13:49:46,619] {processor.py:163} INFO - Started process (PID=1700) to work on /home/airflow/.local/lib/python3.7/site-packages/airflow/example_dags/example_dag_decorator.py
[2022-05-07 13:49:46,626] {processor.py:642} INFO - Processing file /home/airflow/.local/lib/python3.7/site-packages/airflow/example_dags/example_dag_decorator.py for tasks to queue
[2022-05-07 13:49:46,631] {logging_mixin.py:109} INFO - [2022-05-07 13:49:46,630] {dagbag.py:500} INFO - Filling up the DagBag from /home/airflow/.local/lib/python3.7/site-packages/airflow/example_dags/example_dag_decorator.py
[2022-05-07 13:49:46,684] {processor.py:652} INFO - DAG(s) dict_keys(['example_dag_decorator']) retrieved from /home/airflow/.local/lib/python3.7/site-packages/airflow/example_dags/example_dag_decorator.py
[2022-05-07 13:49:47,192] {logging_mixin.py:109} INFO - [2022-05-07 13:49:47,192] {dag.py:2398} INFO - Sync 1 DAGs
[2022-05-07 13:49:47,217] {logging_mixin.py:109} INFO - [2022-05-07 13:49:47,217] {dag.py:2937} INFO - Setting next_dagrun for example_dag_decorator to None
[2022-05-07 13:49:47,244] {processor.py:171} INFO - Processing /home/airflow/.local/lib/python3.7/site-packages/airflow/example_dags/example_dag_decorator.py took 0.640 seconds
[2022-05-07 13:50:17,341] {processor.py:163} INFO - Started process (PID=1753) to work on /home/airflow/.local/lib/python3.7/site-packages/airflow/example_dags/example_dag_decorator.py
[2022-05-07 13:50:17,345] {processor.py:642} INFO - Processing file /home/airflow/.local/lib/python3.7/site-packages/airflow/example_dags/example_dag_decorator.py for tasks to queue
[2022-05-07 13:50:17,347] {logging_mixin.py:109} INFO - [2022-05-07 13:50:17,347] {dagbag.py:500} INFO - Filling up the DagBag from /home/airflow/.local/lib/python3.7/site-packages/airflow/example_dags/example_dag_decorator.py
[2022-05-07 13:50:17,386] {processor.py:652} INFO - DAG(s) dict_keys(['example_dag_decorator']) retrieved from /home/airflow/.local/lib/python3.7/site-packages/airflow/example_dags/example_dag_decorator.py
[2022-05-07 13:50:17,851] {logging_mixin.py:109} INFO - [2022-05-07 13:50:17,850] {dag.py:2398} INFO - Sync 1 DAGs
[2022-05-07 13:50:17,881] {logging_mixin.py:109} INFO - [2022-05-07 13:50:17,881] {dag.py:2937} INFO - Setting next_dagrun for example_dag_decorator to None
[2022-05-07 13:50:17,907] {processor.py:171} INFO - Processing /home/airflow/.local/lib/python3.7/site-packages/airflow/example_dags/example_dag_decorator.py took 0.571 seconds
[2022-05-07 13:50:48,608] {processor.py:163} INFO - Started process (PID=1808) to work on /home/airflow/.local/lib/python3.7/site-packages/airflow/example_dags/example_dag_decorator.py
[2022-05-07 13:50:48,613] {processor.py:642} INFO - Processing file /home/airflow/.local/lib/python3.7/site-packages/airflow/example_dags/example_dag_decorator.py for tasks to queue
[2022-05-07 13:50:48,619] {logging_mixin.py:109} INFO - [2022-05-07 13:50:48,618] {dagbag.py:500} INFO - Filling up the DagBag from /home/airflow/.local/lib/python3.7/site-packages/airflow/example_dags/example_dag_decorator.py
[2022-05-07 13:50:48,687] {processor.py:652} INFO - DAG(s) dict_keys(['example_dag_decorator']) retrieved from /home/airflow/.local/lib/python3.7/site-packages/airflow/example_dags/example_dag_decorator.py
[2022-05-07 13:50:49,259] {logging_mixin.py:109} INFO - [2022-05-07 13:50:49,259] {dag.py:2398} INFO - Sync 1 DAGs
[2022-05-07 13:50:49,283] {logging_mixin.py:109} INFO - [2022-05-07 13:50:49,283] {dag.py:2937} INFO - Setting next_dagrun for example_dag_decorator to None
[2022-05-07 13:50:49,303] {processor.py:171} INFO - Processing /home/airflow/.local/lib/python3.7/site-packages/airflow/example_dags/example_dag_decorator.py took 0.704 seconds
[2022-05-07 13:51:19,509] {processor.py:163} INFO - Started process (PID=1873) to work on /home/airflow/.local/lib/python3.7/site-packages/airflow/example_dags/example_dag_decorator.py
[2022-05-07 13:51:19,513] {processor.py:642} INFO - Processing file /home/airflow/.local/lib/python3.7/site-packages/airflow/example_dags/example_dag_decorator.py for tasks to queue
[2022-05-07 13:51:19,515] {logging_mixin.py:109} INFO - [2022-05-07 13:51:19,515] {dagbag.py:500} INFO - Filling up the DagBag from /home/airflow/.local/lib/python3.7/site-packages/airflow/example_dags/example_dag_decorator.py
[2022-05-07 13:51:19,554] {processor.py:652} INFO - DAG(s) dict_keys(['example_dag_decorator']) retrieved from /home/airflow/.local/lib/python3.7/site-packages/airflow/example_dags/example_dag_decorator.py
[2022-05-07 13:51:20,075] {logging_mixin.py:109} INFO - [2022-05-07 13:51:20,075] {dag.py:2398} INFO - Sync 1 DAGs
[2022-05-07 13:51:20,098] {logging_mixin.py:109} INFO - [2022-05-07 13:51:20,098] {dag.py:2937} INFO - Setting next_dagrun for example_dag_decorator to None
[2022-05-07 13:51:20,117] {processor.py:171} INFO - Processing /home/airflow/.local/lib/python3.7/site-packages/airflow/example_dags/example_dag_decorator.py took 0.613 seconds
[2022-05-07 13:51:50,372] {processor.py:163} INFO - Started process (PID=1925) to work on /home/airflow/.local/lib/python3.7/site-packages/airflow/example_dags/example_dag_decorator.py
[2022-05-07 13:51:50,377] {processor.py:642} INFO - Processing file /home/airflow/.local/lib/python3.7/site-packages/airflow/example_dags/example_dag_decorator.py for tasks to queue
[2022-05-07 13:51:50,380] {logging_mixin.py:109} INFO - [2022-05-07 13:51:50,380] {dagbag.py:500} INFO - Filling up the DagBag from /home/airflow/.local/lib/python3.7/site-packages/airflow/example_dags/example_dag_decorator.py
[2022-05-07 13:51:50,430] {processor.py:652} INFO - DAG(s) dict_keys(['example_dag_decorator']) retrieved from /home/airflow/.local/lib/python3.7/site-packages/airflow/example_dags/example_dag_decorator.py
[2022-05-07 13:51:51,005] {logging_mixin.py:109} INFO - [2022-05-07 13:51:51,005] {dag.py:2398} INFO - Sync 1 DAGs
[2022-05-07 13:51:51,025] {logging_mixin.py:109} INFO - [2022-05-07 13:51:51,025] {dag.py:2937} INFO - Setting next_dagrun for example_dag_decorator to None
[2022-05-07 13:51:51,049] {processor.py:171} INFO - Processing /home/airflow/.local/lib/python3.7/site-packages/airflow/example_dags/example_dag_decorator.py took 0.683 seconds
[2022-05-07 13:52:22,022] {processor.py:163} INFO - Started process (PID=1980) to work on /home/airflow/.local/lib/python3.7/site-packages/airflow/example_dags/example_dag_decorator.py
[2022-05-07 13:52:22,027] {processor.py:642} INFO - Processing file /home/airflow/.local/lib/python3.7/site-packages/airflow/example_dags/example_dag_decorator.py for tasks to queue
[2022-05-07 13:52:22,032] {logging_mixin.py:109} INFO - [2022-05-07 13:52:22,030] {dagbag.py:500} INFO - Filling up the DagBag from /home/airflow/.local/lib/python3.7/site-packages/airflow/example_dags/example_dag_decorator.py
[2022-05-07 13:52:22,107] {processor.py:652} INFO - DAG(s) dict_keys(['example_dag_decorator']) retrieved from /home/airflow/.local/lib/python3.7/site-packages/airflow/example_dags/example_dag_decorator.py
[2022-05-07 13:52:22,853] {logging_mixin.py:109} INFO - [2022-05-07 13:52:22,852] {dag.py:2398} INFO - Sync 1 DAGs
[2022-05-07 13:52:22,881] {logging_mixin.py:109} INFO - [2022-05-07 13:52:22,881] {dag.py:2937} INFO - Setting next_dagrun for example_dag_decorator to None
[2022-05-07 13:52:22,911] {processor.py:171} INFO - Processing /home/airflow/.local/lib/python3.7/site-packages/airflow/example_dags/example_dag_decorator.py took 0.904 seconds
[2022-05-07 13:52:52,991] {processor.py:163} INFO - Started process (PID=2035) to work on /home/airflow/.local/lib/python3.7/site-packages/airflow/example_dags/example_dag_decorator.py
[2022-05-07 13:52:52,994] {processor.py:642} INFO - Processing file /home/airflow/.local/lib/python3.7/site-packages/airflow/example_dags/example_dag_decorator.py for tasks to queue
[2022-05-07 13:52:52,996] {logging_mixin.py:109} INFO - [2022-05-07 13:52:52,996] {dagbag.py:500} INFO - Filling up the DagBag from /home/airflow/.local/lib/python3.7/site-packages/airflow/example_dags/example_dag_decorator.py
[2022-05-07 13:52:53,044] {processor.py:652} INFO - DAG(s) dict_keys(['example_dag_decorator']) retrieved from /home/airflow/.local/lib/python3.7/site-packages/airflow/example_dags/example_dag_decorator.py
[2022-05-07 13:52:53,500] {logging_mixin.py:109} INFO - [2022-05-07 13:52:53,500] {dag.py:2398} INFO - Sync 1 DAGs
[2022-05-07 13:52:53,524] {logging_mixin.py:109} INFO - [2022-05-07 13:52:53,524] {dag.py:2937} INFO - Setting next_dagrun for example_dag_decorator to None
[2022-05-07 13:52:53,545] {processor.py:171} INFO - Processing /home/airflow/.local/lib/python3.7/site-packages/airflow/example_dags/example_dag_decorator.py took 0.561 seconds
[2022-05-07 13:53:24,101] {processor.py:163} INFO - Started process (PID=2101) to work on /home/airflow/.local/lib/python3.7/site-packages/airflow/example_dags/example_dag_decorator.py
[2022-05-07 13:53:24,104] {processor.py:642} INFO - Processing file /home/airflow/.local/lib/python3.7/site-packages/airflow/example_dags/example_dag_decorator.py for tasks to queue
[2022-05-07 13:53:24,110] {logging_mixin.py:109} INFO - [2022-05-07 13:53:24,109] {dagbag.py:500} INFO - Filling up the DagBag from /home/airflow/.local/lib/python3.7/site-packages/airflow/example_dags/example_dag_decorator.py
[2022-05-07 13:53:24,154] {processor.py:652} INFO - DAG(s) dict_keys(['example_dag_decorator']) retrieved from /home/airflow/.local/lib/python3.7/site-packages/airflow/example_dags/example_dag_decorator.py
[2022-05-07 13:53:24,593] {logging_mixin.py:109} INFO - [2022-05-07 13:53:24,593] {dag.py:2398} INFO - Sync 1 DAGs
[2022-05-07 13:53:24,613] {logging_mixin.py:109} INFO - [2022-05-07 13:53:24,613] {dag.py:2937} INFO - Setting next_dagrun for example_dag_decorator to None
[2022-05-07 13:53:24,631] {processor.py:171} INFO - Processing /home/airflow/.local/lib/python3.7/site-packages/airflow/example_dags/example_dag_decorator.py took 0.535 seconds
[2022-05-07 13:53:54,882] {processor.py:163} INFO - Started process (PID=2156) to work on /home/airflow/.local/lib/python3.7/site-packages/airflow/example_dags/example_dag_decorator.py
[2022-05-07 13:53:54,886] {processor.py:642} INFO - Processing file /home/airflow/.local/lib/python3.7/site-packages/airflow/example_dags/example_dag_decorator.py for tasks to queue
[2022-05-07 13:53:54,888] {logging_mixin.py:109} INFO - [2022-05-07 13:53:54,888] {dagbag.py:500} INFO - Filling up the DagBag from /home/airflow/.local/lib/python3.7/site-packages/airflow/example_dags/example_dag_decorator.py
[2022-05-07 13:53:54,937] {processor.py:652} INFO - DAG(s) dict_keys(['example_dag_decorator']) retrieved from /home/airflow/.local/lib/python3.7/site-packages/airflow/example_dags/example_dag_decorator.py
[2022-05-07 13:53:55,403] {logging_mixin.py:109} INFO - [2022-05-07 13:53:55,403] {dag.py:2398} INFO - Sync 1 DAGs
[2022-05-07 13:53:55,424] {logging_mixin.py:109} INFO - [2022-05-07 13:53:55,424] {dag.py:2937} INFO - Setting next_dagrun for example_dag_decorator to None
[2022-05-07 13:53:55,447] {processor.py:171} INFO - Processing /home/airflow/.local/lib/python3.7/site-packages/airflow/example_dags/example_dag_decorator.py took 0.572 seconds
[2022-05-07 13:54:26,235] {processor.py:163} INFO - Started process (PID=2209) to work on /home/airflow/.local/lib/python3.7/site-packages/airflow/example_dags/example_dag_decorator.py
[2022-05-07 13:54:26,240] {processor.py:642} INFO - Processing file /home/airflow/.local/lib/python3.7/site-packages/airflow/example_dags/example_dag_decorator.py for tasks to queue
[2022-05-07 13:54:26,243] {logging_mixin.py:109} INFO - [2022-05-07 13:54:26,242] {dagbag.py:500} INFO - Filling up the DagBag from /home/airflow/.local/lib/python3.7/site-packages/airflow/example_dags/example_dag_decorator.py
[2022-05-07 13:54:26,293] {processor.py:652} INFO - DAG(s) dict_keys(['example_dag_decorator']) retrieved from /home/airflow/.local/lib/python3.7/site-packages/airflow/example_dags/example_dag_decorator.py
[2022-05-07 13:54:26,786] {logging_mixin.py:109} INFO - [2022-05-07 13:54:26,786] {dag.py:2398} INFO - Sync 1 DAGs
[2022-05-07 13:54:26,816] {logging_mixin.py:109} INFO - [2022-05-07 13:54:26,815] {dag.py:2937} INFO - Setting next_dagrun for example_dag_decorator to None
[2022-05-07 13:54:26,852] {processor.py:171} INFO - Processing /home/airflow/.local/lib/python3.7/site-packages/airflow/example_dags/example_dag_decorator.py took 0.622 seconds
[2022-05-07 13:54:57,496] {processor.py:163} INFO - Started process (PID=2272) to work on /home/airflow/.local/lib/python3.7/site-packages/airflow/example_dags/example_dag_decorator.py
[2022-05-07 13:54:57,500] {processor.py:642} INFO - Processing file /home/airflow/.local/lib/python3.7/site-packages/airflow/example_dags/example_dag_decorator.py for tasks to queue
[2022-05-07 13:54:57,502] {logging_mixin.py:109} INFO - [2022-05-07 13:54:57,502] {dagbag.py:500} INFO - Filling up the DagBag from /home/airflow/.local/lib/python3.7/site-packages/airflow/example_dags/example_dag_decorator.py
[2022-05-07 13:54:57,545] {processor.py:652} INFO - DAG(s) dict_keys(['example_dag_decorator']) retrieved from /home/airflow/.local/lib/python3.7/site-packages/airflow/example_dags/example_dag_decorator.py
[2022-05-07 13:54:58,011] {logging_mixin.py:109} INFO - [2022-05-07 13:54:58,010] {dag.py:2398} INFO - Sync 1 DAGs
[2022-05-07 13:54:58,029] {logging_mixin.py:109} INFO - [2022-05-07 13:54:58,029] {dag.py:2937} INFO - Setting next_dagrun for example_dag_decorator to None
[2022-05-07 13:54:58,047] {processor.py:171} INFO - Processing /home/airflow/.local/lib/python3.7/site-packages/airflow/example_dags/example_dag_decorator.py took 0.557 seconds
[2022-05-07 13:55:29,021] {processor.py:163} INFO - Started process (PID=2327) to work on /home/airflow/.local/lib/python3.7/site-packages/airflow/example_dags/example_dag_decorator.py
[2022-05-07 13:55:29,026] {processor.py:642} INFO - Processing file /home/airflow/.local/lib/python3.7/site-packages/airflow/example_dags/example_dag_decorator.py for tasks to queue
[2022-05-07 13:55:29,029] {logging_mixin.py:109} INFO - [2022-05-07 13:55:29,029] {dagbag.py:500} INFO - Filling up the DagBag from /home/airflow/.local/lib/python3.7/site-packages/airflow/example_dags/example_dag_decorator.py
[2022-05-07 13:55:29,082] {processor.py:652} INFO - DAG(s) dict_keys(['example_dag_decorator']) retrieved from /home/airflow/.local/lib/python3.7/site-packages/airflow/example_dags/example_dag_decorator.py
[2022-05-07 13:55:29,481] {logging_mixin.py:109} INFO - [2022-05-07 13:55:29,481] {dag.py:2398} INFO - Sync 1 DAGs
[2022-05-07 13:55:29,500] {logging_mixin.py:109} INFO - [2022-05-07 13:55:29,500] {dag.py:2937} INFO - Setting next_dagrun for example_dag_decorator to None
[2022-05-07 13:55:29,519] {processor.py:171} INFO - Processing /home/airflow/.local/lib/python3.7/site-packages/airflow/example_dags/example_dag_decorator.py took 0.510 seconds
[2022-05-07 13:55:59,592] {processor.py:163} INFO - Started process (PID=2380) to work on /home/airflow/.local/lib/python3.7/site-packages/airflow/example_dags/example_dag_decorator.py
[2022-05-07 13:55:59,599] {processor.py:642} INFO - Processing file /home/airflow/.local/lib/python3.7/site-packages/airflow/example_dags/example_dag_decorator.py for tasks to queue
[2022-05-07 13:55:59,603] {logging_mixin.py:109} INFO - [2022-05-07 13:55:59,602] {dagbag.py:500} INFO - Filling up the DagBag from /home/airflow/.local/lib/python3.7/site-packages/airflow/example_dags/example_dag_decorator.py
[2022-05-07 13:55:59,726] {processor.py:652} INFO - DAG(s) dict_keys(['example_dag_decorator']) retrieved from /home/airflow/.local/lib/python3.7/site-packages/airflow/example_dags/example_dag_decorator.py
[2022-05-07 13:56:00,253] {logging_mixin.py:109} INFO - [2022-05-07 13:56:00,253] {dag.py:2398} INFO - Sync 1 DAGs
[2022-05-07 13:56:00,310] {logging_mixin.py:109} INFO - [2022-05-07 13:56:00,309] {dag.py:2937} INFO - Setting next_dagrun for example_dag_decorator to None
[2022-05-07 13:56:00,333] {processor.py:171} INFO - Processing /home/airflow/.local/lib/python3.7/site-packages/airflow/example_dags/example_dag_decorator.py took 0.751 seconds
[2022-05-07 13:56:30,623] {processor.py:163} INFO - Started process (PID=2440) to work on /home/airflow/.local/lib/python3.7/site-packages/airflow/example_dags/example_dag_decorator.py
[2022-05-07 13:56:30,628] {processor.py:642} INFO - Processing file /home/airflow/.local/lib/python3.7/site-packages/airflow/example_dags/example_dag_decorator.py for tasks to queue
[2022-05-07 13:56:30,632] {logging_mixin.py:109} INFO - [2022-05-07 13:56:30,631] {dagbag.py:500} INFO - Filling up the DagBag from /home/airflow/.local/lib/python3.7/site-packages/airflow/example_dags/example_dag_decorator.py
[2022-05-07 13:56:30,673] {processor.py:652} INFO - DAG(s) dict_keys(['example_dag_decorator']) retrieved from /home/airflow/.local/lib/python3.7/site-packages/airflow/example_dags/example_dag_decorator.py
[2022-05-07 13:56:31,075] {logging_mixin.py:109} INFO - [2022-05-07 13:56:31,075] {dag.py:2398} INFO - Sync 1 DAGs
[2022-05-07 13:56:31,102] {logging_mixin.py:109} INFO - [2022-05-07 13:56:31,101] {dag.py:2937} INFO - Setting next_dagrun for example_dag_decorator to None
[2022-05-07 13:56:31,120] {processor.py:171} INFO - Processing /home/airflow/.local/lib/python3.7/site-packages/airflow/example_dags/example_dag_decorator.py took 0.504 seconds
[2022-05-07 13:57:01,253] {processor.py:163} INFO - Started process (PID=2494) to work on /home/airflow/.local/lib/python3.7/site-packages/airflow/example_dags/example_dag_decorator.py
[2022-05-07 13:57:01,257] {processor.py:642} INFO - Processing file /home/airflow/.local/lib/python3.7/site-packages/airflow/example_dags/example_dag_decorator.py for tasks to queue
[2022-05-07 13:57:01,260] {logging_mixin.py:109} INFO - [2022-05-07 13:57:01,260] {dagbag.py:500} INFO - Filling up the DagBag from /home/airflow/.local/lib/python3.7/site-packages/airflow/example_dags/example_dag_decorator.py
[2022-05-07 13:57:01,304] {processor.py:652} INFO - DAG(s) dict_keys(['example_dag_decorator']) retrieved from /home/airflow/.local/lib/python3.7/site-packages/airflow/example_dags/example_dag_decorator.py
[2022-05-07 13:57:01,740] {logging_mixin.py:109} INFO - [2022-05-07 13:57:01,739] {dag.py:2398} INFO - Sync 1 DAGs
[2022-05-07 13:57:01,764] {logging_mixin.py:109} INFO - [2022-05-07 13:57:01,764] {dag.py:2937} INFO - Setting next_dagrun for example_dag_decorator to None
[2022-05-07 13:57:01,784] {processor.py:171} INFO - Processing /home/airflow/.local/lib/python3.7/site-packages/airflow/example_dags/example_dag_decorator.py took 0.536 seconds
[2022-05-07 13:57:32,019] {processor.py:163} INFO - Started process (PID=2546) to work on /home/airflow/.local/lib/python3.7/site-packages/airflow/example_dags/example_dag_decorator.py
[2022-05-07 13:57:32,023] {processor.py:642} INFO - Processing file /home/airflow/.local/lib/python3.7/site-packages/airflow/example_dags/example_dag_decorator.py for tasks to queue
[2022-05-07 13:57:32,027] {logging_mixin.py:109} INFO - [2022-05-07 13:57:32,026] {dagbag.py:500} INFO - Filling up the DagBag from /home/airflow/.local/lib/python3.7/site-packages/airflow/example_dags/example_dag_decorator.py
[2022-05-07 13:57:32,085] {processor.py:652} INFO - DAG(s) dict_keys(['example_dag_decorator']) retrieved from /home/airflow/.local/lib/python3.7/site-packages/airflow/example_dags/example_dag_decorator.py
[2022-05-07 13:57:32,708] {logging_mixin.py:109} INFO - [2022-05-07 13:57:32,708] {dag.py:2398} INFO - Sync 1 DAGs
[2022-05-07 13:57:32,744] {logging_mixin.py:109} INFO - [2022-05-07 13:57:32,744] {dag.py:2937} INFO - Setting next_dagrun for example_dag_decorator to None
[2022-05-07 13:57:32,780] {processor.py:171} INFO - Processing /home/airflow/.local/lib/python3.7/site-packages/airflow/example_dags/example_dag_decorator.py took 0.771 seconds
