[2022-05-07 13:33:31,339] {processor.py:163} INFO - Started process (PID=68) to work on /home/airflow/.local/lib/python3.7/site-packages/airflow/example_dags/example_time_delta_sensor_async.py
[2022-05-07 13:33:31,351] {processor.py:642} INFO - Processing file /home/airflow/.local/lib/python3.7/site-packages/airflow/example_dags/example_time_delta_sensor_async.py for tasks to queue
[2022-05-07 13:33:31,357] {logging_mixin.py:109} INFO - [2022-05-07 13:33:31,356] {dagbag.py:500} INFO - Filling up the DagBag from /home/airflow/.local/lib/python3.7/site-packages/airflow/example_dags/example_time_delta_sensor_async.py
[2022-05-07 13:33:31,456] {processor.py:652} INFO - DAG(s) dict_keys(['example_time_delta_sensor_async']) retrieved from /home/airflow/.local/lib/python3.7/site-packages/airflow/example_dags/example_time_delta_sensor_async.py
[2022-05-07 13:33:36,001] {logging_mixin.py:109} INFO - [2022-05-07 13:33:36,001] {manager.py:496} INFO - Created Permission View: can edit on DAG:example_time_delta_sensor_async
[2022-05-07 13:33:36,030] {logging_mixin.py:109} INFO - [2022-05-07 13:33:36,030] {manager.py:496} INFO - Created Permission View: can read on DAG:example_time_delta_sensor_async
[2022-05-07 13:33:36,032] {logging_mixin.py:109} INFO - [2022-05-07 13:33:36,031] {dag.py:2398} INFO - Sync 1 DAGs
[2022-05-07 13:33:36,048] {logging_mixin.py:109} INFO - [2022-05-07 13:33:36,048] {dag.py:2417} INFO - Creating ORM DAG for example_time_delta_sensor_async
[2022-05-07 13:33:36,068] {logging_mixin.py:109} INFO - [2022-05-07 13:33:36,068] {dag.py:2937} INFO - Setting next_dagrun for example_time_delta_sensor_async to None
[2022-05-07 13:33:36,101] {processor.py:171} INFO - Processing /home/airflow/.local/lib/python3.7/site-packages/airflow/example_dags/example_time_delta_sensor_async.py took 4.781 seconds
[2022-05-07 13:34:36,434] {processor.py:163} INFO - Started process (PID=251) to work on /home/airflow/.local/lib/python3.7/site-packages/airflow/example_dags/example_time_delta_sensor_async.py
[2022-05-07 13:34:36,451] {processor.py:642} INFO - Processing file /home/airflow/.local/lib/python3.7/site-packages/airflow/example_dags/example_time_delta_sensor_async.py for tasks to queue
[2022-05-07 13:34:36,462] {logging_mixin.py:109} INFO - [2022-05-07 13:34:36,460] {dagbag.py:500} INFO - Filling up the DagBag from /home/airflow/.local/lib/python3.7/site-packages/airflow/example_dags/example_time_delta_sensor_async.py
[2022-05-07 13:34:36,501] {processor.py:652} INFO - DAG(s) dict_keys(['example_time_delta_sensor_async']) retrieved from /home/airflow/.local/lib/python3.7/site-packages/airflow/example_dags/example_time_delta_sensor_async.py
[2022-05-07 13:34:36,572] {logging_mixin.py:109} INFO - [2022-05-07 13:34:36,572] {dag.py:2398} INFO - Sync 1 DAGs
[2022-05-07 13:34:36,643] {logging_mixin.py:109} INFO - [2022-05-07 13:34:36,643] {dag.py:2937} INFO - Setting next_dagrun for example_time_delta_sensor_async to None
[2022-05-07 13:34:36,679] {processor.py:171} INFO - Processing /home/airflow/.local/lib/python3.7/site-packages/airflow/example_dags/example_time_delta_sensor_async.py took 0.262 seconds
[2022-05-07 13:35:07,149] {processor.py:163} INFO - Started process (PID=303) to work on /home/airflow/.local/lib/python3.7/site-packages/airflow/example_dags/example_time_delta_sensor_async.py
[2022-05-07 13:35:07,159] {processor.py:642} INFO - Processing file /home/airflow/.local/lib/python3.7/site-packages/airflow/example_dags/example_time_delta_sensor_async.py for tasks to queue
[2022-05-07 13:35:07,165] {logging_mixin.py:109} INFO - [2022-05-07 13:35:07,165] {dagbag.py:500} INFO - Filling up the DagBag from /home/airflow/.local/lib/python3.7/site-packages/airflow/example_dags/example_time_delta_sensor_async.py
[2022-05-07 13:35:07,223] {processor.py:652} INFO - DAG(s) dict_keys(['example_time_delta_sensor_async']) retrieved from /home/airflow/.local/lib/python3.7/site-packages/airflow/example_dags/example_time_delta_sensor_async.py
[2022-05-07 13:35:07,313] {logging_mixin.py:109} INFO - [2022-05-07 13:35:07,313] {dag.py:2398} INFO - Sync 1 DAGs
[2022-05-07 13:35:07,367] {logging_mixin.py:109} INFO - [2022-05-07 13:35:07,366] {dag.py:2937} INFO - Setting next_dagrun for example_time_delta_sensor_async to None
[2022-05-07 13:35:07,390] {processor.py:171} INFO - Processing /home/airflow/.local/lib/python3.7/site-packages/airflow/example_dags/example_time_delta_sensor_async.py took 0.270 seconds
[2022-05-07 13:35:38,410] {processor.py:163} INFO - Started process (PID=356) to work on /home/airflow/.local/lib/python3.7/site-packages/airflow/example_dags/example_time_delta_sensor_async.py
[2022-05-07 13:35:38,417] {processor.py:642} INFO - Processing file /home/airflow/.local/lib/python3.7/site-packages/airflow/example_dags/example_time_delta_sensor_async.py for tasks to queue
[2022-05-07 13:35:38,420] {logging_mixin.py:109} INFO - [2022-05-07 13:35:38,419] {dagbag.py:500} INFO - Filling up the DagBag from /home/airflow/.local/lib/python3.7/site-packages/airflow/example_dags/example_time_delta_sensor_async.py
[2022-05-07 13:35:38,442] {processor.py:652} INFO - DAG(s) dict_keys(['example_time_delta_sensor_async']) retrieved from /home/airflow/.local/lib/python3.7/site-packages/airflow/example_dags/example_time_delta_sensor_async.py
[2022-05-07 13:35:38,481] {logging_mixin.py:109} INFO - [2022-05-07 13:35:38,480] {dag.py:2398} INFO - Sync 1 DAGs
[2022-05-07 13:35:38,513] {logging_mixin.py:109} INFO - [2022-05-07 13:35:38,512] {dag.py:2937} INFO - Setting next_dagrun for example_time_delta_sensor_async to None
[2022-05-07 13:35:38,537] {processor.py:171} INFO - Processing /home/airflow/.local/lib/python3.7/site-packages/airflow/example_dags/example_time_delta_sensor_async.py took 0.139 seconds
[2022-05-07 13:36:09,079] {processor.py:163} INFO - Started process (PID=406) to work on /home/airflow/.local/lib/python3.7/site-packages/airflow/example_dags/example_time_delta_sensor_async.py
[2022-05-07 13:36:09,083] {processor.py:642} INFO - Processing file /home/airflow/.local/lib/python3.7/site-packages/airflow/example_dags/example_time_delta_sensor_async.py for tasks to queue
[2022-05-07 13:36:09,085] {logging_mixin.py:109} INFO - [2022-05-07 13:36:09,085] {dagbag.py:500} INFO - Filling up the DagBag from /home/airflow/.local/lib/python3.7/site-packages/airflow/example_dags/example_time_delta_sensor_async.py
[2022-05-07 13:36:09,112] {processor.py:652} INFO - DAG(s) dict_keys(['example_time_delta_sensor_async']) retrieved from /home/airflow/.local/lib/python3.7/site-packages/airflow/example_dags/example_time_delta_sensor_async.py
[2022-05-07 13:36:09,181] {logging_mixin.py:109} INFO - [2022-05-07 13:36:09,180] {dag.py:2398} INFO - Sync 1 DAGs
[2022-05-07 13:36:09,219] {logging_mixin.py:109} INFO - [2022-05-07 13:36:09,219] {dag.py:2937} INFO - Setting next_dagrun for example_time_delta_sensor_async to None
[2022-05-07 13:36:09,245] {processor.py:171} INFO - Processing /home/airflow/.local/lib/python3.7/site-packages/airflow/example_dags/example_time_delta_sensor_async.py took 0.173 seconds
[2022-05-07 13:36:39,912] {processor.py:163} INFO - Started process (PID=463) to work on /home/airflow/.local/lib/python3.7/site-packages/airflow/example_dags/example_time_delta_sensor_async.py
[2022-05-07 13:36:39,923] {processor.py:642} INFO - Processing file /home/airflow/.local/lib/python3.7/site-packages/airflow/example_dags/example_time_delta_sensor_async.py for tasks to queue
[2022-05-07 13:36:39,935] {logging_mixin.py:109} INFO - [2022-05-07 13:36:39,933] {dagbag.py:500} INFO - Filling up the DagBag from /home/airflow/.local/lib/python3.7/site-packages/airflow/example_dags/example_time_delta_sensor_async.py
[2022-05-07 13:36:40,160] {processor.py:652} INFO - DAG(s) dict_keys(['example_time_delta_sensor_async']) retrieved from /home/airflow/.local/lib/python3.7/site-packages/airflow/example_dags/example_time_delta_sensor_async.py
[2022-05-07 13:36:40,357] {logging_mixin.py:109} INFO - [2022-05-07 13:36:40,357] {dag.py:2398} INFO - Sync 1 DAGs
[2022-05-07 13:36:40,656] {logging_mixin.py:109} INFO - [2022-05-07 13:36:40,656] {dag.py:2937} INFO - Setting next_dagrun for example_time_delta_sensor_async to None
[2022-05-07 13:36:40,815] {processor.py:171} INFO - Processing /home/airflow/.local/lib/python3.7/site-packages/airflow/example_dags/example_time_delta_sensor_async.py took 0.934 seconds
[2022-05-07 13:37:11,261] {processor.py:163} INFO - Started process (PID=507) to work on /home/airflow/.local/lib/python3.7/site-packages/airflow/example_dags/example_time_delta_sensor_async.py
[2022-05-07 13:37:11,274] {processor.py:642} INFO - Processing file /home/airflow/.local/lib/python3.7/site-packages/airflow/example_dags/example_time_delta_sensor_async.py for tasks to queue
[2022-05-07 13:37:11,288] {logging_mixin.py:109} INFO - [2022-05-07 13:37:11,283] {dagbag.py:500} INFO - Filling up the DagBag from /home/airflow/.local/lib/python3.7/site-packages/airflow/example_dags/example_time_delta_sensor_async.py
[2022-05-07 13:37:11,352] {processor.py:652} INFO - DAG(s) dict_keys(['example_time_delta_sensor_async']) retrieved from /home/airflow/.local/lib/python3.7/site-packages/airflow/example_dags/example_time_delta_sensor_async.py
[2022-05-07 13:37:11,417] {logging_mixin.py:109} INFO - [2022-05-07 13:37:11,416] {dag.py:2398} INFO - Sync 1 DAGs
[2022-05-07 13:37:11,474] {logging_mixin.py:109} INFO - [2022-05-07 13:37:11,474] {dag.py:2937} INFO - Setting next_dagrun for example_time_delta_sensor_async to None
[2022-05-07 13:37:11,509] {processor.py:171} INFO - Processing /home/airflow/.local/lib/python3.7/site-packages/airflow/example_dags/example_time_delta_sensor_async.py took 0.263 seconds
[2022-05-07 13:37:42,463] {processor.py:163} INFO - Started process (PID=561) to work on /home/airflow/.local/lib/python3.7/site-packages/airflow/example_dags/example_time_delta_sensor_async.py
[2022-05-07 13:37:42,466] {processor.py:642} INFO - Processing file /home/airflow/.local/lib/python3.7/site-packages/airflow/example_dags/example_time_delta_sensor_async.py for tasks to queue
[2022-05-07 13:37:42,468] {logging_mixin.py:109} INFO - [2022-05-07 13:37:42,468] {dagbag.py:500} INFO - Filling up the DagBag from /home/airflow/.local/lib/python3.7/site-packages/airflow/example_dags/example_time_delta_sensor_async.py
[2022-05-07 13:37:42,504] {processor.py:652} INFO - DAG(s) dict_keys(['example_time_delta_sensor_async']) retrieved from /home/airflow/.local/lib/python3.7/site-packages/airflow/example_dags/example_time_delta_sensor_async.py
[2022-05-07 13:37:42,548] {logging_mixin.py:109} INFO - [2022-05-07 13:37:42,548] {dag.py:2398} INFO - Sync 1 DAGs
[2022-05-07 13:37:42,599] {logging_mixin.py:109} INFO - [2022-05-07 13:37:42,599] {dag.py:2937} INFO - Setting next_dagrun for example_time_delta_sensor_async to None
[2022-05-07 13:37:42,631] {processor.py:171} INFO - Processing /home/airflow/.local/lib/python3.7/site-packages/airflow/example_dags/example_time_delta_sensor_async.py took 0.172 seconds
[2022-05-07 13:38:13,623] {processor.py:163} INFO - Started process (PID=622) to work on /home/airflow/.local/lib/python3.7/site-packages/airflow/example_dags/example_time_delta_sensor_async.py
[2022-05-07 13:38:13,633] {processor.py:642} INFO - Processing file /home/airflow/.local/lib/python3.7/site-packages/airflow/example_dags/example_time_delta_sensor_async.py for tasks to queue
[2022-05-07 13:38:13,638] {logging_mixin.py:109} INFO - [2022-05-07 13:38:13,637] {dagbag.py:500} INFO - Filling up the DagBag from /home/airflow/.local/lib/python3.7/site-packages/airflow/example_dags/example_time_delta_sensor_async.py
[2022-05-07 13:38:13,712] {processor.py:652} INFO - DAG(s) dict_keys(['example_time_delta_sensor_async']) retrieved from /home/airflow/.local/lib/python3.7/site-packages/airflow/example_dags/example_time_delta_sensor_async.py
[2022-05-07 13:38:13,872] {logging_mixin.py:109} INFO - [2022-05-07 13:38:13,872] {dag.py:2398} INFO - Sync 1 DAGs
[2022-05-07 13:38:14,006] {logging_mixin.py:109} INFO - [2022-05-07 13:38:14,006] {dag.py:2937} INFO - Setting next_dagrun for example_time_delta_sensor_async to None
[2022-05-07 13:38:14,085] {processor.py:171} INFO - Processing /home/airflow/.local/lib/python3.7/site-packages/airflow/example_dags/example_time_delta_sensor_async.py took 0.478 seconds
[2022-05-07 13:38:44,933] {processor.py:163} INFO - Started process (PID=665) to work on /home/airflow/.local/lib/python3.7/site-packages/airflow/example_dags/example_time_delta_sensor_async.py
[2022-05-07 13:38:44,937] {processor.py:642} INFO - Processing file /home/airflow/.local/lib/python3.7/site-packages/airflow/example_dags/example_time_delta_sensor_async.py for tasks to queue
[2022-05-07 13:38:44,941] {logging_mixin.py:109} INFO - [2022-05-07 13:38:44,941] {dagbag.py:500} INFO - Filling up the DagBag from /home/airflow/.local/lib/python3.7/site-packages/airflow/example_dags/example_time_delta_sensor_async.py
[2022-05-07 13:38:44,974] {processor.py:652} INFO - DAG(s) dict_keys(['example_time_delta_sensor_async']) retrieved from /home/airflow/.local/lib/python3.7/site-packages/airflow/example_dags/example_time_delta_sensor_async.py
[2022-05-07 13:38:45,036] {logging_mixin.py:109} INFO - [2022-05-07 13:38:45,035] {dag.py:2398} INFO - Sync 1 DAGs
[2022-05-07 13:38:45,080] {logging_mixin.py:109} INFO - [2022-05-07 13:38:45,080] {dag.py:2937} INFO - Setting next_dagrun for example_time_delta_sensor_async to None
[2022-05-07 13:38:45,117] {processor.py:171} INFO - Processing /home/airflow/.local/lib/python3.7/site-packages/airflow/example_dags/example_time_delta_sensor_async.py took 0.193 seconds
[2022-05-07 13:39:15,210] {processor.py:163} INFO - Started process (PID=719) to work on /home/airflow/.local/lib/python3.7/site-packages/airflow/example_dags/example_time_delta_sensor_async.py
[2022-05-07 13:39:15,214] {processor.py:642} INFO - Processing file /home/airflow/.local/lib/python3.7/site-packages/airflow/example_dags/example_time_delta_sensor_async.py for tasks to queue
[2022-05-07 13:39:15,217] {logging_mixin.py:109} INFO - [2022-05-07 13:39:15,216] {dagbag.py:500} INFO - Filling up the DagBag from /home/airflow/.local/lib/python3.7/site-packages/airflow/example_dags/example_time_delta_sensor_async.py
[2022-05-07 13:39:15,245] {processor.py:652} INFO - DAG(s) dict_keys(['example_time_delta_sensor_async']) retrieved from /home/airflow/.local/lib/python3.7/site-packages/airflow/example_dags/example_time_delta_sensor_async.py
[2022-05-07 13:39:15,290] {logging_mixin.py:109} INFO - [2022-05-07 13:39:15,290] {dag.py:2398} INFO - Sync 1 DAGs
[2022-05-07 13:39:15,335] {logging_mixin.py:109} INFO - [2022-05-07 13:39:15,335] {dag.py:2937} INFO - Setting next_dagrun for example_time_delta_sensor_async to None
[2022-05-07 13:39:15,355] {processor.py:171} INFO - Processing /home/airflow/.local/lib/python3.7/site-packages/airflow/example_dags/example_time_delta_sensor_async.py took 0.151 seconds
[2022-05-07 13:39:45,705] {processor.py:163} INFO - Started process (PID=781) to work on /home/airflow/.local/lib/python3.7/site-packages/airflow/example_dags/example_time_delta_sensor_async.py
[2022-05-07 13:39:45,709] {processor.py:642} INFO - Processing file /home/airflow/.local/lib/python3.7/site-packages/airflow/example_dags/example_time_delta_sensor_async.py for tasks to queue
[2022-05-07 13:39:45,712] {logging_mixin.py:109} INFO - [2022-05-07 13:39:45,712] {dagbag.py:500} INFO - Filling up the DagBag from /home/airflow/.local/lib/python3.7/site-packages/airflow/example_dags/example_time_delta_sensor_async.py
[2022-05-07 13:39:45,741] {processor.py:652} INFO - DAG(s) dict_keys(['example_time_delta_sensor_async']) retrieved from /home/airflow/.local/lib/python3.7/site-packages/airflow/example_dags/example_time_delta_sensor_async.py
[2022-05-07 13:39:45,784] {logging_mixin.py:109} INFO - [2022-05-07 13:39:45,784] {dag.py:2398} INFO - Sync 1 DAGs
[2022-05-07 13:39:45,822] {logging_mixin.py:109} INFO - [2022-05-07 13:39:45,822] {dag.py:2937} INFO - Setting next_dagrun for example_time_delta_sensor_async to None
[2022-05-07 13:39:45,839] {processor.py:171} INFO - Processing /home/airflow/.local/lib/python3.7/site-packages/airflow/example_dags/example_time_delta_sensor_async.py took 0.140 seconds
[2022-05-07 13:40:16,056] {processor.py:163} INFO - Started process (PID=833) to work on /home/airflow/.local/lib/python3.7/site-packages/airflow/example_dags/example_time_delta_sensor_async.py
[2022-05-07 13:40:16,061] {processor.py:642} INFO - Processing file /home/airflow/.local/lib/python3.7/site-packages/airflow/example_dags/example_time_delta_sensor_async.py for tasks to queue
[2022-05-07 13:40:16,064] {logging_mixin.py:109} INFO - [2022-05-07 13:40:16,064] {dagbag.py:500} INFO - Filling up the DagBag from /home/airflow/.local/lib/python3.7/site-packages/airflow/example_dags/example_time_delta_sensor_async.py
[2022-05-07 13:40:16,089] {processor.py:652} INFO - DAG(s) dict_keys(['example_time_delta_sensor_async']) retrieved from /home/airflow/.local/lib/python3.7/site-packages/airflow/example_dags/example_time_delta_sensor_async.py
[2022-05-07 13:40:16,130] {logging_mixin.py:109} INFO - [2022-05-07 13:40:16,130] {dag.py:2398} INFO - Sync 1 DAGs
[2022-05-07 13:40:16,177] {logging_mixin.py:109} INFO - [2022-05-07 13:40:16,177] {dag.py:2937} INFO - Setting next_dagrun for example_time_delta_sensor_async to None
[2022-05-07 13:40:16,195] {processor.py:171} INFO - Processing /home/airflow/.local/lib/python3.7/site-packages/airflow/example_dags/example_time_delta_sensor_async.py took 0.145 seconds
[2022-05-07 13:40:46,473] {processor.py:163} INFO - Started process (PID=887) to work on /home/airflow/.local/lib/python3.7/site-packages/airflow/example_dags/example_time_delta_sensor_async.py
[2022-05-07 13:40:46,477] {processor.py:642} INFO - Processing file /home/airflow/.local/lib/python3.7/site-packages/airflow/example_dags/example_time_delta_sensor_async.py for tasks to queue
[2022-05-07 13:40:46,479] {logging_mixin.py:109} INFO - [2022-05-07 13:40:46,479] {dagbag.py:500} INFO - Filling up the DagBag from /home/airflow/.local/lib/python3.7/site-packages/airflow/example_dags/example_time_delta_sensor_async.py
[2022-05-07 13:40:46,507] {processor.py:652} INFO - DAG(s) dict_keys(['example_time_delta_sensor_async']) retrieved from /home/airflow/.local/lib/python3.7/site-packages/airflow/example_dags/example_time_delta_sensor_async.py
[2022-05-07 13:40:46,548] {logging_mixin.py:109} INFO - [2022-05-07 13:40:46,548] {dag.py:2398} INFO - Sync 1 DAGs
[2022-05-07 13:40:46,578] {logging_mixin.py:109} INFO - [2022-05-07 13:40:46,578] {dag.py:2937} INFO - Setting next_dagrun for example_time_delta_sensor_async to None
[2022-05-07 13:40:46,599] {processor.py:171} INFO - Processing /home/airflow/.local/lib/python3.7/site-packages/airflow/example_dags/example_time_delta_sensor_async.py took 0.133 seconds
[2022-05-07 13:41:17,197] {processor.py:163} INFO - Started process (PID=938) to work on /home/airflow/.local/lib/python3.7/site-packages/airflow/example_dags/example_time_delta_sensor_async.py
[2022-05-07 13:41:17,200] {processor.py:642} INFO - Processing file /home/airflow/.local/lib/python3.7/site-packages/airflow/example_dags/example_time_delta_sensor_async.py for tasks to queue
[2022-05-07 13:41:17,202] {logging_mixin.py:109} INFO - [2022-05-07 13:41:17,202] {dagbag.py:500} INFO - Filling up the DagBag from /home/airflow/.local/lib/python3.7/site-packages/airflow/example_dags/example_time_delta_sensor_async.py
[2022-05-07 13:41:17,237] {processor.py:652} INFO - DAG(s) dict_keys(['example_time_delta_sensor_async']) retrieved from /home/airflow/.local/lib/python3.7/site-packages/airflow/example_dags/example_time_delta_sensor_async.py
[2022-05-07 13:41:17,278] {logging_mixin.py:109} INFO - [2022-05-07 13:41:17,278] {dag.py:2398} INFO - Sync 1 DAGs
[2022-05-07 13:41:17,311] {logging_mixin.py:109} INFO - [2022-05-07 13:41:17,311] {dag.py:2937} INFO - Setting next_dagrun for example_time_delta_sensor_async to None
[2022-05-07 13:41:17,336] {processor.py:171} INFO - Processing /home/airflow/.local/lib/python3.7/site-packages/airflow/example_dags/example_time_delta_sensor_async.py took 0.150 seconds
[2022-05-07 13:41:47,883] {processor.py:163} INFO - Started process (PID=988) to work on /home/airflow/.local/lib/python3.7/site-packages/airflow/example_dags/example_time_delta_sensor_async.py
[2022-05-07 13:41:47,886] {processor.py:642} INFO - Processing file /home/airflow/.local/lib/python3.7/site-packages/airflow/example_dags/example_time_delta_sensor_async.py for tasks to queue
[2022-05-07 13:41:47,889] {logging_mixin.py:109} INFO - [2022-05-07 13:41:47,889] {dagbag.py:500} INFO - Filling up the DagBag from /home/airflow/.local/lib/python3.7/site-packages/airflow/example_dags/example_time_delta_sensor_async.py
[2022-05-07 13:41:47,913] {processor.py:652} INFO - DAG(s) dict_keys(['example_time_delta_sensor_async']) retrieved from /home/airflow/.local/lib/python3.7/site-packages/airflow/example_dags/example_time_delta_sensor_async.py
[2022-05-07 13:41:47,955] {logging_mixin.py:109} INFO - [2022-05-07 13:41:47,955] {dag.py:2398} INFO - Sync 1 DAGs
[2022-05-07 13:41:47,979] {logging_mixin.py:109} INFO - [2022-05-07 13:41:47,979] {dag.py:2937} INFO - Setting next_dagrun for example_time_delta_sensor_async to None
[2022-05-07 13:41:47,994] {processor.py:171} INFO - Processing /home/airflow/.local/lib/python3.7/site-packages/airflow/example_dags/example_time_delta_sensor_async.py took 0.117 seconds
[2022-05-07 13:42:18,610] {processor.py:163} INFO - Started process (PID=1048) to work on /home/airflow/.local/lib/python3.7/site-packages/airflow/example_dags/example_time_delta_sensor_async.py
[2022-05-07 13:42:18,616] {processor.py:642} INFO - Processing file /home/airflow/.local/lib/python3.7/site-packages/airflow/example_dags/example_time_delta_sensor_async.py for tasks to queue
[2022-05-07 13:42:18,620] {logging_mixin.py:109} INFO - [2022-05-07 13:42:18,619] {dagbag.py:500} INFO - Filling up the DagBag from /home/airflow/.local/lib/python3.7/site-packages/airflow/example_dags/example_time_delta_sensor_async.py
[2022-05-07 13:42:18,706] {processor.py:652} INFO - DAG(s) dict_keys(['example_time_delta_sensor_async']) retrieved from /home/airflow/.local/lib/python3.7/site-packages/airflow/example_dags/example_time_delta_sensor_async.py
[2022-05-07 13:42:18,802] {logging_mixin.py:109} INFO - [2022-05-07 13:42:18,802] {dag.py:2398} INFO - Sync 1 DAGs
[2022-05-07 13:42:18,845] {logging_mixin.py:109} INFO - [2022-05-07 13:42:18,845] {dag.py:2937} INFO - Setting next_dagrun for example_time_delta_sensor_async to None
[2022-05-07 13:42:18,883] {processor.py:171} INFO - Processing /home/airflow/.local/lib/python3.7/site-packages/airflow/example_dags/example_time_delta_sensor_async.py took 0.292 seconds
[2022-05-07 13:42:49,830] {processor.py:163} INFO - Started process (PID=1103) to work on /home/airflow/.local/lib/python3.7/site-packages/airflow/example_dags/example_time_delta_sensor_async.py
[2022-05-07 13:42:49,833] {processor.py:642} INFO - Processing file /home/airflow/.local/lib/python3.7/site-packages/airflow/example_dags/example_time_delta_sensor_async.py for tasks to queue
[2022-05-07 13:42:49,835] {logging_mixin.py:109} INFO - [2022-05-07 13:42:49,835] {dagbag.py:500} INFO - Filling up the DagBag from /home/airflow/.local/lib/python3.7/site-packages/airflow/example_dags/example_time_delta_sensor_async.py
[2022-05-07 13:42:49,883] {processor.py:652} INFO - DAG(s) dict_keys(['example_time_delta_sensor_async']) retrieved from /home/airflow/.local/lib/python3.7/site-packages/airflow/example_dags/example_time_delta_sensor_async.py
[2022-05-07 13:42:49,938] {logging_mixin.py:109} INFO - [2022-05-07 13:42:49,938] {dag.py:2398} INFO - Sync 1 DAGs
[2022-05-07 13:42:49,990] {logging_mixin.py:109} INFO - [2022-05-07 13:42:49,989] {dag.py:2937} INFO - Setting next_dagrun for example_time_delta_sensor_async to None
[2022-05-07 13:42:50,014] {processor.py:171} INFO - Processing /home/airflow/.local/lib/python3.7/site-packages/airflow/example_dags/example_time_delta_sensor_async.py took 0.192 seconds
[2022-05-07 13:43:20,531] {processor.py:163} INFO - Started process (PID=1155) to work on /home/airflow/.local/lib/python3.7/site-packages/airflow/example_dags/example_time_delta_sensor_async.py
[2022-05-07 13:43:20,543] {processor.py:642} INFO - Processing file /home/airflow/.local/lib/python3.7/site-packages/airflow/example_dags/example_time_delta_sensor_async.py for tasks to queue
[2022-05-07 13:43:20,560] {logging_mixin.py:109} INFO - [2022-05-07 13:43:20,559] {dagbag.py:500} INFO - Filling up the DagBag from /home/airflow/.local/lib/python3.7/site-packages/airflow/example_dags/example_time_delta_sensor_async.py
[2022-05-07 13:43:20,679] {processor.py:652} INFO - DAG(s) dict_keys(['example_time_delta_sensor_async']) retrieved from /home/airflow/.local/lib/python3.7/site-packages/airflow/example_dags/example_time_delta_sensor_async.py
[2022-05-07 13:43:20,948] {logging_mixin.py:109} INFO - [2022-05-07 13:43:20,947] {dag.py:2398} INFO - Sync 1 DAGs
[2022-05-07 13:43:21,077] {logging_mixin.py:109} INFO - [2022-05-07 13:43:21,076] {dag.py:2937} INFO - Setting next_dagrun for example_time_delta_sensor_async to None
[2022-05-07 13:43:21,106] {processor.py:171} INFO - Processing /home/airflow/.local/lib/python3.7/site-packages/airflow/example_dags/example_time_delta_sensor_async.py took 0.640 seconds
[2022-05-07 13:43:51,913] {processor.py:163} INFO - Started process (PID=1198) to work on /home/airflow/.local/lib/python3.7/site-packages/airflow/example_dags/example_time_delta_sensor_async.py
[2022-05-07 13:43:51,916] {processor.py:642} INFO - Processing file /home/airflow/.local/lib/python3.7/site-packages/airflow/example_dags/example_time_delta_sensor_async.py for tasks to queue
[2022-05-07 13:43:51,919] {logging_mixin.py:109} INFO - [2022-05-07 13:43:51,919] {dagbag.py:500} INFO - Filling up the DagBag from /home/airflow/.local/lib/python3.7/site-packages/airflow/example_dags/example_time_delta_sensor_async.py
[2022-05-07 13:43:51,944] {processor.py:652} INFO - DAG(s) dict_keys(['example_time_delta_sensor_async']) retrieved from /home/airflow/.local/lib/python3.7/site-packages/airflow/example_dags/example_time_delta_sensor_async.py
[2022-05-07 13:43:51,986] {logging_mixin.py:109} INFO - [2022-05-07 13:43:51,986] {dag.py:2398} INFO - Sync 1 DAGs
[2022-05-07 13:43:52,014] {logging_mixin.py:109} INFO - [2022-05-07 13:43:52,014] {dag.py:2937} INFO - Setting next_dagrun for example_time_delta_sensor_async to None
[2022-05-07 13:43:52,033] {processor.py:171} INFO - Processing /home/airflow/.local/lib/python3.7/site-packages/airflow/example_dags/example_time_delta_sensor_async.py took 0.126 seconds
[2022-05-07 13:44:22,573] {processor.py:163} INFO - Started process (PID=1251) to work on /home/airflow/.local/lib/python3.7/site-packages/airflow/example_dags/example_time_delta_sensor_async.py
[2022-05-07 13:44:22,576] {processor.py:642} INFO - Processing file /home/airflow/.local/lib/python3.7/site-packages/airflow/example_dags/example_time_delta_sensor_async.py for tasks to queue
[2022-05-07 13:44:22,578] {logging_mixin.py:109} INFO - [2022-05-07 13:44:22,578] {dagbag.py:500} INFO - Filling up the DagBag from /home/airflow/.local/lib/python3.7/site-packages/airflow/example_dags/example_time_delta_sensor_async.py
[2022-05-07 13:44:22,602] {processor.py:652} INFO - DAG(s) dict_keys(['example_time_delta_sensor_async']) retrieved from /home/airflow/.local/lib/python3.7/site-packages/airflow/example_dags/example_time_delta_sensor_async.py
[2022-05-07 13:44:22,661] {logging_mixin.py:109} INFO - [2022-05-07 13:44:22,661] {dag.py:2398} INFO - Sync 1 DAGs
[2022-05-07 13:44:22,699] {logging_mixin.py:109} INFO - [2022-05-07 13:44:22,699] {dag.py:2937} INFO - Setting next_dagrun for example_time_delta_sensor_async to None
[2022-05-07 13:44:22,730] {processor.py:171} INFO - Processing /home/airflow/.local/lib/python3.7/site-packages/airflow/example_dags/example_time_delta_sensor_async.py took 0.163 seconds
[2022-05-07 13:44:53,446] {processor.py:163} INFO - Started process (PID=1313) to work on /home/airflow/.local/lib/python3.7/site-packages/airflow/example_dags/example_time_delta_sensor_async.py
[2022-05-07 13:44:53,453] {processor.py:642} INFO - Processing file /home/airflow/.local/lib/python3.7/site-packages/airflow/example_dags/example_time_delta_sensor_async.py for tasks to queue
[2022-05-07 13:44:53,456] {logging_mixin.py:109} INFO - [2022-05-07 13:44:53,456] {dagbag.py:500} INFO - Filling up the DagBag from /home/airflow/.local/lib/python3.7/site-packages/airflow/example_dags/example_time_delta_sensor_async.py
[2022-05-07 13:44:53,504] {processor.py:652} INFO - DAG(s) dict_keys(['example_time_delta_sensor_async']) retrieved from /home/airflow/.local/lib/python3.7/site-packages/airflow/example_dags/example_time_delta_sensor_async.py
[2022-05-07 13:44:53,546] {logging_mixin.py:109} INFO - [2022-05-07 13:44:53,546] {dag.py:2398} INFO - Sync 1 DAGs
[2022-05-07 13:44:53,581] {logging_mixin.py:109} INFO - [2022-05-07 13:44:53,581] {dag.py:2937} INFO - Setting next_dagrun for example_time_delta_sensor_async to None
[2022-05-07 13:44:53,612] {processor.py:171} INFO - Processing /home/airflow/.local/lib/python3.7/site-packages/airflow/example_dags/example_time_delta_sensor_async.py took 0.175 seconds
[2022-05-07 13:45:23,981] {processor.py:163} INFO - Started process (PID=1364) to work on /home/airflow/.local/lib/python3.7/site-packages/airflow/example_dags/example_time_delta_sensor_async.py
[2022-05-07 13:45:23,990] {processor.py:642} INFO - Processing file /home/airflow/.local/lib/python3.7/site-packages/airflow/example_dags/example_time_delta_sensor_async.py for tasks to queue
[2022-05-07 13:45:23,996] {logging_mixin.py:109} INFO - [2022-05-07 13:45:23,995] {dagbag.py:500} INFO - Filling up the DagBag from /home/airflow/.local/lib/python3.7/site-packages/airflow/example_dags/example_time_delta_sensor_async.py
[2022-05-07 13:45:24,038] {processor.py:652} INFO - DAG(s) dict_keys(['example_time_delta_sensor_async']) retrieved from /home/airflow/.local/lib/python3.7/site-packages/airflow/example_dags/example_time_delta_sensor_async.py
[2022-05-07 13:45:24,076] {logging_mixin.py:109} INFO - [2022-05-07 13:45:24,075] {dag.py:2398} INFO - Sync 1 DAGs
[2022-05-07 13:45:24,117] {logging_mixin.py:109} INFO - [2022-05-07 13:45:24,117] {dag.py:2937} INFO - Setting next_dagrun for example_time_delta_sensor_async to None
[2022-05-07 13:45:24,141] {processor.py:171} INFO - Processing /home/airflow/.local/lib/python3.7/site-packages/airflow/example_dags/example_time_delta_sensor_async.py took 0.166 seconds
[2022-05-07 13:45:54,495] {processor.py:163} INFO - Started process (PID=1417) to work on /home/airflow/.local/lib/python3.7/site-packages/airflow/example_dags/example_time_delta_sensor_async.py
[2022-05-07 13:45:54,498] {processor.py:642} INFO - Processing file /home/airflow/.local/lib/python3.7/site-packages/airflow/example_dags/example_time_delta_sensor_async.py for tasks to queue
[2022-05-07 13:45:54,500] {logging_mixin.py:109} INFO - [2022-05-07 13:45:54,500] {dagbag.py:500} INFO - Filling up the DagBag from /home/airflow/.local/lib/python3.7/site-packages/airflow/example_dags/example_time_delta_sensor_async.py
[2022-05-07 13:45:54,523] {processor.py:652} INFO - DAG(s) dict_keys(['example_time_delta_sensor_async']) retrieved from /home/airflow/.local/lib/python3.7/site-packages/airflow/example_dags/example_time_delta_sensor_async.py
[2022-05-07 13:45:54,570] {logging_mixin.py:109} INFO - [2022-05-07 13:45:54,570] {dag.py:2398} INFO - Sync 1 DAGs
[2022-05-07 13:45:54,596] {logging_mixin.py:109} INFO - [2022-05-07 13:45:54,596] {dag.py:2937} INFO - Setting next_dagrun for example_time_delta_sensor_async to None
[2022-05-07 13:45:54,612] {processor.py:171} INFO - Processing /home/airflow/.local/lib/python3.7/site-packages/airflow/example_dags/example_time_delta_sensor_async.py took 0.124 seconds
[2022-05-07 13:46:24,838] {processor.py:163} INFO - Started process (PID=1477) to work on /home/airflow/.local/lib/python3.7/site-packages/airflow/example_dags/example_time_delta_sensor_async.py
[2022-05-07 13:46:24,842] {processor.py:642} INFO - Processing file /home/airflow/.local/lib/python3.7/site-packages/airflow/example_dags/example_time_delta_sensor_async.py for tasks to queue
[2022-05-07 13:46:24,845] {logging_mixin.py:109} INFO - [2022-05-07 13:46:24,844] {dagbag.py:500} INFO - Filling up the DagBag from /home/airflow/.local/lib/python3.7/site-packages/airflow/example_dags/example_time_delta_sensor_async.py
[2022-05-07 13:46:24,880] {processor.py:652} INFO - DAG(s) dict_keys(['example_time_delta_sensor_async']) retrieved from /home/airflow/.local/lib/python3.7/site-packages/airflow/example_dags/example_time_delta_sensor_async.py
[2022-05-07 13:46:24,932] {logging_mixin.py:109} INFO - [2022-05-07 13:46:24,932] {dag.py:2398} INFO - Sync 1 DAGs
[2022-05-07 13:46:24,972] {logging_mixin.py:109} INFO - [2022-05-07 13:46:24,971] {dag.py:2937} INFO - Setting next_dagrun for example_time_delta_sensor_async to None
[2022-05-07 13:46:24,997] {processor.py:171} INFO - Processing /home/airflow/.local/lib/python3.7/site-packages/airflow/example_dags/example_time_delta_sensor_async.py took 0.169 seconds
[2022-05-07 13:46:55,940] {processor.py:163} INFO - Started process (PID=1532) to work on /home/airflow/.local/lib/python3.7/site-packages/airflow/example_dags/example_time_delta_sensor_async.py
[2022-05-07 13:46:55,945] {processor.py:642} INFO - Processing file /home/airflow/.local/lib/python3.7/site-packages/airflow/example_dags/example_time_delta_sensor_async.py for tasks to queue
[2022-05-07 13:46:55,947] {logging_mixin.py:109} INFO - [2022-05-07 13:46:55,947] {dagbag.py:500} INFO - Filling up the DagBag from /home/airflow/.local/lib/python3.7/site-packages/airflow/example_dags/example_time_delta_sensor_async.py
[2022-05-07 13:46:55,983] {processor.py:652} INFO - DAG(s) dict_keys(['example_time_delta_sensor_async']) retrieved from /home/airflow/.local/lib/python3.7/site-packages/airflow/example_dags/example_time_delta_sensor_async.py
[2022-05-07 13:46:56,051] {logging_mixin.py:109} INFO - [2022-05-07 13:46:56,051] {dag.py:2398} INFO - Sync 1 DAGs
[2022-05-07 13:46:56,114] {logging_mixin.py:109} INFO - [2022-05-07 13:46:56,113] {dag.py:2937} INFO - Setting next_dagrun for example_time_delta_sensor_async to None
[2022-05-07 13:46:56,136] {processor.py:171} INFO - Processing /home/airflow/.local/lib/python3.7/site-packages/airflow/example_dags/example_time_delta_sensor_async.py took 0.202 seconds
[2022-05-07 13:47:27,195] {processor.py:163} INFO - Started process (PID=1583) to work on /home/airflow/.local/lib/python3.7/site-packages/airflow/example_dags/example_time_delta_sensor_async.py
[2022-05-07 13:47:27,263] {processor.py:642} INFO - Processing file /home/airflow/.local/lib/python3.7/site-packages/airflow/example_dags/example_time_delta_sensor_async.py for tasks to queue
[2022-05-07 13:47:27,288] {logging_mixin.py:109} INFO - [2022-05-07 13:47:27,286] {dagbag.py:500} INFO - Filling up the DagBag from /home/airflow/.local/lib/python3.7/site-packages/airflow/example_dags/example_time_delta_sensor_async.py
[2022-05-07 13:47:27,572] {processor.py:652} INFO - DAG(s) dict_keys(['example_time_delta_sensor_async']) retrieved from /home/airflow/.local/lib/python3.7/site-packages/airflow/example_dags/example_time_delta_sensor_async.py
[2022-05-07 13:47:27,974] {logging_mixin.py:109} INFO - [2022-05-07 13:47:27,973] {dag.py:2398} INFO - Sync 1 DAGs
[2022-05-07 13:47:28,176] {logging_mixin.py:109} INFO - [2022-05-07 13:47:28,176] {dag.py:2937} INFO - Setting next_dagrun for example_time_delta_sensor_async to None
[2022-05-07 13:47:28,247] {processor.py:171} INFO - Processing /home/airflow/.local/lib/python3.7/site-packages/airflow/example_dags/example_time_delta_sensor_async.py took 1.129 seconds
[2022-05-07 13:49:07,580] {processor.py:163} INFO - Started process (PID=1642) to work on /home/airflow/.local/lib/python3.7/site-packages/airflow/example_dags/example_time_delta_sensor_async.py
[2022-05-07 13:49:07,633] {processor.py:642} INFO - Processing file /home/airflow/.local/lib/python3.7/site-packages/airflow/example_dags/example_time_delta_sensor_async.py for tasks to queue
[2022-05-07 13:49:07,686] {logging_mixin.py:109} INFO - [2022-05-07 13:49:07,675] {dagbag.py:500} INFO - Filling up the DagBag from /home/airflow/.local/lib/python3.7/site-packages/airflow/example_dags/example_time_delta_sensor_async.py
[2022-05-07 13:49:08,354] {processor.py:652} INFO - DAG(s) dict_keys(['example_time_delta_sensor_async']) retrieved from /home/airflow/.local/lib/python3.7/site-packages/airflow/example_dags/example_time_delta_sensor_async.py
[2022-05-07 13:49:09,282] {logging_mixin.py:109} INFO - [2022-05-07 13:49:09,282] {dag.py:2398} INFO - Sync 1 DAGs
[2022-05-07 13:49:09,785] {logging_mixin.py:109} INFO - [2022-05-07 13:49:09,785] {dag.py:2937} INFO - Setting next_dagrun for example_time_delta_sensor_async to None
[2022-05-07 13:49:09,918] {processor.py:171} INFO - Processing /home/airflow/.local/lib/python3.7/site-packages/airflow/example_dags/example_time_delta_sensor_async.py took 2.495 seconds
[2022-05-07 13:49:40,349] {processor.py:163} INFO - Started process (PID=1686) to work on /home/airflow/.local/lib/python3.7/site-packages/airflow/example_dags/example_time_delta_sensor_async.py
[2022-05-07 13:49:40,353] {processor.py:642} INFO - Processing file /home/airflow/.local/lib/python3.7/site-packages/airflow/example_dags/example_time_delta_sensor_async.py for tasks to queue
[2022-05-07 13:49:40,356] {logging_mixin.py:109} INFO - [2022-05-07 13:49:40,356] {dagbag.py:500} INFO - Filling up the DagBag from /home/airflow/.local/lib/python3.7/site-packages/airflow/example_dags/example_time_delta_sensor_async.py
[2022-05-07 13:49:40,386] {processor.py:652} INFO - DAG(s) dict_keys(['example_time_delta_sensor_async']) retrieved from /home/airflow/.local/lib/python3.7/site-packages/airflow/example_dags/example_time_delta_sensor_async.py
[2022-05-07 13:49:40,422] {logging_mixin.py:109} INFO - [2022-05-07 13:49:40,422] {dag.py:2398} INFO - Sync 1 DAGs
[2022-05-07 13:49:40,447] {logging_mixin.py:109} INFO - [2022-05-07 13:49:40,447] {dag.py:2937} INFO - Setting next_dagrun for example_time_delta_sensor_async to None
[2022-05-07 13:49:40,467] {processor.py:171} INFO - Processing /home/airflow/.local/lib/python3.7/site-packages/airflow/example_dags/example_time_delta_sensor_async.py took 0.123 seconds
[2022-05-07 13:50:11,120] {processor.py:163} INFO - Started process (PID=1750) to work on /home/airflow/.local/lib/python3.7/site-packages/airflow/example_dags/example_time_delta_sensor_async.py
[2022-05-07 13:50:11,127] {processor.py:642} INFO - Processing file /home/airflow/.local/lib/python3.7/site-packages/airflow/example_dags/example_time_delta_sensor_async.py for tasks to queue
[2022-05-07 13:50:11,133] {logging_mixin.py:109} INFO - [2022-05-07 13:50:11,132] {dagbag.py:500} INFO - Filling up the DagBag from /home/airflow/.local/lib/python3.7/site-packages/airflow/example_dags/example_time_delta_sensor_async.py
[2022-05-07 13:50:11,171] {processor.py:652} INFO - DAG(s) dict_keys(['example_time_delta_sensor_async']) retrieved from /home/airflow/.local/lib/python3.7/site-packages/airflow/example_dags/example_time_delta_sensor_async.py
[2022-05-07 13:50:11,207] {logging_mixin.py:109} INFO - [2022-05-07 13:50:11,207] {dag.py:2398} INFO - Sync 1 DAGs
[2022-05-07 13:50:11,230] {logging_mixin.py:109} INFO - [2022-05-07 13:50:11,230] {dag.py:2937} INFO - Setting next_dagrun for example_time_delta_sensor_async to None
[2022-05-07 13:50:11,250] {processor.py:171} INFO - Processing /home/airflow/.local/lib/python3.7/site-packages/airflow/example_dags/example_time_delta_sensor_async.py took 0.143 seconds
[2022-05-07 13:50:41,659] {processor.py:163} INFO - Started process (PID=1805) to work on /home/airflow/.local/lib/python3.7/site-packages/airflow/example_dags/example_time_delta_sensor_async.py
[2022-05-07 13:50:41,664] {processor.py:642} INFO - Processing file /home/airflow/.local/lib/python3.7/site-packages/airflow/example_dags/example_time_delta_sensor_async.py for tasks to queue
[2022-05-07 13:50:41,668] {logging_mixin.py:109} INFO - [2022-05-07 13:50:41,667] {dagbag.py:500} INFO - Filling up the DagBag from /home/airflow/.local/lib/python3.7/site-packages/airflow/example_dags/example_time_delta_sensor_async.py
[2022-05-07 13:50:41,713] {processor.py:652} INFO - DAG(s) dict_keys(['example_time_delta_sensor_async']) retrieved from /home/airflow/.local/lib/python3.7/site-packages/airflow/example_dags/example_time_delta_sensor_async.py
[2022-05-07 13:50:41,764] {logging_mixin.py:109} INFO - [2022-05-07 13:50:41,764] {dag.py:2398} INFO - Sync 1 DAGs
[2022-05-07 13:50:41,845] {logging_mixin.py:109} INFO - [2022-05-07 13:50:41,845] {dag.py:2937} INFO - Setting next_dagrun for example_time_delta_sensor_async to None
[2022-05-07 13:50:41,879] {processor.py:171} INFO - Processing /home/airflow/.local/lib/python3.7/site-packages/airflow/example_dags/example_time_delta_sensor_async.py took 0.237 seconds
[2022-05-07 13:51:12,213] {processor.py:163} INFO - Started process (PID=1859) to work on /home/airflow/.local/lib/python3.7/site-packages/airflow/example_dags/example_time_delta_sensor_async.py
[2022-05-07 13:51:12,217] {processor.py:642} INFO - Processing file /home/airflow/.local/lib/python3.7/site-packages/airflow/example_dags/example_time_delta_sensor_async.py for tasks to queue
[2022-05-07 13:51:12,220] {logging_mixin.py:109} INFO - [2022-05-07 13:51:12,219] {dagbag.py:500} INFO - Filling up the DagBag from /home/airflow/.local/lib/python3.7/site-packages/airflow/example_dags/example_time_delta_sensor_async.py
[2022-05-07 13:51:12,251] {processor.py:652} INFO - DAG(s) dict_keys(['example_time_delta_sensor_async']) retrieved from /home/airflow/.local/lib/python3.7/site-packages/airflow/example_dags/example_time_delta_sensor_async.py
[2022-05-07 13:51:12,296] {logging_mixin.py:109} INFO - [2022-05-07 13:51:12,296] {dag.py:2398} INFO - Sync 1 DAGs
[2022-05-07 13:51:12,337] {logging_mixin.py:109} INFO - [2022-05-07 13:51:12,337] {dag.py:2937} INFO - Setting next_dagrun for example_time_delta_sensor_async to None
[2022-05-07 13:51:12,355] {processor.py:171} INFO - Processing /home/airflow/.local/lib/python3.7/site-packages/airflow/example_dags/example_time_delta_sensor_async.py took 0.147 seconds
[2022-05-07 13:51:42,967] {processor.py:163} INFO - Started process (PID=1912) to work on /home/airflow/.local/lib/python3.7/site-packages/airflow/example_dags/example_time_delta_sensor_async.py
[2022-05-07 13:51:42,972] {processor.py:642} INFO - Processing file /home/airflow/.local/lib/python3.7/site-packages/airflow/example_dags/example_time_delta_sensor_async.py for tasks to queue
[2022-05-07 13:51:42,975] {logging_mixin.py:109} INFO - [2022-05-07 13:51:42,975] {dagbag.py:500} INFO - Filling up the DagBag from /home/airflow/.local/lib/python3.7/site-packages/airflow/example_dags/example_time_delta_sensor_async.py
[2022-05-07 13:51:43,010] {processor.py:652} INFO - DAG(s) dict_keys(['example_time_delta_sensor_async']) retrieved from /home/airflow/.local/lib/python3.7/site-packages/airflow/example_dags/example_time_delta_sensor_async.py
[2022-05-07 13:51:43,105] {logging_mixin.py:109} INFO - [2022-05-07 13:51:43,105] {dag.py:2398} INFO - Sync 1 DAGs
[2022-05-07 13:51:43,143] {logging_mixin.py:109} INFO - [2022-05-07 13:51:43,143] {dag.py:2937} INFO - Setting next_dagrun for example_time_delta_sensor_async to None
[2022-05-07 13:51:43,175] {processor.py:171} INFO - Processing /home/airflow/.local/lib/python3.7/site-packages/airflow/example_dags/example_time_delta_sensor_async.py took 0.214 seconds
[2022-05-07 13:52:13,537] {processor.py:163} INFO - Started process (PID=1976) to work on /home/airflow/.local/lib/python3.7/site-packages/airflow/example_dags/example_time_delta_sensor_async.py
[2022-05-07 13:52:13,551] {processor.py:642} INFO - Processing file /home/airflow/.local/lib/python3.7/site-packages/airflow/example_dags/example_time_delta_sensor_async.py for tasks to queue
[2022-05-07 13:52:13,555] {logging_mixin.py:109} INFO - [2022-05-07 13:52:13,555] {dagbag.py:500} INFO - Filling up the DagBag from /home/airflow/.local/lib/python3.7/site-packages/airflow/example_dags/example_time_delta_sensor_async.py
[2022-05-07 13:52:13,593] {processor.py:652} INFO - DAG(s) dict_keys(['example_time_delta_sensor_async']) retrieved from /home/airflow/.local/lib/python3.7/site-packages/airflow/example_dags/example_time_delta_sensor_async.py
[2022-05-07 13:52:13,642] {logging_mixin.py:109} INFO - [2022-05-07 13:52:13,642] {dag.py:2398} INFO - Sync 1 DAGs
[2022-05-07 13:52:13,675] {logging_mixin.py:109} INFO - [2022-05-07 13:52:13,675] {dag.py:2937} INFO - Setting next_dagrun for example_time_delta_sensor_async to None
[2022-05-07 13:52:13,703] {processor.py:171} INFO - Processing /home/airflow/.local/lib/python3.7/site-packages/airflow/example_dags/example_time_delta_sensor_async.py took 0.182 seconds
[2022-05-07 13:52:44,498] {processor.py:163} INFO - Started process (PID=2031) to work on /home/airflow/.local/lib/python3.7/site-packages/airflow/example_dags/example_time_delta_sensor_async.py
[2022-05-07 13:52:44,503] {processor.py:642} INFO - Processing file /home/airflow/.local/lib/python3.7/site-packages/airflow/example_dags/example_time_delta_sensor_async.py for tasks to queue
[2022-05-07 13:52:44,505] {logging_mixin.py:109} INFO - [2022-05-07 13:52:44,505] {dagbag.py:500} INFO - Filling up the DagBag from /home/airflow/.local/lib/python3.7/site-packages/airflow/example_dags/example_time_delta_sensor_async.py
[2022-05-07 13:52:44,528] {processor.py:652} INFO - DAG(s) dict_keys(['example_time_delta_sensor_async']) retrieved from /home/airflow/.local/lib/python3.7/site-packages/airflow/example_dags/example_time_delta_sensor_async.py
[2022-05-07 13:52:44,575] {logging_mixin.py:109} INFO - [2022-05-07 13:52:44,575] {dag.py:2398} INFO - Sync 1 DAGs
[2022-05-07 13:52:44,599] {logging_mixin.py:109} INFO - [2022-05-07 13:52:44,599] {dag.py:2937} INFO - Setting next_dagrun for example_time_delta_sensor_async to None
[2022-05-07 13:52:44,631] {processor.py:171} INFO - Processing /home/airflow/.local/lib/python3.7/site-packages/airflow/example_dags/example_time_delta_sensor_async.py took 0.138 seconds
[2022-05-07 13:53:14,766] {processor.py:163} INFO - Started process (PID=2086) to work on /home/airflow/.local/lib/python3.7/site-packages/airflow/example_dags/example_time_delta_sensor_async.py
[2022-05-07 13:53:14,769] {processor.py:642} INFO - Processing file /home/airflow/.local/lib/python3.7/site-packages/airflow/example_dags/example_time_delta_sensor_async.py for tasks to queue
[2022-05-07 13:53:14,771] {logging_mixin.py:109} INFO - [2022-05-07 13:53:14,771] {dagbag.py:500} INFO - Filling up the DagBag from /home/airflow/.local/lib/python3.7/site-packages/airflow/example_dags/example_time_delta_sensor_async.py
[2022-05-07 13:53:14,793] {processor.py:652} INFO - DAG(s) dict_keys(['example_time_delta_sensor_async']) retrieved from /home/airflow/.local/lib/python3.7/site-packages/airflow/example_dags/example_time_delta_sensor_async.py
[2022-05-07 13:53:14,832] {logging_mixin.py:109} INFO - [2022-05-07 13:53:14,832] {dag.py:2398} INFO - Sync 1 DAGs
[2022-05-07 13:53:14,855] {logging_mixin.py:109} INFO - [2022-05-07 13:53:14,855] {dag.py:2937} INFO - Setting next_dagrun for example_time_delta_sensor_async to None
[2022-05-07 13:53:14,873] {processor.py:171} INFO - Processing /home/airflow/.local/lib/python3.7/site-packages/airflow/example_dags/example_time_delta_sensor_async.py took 0.112 seconds
[2022-05-07 13:53:45,508] {processor.py:163} INFO - Started process (PID=2141) to work on /home/airflow/.local/lib/python3.7/site-packages/airflow/example_dags/example_time_delta_sensor_async.py
[2022-05-07 13:53:45,512] {processor.py:642} INFO - Processing file /home/airflow/.local/lib/python3.7/site-packages/airflow/example_dags/example_time_delta_sensor_async.py for tasks to queue
[2022-05-07 13:53:45,515] {logging_mixin.py:109} INFO - [2022-05-07 13:53:45,515] {dagbag.py:500} INFO - Filling up the DagBag from /home/airflow/.local/lib/python3.7/site-packages/airflow/example_dags/example_time_delta_sensor_async.py
[2022-05-07 13:53:45,546] {processor.py:652} INFO - DAG(s) dict_keys(['example_time_delta_sensor_async']) retrieved from /home/airflow/.local/lib/python3.7/site-packages/airflow/example_dags/example_time_delta_sensor_async.py
[2022-05-07 13:53:45,585] {logging_mixin.py:109} INFO - [2022-05-07 13:53:45,585] {dag.py:2398} INFO - Sync 1 DAGs
[2022-05-07 13:53:45,614] {logging_mixin.py:109} INFO - [2022-05-07 13:53:45,614] {dag.py:2937} INFO - Setting next_dagrun for example_time_delta_sensor_async to None
[2022-05-07 13:53:45,638] {processor.py:171} INFO - Processing /home/airflow/.local/lib/python3.7/site-packages/airflow/example_dags/example_time_delta_sensor_async.py took 0.136 seconds
[2022-05-07 13:54:15,700] {processor.py:163} INFO - Started process (PID=2204) to work on /home/airflow/.local/lib/python3.7/site-packages/airflow/example_dags/example_time_delta_sensor_async.py
[2022-05-07 13:54:15,704] {processor.py:642} INFO - Processing file /home/airflow/.local/lib/python3.7/site-packages/airflow/example_dags/example_time_delta_sensor_async.py for tasks to queue
[2022-05-07 13:54:15,706] {logging_mixin.py:109} INFO - [2022-05-07 13:54:15,706] {dagbag.py:500} INFO - Filling up the DagBag from /home/airflow/.local/lib/python3.7/site-packages/airflow/example_dags/example_time_delta_sensor_async.py
[2022-05-07 13:54:15,731] {processor.py:652} INFO - DAG(s) dict_keys(['example_time_delta_sensor_async']) retrieved from /home/airflow/.local/lib/python3.7/site-packages/airflow/example_dags/example_time_delta_sensor_async.py
[2022-05-07 13:54:15,770] {logging_mixin.py:109} INFO - [2022-05-07 13:54:15,770] {dag.py:2398} INFO - Sync 1 DAGs
[2022-05-07 13:54:15,795] {logging_mixin.py:109} INFO - [2022-05-07 13:54:15,795] {dag.py:2937} INFO - Setting next_dagrun for example_time_delta_sensor_async to None
[2022-05-07 13:54:15,813] {processor.py:171} INFO - Processing /home/airflow/.local/lib/python3.7/site-packages/airflow/example_dags/example_time_delta_sensor_async.py took 0.119 seconds
[2022-05-07 13:54:46,224] {processor.py:163} INFO - Started process (PID=2256) to work on /home/airflow/.local/lib/python3.7/site-packages/airflow/example_dags/example_time_delta_sensor_async.py
[2022-05-07 13:54:46,228] {processor.py:642} INFO - Processing file /home/airflow/.local/lib/python3.7/site-packages/airflow/example_dags/example_time_delta_sensor_async.py for tasks to queue
[2022-05-07 13:54:46,232] {logging_mixin.py:109} INFO - [2022-05-07 13:54:46,231] {dagbag.py:500} INFO - Filling up the DagBag from /home/airflow/.local/lib/python3.7/site-packages/airflow/example_dags/example_time_delta_sensor_async.py
[2022-05-07 13:54:46,268] {processor.py:652} INFO - DAG(s) dict_keys(['example_time_delta_sensor_async']) retrieved from /home/airflow/.local/lib/python3.7/site-packages/airflow/example_dags/example_time_delta_sensor_async.py
[2022-05-07 13:54:46,324] {logging_mixin.py:109} INFO - [2022-05-07 13:54:46,324] {dag.py:2398} INFO - Sync 1 DAGs
[2022-05-07 13:54:46,359] {logging_mixin.py:109} INFO - [2022-05-07 13:54:46,359] {dag.py:2937} INFO - Setting next_dagrun for example_time_delta_sensor_async to None
[2022-05-07 13:54:46,393] {processor.py:171} INFO - Processing /home/airflow/.local/lib/python3.7/site-packages/airflow/example_dags/example_time_delta_sensor_async.py took 0.180 seconds
[2022-05-07 13:55:17,268] {processor.py:163} INFO - Started process (PID=2309) to work on /home/airflow/.local/lib/python3.7/site-packages/airflow/example_dags/example_time_delta_sensor_async.py
[2022-05-07 13:55:17,284] {processor.py:642} INFO - Processing file /home/airflow/.local/lib/python3.7/site-packages/airflow/example_dags/example_time_delta_sensor_async.py for tasks to queue
[2022-05-07 13:55:17,289] {logging_mixin.py:109} INFO - [2022-05-07 13:55:17,289] {dagbag.py:500} INFO - Filling up the DagBag from /home/airflow/.local/lib/python3.7/site-packages/airflow/example_dags/example_time_delta_sensor_async.py
[2022-05-07 13:55:17,316] {processor.py:652} INFO - DAG(s) dict_keys(['example_time_delta_sensor_async']) retrieved from /home/airflow/.local/lib/python3.7/site-packages/airflow/example_dags/example_time_delta_sensor_async.py
[2022-05-07 13:55:17,359] {logging_mixin.py:109} INFO - [2022-05-07 13:55:17,359] {dag.py:2398} INFO - Sync 1 DAGs
[2022-05-07 13:55:17,389] {logging_mixin.py:109} INFO - [2022-05-07 13:55:17,389] {dag.py:2937} INFO - Setting next_dagrun for example_time_delta_sensor_async to None
[2022-05-07 13:55:17,413] {processor.py:171} INFO - Processing /home/airflow/.local/lib/python3.7/site-packages/airflow/example_dags/example_time_delta_sensor_async.py took 0.152 seconds
[2022-05-07 13:55:48,543] {processor.py:163} INFO - Started process (PID=2369) to work on /home/airflow/.local/lib/python3.7/site-packages/airflow/example_dags/example_time_delta_sensor_async.py
[2022-05-07 13:55:48,573] {processor.py:642} INFO - Processing file /home/airflow/.local/lib/python3.7/site-packages/airflow/example_dags/example_time_delta_sensor_async.py for tasks to queue
[2022-05-07 13:55:48,577] {logging_mixin.py:109} INFO - [2022-05-07 13:55:48,577] {dagbag.py:500} INFO - Filling up the DagBag from /home/airflow/.local/lib/python3.7/site-packages/airflow/example_dags/example_time_delta_sensor_async.py
[2022-05-07 13:55:48,634] {processor.py:652} INFO - DAG(s) dict_keys(['example_time_delta_sensor_async']) retrieved from /home/airflow/.local/lib/python3.7/site-packages/airflow/example_dags/example_time_delta_sensor_async.py
[2022-05-07 13:55:48,698] {logging_mixin.py:109} INFO - [2022-05-07 13:55:48,697] {dag.py:2398} INFO - Sync 1 DAGs
[2022-05-07 13:55:48,752] {logging_mixin.py:109} INFO - [2022-05-07 13:55:48,752] {dag.py:2937} INFO - Setting next_dagrun for example_time_delta_sensor_async to None
[2022-05-07 13:55:48,798] {processor.py:171} INFO - Processing /home/airflow/.local/lib/python3.7/site-packages/airflow/example_dags/example_time_delta_sensor_async.py took 0.267 seconds
[2022-05-07 13:56:19,253] {processor.py:163} INFO - Started process (PID=2421) to work on /home/airflow/.local/lib/python3.7/site-packages/airflow/example_dags/example_time_delta_sensor_async.py
[2022-05-07 13:56:19,264] {processor.py:642} INFO - Processing file /home/airflow/.local/lib/python3.7/site-packages/airflow/example_dags/example_time_delta_sensor_async.py for tasks to queue
[2022-05-07 13:56:19,273] {logging_mixin.py:109} INFO - [2022-05-07 13:56:19,271] {dagbag.py:500} INFO - Filling up the DagBag from /home/airflow/.local/lib/python3.7/site-packages/airflow/example_dags/example_time_delta_sensor_async.py
[2022-05-07 13:56:19,326] {processor.py:652} INFO - DAG(s) dict_keys(['example_time_delta_sensor_async']) retrieved from /home/airflow/.local/lib/python3.7/site-packages/airflow/example_dags/example_time_delta_sensor_async.py
[2022-05-07 13:56:19,400] {logging_mixin.py:109} INFO - [2022-05-07 13:56:19,400] {dag.py:2398} INFO - Sync 1 DAGs
[2022-05-07 13:56:19,431] {logging_mixin.py:109} INFO - [2022-05-07 13:56:19,431] {dag.py:2937} INFO - Setting next_dagrun for example_time_delta_sensor_async to None
[2022-05-07 13:56:19,453] {processor.py:171} INFO - Processing /home/airflow/.local/lib/python3.7/site-packages/airflow/example_dags/example_time_delta_sensor_async.py took 0.229 seconds
[2022-05-07 13:56:49,850] {processor.py:163} INFO - Started process (PID=2472) to work on /home/airflow/.local/lib/python3.7/site-packages/airflow/example_dags/example_time_delta_sensor_async.py
[2022-05-07 13:56:49,857] {processor.py:642} INFO - Processing file /home/airflow/.local/lib/python3.7/site-packages/airflow/example_dags/example_time_delta_sensor_async.py for tasks to queue
[2022-05-07 13:56:49,860] {logging_mixin.py:109} INFO - [2022-05-07 13:56:49,860] {dagbag.py:500} INFO - Filling up the DagBag from /home/airflow/.local/lib/python3.7/site-packages/airflow/example_dags/example_time_delta_sensor_async.py
[2022-05-07 13:56:49,883] {processor.py:652} INFO - DAG(s) dict_keys(['example_time_delta_sensor_async']) retrieved from /home/airflow/.local/lib/python3.7/site-packages/airflow/example_dags/example_time_delta_sensor_async.py
[2022-05-07 13:56:49,917] {logging_mixin.py:109} INFO - [2022-05-07 13:56:49,917] {dag.py:2398} INFO - Sync 1 DAGs
[2022-05-07 13:56:49,940] {logging_mixin.py:109} INFO - [2022-05-07 13:56:49,940] {dag.py:2937} INFO - Setting next_dagrun for example_time_delta_sensor_async to None
[2022-05-07 13:56:49,956] {processor.py:171} INFO - Processing /home/airflow/.local/lib/python3.7/site-packages/airflow/example_dags/example_time_delta_sensor_async.py took 0.118 seconds
[2022-05-07 13:57:20,429] {processor.py:163} INFO - Started process (PID=2526) to work on /home/airflow/.local/lib/python3.7/site-packages/airflow/example_dags/example_time_delta_sensor_async.py
[2022-05-07 13:57:20,433] {processor.py:642} INFO - Processing file /home/airflow/.local/lib/python3.7/site-packages/airflow/example_dags/example_time_delta_sensor_async.py for tasks to queue
[2022-05-07 13:57:20,435] {logging_mixin.py:109} INFO - [2022-05-07 13:57:20,435] {dagbag.py:500} INFO - Filling up the DagBag from /home/airflow/.local/lib/python3.7/site-packages/airflow/example_dags/example_time_delta_sensor_async.py
[2022-05-07 13:57:20,459] {processor.py:652} INFO - DAG(s) dict_keys(['example_time_delta_sensor_async']) retrieved from /home/airflow/.local/lib/python3.7/site-packages/airflow/example_dags/example_time_delta_sensor_async.py
[2022-05-07 13:57:20,492] {logging_mixin.py:109} INFO - [2022-05-07 13:57:20,492] {dag.py:2398} INFO - Sync 1 DAGs
[2022-05-07 13:57:20,516] {logging_mixin.py:109} INFO - [2022-05-07 13:57:20,516] {dag.py:2937} INFO - Setting next_dagrun for example_time_delta_sensor_async to None
[2022-05-07 13:57:20,567] {processor.py:171} INFO - Processing /home/airflow/.local/lib/python3.7/site-packages/airflow/example_dags/example_time_delta_sensor_async.py took 0.143 seconds
