[2022-05-07 13:33:03,301] {processor.py:163} INFO - Started process (PID=38) to work on /home/airflow/.local/lib/python3.7/site-packages/airflow/example_dags/example_xcomargs.py
[2022-05-07 13:33:03,309] {processor.py:642} INFO - Processing file /home/airflow/.local/lib/python3.7/site-packages/airflow/example_dags/example_xcomargs.py for tasks to queue
[2022-05-07 13:33:03,312] {logging_mixin.py:109} INFO - [2022-05-07 13:33:03,311] {dagbag.py:500} INFO - Filling up the DagBag from /home/airflow/.local/lib/python3.7/site-packages/airflow/example_dags/example_xcomargs.py
[2022-05-07 13:33:03,705] {processor.py:652} INFO - DAG(s) dict_keys(['example_xcom_args', 'example_xcom_args_with_operators']) retrieved from /home/airflow/.local/lib/python3.7/site-packages/airflow/example_dags/example_xcomargs.py
[2022-05-07 13:33:30,998] {logging_mixin.py:109} INFO - [2022-05-07 13:33:30,998] {manager.py:496} INFO - Created Permission View: can edit on DAG:example_xcom_args
[2022-05-07 13:33:31,039] {logging_mixin.py:109} INFO - [2022-05-07 13:33:31,039] {manager.py:496} INFO - Created Permission View: can read on DAG:example_xcom_args
[2022-05-07 13:33:31,141] {logging_mixin.py:109} INFO - [2022-05-07 13:33:31,141] {manager.py:496} INFO - Created Permission View: can edit on DAG:example_xcom_args_with_operators
[2022-05-07 13:33:31,203] {logging_mixin.py:109} INFO - [2022-05-07 13:33:31,203] {manager.py:496} INFO - Created Permission View: can read on DAG:example_xcom_args_with_operators
[2022-05-07 13:33:31,207] {logging_mixin.py:109} INFO - [2022-05-07 13:33:31,207] {dag.py:2398} INFO - Sync 2 DAGs
[2022-05-07 13:33:31,236] {logging_mixin.py:109} INFO - [2022-05-07 13:33:31,235] {dag.py:2417} INFO - Creating ORM DAG for example_xcom_args
[2022-05-07 13:33:31,240] {logging_mixin.py:109} INFO - [2022-05-07 13:33:31,240] {dag.py:2417} INFO - Creating ORM DAG for example_xcom_args_with_operators
[2022-05-07 13:33:31,279] {logging_mixin.py:109} INFO - [2022-05-07 13:33:31,278] {dag.py:2937} INFO - Setting next_dagrun for example_xcom_args to None
[2022-05-07 13:33:31,281] {logging_mixin.py:109} INFO - [2022-05-07 13:33:31,281] {dag.py:2937} INFO - Setting next_dagrun for example_xcom_args_with_operators to None
[2022-05-07 13:33:31,332] {processor.py:171} INFO - Processing /home/airflow/.local/lib/python3.7/site-packages/airflow/example_dags/example_xcomargs.py took 28.083 seconds
[2022-05-07 13:34:36,014] {processor.py:163} INFO - Started process (PID=247) to work on /home/airflow/.local/lib/python3.7/site-packages/airflow/example_dags/example_xcomargs.py
[2022-05-07 13:34:36,024] {processor.py:642} INFO - Processing file /home/airflow/.local/lib/python3.7/site-packages/airflow/example_dags/example_xcomargs.py for tasks to queue
[2022-05-07 13:34:36,031] {logging_mixin.py:109} INFO - [2022-05-07 13:34:36,031] {dagbag.py:500} INFO - Filling up the DagBag from /home/airflow/.local/lib/python3.7/site-packages/airflow/example_dags/example_xcomargs.py
[2022-05-07 13:34:36,085] {processor.py:652} INFO - DAG(s) dict_keys(['example_xcom_args', 'example_xcom_args_with_operators']) retrieved from /home/airflow/.local/lib/python3.7/site-packages/airflow/example_dags/example_xcomargs.py
[2022-05-07 13:34:36,981] {logging_mixin.py:109} INFO - [2022-05-07 13:34:36,981] {dag.py:2398} INFO - Sync 2 DAGs
[2022-05-07 13:34:37,017] {logging_mixin.py:109} INFO - [2022-05-07 13:34:37,016] {dag.py:2937} INFO - Setting next_dagrun for example_xcom_args to None
[2022-05-07 13:34:37,021] {logging_mixin.py:109} INFO - [2022-05-07 13:34:37,020] {dag.py:2937} INFO - Setting next_dagrun for example_xcom_args_with_operators to None
[2022-05-07 13:34:37,066] {processor.py:171} INFO - Processing /home/airflow/.local/lib/python3.7/site-packages/airflow/example_dags/example_xcomargs.py took 1.064 seconds
[2022-05-07 13:35:07,297] {processor.py:163} INFO - Started process (PID=305) to work on /home/airflow/.local/lib/python3.7/site-packages/airflow/example_dags/example_xcomargs.py
[2022-05-07 13:35:07,300] {processor.py:642} INFO - Processing file /home/airflow/.local/lib/python3.7/site-packages/airflow/example_dags/example_xcomargs.py for tasks to queue
[2022-05-07 13:35:07,303] {logging_mixin.py:109} INFO - [2022-05-07 13:35:07,303] {dagbag.py:500} INFO - Filling up the DagBag from /home/airflow/.local/lib/python3.7/site-packages/airflow/example_dags/example_xcomargs.py
[2022-05-07 13:35:07,343] {processor.py:652} INFO - DAG(s) dict_keys(['example_xcom_args', 'example_xcom_args_with_operators']) retrieved from /home/airflow/.local/lib/python3.7/site-packages/airflow/example_dags/example_xcomargs.py
[2022-05-07 13:35:07,838] {logging_mixin.py:109} INFO - [2022-05-07 13:35:07,838] {dag.py:2398} INFO - Sync 2 DAGs
[2022-05-07 13:35:07,860] {logging_mixin.py:109} INFO - [2022-05-07 13:35:07,859] {dag.py:2937} INFO - Setting next_dagrun for example_xcom_args to None
[2022-05-07 13:35:07,862] {logging_mixin.py:109} INFO - [2022-05-07 13:35:07,861] {dag.py:2937} INFO - Setting next_dagrun for example_xcom_args_with_operators to None
[2022-05-07 13:35:07,889] {processor.py:171} INFO - Processing /home/airflow/.local/lib/python3.7/site-packages/airflow/example_dags/example_xcomargs.py took 0.597 seconds
[2022-05-07 13:35:38,212] {processor.py:163} INFO - Started process (PID=355) to work on /home/airflow/.local/lib/python3.7/site-packages/airflow/example_dags/example_xcomargs.py
[2022-05-07 13:35:38,219] {processor.py:642} INFO - Processing file /home/airflow/.local/lib/python3.7/site-packages/airflow/example_dags/example_xcomargs.py for tasks to queue
[2022-05-07 13:35:38,223] {logging_mixin.py:109} INFO - [2022-05-07 13:35:38,223] {dagbag.py:500} INFO - Filling up the DagBag from /home/airflow/.local/lib/python3.7/site-packages/airflow/example_dags/example_xcomargs.py
[2022-05-07 13:35:38,263] {processor.py:652} INFO - DAG(s) dict_keys(['example_xcom_args', 'example_xcom_args_with_operators']) retrieved from /home/airflow/.local/lib/python3.7/site-packages/airflow/example_dags/example_xcomargs.py
[2022-05-07 13:35:38,728] {logging_mixin.py:109} INFO - [2022-05-07 13:35:38,728] {dag.py:2398} INFO - Sync 2 DAGs
[2022-05-07 13:35:38,751] {logging_mixin.py:109} INFO - [2022-05-07 13:35:38,751] {dag.py:2937} INFO - Setting next_dagrun for example_xcom_args to None
[2022-05-07 13:35:38,753] {logging_mixin.py:109} INFO - [2022-05-07 13:35:38,753] {dag.py:2937} INFO - Setting next_dagrun for example_xcom_args_with_operators to None
[2022-05-07 13:35:38,771] {processor.py:171} INFO - Processing /home/airflow/.local/lib/python3.7/site-packages/airflow/example_dags/example_xcomargs.py took 0.570 seconds
[2022-05-07 13:36:09,073] {processor.py:163} INFO - Started process (PID=405) to work on /home/airflow/.local/lib/python3.7/site-packages/airflow/example_dags/example_xcomargs.py
[2022-05-07 13:36:09,078] {processor.py:642} INFO - Processing file /home/airflow/.local/lib/python3.7/site-packages/airflow/example_dags/example_xcomargs.py for tasks to queue
[2022-05-07 13:36:09,081] {logging_mixin.py:109} INFO - [2022-05-07 13:36:09,081] {dagbag.py:500} INFO - Filling up the DagBag from /home/airflow/.local/lib/python3.7/site-packages/airflow/example_dags/example_xcomargs.py
[2022-05-07 13:36:09,129] {processor.py:652} INFO - DAG(s) dict_keys(['example_xcom_args', 'example_xcom_args_with_operators']) retrieved from /home/airflow/.local/lib/python3.7/site-packages/airflow/example_dags/example_xcomargs.py
[2022-05-07 13:36:09,942] {logging_mixin.py:109} INFO - [2022-05-07 13:36:09,941] {dag.py:2398} INFO - Sync 2 DAGs
[2022-05-07 13:36:09,984] {logging_mixin.py:109} INFO - [2022-05-07 13:36:09,984] {dag.py:2937} INFO - Setting next_dagrun for example_xcom_args to None
[2022-05-07 13:36:09,987] {logging_mixin.py:109} INFO - [2022-05-07 13:36:09,987] {dag.py:2937} INFO - Setting next_dagrun for example_xcom_args_with_operators to None
[2022-05-07 13:36:10,014] {processor.py:171} INFO - Processing /home/airflow/.local/lib/python3.7/site-packages/airflow/example_dags/example_xcomargs.py took 0.954 seconds
[2022-05-07 13:36:41,447] {processor.py:163} INFO - Started process (PID=467) to work on /home/airflow/.local/lib/python3.7/site-packages/airflow/example_dags/example_xcomargs.py
[2022-05-07 13:36:41,457] {processor.py:642} INFO - Processing file /home/airflow/.local/lib/python3.7/site-packages/airflow/example_dags/example_xcomargs.py for tasks to queue
[2022-05-07 13:36:41,465] {logging_mixin.py:109} INFO - [2022-05-07 13:36:41,463] {dagbag.py:500} INFO - Filling up the DagBag from /home/airflow/.local/lib/python3.7/site-packages/airflow/example_dags/example_xcomargs.py
[2022-05-07 13:36:41,561] {processor.py:652} INFO - DAG(s) dict_keys(['example_xcom_args', 'example_xcom_args_with_operators']) retrieved from /home/airflow/.local/lib/python3.7/site-packages/airflow/example_dags/example_xcomargs.py
[2022-05-07 13:36:44,918] {logging_mixin.py:109} INFO - [2022-05-07 13:36:44,918] {dag.py:2398} INFO - Sync 2 DAGs
[2022-05-07 13:36:44,985] {logging_mixin.py:109} INFO - [2022-05-07 13:36:44,985] {dag.py:2937} INFO - Setting next_dagrun for example_xcom_args to None
[2022-05-07 13:36:44,987] {logging_mixin.py:109} INFO - [2022-05-07 13:36:44,987] {dag.py:2937} INFO - Setting next_dagrun for example_xcom_args_with_operators to None
[2022-05-07 13:36:45,015] {processor.py:171} INFO - Processing /home/airflow/.local/lib/python3.7/site-packages/airflow/example_dags/example_xcomargs.py took 3.584 seconds
[2022-05-07 13:37:15,612] {processor.py:163} INFO - Started process (PID=520) to work on /home/airflow/.local/lib/python3.7/site-packages/airflow/example_dags/example_xcomargs.py
[2022-05-07 13:37:15,631] {processor.py:642} INFO - Processing file /home/airflow/.local/lib/python3.7/site-packages/airflow/example_dags/example_xcomargs.py for tasks to queue
[2022-05-07 13:37:15,640] {logging_mixin.py:109} INFO - [2022-05-07 13:37:15,639] {dagbag.py:500} INFO - Filling up the DagBag from /home/airflow/.local/lib/python3.7/site-packages/airflow/example_dags/example_xcomargs.py
[2022-05-07 13:37:15,778] {processor.py:652} INFO - DAG(s) dict_keys(['example_xcom_args', 'example_xcom_args_with_operators']) retrieved from /home/airflow/.local/lib/python3.7/site-packages/airflow/example_dags/example_xcomargs.py
[2022-05-07 13:37:16,994] {logging_mixin.py:109} INFO - [2022-05-07 13:37:16,993] {dag.py:2398} INFO - Sync 2 DAGs
[2022-05-07 13:37:17,031] {logging_mixin.py:109} INFO - [2022-05-07 13:37:17,030] {dag.py:2937} INFO - Setting next_dagrun for example_xcom_args to None
[2022-05-07 13:37:17,033] {logging_mixin.py:109} INFO - [2022-05-07 13:37:17,033] {dag.py:2937} INFO - Setting next_dagrun for example_xcom_args_with_operators to None
[2022-05-07 13:37:17,058] {processor.py:171} INFO - Processing /home/airflow/.local/lib/python3.7/site-packages/airflow/example_dags/example_xcomargs.py took 1.460 seconds
[2022-05-07 13:37:47,507] {processor.py:163} INFO - Started process (PID=574) to work on /home/airflow/.local/lib/python3.7/site-packages/airflow/example_dags/example_xcomargs.py
[2022-05-07 13:37:47,511] {processor.py:642} INFO - Processing file /home/airflow/.local/lib/python3.7/site-packages/airflow/example_dags/example_xcomargs.py for tasks to queue
[2022-05-07 13:37:47,515] {logging_mixin.py:109} INFO - [2022-05-07 13:37:47,515] {dagbag.py:500} INFO - Filling up the DagBag from /home/airflow/.local/lib/python3.7/site-packages/airflow/example_dags/example_xcomargs.py
[2022-05-07 13:37:47,573] {processor.py:652} INFO - DAG(s) dict_keys(['example_xcom_args', 'example_xcom_args_with_operators']) retrieved from /home/airflow/.local/lib/python3.7/site-packages/airflow/example_dags/example_xcomargs.py
[2022-05-07 13:37:48,124] {logging_mixin.py:109} INFO - [2022-05-07 13:37:48,124] {dag.py:2398} INFO - Sync 2 DAGs
[2022-05-07 13:37:48,147] {logging_mixin.py:109} INFO - [2022-05-07 13:37:48,146] {dag.py:2937} INFO - Setting next_dagrun for example_xcom_args to None
[2022-05-07 13:37:48,149] {logging_mixin.py:109} INFO - [2022-05-07 13:37:48,149] {dag.py:2937} INFO - Setting next_dagrun for example_xcom_args_with_operators to None
[2022-05-07 13:37:48,174] {processor.py:171} INFO - Processing /home/airflow/.local/lib/python3.7/site-packages/airflow/example_dags/example_xcomargs.py took 0.675 seconds
[2022-05-07 13:38:18,301] {processor.py:163} INFO - Started process (PID=627) to work on /home/airflow/.local/lib/python3.7/site-packages/airflow/example_dags/example_xcomargs.py
[2022-05-07 13:38:18,309] {processor.py:642} INFO - Processing file /home/airflow/.local/lib/python3.7/site-packages/airflow/example_dags/example_xcomargs.py for tasks to queue
[2022-05-07 13:38:18,312] {logging_mixin.py:109} INFO - [2022-05-07 13:38:18,311] {dagbag.py:500} INFO - Filling up the DagBag from /home/airflow/.local/lib/python3.7/site-packages/airflow/example_dags/example_xcomargs.py
[2022-05-07 13:38:18,406] {processor.py:652} INFO - DAG(s) dict_keys(['example_xcom_args', 'example_xcom_args_with_operators']) retrieved from /home/airflow/.local/lib/python3.7/site-packages/airflow/example_dags/example_xcomargs.py
[2022-05-07 13:38:19,954] {logging_mixin.py:109} INFO - [2022-05-07 13:38:19,953] {dag.py:2398} INFO - Sync 2 DAGs
[2022-05-07 13:38:19,981] {logging_mixin.py:109} INFO - [2022-05-07 13:38:19,981] {dag.py:2937} INFO - Setting next_dagrun for example_xcom_args to None
[2022-05-07 13:38:19,983] {logging_mixin.py:109} INFO - [2022-05-07 13:38:19,983] {dag.py:2937} INFO - Setting next_dagrun for example_xcom_args_with_operators to None
[2022-05-07 13:38:20,004] {processor.py:171} INFO - Processing /home/airflow/.local/lib/python3.7/site-packages/airflow/example_dags/example_xcomargs.py took 1.718 seconds
[2022-05-07 13:38:50,217] {processor.py:163} INFO - Started process (PID=679) to work on /home/airflow/.local/lib/python3.7/site-packages/airflow/example_dags/example_xcomargs.py
[2022-05-07 13:38:50,219] {processor.py:642} INFO - Processing file /home/airflow/.local/lib/python3.7/site-packages/airflow/example_dags/example_xcomargs.py for tasks to queue
[2022-05-07 13:38:50,222] {logging_mixin.py:109} INFO - [2022-05-07 13:38:50,222] {dagbag.py:500} INFO - Filling up the DagBag from /home/airflow/.local/lib/python3.7/site-packages/airflow/example_dags/example_xcomargs.py
[2022-05-07 13:38:50,267] {processor.py:652} INFO - DAG(s) dict_keys(['example_xcom_args', 'example_xcom_args_with_operators']) retrieved from /home/airflow/.local/lib/python3.7/site-packages/airflow/example_dags/example_xcomargs.py
[2022-05-07 13:38:51,075] {logging_mixin.py:109} INFO - [2022-05-07 13:38:51,074] {dag.py:2398} INFO - Sync 2 DAGs
[2022-05-07 13:38:51,136] {logging_mixin.py:109} INFO - [2022-05-07 13:38:51,136] {dag.py:2937} INFO - Setting next_dagrun for example_xcom_args to None
[2022-05-07 13:38:51,141] {logging_mixin.py:109} INFO - [2022-05-07 13:38:51,141] {dag.py:2937} INFO - Setting next_dagrun for example_xcom_args_with_operators to None
[2022-05-07 13:38:51,174] {processor.py:171} INFO - Processing /home/airflow/.local/lib/python3.7/site-packages/airflow/example_dags/example_xcomargs.py took 0.961 seconds
[2022-05-07 13:39:21,673] {processor.py:163} INFO - Started process (PID=733) to work on /home/airflow/.local/lib/python3.7/site-packages/airflow/example_dags/example_xcomargs.py
[2022-05-07 13:39:21,678] {processor.py:642} INFO - Processing file /home/airflow/.local/lib/python3.7/site-packages/airflow/example_dags/example_xcomargs.py for tasks to queue
[2022-05-07 13:39:21,682] {logging_mixin.py:109} INFO - [2022-05-07 13:39:21,682] {dagbag.py:500} INFO - Filling up the DagBag from /home/airflow/.local/lib/python3.7/site-packages/airflow/example_dags/example_xcomargs.py
[2022-05-07 13:39:21,749] {processor.py:652} INFO - DAG(s) dict_keys(['example_xcom_args', 'example_xcom_args_with_operators']) retrieved from /home/airflow/.local/lib/python3.7/site-packages/airflow/example_dags/example_xcomargs.py
[2022-05-07 13:39:22,433] {logging_mixin.py:109} INFO - [2022-05-07 13:39:22,433] {dag.py:2398} INFO - Sync 2 DAGs
[2022-05-07 13:39:22,463] {logging_mixin.py:109} INFO - [2022-05-07 13:39:22,463] {dag.py:2937} INFO - Setting next_dagrun for example_xcom_args to None
[2022-05-07 13:39:22,465] {logging_mixin.py:109} INFO - [2022-05-07 13:39:22,465] {dag.py:2937} INFO - Setting next_dagrun for example_xcom_args_with_operators to None
[2022-05-07 13:39:22,492] {processor.py:171} INFO - Processing /home/airflow/.local/lib/python3.7/site-packages/airflow/example_dags/example_xcomargs.py took 0.842 seconds
[2022-05-07 13:39:52,706] {processor.py:163} INFO - Started process (PID=787) to work on /home/airflow/.local/lib/python3.7/site-packages/airflow/example_dags/example_xcomargs.py
[2022-05-07 13:39:52,709] {processor.py:642} INFO - Processing file /home/airflow/.local/lib/python3.7/site-packages/airflow/example_dags/example_xcomargs.py for tasks to queue
[2022-05-07 13:39:52,712] {logging_mixin.py:109} INFO - [2022-05-07 13:39:52,712] {dagbag.py:500} INFO - Filling up the DagBag from /home/airflow/.local/lib/python3.7/site-packages/airflow/example_dags/example_xcomargs.py
[2022-05-07 13:39:52,750] {processor.py:652} INFO - DAG(s) dict_keys(['example_xcom_args', 'example_xcom_args_with_operators']) retrieved from /home/airflow/.local/lib/python3.7/site-packages/airflow/example_dags/example_xcomargs.py
[2022-05-07 13:39:53,223] {logging_mixin.py:109} INFO - [2022-05-07 13:39:53,223] {dag.py:2398} INFO - Sync 2 DAGs
[2022-05-07 13:39:53,247] {logging_mixin.py:109} INFO - [2022-05-07 13:39:53,247] {dag.py:2937} INFO - Setting next_dagrun for example_xcom_args to None
[2022-05-07 13:39:53,249] {logging_mixin.py:109} INFO - [2022-05-07 13:39:53,248] {dag.py:2937} INFO - Setting next_dagrun for example_xcom_args_with_operators to None
[2022-05-07 13:39:53,272] {processor.py:171} INFO - Processing /home/airflow/.local/lib/python3.7/site-packages/airflow/example_dags/example_xcomargs.py took 0.571 seconds
[2022-05-07 13:40:23,739] {processor.py:163} INFO - Started process (PID=848) to work on /home/airflow/.local/lib/python3.7/site-packages/airflow/example_dags/example_xcomargs.py
[2022-05-07 13:40:23,742] {processor.py:642} INFO - Processing file /home/airflow/.local/lib/python3.7/site-packages/airflow/example_dags/example_xcomargs.py for tasks to queue
[2022-05-07 13:40:23,744] {logging_mixin.py:109} INFO - [2022-05-07 13:40:23,744] {dagbag.py:500} INFO - Filling up the DagBag from /home/airflow/.local/lib/python3.7/site-packages/airflow/example_dags/example_xcomargs.py
[2022-05-07 13:40:23,799] {processor.py:652} INFO - DAG(s) dict_keys(['example_xcom_args', 'example_xcom_args_with_operators']) retrieved from /home/airflow/.local/lib/python3.7/site-packages/airflow/example_dags/example_xcomargs.py
[2022-05-07 13:40:24,465] {logging_mixin.py:109} INFO - [2022-05-07 13:40:24,465] {dag.py:2398} INFO - Sync 2 DAGs
[2022-05-07 13:40:24,502] {logging_mixin.py:109} INFO - [2022-05-07 13:40:24,502] {dag.py:2937} INFO - Setting next_dagrun for example_xcom_args to None
[2022-05-07 13:40:24,505] {logging_mixin.py:109} INFO - [2022-05-07 13:40:24,505] {dag.py:2937} INFO - Setting next_dagrun for example_xcom_args_with_operators to None
[2022-05-07 13:40:24,529] {processor.py:171} INFO - Processing /home/airflow/.local/lib/python3.7/site-packages/airflow/example_dags/example_xcomargs.py took 0.799 seconds
[2022-05-07 13:40:55,153] {processor.py:163} INFO - Started process (PID=903) to work on /home/airflow/.local/lib/python3.7/site-packages/airflow/example_dags/example_xcomargs.py
[2022-05-07 13:40:55,156] {processor.py:642} INFO - Processing file /home/airflow/.local/lib/python3.7/site-packages/airflow/example_dags/example_xcomargs.py for tasks to queue
[2022-05-07 13:40:55,159] {logging_mixin.py:109} INFO - [2022-05-07 13:40:55,158] {dagbag.py:500} INFO - Filling up the DagBag from /home/airflow/.local/lib/python3.7/site-packages/airflow/example_dags/example_xcomargs.py
[2022-05-07 13:40:55,201] {processor.py:652} INFO - DAG(s) dict_keys(['example_xcom_args', 'example_xcom_args_with_operators']) retrieved from /home/airflow/.local/lib/python3.7/site-packages/airflow/example_dags/example_xcomargs.py
[2022-05-07 13:40:55,801] {logging_mixin.py:109} INFO - [2022-05-07 13:40:55,801] {dag.py:2398} INFO - Sync 2 DAGs
[2022-05-07 13:40:55,836] {logging_mixin.py:109} INFO - [2022-05-07 13:40:55,836] {dag.py:2937} INFO - Setting next_dagrun for example_xcom_args to None
[2022-05-07 13:40:55,840] {logging_mixin.py:109} INFO - [2022-05-07 13:40:55,839] {dag.py:2937} INFO - Setting next_dagrun for example_xcom_args_with_operators to None
[2022-05-07 13:40:55,865] {processor.py:171} INFO - Processing /home/airflow/.local/lib/python3.7/site-packages/airflow/example_dags/example_xcomargs.py took 0.719 seconds
[2022-05-07 13:41:26,199] {processor.py:163} INFO - Started process (PID=953) to work on /home/airflow/.local/lib/python3.7/site-packages/airflow/example_dags/example_xcomargs.py
[2022-05-07 13:41:26,202] {processor.py:642} INFO - Processing file /home/airflow/.local/lib/python3.7/site-packages/airflow/example_dags/example_xcomargs.py for tasks to queue
[2022-05-07 13:41:26,204] {logging_mixin.py:109} INFO - [2022-05-07 13:41:26,203] {dagbag.py:500} INFO - Filling up the DagBag from /home/airflow/.local/lib/python3.7/site-packages/airflow/example_dags/example_xcomargs.py
[2022-05-07 13:41:26,240] {processor.py:652} INFO - DAG(s) dict_keys(['example_xcom_args', 'example_xcom_args_with_operators']) retrieved from /home/airflow/.local/lib/python3.7/site-packages/airflow/example_dags/example_xcomargs.py
[2022-05-07 13:41:26,689] {logging_mixin.py:109} INFO - [2022-05-07 13:41:26,689] {dag.py:2398} INFO - Sync 2 DAGs
[2022-05-07 13:41:26,709] {logging_mixin.py:109} INFO - [2022-05-07 13:41:26,709] {dag.py:2937} INFO - Setting next_dagrun for example_xcom_args to None
[2022-05-07 13:41:26,711] {logging_mixin.py:109} INFO - [2022-05-07 13:41:26,711] {dag.py:2937} INFO - Setting next_dagrun for example_xcom_args_with_operators to None
[2022-05-07 13:41:26,726] {processor.py:171} INFO - Processing /home/airflow/.local/lib/python3.7/site-packages/airflow/example_dags/example_xcomargs.py took 0.534 seconds
[2022-05-07 13:41:57,577] {processor.py:163} INFO - Started process (PID=1005) to work on /home/airflow/.local/lib/python3.7/site-packages/airflow/example_dags/example_xcomargs.py
[2022-05-07 13:41:57,582] {processor.py:642} INFO - Processing file /home/airflow/.local/lib/python3.7/site-packages/airflow/example_dags/example_xcomargs.py for tasks to queue
[2022-05-07 13:41:57,587] {logging_mixin.py:109} INFO - [2022-05-07 13:41:57,586] {dagbag.py:500} INFO - Filling up the DagBag from /home/airflow/.local/lib/python3.7/site-packages/airflow/example_dags/example_xcomargs.py
[2022-05-07 13:41:57,640] {processor.py:652} INFO - DAG(s) dict_keys(['example_xcom_args', 'example_xcom_args_with_operators']) retrieved from /home/airflow/.local/lib/python3.7/site-packages/airflow/example_dags/example_xcomargs.py
[2022-05-07 13:41:58,098] {logging_mixin.py:109} INFO - [2022-05-07 13:41:58,098] {dag.py:2398} INFO - Sync 2 DAGs
[2022-05-07 13:41:58,134] {logging_mixin.py:109} INFO - [2022-05-07 13:41:58,134] {dag.py:2937} INFO - Setting next_dagrun for example_xcom_args to None
[2022-05-07 13:41:58,136] {logging_mixin.py:109} INFO - [2022-05-07 13:41:58,136] {dag.py:2937} INFO - Setting next_dagrun for example_xcom_args_with_operators to None
[2022-05-07 13:41:58,173] {processor.py:171} INFO - Processing /home/airflow/.local/lib/python3.7/site-packages/airflow/example_dags/example_xcomargs.py took 0.652 seconds
[2022-05-07 13:42:28,948] {processor.py:163} INFO - Started process (PID=1057) to work on /home/airflow/.local/lib/python3.7/site-packages/airflow/example_dags/example_xcomargs.py
[2022-05-07 13:42:28,955] {processor.py:642} INFO - Processing file /home/airflow/.local/lib/python3.7/site-packages/airflow/example_dags/example_xcomargs.py for tasks to queue
[2022-05-07 13:42:28,960] {logging_mixin.py:109} INFO - [2022-05-07 13:42:28,960] {dagbag.py:500} INFO - Filling up the DagBag from /home/airflow/.local/lib/python3.7/site-packages/airflow/example_dags/example_xcomargs.py
[2022-05-07 13:42:29,212] {processor.py:652} INFO - DAG(s) dict_keys(['example_xcom_args', 'example_xcom_args_with_operators']) retrieved from /home/airflow/.local/lib/python3.7/site-packages/airflow/example_dags/example_xcomargs.py
[2022-05-07 13:42:29,993] {logging_mixin.py:109} INFO - [2022-05-07 13:42:29,993] {dag.py:2398} INFO - Sync 2 DAGs
[2022-05-07 13:42:30,041] {logging_mixin.py:109} INFO - [2022-05-07 13:42:30,041] {dag.py:2937} INFO - Setting next_dagrun for example_xcom_args to None
[2022-05-07 13:42:30,044] {logging_mixin.py:109} INFO - [2022-05-07 13:42:30,044] {dag.py:2937} INFO - Setting next_dagrun for example_xcom_args_with_operators to None
[2022-05-07 13:42:30,086] {processor.py:171} INFO - Processing /home/airflow/.local/lib/python3.7/site-packages/airflow/example_dags/example_xcomargs.py took 1.149 seconds
[2022-05-07 13:43:00,630] {processor.py:163} INFO - Started process (PID=1110) to work on /home/airflow/.local/lib/python3.7/site-packages/airflow/example_dags/example_xcomargs.py
[2022-05-07 13:43:00,634] {processor.py:642} INFO - Processing file /home/airflow/.local/lib/python3.7/site-packages/airflow/example_dags/example_xcomargs.py for tasks to queue
[2022-05-07 13:43:00,637] {logging_mixin.py:109} INFO - [2022-05-07 13:43:00,637] {dagbag.py:500} INFO - Filling up the DagBag from /home/airflow/.local/lib/python3.7/site-packages/airflow/example_dags/example_xcomargs.py
[2022-05-07 13:43:00,676] {processor.py:652} INFO - DAG(s) dict_keys(['example_xcom_args', 'example_xcom_args_with_operators']) retrieved from /home/airflow/.local/lib/python3.7/site-packages/airflow/example_dags/example_xcomargs.py
[2022-05-07 13:43:01,152] {logging_mixin.py:109} INFO - [2022-05-07 13:43:01,151] {dag.py:2398} INFO - Sync 2 DAGs
[2022-05-07 13:43:01,179] {logging_mixin.py:109} INFO - [2022-05-07 13:43:01,179] {dag.py:2937} INFO - Setting next_dagrun for example_xcom_args to None
[2022-05-07 13:43:01,181] {logging_mixin.py:109} INFO - [2022-05-07 13:43:01,181] {dag.py:2937} INFO - Setting next_dagrun for example_xcom_args_with_operators to None
[2022-05-07 13:43:01,206] {processor.py:171} INFO - Processing /home/airflow/.local/lib/python3.7/site-packages/airflow/example_dags/example_xcomargs.py took 0.586 seconds
[2022-05-07 13:43:31,725] {processor.py:163} INFO - Started process (PID=1162) to work on /home/airflow/.local/lib/python3.7/site-packages/airflow/example_dags/example_xcomargs.py
[2022-05-07 13:43:31,730] {processor.py:642} INFO - Processing file /home/airflow/.local/lib/python3.7/site-packages/airflow/example_dags/example_xcomargs.py for tasks to queue
[2022-05-07 13:43:31,733] {logging_mixin.py:109} INFO - [2022-05-07 13:43:31,733] {dagbag.py:500} INFO - Filling up the DagBag from /home/airflow/.local/lib/python3.7/site-packages/airflow/example_dags/example_xcomargs.py
[2022-05-07 13:43:31,826] {processor.py:652} INFO - DAG(s) dict_keys(['example_xcom_args', 'example_xcom_args_with_operators']) retrieved from /home/airflow/.local/lib/python3.7/site-packages/airflow/example_dags/example_xcomargs.py
[2022-05-07 13:43:32,964] {logging_mixin.py:109} INFO - [2022-05-07 13:43:32,963] {dag.py:2398} INFO - Sync 2 DAGs
[2022-05-07 13:43:33,012] {logging_mixin.py:109} INFO - [2022-05-07 13:43:33,012] {dag.py:2937} INFO - Setting next_dagrun for example_xcom_args to None
[2022-05-07 13:43:33,015] {logging_mixin.py:109} INFO - [2022-05-07 13:43:33,015] {dag.py:2937} INFO - Setting next_dagrun for example_xcom_args_with_operators to None
[2022-05-07 13:43:33,062] {processor.py:171} INFO - Processing /home/airflow/.local/lib/python3.7/site-packages/airflow/example_dags/example_xcomargs.py took 1.346 seconds
[2022-05-07 13:44:03,486] {processor.py:163} INFO - Started process (PID=1215) to work on /home/airflow/.local/lib/python3.7/site-packages/airflow/example_dags/example_xcomargs.py
[2022-05-07 13:44:03,490] {processor.py:642} INFO - Processing file /home/airflow/.local/lib/python3.7/site-packages/airflow/example_dags/example_xcomargs.py for tasks to queue
[2022-05-07 13:44:03,492] {logging_mixin.py:109} INFO - [2022-05-07 13:44:03,492] {dagbag.py:500} INFO - Filling up the DagBag from /home/airflow/.local/lib/python3.7/site-packages/airflow/example_dags/example_xcomargs.py
[2022-05-07 13:44:03,528] {processor.py:652} INFO - DAG(s) dict_keys(['example_xcom_args', 'example_xcom_args_with_operators']) retrieved from /home/airflow/.local/lib/python3.7/site-packages/airflow/example_dags/example_xcomargs.py
[2022-05-07 13:44:03,951] {logging_mixin.py:109} INFO - [2022-05-07 13:44:03,950] {dag.py:2398} INFO - Sync 2 DAGs
[2022-05-07 13:44:03,997] {logging_mixin.py:109} INFO - [2022-05-07 13:44:03,996] {dag.py:2937} INFO - Setting next_dagrun for example_xcom_args to None
[2022-05-07 13:44:03,999] {logging_mixin.py:109} INFO - [2022-05-07 13:44:03,999] {dag.py:2937} INFO - Setting next_dagrun for example_xcom_args_with_operators to None
[2022-05-07 13:44:04,029] {processor.py:171} INFO - Processing /home/airflow/.local/lib/python3.7/site-packages/airflow/example_dags/example_xcomargs.py took 0.548 seconds
[2022-05-07 13:44:34,231] {processor.py:163} INFO - Started process (PID=1268) to work on /home/airflow/.local/lib/python3.7/site-packages/airflow/example_dags/example_xcomargs.py
[2022-05-07 13:44:34,238] {processor.py:642} INFO - Processing file /home/airflow/.local/lib/python3.7/site-packages/airflow/example_dags/example_xcomargs.py for tasks to queue
[2022-05-07 13:44:34,240] {logging_mixin.py:109} INFO - [2022-05-07 13:44:34,240] {dagbag.py:500} INFO - Filling up the DagBag from /home/airflow/.local/lib/python3.7/site-packages/airflow/example_dags/example_xcomargs.py
[2022-05-07 13:44:34,277] {processor.py:652} INFO - DAG(s) dict_keys(['example_xcom_args', 'example_xcom_args_with_operators']) retrieved from /home/airflow/.local/lib/python3.7/site-packages/airflow/example_dags/example_xcomargs.py
[2022-05-07 13:44:34,882] {logging_mixin.py:109} INFO - [2022-05-07 13:44:34,882] {dag.py:2398} INFO - Sync 2 DAGs
[2022-05-07 13:44:34,930] {logging_mixin.py:109} INFO - [2022-05-07 13:44:34,930] {dag.py:2937} INFO - Setting next_dagrun for example_xcom_args to None
[2022-05-07 13:44:34,933] {logging_mixin.py:109} INFO - [2022-05-07 13:44:34,933] {dag.py:2937} INFO - Setting next_dagrun for example_xcom_args_with_operators to None
[2022-05-07 13:44:34,965] {processor.py:171} INFO - Processing /home/airflow/.local/lib/python3.7/site-packages/airflow/example_dags/example_xcomargs.py took 0.741 seconds
[2022-05-07 13:45:05,270] {processor.py:163} INFO - Started process (PID=1329) to work on /home/airflow/.local/lib/python3.7/site-packages/airflow/example_dags/example_xcomargs.py
[2022-05-07 13:45:05,285] {processor.py:642} INFO - Processing file /home/airflow/.local/lib/python3.7/site-packages/airflow/example_dags/example_xcomargs.py for tasks to queue
[2022-05-07 13:45:05,289] {logging_mixin.py:109} INFO - [2022-05-07 13:45:05,288] {dagbag.py:500} INFO - Filling up the DagBag from /home/airflow/.local/lib/python3.7/site-packages/airflow/example_dags/example_xcomargs.py
[2022-05-07 13:45:05,353] {processor.py:652} INFO - DAG(s) dict_keys(['example_xcom_args', 'example_xcom_args_with_operators']) retrieved from /home/airflow/.local/lib/python3.7/site-packages/airflow/example_dags/example_xcomargs.py
[2022-05-07 13:45:05,897] {logging_mixin.py:109} INFO - [2022-05-07 13:45:05,897] {dag.py:2398} INFO - Sync 2 DAGs
[2022-05-07 13:45:05,918] {logging_mixin.py:109} INFO - [2022-05-07 13:45:05,918] {dag.py:2937} INFO - Setting next_dagrun for example_xcom_args to None
[2022-05-07 13:45:05,920] {logging_mixin.py:109} INFO - [2022-05-07 13:45:05,920] {dag.py:2937} INFO - Setting next_dagrun for example_xcom_args_with_operators to None
[2022-05-07 13:45:05,940] {processor.py:171} INFO - Processing /home/airflow/.local/lib/python3.7/site-packages/airflow/example_dags/example_xcomargs.py took 0.679 seconds
[2022-05-07 13:45:36,557] {processor.py:163} INFO - Started process (PID=1381) to work on /home/airflow/.local/lib/python3.7/site-packages/airflow/example_dags/example_xcomargs.py
[2022-05-07 13:45:36,560] {processor.py:642} INFO - Processing file /home/airflow/.local/lib/python3.7/site-packages/airflow/example_dags/example_xcomargs.py for tasks to queue
[2022-05-07 13:45:36,562] {logging_mixin.py:109} INFO - [2022-05-07 13:45:36,562] {dagbag.py:500} INFO - Filling up the DagBag from /home/airflow/.local/lib/python3.7/site-packages/airflow/example_dags/example_xcomargs.py
[2022-05-07 13:45:36,602] {processor.py:652} INFO - DAG(s) dict_keys(['example_xcom_args', 'example_xcom_args_with_operators']) retrieved from /home/airflow/.local/lib/python3.7/site-packages/airflow/example_dags/example_xcomargs.py
[2022-05-07 13:45:37,012] {logging_mixin.py:109} INFO - [2022-05-07 13:45:37,012] {dag.py:2398} INFO - Sync 2 DAGs
[2022-05-07 13:45:37,040] {logging_mixin.py:109} INFO - [2022-05-07 13:45:37,040] {dag.py:2937} INFO - Setting next_dagrun for example_xcom_args to None
[2022-05-07 13:45:37,042] {logging_mixin.py:109} INFO - [2022-05-07 13:45:37,042] {dag.py:2937} INFO - Setting next_dagrun for example_xcom_args_with_operators to None
[2022-05-07 13:45:37,062] {processor.py:171} INFO - Processing /home/airflow/.local/lib/python3.7/site-packages/airflow/example_dags/example_xcomargs.py took 0.510 seconds
[2022-05-07 13:46:07,181] {processor.py:163} INFO - Started process (PID=1434) to work on /home/airflow/.local/lib/python3.7/site-packages/airflow/example_dags/example_xcomargs.py
[2022-05-07 13:46:07,184] {processor.py:642} INFO - Processing file /home/airflow/.local/lib/python3.7/site-packages/airflow/example_dags/example_xcomargs.py for tasks to queue
[2022-05-07 13:46:07,186] {logging_mixin.py:109} INFO - [2022-05-07 13:46:07,186] {dagbag.py:500} INFO - Filling up the DagBag from /home/airflow/.local/lib/python3.7/site-packages/airflow/example_dags/example_xcomargs.py
[2022-05-07 13:46:07,226] {processor.py:652} INFO - DAG(s) dict_keys(['example_xcom_args', 'example_xcom_args_with_operators']) retrieved from /home/airflow/.local/lib/python3.7/site-packages/airflow/example_dags/example_xcomargs.py
[2022-05-07 13:46:07,654] {logging_mixin.py:109} INFO - [2022-05-07 13:46:07,654] {dag.py:2398} INFO - Sync 2 DAGs
[2022-05-07 13:46:07,676] {logging_mixin.py:109} INFO - [2022-05-07 13:46:07,676] {dag.py:2937} INFO - Setting next_dagrun for example_xcom_args to None
[2022-05-07 13:46:07,678] {logging_mixin.py:109} INFO - [2022-05-07 13:46:07,678] {dag.py:2937} INFO - Setting next_dagrun for example_xcom_args_with_operators to None
[2022-05-07 13:46:07,702] {processor.py:171} INFO - Processing /home/airflow/.local/lib/python3.7/site-packages/airflow/example_dags/example_xcomargs.py took 0.525 seconds
[2022-05-07 13:46:38,639] {processor.py:163} INFO - Started process (PID=1497) to work on /home/airflow/.local/lib/python3.7/site-packages/airflow/example_dags/example_xcomargs.py
[2022-05-07 13:46:38,642] {processor.py:642} INFO - Processing file /home/airflow/.local/lib/python3.7/site-packages/airflow/example_dags/example_xcomargs.py for tasks to queue
[2022-05-07 13:46:38,644] {logging_mixin.py:109} INFO - [2022-05-07 13:46:38,643] {dagbag.py:500} INFO - Filling up the DagBag from /home/airflow/.local/lib/python3.7/site-packages/airflow/example_dags/example_xcomargs.py
[2022-05-07 13:46:38,687] {processor.py:652} INFO - DAG(s) dict_keys(['example_xcom_args', 'example_xcom_args_with_operators']) retrieved from /home/airflow/.local/lib/python3.7/site-packages/airflow/example_dags/example_xcomargs.py
[2022-05-07 13:46:39,264] {logging_mixin.py:109} INFO - [2022-05-07 13:46:39,264] {dag.py:2398} INFO - Sync 2 DAGs
[2022-05-07 13:46:39,287] {logging_mixin.py:109} INFO - [2022-05-07 13:46:39,287] {dag.py:2937} INFO - Setting next_dagrun for example_xcom_args to None
[2022-05-07 13:46:39,289] {logging_mixin.py:109} INFO - [2022-05-07 13:46:39,289] {dag.py:2937} INFO - Setting next_dagrun for example_xcom_args_with_operators to None
[2022-05-07 13:46:39,314] {processor.py:171} INFO - Processing /home/airflow/.local/lib/python3.7/site-packages/airflow/example_dags/example_xcomargs.py took 0.680 seconds
[2022-05-07 13:47:10,257] {processor.py:163} INFO - Started process (PID=1550) to work on /home/airflow/.local/lib/python3.7/site-packages/airflow/example_dags/example_xcomargs.py
[2022-05-07 13:47:10,268] {processor.py:642} INFO - Processing file /home/airflow/.local/lib/python3.7/site-packages/airflow/example_dags/example_xcomargs.py for tasks to queue
[2022-05-07 13:47:10,275] {logging_mixin.py:109} INFO - [2022-05-07 13:47:10,274] {dagbag.py:500} INFO - Filling up the DagBag from /home/airflow/.local/lib/python3.7/site-packages/airflow/example_dags/example_xcomargs.py
[2022-05-07 13:47:10,353] {processor.py:652} INFO - DAG(s) dict_keys(['example_xcom_args', 'example_xcom_args_with_operators']) retrieved from /home/airflow/.local/lib/python3.7/site-packages/airflow/example_dags/example_xcomargs.py
[2022-05-07 13:47:11,168] {logging_mixin.py:109} INFO - [2022-05-07 13:47:11,167] {dag.py:2398} INFO - Sync 2 DAGs
[2022-05-07 13:47:11,214] {logging_mixin.py:109} INFO - [2022-05-07 13:47:11,214] {dag.py:2937} INFO - Setting next_dagrun for example_xcom_args to None
[2022-05-07 13:47:11,219] {logging_mixin.py:109} INFO - [2022-05-07 13:47:11,218] {dag.py:2937} INFO - Setting next_dagrun for example_xcom_args_with_operators to None
[2022-05-07 13:47:11,255] {processor.py:171} INFO - Processing /home/airflow/.local/lib/python3.7/site-packages/airflow/example_dags/example_xcomargs.py took 1.029 seconds
[2022-05-07 13:47:44,587] {processor.py:163} INFO - Started process (PID=1597) to work on /home/airflow/.local/lib/python3.7/site-packages/airflow/example_dags/example_xcomargs.py
[2022-05-07 13:47:44,695] {processor.py:642} INFO - Processing file /home/airflow/.local/lib/python3.7/site-packages/airflow/example_dags/example_xcomargs.py for tasks to queue
[2022-05-07 13:47:44,788] {logging_mixin.py:109} INFO - [2022-05-07 13:47:44,788] {dagbag.py:500} INFO - Filling up the DagBag from /home/airflow/.local/lib/python3.7/site-packages/airflow/example_dags/example_xcomargs.py
[2022-05-07 13:47:55,630] {processor.py:652} INFO - DAG(s) dict_keys(['example_xcom_args', 'example_xcom_args_with_operators']) retrieved from /home/airflow/.local/lib/python3.7/site-packages/airflow/example_dags/example_xcomargs.py
[2022-05-07 13:49:02,781] {processor.py:163} INFO - Started process (PID=1640) to work on /home/airflow/.local/lib/python3.7/site-packages/airflow/example_dags/example_xcomargs.py
[2022-05-07 13:49:02,802] {processor.py:642} INFO - Processing file /home/airflow/.local/lib/python3.7/site-packages/airflow/example_dags/example_xcomargs.py for tasks to queue
[2022-05-07 13:49:02,807] {logging_mixin.py:109} INFO - [2022-05-07 13:49:02,807] {dagbag.py:500} INFO - Filling up the DagBag from /home/airflow/.local/lib/python3.7/site-packages/airflow/example_dags/example_xcomargs.py
[2022-05-07 13:49:03,918] {processor.py:652} INFO - DAG(s) dict_keys(['example_xcom_args', 'example_xcom_args_with_operators']) retrieved from /home/airflow/.local/lib/python3.7/site-packages/airflow/example_dags/example_xcomargs.py
[2022-05-07 13:49:17,465] {logging_mixin.py:109} INFO - [2022-05-07 13:49:17,465] {dag.py:2398} INFO - Sync 2 DAGs
[2022-05-07 13:49:17,642] {logging_mixin.py:109} INFO - [2022-05-07 13:49:17,629] {dag.py:2937} INFO - Setting next_dagrun for example_xcom_args to None
[2022-05-07 13:49:17,650] {logging_mixin.py:109} INFO - [2022-05-07 13:49:17,650] {dag.py:2937} INFO - Setting next_dagrun for example_xcom_args_with_operators to None
[2022-05-07 13:49:17,778] {processor.py:171} INFO - Processing /home/airflow/.local/lib/python3.7/site-packages/airflow/example_dags/example_xcomargs.py took 15.072 seconds
[2022-05-07 13:49:48,301] {processor.py:163} INFO - Started process (PID=1701) to work on /home/airflow/.local/lib/python3.7/site-packages/airflow/example_dags/example_xcomargs.py
[2022-05-07 13:49:48,306] {processor.py:642} INFO - Processing file /home/airflow/.local/lib/python3.7/site-packages/airflow/example_dags/example_xcomargs.py for tasks to queue
[2022-05-07 13:49:48,333] {logging_mixin.py:109} INFO - [2022-05-07 13:49:48,333] {dagbag.py:500} INFO - Filling up the DagBag from /home/airflow/.local/lib/python3.7/site-packages/airflow/example_dags/example_xcomargs.py
[2022-05-07 13:49:48,434] {processor.py:652} INFO - DAG(s) dict_keys(['example_xcom_args', 'example_xcom_args_with_operators']) retrieved from /home/airflow/.local/lib/python3.7/site-packages/airflow/example_dags/example_xcomargs.py
[2022-05-07 13:49:49,108] {logging_mixin.py:109} INFO - [2022-05-07 13:49:49,107] {dag.py:2398} INFO - Sync 2 DAGs
[2022-05-07 13:49:49,135] {logging_mixin.py:109} INFO - [2022-05-07 13:49:49,135] {dag.py:2937} INFO - Setting next_dagrun for example_xcom_args to None
[2022-05-07 13:49:49,137] {logging_mixin.py:109} INFO - [2022-05-07 13:49:49,137] {dag.py:2937} INFO - Setting next_dagrun for example_xcom_args_with_operators to None
[2022-05-07 13:49:49,160] {processor.py:171} INFO - Processing /home/airflow/.local/lib/python3.7/site-packages/airflow/example_dags/example_xcomargs.py took 0.864 seconds
[2022-05-07 13:50:19,965] {processor.py:163} INFO - Started process (PID=1755) to work on /home/airflow/.local/lib/python3.7/site-packages/airflow/example_dags/example_xcomargs.py
[2022-05-07 13:50:19,968] {processor.py:642} INFO - Processing file /home/airflow/.local/lib/python3.7/site-packages/airflow/example_dags/example_xcomargs.py for tasks to queue
[2022-05-07 13:50:19,971] {logging_mixin.py:109} INFO - [2022-05-07 13:50:19,971] {dagbag.py:500} INFO - Filling up the DagBag from /home/airflow/.local/lib/python3.7/site-packages/airflow/example_dags/example_xcomargs.py
[2022-05-07 13:50:20,009] {processor.py:652} INFO - DAG(s) dict_keys(['example_xcom_args', 'example_xcom_args_with_operators']) retrieved from /home/airflow/.local/lib/python3.7/site-packages/airflow/example_dags/example_xcomargs.py
[2022-05-07 13:50:20,434] {logging_mixin.py:109} INFO - [2022-05-07 13:50:20,434] {dag.py:2398} INFO - Sync 2 DAGs
[2022-05-07 13:50:20,452] {logging_mixin.py:109} INFO - [2022-05-07 13:50:20,452] {dag.py:2937} INFO - Setting next_dagrun for example_xcom_args to None
[2022-05-07 13:50:20,454] {logging_mixin.py:109} INFO - [2022-05-07 13:50:20,454] {dag.py:2937} INFO - Setting next_dagrun for example_xcom_args_with_operators to None
[2022-05-07 13:50:20,469] {processor.py:171} INFO - Processing /home/airflow/.local/lib/python3.7/site-packages/airflow/example_dags/example_xcomargs.py took 0.510 seconds
[2022-05-07 13:50:50,553] {processor.py:163} INFO - Started process (PID=1822) to work on /home/airflow/.local/lib/python3.7/site-packages/airflow/example_dags/example_xcomargs.py
[2022-05-07 13:50:50,557] {processor.py:642} INFO - Processing file /home/airflow/.local/lib/python3.7/site-packages/airflow/example_dags/example_xcomargs.py for tasks to queue
[2022-05-07 13:50:50,561] {logging_mixin.py:109} INFO - [2022-05-07 13:50:50,561] {dagbag.py:500} INFO - Filling up the DagBag from /home/airflow/.local/lib/python3.7/site-packages/airflow/example_dags/example_xcomargs.py
[2022-05-07 13:50:50,607] {processor.py:652} INFO - DAG(s) dict_keys(['example_xcom_args', 'example_xcom_args_with_operators']) retrieved from /home/airflow/.local/lib/python3.7/site-packages/airflow/example_dags/example_xcomargs.py
[2022-05-07 13:50:51,157] {logging_mixin.py:109} INFO - [2022-05-07 13:50:51,157] {dag.py:2398} INFO - Sync 2 DAGs
[2022-05-07 13:50:51,179] {logging_mixin.py:109} INFO - [2022-05-07 13:50:51,179] {dag.py:2937} INFO - Setting next_dagrun for example_xcom_args to None
[2022-05-07 13:50:51,182] {logging_mixin.py:109} INFO - [2022-05-07 13:50:51,182] {dag.py:2937} INFO - Setting next_dagrun for example_xcom_args_with_operators to None
[2022-05-07 13:50:51,220] {processor.py:171} INFO - Processing /home/airflow/.local/lib/python3.7/site-packages/airflow/example_dags/example_xcomargs.py took 0.675 seconds
[2022-05-07 13:51:21,619] {processor.py:163} INFO - Started process (PID=1875) to work on /home/airflow/.local/lib/python3.7/site-packages/airflow/example_dags/example_xcomargs.py
[2022-05-07 13:51:21,628] {processor.py:642} INFO - Processing file /home/airflow/.local/lib/python3.7/site-packages/airflow/example_dags/example_xcomargs.py for tasks to queue
[2022-05-07 13:51:21,630] {logging_mixin.py:109} INFO - [2022-05-07 13:51:21,630] {dagbag.py:500} INFO - Filling up the DagBag from /home/airflow/.local/lib/python3.7/site-packages/airflow/example_dags/example_xcomargs.py
[2022-05-07 13:51:21,664] {processor.py:652} INFO - DAG(s) dict_keys(['example_xcom_args', 'example_xcom_args_with_operators']) retrieved from /home/airflow/.local/lib/python3.7/site-packages/airflow/example_dags/example_xcomargs.py
[2022-05-07 13:51:22,238] {logging_mixin.py:109} INFO - [2022-05-07 13:51:22,238] {dag.py:2398} INFO - Sync 2 DAGs
[2022-05-07 13:51:22,257] {logging_mixin.py:109} INFO - [2022-05-07 13:51:22,257] {dag.py:2937} INFO - Setting next_dagrun for example_xcom_args to None
[2022-05-07 13:51:22,260] {logging_mixin.py:109} INFO - [2022-05-07 13:51:22,259] {dag.py:2937} INFO - Setting next_dagrun for example_xcom_args_with_operators to None
[2022-05-07 13:51:22,281] {processor.py:171} INFO - Processing /home/airflow/.local/lib/python3.7/site-packages/airflow/example_dags/example_xcomargs.py took 0.667 seconds
[2022-05-07 13:51:52,581] {processor.py:163} INFO - Started process (PID=1928) to work on /home/airflow/.local/lib/python3.7/site-packages/airflow/example_dags/example_xcomargs.py
[2022-05-07 13:51:52,584] {processor.py:642} INFO - Processing file /home/airflow/.local/lib/python3.7/site-packages/airflow/example_dags/example_xcomargs.py for tasks to queue
[2022-05-07 13:51:52,587] {logging_mixin.py:109} INFO - [2022-05-07 13:51:52,587] {dagbag.py:500} INFO - Filling up the DagBag from /home/airflow/.local/lib/python3.7/site-packages/airflow/example_dags/example_xcomargs.py
[2022-05-07 13:51:52,662] {processor.py:652} INFO - DAG(s) dict_keys(['example_xcom_args', 'example_xcom_args_with_operators']) retrieved from /home/airflow/.local/lib/python3.7/site-packages/airflow/example_dags/example_xcomargs.py
[2022-05-07 13:51:53,254] {logging_mixin.py:109} INFO - [2022-05-07 13:51:53,253] {dag.py:2398} INFO - Sync 2 DAGs
[2022-05-07 13:51:53,277] {logging_mixin.py:109} INFO - [2022-05-07 13:51:53,277] {dag.py:2937} INFO - Setting next_dagrun for example_xcom_args to None
[2022-05-07 13:51:53,279] {logging_mixin.py:109} INFO - [2022-05-07 13:51:53,278] {dag.py:2937} INFO - Setting next_dagrun for example_xcom_args_with_operators to None
[2022-05-07 13:51:53,301] {processor.py:171} INFO - Processing /home/airflow/.local/lib/python3.7/site-packages/airflow/example_dags/example_xcomargs.py took 0.728 seconds
[2022-05-07 13:52:24,018] {processor.py:163} INFO - Started process (PID=1983) to work on /home/airflow/.local/lib/python3.7/site-packages/airflow/example_dags/example_xcomargs.py
[2022-05-07 13:52:24,033] {processor.py:642} INFO - Processing file /home/airflow/.local/lib/python3.7/site-packages/airflow/example_dags/example_xcomargs.py for tasks to queue
[2022-05-07 13:52:24,042] {logging_mixin.py:109} INFO - [2022-05-07 13:52:24,041] {dagbag.py:500} INFO - Filling up the DagBag from /home/airflow/.local/lib/python3.7/site-packages/airflow/example_dags/example_xcomargs.py
[2022-05-07 13:52:24,099] {processor.py:652} INFO - DAG(s) dict_keys(['example_xcom_args', 'example_xcom_args_with_operators']) retrieved from /home/airflow/.local/lib/python3.7/site-packages/airflow/example_dags/example_xcomargs.py
[2022-05-07 13:52:24,775] {logging_mixin.py:109} INFO - [2022-05-07 13:52:24,775] {dag.py:2398} INFO - Sync 2 DAGs
[2022-05-07 13:52:24,798] {logging_mixin.py:109} INFO - [2022-05-07 13:52:24,798] {dag.py:2937} INFO - Setting next_dagrun for example_xcom_args to None
[2022-05-07 13:52:24,800] {logging_mixin.py:109} INFO - [2022-05-07 13:52:24,800] {dag.py:2937} INFO - Setting next_dagrun for example_xcom_args_with_operators to None
[2022-05-07 13:52:24,821] {processor.py:171} INFO - Processing /home/airflow/.local/lib/python3.7/site-packages/airflow/example_dags/example_xcomargs.py took 0.818 seconds
[2022-05-07 13:52:55,827] {processor.py:163} INFO - Started process (PID=2049) to work on /home/airflow/.local/lib/python3.7/site-packages/airflow/example_dags/example_xcomargs.py
[2022-05-07 13:52:55,833] {processor.py:642} INFO - Processing file /home/airflow/.local/lib/python3.7/site-packages/airflow/example_dags/example_xcomargs.py for tasks to queue
[2022-05-07 13:52:55,838] {logging_mixin.py:109} INFO - [2022-05-07 13:52:55,837] {dagbag.py:500} INFO - Filling up the DagBag from /home/airflow/.local/lib/python3.7/site-packages/airflow/example_dags/example_xcomargs.py
[2022-05-07 13:52:55,888] {processor.py:652} INFO - DAG(s) dict_keys(['example_xcom_args', 'example_xcom_args_with_operators']) retrieved from /home/airflow/.local/lib/python3.7/site-packages/airflow/example_dags/example_xcomargs.py
[2022-05-07 13:52:56,309] {logging_mixin.py:109} INFO - [2022-05-07 13:52:56,309] {dag.py:2398} INFO - Sync 2 DAGs
[2022-05-07 13:52:56,330] {logging_mixin.py:109} INFO - [2022-05-07 13:52:56,329] {dag.py:2937} INFO - Setting next_dagrun for example_xcom_args to None
[2022-05-07 13:52:56,331] {logging_mixin.py:109} INFO - [2022-05-07 13:52:56,331] {dag.py:2937} INFO - Setting next_dagrun for example_xcom_args_with_operators to None
[2022-05-07 13:52:56,356] {processor.py:171} INFO - Processing /home/airflow/.local/lib/python3.7/site-packages/airflow/example_dags/example_xcomargs.py took 0.549 seconds
[2022-05-07 13:53:26,479] {processor.py:163} INFO - Started process (PID=2105) to work on /home/airflow/.local/lib/python3.7/site-packages/airflow/example_dags/example_xcomargs.py
[2022-05-07 13:53:26,483] {processor.py:642} INFO - Processing file /home/airflow/.local/lib/python3.7/site-packages/airflow/example_dags/example_xcomargs.py for tasks to queue
[2022-05-07 13:53:26,485] {logging_mixin.py:109} INFO - [2022-05-07 13:53:26,485] {dagbag.py:500} INFO - Filling up the DagBag from /home/airflow/.local/lib/python3.7/site-packages/airflow/example_dags/example_xcomargs.py
[2022-05-07 13:53:26,519] {processor.py:652} INFO - DAG(s) dict_keys(['example_xcom_args', 'example_xcom_args_with_operators']) retrieved from /home/airflow/.local/lib/python3.7/site-packages/airflow/example_dags/example_xcomargs.py
[2022-05-07 13:53:26,939] {logging_mixin.py:109} INFO - [2022-05-07 13:53:26,939] {dag.py:2398} INFO - Sync 2 DAGs
[2022-05-07 13:53:26,958] {logging_mixin.py:109} INFO - [2022-05-07 13:53:26,958] {dag.py:2937} INFO - Setting next_dagrun for example_xcom_args to None
[2022-05-07 13:53:26,960] {logging_mixin.py:109} INFO - [2022-05-07 13:53:26,960] {dag.py:2937} INFO - Setting next_dagrun for example_xcom_args_with_operators to None
[2022-05-07 13:53:26,978] {processor.py:171} INFO - Processing /home/airflow/.local/lib/python3.7/site-packages/airflow/example_dags/example_xcomargs.py took 0.503 seconds
[2022-05-07 13:53:57,663] {processor.py:163} INFO - Started process (PID=2161) to work on /home/airflow/.local/lib/python3.7/site-packages/airflow/example_dags/example_xcomargs.py
[2022-05-07 13:53:57,670] {processor.py:642} INFO - Processing file /home/airflow/.local/lib/python3.7/site-packages/airflow/example_dags/example_xcomargs.py for tasks to queue
[2022-05-07 13:53:57,674] {logging_mixin.py:109} INFO - [2022-05-07 13:53:57,673] {dagbag.py:500} INFO - Filling up the DagBag from /home/airflow/.local/lib/python3.7/site-packages/airflow/example_dags/example_xcomargs.py
[2022-05-07 13:53:57,736] {processor.py:652} INFO - DAG(s) dict_keys(['example_xcom_args', 'example_xcom_args_with_operators']) retrieved from /home/airflow/.local/lib/python3.7/site-packages/airflow/example_dags/example_xcomargs.py
[2022-05-07 13:53:58,263] {logging_mixin.py:109} INFO - [2022-05-07 13:53:58,263] {dag.py:2398} INFO - Sync 2 DAGs
[2022-05-07 13:53:58,293] {logging_mixin.py:109} INFO - [2022-05-07 13:53:58,292] {dag.py:2937} INFO - Setting next_dagrun for example_xcom_args to None
[2022-05-07 13:53:58,295] {logging_mixin.py:109} INFO - [2022-05-07 13:53:58,295] {dag.py:2937} INFO - Setting next_dagrun for example_xcom_args_with_operators to None
[2022-05-07 13:53:58,316] {processor.py:171} INFO - Processing /home/airflow/.local/lib/python3.7/site-packages/airflow/example_dags/example_xcomargs.py took 0.664 seconds
[2022-05-07 13:54:28,905] {processor.py:163} INFO - Started process (PID=2222) to work on /home/airflow/.local/lib/python3.7/site-packages/airflow/example_dags/example_xcomargs.py
[2022-05-07 13:54:28,912] {processor.py:642} INFO - Processing file /home/airflow/.local/lib/python3.7/site-packages/airflow/example_dags/example_xcomargs.py for tasks to queue
[2022-05-07 13:54:28,918] {logging_mixin.py:109} INFO - [2022-05-07 13:54:28,917] {dagbag.py:500} INFO - Filling up the DagBag from /home/airflow/.local/lib/python3.7/site-packages/airflow/example_dags/example_xcomargs.py
[2022-05-07 13:54:28,972] {processor.py:652} INFO - DAG(s) dict_keys(['example_xcom_args', 'example_xcom_args_with_operators']) retrieved from /home/airflow/.local/lib/python3.7/site-packages/airflow/example_dags/example_xcomargs.py
[2022-05-07 13:54:29,441] {logging_mixin.py:109} INFO - [2022-05-07 13:54:29,440] {dag.py:2398} INFO - Sync 2 DAGs
[2022-05-07 13:54:29,476] {logging_mixin.py:109} INFO - [2022-05-07 13:54:29,476] {dag.py:2937} INFO - Setting next_dagrun for example_xcom_args to None
[2022-05-07 13:54:29,478] {logging_mixin.py:109} INFO - [2022-05-07 13:54:29,478] {dag.py:2937} INFO - Setting next_dagrun for example_xcom_args_with_operators to None
[2022-05-07 13:54:29,503] {processor.py:171} INFO - Processing /home/airflow/.local/lib/python3.7/site-packages/airflow/example_dags/example_xcomargs.py took 0.619 seconds
[2022-05-07 13:55:00,243] {processor.py:163} INFO - Started process (PID=2276) to work on /home/airflow/.local/lib/python3.7/site-packages/airflow/example_dags/example_xcomargs.py
[2022-05-07 13:55:00,247] {processor.py:642} INFO - Processing file /home/airflow/.local/lib/python3.7/site-packages/airflow/example_dags/example_xcomargs.py for tasks to queue
[2022-05-07 13:55:00,249] {logging_mixin.py:109} INFO - [2022-05-07 13:55:00,249] {dagbag.py:500} INFO - Filling up the DagBag from /home/airflow/.local/lib/python3.7/site-packages/airflow/example_dags/example_xcomargs.py
[2022-05-07 13:55:00,300] {processor.py:652} INFO - DAG(s) dict_keys(['example_xcom_args', 'example_xcom_args_with_operators']) retrieved from /home/airflow/.local/lib/python3.7/site-packages/airflow/example_dags/example_xcomargs.py
[2022-05-07 13:55:00,878] {logging_mixin.py:109} INFO - [2022-05-07 13:55:00,878] {dag.py:2398} INFO - Sync 2 DAGs
[2022-05-07 13:55:00,897] {logging_mixin.py:109} INFO - [2022-05-07 13:55:00,897] {dag.py:2937} INFO - Setting next_dagrun for example_xcom_args to None
[2022-05-07 13:55:00,900] {logging_mixin.py:109} INFO - [2022-05-07 13:55:00,899] {dag.py:2937} INFO - Setting next_dagrun for example_xcom_args_with_operators to None
[2022-05-07 13:55:00,919] {processor.py:171} INFO - Processing /home/airflow/.local/lib/python3.7/site-packages/airflow/example_dags/example_xcomargs.py took 0.683 seconds
[2022-05-07 13:55:31,745] {processor.py:163} INFO - Started process (PID=2330) to work on /home/airflow/.local/lib/python3.7/site-packages/airflow/example_dags/example_xcomargs.py
[2022-05-07 13:55:31,766] {processor.py:642} INFO - Processing file /home/airflow/.local/lib/python3.7/site-packages/airflow/example_dags/example_xcomargs.py for tasks to queue
[2022-05-07 13:55:31,777] {logging_mixin.py:109} INFO - [2022-05-07 13:55:31,776] {dagbag.py:500} INFO - Filling up the DagBag from /home/airflow/.local/lib/python3.7/site-packages/airflow/example_dags/example_xcomargs.py
[2022-05-07 13:55:31,839] {processor.py:652} INFO - DAG(s) dict_keys(['example_xcom_args', 'example_xcom_args_with_operators']) retrieved from /home/airflow/.local/lib/python3.7/site-packages/airflow/example_dags/example_xcomargs.py
[2022-05-07 13:55:32,580] {logging_mixin.py:109} INFO - [2022-05-07 13:55:32,579] {dag.py:2398} INFO - Sync 2 DAGs
[2022-05-07 13:55:32,619] {logging_mixin.py:109} INFO - [2022-05-07 13:55:32,618] {dag.py:2937} INFO - Setting next_dagrun for example_xcom_args to None
[2022-05-07 13:55:32,620] {logging_mixin.py:109} INFO - [2022-05-07 13:55:32,620] {dag.py:2937} INFO - Setting next_dagrun for example_xcom_args_with_operators to None
[2022-05-07 13:55:32,639] {processor.py:171} INFO - Processing /home/airflow/.local/lib/python3.7/site-packages/airflow/example_dags/example_xcomargs.py took 0.913 seconds
[2022-05-07 13:56:02,735] {processor.py:163} INFO - Started process (PID=2383) to work on /home/airflow/.local/lib/python3.7/site-packages/airflow/example_dags/example_xcomargs.py
[2022-05-07 13:56:02,740] {processor.py:642} INFO - Processing file /home/airflow/.local/lib/python3.7/site-packages/airflow/example_dags/example_xcomargs.py for tasks to queue
[2022-05-07 13:56:02,742] {logging_mixin.py:109} INFO - [2022-05-07 13:56:02,742] {dagbag.py:500} INFO - Filling up the DagBag from /home/airflow/.local/lib/python3.7/site-packages/airflow/example_dags/example_xcomargs.py
[2022-05-07 13:56:02,817] {processor.py:652} INFO - DAG(s) dict_keys(['example_xcom_args', 'example_xcom_args_with_operators']) retrieved from /home/airflow/.local/lib/python3.7/site-packages/airflow/example_dags/example_xcomargs.py
[2022-05-07 13:56:02,893] {logging_mixin.py:109} INFO - [2022-05-07 13:56:02,893] {dag.py:2398} INFO - Sync 2 DAGs
[2022-05-07 13:56:02,938] {logging_mixin.py:109} INFO - [2022-05-07 13:56:02,938] {dag.py:2937} INFO - Setting next_dagrun for example_xcom_args to None
[2022-05-07 13:56:02,940] {logging_mixin.py:109} INFO - [2022-05-07 13:56:02,940] {dag.py:2937} INFO - Setting next_dagrun for example_xcom_args_with_operators to None
[2022-05-07 13:56:02,962] {processor.py:171} INFO - Processing /home/airflow/.local/lib/python3.7/site-packages/airflow/example_dags/example_xcomargs.py took 0.233 seconds
[2022-05-07 13:56:33,809] {processor.py:163} INFO - Started process (PID=2443) to work on /home/airflow/.local/lib/python3.7/site-packages/airflow/example_dags/example_xcomargs.py
[2022-05-07 13:56:33,817] {processor.py:642} INFO - Processing file /home/airflow/.local/lib/python3.7/site-packages/airflow/example_dags/example_xcomargs.py for tasks to queue
[2022-05-07 13:56:33,820] {logging_mixin.py:109} INFO - [2022-05-07 13:56:33,820] {dagbag.py:500} INFO - Filling up the DagBag from /home/airflow/.local/lib/python3.7/site-packages/airflow/example_dags/example_xcomargs.py
[2022-05-07 13:56:33,862] {processor.py:652} INFO - DAG(s) dict_keys(['example_xcom_args', 'example_xcom_args_with_operators']) retrieved from /home/airflow/.local/lib/python3.7/site-packages/airflow/example_dags/example_xcomargs.py
[2022-05-07 13:56:33,914] {logging_mixin.py:109} INFO - [2022-05-07 13:56:33,914] {dag.py:2398} INFO - Sync 2 DAGs
[2022-05-07 13:56:33,943] {logging_mixin.py:109} INFO - [2022-05-07 13:56:33,943] {dag.py:2937} INFO - Setting next_dagrun for example_xcom_args to None
[2022-05-07 13:56:33,945] {logging_mixin.py:109} INFO - [2022-05-07 13:56:33,945] {dag.py:2937} INFO - Setting next_dagrun for example_xcom_args_with_operators to None
[2022-05-07 13:56:33,978] {processor.py:171} INFO - Processing /home/airflow/.local/lib/python3.7/site-packages/airflow/example_dags/example_xcomargs.py took 0.174 seconds
[2022-05-07 13:57:04,269] {processor.py:163} INFO - Started process (PID=2496) to work on /home/airflow/.local/lib/python3.7/site-packages/airflow/example_dags/example_xcomargs.py
[2022-05-07 13:57:04,272] {processor.py:642} INFO - Processing file /home/airflow/.local/lib/python3.7/site-packages/airflow/example_dags/example_xcomargs.py for tasks to queue
[2022-05-07 13:57:04,275] {logging_mixin.py:109} INFO - [2022-05-07 13:57:04,274] {dagbag.py:500} INFO - Filling up the DagBag from /home/airflow/.local/lib/python3.7/site-packages/airflow/example_dags/example_xcomargs.py
[2022-05-07 13:57:04,312] {processor.py:652} INFO - DAG(s) dict_keys(['example_xcom_args', 'example_xcom_args_with_operators']) retrieved from /home/airflow/.local/lib/python3.7/site-packages/airflow/example_dags/example_xcomargs.py
[2022-05-07 13:57:04,864] {logging_mixin.py:109} INFO - [2022-05-07 13:57:04,864] {dag.py:2398} INFO - Sync 2 DAGs
[2022-05-07 13:57:04,911] {logging_mixin.py:109} INFO - [2022-05-07 13:57:04,911] {dag.py:2937} INFO - Setting next_dagrun for example_xcom_args to None
[2022-05-07 13:57:04,915] {logging_mixin.py:109} INFO - [2022-05-07 13:57:04,915] {dag.py:2937} INFO - Setting next_dagrun for example_xcom_args_with_operators to None
[2022-05-07 13:57:04,943] {processor.py:171} INFO - Processing /home/airflow/.local/lib/python3.7/site-packages/airflow/example_dags/example_xcomargs.py took 0.679 seconds
[2022-05-07 13:57:35,141] {processor.py:163} INFO - Started process (PID=2549) to work on /home/airflow/.local/lib/python3.7/site-packages/airflow/example_dags/example_xcomargs.py
[2022-05-07 13:57:35,150] {processor.py:642} INFO - Processing file /home/airflow/.local/lib/python3.7/site-packages/airflow/example_dags/example_xcomargs.py for tasks to queue
[2022-05-07 13:57:35,153] {logging_mixin.py:109} INFO - [2022-05-07 13:57:35,153] {dagbag.py:500} INFO - Filling up the DagBag from /home/airflow/.local/lib/python3.7/site-packages/airflow/example_dags/example_xcomargs.py
[2022-05-07 13:57:35,213] {processor.py:652} INFO - DAG(s) dict_keys(['example_xcom_args', 'example_xcom_args_with_operators']) retrieved from /home/airflow/.local/lib/python3.7/site-packages/airflow/example_dags/example_xcomargs.py
[2022-05-07 13:57:35,732] {logging_mixin.py:109} INFO - [2022-05-07 13:57:35,732] {dag.py:2398} INFO - Sync 2 DAGs
[2022-05-07 13:57:35,755] {logging_mixin.py:109} INFO - [2022-05-07 13:57:35,755] {dag.py:2937} INFO - Setting next_dagrun for example_xcom_args to None
[2022-05-07 13:57:35,757] {logging_mixin.py:109} INFO - [2022-05-07 13:57:35,757] {dag.py:2937} INFO - Setting next_dagrun for example_xcom_args_with_operators to None
[2022-05-07 13:57:35,778] {processor.py:171} INFO - Processing /home/airflow/.local/lib/python3.7/site-packages/airflow/example_dags/example_xcomargs.py took 0.648 seconds
