[2022-05-07 13:33:51,907] {processor.py:163} INFO - Started process (PID=121) to work on /home/airflow/.local/lib/python3.7/site-packages/airflow/example_dags/example_complex.py
[2022-05-07 13:33:51,911] {processor.py:642} INFO - Processing file /home/airflow/.local/lib/python3.7/site-packages/airflow/example_dags/example_complex.py for tasks to queue
[2022-05-07 13:33:51,913] {logging_mixin.py:109} INFO - [2022-05-07 13:33:51,913] {dagbag.py:500} INFO - Filling up the DagBag from /home/airflow/.local/lib/python3.7/site-packages/airflow/example_dags/example_complex.py
[2022-05-07 13:33:51,966] {processor.py:652} INFO - DAG(s) dict_keys(['example_complex']) retrieved from /home/airflow/.local/lib/python3.7/site-packages/airflow/example_dags/example_complex.py
[2022-05-07 13:33:56,944] {logging_mixin.py:109} INFO - [2022-05-07 13:33:56,944] {manager.py:496} INFO - Created Permission View: can edit on DAG:example_complex
[2022-05-07 13:33:56,965] {logging_mixin.py:109} INFO - [2022-05-07 13:33:56,965] {manager.py:496} INFO - Created Permission View: can read on DAG:example_complex
[2022-05-07 13:33:56,970] {logging_mixin.py:109} INFO - [2022-05-07 13:33:56,967] {dag.py:2398} INFO - Sync 1 DAGs
[2022-05-07 13:33:56,989] {logging_mixin.py:109} INFO - [2022-05-07 13:33:56,988] {dag.py:2417} INFO - Creating ORM DAG for example_complex
[2022-05-07 13:33:57,000] {logging_mixin.py:109} INFO - [2022-05-07 13:33:57,000] {dag.py:2937} INFO - Setting next_dagrun for example_complex to None
[2022-05-07 13:33:57,028] {processor.py:171} INFO - Processing /home/airflow/.local/lib/python3.7/site-packages/airflow/example_dags/example_complex.py took 5.129 seconds
[2022-05-07 13:34:38,517] {processor.py:163} INFO - Started process (PID=260) to work on /home/airflow/.local/lib/python3.7/site-packages/airflow/example_dags/example_complex.py
[2022-05-07 13:34:38,527] {processor.py:642} INFO - Processing file /home/airflow/.local/lib/python3.7/site-packages/airflow/example_dags/example_complex.py for tasks to queue
[2022-05-07 13:34:38,534] {logging_mixin.py:109} INFO - [2022-05-07 13:34:38,533] {dagbag.py:500} INFO - Filling up the DagBag from /home/airflow/.local/lib/python3.7/site-packages/airflow/example_dags/example_complex.py
[2022-05-07 13:34:38,589] {processor.py:652} INFO - DAG(s) dict_keys(['example_complex']) retrieved from /home/airflow/.local/lib/python3.7/site-packages/airflow/example_dags/example_complex.py
[2022-05-07 13:34:38,653] {logging_mixin.py:109} INFO - [2022-05-07 13:34:38,652] {dag.py:2398} INFO - Sync 1 DAGs
[2022-05-07 13:34:38,734] {logging_mixin.py:109} INFO - [2022-05-07 13:34:38,734] {dag.py:2937} INFO - Setting next_dagrun for example_complex to None
[2022-05-07 13:34:38,778] {processor.py:171} INFO - Processing /home/airflow/.local/lib/python3.7/site-packages/airflow/example_dags/example_complex.py took 0.276 seconds
[2022-05-07 13:35:09,281] {processor.py:163} INFO - Started process (PID=312) to work on /home/airflow/.local/lib/python3.7/site-packages/airflow/example_dags/example_complex.py
[2022-05-07 13:35:09,284] {processor.py:642} INFO - Processing file /home/airflow/.local/lib/python3.7/site-packages/airflow/example_dags/example_complex.py for tasks to queue
[2022-05-07 13:35:09,287] {logging_mixin.py:109} INFO - [2022-05-07 13:35:09,286] {dagbag.py:500} INFO - Filling up the DagBag from /home/airflow/.local/lib/python3.7/site-packages/airflow/example_dags/example_complex.py
[2022-05-07 13:35:09,326] {processor.py:652} INFO - DAG(s) dict_keys(['example_complex']) retrieved from /home/airflow/.local/lib/python3.7/site-packages/airflow/example_dags/example_complex.py
[2022-05-07 13:35:09,377] {logging_mixin.py:109} INFO - [2022-05-07 13:35:09,377] {dag.py:2398} INFO - Sync 1 DAGs
[2022-05-07 13:35:09,404] {logging_mixin.py:109} INFO - [2022-05-07 13:35:09,404] {dag.py:2937} INFO - Setting next_dagrun for example_complex to None
[2022-05-07 13:35:09,451] {processor.py:171} INFO - Processing /home/airflow/.local/lib/python3.7/site-packages/airflow/example_dags/example_complex.py took 0.176 seconds
[2022-05-07 13:35:39,619] {processor.py:163} INFO - Started process (PID=363) to work on /home/airflow/.local/lib/python3.7/site-packages/airflow/example_dags/example_complex.py
[2022-05-07 13:35:39,624] {processor.py:642} INFO - Processing file /home/airflow/.local/lib/python3.7/site-packages/airflow/example_dags/example_complex.py for tasks to queue
[2022-05-07 13:35:39,626] {logging_mixin.py:109} INFO - [2022-05-07 13:35:39,626] {dagbag.py:500} INFO - Filling up the DagBag from /home/airflow/.local/lib/python3.7/site-packages/airflow/example_dags/example_complex.py
[2022-05-07 13:35:39,660] {processor.py:652} INFO - DAG(s) dict_keys(['example_complex']) retrieved from /home/airflow/.local/lib/python3.7/site-packages/airflow/example_dags/example_complex.py
[2022-05-07 13:35:39,723] {logging_mixin.py:109} INFO - [2022-05-07 13:35:39,723] {dag.py:2398} INFO - Sync 1 DAGs
[2022-05-07 13:35:39,753] {logging_mixin.py:109} INFO - [2022-05-07 13:35:39,753] {dag.py:2937} INFO - Setting next_dagrun for example_complex to None
[2022-05-07 13:35:39,772] {processor.py:171} INFO - Processing /home/airflow/.local/lib/python3.7/site-packages/airflow/example_dags/example_complex.py took 0.158 seconds
[2022-05-07 13:36:10,512] {processor.py:163} INFO - Started process (PID=422) to work on /home/airflow/.local/lib/python3.7/site-packages/airflow/example_dags/example_complex.py
[2022-05-07 13:36:10,520] {processor.py:642} INFO - Processing file /home/airflow/.local/lib/python3.7/site-packages/airflow/example_dags/example_complex.py for tasks to queue
[2022-05-07 13:36:10,524] {logging_mixin.py:109} INFO - [2022-05-07 13:36:10,523] {dagbag.py:500} INFO - Filling up the DagBag from /home/airflow/.local/lib/python3.7/site-packages/airflow/example_dags/example_complex.py
[2022-05-07 13:36:10,564] {processor.py:652} INFO - DAG(s) dict_keys(['example_complex']) retrieved from /home/airflow/.local/lib/python3.7/site-packages/airflow/example_dags/example_complex.py
[2022-05-07 13:36:10,618] {logging_mixin.py:109} INFO - [2022-05-07 13:36:10,618] {dag.py:2398} INFO - Sync 1 DAGs
[2022-05-07 13:36:10,668] {logging_mixin.py:109} INFO - [2022-05-07 13:36:10,668] {dag.py:2937} INFO - Setting next_dagrun for example_complex to None
[2022-05-07 13:36:10,701] {processor.py:171} INFO - Processing /home/airflow/.local/lib/python3.7/site-packages/airflow/example_dags/example_complex.py took 0.197 seconds
[2022-05-07 13:36:46,566] {processor.py:163} INFO - Started process (PID=474) to work on /home/airflow/.local/lib/python3.7/site-packages/airflow/example_dags/example_complex.py
[2022-05-07 13:36:46,590] {processor.py:642} INFO - Processing file /home/airflow/.local/lib/python3.7/site-packages/airflow/example_dags/example_complex.py for tasks to queue
[2022-05-07 13:36:46,595] {logging_mixin.py:109} INFO - [2022-05-07 13:36:46,594] {dagbag.py:500} INFO - Filling up the DagBag from /home/airflow/.local/lib/python3.7/site-packages/airflow/example_dags/example_complex.py
[2022-05-07 13:36:46,719] {processor.py:652} INFO - DAG(s) dict_keys(['example_complex']) retrieved from /home/airflow/.local/lib/python3.7/site-packages/airflow/example_dags/example_complex.py
[2022-05-07 13:36:46,871] {logging_mixin.py:109} INFO - [2022-05-07 13:36:46,868] {dag.py:2398} INFO - Sync 1 DAGs
[2022-05-07 13:36:46,989] {logging_mixin.py:109} INFO - [2022-05-07 13:36:46,989] {dag.py:2937} INFO - Setting next_dagrun for example_complex to None
[2022-05-07 13:36:47,042] {processor.py:171} INFO - Processing /home/airflow/.local/lib/python3.7/site-packages/airflow/example_dags/example_complex.py took 0.492 seconds
[2022-05-07 13:37:18,126] {processor.py:163} INFO - Started process (PID=526) to work on /home/airflow/.local/lib/python3.7/site-packages/airflow/example_dags/example_complex.py
[2022-05-07 13:37:18,133] {processor.py:642} INFO - Processing file /home/airflow/.local/lib/python3.7/site-packages/airflow/example_dags/example_complex.py for tasks to queue
[2022-05-07 13:37:18,138] {logging_mixin.py:109} INFO - [2022-05-07 13:37:18,137] {dagbag.py:500} INFO - Filling up the DagBag from /home/airflow/.local/lib/python3.7/site-packages/airflow/example_dags/example_complex.py
[2022-05-07 13:37:18,195] {processor.py:652} INFO - DAG(s) dict_keys(['example_complex']) retrieved from /home/airflow/.local/lib/python3.7/site-packages/airflow/example_dags/example_complex.py
[2022-05-07 13:37:18,264] {logging_mixin.py:109} INFO - [2022-05-07 13:37:18,264] {dag.py:2398} INFO - Sync 1 DAGs
[2022-05-07 13:37:18,297] {logging_mixin.py:109} INFO - [2022-05-07 13:37:18,297] {dag.py:2937} INFO - Setting next_dagrun for example_complex to None
[2022-05-07 13:37:18,316] {processor.py:171} INFO - Processing /home/airflow/.local/lib/python3.7/site-packages/airflow/example_dags/example_complex.py took 0.203 seconds
[2022-05-07 13:37:48,448] {processor.py:163} INFO - Started process (PID=579) to work on /home/airflow/.local/lib/python3.7/site-packages/airflow/example_dags/example_complex.py
[2022-05-07 13:37:48,451] {processor.py:642} INFO - Processing file /home/airflow/.local/lib/python3.7/site-packages/airflow/example_dags/example_complex.py for tasks to queue
[2022-05-07 13:37:48,453] {logging_mixin.py:109} INFO - [2022-05-07 13:37:48,453] {dagbag.py:500} INFO - Filling up the DagBag from /home/airflow/.local/lib/python3.7/site-packages/airflow/example_dags/example_complex.py
[2022-05-07 13:37:48,489] {processor.py:652} INFO - DAG(s) dict_keys(['example_complex']) retrieved from /home/airflow/.local/lib/python3.7/site-packages/airflow/example_dags/example_complex.py
[2022-05-07 13:37:48,535] {logging_mixin.py:109} INFO - [2022-05-07 13:37:48,535] {dag.py:2398} INFO - Sync 1 DAGs
[2022-05-07 13:37:48,562] {logging_mixin.py:109} INFO - [2022-05-07 13:37:48,561] {dag.py:2937} INFO - Setting next_dagrun for example_complex to None
[2022-05-07 13:37:48,579] {processor.py:171} INFO - Processing /home/airflow/.local/lib/python3.7/site-packages/airflow/example_dags/example_complex.py took 0.137 seconds
[2022-05-07 13:38:19,944] {processor.py:163} INFO - Started process (PID=630) to work on /home/airflow/.local/lib/python3.7/site-packages/airflow/example_dags/example_complex.py
[2022-05-07 13:38:19,952] {processor.py:642} INFO - Processing file /home/airflow/.local/lib/python3.7/site-packages/airflow/example_dags/example_complex.py for tasks to queue
[2022-05-07 13:38:19,958] {logging_mixin.py:109} INFO - [2022-05-07 13:38:19,958] {dagbag.py:500} INFO - Filling up the DagBag from /home/airflow/.local/lib/python3.7/site-packages/airflow/example_dags/example_complex.py
[2022-05-07 13:38:20,030] {processor.py:652} INFO - DAG(s) dict_keys(['example_complex']) retrieved from /home/airflow/.local/lib/python3.7/site-packages/airflow/example_dags/example_complex.py
[2022-05-07 13:38:20,123] {logging_mixin.py:109} INFO - [2022-05-07 13:38:20,123] {dag.py:2398} INFO - Sync 1 DAGs
[2022-05-07 13:38:20,171] {logging_mixin.py:109} INFO - [2022-05-07 13:38:20,170] {dag.py:2937} INFO - Setting next_dagrun for example_complex to None
[2022-05-07 13:38:20,192] {processor.py:171} INFO - Processing /home/airflow/.local/lib/python3.7/site-packages/airflow/example_dags/example_complex.py took 0.260 seconds
[2022-05-07 13:38:50,751] {processor.py:163} INFO - Started process (PID=682) to work on /home/airflow/.local/lib/python3.7/site-packages/airflow/example_dags/example_complex.py
[2022-05-07 13:38:50,759] {processor.py:642} INFO - Processing file /home/airflow/.local/lib/python3.7/site-packages/airflow/example_dags/example_complex.py for tasks to queue
[2022-05-07 13:38:50,767] {logging_mixin.py:109} INFO - [2022-05-07 13:38:50,766] {dagbag.py:500} INFO - Filling up the DagBag from /home/airflow/.local/lib/python3.7/site-packages/airflow/example_dags/example_complex.py
[2022-05-07 13:38:50,860] {processor.py:652} INFO - DAG(s) dict_keys(['example_complex']) retrieved from /home/airflow/.local/lib/python3.7/site-packages/airflow/example_dags/example_complex.py
[2022-05-07 13:38:50,991] {logging_mixin.py:109} INFO - [2022-05-07 13:38:50,991] {dag.py:2398} INFO - Sync 1 DAGs
[2022-05-07 13:38:51,031] {logging_mixin.py:109} INFO - [2022-05-07 13:38:51,031] {dag.py:2937} INFO - Setting next_dagrun for example_complex to None
[2022-05-07 13:38:51,062] {processor.py:171} INFO - Processing /home/airflow/.local/lib/python3.7/site-packages/airflow/example_dags/example_complex.py took 0.328 seconds
[2022-05-07 13:39:21,967] {processor.py:163} INFO - Started process (PID=735) to work on /home/airflow/.local/lib/python3.7/site-packages/airflow/example_dags/example_complex.py
[2022-05-07 13:39:21,971] {processor.py:642} INFO - Processing file /home/airflow/.local/lib/python3.7/site-packages/airflow/example_dags/example_complex.py for tasks to queue
[2022-05-07 13:39:21,973] {logging_mixin.py:109} INFO - [2022-05-07 13:39:21,973] {dagbag.py:500} INFO - Filling up the DagBag from /home/airflow/.local/lib/python3.7/site-packages/airflow/example_dags/example_complex.py
[2022-05-07 13:39:22,019] {processor.py:652} INFO - DAG(s) dict_keys(['example_complex']) retrieved from /home/airflow/.local/lib/python3.7/site-packages/airflow/example_dags/example_complex.py
[2022-05-07 13:39:22,122] {logging_mixin.py:109} INFO - [2022-05-07 13:39:22,122] {dag.py:2398} INFO - Sync 1 DAGs
[2022-05-07 13:39:22,183] {logging_mixin.py:109} INFO - [2022-05-07 13:39:22,182] {dag.py:2937} INFO - Setting next_dagrun for example_complex to None
[2022-05-07 13:39:22,225] {processor.py:171} INFO - Processing /home/airflow/.local/lib/python3.7/site-packages/airflow/example_dags/example_complex.py took 0.267 seconds
[2022-05-07 13:39:52,452] {processor.py:163} INFO - Started process (PID=786) to work on /home/airflow/.local/lib/python3.7/site-packages/airflow/example_dags/example_complex.py
[2022-05-07 13:39:52,455] {processor.py:642} INFO - Processing file /home/airflow/.local/lib/python3.7/site-packages/airflow/example_dags/example_complex.py for tasks to queue
[2022-05-07 13:39:52,457] {logging_mixin.py:109} INFO - [2022-05-07 13:39:52,456] {dagbag.py:500} INFO - Filling up the DagBag from /home/airflow/.local/lib/python3.7/site-packages/airflow/example_dags/example_complex.py
[2022-05-07 13:39:52,496] {processor.py:652} INFO - DAG(s) dict_keys(['example_complex']) retrieved from /home/airflow/.local/lib/python3.7/site-packages/airflow/example_dags/example_complex.py
[2022-05-07 13:39:52,579] {logging_mixin.py:109} INFO - [2022-05-07 13:39:52,578] {dag.py:2398} INFO - Sync 1 DAGs
[2022-05-07 13:39:52,605] {logging_mixin.py:109} INFO - [2022-05-07 13:39:52,605] {dag.py:2937} INFO - Setting next_dagrun for example_complex to None
[2022-05-07 13:39:52,624] {processor.py:171} INFO - Processing /home/airflow/.local/lib/python3.7/site-packages/airflow/example_dags/example_complex.py took 0.177 seconds
[2022-05-07 13:40:22,720] {processor.py:163} INFO - Started process (PID=838) to work on /home/airflow/.local/lib/python3.7/site-packages/airflow/example_dags/example_complex.py
[2022-05-07 13:40:22,723] {processor.py:642} INFO - Processing file /home/airflow/.local/lib/python3.7/site-packages/airflow/example_dags/example_complex.py for tasks to queue
[2022-05-07 13:40:22,725] {logging_mixin.py:109} INFO - [2022-05-07 13:40:22,725] {dagbag.py:500} INFO - Filling up the DagBag from /home/airflow/.local/lib/python3.7/site-packages/airflow/example_dags/example_complex.py
[2022-05-07 13:40:22,760] {processor.py:652} INFO - DAG(s) dict_keys(['example_complex']) retrieved from /home/airflow/.local/lib/python3.7/site-packages/airflow/example_dags/example_complex.py
[2022-05-07 13:40:22,805] {logging_mixin.py:109} INFO - [2022-05-07 13:40:22,805] {dag.py:2398} INFO - Sync 1 DAGs
[2022-05-07 13:40:22,833] {logging_mixin.py:109} INFO - [2022-05-07 13:40:22,832] {dag.py:2937} INFO - Setting next_dagrun for example_complex to None
[2022-05-07 13:40:22,854] {processor.py:171} INFO - Processing /home/airflow/.local/lib/python3.7/site-packages/airflow/example_dags/example_complex.py took 0.142 seconds
[2022-05-07 13:40:52,958] {processor.py:163} INFO - Started process (PID=902) to work on /home/airflow/.local/lib/python3.7/site-packages/airflow/example_dags/example_complex.py
[2022-05-07 13:40:52,965] {processor.py:642} INFO - Processing file /home/airflow/.local/lib/python3.7/site-packages/airflow/example_dags/example_complex.py for tasks to queue
[2022-05-07 13:40:52,971] {logging_mixin.py:109} INFO - [2022-05-07 13:40:52,971] {dagbag.py:500} INFO - Filling up the DagBag from /home/airflow/.local/lib/python3.7/site-packages/airflow/example_dags/example_complex.py
[2022-05-07 13:40:53,029] {processor.py:652} INFO - DAG(s) dict_keys(['example_complex']) retrieved from /home/airflow/.local/lib/python3.7/site-packages/airflow/example_dags/example_complex.py
[2022-05-07 13:40:53,109] {logging_mixin.py:109} INFO - [2022-05-07 13:40:53,109] {dag.py:2398} INFO - Sync 1 DAGs
[2022-05-07 13:40:53,147] {logging_mixin.py:109} INFO - [2022-05-07 13:40:53,147] {dag.py:2937} INFO - Setting next_dagrun for example_complex to None
[2022-05-07 13:40:53,173] {processor.py:171} INFO - Processing /home/airflow/.local/lib/python3.7/site-packages/airflow/example_dags/example_complex.py took 0.230 seconds
[2022-05-07 13:41:23,472] {processor.py:163} INFO - Started process (PID=952) to work on /home/airflow/.local/lib/python3.7/site-packages/airflow/example_dags/example_complex.py
[2022-05-07 13:41:23,476] {processor.py:642} INFO - Processing file /home/airflow/.local/lib/python3.7/site-packages/airflow/example_dags/example_complex.py for tasks to queue
[2022-05-07 13:41:23,480] {logging_mixin.py:109} INFO - [2022-05-07 13:41:23,479] {dagbag.py:500} INFO - Filling up the DagBag from /home/airflow/.local/lib/python3.7/site-packages/airflow/example_dags/example_complex.py
[2022-05-07 13:41:23,545] {processor.py:652} INFO - DAG(s) dict_keys(['example_complex']) retrieved from /home/airflow/.local/lib/python3.7/site-packages/airflow/example_dags/example_complex.py
[2022-05-07 13:41:23,713] {logging_mixin.py:109} INFO - [2022-05-07 13:41:23,710] {dag.py:2398} INFO - Sync 1 DAGs
[2022-05-07 13:41:24,009] {logging_mixin.py:109} INFO - [2022-05-07 13:41:24,007] {dag.py:2937} INFO - Setting next_dagrun for example_complex to None
[2022-05-07 13:41:24,103] {processor.py:171} INFO - Processing /home/airflow/.local/lib/python3.7/site-packages/airflow/example_dags/example_complex.py took 0.638 seconds
[2022-05-07 13:41:54,226] {processor.py:163} INFO - Started process (PID=1002) to work on /home/airflow/.local/lib/python3.7/site-packages/airflow/example_dags/example_complex.py
[2022-05-07 13:41:54,228] {processor.py:642} INFO - Processing file /home/airflow/.local/lib/python3.7/site-packages/airflow/example_dags/example_complex.py for tasks to queue
[2022-05-07 13:41:54,230] {logging_mixin.py:109} INFO - [2022-05-07 13:41:54,230] {dagbag.py:500} INFO - Filling up the DagBag from /home/airflow/.local/lib/python3.7/site-packages/airflow/example_dags/example_complex.py
[2022-05-07 13:41:54,266] {processor.py:652} INFO - DAG(s) dict_keys(['example_complex']) retrieved from /home/airflow/.local/lib/python3.7/site-packages/airflow/example_dags/example_complex.py
[2022-05-07 13:41:54,316] {logging_mixin.py:109} INFO - [2022-05-07 13:41:54,316] {dag.py:2398} INFO - Sync 1 DAGs
[2022-05-07 13:41:54,341] {logging_mixin.py:109} INFO - [2022-05-07 13:41:54,341] {dag.py:2937} INFO - Setting next_dagrun for example_complex to None
[2022-05-07 13:41:54,356] {processor.py:171} INFO - Processing /home/airflow/.local/lib/python3.7/site-packages/airflow/example_dags/example_complex.py took 0.135 seconds
[2022-05-07 13:42:24,464] {processor.py:163} INFO - Started process (PID=1054) to work on /home/airflow/.local/lib/python3.7/site-packages/airflow/example_dags/example_complex.py
[2022-05-07 13:42:24,468] {processor.py:642} INFO - Processing file /home/airflow/.local/lib/python3.7/site-packages/airflow/example_dags/example_complex.py for tasks to queue
[2022-05-07 13:42:24,473] {logging_mixin.py:109} INFO - [2022-05-07 13:42:24,473] {dagbag.py:500} INFO - Filling up the DagBag from /home/airflow/.local/lib/python3.7/site-packages/airflow/example_dags/example_complex.py
[2022-05-07 13:42:24,513] {processor.py:652} INFO - DAG(s) dict_keys(['example_complex']) retrieved from /home/airflow/.local/lib/python3.7/site-packages/airflow/example_dags/example_complex.py
[2022-05-07 13:42:24,584] {logging_mixin.py:109} INFO - [2022-05-07 13:42:24,584] {dag.py:2398} INFO - Sync 1 DAGs
[2022-05-07 13:42:24,628] {logging_mixin.py:109} INFO - [2022-05-07 13:42:24,627] {dag.py:2937} INFO - Setting next_dagrun for example_complex to None
[2022-05-07 13:42:24,661] {processor.py:171} INFO - Processing /home/airflow/.local/lib/python3.7/site-packages/airflow/example_dags/example_complex.py took 0.202 seconds
[2022-05-07 13:42:55,418] {processor.py:163} INFO - Started process (PID=1108) to work on /home/airflow/.local/lib/python3.7/site-packages/airflow/example_dags/example_complex.py
[2022-05-07 13:42:55,422] {processor.py:642} INFO - Processing file /home/airflow/.local/lib/python3.7/site-packages/airflow/example_dags/example_complex.py for tasks to queue
[2022-05-07 13:42:55,424] {logging_mixin.py:109} INFO - [2022-05-07 13:42:55,424] {dagbag.py:500} INFO - Filling up the DagBag from /home/airflow/.local/lib/python3.7/site-packages/airflow/example_dags/example_complex.py
[2022-05-07 13:42:55,462] {processor.py:652} INFO - DAG(s) dict_keys(['example_complex']) retrieved from /home/airflow/.local/lib/python3.7/site-packages/airflow/example_dags/example_complex.py
[2022-05-07 13:42:55,513] {logging_mixin.py:109} INFO - [2022-05-07 13:42:55,512] {dag.py:2398} INFO - Sync 1 DAGs
[2022-05-07 13:42:55,550] {logging_mixin.py:109} INFO - [2022-05-07 13:42:55,550] {dag.py:2937} INFO - Setting next_dagrun for example_complex to None
[2022-05-07 13:42:55,572] {processor.py:171} INFO - Processing /home/airflow/.local/lib/python3.7/site-packages/airflow/example_dags/example_complex.py took 0.168 seconds
[2022-05-07 13:43:26,120] {processor.py:163} INFO - Started process (PID=1160) to work on /home/airflow/.local/lib/python3.7/site-packages/airflow/example_dags/example_complex.py
[2022-05-07 13:43:26,133] {processor.py:642} INFO - Processing file /home/airflow/.local/lib/python3.7/site-packages/airflow/example_dags/example_complex.py for tasks to queue
[2022-05-07 13:43:26,142] {logging_mixin.py:109} INFO - [2022-05-07 13:43:26,141] {dagbag.py:500} INFO - Filling up the DagBag from /home/airflow/.local/lib/python3.7/site-packages/airflow/example_dags/example_complex.py
[2022-05-07 13:43:26,261] {processor.py:652} INFO - DAG(s) dict_keys(['example_complex']) retrieved from /home/airflow/.local/lib/python3.7/site-packages/airflow/example_dags/example_complex.py
[2022-05-07 13:43:26,432] {logging_mixin.py:109} INFO - [2022-05-07 13:43:26,432] {dag.py:2398} INFO - Sync 1 DAGs
[2022-05-07 13:43:26,634] {logging_mixin.py:109} INFO - [2022-05-07 13:43:26,634] {dag.py:2937} INFO - Setting next_dagrun for example_complex to None
[2022-05-07 13:43:26,674] {processor.py:171} INFO - Processing /home/airflow/.local/lib/python3.7/site-packages/airflow/example_dags/example_complex.py took 0.613 seconds
[2022-05-07 13:43:57,202] {processor.py:163} INFO - Started process (PID=1213) to work on /home/airflow/.local/lib/python3.7/site-packages/airflow/example_dags/example_complex.py
[2022-05-07 13:43:57,205] {processor.py:642} INFO - Processing file /home/airflow/.local/lib/python3.7/site-packages/airflow/example_dags/example_complex.py for tasks to queue
[2022-05-07 13:43:57,211] {logging_mixin.py:109} INFO - [2022-05-07 13:43:57,210] {dagbag.py:500} INFO - Filling up the DagBag from /home/airflow/.local/lib/python3.7/site-packages/airflow/example_dags/example_complex.py
[2022-05-07 13:43:57,272] {processor.py:652} INFO - DAG(s) dict_keys(['example_complex']) retrieved from /home/airflow/.local/lib/python3.7/site-packages/airflow/example_dags/example_complex.py
[2022-05-07 13:43:57,369] {logging_mixin.py:109} INFO - [2022-05-07 13:43:57,369] {dag.py:2398} INFO - Sync 1 DAGs
[2022-05-07 13:43:57,415] {logging_mixin.py:109} INFO - [2022-05-07 13:43:57,415] {dag.py:2937} INFO - Setting next_dagrun for example_complex to None
[2022-05-07 13:43:57,448] {processor.py:171} INFO - Processing /home/airflow/.local/lib/python3.7/site-packages/airflow/example_dags/example_complex.py took 0.257 seconds
[2022-05-07 13:44:27,963] {processor.py:163} INFO - Started process (PID=1266) to work on /home/airflow/.local/lib/python3.7/site-packages/airflow/example_dags/example_complex.py
[2022-05-07 13:44:27,968] {processor.py:642} INFO - Processing file /home/airflow/.local/lib/python3.7/site-packages/airflow/example_dags/example_complex.py for tasks to queue
[2022-05-07 13:44:27,972] {logging_mixin.py:109} INFO - [2022-05-07 13:44:27,971] {dagbag.py:500} INFO - Filling up the DagBag from /home/airflow/.local/lib/python3.7/site-packages/airflow/example_dags/example_complex.py
[2022-05-07 13:44:28,035] {processor.py:652} INFO - DAG(s) dict_keys(['example_complex']) retrieved from /home/airflow/.local/lib/python3.7/site-packages/airflow/example_dags/example_complex.py
[2022-05-07 13:44:28,145] {logging_mixin.py:109} INFO - [2022-05-07 13:44:28,144] {dag.py:2398} INFO - Sync 1 DAGs
[2022-05-07 13:44:28,193] {logging_mixin.py:109} INFO - [2022-05-07 13:44:28,193] {dag.py:2937} INFO - Setting next_dagrun for example_complex to None
[2022-05-07 13:44:28,231] {processor.py:171} INFO - Processing /home/airflow/.local/lib/python3.7/site-packages/airflow/example_dags/example_complex.py took 0.277 seconds
[2022-05-07 13:44:58,934] {processor.py:163} INFO - Started process (PID=1318) to work on /home/airflow/.local/lib/python3.7/site-packages/airflow/example_dags/example_complex.py
[2022-05-07 13:44:58,939] {processor.py:642} INFO - Processing file /home/airflow/.local/lib/python3.7/site-packages/airflow/example_dags/example_complex.py for tasks to queue
[2022-05-07 13:44:58,942] {logging_mixin.py:109} INFO - [2022-05-07 13:44:58,942] {dagbag.py:500} INFO - Filling up the DagBag from /home/airflow/.local/lib/python3.7/site-packages/airflow/example_dags/example_complex.py
[2022-05-07 13:44:59,003] {processor.py:652} INFO - DAG(s) dict_keys(['example_complex']) retrieved from /home/airflow/.local/lib/python3.7/site-packages/airflow/example_dags/example_complex.py
[2022-05-07 13:44:59,088] {logging_mixin.py:109} INFO - [2022-05-07 13:44:59,088] {dag.py:2398} INFO - Sync 1 DAGs
[2022-05-07 13:44:59,127] {logging_mixin.py:109} INFO - [2022-05-07 13:44:59,127] {dag.py:2937} INFO - Setting next_dagrun for example_complex to None
[2022-05-07 13:44:59,162] {processor.py:171} INFO - Processing /home/airflow/.local/lib/python3.7/site-packages/airflow/example_dags/example_complex.py took 0.237 seconds
[2022-05-07 13:45:29,240] {processor.py:163} INFO - Started process (PID=1369) to work on /home/airflow/.local/lib/python3.7/site-packages/airflow/example_dags/example_complex.py
[2022-05-07 13:45:29,244] {processor.py:642} INFO - Processing file /home/airflow/.local/lib/python3.7/site-packages/airflow/example_dags/example_complex.py for tasks to queue
[2022-05-07 13:45:29,247] {logging_mixin.py:109} INFO - [2022-05-07 13:45:29,247] {dagbag.py:500} INFO - Filling up the DagBag from /home/airflow/.local/lib/python3.7/site-packages/airflow/example_dags/example_complex.py
[2022-05-07 13:45:29,290] {processor.py:652} INFO - DAG(s) dict_keys(['example_complex']) retrieved from /home/airflow/.local/lib/python3.7/site-packages/airflow/example_dags/example_complex.py
[2022-05-07 13:45:29,375] {logging_mixin.py:109} INFO - [2022-05-07 13:45:29,375] {dag.py:2398} INFO - Sync 1 DAGs
[2022-05-07 13:45:29,420] {logging_mixin.py:109} INFO - [2022-05-07 13:45:29,420] {dag.py:2937} INFO - Setting next_dagrun for example_complex to None
[2022-05-07 13:45:29,442] {processor.py:171} INFO - Processing /home/airflow/.local/lib/python3.7/site-packages/airflow/example_dags/example_complex.py took 0.208 seconds
[2022-05-07 13:45:59,826] {processor.py:163} INFO - Started process (PID=1432) to work on /home/airflow/.local/lib/python3.7/site-packages/airflow/example_dags/example_complex.py
[2022-05-07 13:45:59,830] {processor.py:642} INFO - Processing file /home/airflow/.local/lib/python3.7/site-packages/airflow/example_dags/example_complex.py for tasks to queue
[2022-05-07 13:45:59,833] {logging_mixin.py:109} INFO - [2022-05-07 13:45:59,833] {dagbag.py:500} INFO - Filling up the DagBag from /home/airflow/.local/lib/python3.7/site-packages/airflow/example_dags/example_complex.py
[2022-05-07 13:45:59,901] {processor.py:652} INFO - DAG(s) dict_keys(['example_complex']) retrieved from /home/airflow/.local/lib/python3.7/site-packages/airflow/example_dags/example_complex.py
[2022-05-07 13:45:59,955] {logging_mixin.py:109} INFO - [2022-05-07 13:45:59,955] {dag.py:2398} INFO - Sync 1 DAGs
[2022-05-07 13:45:59,990] {logging_mixin.py:109} INFO - [2022-05-07 13:45:59,990] {dag.py:2937} INFO - Setting next_dagrun for example_complex to None
[2022-05-07 13:46:00,017] {processor.py:171} INFO - Processing /home/airflow/.local/lib/python3.7/site-packages/airflow/example_dags/example_complex.py took 0.198 seconds
[2022-05-07 13:46:30,363] {processor.py:163} INFO - Started process (PID=1485) to work on /home/airflow/.local/lib/python3.7/site-packages/airflow/example_dags/example_complex.py
[2022-05-07 13:46:30,366] {processor.py:642} INFO - Processing file /home/airflow/.local/lib/python3.7/site-packages/airflow/example_dags/example_complex.py for tasks to queue
[2022-05-07 13:46:30,370] {logging_mixin.py:109} INFO - [2022-05-07 13:46:30,369] {dagbag.py:500} INFO - Filling up the DagBag from /home/airflow/.local/lib/python3.7/site-packages/airflow/example_dags/example_complex.py
[2022-05-07 13:46:30,418] {processor.py:652} INFO - DAG(s) dict_keys(['example_complex']) retrieved from /home/airflow/.local/lib/python3.7/site-packages/airflow/example_dags/example_complex.py
[2022-05-07 13:46:30,470] {logging_mixin.py:109} INFO - [2022-05-07 13:46:30,470] {dag.py:2398} INFO - Sync 1 DAGs
[2022-05-07 13:46:30,497] {logging_mixin.py:109} INFO - [2022-05-07 13:46:30,496] {dag.py:2937} INFO - Setting next_dagrun for example_complex to None
[2022-05-07 13:46:30,532] {processor.py:171} INFO - Processing /home/airflow/.local/lib/python3.7/site-packages/airflow/example_dags/example_complex.py took 0.173 seconds
[2022-05-07 13:47:00,949] {processor.py:163} INFO - Started process (PID=1538) to work on /home/airflow/.local/lib/python3.7/site-packages/airflow/example_dags/example_complex.py
[2022-05-07 13:47:00,952] {processor.py:642} INFO - Processing file /home/airflow/.local/lib/python3.7/site-packages/airflow/example_dags/example_complex.py for tasks to queue
[2022-05-07 13:47:00,955] {logging_mixin.py:109} INFO - [2022-05-07 13:47:00,955] {dagbag.py:500} INFO - Filling up the DagBag from /home/airflow/.local/lib/python3.7/site-packages/airflow/example_dags/example_complex.py
[2022-05-07 13:47:00,995] {processor.py:652} INFO - DAG(s) dict_keys(['example_complex']) retrieved from /home/airflow/.local/lib/python3.7/site-packages/airflow/example_dags/example_complex.py
[2022-05-07 13:47:01,047] {logging_mixin.py:109} INFO - [2022-05-07 13:47:01,046] {dag.py:2398} INFO - Sync 1 DAGs
[2022-05-07 13:47:01,072] {logging_mixin.py:109} INFO - [2022-05-07 13:47:01,072] {dag.py:2937} INFO - Setting next_dagrun for example_complex to None
[2022-05-07 13:47:01,091] {processor.py:171} INFO - Processing /home/airflow/.local/lib/python3.7/site-packages/airflow/example_dags/example_complex.py took 0.147 seconds
[2022-05-07 13:47:38,216] {processor.py:163} INFO - Started process (PID=1589) to work on /home/airflow/.local/lib/python3.7/site-packages/airflow/example_dags/example_complex.py
[2022-05-07 13:47:38,313] {processor.py:642} INFO - Processing file /home/airflow/.local/lib/python3.7/site-packages/airflow/example_dags/example_complex.py for tasks to queue
[2022-05-07 13:47:38,348] {logging_mixin.py:109} INFO - [2022-05-07 13:47:38,347] {dagbag.py:500} INFO - Filling up the DagBag from /home/airflow/.local/lib/python3.7/site-packages/airflow/example_dags/example_complex.py
[2022-05-07 13:47:39,174] {processor.py:652} INFO - DAG(s) dict_keys(['example_complex']) retrieved from /home/airflow/.local/lib/python3.7/site-packages/airflow/example_dags/example_complex.py
[2022-05-07 13:47:40,233] {logging_mixin.py:109} INFO - [2022-05-07 13:47:40,233] {dag.py:2398} INFO - Sync 1 DAGs
[2022-05-07 13:47:41,301] {logging_mixin.py:109} INFO - [2022-05-07 13:47:41,300] {dag.py:2937} INFO - Setting next_dagrun for example_complex to None
[2022-05-07 13:47:42,053] {processor.py:171} INFO - Processing /home/airflow/.local/lib/python3.7/site-packages/airflow/example_dags/example_complex.py took 4.050 seconds
[2022-05-07 13:49:21,392] {processor.py:163} INFO - Started process (PID=1653) to work on /home/airflow/.local/lib/python3.7/site-packages/airflow/example_dags/example_complex.py
[2022-05-07 13:49:21,419] {processor.py:642} INFO - Processing file /home/airflow/.local/lib/python3.7/site-packages/airflow/example_dags/example_complex.py for tasks to queue
[2022-05-07 13:49:21,461] {logging_mixin.py:109} INFO - [2022-05-07 13:49:21,461] {dagbag.py:500} INFO - Filling up the DagBag from /home/airflow/.local/lib/python3.7/site-packages/airflow/example_dags/example_complex.py
[2022-05-07 13:49:21,788] {processor.py:652} INFO - DAG(s) dict_keys(['example_complex']) retrieved from /home/airflow/.local/lib/python3.7/site-packages/airflow/example_dags/example_complex.py
[2022-05-07 13:49:22,022] {logging_mixin.py:109} INFO - [2022-05-07 13:49:22,022] {dag.py:2398} INFO - Sync 1 DAGs
[2022-05-07 13:49:22,198] {logging_mixin.py:109} INFO - [2022-05-07 13:49:22,198] {dag.py:2937} INFO - Setting next_dagrun for example_complex to None
[2022-05-07 13:49:22,349] {processor.py:171} INFO - Processing /home/airflow/.local/lib/python3.7/site-packages/airflow/example_dags/example_complex.py took 1.026 seconds
[2022-05-07 13:49:52,656] {processor.py:163} INFO - Started process (PID=1707) to work on /home/airflow/.local/lib/python3.7/site-packages/airflow/example_dags/example_complex.py
[2022-05-07 13:49:52,659] {processor.py:642} INFO - Processing file /home/airflow/.local/lib/python3.7/site-packages/airflow/example_dags/example_complex.py for tasks to queue
[2022-05-07 13:49:52,662] {logging_mixin.py:109} INFO - [2022-05-07 13:49:52,661] {dagbag.py:500} INFO - Filling up the DagBag from /home/airflow/.local/lib/python3.7/site-packages/airflow/example_dags/example_complex.py
[2022-05-07 13:49:52,709] {processor.py:652} INFO - DAG(s) dict_keys(['example_complex']) retrieved from /home/airflow/.local/lib/python3.7/site-packages/airflow/example_dags/example_complex.py
[2022-05-07 13:49:52,844] {logging_mixin.py:109} INFO - [2022-05-07 13:49:52,844] {dag.py:2398} INFO - Sync 1 DAGs
[2022-05-07 13:49:52,904] {logging_mixin.py:109} INFO - [2022-05-07 13:49:52,904] {dag.py:2937} INFO - Setting next_dagrun for example_complex to None
[2022-05-07 13:49:52,932] {processor.py:171} INFO - Processing /home/airflow/.local/lib/python3.7/site-packages/airflow/example_dags/example_complex.py took 0.281 seconds
[2022-05-07 13:50:23,056] {processor.py:163} INFO - Started process (PID=1770) to work on /home/airflow/.local/lib/python3.7/site-packages/airflow/example_dags/example_complex.py
[2022-05-07 13:50:23,059] {processor.py:642} INFO - Processing file /home/airflow/.local/lib/python3.7/site-packages/airflow/example_dags/example_complex.py for tasks to queue
[2022-05-07 13:50:23,061] {logging_mixin.py:109} INFO - [2022-05-07 13:50:23,061] {dagbag.py:500} INFO - Filling up the DagBag from /home/airflow/.local/lib/python3.7/site-packages/airflow/example_dags/example_complex.py
[2022-05-07 13:50:23,096] {processor.py:652} INFO - DAG(s) dict_keys(['example_complex']) retrieved from /home/airflow/.local/lib/python3.7/site-packages/airflow/example_dags/example_complex.py
[2022-05-07 13:50:23,146] {logging_mixin.py:109} INFO - [2022-05-07 13:50:23,146] {dag.py:2398} INFO - Sync 1 DAGs
[2022-05-07 13:50:23,174] {logging_mixin.py:109} INFO - [2022-05-07 13:50:23,173] {dag.py:2937} INFO - Setting next_dagrun for example_complex to None
[2022-05-07 13:50:23,203] {processor.py:171} INFO - Processing /home/airflow/.local/lib/python3.7/site-packages/airflow/example_dags/example_complex.py took 0.153 seconds
[2022-05-07 13:50:53,294] {processor.py:163} INFO - Started process (PID=1826) to work on /home/airflow/.local/lib/python3.7/site-packages/airflow/example_dags/example_complex.py
[2022-05-07 13:50:53,298] {processor.py:642} INFO - Processing file /home/airflow/.local/lib/python3.7/site-packages/airflow/example_dags/example_complex.py for tasks to queue
[2022-05-07 13:50:53,301] {logging_mixin.py:109} INFO - [2022-05-07 13:50:53,301] {dagbag.py:500} INFO - Filling up the DagBag from /home/airflow/.local/lib/python3.7/site-packages/airflow/example_dags/example_complex.py
[2022-05-07 13:50:53,337] {processor.py:652} INFO - DAG(s) dict_keys(['example_complex']) retrieved from /home/airflow/.local/lib/python3.7/site-packages/airflow/example_dags/example_complex.py
[2022-05-07 13:50:53,417] {logging_mixin.py:109} INFO - [2022-05-07 13:50:53,417] {dag.py:2398} INFO - Sync 1 DAGs
[2022-05-07 13:50:53,449] {logging_mixin.py:109} INFO - [2022-05-07 13:50:53,449] {dag.py:2937} INFO - Setting next_dagrun for example_complex to None
[2022-05-07 13:50:53,470] {processor.py:171} INFO - Processing /home/airflow/.local/lib/python3.7/site-packages/airflow/example_dags/example_complex.py took 0.182 seconds
[2022-05-07 13:51:24,090] {processor.py:163} INFO - Started process (PID=1879) to work on /home/airflow/.local/lib/python3.7/site-packages/airflow/example_dags/example_complex.py
[2022-05-07 13:51:24,094] {processor.py:642} INFO - Processing file /home/airflow/.local/lib/python3.7/site-packages/airflow/example_dags/example_complex.py for tasks to queue
[2022-05-07 13:51:24,097] {logging_mixin.py:109} INFO - [2022-05-07 13:51:24,097] {dagbag.py:500} INFO - Filling up the DagBag from /home/airflow/.local/lib/python3.7/site-packages/airflow/example_dags/example_complex.py
[2022-05-07 13:51:24,139] {processor.py:652} INFO - DAG(s) dict_keys(['example_complex']) retrieved from /home/airflow/.local/lib/python3.7/site-packages/airflow/example_dags/example_complex.py
[2022-05-07 13:51:24,205] {logging_mixin.py:109} INFO - [2022-05-07 13:51:24,204] {dag.py:2398} INFO - Sync 1 DAGs
[2022-05-07 13:51:24,230] {logging_mixin.py:109} INFO - [2022-05-07 13:51:24,229] {dag.py:2937} INFO - Setting next_dagrun for example_complex to None
[2022-05-07 13:51:24,247] {processor.py:171} INFO - Processing /home/airflow/.local/lib/python3.7/site-packages/airflow/example_dags/example_complex.py took 0.163 seconds
[2022-05-07 13:51:54,388] {processor.py:163} INFO - Started process (PID=1931) to work on /home/airflow/.local/lib/python3.7/site-packages/airflow/example_dags/example_complex.py
[2022-05-07 13:51:54,392] {processor.py:642} INFO - Processing file /home/airflow/.local/lib/python3.7/site-packages/airflow/example_dags/example_complex.py for tasks to queue
[2022-05-07 13:51:54,395] {logging_mixin.py:109} INFO - [2022-05-07 13:51:54,395] {dagbag.py:500} INFO - Filling up the DagBag from /home/airflow/.local/lib/python3.7/site-packages/airflow/example_dags/example_complex.py
[2022-05-07 13:51:54,453] {processor.py:652} INFO - DAG(s) dict_keys(['example_complex']) retrieved from /home/airflow/.local/lib/python3.7/site-packages/airflow/example_dags/example_complex.py
[2022-05-07 13:51:54,555] {logging_mixin.py:109} INFO - [2022-05-07 13:51:54,554] {dag.py:2398} INFO - Sync 1 DAGs
[2022-05-07 13:51:54,600] {logging_mixin.py:109} INFO - [2022-05-07 13:51:54,600] {dag.py:2937} INFO - Setting next_dagrun for example_complex to None
[2022-05-07 13:51:54,639] {processor.py:171} INFO - Processing /home/airflow/.local/lib/python3.7/site-packages/airflow/example_dags/example_complex.py took 0.259 seconds
[2022-05-07 13:52:24,883] {processor.py:163} INFO - Started process (PID=1985) to work on /home/airflow/.local/lib/python3.7/site-packages/airflow/example_dags/example_complex.py
[2022-05-07 13:52:24,887] {processor.py:642} INFO - Processing file /home/airflow/.local/lib/python3.7/site-packages/airflow/example_dags/example_complex.py for tasks to queue
[2022-05-07 13:52:24,889] {logging_mixin.py:109} INFO - [2022-05-07 13:52:24,889] {dagbag.py:500} INFO - Filling up the DagBag from /home/airflow/.local/lib/python3.7/site-packages/airflow/example_dags/example_complex.py
[2022-05-07 13:52:24,947] {processor.py:652} INFO - DAG(s) dict_keys(['example_complex']) retrieved from /home/airflow/.local/lib/python3.7/site-packages/airflow/example_dags/example_complex.py
[2022-05-07 13:52:25,045] {logging_mixin.py:109} INFO - [2022-05-07 13:52:25,045] {dag.py:2398} INFO - Sync 1 DAGs
[2022-05-07 13:52:25,114] {logging_mixin.py:109} INFO - [2022-05-07 13:52:25,114] {dag.py:2937} INFO - Setting next_dagrun for example_complex to None
[2022-05-07 13:52:25,154] {processor.py:171} INFO - Processing /home/airflow/.local/lib/python3.7/site-packages/airflow/example_dags/example_complex.py took 0.278 seconds
[2022-05-07 13:52:55,815] {processor.py:163} INFO - Started process (PID=2050) to work on /home/airflow/.local/lib/python3.7/site-packages/airflow/example_dags/example_complex.py
[2022-05-07 13:52:55,819] {processor.py:642} INFO - Processing file /home/airflow/.local/lib/python3.7/site-packages/airflow/example_dags/example_complex.py for tasks to queue
[2022-05-07 13:52:55,820] {logging_mixin.py:109} INFO - [2022-05-07 13:52:55,820] {dagbag.py:500} INFO - Filling up the DagBag from /home/airflow/.local/lib/python3.7/site-packages/airflow/example_dags/example_complex.py
[2022-05-07 13:52:55,856] {processor.py:652} INFO - DAG(s) dict_keys(['example_complex']) retrieved from /home/airflow/.local/lib/python3.7/site-packages/airflow/example_dags/example_complex.py
[2022-05-07 13:52:55,911] {logging_mixin.py:109} INFO - [2022-05-07 13:52:55,911] {dag.py:2398} INFO - Sync 1 DAGs
[2022-05-07 13:52:55,938] {logging_mixin.py:109} INFO - [2022-05-07 13:52:55,937] {dag.py:2937} INFO - Setting next_dagrun for example_complex to None
[2022-05-07 13:52:55,958] {processor.py:171} INFO - Processing /home/airflow/.local/lib/python3.7/site-packages/airflow/example_dags/example_complex.py took 0.148 seconds
[2022-05-07 13:53:26,319] {processor.py:163} INFO - Started process (PID=2104) to work on /home/airflow/.local/lib/python3.7/site-packages/airflow/example_dags/example_complex.py
[2022-05-07 13:53:26,322] {processor.py:642} INFO - Processing file /home/airflow/.local/lib/python3.7/site-packages/airflow/example_dags/example_complex.py for tasks to queue
[2022-05-07 13:53:26,324] {logging_mixin.py:109} INFO - [2022-05-07 13:53:26,324] {dagbag.py:500} INFO - Filling up the DagBag from /home/airflow/.local/lib/python3.7/site-packages/airflow/example_dags/example_complex.py
[2022-05-07 13:53:26,359] {processor.py:652} INFO - DAG(s) dict_keys(['example_complex']) retrieved from /home/airflow/.local/lib/python3.7/site-packages/airflow/example_dags/example_complex.py
[2022-05-07 13:53:26,403] {logging_mixin.py:109} INFO - [2022-05-07 13:53:26,403] {dag.py:2398} INFO - Sync 1 DAGs
[2022-05-07 13:53:26,426] {logging_mixin.py:109} INFO - [2022-05-07 13:53:26,425] {dag.py:2937} INFO - Setting next_dagrun for example_complex to None
[2022-05-07 13:53:26,442] {processor.py:171} INFO - Processing /home/airflow/.local/lib/python3.7/site-packages/airflow/example_dags/example_complex.py took 0.128 seconds
[2022-05-07 13:53:56,515] {processor.py:163} INFO - Started process (PID=2159) to work on /home/airflow/.local/lib/python3.7/site-packages/airflow/example_dags/example_complex.py
[2022-05-07 13:53:56,524] {processor.py:642} INFO - Processing file /home/airflow/.local/lib/python3.7/site-packages/airflow/example_dags/example_complex.py for tasks to queue
[2022-05-07 13:53:56,528] {logging_mixin.py:109} INFO - [2022-05-07 13:53:56,528] {dagbag.py:500} INFO - Filling up the DagBag from /home/airflow/.local/lib/python3.7/site-packages/airflow/example_dags/example_complex.py
[2022-05-07 13:53:56,569] {processor.py:652} INFO - DAG(s) dict_keys(['example_complex']) retrieved from /home/airflow/.local/lib/python3.7/site-packages/airflow/example_dags/example_complex.py
[2022-05-07 13:53:56,614] {logging_mixin.py:109} INFO - [2022-05-07 13:53:56,614] {dag.py:2398} INFO - Sync 1 DAGs
[2022-05-07 13:53:56,641] {logging_mixin.py:109} INFO - [2022-05-07 13:53:56,641] {dag.py:2937} INFO - Setting next_dagrun for example_complex to None
[2022-05-07 13:53:56,665] {processor.py:171} INFO - Processing /home/airflow/.local/lib/python3.7/site-packages/airflow/example_dags/example_complex.py took 0.162 seconds
[2022-05-07 13:54:26,904] {processor.py:163} INFO - Started process (PID=2211) to work on /home/airflow/.local/lib/python3.7/site-packages/airflow/example_dags/example_complex.py
[2022-05-07 13:54:26,907] {processor.py:642} INFO - Processing file /home/airflow/.local/lib/python3.7/site-packages/airflow/example_dags/example_complex.py for tasks to queue
[2022-05-07 13:54:26,909] {logging_mixin.py:109} INFO - [2022-05-07 13:54:26,909] {dagbag.py:500} INFO - Filling up the DagBag from /home/airflow/.local/lib/python3.7/site-packages/airflow/example_dags/example_complex.py
[2022-05-07 13:54:26,944] {processor.py:652} INFO - DAG(s) dict_keys(['example_complex']) retrieved from /home/airflow/.local/lib/python3.7/site-packages/airflow/example_dags/example_complex.py
[2022-05-07 13:54:26,990] {logging_mixin.py:109} INFO - [2022-05-07 13:54:26,990] {dag.py:2398} INFO - Sync 1 DAGs
[2022-05-07 13:54:27,013] {logging_mixin.py:109} INFO - [2022-05-07 13:54:27,013] {dag.py:2937} INFO - Setting next_dagrun for example_complex to None
[2022-05-07 13:54:27,029] {processor.py:171} INFO - Processing /home/airflow/.local/lib/python3.7/site-packages/airflow/example_dags/example_complex.py took 0.132 seconds
[2022-05-07 13:54:57,509] {processor.py:163} INFO - Started process (PID=2273) to work on /home/airflow/.local/lib/python3.7/site-packages/airflow/example_dags/example_complex.py
[2022-05-07 13:54:57,513] {processor.py:642} INFO - Processing file /home/airflow/.local/lib/python3.7/site-packages/airflow/example_dags/example_complex.py for tasks to queue
[2022-05-07 13:54:57,515] {logging_mixin.py:109} INFO - [2022-05-07 13:54:57,514] {dagbag.py:500} INFO - Filling up the DagBag from /home/airflow/.local/lib/python3.7/site-packages/airflow/example_dags/example_complex.py
[2022-05-07 13:54:57,551] {processor.py:652} INFO - DAG(s) dict_keys(['example_complex']) retrieved from /home/airflow/.local/lib/python3.7/site-packages/airflow/example_dags/example_complex.py
[2022-05-07 13:54:57,603] {logging_mixin.py:109} INFO - [2022-05-07 13:54:57,603] {dag.py:2398} INFO - Sync 1 DAGs
[2022-05-07 13:54:57,633] {logging_mixin.py:109} INFO - [2022-05-07 13:54:57,632] {dag.py:2937} INFO - Setting next_dagrun for example_complex to None
[2022-05-07 13:54:57,659] {processor.py:171} INFO - Processing /home/airflow/.local/lib/python3.7/site-packages/airflow/example_dags/example_complex.py took 0.157 seconds
[2022-05-07 13:55:27,840] {processor.py:163} INFO - Started process (PID=2325) to work on /home/airflow/.local/lib/python3.7/site-packages/airflow/example_dags/example_complex.py
[2022-05-07 13:55:27,846] {processor.py:642} INFO - Processing file /home/airflow/.local/lib/python3.7/site-packages/airflow/example_dags/example_complex.py for tasks to queue
[2022-05-07 13:55:27,849] {logging_mixin.py:109} INFO - [2022-05-07 13:55:27,848] {dagbag.py:500} INFO - Filling up the DagBag from /home/airflow/.local/lib/python3.7/site-packages/airflow/example_dags/example_complex.py
[2022-05-07 13:55:27,888] {processor.py:652} INFO - DAG(s) dict_keys(['example_complex']) retrieved from /home/airflow/.local/lib/python3.7/site-packages/airflow/example_dags/example_complex.py
[2022-05-07 13:55:27,938] {logging_mixin.py:109} INFO - [2022-05-07 13:55:27,937] {dag.py:2398} INFO - Sync 1 DAGs
[2022-05-07 13:55:27,963] {logging_mixin.py:109} INFO - [2022-05-07 13:55:27,963] {dag.py:2937} INFO - Setting next_dagrun for example_complex to None
[2022-05-07 13:55:27,984] {processor.py:171} INFO - Processing /home/airflow/.local/lib/python3.7/site-packages/airflow/example_dags/example_complex.py took 0.151 seconds
[2022-05-07 13:55:58,269] {processor.py:163} INFO - Started process (PID=2378) to work on /home/airflow/.local/lib/python3.7/site-packages/airflow/example_dags/example_complex.py
[2022-05-07 13:55:58,273] {processor.py:642} INFO - Processing file /home/airflow/.local/lib/python3.7/site-packages/airflow/example_dags/example_complex.py for tasks to queue
[2022-05-07 13:55:58,276] {logging_mixin.py:109} INFO - [2022-05-07 13:55:58,275] {dagbag.py:500} INFO - Filling up the DagBag from /home/airflow/.local/lib/python3.7/site-packages/airflow/example_dags/example_complex.py
[2022-05-07 13:55:58,373] {processor.py:652} INFO - DAG(s) dict_keys(['example_complex']) retrieved from /home/airflow/.local/lib/python3.7/site-packages/airflow/example_dags/example_complex.py
[2022-05-07 13:55:58,475] {logging_mixin.py:109} INFO - [2022-05-07 13:55:58,475] {dag.py:2398} INFO - Sync 1 DAGs
[2022-05-07 13:55:58,522] {logging_mixin.py:109} INFO - [2022-05-07 13:55:58,522] {dag.py:2937} INFO - Setting next_dagrun for example_complex to None
[2022-05-07 13:55:58,550] {processor.py:171} INFO - Processing /home/airflow/.local/lib/python3.7/site-packages/airflow/example_dags/example_complex.py took 0.290 seconds
[2022-05-07 13:56:28,603] {processor.py:163} INFO - Started process (PID=2429) to work on /home/airflow/.local/lib/python3.7/site-packages/airflow/example_dags/example_complex.py
[2022-05-07 13:56:28,608] {processor.py:642} INFO - Processing file /home/airflow/.local/lib/python3.7/site-packages/airflow/example_dags/example_complex.py for tasks to queue
[2022-05-07 13:56:28,609] {logging_mixin.py:109} INFO - [2022-05-07 13:56:28,609] {dagbag.py:500} INFO - Filling up the DagBag from /home/airflow/.local/lib/python3.7/site-packages/airflow/example_dags/example_complex.py
[2022-05-07 13:56:28,644] {processor.py:652} INFO - DAG(s) dict_keys(['example_complex']) retrieved from /home/airflow/.local/lib/python3.7/site-packages/airflow/example_dags/example_complex.py
[2022-05-07 13:56:28,687] {logging_mixin.py:109} INFO - [2022-05-07 13:56:28,687] {dag.py:2398} INFO - Sync 1 DAGs
[2022-05-07 13:56:28,709] {logging_mixin.py:109} INFO - [2022-05-07 13:56:28,709] {dag.py:2937} INFO - Setting next_dagrun for example_complex to None
[2022-05-07 13:56:28,730] {processor.py:171} INFO - Processing /home/airflow/.local/lib/python3.7/site-packages/airflow/example_dags/example_complex.py took 0.132 seconds
[2022-05-07 13:56:59,007] {processor.py:163} INFO - Started process (PID=2491) to work on /home/airflow/.local/lib/python3.7/site-packages/airflow/example_dags/example_complex.py
[2022-05-07 13:56:59,011] {processor.py:642} INFO - Processing file /home/airflow/.local/lib/python3.7/site-packages/airflow/example_dags/example_complex.py for tasks to queue
[2022-05-07 13:56:59,014] {logging_mixin.py:109} INFO - [2022-05-07 13:56:59,014] {dagbag.py:500} INFO - Filling up the DagBag from /home/airflow/.local/lib/python3.7/site-packages/airflow/example_dags/example_complex.py
[2022-05-07 13:56:59,056] {processor.py:652} INFO - DAG(s) dict_keys(['example_complex']) retrieved from /home/airflow/.local/lib/python3.7/site-packages/airflow/example_dags/example_complex.py
[2022-05-07 13:56:59,146] {logging_mixin.py:109} INFO - [2022-05-07 13:56:59,145] {dag.py:2398} INFO - Sync 1 DAGs
[2022-05-07 13:56:59,197] {logging_mixin.py:109} INFO - [2022-05-07 13:56:59,197] {dag.py:2937} INFO - Setting next_dagrun for example_complex to None
[2022-05-07 13:56:59,226] {processor.py:171} INFO - Processing /home/airflow/.local/lib/python3.7/site-packages/airflow/example_dags/example_complex.py took 0.227 seconds
[2022-05-07 13:57:29,618] {processor.py:163} INFO - Started process (PID=2543) to work on /home/airflow/.local/lib/python3.7/site-packages/airflow/example_dags/example_complex.py
[2022-05-07 13:57:29,622] {processor.py:642} INFO - Processing file /home/airflow/.local/lib/python3.7/site-packages/airflow/example_dags/example_complex.py for tasks to queue
[2022-05-07 13:57:29,626] {logging_mixin.py:109} INFO - [2022-05-07 13:57:29,625] {dagbag.py:500} INFO - Filling up the DagBag from /home/airflow/.local/lib/python3.7/site-packages/airflow/example_dags/example_complex.py
[2022-05-07 13:57:29,661] {processor.py:652} INFO - DAG(s) dict_keys(['example_complex']) retrieved from /home/airflow/.local/lib/python3.7/site-packages/airflow/example_dags/example_complex.py
[2022-05-07 13:57:29,713] {logging_mixin.py:109} INFO - [2022-05-07 13:57:29,713] {dag.py:2398} INFO - Sync 1 DAGs
[2022-05-07 13:57:29,743] {logging_mixin.py:109} INFO - [2022-05-07 13:57:29,743] {dag.py:2937} INFO - Setting next_dagrun for example_complex to None
[2022-05-07 13:57:29,765] {processor.py:171} INFO - Processing /home/airflow/.local/lib/python3.7/site-packages/airflow/example_dags/example_complex.py took 0.154 seconds
