[2022-05-07 13:33:31,505] {processor.py:163} INFO - Started process (PID=69) to work on /home/airflow/.local/lib/python3.7/site-packages/airflow/example_dags/example_branch_day_of_week_operator.py
[2022-05-07 13:33:31,517] {processor.py:642} INFO - Processing file /home/airflow/.local/lib/python3.7/site-packages/airflow/example_dags/example_branch_day_of_week_operator.py for tasks to queue
[2022-05-07 13:33:31,524] {logging_mixin.py:109} INFO - [2022-05-07 13:33:31,521] {dagbag.py:500} INFO - Filling up the DagBag from /home/airflow/.local/lib/python3.7/site-packages/airflow/example_dags/example_branch_day_of_week_operator.py
[2022-05-07 13:33:31,594] {processor.py:652} INFO - DAG(s) dict_keys(['example_weekday_branch_operator']) retrieved from /home/airflow/.local/lib/python3.7/site-packages/airflow/example_dags/example_branch_day_of_week_operator.py
[2022-05-07 13:33:35,427] {logging_mixin.py:109} INFO - [2022-05-07 13:33:35,427] {manager.py:496} INFO - Created Permission View: can edit on DAG:example_weekday_branch_operator
[2022-05-07 13:33:35,453] {logging_mixin.py:109} INFO - [2022-05-07 13:33:35,452] {manager.py:496} INFO - Created Permission View: can read on DAG:example_weekday_branch_operator
[2022-05-07 13:33:35,456] {logging_mixin.py:109} INFO - [2022-05-07 13:33:35,455] {dag.py:2398} INFO - Sync 1 DAGs
[2022-05-07 13:33:35,478] {logging_mixin.py:109} INFO - [2022-05-07 13:33:35,478] {dag.py:2417} INFO - Creating ORM DAG for example_weekday_branch_operator
[2022-05-07 13:33:35,505] {logging_mixin.py:109} INFO - [2022-05-07 13:33:35,505] {dag.py:2937} INFO - Setting next_dagrun for example_weekday_branch_operator to 2022-05-06 00:00:00+00:00
[2022-05-07 13:33:35,556] {processor.py:171} INFO - Processing /home/airflow/.local/lib/python3.7/site-packages/airflow/example_dags/example_branch_day_of_week_operator.py took 4.065 seconds
[2022-05-07 13:34:36,814] {processor.py:163} INFO - Started process (PID=252) to work on /home/airflow/.local/lib/python3.7/site-packages/airflow/example_dags/example_branch_day_of_week_operator.py
[2022-05-07 13:34:36,826] {processor.py:642} INFO - Processing file /home/airflow/.local/lib/python3.7/site-packages/airflow/example_dags/example_branch_day_of_week_operator.py for tasks to queue
[2022-05-07 13:34:36,849] {logging_mixin.py:109} INFO - [2022-05-07 13:34:36,849] {dagbag.py:500} INFO - Filling up the DagBag from /home/airflow/.local/lib/python3.7/site-packages/airflow/example_dags/example_branch_day_of_week_operator.py
[2022-05-07 13:34:36,923] {processor.py:652} INFO - DAG(s) dict_keys(['example_weekday_branch_operator']) retrieved from /home/airflow/.local/lib/python3.7/site-packages/airflow/example_dags/example_branch_day_of_week_operator.py
[2022-05-07 13:34:36,989] {logging_mixin.py:109} INFO - [2022-05-07 13:34:36,987] {dag.py:2398} INFO - Sync 1 DAGs
[2022-05-07 13:34:37,030] {logging_mixin.py:109} INFO - [2022-05-07 13:34:37,030] {dag.py:2937} INFO - Setting next_dagrun for example_weekday_branch_operator to 2022-05-06 00:00:00+00:00
[2022-05-07 13:34:37,048] {processor.py:171} INFO - Processing /home/airflow/.local/lib/python3.7/site-packages/airflow/example_dags/example_branch_day_of_week_operator.py took 0.250 seconds
[2022-05-07 13:35:07,129] {processor.py:163} INFO - Started process (PID=304) to work on /home/airflow/.local/lib/python3.7/site-packages/airflow/example_dags/example_branch_day_of_week_operator.py
[2022-05-07 13:35:07,132] {processor.py:642} INFO - Processing file /home/airflow/.local/lib/python3.7/site-packages/airflow/example_dags/example_branch_day_of_week_operator.py for tasks to queue
[2022-05-07 13:35:07,135] {logging_mixin.py:109} INFO - [2022-05-07 13:35:07,135] {dagbag.py:500} INFO - Filling up the DagBag from /home/airflow/.local/lib/python3.7/site-packages/airflow/example_dags/example_branch_day_of_week_operator.py
[2022-05-07 13:35:07,160] {processor.py:652} INFO - DAG(s) dict_keys(['example_weekday_branch_operator']) retrieved from /home/airflow/.local/lib/python3.7/site-packages/airflow/example_dags/example_branch_day_of_week_operator.py
[2022-05-07 13:35:07,198] {logging_mixin.py:109} INFO - [2022-05-07 13:35:07,198] {dag.py:2398} INFO - Sync 1 DAGs
[2022-05-07 13:35:07,230] {logging_mixin.py:109} INFO - [2022-05-07 13:35:07,230] {dag.py:2937} INFO - Setting next_dagrun for example_weekday_branch_operator to 2022-05-06 00:00:00+00:00
[2022-05-07 13:35:07,251] {processor.py:171} INFO - Processing /home/airflow/.local/lib/python3.7/site-packages/airflow/example_dags/example_branch_day_of_week_operator.py took 0.127 seconds
[2022-05-07 13:35:37,428] {processor.py:163} INFO - Started process (PID=350) to work on /home/airflow/.local/lib/python3.7/site-packages/airflow/example_dags/example_branch_day_of_week_operator.py
[2022-05-07 13:35:37,440] {processor.py:642} INFO - Processing file /home/airflow/.local/lib/python3.7/site-packages/airflow/example_dags/example_branch_day_of_week_operator.py for tasks to queue
[2022-05-07 13:35:37,448] {logging_mixin.py:109} INFO - [2022-05-07 13:35:37,448] {dagbag.py:500} INFO - Filling up the DagBag from /home/airflow/.local/lib/python3.7/site-packages/airflow/example_dags/example_branch_day_of_week_operator.py
[2022-05-07 13:35:37,507] {processor.py:652} INFO - DAG(s) dict_keys(['example_weekday_branch_operator']) retrieved from /home/airflow/.local/lib/python3.7/site-packages/airflow/example_dags/example_branch_day_of_week_operator.py
[2022-05-07 13:35:37,576] {logging_mixin.py:109} INFO - [2022-05-07 13:35:37,575] {dag.py:2398} INFO - Sync 1 DAGs
[2022-05-07 13:35:37,668] {logging_mixin.py:109} INFO - [2022-05-07 13:35:37,666] {dag.py:2937} INFO - Setting next_dagrun for example_weekday_branch_operator to 2022-05-06 00:00:00+00:00
[2022-05-07 13:35:37,711] {processor.py:171} INFO - Processing /home/airflow/.local/lib/python3.7/site-packages/airflow/example_dags/example_branch_day_of_week_operator.py took 0.297 seconds
[2022-05-07 13:36:07,918] {processor.py:163} INFO - Started process (PID=400) to work on /home/airflow/.local/lib/python3.7/site-packages/airflow/example_dags/example_branch_day_of_week_operator.py
[2022-05-07 13:36:07,922] {processor.py:642} INFO - Processing file /home/airflow/.local/lib/python3.7/site-packages/airflow/example_dags/example_branch_day_of_week_operator.py for tasks to queue
[2022-05-07 13:36:07,926] {logging_mixin.py:109} INFO - [2022-05-07 13:36:07,925] {dagbag.py:500} INFO - Filling up the DagBag from /home/airflow/.local/lib/python3.7/site-packages/airflow/example_dags/example_branch_day_of_week_operator.py
[2022-05-07 13:36:07,967] {processor.py:652} INFO - DAG(s) dict_keys(['example_weekday_branch_operator']) retrieved from /home/airflow/.local/lib/python3.7/site-packages/airflow/example_dags/example_branch_day_of_week_operator.py
[2022-05-07 13:36:08,021] {logging_mixin.py:109} INFO - [2022-05-07 13:36:08,021] {dag.py:2398} INFO - Sync 1 DAGs
[2022-05-07 13:36:08,074] {logging_mixin.py:109} INFO - [2022-05-07 13:36:08,074] {dag.py:2937} INFO - Setting next_dagrun for example_weekday_branch_operator to 2022-05-06 00:00:00+00:00
[2022-05-07 13:36:08,109] {processor.py:171} INFO - Processing /home/airflow/.local/lib/python3.7/site-packages/airflow/example_dags/example_branch_day_of_week_operator.py took 0.202 seconds
[2022-05-07 13:36:38,708] {processor.py:163} INFO - Started process (PID=452) to work on /home/airflow/.local/lib/python3.7/site-packages/airflow/example_dags/example_branch_day_of_week_operator.py
[2022-05-07 13:36:38,761] {processor.py:642} INFO - Processing file /home/airflow/.local/lib/python3.7/site-packages/airflow/example_dags/example_branch_day_of_week_operator.py for tasks to queue
[2022-05-07 13:36:38,776] {logging_mixin.py:109} INFO - [2022-05-07 13:36:38,774] {dagbag.py:500} INFO - Filling up the DagBag from /home/airflow/.local/lib/python3.7/site-packages/airflow/example_dags/example_branch_day_of_week_operator.py
[2022-05-07 13:36:38,876] {processor.py:652} INFO - DAG(s) dict_keys(['example_weekday_branch_operator']) retrieved from /home/airflow/.local/lib/python3.7/site-packages/airflow/example_dags/example_branch_day_of_week_operator.py
[2022-05-07 13:36:38,997] {logging_mixin.py:109} INFO - [2022-05-07 13:36:38,997] {dag.py:2398} INFO - Sync 1 DAGs
[2022-05-07 13:36:39,192] {logging_mixin.py:109} INFO - [2022-05-07 13:36:39,191] {dag.py:2937} INFO - Setting next_dagrun for example_weekday_branch_operator to 2022-05-06 00:00:00+00:00
[2022-05-07 13:36:39,349] {processor.py:171} INFO - Processing /home/airflow/.local/lib/python3.7/site-packages/airflow/example_dags/example_branch_day_of_week_operator.py took 0.669 seconds
[2022-05-07 13:37:09,952] {processor.py:163} INFO - Started process (PID=503) to work on /home/airflow/.local/lib/python3.7/site-packages/airflow/example_dags/example_branch_day_of_week_operator.py
[2022-05-07 13:37:09,958] {processor.py:642} INFO - Processing file /home/airflow/.local/lib/python3.7/site-packages/airflow/example_dags/example_branch_day_of_week_operator.py for tasks to queue
[2022-05-07 13:37:09,962] {logging_mixin.py:109} INFO - [2022-05-07 13:37:09,962] {dagbag.py:500} INFO - Filling up the DagBag from /home/airflow/.local/lib/python3.7/site-packages/airflow/example_dags/example_branch_day_of_week_operator.py
[2022-05-07 13:37:09,991] {processor.py:652} INFO - DAG(s) dict_keys(['example_weekday_branch_operator']) retrieved from /home/airflow/.local/lib/python3.7/site-packages/airflow/example_dags/example_branch_day_of_week_operator.py
[2022-05-07 13:37:10,032] {logging_mixin.py:109} INFO - [2022-05-07 13:37:10,032] {dag.py:2398} INFO - Sync 1 DAGs
[2022-05-07 13:37:10,063] {logging_mixin.py:109} INFO - [2022-05-07 13:37:10,063] {dag.py:2937} INFO - Setting next_dagrun for example_weekday_branch_operator to 2022-05-06 00:00:00+00:00
[2022-05-07 13:37:10,080] {processor.py:171} INFO - Processing /home/airflow/.local/lib/python3.7/site-packages/airflow/example_dags/example_branch_day_of_week_operator.py took 0.135 seconds
[2022-05-07 13:37:40,188] {processor.py:163} INFO - Started process (PID=557) to work on /home/airflow/.local/lib/python3.7/site-packages/airflow/example_dags/example_branch_day_of_week_operator.py
[2022-05-07 13:37:40,191] {processor.py:642} INFO - Processing file /home/airflow/.local/lib/python3.7/site-packages/airflow/example_dags/example_branch_day_of_week_operator.py for tasks to queue
[2022-05-07 13:37:40,193] {logging_mixin.py:109} INFO - [2022-05-07 13:37:40,193] {dagbag.py:500} INFO - Filling up the DagBag from /home/airflow/.local/lib/python3.7/site-packages/airflow/example_dags/example_branch_day_of_week_operator.py
[2022-05-07 13:37:40,219] {processor.py:652} INFO - DAG(s) dict_keys(['example_weekday_branch_operator']) retrieved from /home/airflow/.local/lib/python3.7/site-packages/airflow/example_dags/example_branch_day_of_week_operator.py
[2022-05-07 13:37:40,257] {logging_mixin.py:109} INFO - [2022-05-07 13:37:40,257] {dag.py:2398} INFO - Sync 1 DAGs
[2022-05-07 13:37:40,286] {logging_mixin.py:109} INFO - [2022-05-07 13:37:40,285] {dag.py:2937} INFO - Setting next_dagrun for example_weekday_branch_operator to 2022-05-06 00:00:00+00:00
[2022-05-07 13:37:40,300] {processor.py:171} INFO - Processing /home/airflow/.local/lib/python3.7/site-packages/airflow/example_dags/example_branch_day_of_week_operator.py took 0.117 seconds
[2022-05-07 13:38:10,729] {processor.py:163} INFO - Started process (PID=609) to work on /home/airflow/.local/lib/python3.7/site-packages/airflow/example_dags/example_branch_day_of_week_operator.py
[2022-05-07 13:38:10,742] {processor.py:642} INFO - Processing file /home/airflow/.local/lib/python3.7/site-packages/airflow/example_dags/example_branch_day_of_week_operator.py for tasks to queue
[2022-05-07 13:38:10,744] {logging_mixin.py:109} INFO - [2022-05-07 13:38:10,744] {dagbag.py:500} INFO - Filling up the DagBag from /home/airflow/.local/lib/python3.7/site-packages/airflow/example_dags/example_branch_day_of_week_operator.py
[2022-05-07 13:38:10,820] {processor.py:652} INFO - DAG(s) dict_keys(['example_weekday_branch_operator']) retrieved from /home/airflow/.local/lib/python3.7/site-packages/airflow/example_dags/example_branch_day_of_week_operator.py
[2022-05-07 13:38:10,936] {logging_mixin.py:109} INFO - [2022-05-07 13:38:10,933] {dag.py:2398} INFO - Sync 1 DAGs
[2022-05-07 13:38:11,047] {logging_mixin.py:109} INFO - [2022-05-07 13:38:11,047] {dag.py:2937} INFO - Setting next_dagrun for example_weekday_branch_operator to 2022-05-06 00:00:00+00:00
[2022-05-07 13:38:11,086] {processor.py:171} INFO - Processing /home/airflow/.local/lib/python3.7/site-packages/airflow/example_dags/example_branch_day_of_week_operator.py took 0.365 seconds
[2022-05-07 13:38:41,181] {processor.py:163} INFO - Started process (PID=661) to work on /home/airflow/.local/lib/python3.7/site-packages/airflow/example_dags/example_branch_day_of_week_operator.py
[2022-05-07 13:38:41,186] {processor.py:642} INFO - Processing file /home/airflow/.local/lib/python3.7/site-packages/airflow/example_dags/example_branch_day_of_week_operator.py for tasks to queue
[2022-05-07 13:38:41,188] {logging_mixin.py:109} INFO - [2022-05-07 13:38:41,188] {dagbag.py:500} INFO - Filling up the DagBag from /home/airflow/.local/lib/python3.7/site-packages/airflow/example_dags/example_branch_day_of_week_operator.py
[2022-05-07 13:38:41,225] {processor.py:652} INFO - DAG(s) dict_keys(['example_weekday_branch_operator']) retrieved from /home/airflow/.local/lib/python3.7/site-packages/airflow/example_dags/example_branch_day_of_week_operator.py
[2022-05-07 13:38:41,285] {logging_mixin.py:109} INFO - [2022-05-07 13:38:41,285] {dag.py:2398} INFO - Sync 1 DAGs
[2022-05-07 13:38:41,329] {logging_mixin.py:109} INFO - [2022-05-07 13:38:41,329] {dag.py:2937} INFO - Setting next_dagrun for example_weekday_branch_operator to 2022-05-06 00:00:00+00:00
[2022-05-07 13:38:41,363] {processor.py:171} INFO - Processing /home/airflow/.local/lib/python3.7/site-packages/airflow/example_dags/example_branch_day_of_week_operator.py took 0.189 seconds
[2022-05-07 13:39:11,670] {processor.py:163} INFO - Started process (PID=715) to work on /home/airflow/.local/lib/python3.7/site-packages/airflow/example_dags/example_branch_day_of_week_operator.py
[2022-05-07 13:39:11,673] {processor.py:642} INFO - Processing file /home/airflow/.local/lib/python3.7/site-packages/airflow/example_dags/example_branch_day_of_week_operator.py for tasks to queue
[2022-05-07 13:39:11,676] {logging_mixin.py:109} INFO - [2022-05-07 13:39:11,676] {dagbag.py:500} INFO - Filling up the DagBag from /home/airflow/.local/lib/python3.7/site-packages/airflow/example_dags/example_branch_day_of_week_operator.py
[2022-05-07 13:39:11,731] {processor.py:652} INFO - DAG(s) dict_keys(['example_weekday_branch_operator']) retrieved from /home/airflow/.local/lib/python3.7/site-packages/airflow/example_dags/example_branch_day_of_week_operator.py
[2022-05-07 13:39:11,785] {logging_mixin.py:109} INFO - [2022-05-07 13:39:11,785] {dag.py:2398} INFO - Sync 1 DAGs
[2022-05-07 13:39:11,821] {logging_mixin.py:109} INFO - [2022-05-07 13:39:11,821] {dag.py:2937} INFO - Setting next_dagrun for example_weekday_branch_operator to 2022-05-06 00:00:00+00:00
[2022-05-07 13:39:11,844] {processor.py:171} INFO - Processing /home/airflow/.local/lib/python3.7/site-packages/airflow/example_dags/example_branch_day_of_week_operator.py took 0.183 seconds
[2022-05-07 13:39:42,419] {processor.py:163} INFO - Started process (PID=766) to work on /home/airflow/.local/lib/python3.7/site-packages/airflow/example_dags/example_branch_day_of_week_operator.py
[2022-05-07 13:39:42,423] {processor.py:642} INFO - Processing file /home/airflow/.local/lib/python3.7/site-packages/airflow/example_dags/example_branch_day_of_week_operator.py for tasks to queue
[2022-05-07 13:39:42,425] {logging_mixin.py:109} INFO - [2022-05-07 13:39:42,425] {dagbag.py:500} INFO - Filling up the DagBag from /home/airflow/.local/lib/python3.7/site-packages/airflow/example_dags/example_branch_day_of_week_operator.py
[2022-05-07 13:39:42,456] {processor.py:652} INFO - DAG(s) dict_keys(['example_weekday_branch_operator']) retrieved from /home/airflow/.local/lib/python3.7/site-packages/airflow/example_dags/example_branch_day_of_week_operator.py
[2022-05-07 13:39:42,499] {logging_mixin.py:109} INFO - [2022-05-07 13:39:42,499] {dag.py:2398} INFO - Sync 1 DAGs
[2022-05-07 13:39:42,529] {logging_mixin.py:109} INFO - [2022-05-07 13:39:42,529] {dag.py:2937} INFO - Setting next_dagrun for example_weekday_branch_operator to 2022-05-06 00:00:00+00:00
[2022-05-07 13:39:42,565] {processor.py:171} INFO - Processing /home/airflow/.local/lib/python3.7/site-packages/airflow/example_dags/example_branch_day_of_week_operator.py took 0.152 seconds
[2022-05-07 13:40:12,756] {processor.py:163} INFO - Started process (PID=829) to work on /home/airflow/.local/lib/python3.7/site-packages/airflow/example_dags/example_branch_day_of_week_operator.py
[2022-05-07 13:40:12,759] {processor.py:642} INFO - Processing file /home/airflow/.local/lib/python3.7/site-packages/airflow/example_dags/example_branch_day_of_week_operator.py for tasks to queue
[2022-05-07 13:40:12,761] {logging_mixin.py:109} INFO - [2022-05-07 13:40:12,761] {dagbag.py:500} INFO - Filling up the DagBag from /home/airflow/.local/lib/python3.7/site-packages/airflow/example_dags/example_branch_day_of_week_operator.py
[2022-05-07 13:40:12,791] {processor.py:652} INFO - DAG(s) dict_keys(['example_weekday_branch_operator']) retrieved from /home/airflow/.local/lib/python3.7/site-packages/airflow/example_dags/example_branch_day_of_week_operator.py
[2022-05-07 13:40:12,838] {logging_mixin.py:109} INFO - [2022-05-07 13:40:12,838] {dag.py:2398} INFO - Sync 1 DAGs
[2022-05-07 13:40:12,887] {logging_mixin.py:109} INFO - [2022-05-07 13:40:12,887] {dag.py:2937} INFO - Setting next_dagrun for example_weekday_branch_operator to 2022-05-06 00:00:00+00:00
[2022-05-07 13:40:12,921] {processor.py:171} INFO - Processing /home/airflow/.local/lib/python3.7/site-packages/airflow/example_dags/example_branch_day_of_week_operator.py took 0.171 seconds
[2022-05-07 13:40:43,153] {processor.py:163} INFO - Started process (PID=883) to work on /home/airflow/.local/lib/python3.7/site-packages/airflow/example_dags/example_branch_day_of_week_operator.py
[2022-05-07 13:40:43,156] {processor.py:642} INFO - Processing file /home/airflow/.local/lib/python3.7/site-packages/airflow/example_dags/example_branch_day_of_week_operator.py for tasks to queue
[2022-05-07 13:40:43,159] {logging_mixin.py:109} INFO - [2022-05-07 13:40:43,159] {dagbag.py:500} INFO - Filling up the DagBag from /home/airflow/.local/lib/python3.7/site-packages/airflow/example_dags/example_branch_day_of_week_operator.py
[2022-05-07 13:40:43,199] {processor.py:652} INFO - DAG(s) dict_keys(['example_weekday_branch_operator']) retrieved from /home/airflow/.local/lib/python3.7/site-packages/airflow/example_dags/example_branch_day_of_week_operator.py
[2022-05-07 13:40:43,250] {logging_mixin.py:109} INFO - [2022-05-07 13:40:43,250] {dag.py:2398} INFO - Sync 1 DAGs
[2022-05-07 13:40:43,300] {logging_mixin.py:109} INFO - [2022-05-07 13:40:43,300] {dag.py:2937} INFO - Setting next_dagrun for example_weekday_branch_operator to 2022-05-06 00:00:00+00:00
[2022-05-07 13:40:43,328] {processor.py:171} INFO - Processing /home/airflow/.local/lib/python3.7/site-packages/airflow/example_dags/example_branch_day_of_week_operator.py took 0.180 seconds
[2022-05-07 13:41:13,749] {processor.py:163} INFO - Started process (PID=934) to work on /home/airflow/.local/lib/python3.7/site-packages/airflow/example_dags/example_branch_day_of_week_operator.py
[2022-05-07 13:41:13,755] {processor.py:642} INFO - Processing file /home/airflow/.local/lib/python3.7/site-packages/airflow/example_dags/example_branch_day_of_week_operator.py for tasks to queue
[2022-05-07 13:41:13,760] {logging_mixin.py:109} INFO - [2022-05-07 13:41:13,759] {dagbag.py:500} INFO - Filling up the DagBag from /home/airflow/.local/lib/python3.7/site-packages/airflow/example_dags/example_branch_day_of_week_operator.py
[2022-05-07 13:41:13,804] {processor.py:652} INFO - DAG(s) dict_keys(['example_weekday_branch_operator']) retrieved from /home/airflow/.local/lib/python3.7/site-packages/airflow/example_dags/example_branch_day_of_week_operator.py
[2022-05-07 13:41:13,869] {logging_mixin.py:109} INFO - [2022-05-07 13:41:13,869] {dag.py:2398} INFO - Sync 1 DAGs
[2022-05-07 13:41:13,927] {logging_mixin.py:109} INFO - [2022-05-07 13:41:13,927] {dag.py:2937} INFO - Setting next_dagrun for example_weekday_branch_operator to 2022-05-06 00:00:00+00:00
[2022-05-07 13:41:13,967] {processor.py:171} INFO - Processing /home/airflow/.local/lib/python3.7/site-packages/airflow/example_dags/example_branch_day_of_week_operator.py took 0.227 seconds
[2022-05-07 13:41:44,276] {processor.py:163} INFO - Started process (PID=984) to work on /home/airflow/.local/lib/python3.7/site-packages/airflow/example_dags/example_branch_day_of_week_operator.py
[2022-05-07 13:41:44,286] {processor.py:642} INFO - Processing file /home/airflow/.local/lib/python3.7/site-packages/airflow/example_dags/example_branch_day_of_week_operator.py for tasks to queue
[2022-05-07 13:41:44,292] {logging_mixin.py:109} INFO - [2022-05-07 13:41:44,291] {dagbag.py:500} INFO - Filling up the DagBag from /home/airflow/.local/lib/python3.7/site-packages/airflow/example_dags/example_branch_day_of_week_operator.py
[2022-05-07 13:41:44,355] {processor.py:652} INFO - DAG(s) dict_keys(['example_weekday_branch_operator']) retrieved from /home/airflow/.local/lib/python3.7/site-packages/airflow/example_dags/example_branch_day_of_week_operator.py
[2022-05-07 13:41:44,546] {logging_mixin.py:109} INFO - [2022-05-07 13:41:44,546] {dag.py:2398} INFO - Sync 1 DAGs
[2022-05-07 13:41:44,684] {logging_mixin.py:109} INFO - [2022-05-07 13:41:44,684] {dag.py:2937} INFO - Setting next_dagrun for example_weekday_branch_operator to 2022-05-06 00:00:00+00:00
[2022-05-07 13:41:44,723] {processor.py:171} INFO - Processing /home/airflow/.local/lib/python3.7/site-packages/airflow/example_dags/example_branch_day_of_week_operator.py took 0.468 seconds
[2022-05-07 13:42:14,820] {processor.py:163} INFO - Started process (PID=1036) to work on /home/airflow/.local/lib/python3.7/site-packages/airflow/example_dags/example_branch_day_of_week_operator.py
[2022-05-07 13:42:14,825] {processor.py:642} INFO - Processing file /home/airflow/.local/lib/python3.7/site-packages/airflow/example_dags/example_branch_day_of_week_operator.py for tasks to queue
[2022-05-07 13:42:14,830] {logging_mixin.py:109} INFO - [2022-05-07 13:42:14,829] {dagbag.py:500} INFO - Filling up the DagBag from /home/airflow/.local/lib/python3.7/site-packages/airflow/example_dags/example_branch_day_of_week_operator.py
[2022-05-07 13:42:14,891] {processor.py:652} INFO - DAG(s) dict_keys(['example_weekday_branch_operator']) retrieved from /home/airflow/.local/lib/python3.7/site-packages/airflow/example_dags/example_branch_day_of_week_operator.py
[2022-05-07 13:42:14,968] {logging_mixin.py:109} INFO - [2022-05-07 13:42:14,968] {dag.py:2398} INFO - Sync 1 DAGs
[2022-05-07 13:42:15,023] {logging_mixin.py:109} INFO - [2022-05-07 13:42:15,022] {dag.py:2937} INFO - Setting next_dagrun for example_weekday_branch_operator to 2022-05-06 00:00:00+00:00
[2022-05-07 13:42:15,102] {processor.py:171} INFO - Processing /home/airflow/.local/lib/python3.7/site-packages/airflow/example_dags/example_branch_day_of_week_operator.py took 0.289 seconds
[2022-05-07 13:42:45,251] {processor.py:163} INFO - Started process (PID=1088) to work on /home/airflow/.local/lib/python3.7/site-packages/airflow/example_dags/example_branch_day_of_week_operator.py
[2022-05-07 13:42:45,254] {processor.py:642} INFO - Processing file /home/airflow/.local/lib/python3.7/site-packages/airflow/example_dags/example_branch_day_of_week_operator.py for tasks to queue
[2022-05-07 13:42:45,257] {logging_mixin.py:109} INFO - [2022-05-07 13:42:45,257] {dagbag.py:500} INFO - Filling up the DagBag from /home/airflow/.local/lib/python3.7/site-packages/airflow/example_dags/example_branch_day_of_week_operator.py
[2022-05-07 13:42:45,288] {processor.py:652} INFO - DAG(s) dict_keys(['example_weekday_branch_operator']) retrieved from /home/airflow/.local/lib/python3.7/site-packages/airflow/example_dags/example_branch_day_of_week_operator.py
[2022-05-07 13:42:45,340] {logging_mixin.py:109} INFO - [2022-05-07 13:42:45,340] {dag.py:2398} INFO - Sync 1 DAGs
[2022-05-07 13:42:45,371] {logging_mixin.py:109} INFO - [2022-05-07 13:42:45,371] {dag.py:2937} INFO - Setting next_dagrun for example_weekday_branch_operator to 2022-05-06 00:00:00+00:00
[2022-05-07 13:42:45,394] {processor.py:171} INFO - Processing /home/airflow/.local/lib/python3.7/site-packages/airflow/example_dags/example_branch_day_of_week_operator.py took 0.149 seconds
[2022-05-07 13:43:15,630] {processor.py:163} INFO - Started process (PID=1141) to work on /home/airflow/.local/lib/python3.7/site-packages/airflow/example_dags/example_branch_day_of_week_operator.py
[2022-05-07 13:43:15,653] {processor.py:642} INFO - Processing file /home/airflow/.local/lib/python3.7/site-packages/airflow/example_dags/example_branch_day_of_week_operator.py for tasks to queue
[2022-05-07 13:43:15,679] {logging_mixin.py:109} INFO - [2022-05-07 13:43:15,678] {dagbag.py:500} INFO - Filling up the DagBag from /home/airflow/.local/lib/python3.7/site-packages/airflow/example_dags/example_branch_day_of_week_operator.py
[2022-05-07 13:43:15,786] {processor.py:652} INFO - DAG(s) dict_keys(['example_weekday_branch_operator']) retrieved from /home/airflow/.local/lib/python3.7/site-packages/airflow/example_dags/example_branch_day_of_week_operator.py
[2022-05-07 13:43:15,887] {logging_mixin.py:109} INFO - [2022-05-07 13:43:15,887] {dag.py:2398} INFO - Sync 1 DAGs
[2022-05-07 13:43:16,054] {logging_mixin.py:109} INFO - [2022-05-07 13:43:16,053] {dag.py:2937} INFO - Setting next_dagrun for example_weekday_branch_operator to 2022-05-06 00:00:00+00:00
[2022-05-07 13:43:16,108] {processor.py:171} INFO - Processing /home/airflow/.local/lib/python3.7/site-packages/airflow/example_dags/example_branch_day_of_week_operator.py took 0.498 seconds
[2022-05-07 13:43:46,519] {processor.py:163} INFO - Started process (PID=1193) to work on /home/airflow/.local/lib/python3.7/site-packages/airflow/example_dags/example_branch_day_of_week_operator.py
[2022-05-07 13:43:46,538] {processor.py:642} INFO - Processing file /home/airflow/.local/lib/python3.7/site-packages/airflow/example_dags/example_branch_day_of_week_operator.py for tasks to queue
[2022-05-07 13:43:46,547] {logging_mixin.py:109} INFO - [2022-05-07 13:43:46,546] {dagbag.py:500} INFO - Filling up the DagBag from /home/airflow/.local/lib/python3.7/site-packages/airflow/example_dags/example_branch_day_of_week_operator.py
[2022-05-07 13:43:46,598] {processor.py:652} INFO - DAG(s) dict_keys(['example_weekday_branch_operator']) retrieved from /home/airflow/.local/lib/python3.7/site-packages/airflow/example_dags/example_branch_day_of_week_operator.py
[2022-05-07 13:43:46,697] {logging_mixin.py:109} INFO - [2022-05-07 13:43:46,697] {dag.py:2398} INFO - Sync 1 DAGs
[2022-05-07 13:43:46,799] {logging_mixin.py:109} INFO - [2022-05-07 13:43:46,799] {dag.py:2937} INFO - Setting next_dagrun for example_weekday_branch_operator to 2022-05-06 00:00:00+00:00
[2022-05-07 13:43:46,861] {processor.py:171} INFO - Processing /home/airflow/.local/lib/python3.7/site-packages/airflow/example_dags/example_branch_day_of_week_operator.py took 0.354 seconds
[2022-05-07 13:44:17,455] {processor.py:163} INFO - Started process (PID=1246) to work on /home/airflow/.local/lib/python3.7/site-packages/airflow/example_dags/example_branch_day_of_week_operator.py
[2022-05-07 13:44:17,473] {processor.py:642} INFO - Processing file /home/airflow/.local/lib/python3.7/site-packages/airflow/example_dags/example_branch_day_of_week_operator.py for tasks to queue
[2022-05-07 13:44:17,485] {logging_mixin.py:109} INFO - [2022-05-07 13:44:17,483] {dagbag.py:500} INFO - Filling up the DagBag from /home/airflow/.local/lib/python3.7/site-packages/airflow/example_dags/example_branch_day_of_week_operator.py
[2022-05-07 13:44:17,677] {processor.py:652} INFO - DAG(s) dict_keys(['example_weekday_branch_operator']) retrieved from /home/airflow/.local/lib/python3.7/site-packages/airflow/example_dags/example_branch_day_of_week_operator.py
[2022-05-07 13:44:17,786] {logging_mixin.py:109} INFO - [2022-05-07 13:44:17,785] {dag.py:2398} INFO - Sync 1 DAGs
[2022-05-07 13:44:18,092] {logging_mixin.py:109} INFO - [2022-05-07 13:44:18,092] {dag.py:2937} INFO - Setting next_dagrun for example_weekday_branch_operator to 2022-05-06 00:00:00+00:00
[2022-05-07 13:44:18,291] {processor.py:171} INFO - Processing /home/airflow/.local/lib/python3.7/site-packages/airflow/example_dags/example_branch_day_of_week_operator.py took 0.858 seconds
[2022-05-07 13:44:49,277] {processor.py:163} INFO - Started process (PID=1300) to work on /home/airflow/.local/lib/python3.7/site-packages/airflow/example_dags/example_branch_day_of_week_operator.py
[2022-05-07 13:44:49,283] {processor.py:642} INFO - Processing file /home/airflow/.local/lib/python3.7/site-packages/airflow/example_dags/example_branch_day_of_week_operator.py for tasks to queue
[2022-05-07 13:44:49,287] {logging_mixin.py:109} INFO - [2022-05-07 13:44:49,287] {dagbag.py:500} INFO - Filling up the DagBag from /home/airflow/.local/lib/python3.7/site-packages/airflow/example_dags/example_branch_day_of_week_operator.py
[2022-05-07 13:44:49,342] {processor.py:652} INFO - DAG(s) dict_keys(['example_weekday_branch_operator']) retrieved from /home/airflow/.local/lib/python3.7/site-packages/airflow/example_dags/example_branch_day_of_week_operator.py
[2022-05-07 13:44:49,424] {logging_mixin.py:109} INFO - [2022-05-07 13:44:49,424] {dag.py:2398} INFO - Sync 1 DAGs
[2022-05-07 13:44:49,462] {logging_mixin.py:109} INFO - [2022-05-07 13:44:49,461] {dag.py:2937} INFO - Setting next_dagrun for example_weekday_branch_operator to 2022-05-06 00:00:00+00:00
[2022-05-07 13:44:49,483] {processor.py:171} INFO - Processing /home/airflow/.local/lib/python3.7/site-packages/airflow/example_dags/example_branch_day_of_week_operator.py took 0.225 seconds
[2022-05-07 13:45:19,611] {processor.py:163} INFO - Started process (PID=1360) to work on /home/airflow/.local/lib/python3.7/site-packages/airflow/example_dags/example_branch_day_of_week_operator.py
[2022-05-07 13:45:19,613] {processor.py:642} INFO - Processing file /home/airflow/.local/lib/python3.7/site-packages/airflow/example_dags/example_branch_day_of_week_operator.py for tasks to queue
[2022-05-07 13:45:19,616] {logging_mixin.py:109} INFO - [2022-05-07 13:45:19,616] {dagbag.py:500} INFO - Filling up the DagBag from /home/airflow/.local/lib/python3.7/site-packages/airflow/example_dags/example_branch_day_of_week_operator.py
[2022-05-07 13:45:19,670] {processor.py:652} INFO - DAG(s) dict_keys(['example_weekday_branch_operator']) retrieved from /home/airflow/.local/lib/python3.7/site-packages/airflow/example_dags/example_branch_day_of_week_operator.py
[2022-05-07 13:45:19,715] {logging_mixin.py:109} INFO - [2022-05-07 13:45:19,714] {dag.py:2398} INFO - Sync 1 DAGs
[2022-05-07 13:45:19,764] {logging_mixin.py:109} INFO - [2022-05-07 13:45:19,764] {dag.py:2937} INFO - Setting next_dagrun for example_weekday_branch_operator to 2022-05-06 00:00:00+00:00
[2022-05-07 13:45:19,787] {processor.py:171} INFO - Processing /home/airflow/.local/lib/python3.7/site-packages/airflow/example_dags/example_branch_day_of_week_operator.py took 0.183 seconds
[2022-05-07 13:45:50,244] {processor.py:163} INFO - Started process (PID=1413) to work on /home/airflow/.local/lib/python3.7/site-packages/airflow/example_dags/example_branch_day_of_week_operator.py
[2022-05-07 13:45:50,247] {processor.py:642} INFO - Processing file /home/airflow/.local/lib/python3.7/site-packages/airflow/example_dags/example_branch_day_of_week_operator.py for tasks to queue
[2022-05-07 13:45:50,249] {logging_mixin.py:109} INFO - [2022-05-07 13:45:50,248] {dagbag.py:500} INFO - Filling up the DagBag from /home/airflow/.local/lib/python3.7/site-packages/airflow/example_dags/example_branch_day_of_week_operator.py
[2022-05-07 13:45:50,275] {processor.py:652} INFO - DAG(s) dict_keys(['example_weekday_branch_operator']) retrieved from /home/airflow/.local/lib/python3.7/site-packages/airflow/example_dags/example_branch_day_of_week_operator.py
[2022-05-07 13:45:50,313] {logging_mixin.py:109} INFO - [2022-05-07 13:45:50,313] {dag.py:2398} INFO - Sync 1 DAGs
[2022-05-07 13:45:50,341] {logging_mixin.py:109} INFO - [2022-05-07 13:45:50,341] {dag.py:2937} INFO - Setting next_dagrun for example_weekday_branch_operator to 2022-05-06 00:00:00+00:00
[2022-05-07 13:45:50,372] {processor.py:171} INFO - Processing /home/airflow/.local/lib/python3.7/site-packages/airflow/example_dags/example_branch_day_of_week_operator.py took 0.135 seconds
[2022-05-07 13:46:20,536] {processor.py:163} INFO - Started process (PID=1465) to work on /home/airflow/.local/lib/python3.7/site-packages/airflow/example_dags/example_branch_day_of_week_operator.py
[2022-05-07 13:46:20,541] {processor.py:642} INFO - Processing file /home/airflow/.local/lib/python3.7/site-packages/airflow/example_dags/example_branch_day_of_week_operator.py for tasks to queue
[2022-05-07 13:46:20,545] {logging_mixin.py:109} INFO - [2022-05-07 13:46:20,544] {dagbag.py:500} INFO - Filling up the DagBag from /home/airflow/.local/lib/python3.7/site-packages/airflow/example_dags/example_branch_day_of_week_operator.py
[2022-05-07 13:46:20,597] {processor.py:652} INFO - DAG(s) dict_keys(['example_weekday_branch_operator']) retrieved from /home/airflow/.local/lib/python3.7/site-packages/airflow/example_dags/example_branch_day_of_week_operator.py
[2022-05-07 13:46:20,653] {logging_mixin.py:109} INFO - [2022-05-07 13:46:20,653] {dag.py:2398} INFO - Sync 1 DAGs
[2022-05-07 13:46:20,691] {logging_mixin.py:109} INFO - [2022-05-07 13:46:20,691] {dag.py:2937} INFO - Setting next_dagrun for example_weekday_branch_operator to 2022-05-06 00:00:00+00:00
[2022-05-07 13:46:20,715] {processor.py:171} INFO - Processing /home/airflow/.local/lib/python3.7/site-packages/airflow/example_dags/example_branch_day_of_week_operator.py took 0.199 seconds
[2022-05-07 13:46:51,669] {processor.py:163} INFO - Started process (PID=1518) to work on /home/airflow/.local/lib/python3.7/site-packages/airflow/example_dags/example_branch_day_of_week_operator.py
[2022-05-07 13:46:51,673] {processor.py:642} INFO - Processing file /home/airflow/.local/lib/python3.7/site-packages/airflow/example_dags/example_branch_day_of_week_operator.py for tasks to queue
[2022-05-07 13:46:51,676] {logging_mixin.py:109} INFO - [2022-05-07 13:46:51,676] {dagbag.py:500} INFO - Filling up the DagBag from /home/airflow/.local/lib/python3.7/site-packages/airflow/example_dags/example_branch_day_of_week_operator.py
[2022-05-07 13:46:51,723] {processor.py:652} INFO - DAG(s) dict_keys(['example_weekday_branch_operator']) retrieved from /home/airflow/.local/lib/python3.7/site-packages/airflow/example_dags/example_branch_day_of_week_operator.py
[2022-05-07 13:46:51,769] {logging_mixin.py:109} INFO - [2022-05-07 13:46:51,769] {dag.py:2398} INFO - Sync 1 DAGs
[2022-05-07 13:46:51,805] {logging_mixin.py:109} INFO - [2022-05-07 13:46:51,805] {dag.py:2937} INFO - Setting next_dagrun for example_weekday_branch_operator to 2022-05-06 00:00:00+00:00
[2022-05-07 13:46:51,833] {processor.py:171} INFO - Processing /home/airflow/.local/lib/python3.7/site-packages/airflow/example_dags/example_branch_day_of_week_operator.py took 0.170 seconds
[2022-05-07 13:47:24,160] {processor.py:163} INFO - Started process (PID=1576) to work on /home/airflow/.local/lib/python3.7/site-packages/airflow/example_dags/example_branch_day_of_week_operator.py
[2022-05-07 13:47:24,200] {processor.py:642} INFO - Processing file /home/airflow/.local/lib/python3.7/site-packages/airflow/example_dags/example_branch_day_of_week_operator.py for tasks to queue
[2022-05-07 13:47:24,209] {logging_mixin.py:109} INFO - [2022-05-07 13:47:24,209] {dagbag.py:500} INFO - Filling up the DagBag from /home/airflow/.local/lib/python3.7/site-packages/airflow/example_dags/example_branch_day_of_week_operator.py
[2022-05-07 13:47:24,409] {processor.py:652} INFO - DAG(s) dict_keys(['example_weekday_branch_operator']) retrieved from /home/airflow/.local/lib/python3.7/site-packages/airflow/example_dags/example_branch_day_of_week_operator.py
[2022-05-07 13:47:24,655] {logging_mixin.py:109} INFO - [2022-05-07 13:47:24,654] {dag.py:2398} INFO - Sync 1 DAGs
[2022-05-07 13:47:24,901] {logging_mixin.py:109} INFO - [2022-05-07 13:47:24,901] {dag.py:2937} INFO - Setting next_dagrun for example_weekday_branch_operator to 2022-05-06 00:00:00+00:00
[2022-05-07 13:47:25,074] {processor.py:171} INFO - Processing /home/airflow/.local/lib/python3.7/site-packages/airflow/example_dags/example_branch_day_of_week_operator.py took 0.949 seconds
[2022-05-07 13:49:10,319] {processor.py:163} INFO - Started process (PID=1643) to work on /home/airflow/.local/lib/python3.7/site-packages/airflow/example_dags/example_branch_day_of_week_operator.py
[2022-05-07 13:49:10,336] {processor.py:642} INFO - Processing file /home/airflow/.local/lib/python3.7/site-packages/airflow/example_dags/example_branch_day_of_week_operator.py for tasks to queue
[2022-05-07 13:49:10,361] {logging_mixin.py:109} INFO - [2022-05-07 13:49:10,361] {dagbag.py:500} INFO - Filling up the DagBag from /home/airflow/.local/lib/python3.7/site-packages/airflow/example_dags/example_branch_day_of_week_operator.py
[2022-05-07 13:49:10,950] {processor.py:652} INFO - DAG(s) dict_keys(['example_weekday_branch_operator']) retrieved from /home/airflow/.local/lib/python3.7/site-packages/airflow/example_dags/example_branch_day_of_week_operator.py
[2022-05-07 13:49:11,178] {logging_mixin.py:109} INFO - [2022-05-07 13:49:11,178] {dag.py:2398} INFO - Sync 1 DAGs
[2022-05-07 13:49:11,467] {logging_mixin.py:109} INFO - [2022-05-07 13:49:11,466] {dag.py:2937} INFO - Setting next_dagrun for example_weekday_branch_operator to 2022-05-06 00:00:00+00:00
[2022-05-07 13:49:11,743] {processor.py:171} INFO - Processing /home/airflow/.local/lib/python3.7/site-packages/airflow/example_dags/example_branch_day_of_week_operator.py took 1.491 seconds
[2022-05-07 13:49:42,409] {processor.py:163} INFO - Started process (PID=1696) to work on /home/airflow/.local/lib/python3.7/site-packages/airflow/example_dags/example_branch_day_of_week_operator.py
[2022-05-07 13:49:42,413] {processor.py:642} INFO - Processing file /home/airflow/.local/lib/python3.7/site-packages/airflow/example_dags/example_branch_day_of_week_operator.py for tasks to queue
[2022-05-07 13:49:42,415] {logging_mixin.py:109} INFO - [2022-05-07 13:49:42,415] {dagbag.py:500} INFO - Filling up the DagBag from /home/airflow/.local/lib/python3.7/site-packages/airflow/example_dags/example_branch_day_of_week_operator.py
[2022-05-07 13:49:42,447] {processor.py:652} INFO - DAG(s) dict_keys(['example_weekday_branch_operator']) retrieved from /home/airflow/.local/lib/python3.7/site-packages/airflow/example_dags/example_branch_day_of_week_operator.py
[2022-05-07 13:49:42,487] {logging_mixin.py:109} INFO - [2022-05-07 13:49:42,487] {dag.py:2398} INFO - Sync 1 DAGs
[2022-05-07 13:49:42,516] {logging_mixin.py:109} INFO - [2022-05-07 13:49:42,516] {dag.py:2937} INFO - Setting next_dagrun for example_weekday_branch_operator to 2022-05-06 00:00:00+00:00
[2022-05-07 13:49:42,544] {processor.py:171} INFO - Processing /home/airflow/.local/lib/python3.7/site-packages/airflow/example_dags/example_branch_day_of_week_operator.py took 0.141 seconds
[2022-05-07 13:50:13,117] {processor.py:163} INFO - Started process (PID=1751) to work on /home/airflow/.local/lib/python3.7/site-packages/airflow/example_dags/example_branch_day_of_week_operator.py
[2022-05-07 13:50:13,120] {processor.py:642} INFO - Processing file /home/airflow/.local/lib/python3.7/site-packages/airflow/example_dags/example_branch_day_of_week_operator.py for tasks to queue
[2022-05-07 13:50:13,122] {logging_mixin.py:109} INFO - [2022-05-07 13:50:13,122] {dagbag.py:500} INFO - Filling up the DagBag from /home/airflow/.local/lib/python3.7/site-packages/airflow/example_dags/example_branch_day_of_week_operator.py
[2022-05-07 13:50:13,152] {processor.py:652} INFO - DAG(s) dict_keys(['example_weekday_branch_operator']) retrieved from /home/airflow/.local/lib/python3.7/site-packages/airflow/example_dags/example_branch_day_of_week_operator.py
[2022-05-07 13:50:13,204] {logging_mixin.py:109} INFO - [2022-05-07 13:50:13,204] {dag.py:2398} INFO - Sync 1 DAGs
[2022-05-07 13:50:13,230] {logging_mixin.py:109} INFO - [2022-05-07 13:50:13,229] {dag.py:2937} INFO - Setting next_dagrun for example_weekday_branch_operator to 2022-05-06 00:00:00+00:00
[2022-05-07 13:50:13,258] {processor.py:171} INFO - Processing /home/airflow/.local/lib/python3.7/site-packages/airflow/example_dags/example_branch_day_of_week_operator.py took 0.146 seconds
[2022-05-07 13:50:43,924] {processor.py:163} INFO - Started process (PID=1806) to work on /home/airflow/.local/lib/python3.7/site-packages/airflow/example_dags/example_branch_day_of_week_operator.py
[2022-05-07 13:50:43,932] {processor.py:642} INFO - Processing file /home/airflow/.local/lib/python3.7/site-packages/airflow/example_dags/example_branch_day_of_week_operator.py for tasks to queue
[2022-05-07 13:50:43,935] {logging_mixin.py:109} INFO - [2022-05-07 13:50:43,935] {dagbag.py:500} INFO - Filling up the DagBag from /home/airflow/.local/lib/python3.7/site-packages/airflow/example_dags/example_branch_day_of_week_operator.py
[2022-05-07 13:50:44,024] {processor.py:652} INFO - DAG(s) dict_keys(['example_weekday_branch_operator']) retrieved from /home/airflow/.local/lib/python3.7/site-packages/airflow/example_dags/example_branch_day_of_week_operator.py
[2022-05-07 13:50:44,272] {logging_mixin.py:109} INFO - [2022-05-07 13:50:44,272] {dag.py:2398} INFO - Sync 1 DAGs
[2022-05-07 13:50:44,415] {logging_mixin.py:109} INFO - [2022-05-07 13:50:44,414] {dag.py:2937} INFO - Setting next_dagrun for example_weekday_branch_operator to 2022-05-06 00:00:00+00:00
[2022-05-07 13:50:44,442] {processor.py:171} INFO - Processing /home/airflow/.local/lib/python3.7/site-packages/airflow/example_dags/example_branch_day_of_week_operator.py took 0.528 seconds
[2022-05-07 13:51:15,351] {processor.py:163} INFO - Started process (PID=1860) to work on /home/airflow/.local/lib/python3.7/site-packages/airflow/example_dags/example_branch_day_of_week_operator.py
[2022-05-07 13:51:15,356] {processor.py:642} INFO - Processing file /home/airflow/.local/lib/python3.7/site-packages/airflow/example_dags/example_branch_day_of_week_operator.py for tasks to queue
[2022-05-07 13:51:15,358] {logging_mixin.py:109} INFO - [2022-05-07 13:51:15,358] {dagbag.py:500} INFO - Filling up the DagBag from /home/airflow/.local/lib/python3.7/site-packages/airflow/example_dags/example_branch_day_of_week_operator.py
[2022-05-07 13:51:15,384] {processor.py:652} INFO - DAG(s) dict_keys(['example_weekday_branch_operator']) retrieved from /home/airflow/.local/lib/python3.7/site-packages/airflow/example_dags/example_branch_day_of_week_operator.py
[2022-05-07 13:51:15,418] {logging_mixin.py:109} INFO - [2022-05-07 13:51:15,418] {dag.py:2398} INFO - Sync 1 DAGs
[2022-05-07 13:51:15,444] {logging_mixin.py:109} INFO - [2022-05-07 13:51:15,444] {dag.py:2937} INFO - Setting next_dagrun for example_weekday_branch_operator to 2022-05-06 00:00:00+00:00
[2022-05-07 13:51:15,460] {processor.py:171} INFO - Processing /home/airflow/.local/lib/python3.7/site-packages/airflow/example_dags/example_branch_day_of_week_operator.py took 0.114 seconds
[2022-05-07 13:51:46,145] {processor.py:163} INFO - Started process (PID=1923) to work on /home/airflow/.local/lib/python3.7/site-packages/airflow/example_dags/example_branch_day_of_week_operator.py
[2022-05-07 13:51:46,149] {processor.py:642} INFO - Processing file /home/airflow/.local/lib/python3.7/site-packages/airflow/example_dags/example_branch_day_of_week_operator.py for tasks to queue
[2022-05-07 13:51:46,152] {logging_mixin.py:109} INFO - [2022-05-07 13:51:46,152] {dagbag.py:500} INFO - Filling up the DagBag from /home/airflow/.local/lib/python3.7/site-packages/airflow/example_dags/example_branch_day_of_week_operator.py
[2022-05-07 13:51:46,193] {processor.py:652} INFO - DAG(s) dict_keys(['example_weekday_branch_operator']) retrieved from /home/airflow/.local/lib/python3.7/site-packages/airflow/example_dags/example_branch_day_of_week_operator.py
[2022-05-07 13:51:46,245] {logging_mixin.py:109} INFO - [2022-05-07 13:51:46,245] {dag.py:2398} INFO - Sync 1 DAGs
[2022-05-07 13:51:46,272] {logging_mixin.py:109} INFO - [2022-05-07 13:51:46,271] {dag.py:2937} INFO - Setting next_dagrun for example_weekday_branch_operator to 2022-05-06 00:00:00+00:00
[2022-05-07 13:51:46,290] {processor.py:171} INFO - Processing /home/airflow/.local/lib/python3.7/site-packages/airflow/example_dags/example_branch_day_of_week_operator.py took 0.151 seconds
[2022-05-07 13:52:16,541] {processor.py:163} INFO - Started process (PID=1977) to work on /home/airflow/.local/lib/python3.7/site-packages/airflow/example_dags/example_branch_day_of_week_operator.py
[2022-05-07 13:52:16,546] {processor.py:642} INFO - Processing file /home/airflow/.local/lib/python3.7/site-packages/airflow/example_dags/example_branch_day_of_week_operator.py for tasks to queue
[2022-05-07 13:52:16,548] {logging_mixin.py:109} INFO - [2022-05-07 13:52:16,547] {dagbag.py:500} INFO - Filling up the DagBag from /home/airflow/.local/lib/python3.7/site-packages/airflow/example_dags/example_branch_day_of_week_operator.py
[2022-05-07 13:52:16,594] {processor.py:652} INFO - DAG(s) dict_keys(['example_weekday_branch_operator']) retrieved from /home/airflow/.local/lib/python3.7/site-packages/airflow/example_dags/example_branch_day_of_week_operator.py
[2022-05-07 13:52:16,657] {logging_mixin.py:109} INFO - [2022-05-07 13:52:16,656] {dag.py:2398} INFO - Sync 1 DAGs
[2022-05-07 13:52:16,718] {logging_mixin.py:109} INFO - [2022-05-07 13:52:16,718] {dag.py:2937} INFO - Setting next_dagrun for example_weekday_branch_operator to 2022-05-06 00:00:00+00:00
[2022-05-07 13:52:16,758] {processor.py:171} INFO - Processing /home/airflow/.local/lib/python3.7/site-packages/airflow/example_dags/example_branch_day_of_week_operator.py took 0.222 seconds
[2022-05-07 13:52:47,575] {processor.py:163} INFO - Started process (PID=2032) to work on /home/airflow/.local/lib/python3.7/site-packages/airflow/example_dags/example_branch_day_of_week_operator.py
[2022-05-07 13:52:47,578] {processor.py:642} INFO - Processing file /home/airflow/.local/lib/python3.7/site-packages/airflow/example_dags/example_branch_day_of_week_operator.py for tasks to queue
[2022-05-07 13:52:47,581] {logging_mixin.py:109} INFO - [2022-05-07 13:52:47,581] {dagbag.py:500} INFO - Filling up the DagBag from /home/airflow/.local/lib/python3.7/site-packages/airflow/example_dags/example_branch_day_of_week_operator.py
[2022-05-07 13:52:47,611] {processor.py:652} INFO - DAG(s) dict_keys(['example_weekday_branch_operator']) retrieved from /home/airflow/.local/lib/python3.7/site-packages/airflow/example_dags/example_branch_day_of_week_operator.py
[2022-05-07 13:52:47,656] {logging_mixin.py:109} INFO - [2022-05-07 13:52:47,656] {dag.py:2398} INFO - Sync 1 DAGs
[2022-05-07 13:52:47,683] {logging_mixin.py:109} INFO - [2022-05-07 13:52:47,683] {dag.py:2937} INFO - Setting next_dagrun for example_weekday_branch_operator to 2022-05-06 00:00:00+00:00
[2022-05-07 13:52:47,701] {processor.py:171} INFO - Processing /home/airflow/.local/lib/python3.7/site-packages/airflow/example_dags/example_branch_day_of_week_operator.py took 0.131 seconds
[2022-05-07 13:53:17,817] {processor.py:163} INFO - Started process (PID=2087) to work on /home/airflow/.local/lib/python3.7/site-packages/airflow/example_dags/example_branch_day_of_week_operator.py
[2022-05-07 13:53:17,823] {processor.py:642} INFO - Processing file /home/airflow/.local/lib/python3.7/site-packages/airflow/example_dags/example_branch_day_of_week_operator.py for tasks to queue
[2022-05-07 13:53:17,827] {logging_mixin.py:109} INFO - [2022-05-07 13:53:17,826] {dagbag.py:500} INFO - Filling up the DagBag from /home/airflow/.local/lib/python3.7/site-packages/airflow/example_dags/example_branch_day_of_week_operator.py
[2022-05-07 13:53:17,870] {processor.py:652} INFO - DAG(s) dict_keys(['example_weekday_branch_operator']) retrieved from /home/airflow/.local/lib/python3.7/site-packages/airflow/example_dags/example_branch_day_of_week_operator.py
[2022-05-07 13:53:17,916] {logging_mixin.py:109} INFO - [2022-05-07 13:53:17,916] {dag.py:2398} INFO - Sync 1 DAGs
[2022-05-07 13:53:17,941] {logging_mixin.py:109} INFO - [2022-05-07 13:53:17,941] {dag.py:2937} INFO - Setting next_dagrun for example_weekday_branch_operator to 2022-05-06 00:00:00+00:00
[2022-05-07 13:53:17,961] {processor.py:171} INFO - Processing /home/airflow/.local/lib/python3.7/site-packages/airflow/example_dags/example_branch_day_of_week_operator.py took 0.155 seconds
[2022-05-07 13:53:48,574] {processor.py:163} INFO - Started process (PID=2153) to work on /home/airflow/.local/lib/python3.7/site-packages/airflow/example_dags/example_branch_day_of_week_operator.py
[2022-05-07 13:53:48,583] {processor.py:642} INFO - Processing file /home/airflow/.local/lib/python3.7/site-packages/airflow/example_dags/example_branch_day_of_week_operator.py for tasks to queue
[2022-05-07 13:53:48,587] {logging_mixin.py:109} INFO - [2022-05-07 13:53:48,587] {dagbag.py:500} INFO - Filling up the DagBag from /home/airflow/.local/lib/python3.7/site-packages/airflow/example_dags/example_branch_day_of_week_operator.py
[2022-05-07 13:53:48,624] {processor.py:652} INFO - DAG(s) dict_keys(['example_weekday_branch_operator']) retrieved from /home/airflow/.local/lib/python3.7/site-packages/airflow/example_dags/example_branch_day_of_week_operator.py
[2022-05-07 13:53:48,670] {logging_mixin.py:109} INFO - [2022-05-07 13:53:48,670] {dag.py:2398} INFO - Sync 1 DAGs
[2022-05-07 13:53:48,702] {logging_mixin.py:109} INFO - [2022-05-07 13:53:48,701] {dag.py:2937} INFO - Setting next_dagrun for example_weekday_branch_operator to 2022-05-06 00:00:00+00:00
[2022-05-07 13:53:48,719] {processor.py:171} INFO - Processing /home/airflow/.local/lib/python3.7/site-packages/airflow/example_dags/example_branch_day_of_week_operator.py took 0.155 seconds
[2022-05-07 13:54:18,786] {processor.py:163} INFO - Started process (PID=2205) to work on /home/airflow/.local/lib/python3.7/site-packages/airflow/example_dags/example_branch_day_of_week_operator.py
[2022-05-07 13:54:18,797] {processor.py:642} INFO - Processing file /home/airflow/.local/lib/python3.7/site-packages/airflow/example_dags/example_branch_day_of_week_operator.py for tasks to queue
[2022-05-07 13:54:18,802] {logging_mixin.py:109} INFO - [2022-05-07 13:54:18,801] {dagbag.py:500} INFO - Filling up the DagBag from /home/airflow/.local/lib/python3.7/site-packages/airflow/example_dags/example_branch_day_of_week_operator.py
[2022-05-07 13:54:18,838] {processor.py:652} INFO - DAG(s) dict_keys(['example_weekday_branch_operator']) retrieved from /home/airflow/.local/lib/python3.7/site-packages/airflow/example_dags/example_branch_day_of_week_operator.py
[2022-05-07 13:54:18,881] {logging_mixin.py:109} INFO - [2022-05-07 13:54:18,881] {dag.py:2398} INFO - Sync 1 DAGs
[2022-05-07 13:54:18,913] {logging_mixin.py:109} INFO - [2022-05-07 13:54:18,913] {dag.py:2937} INFO - Setting next_dagrun for example_weekday_branch_operator to 2022-05-06 00:00:00+00:00
[2022-05-07 13:54:18,935] {processor.py:171} INFO - Processing /home/airflow/.local/lib/python3.7/site-packages/airflow/example_dags/example_branch_day_of_week_operator.py took 0.163 seconds
[2022-05-07 13:54:49,236] {processor.py:163} INFO - Started process (PID=2257) to work on /home/airflow/.local/lib/python3.7/site-packages/airflow/example_dags/example_branch_day_of_week_operator.py
[2022-05-07 13:54:49,242] {processor.py:642} INFO - Processing file /home/airflow/.local/lib/python3.7/site-packages/airflow/example_dags/example_branch_day_of_week_operator.py for tasks to queue
[2022-05-07 13:54:49,246] {logging_mixin.py:109} INFO - [2022-05-07 13:54:49,246] {dagbag.py:500} INFO - Filling up the DagBag from /home/airflow/.local/lib/python3.7/site-packages/airflow/example_dags/example_branch_day_of_week_operator.py
[2022-05-07 13:54:49,275] {processor.py:652} INFO - DAG(s) dict_keys(['example_weekday_branch_operator']) retrieved from /home/airflow/.local/lib/python3.7/site-packages/airflow/example_dags/example_branch_day_of_week_operator.py
[2022-05-07 13:54:49,314] {logging_mixin.py:109} INFO - [2022-05-07 13:54:49,314] {dag.py:2398} INFO - Sync 1 DAGs
[2022-05-07 13:54:49,349] {logging_mixin.py:109} INFO - [2022-05-07 13:54:49,349] {dag.py:2937} INFO - Setting next_dagrun for example_weekday_branch_operator to 2022-05-06 00:00:00+00:00
[2022-05-07 13:54:49,374] {processor.py:171} INFO - Processing /home/airflow/.local/lib/python3.7/site-packages/airflow/example_dags/example_branch_day_of_week_operator.py took 0.146 seconds
[2022-05-07 13:55:19,460] {processor.py:163} INFO - Started process (PID=2310) to work on /home/airflow/.local/lib/python3.7/site-packages/airflow/example_dags/example_branch_day_of_week_operator.py
[2022-05-07 13:55:19,466] {processor.py:642} INFO - Processing file /home/airflow/.local/lib/python3.7/site-packages/airflow/example_dags/example_branch_day_of_week_operator.py for tasks to queue
[2022-05-07 13:55:19,468] {logging_mixin.py:109} INFO - [2022-05-07 13:55:19,468] {dagbag.py:500} INFO - Filling up the DagBag from /home/airflow/.local/lib/python3.7/site-packages/airflow/example_dags/example_branch_day_of_week_operator.py
[2022-05-07 13:55:19,496] {processor.py:652} INFO - DAG(s) dict_keys(['example_weekday_branch_operator']) retrieved from /home/airflow/.local/lib/python3.7/site-packages/airflow/example_dags/example_branch_day_of_week_operator.py
[2022-05-07 13:55:19,542] {logging_mixin.py:109} INFO - [2022-05-07 13:55:19,542] {dag.py:2398} INFO - Sync 1 DAGs
[2022-05-07 13:55:19,573] {logging_mixin.py:109} INFO - [2022-05-07 13:55:19,573] {dag.py:2937} INFO - Setting next_dagrun for example_weekday_branch_operator to 2022-05-06 00:00:00+00:00
[2022-05-07 13:55:19,595] {processor.py:171} INFO - Processing /home/airflow/.local/lib/python3.7/site-packages/airflow/example_dags/example_branch_day_of_week_operator.py took 0.140 seconds
[2022-05-07 13:55:49,662] {processor.py:163} INFO - Started process (PID=2373) to work on /home/airflow/.local/lib/python3.7/site-packages/airflow/example_dags/example_branch_day_of_week_operator.py
[2022-05-07 13:55:49,667] {processor.py:642} INFO - Processing file /home/airflow/.local/lib/python3.7/site-packages/airflow/example_dags/example_branch_day_of_week_operator.py for tasks to queue
[2022-05-07 13:55:49,672] {logging_mixin.py:109} INFO - [2022-05-07 13:55:49,671] {dagbag.py:500} INFO - Filling up the DagBag from /home/airflow/.local/lib/python3.7/site-packages/airflow/example_dags/example_branch_day_of_week_operator.py
[2022-05-07 13:55:49,709] {processor.py:652} INFO - DAG(s) dict_keys(['example_weekday_branch_operator']) retrieved from /home/airflow/.local/lib/python3.7/site-packages/airflow/example_dags/example_branch_day_of_week_operator.py
[2022-05-07 13:55:49,759] {logging_mixin.py:109} INFO - [2022-05-07 13:55:49,759] {dag.py:2398} INFO - Sync 1 DAGs
[2022-05-07 13:55:49,798] {logging_mixin.py:109} INFO - [2022-05-07 13:55:49,798] {dag.py:2937} INFO - Setting next_dagrun for example_weekday_branch_operator to 2022-05-06 00:00:00+00:00
[2022-05-07 13:55:49,858] {processor.py:171} INFO - Processing /home/airflow/.local/lib/python3.7/site-packages/airflow/example_dags/example_branch_day_of_week_operator.py took 0.206 seconds
[2022-05-07 13:56:20,099] {processor.py:163} INFO - Started process (PID=2424) to work on /home/airflow/.local/lib/python3.7/site-packages/airflow/example_dags/example_branch_day_of_week_operator.py
[2022-05-07 13:56:20,103] {processor.py:642} INFO - Processing file /home/airflow/.local/lib/python3.7/site-packages/airflow/example_dags/example_branch_day_of_week_operator.py for tasks to queue
[2022-05-07 13:56:20,105] {logging_mixin.py:109} INFO - [2022-05-07 13:56:20,105] {dagbag.py:500} INFO - Filling up the DagBag from /home/airflow/.local/lib/python3.7/site-packages/airflow/example_dags/example_branch_day_of_week_operator.py
[2022-05-07 13:56:20,132] {processor.py:652} INFO - DAG(s) dict_keys(['example_weekday_branch_operator']) retrieved from /home/airflow/.local/lib/python3.7/site-packages/airflow/example_dags/example_branch_day_of_week_operator.py
[2022-05-07 13:56:20,170] {logging_mixin.py:109} INFO - [2022-05-07 13:56:20,170] {dag.py:2398} INFO - Sync 1 DAGs
[2022-05-07 13:56:20,202] {logging_mixin.py:109} INFO - [2022-05-07 13:56:20,201] {dag.py:2937} INFO - Setting next_dagrun for example_weekday_branch_operator to 2022-05-06 00:00:00+00:00
[2022-05-07 13:56:20,231] {processor.py:171} INFO - Processing /home/airflow/.local/lib/python3.7/site-packages/airflow/example_dags/example_branch_day_of_week_operator.py took 0.138 seconds
[2022-05-07 13:56:50,868] {processor.py:163} INFO - Started process (PID=2473) to work on /home/airflow/.local/lib/python3.7/site-packages/airflow/example_dags/example_branch_day_of_week_operator.py
[2022-05-07 13:56:50,876] {processor.py:642} INFO - Processing file /home/airflow/.local/lib/python3.7/site-packages/airflow/example_dags/example_branch_day_of_week_operator.py for tasks to queue
[2022-05-07 13:56:50,879] {logging_mixin.py:109} INFO - [2022-05-07 13:56:50,879] {dagbag.py:500} INFO - Filling up the DagBag from /home/airflow/.local/lib/python3.7/site-packages/airflow/example_dags/example_branch_day_of_week_operator.py
[2022-05-07 13:56:50,910] {processor.py:652} INFO - DAG(s) dict_keys(['example_weekday_branch_operator']) retrieved from /home/airflow/.local/lib/python3.7/site-packages/airflow/example_dags/example_branch_day_of_week_operator.py
[2022-05-07 13:56:50,947] {logging_mixin.py:109} INFO - [2022-05-07 13:56:50,947] {dag.py:2398} INFO - Sync 1 DAGs
[2022-05-07 13:56:50,974] {logging_mixin.py:109} INFO - [2022-05-07 13:56:50,974] {dag.py:2937} INFO - Setting next_dagrun for example_weekday_branch_operator to 2022-05-06 00:00:00+00:00
[2022-05-07 13:56:51,004] {processor.py:171} INFO - Processing /home/airflow/.local/lib/python3.7/site-packages/airflow/example_dags/example_branch_day_of_week_operator.py took 0.154 seconds
[2022-05-07 13:57:21,623] {processor.py:163} INFO - Started process (PID=2527) to work on /home/airflow/.local/lib/python3.7/site-packages/airflow/example_dags/example_branch_day_of_week_operator.py
[2022-05-07 13:57:21,628] {processor.py:642} INFO - Processing file /home/airflow/.local/lib/python3.7/site-packages/airflow/example_dags/example_branch_day_of_week_operator.py for tasks to queue
[2022-05-07 13:57:21,630] {logging_mixin.py:109} INFO - [2022-05-07 13:57:21,630] {dagbag.py:500} INFO - Filling up the DagBag from /home/airflow/.local/lib/python3.7/site-packages/airflow/example_dags/example_branch_day_of_week_operator.py
[2022-05-07 13:57:21,687] {processor.py:652} INFO - DAG(s) dict_keys(['example_weekday_branch_operator']) retrieved from /home/airflow/.local/lib/python3.7/site-packages/airflow/example_dags/example_branch_day_of_week_operator.py
[2022-05-07 13:57:21,786] {logging_mixin.py:109} INFO - [2022-05-07 13:57:21,786] {dag.py:2398} INFO - Sync 1 DAGs
[2022-05-07 13:57:21,816] {logging_mixin.py:109} INFO - [2022-05-07 13:57:21,816] {dag.py:2937} INFO - Setting next_dagrun for example_weekday_branch_operator to 2022-05-06 00:00:00+00:00
[2022-05-07 13:57:21,846] {processor.py:171} INFO - Processing /home/airflow/.local/lib/python3.7/site-packages/airflow/example_dags/example_branch_day_of_week_operator.py took 0.230 seconds
