[2022-05-07 13:34:11,335] {processor.py:163} INFO - Started process (PID=179) to work on /home/airflow/.local/lib/python3.7/site-packages/airflow/example_dags/example_latest_only_with_trigger.py
[2022-05-07 13:34:11,339] {processor.py:642} INFO - Processing file /home/airflow/.local/lib/python3.7/site-packages/airflow/example_dags/example_latest_only_with_trigger.py for tasks to queue
[2022-05-07 13:34:11,341] {logging_mixin.py:109} INFO - [2022-05-07 13:34:11,341] {dagbag.py:500} INFO - Filling up the DagBag from /home/airflow/.local/lib/python3.7/site-packages/airflow/example_dags/example_latest_only_with_trigger.py
[2022-05-07 13:34:11,382] {processor.py:652} INFO - DAG(s) dict_keys(['latest_only_with_trigger']) retrieved from /home/airflow/.local/lib/python3.7/site-packages/airflow/example_dags/example_latest_only_with_trigger.py
[2022-05-07 13:34:13,759] {logging_mixin.py:109} INFO - [2022-05-07 13:34:13,758] {manager.py:496} INFO - Created Permission View: can edit on DAG:latest_only_with_trigger
[2022-05-07 13:34:13,794] {logging_mixin.py:109} INFO - [2022-05-07 13:34:13,793] {manager.py:496} INFO - Created Permission View: can read on DAG:latest_only_with_trigger
[2022-05-07 13:34:13,796] {logging_mixin.py:109} INFO - [2022-05-07 13:34:13,795] {dag.py:2398} INFO - Sync 1 DAGs
[2022-05-07 13:34:13,821] {logging_mixin.py:109} INFO - [2022-05-07 13:34:13,821] {dag.py:2417} INFO - Creating ORM DAG for latest_only_with_trigger
[2022-05-07 13:34:13,838] {logging_mixin.py:109} INFO - [2022-05-07 13:34:13,838] {dag.py:2937} INFO - Setting next_dagrun for latest_only_with_trigger to 2022-05-07T09:34:13.837489+00:00
[2022-05-07 13:34:13,861] {processor.py:171} INFO - Processing /home/airflow/.local/lib/python3.7/site-packages/airflow/example_dags/example_latest_only_with_trigger.py took 2.537 seconds
[2022-05-07 13:34:43,981] {processor.py:163} INFO - Started process (PID=270) to work on /home/airflow/.local/lib/python3.7/site-packages/airflow/example_dags/example_latest_only_with_trigger.py
[2022-05-07 13:34:43,984] {processor.py:642} INFO - Processing file /home/airflow/.local/lib/python3.7/site-packages/airflow/example_dags/example_latest_only_with_trigger.py for tasks to queue
[2022-05-07 13:34:43,987] {logging_mixin.py:109} INFO - [2022-05-07 13:34:43,987] {dagbag.py:500} INFO - Filling up the DagBag from /home/airflow/.local/lib/python3.7/site-packages/airflow/example_dags/example_latest_only_with_trigger.py
[2022-05-07 13:34:44,012] {processor.py:652} INFO - DAG(s) dict_keys(['latest_only_with_trigger']) retrieved from /home/airflow/.local/lib/python3.7/site-packages/airflow/example_dags/example_latest_only_with_trigger.py
[2022-05-07 13:34:44,065] {logging_mixin.py:109} INFO - [2022-05-07 13:34:44,065] {dag.py:2398} INFO - Sync 1 DAGs
[2022-05-07 13:34:44,099] {logging_mixin.py:109} INFO - [2022-05-07 13:34:44,099] {dag.py:2937} INFO - Setting next_dagrun for latest_only_with_trigger to 2022-05-07T09:34:44.099174+00:00
[2022-05-07 13:34:44,119] {processor.py:171} INFO - Processing /home/airflow/.local/lib/python3.7/site-packages/airflow/example_dags/example_latest_only_with_trigger.py took 0.144 seconds
[2022-05-07 13:35:14,618] {processor.py:163} INFO - Started process (PID=323) to work on /home/airflow/.local/lib/python3.7/site-packages/airflow/example_dags/example_latest_only_with_trigger.py
[2022-05-07 13:35:14,622] {processor.py:642} INFO - Processing file /home/airflow/.local/lib/python3.7/site-packages/airflow/example_dags/example_latest_only_with_trigger.py for tasks to queue
[2022-05-07 13:35:14,624] {logging_mixin.py:109} INFO - [2022-05-07 13:35:14,624] {dagbag.py:500} INFO - Filling up the DagBag from /home/airflow/.local/lib/python3.7/site-packages/airflow/example_dags/example_latest_only_with_trigger.py
[2022-05-07 13:35:14,656] {processor.py:652} INFO - DAG(s) dict_keys(['latest_only_with_trigger']) retrieved from /home/airflow/.local/lib/python3.7/site-packages/airflow/example_dags/example_latest_only_with_trigger.py
[2022-05-07 13:35:14,693] {logging_mixin.py:109} INFO - [2022-05-07 13:35:14,693] {dag.py:2398} INFO - Sync 1 DAGs
[2022-05-07 13:35:14,725] {logging_mixin.py:109} INFO - [2022-05-07 13:35:14,725] {dag.py:2937} INFO - Setting next_dagrun for latest_only_with_trigger to 2022-05-07T09:35:14.725155+00:00
[2022-05-07 13:35:14,745] {processor.py:171} INFO - Processing /home/airflow/.local/lib/python3.7/site-packages/airflow/example_dags/example_latest_only_with_trigger.py took 0.132 seconds
[2022-05-07 13:35:44,871] {processor.py:163} INFO - Started process (PID=383) to work on /home/airflow/.local/lib/python3.7/site-packages/airflow/example_dags/example_latest_only_with_trigger.py
[2022-05-07 13:35:44,875] {processor.py:642} INFO - Processing file /home/airflow/.local/lib/python3.7/site-packages/airflow/example_dags/example_latest_only_with_trigger.py for tasks to queue
[2022-05-07 13:35:44,877] {logging_mixin.py:109} INFO - [2022-05-07 13:35:44,877] {dagbag.py:500} INFO - Filling up the DagBag from /home/airflow/.local/lib/python3.7/site-packages/airflow/example_dags/example_latest_only_with_trigger.py
[2022-05-07 13:35:44,900] {processor.py:652} INFO - DAG(s) dict_keys(['latest_only_with_trigger']) retrieved from /home/airflow/.local/lib/python3.7/site-packages/airflow/example_dags/example_latest_only_with_trigger.py
[2022-05-07 13:35:44,936] {logging_mixin.py:109} INFO - [2022-05-07 13:35:44,935] {dag.py:2398} INFO - Sync 1 DAGs
[2022-05-07 13:35:44,962] {logging_mixin.py:109} INFO - [2022-05-07 13:35:44,962] {dag.py:2937} INFO - Setting next_dagrun for latest_only_with_trigger to 2022-05-07T09:35:44.962005+00:00
[2022-05-07 13:35:44,983] {processor.py:171} INFO - Processing /home/airflow/.local/lib/python3.7/site-packages/airflow/example_dags/example_latest_only_with_trigger.py took 0.118 seconds
[2022-05-07 13:36:15,448] {processor.py:163} INFO - Started process (PID=434) to work on /home/airflow/.local/lib/python3.7/site-packages/airflow/example_dags/example_latest_only_with_trigger.py
[2022-05-07 13:36:15,451] {processor.py:642} INFO - Processing file /home/airflow/.local/lib/python3.7/site-packages/airflow/example_dags/example_latest_only_with_trigger.py for tasks to queue
[2022-05-07 13:36:15,453] {logging_mixin.py:109} INFO - [2022-05-07 13:36:15,453] {dagbag.py:500} INFO - Filling up the DagBag from /home/airflow/.local/lib/python3.7/site-packages/airflow/example_dags/example_latest_only_with_trigger.py
[2022-05-07 13:36:15,479] {processor.py:652} INFO - DAG(s) dict_keys(['latest_only_with_trigger']) retrieved from /home/airflow/.local/lib/python3.7/site-packages/airflow/example_dags/example_latest_only_with_trigger.py
[2022-05-07 13:36:15,518] {logging_mixin.py:109} INFO - [2022-05-07 13:36:15,518] {dag.py:2398} INFO - Sync 1 DAGs
[2022-05-07 13:36:15,545] {logging_mixin.py:109} INFO - [2022-05-07 13:36:15,544] {dag.py:2937} INFO - Setting next_dagrun for latest_only_with_trigger to 2022-05-07T09:36:15.544424+00:00
[2022-05-07 13:36:15,561] {processor.py:171} INFO - Processing /home/airflow/.local/lib/python3.7/site-packages/airflow/example_dags/example_latest_only_with_trigger.py took 0.118 seconds
[2022-05-07 13:36:50,130] {processor.py:163} INFO - Started process (PID=486) to work on /home/airflow/.local/lib/python3.7/site-packages/airflow/example_dags/example_latest_only_with_trigger.py
[2022-05-07 13:36:50,134] {processor.py:642} INFO - Processing file /home/airflow/.local/lib/python3.7/site-packages/airflow/example_dags/example_latest_only_with_trigger.py for tasks to queue
[2022-05-07 13:36:50,137] {logging_mixin.py:109} INFO - [2022-05-07 13:36:50,137] {dagbag.py:500} INFO - Filling up the DagBag from /home/airflow/.local/lib/python3.7/site-packages/airflow/example_dags/example_latest_only_with_trigger.py
[2022-05-07 13:36:50,209] {processor.py:652} INFO - DAG(s) dict_keys(['latest_only_with_trigger']) retrieved from /home/airflow/.local/lib/python3.7/site-packages/airflow/example_dags/example_latest_only_with_trigger.py
[2022-05-07 13:36:50,282] {logging_mixin.py:109} INFO - [2022-05-07 13:36:50,282] {dag.py:2398} INFO - Sync 1 DAGs
[2022-05-07 13:36:50,345] {logging_mixin.py:109} INFO - [2022-05-07 13:36:50,345] {dag.py:2937} INFO - Setting next_dagrun for latest_only_with_trigger to 2022-05-07T09:36:50.344349+00:00
[2022-05-07 13:36:50,378] {processor.py:171} INFO - Processing /home/airflow/.local/lib/python3.7/site-packages/airflow/example_dags/example_latest_only_with_trigger.py took 0.256 seconds
[2022-05-07 13:37:21,160] {processor.py:163} INFO - Started process (PID=538) to work on /home/airflow/.local/lib/python3.7/site-packages/airflow/example_dags/example_latest_only_with_trigger.py
[2022-05-07 13:37:21,164] {processor.py:642} INFO - Processing file /home/airflow/.local/lib/python3.7/site-packages/airflow/example_dags/example_latest_only_with_trigger.py for tasks to queue
[2022-05-07 13:37:21,167] {logging_mixin.py:109} INFO - [2022-05-07 13:37:21,166] {dagbag.py:500} INFO - Filling up the DagBag from /home/airflow/.local/lib/python3.7/site-packages/airflow/example_dags/example_latest_only_with_trigger.py
[2022-05-07 13:37:21,198] {processor.py:652} INFO - DAG(s) dict_keys(['latest_only_with_trigger']) retrieved from /home/airflow/.local/lib/python3.7/site-packages/airflow/example_dags/example_latest_only_with_trigger.py
[2022-05-07 13:37:21,254] {logging_mixin.py:109} INFO - [2022-05-07 13:37:21,253] {dag.py:2398} INFO - Sync 1 DAGs
[2022-05-07 13:37:21,292] {logging_mixin.py:109} INFO - [2022-05-07 13:37:21,292] {dag.py:2937} INFO - Setting next_dagrun for latest_only_with_trigger to 2022-05-07T09:37:21.291929+00:00
[2022-05-07 13:37:21,311] {processor.py:171} INFO - Processing /home/airflow/.local/lib/python3.7/site-packages/airflow/example_dags/example_latest_only_with_trigger.py took 0.158 seconds
[2022-05-07 13:37:51,623] {processor.py:163} INFO - Started process (PID=592) to work on /home/airflow/.local/lib/python3.7/site-packages/airflow/example_dags/example_latest_only_with_trigger.py
[2022-05-07 13:37:51,625] {processor.py:642} INFO - Processing file /home/airflow/.local/lib/python3.7/site-packages/airflow/example_dags/example_latest_only_with_trigger.py for tasks to queue
[2022-05-07 13:37:51,628] {logging_mixin.py:109} INFO - [2022-05-07 13:37:51,627] {dagbag.py:500} INFO - Filling up the DagBag from /home/airflow/.local/lib/python3.7/site-packages/airflow/example_dags/example_latest_only_with_trigger.py
[2022-05-07 13:37:51,654] {processor.py:652} INFO - DAG(s) dict_keys(['latest_only_with_trigger']) retrieved from /home/airflow/.local/lib/python3.7/site-packages/airflow/example_dags/example_latest_only_with_trigger.py
[2022-05-07 13:37:51,691] {logging_mixin.py:109} INFO - [2022-05-07 13:37:51,691] {dag.py:2398} INFO - Sync 1 DAGs
[2022-05-07 13:37:51,716] {logging_mixin.py:109} INFO - [2022-05-07 13:37:51,716] {dag.py:2937} INFO - Setting next_dagrun for latest_only_with_trigger to 2022-05-07T09:37:51.716256+00:00
[2022-05-07 13:37:51,735] {processor.py:171} INFO - Processing /home/airflow/.local/lib/python3.7/site-packages/airflow/example_dags/example_latest_only_with_trigger.py took 0.117 seconds
[2022-05-07 13:38:22,986] {processor.py:163} INFO - Started process (PID=644) to work on /home/airflow/.local/lib/python3.7/site-packages/airflow/example_dags/example_latest_only_with_trigger.py
[2022-05-07 13:38:22,993] {processor.py:642} INFO - Processing file /home/airflow/.local/lib/python3.7/site-packages/airflow/example_dags/example_latest_only_with_trigger.py for tasks to queue
[2022-05-07 13:38:22,997] {logging_mixin.py:109} INFO - [2022-05-07 13:38:22,997] {dagbag.py:500} INFO - Filling up the DagBag from /home/airflow/.local/lib/python3.7/site-packages/airflow/example_dags/example_latest_only_with_trigger.py
[2022-05-07 13:38:23,033] {processor.py:652} INFO - DAG(s) dict_keys(['latest_only_with_trigger']) retrieved from /home/airflow/.local/lib/python3.7/site-packages/airflow/example_dags/example_latest_only_with_trigger.py
[2022-05-07 13:38:23,092] {logging_mixin.py:109} INFO - [2022-05-07 13:38:23,092] {dag.py:2398} INFO - Sync 1 DAGs
[2022-05-07 13:38:23,145] {logging_mixin.py:109} INFO - [2022-05-07 13:38:23,145] {dag.py:2937} INFO - Setting next_dagrun for latest_only_with_trigger to 2022-05-07T09:38:23.144104+00:00
[2022-05-07 13:38:23,182] {processor.py:171} INFO - Processing /home/airflow/.local/lib/python3.7/site-packages/airflow/example_dags/example_latest_only_with_trigger.py took 0.210 seconds
[2022-05-07 13:38:54,853] {processor.py:163} INFO - Started process (PID=696) to work on /home/airflow/.local/lib/python3.7/site-packages/airflow/example_dags/example_latest_only_with_trigger.py
[2022-05-07 13:38:54,861] {processor.py:642} INFO - Processing file /home/airflow/.local/lib/python3.7/site-packages/airflow/example_dags/example_latest_only_with_trigger.py for tasks to queue
[2022-05-07 13:38:54,867] {logging_mixin.py:109} INFO - [2022-05-07 13:38:54,867] {dagbag.py:500} INFO - Filling up the DagBag from /home/airflow/.local/lib/python3.7/site-packages/airflow/example_dags/example_latest_only_with_trigger.py
[2022-05-07 13:38:54,998] {processor.py:652} INFO - DAG(s) dict_keys(['latest_only_with_trigger']) retrieved from /home/airflow/.local/lib/python3.7/site-packages/airflow/example_dags/example_latest_only_with_trigger.py
[2022-05-07 13:38:55,092] {logging_mixin.py:109} INFO - [2022-05-07 13:38:55,092] {dag.py:2398} INFO - Sync 1 DAGs
[2022-05-07 13:38:55,142] {logging_mixin.py:109} INFO - [2022-05-07 13:38:55,142] {dag.py:2937} INFO - Setting next_dagrun for latest_only_with_trigger to 2022-05-07T09:38:55.142256+00:00
[2022-05-07 13:38:55,176] {processor.py:171} INFO - Processing /home/airflow/.local/lib/python3.7/site-packages/airflow/example_dags/example_latest_only_with_trigger.py took 0.331 seconds
[2022-05-07 13:39:25,521] {processor.py:163} INFO - Started process (PID=749) to work on /home/airflow/.local/lib/python3.7/site-packages/airflow/example_dags/example_latest_only_with_trigger.py
[2022-05-07 13:39:25,525] {processor.py:642} INFO - Processing file /home/airflow/.local/lib/python3.7/site-packages/airflow/example_dags/example_latest_only_with_trigger.py for tasks to queue
[2022-05-07 13:39:25,527] {logging_mixin.py:109} INFO - [2022-05-07 13:39:25,527] {dagbag.py:500} INFO - Filling up the DagBag from /home/airflow/.local/lib/python3.7/site-packages/airflow/example_dags/example_latest_only_with_trigger.py
[2022-05-07 13:39:25,564] {processor.py:652} INFO - DAG(s) dict_keys(['latest_only_with_trigger']) retrieved from /home/airflow/.local/lib/python3.7/site-packages/airflow/example_dags/example_latest_only_with_trigger.py
[2022-05-07 13:39:25,613] {logging_mixin.py:109} INFO - [2022-05-07 13:39:25,613] {dag.py:2398} INFO - Sync 1 DAGs
[2022-05-07 13:39:25,650] {logging_mixin.py:109} INFO - [2022-05-07 13:39:25,650] {dag.py:2937} INFO - Setting next_dagrun for latest_only_with_trigger to 2022-05-07T09:39:25.649879+00:00
[2022-05-07 13:39:25,670] {processor.py:171} INFO - Processing /home/airflow/.local/lib/python3.7/site-packages/airflow/example_dags/example_latest_only_with_trigger.py took 0.154 seconds
[2022-05-07 13:39:56,251] {processor.py:163} INFO - Started process (PID=810) to work on /home/airflow/.local/lib/python3.7/site-packages/airflow/example_dags/example_latest_only_with_trigger.py
[2022-05-07 13:39:56,257] {processor.py:642} INFO - Processing file /home/airflow/.local/lib/python3.7/site-packages/airflow/example_dags/example_latest_only_with_trigger.py for tasks to queue
[2022-05-07 13:39:56,263] {logging_mixin.py:109} INFO - [2022-05-07 13:39:56,263] {dagbag.py:500} INFO - Filling up the DagBag from /home/airflow/.local/lib/python3.7/site-packages/airflow/example_dags/example_latest_only_with_trigger.py
[2022-05-07 13:39:56,305] {processor.py:652} INFO - DAG(s) dict_keys(['latest_only_with_trigger']) retrieved from /home/airflow/.local/lib/python3.7/site-packages/airflow/example_dags/example_latest_only_with_trigger.py
[2022-05-07 13:39:56,352] {logging_mixin.py:109} INFO - [2022-05-07 13:39:56,352] {dag.py:2398} INFO - Sync 1 DAGs
[2022-05-07 13:39:56,392] {logging_mixin.py:109} INFO - [2022-05-07 13:39:56,392] {dag.py:2937} INFO - Setting next_dagrun for latest_only_with_trigger to 2022-05-07T09:39:56.391708+00:00
[2022-05-07 13:39:56,422] {processor.py:171} INFO - Processing /home/airflow/.local/lib/python3.7/site-packages/airflow/example_dags/example_latest_only_with_trigger.py took 0.187 seconds
[2022-05-07 13:40:27,085] {processor.py:163} INFO - Started process (PID=864) to work on /home/airflow/.local/lib/python3.7/site-packages/airflow/example_dags/example_latest_only_with_trigger.py
[2022-05-07 13:40:27,088] {processor.py:642} INFO - Processing file /home/airflow/.local/lib/python3.7/site-packages/airflow/example_dags/example_latest_only_with_trigger.py for tasks to queue
[2022-05-07 13:40:27,091] {logging_mixin.py:109} INFO - [2022-05-07 13:40:27,090] {dagbag.py:500} INFO - Filling up the DagBag from /home/airflow/.local/lib/python3.7/site-packages/airflow/example_dags/example_latest_only_with_trigger.py
[2022-05-07 13:40:27,121] {processor.py:652} INFO - DAG(s) dict_keys(['latest_only_with_trigger']) retrieved from /home/airflow/.local/lib/python3.7/site-packages/airflow/example_dags/example_latest_only_with_trigger.py
[2022-05-07 13:40:27,183] {logging_mixin.py:109} INFO - [2022-05-07 13:40:27,183] {dag.py:2398} INFO - Sync 1 DAGs
[2022-05-07 13:40:27,237] {logging_mixin.py:109} INFO - [2022-05-07 13:40:27,237] {dag.py:2937} INFO - Setting next_dagrun for latest_only_with_trigger to 2022-05-07T09:40:27.236960+00:00
[2022-05-07 13:40:27,320] {processor.py:171} INFO - Processing /home/airflow/.local/lib/python3.7/site-packages/airflow/example_dags/example_latest_only_with_trigger.py took 0.243 seconds
[2022-05-07 13:40:59,446] {processor.py:163} INFO - Started process (PID=917) to work on /home/airflow/.local/lib/python3.7/site-packages/airflow/example_dags/example_latest_only_with_trigger.py
[2022-05-07 13:40:59,450] {processor.py:642} INFO - Processing file /home/airflow/.local/lib/python3.7/site-packages/airflow/example_dags/example_latest_only_with_trigger.py for tasks to queue
[2022-05-07 13:40:59,454] {logging_mixin.py:109} INFO - [2022-05-07 13:40:59,453] {dagbag.py:500} INFO - Filling up the DagBag from /home/airflow/.local/lib/python3.7/site-packages/airflow/example_dags/example_latest_only_with_trigger.py
[2022-05-07 13:40:59,493] {processor.py:652} INFO - DAG(s) dict_keys(['latest_only_with_trigger']) retrieved from /home/airflow/.local/lib/python3.7/site-packages/airflow/example_dags/example_latest_only_with_trigger.py
[2022-05-07 13:40:59,541] {logging_mixin.py:109} INFO - [2022-05-07 13:40:59,541] {dag.py:2398} INFO - Sync 1 DAGs
[2022-05-07 13:40:59,578] {logging_mixin.py:109} INFO - [2022-05-07 13:40:59,578] {dag.py:2937} INFO - Setting next_dagrun for latest_only_with_trigger to 2022-05-07T09:40:59.578105+00:00
[2022-05-07 13:40:59,600] {processor.py:171} INFO - Processing /home/airflow/.local/lib/python3.7/site-packages/airflow/example_dags/example_latest_only_with_trigger.py took 0.163 seconds
[2022-05-07 13:41:30,757] {processor.py:163} INFO - Started process (PID=967) to work on /home/airflow/.local/lib/python3.7/site-packages/airflow/example_dags/example_latest_only_with_trigger.py
[2022-05-07 13:41:30,761] {processor.py:642} INFO - Processing file /home/airflow/.local/lib/python3.7/site-packages/airflow/example_dags/example_latest_only_with_trigger.py for tasks to queue
[2022-05-07 13:41:30,762] {logging_mixin.py:109} INFO - [2022-05-07 13:41:30,762] {dagbag.py:500} INFO - Filling up the DagBag from /home/airflow/.local/lib/python3.7/site-packages/airflow/example_dags/example_latest_only_with_trigger.py
[2022-05-07 13:41:30,806] {processor.py:652} INFO - DAG(s) dict_keys(['latest_only_with_trigger']) retrieved from /home/airflow/.local/lib/python3.7/site-packages/airflow/example_dags/example_latest_only_with_trigger.py
[2022-05-07 13:41:30,888] {logging_mixin.py:109} INFO - [2022-05-07 13:41:30,888] {dag.py:2398} INFO - Sync 1 DAGs
[2022-05-07 13:41:30,926] {logging_mixin.py:109} INFO - [2022-05-07 13:41:30,925] {dag.py:2937} INFO - Setting next_dagrun for latest_only_with_trigger to 2022-05-07T09:41:30.925410+00:00
[2022-05-07 13:41:30,951] {processor.py:171} INFO - Processing /home/airflow/.local/lib/python3.7/site-packages/airflow/example_dags/example_latest_only_with_trigger.py took 0.198 seconds
[2022-05-07 13:42:02,578] {processor.py:163} INFO - Started process (PID=1018) to work on /home/airflow/.local/lib/python3.7/site-packages/airflow/example_dags/example_latest_only_with_trigger.py
[2022-05-07 13:42:02,591] {processor.py:642} INFO - Processing file /home/airflow/.local/lib/python3.7/site-packages/airflow/example_dags/example_latest_only_with_trigger.py for tasks to queue
[2022-05-07 13:42:02,629] {logging_mixin.py:109} INFO - [2022-05-07 13:42:02,629] {dagbag.py:500} INFO - Filling up the DagBag from /home/airflow/.local/lib/python3.7/site-packages/airflow/example_dags/example_latest_only_with_trigger.py
[2022-05-07 13:42:02,720] {processor.py:652} INFO - DAG(s) dict_keys(['latest_only_with_trigger']) retrieved from /home/airflow/.local/lib/python3.7/site-packages/airflow/example_dags/example_latest_only_with_trigger.py
[2022-05-07 13:42:02,777] {logging_mixin.py:109} INFO - [2022-05-07 13:42:02,776] {dag.py:2398} INFO - Sync 1 DAGs
[2022-05-07 13:42:02,815] {logging_mixin.py:109} INFO - [2022-05-07 13:42:02,814] {dag.py:2937} INFO - Setting next_dagrun for latest_only_with_trigger to 2022-05-07T09:42:02.814244+00:00
[2022-05-07 13:42:02,846] {processor.py:171} INFO - Processing /home/airflow/.local/lib/python3.7/site-packages/airflow/example_dags/example_latest_only_with_trigger.py took 0.303 seconds
[2022-05-07 13:42:33,278] {processor.py:163} INFO - Started process (PID=1070) to work on /home/airflow/.local/lib/python3.7/site-packages/airflow/example_dags/example_latest_only_with_trigger.py
[2022-05-07 13:42:33,283] {processor.py:642} INFO - Processing file /home/airflow/.local/lib/python3.7/site-packages/airflow/example_dags/example_latest_only_with_trigger.py for tasks to queue
[2022-05-07 13:42:33,285] {logging_mixin.py:109} INFO - [2022-05-07 13:42:33,285] {dagbag.py:500} INFO - Filling up the DagBag from /home/airflow/.local/lib/python3.7/site-packages/airflow/example_dags/example_latest_only_with_trigger.py
[2022-05-07 13:42:33,326] {processor.py:652} INFO - DAG(s) dict_keys(['latest_only_with_trigger']) retrieved from /home/airflow/.local/lib/python3.7/site-packages/airflow/example_dags/example_latest_only_with_trigger.py
[2022-05-07 13:42:33,391] {logging_mixin.py:109} INFO - [2022-05-07 13:42:33,391] {dag.py:2398} INFO - Sync 1 DAGs
[2022-05-07 13:42:33,454] {logging_mixin.py:109} INFO - [2022-05-07 13:42:33,454] {dag.py:2937} INFO - Setting next_dagrun for latest_only_with_trigger to 2022-05-07T09:42:33.453585+00:00
[2022-05-07 13:42:33,496] {processor.py:171} INFO - Processing /home/airflow/.local/lib/python3.7/site-packages/airflow/example_dags/example_latest_only_with_trigger.py took 0.225 seconds
[2022-05-07 13:43:03,793] {processor.py:163} INFO - Started process (PID=1133) to work on /home/airflow/.local/lib/python3.7/site-packages/airflow/example_dags/example_latest_only_with_trigger.py
[2022-05-07 13:43:03,797] {processor.py:642} INFO - Processing file /home/airflow/.local/lib/python3.7/site-packages/airflow/example_dags/example_latest_only_with_trigger.py for tasks to queue
[2022-05-07 13:43:03,809] {logging_mixin.py:109} INFO - [2022-05-07 13:43:03,809] {dagbag.py:500} INFO - Filling up the DagBag from /home/airflow/.local/lib/python3.7/site-packages/airflow/example_dags/example_latest_only_with_trigger.py
[2022-05-07 13:43:03,879] {processor.py:652} INFO - DAG(s) dict_keys(['latest_only_with_trigger']) retrieved from /home/airflow/.local/lib/python3.7/site-packages/airflow/example_dags/example_latest_only_with_trigger.py
[2022-05-07 13:43:03,939] {logging_mixin.py:109} INFO - [2022-05-07 13:43:03,939] {dag.py:2398} INFO - Sync 1 DAGs
[2022-05-07 13:43:03,976] {logging_mixin.py:109} INFO - [2022-05-07 13:43:03,976] {dag.py:2937} INFO - Setting next_dagrun for latest_only_with_trigger to 2022-05-07T09:43:03.976028+00:00
[2022-05-07 13:43:04,000] {processor.py:171} INFO - Processing /home/airflow/.local/lib/python3.7/site-packages/airflow/example_dags/example_latest_only_with_trigger.py took 0.224 seconds
[2022-05-07 13:43:39,427] {processor.py:163} INFO - Started process (PID=1186) to work on /home/airflow/.local/lib/python3.7/site-packages/airflow/example_dags/example_latest_only_with_trigger.py
[2022-05-07 13:43:39,448] {processor.py:642} INFO - Processing file /home/airflow/.local/lib/python3.7/site-packages/airflow/example_dags/example_latest_only_with_trigger.py for tasks to queue
[2022-05-07 13:43:39,455] {logging_mixin.py:109} INFO - [2022-05-07 13:43:39,455] {dagbag.py:500} INFO - Filling up the DagBag from /home/airflow/.local/lib/python3.7/site-packages/airflow/example_dags/example_latest_only_with_trigger.py
[2022-05-07 13:43:39,545] {processor.py:652} INFO - DAG(s) dict_keys(['latest_only_with_trigger']) retrieved from /home/airflow/.local/lib/python3.7/site-packages/airflow/example_dags/example_latest_only_with_trigger.py
[2022-05-07 13:43:39,597] {logging_mixin.py:109} INFO - [2022-05-07 13:43:39,597] {dag.py:2398} INFO - Sync 1 DAGs
[2022-05-07 13:43:39,783] {logging_mixin.py:109} INFO - [2022-05-07 13:43:39,783] {dag.py:2937} INFO - Setting next_dagrun for latest_only_with_trigger to 2022-05-07T09:43:39.782680+00:00
[2022-05-07 13:43:39,885] {processor.py:171} INFO - Processing /home/airflow/.local/lib/python3.7/site-packages/airflow/example_dags/example_latest_only_with_trigger.py took 0.466 seconds
[2022-05-07 13:44:10,888] {processor.py:163} INFO - Started process (PID=1239) to work on /home/airflow/.local/lib/python3.7/site-packages/airflow/example_dags/example_latest_only_with_trigger.py
[2022-05-07 13:44:10,895] {processor.py:642} INFO - Processing file /home/airflow/.local/lib/python3.7/site-packages/airflow/example_dags/example_latest_only_with_trigger.py for tasks to queue
[2022-05-07 13:44:10,901] {logging_mixin.py:109} INFO - [2022-05-07 13:44:10,900] {dagbag.py:500} INFO - Filling up the DagBag from /home/airflow/.local/lib/python3.7/site-packages/airflow/example_dags/example_latest_only_with_trigger.py
[2022-05-07 13:44:10,949] {processor.py:652} INFO - DAG(s) dict_keys(['latest_only_with_trigger']) retrieved from /home/airflow/.local/lib/python3.7/site-packages/airflow/example_dags/example_latest_only_with_trigger.py
[2022-05-07 13:44:10,991] {logging_mixin.py:109} INFO - [2022-05-07 13:44:10,990] {dag.py:2398} INFO - Sync 1 DAGs
[2022-05-07 13:44:11,027] {logging_mixin.py:109} INFO - [2022-05-07 13:44:11,026] {dag.py:2937} INFO - Setting next_dagrun for latest_only_with_trigger to 2022-05-07T09:44:11.025667+00:00
[2022-05-07 13:44:11,068] {processor.py:171} INFO - Processing /home/airflow/.local/lib/python3.7/site-packages/airflow/example_dags/example_latest_only_with_trigger.py took 0.192 seconds
[2022-05-07 13:44:41,214] {processor.py:163} INFO - Started process (PID=1291) to work on /home/airflow/.local/lib/python3.7/site-packages/airflow/example_dags/example_latest_only_with_trigger.py
[2022-05-07 13:44:41,219] {processor.py:642} INFO - Processing file /home/airflow/.local/lib/python3.7/site-packages/airflow/example_dags/example_latest_only_with_trigger.py for tasks to queue
[2022-05-07 13:44:41,222] {logging_mixin.py:109} INFO - [2022-05-07 13:44:41,222] {dagbag.py:500} INFO - Filling up the DagBag from /home/airflow/.local/lib/python3.7/site-packages/airflow/example_dags/example_latest_only_with_trigger.py
[2022-05-07 13:44:41,278] {processor.py:652} INFO - DAG(s) dict_keys(['latest_only_with_trigger']) retrieved from /home/airflow/.local/lib/python3.7/site-packages/airflow/example_dags/example_latest_only_with_trigger.py
[2022-05-07 13:44:41,346] {logging_mixin.py:109} INFO - [2022-05-07 13:44:41,346] {dag.py:2398} INFO - Sync 1 DAGs
[2022-05-07 13:44:41,411] {logging_mixin.py:109} INFO - [2022-05-07 13:44:41,410] {dag.py:2937} INFO - Setting next_dagrun for latest_only_with_trigger to 2022-05-07T09:44:41.409314+00:00
[2022-05-07 13:44:41,444] {processor.py:171} INFO - Processing /home/airflow/.local/lib/python3.7/site-packages/airflow/example_dags/example_latest_only_with_trigger.py took 0.240 seconds
[2022-05-07 13:45:11,971] {processor.py:163} INFO - Started process (PID=1340) to work on /home/airflow/.local/lib/python3.7/site-packages/airflow/example_dags/example_latest_only_with_trigger.py
[2022-05-07 13:45:11,977] {processor.py:642} INFO - Processing file /home/airflow/.local/lib/python3.7/site-packages/airflow/example_dags/example_latest_only_with_trigger.py for tasks to queue
[2022-05-07 13:45:11,982] {logging_mixin.py:109} INFO - [2022-05-07 13:45:11,981] {dagbag.py:500} INFO - Filling up the DagBag from /home/airflow/.local/lib/python3.7/site-packages/airflow/example_dags/example_latest_only_with_trigger.py
[2022-05-07 13:45:12,012] {processor.py:652} INFO - DAG(s) dict_keys(['latest_only_with_trigger']) retrieved from /home/airflow/.local/lib/python3.7/site-packages/airflow/example_dags/example_latest_only_with_trigger.py
[2022-05-07 13:45:12,065] {logging_mixin.py:109} INFO - [2022-05-07 13:45:12,064] {dag.py:2398} INFO - Sync 1 DAGs
[2022-05-07 13:45:12,109] {logging_mixin.py:109} INFO - [2022-05-07 13:45:12,109] {dag.py:2937} INFO - Setting next_dagrun for latest_only_with_trigger to 2022-05-07T09:45:12.108495+00:00
[2022-05-07 13:45:12,132] {processor.py:171} INFO - Processing /home/airflow/.local/lib/python3.7/site-packages/airflow/example_dags/example_latest_only_with_trigger.py took 0.172 seconds
[2022-05-07 13:45:42,389] {processor.py:163} INFO - Started process (PID=1392) to work on /home/airflow/.local/lib/python3.7/site-packages/airflow/example_dags/example_latest_only_with_trigger.py
[2022-05-07 13:45:42,392] {processor.py:642} INFO - Processing file /home/airflow/.local/lib/python3.7/site-packages/airflow/example_dags/example_latest_only_with_trigger.py for tasks to queue
[2022-05-07 13:45:42,394] {logging_mixin.py:109} INFO - [2022-05-07 13:45:42,394] {dagbag.py:500} INFO - Filling up the DagBag from /home/airflow/.local/lib/python3.7/site-packages/airflow/example_dags/example_latest_only_with_trigger.py
[2022-05-07 13:45:42,419] {processor.py:652} INFO - DAG(s) dict_keys(['latest_only_with_trigger']) retrieved from /home/airflow/.local/lib/python3.7/site-packages/airflow/example_dags/example_latest_only_with_trigger.py
[2022-05-07 13:45:42,456] {logging_mixin.py:109} INFO - [2022-05-07 13:45:42,456] {dag.py:2398} INFO - Sync 1 DAGs
[2022-05-07 13:45:42,483] {logging_mixin.py:109} INFO - [2022-05-07 13:45:42,483] {dag.py:2937} INFO - Setting next_dagrun for latest_only_with_trigger to 2022-05-07T09:45:42.482628+00:00
[2022-05-07 13:45:42,499] {processor.py:171} INFO - Processing /home/airflow/.local/lib/python3.7/site-packages/airflow/example_dags/example_latest_only_with_trigger.py took 0.119 seconds
[2022-05-07 13:46:12,782] {processor.py:163} INFO - Started process (PID=1455) to work on /home/airflow/.local/lib/python3.7/site-packages/airflow/example_dags/example_latest_only_with_trigger.py
[2022-05-07 13:46:12,788] {processor.py:642} INFO - Processing file /home/airflow/.local/lib/python3.7/site-packages/airflow/example_dags/example_latest_only_with_trigger.py for tasks to queue
[2022-05-07 13:46:12,792] {logging_mixin.py:109} INFO - [2022-05-07 13:46:12,791] {dagbag.py:500} INFO - Filling up the DagBag from /home/airflow/.local/lib/python3.7/site-packages/airflow/example_dags/example_latest_only_with_trigger.py
[2022-05-07 13:46:12,822] {processor.py:652} INFO - DAG(s) dict_keys(['latest_only_with_trigger']) retrieved from /home/airflow/.local/lib/python3.7/site-packages/airflow/example_dags/example_latest_only_with_trigger.py
[2022-05-07 13:46:12,866] {logging_mixin.py:109} INFO - [2022-05-07 13:46:12,866] {dag.py:2398} INFO - Sync 1 DAGs
[2022-05-07 13:46:12,901] {logging_mixin.py:109} INFO - [2022-05-07 13:46:12,901] {dag.py:2937} INFO - Setting next_dagrun for latest_only_with_trigger to 2022-05-07T09:46:12.899983+00:00
[2022-05-07 13:46:12,925] {processor.py:171} INFO - Processing /home/airflow/.local/lib/python3.7/site-packages/airflow/example_dags/example_latest_only_with_trigger.py took 0.155 seconds
[2022-05-07 13:46:43,280] {processor.py:163} INFO - Started process (PID=1508) to work on /home/airflow/.local/lib/python3.7/site-packages/airflow/example_dags/example_latest_only_with_trigger.py
[2022-05-07 13:46:43,286] {processor.py:642} INFO - Processing file /home/airflow/.local/lib/python3.7/site-packages/airflow/example_dags/example_latest_only_with_trigger.py for tasks to queue
[2022-05-07 13:46:43,289] {logging_mixin.py:109} INFO - [2022-05-07 13:46:43,288] {dagbag.py:500} INFO - Filling up the DagBag from /home/airflow/.local/lib/python3.7/site-packages/airflow/example_dags/example_latest_only_with_trigger.py
[2022-05-07 13:46:43,313] {processor.py:652} INFO - DAG(s) dict_keys(['latest_only_with_trigger']) retrieved from /home/airflow/.local/lib/python3.7/site-packages/airflow/example_dags/example_latest_only_with_trigger.py
[2022-05-07 13:46:43,357] {logging_mixin.py:109} INFO - [2022-05-07 13:46:43,356] {dag.py:2398} INFO - Sync 1 DAGs
[2022-05-07 13:46:43,385] {logging_mixin.py:109} INFO - [2022-05-07 13:46:43,384] {dag.py:2937} INFO - Setting next_dagrun for latest_only_with_trigger to 2022-05-07T09:46:43.384092+00:00
[2022-05-07 13:46:43,419] {processor.py:171} INFO - Processing /home/airflow/.local/lib/python3.7/site-packages/airflow/example_dags/example_latest_only_with_trigger.py took 0.148 seconds
[2022-05-07 13:47:13,826] {processor.py:163} INFO - Started process (PID=1561) to work on /home/airflow/.local/lib/python3.7/site-packages/airflow/example_dags/example_latest_only_with_trigger.py
[2022-05-07 13:47:13,832] {processor.py:642} INFO - Processing file /home/airflow/.local/lib/python3.7/site-packages/airflow/example_dags/example_latest_only_with_trigger.py for tasks to queue
[2022-05-07 13:47:13,836] {logging_mixin.py:109} INFO - [2022-05-07 13:47:13,836] {dagbag.py:500} INFO - Filling up the DagBag from /home/airflow/.local/lib/python3.7/site-packages/airflow/example_dags/example_latest_only_with_trigger.py
[2022-05-07 13:47:13,893] {processor.py:652} INFO - DAG(s) dict_keys(['latest_only_with_trigger']) retrieved from /home/airflow/.local/lib/python3.7/site-packages/airflow/example_dags/example_latest_only_with_trigger.py
[2022-05-07 13:47:13,965] {logging_mixin.py:109} INFO - [2022-05-07 13:47:13,964] {dag.py:2398} INFO - Sync 1 DAGs
[2022-05-07 13:47:14,115] {logging_mixin.py:109} INFO - [2022-05-07 13:47:14,115] {dag.py:2937} INFO - Setting next_dagrun for latest_only_with_trigger to 2022-05-07T09:47:14.114718+00:00
[2022-05-07 13:47:14,180] {processor.py:171} INFO - Processing /home/airflow/.local/lib/python3.7/site-packages/airflow/example_dags/example_latest_only_with_trigger.py took 0.367 seconds
[2022-05-07 13:49:29,660] {processor.py:163} INFO - Started process (PID=1672) to work on /home/airflow/.local/lib/python3.7/site-packages/airflow/example_dags/example_latest_only_with_trigger.py
[2022-05-07 13:49:29,665] {processor.py:642} INFO - Processing file /home/airflow/.local/lib/python3.7/site-packages/airflow/example_dags/example_latest_only_with_trigger.py for tasks to queue
[2022-05-07 13:49:29,686] {logging_mixin.py:109} INFO - [2022-05-07 13:49:29,686] {dagbag.py:500} INFO - Filling up the DagBag from /home/airflow/.local/lib/python3.7/site-packages/airflow/example_dags/example_latest_only_with_trigger.py
[2022-05-07 13:49:29,841] {processor.py:652} INFO - DAG(s) dict_keys(['latest_only_with_trigger']) retrieved from /home/airflow/.local/lib/python3.7/site-packages/airflow/example_dags/example_latest_only_with_trigger.py
[2022-05-07 13:49:29,979] {logging_mixin.py:109} INFO - [2022-05-07 13:49:29,979] {dag.py:2398} INFO - Sync 1 DAGs
[2022-05-07 13:49:30,158] {logging_mixin.py:109} INFO - [2022-05-07 13:49:30,158] {dag.py:2937} INFO - Setting next_dagrun for latest_only_with_trigger to 2022-05-07T09:49:30.157937+00:00
[2022-05-07 13:49:30,310] {processor.py:171} INFO - Processing /home/airflow/.local/lib/python3.7/site-packages/airflow/example_dags/example_latest_only_with_trigger.py took 0.669 seconds
[2022-05-07 13:50:00,888] {processor.py:163} INFO - Started process (PID=1728) to work on /home/airflow/.local/lib/python3.7/site-packages/airflow/example_dags/example_latest_only_with_trigger.py
[2022-05-07 13:50:00,891] {processor.py:642} INFO - Processing file /home/airflow/.local/lib/python3.7/site-packages/airflow/example_dags/example_latest_only_with_trigger.py for tasks to queue
[2022-05-07 13:50:00,894] {logging_mixin.py:109} INFO - [2022-05-07 13:50:00,894] {dagbag.py:500} INFO - Filling up the DagBag from /home/airflow/.local/lib/python3.7/site-packages/airflow/example_dags/example_latest_only_with_trigger.py
[2022-05-07 13:50:00,924] {processor.py:652} INFO - DAG(s) dict_keys(['latest_only_with_trigger']) retrieved from /home/airflow/.local/lib/python3.7/site-packages/airflow/example_dags/example_latest_only_with_trigger.py
[2022-05-07 13:50:00,975] {logging_mixin.py:109} INFO - [2022-05-07 13:50:00,975] {dag.py:2398} INFO - Sync 1 DAGs
[2022-05-07 13:50:01,008] {logging_mixin.py:109} INFO - [2022-05-07 13:50:01,008] {dag.py:2937} INFO - Setting next_dagrun for latest_only_with_trigger to 2022-05-07T09:50:01.008273+00:00
[2022-05-07 13:50:01,028] {processor.py:171} INFO - Processing /home/airflow/.local/lib/python3.7/site-packages/airflow/example_dags/example_latest_only_with_trigger.py took 0.146 seconds
[2022-05-07 13:50:31,567] {processor.py:163} INFO - Started process (PID=1781) to work on /home/airflow/.local/lib/python3.7/site-packages/airflow/example_dags/example_latest_only_with_trigger.py
[2022-05-07 13:50:31,576] {processor.py:642} INFO - Processing file /home/airflow/.local/lib/python3.7/site-packages/airflow/example_dags/example_latest_only_with_trigger.py for tasks to queue
[2022-05-07 13:50:31,583] {logging_mixin.py:109} INFO - [2022-05-07 13:50:31,582] {dagbag.py:500} INFO - Filling up the DagBag from /home/airflow/.local/lib/python3.7/site-packages/airflow/example_dags/example_latest_only_with_trigger.py
[2022-05-07 13:50:31,633] {processor.py:652} INFO - DAG(s) dict_keys(['latest_only_with_trigger']) retrieved from /home/airflow/.local/lib/python3.7/site-packages/airflow/example_dags/example_latest_only_with_trigger.py
[2022-05-07 13:50:31,689] {logging_mixin.py:109} INFO - [2022-05-07 13:50:31,689] {dag.py:2398} INFO - Sync 1 DAGs
[2022-05-07 13:50:31,729] {logging_mixin.py:109} INFO - [2022-05-07 13:50:31,729] {dag.py:2937} INFO - Setting next_dagrun for latest_only_with_trigger to 2022-05-07T09:50:31.728653+00:00
[2022-05-07 13:50:31,765] {processor.py:171} INFO - Processing /home/airflow/.local/lib/python3.7/site-packages/airflow/example_dags/example_latest_only_with_trigger.py took 0.219 seconds
[2022-05-07 13:51:02,503] {processor.py:163} INFO - Started process (PID=1837) to work on /home/airflow/.local/lib/python3.7/site-packages/airflow/example_dags/example_latest_only_with_trigger.py
[2022-05-07 13:51:02,508] {processor.py:642} INFO - Processing file /home/airflow/.local/lib/python3.7/site-packages/airflow/example_dags/example_latest_only_with_trigger.py for tasks to queue
[2022-05-07 13:51:02,511] {logging_mixin.py:109} INFO - [2022-05-07 13:51:02,511] {dagbag.py:500} INFO - Filling up the DagBag from /home/airflow/.local/lib/python3.7/site-packages/airflow/example_dags/example_latest_only_with_trigger.py
[2022-05-07 13:51:02,552] {processor.py:652} INFO - DAG(s) dict_keys(['latest_only_with_trigger']) retrieved from /home/airflow/.local/lib/python3.7/site-packages/airflow/example_dags/example_latest_only_with_trigger.py
[2022-05-07 13:51:02,594] {logging_mixin.py:109} INFO - [2022-05-07 13:51:02,594] {dag.py:2398} INFO - Sync 1 DAGs
[2022-05-07 13:51:02,627] {logging_mixin.py:109} INFO - [2022-05-07 13:51:02,626] {dag.py:2937} INFO - Setting next_dagrun for latest_only_with_trigger to 2022-05-07T09:51:02.626396+00:00
[2022-05-07 13:51:02,646] {processor.py:171} INFO - Processing /home/airflow/.local/lib/python3.7/site-packages/airflow/example_dags/example_latest_only_with_trigger.py took 0.159 seconds
[2022-05-07 13:51:33,257] {processor.py:163} INFO - Started process (PID=1899) to work on /home/airflow/.local/lib/python3.7/site-packages/airflow/example_dags/example_latest_only_with_trigger.py
[2022-05-07 13:51:33,261] {processor.py:642} INFO - Processing file /home/airflow/.local/lib/python3.7/site-packages/airflow/example_dags/example_latest_only_with_trigger.py for tasks to queue
[2022-05-07 13:51:33,268] {logging_mixin.py:109} INFO - [2022-05-07 13:51:33,267] {dagbag.py:500} INFO - Filling up the DagBag from /home/airflow/.local/lib/python3.7/site-packages/airflow/example_dags/example_latest_only_with_trigger.py
[2022-05-07 13:51:33,322] {processor.py:652} INFO - DAG(s) dict_keys(['latest_only_with_trigger']) retrieved from /home/airflow/.local/lib/python3.7/site-packages/airflow/example_dags/example_latest_only_with_trigger.py
[2022-05-07 13:51:33,416] {logging_mixin.py:109} INFO - [2022-05-07 13:51:33,416] {dag.py:2398} INFO - Sync 1 DAGs
[2022-05-07 13:51:33,466] {logging_mixin.py:109} INFO - [2022-05-07 13:51:33,465] {dag.py:2937} INFO - Setting next_dagrun for latest_only_with_trigger to 2022-05-07T09:51:33.464567+00:00
[2022-05-07 13:51:33,499] {processor.py:171} INFO - Processing /home/airflow/.local/lib/python3.7/site-packages/airflow/example_dags/example_latest_only_with_trigger.py took 0.255 seconds
[2022-05-07 13:52:03,644] {processor.py:163} INFO - Started process (PID=1952) to work on /home/airflow/.local/lib/python3.7/site-packages/airflow/example_dags/example_latest_only_with_trigger.py
[2022-05-07 13:52:03,649] {processor.py:642} INFO - Processing file /home/airflow/.local/lib/python3.7/site-packages/airflow/example_dags/example_latest_only_with_trigger.py for tasks to queue
[2022-05-07 13:52:03,651] {logging_mixin.py:109} INFO - [2022-05-07 13:52:03,651] {dagbag.py:500} INFO - Filling up the DagBag from /home/airflow/.local/lib/python3.7/site-packages/airflow/example_dags/example_latest_only_with_trigger.py
[2022-05-07 13:52:03,685] {processor.py:652} INFO - DAG(s) dict_keys(['latest_only_with_trigger']) retrieved from /home/airflow/.local/lib/python3.7/site-packages/airflow/example_dags/example_latest_only_with_trigger.py
[2022-05-07 13:52:03,834] {logging_mixin.py:109} INFO - [2022-05-07 13:52:03,833] {dag.py:2398} INFO - Sync 1 DAGs
[2022-05-07 13:52:03,964] {logging_mixin.py:109} INFO - [2022-05-07 13:52:03,963] {dag.py:2937} INFO - Setting next_dagrun for latest_only_with_trigger to 2022-05-07T09:52:03.963398+00:00
[2022-05-07 13:52:03,998] {processor.py:171} INFO - Processing /home/airflow/.local/lib/python3.7/site-packages/airflow/example_dags/example_latest_only_with_trigger.py took 0.361 seconds
[2022-05-07 13:52:34,180] {processor.py:163} INFO - Started process (PID=2008) to work on /home/airflow/.local/lib/python3.7/site-packages/airflow/example_dags/example_latest_only_with_trigger.py
[2022-05-07 13:52:34,184] {processor.py:642} INFO - Processing file /home/airflow/.local/lib/python3.7/site-packages/airflow/example_dags/example_latest_only_with_trigger.py for tasks to queue
[2022-05-07 13:52:34,186] {logging_mixin.py:109} INFO - [2022-05-07 13:52:34,186] {dagbag.py:500} INFO - Filling up the DagBag from /home/airflow/.local/lib/python3.7/site-packages/airflow/example_dags/example_latest_only_with_trigger.py
[2022-05-07 13:52:34,215] {processor.py:652} INFO - DAG(s) dict_keys(['latest_only_with_trigger']) retrieved from /home/airflow/.local/lib/python3.7/site-packages/airflow/example_dags/example_latest_only_with_trigger.py
[2022-05-07 13:52:34,273] {logging_mixin.py:109} INFO - [2022-05-07 13:52:34,273] {dag.py:2398} INFO - Sync 1 DAGs
[2022-05-07 13:52:34,303] {logging_mixin.py:109} INFO - [2022-05-07 13:52:34,302] {dag.py:2937} INFO - Setting next_dagrun for latest_only_with_trigger to 2022-05-07T09:52:34.302391+00:00
[2022-05-07 13:52:34,324] {processor.py:171} INFO - Processing /home/airflow/.local/lib/python3.7/site-packages/airflow/example_dags/example_latest_only_with_trigger.py took 0.149 seconds
[2022-05-07 13:53:04,467] {processor.py:163} INFO - Started process (PID=2063) to work on /home/airflow/.local/lib/python3.7/site-packages/airflow/example_dags/example_latest_only_with_trigger.py
[2022-05-07 13:53:04,471] {processor.py:642} INFO - Processing file /home/airflow/.local/lib/python3.7/site-packages/airflow/example_dags/example_latest_only_with_trigger.py for tasks to queue
[2022-05-07 13:53:04,473] {logging_mixin.py:109} INFO - [2022-05-07 13:53:04,473] {dagbag.py:500} INFO - Filling up the DagBag from /home/airflow/.local/lib/python3.7/site-packages/airflow/example_dags/example_latest_only_with_trigger.py
[2022-05-07 13:53:04,508] {processor.py:652} INFO - DAG(s) dict_keys(['latest_only_with_trigger']) retrieved from /home/airflow/.local/lib/python3.7/site-packages/airflow/example_dags/example_latest_only_with_trigger.py
[2022-05-07 13:53:04,560] {logging_mixin.py:109} INFO - [2022-05-07 13:53:04,560] {dag.py:2398} INFO - Sync 1 DAGs
[2022-05-07 13:53:04,598] {logging_mixin.py:109} INFO - [2022-05-07 13:53:04,597] {dag.py:2937} INFO - Setting next_dagrun for latest_only_with_trigger to 2022-05-07T09:53:04.596686+00:00
[2022-05-07 13:53:04,627] {processor.py:171} INFO - Processing /home/airflow/.local/lib/python3.7/site-packages/airflow/example_dags/example_latest_only_with_trigger.py took 0.169 seconds
[2022-05-07 13:53:35,443] {processor.py:163} INFO - Started process (PID=2129) to work on /home/airflow/.local/lib/python3.7/site-packages/airflow/example_dags/example_latest_only_with_trigger.py
[2022-05-07 13:53:35,449] {processor.py:642} INFO - Processing file /home/airflow/.local/lib/python3.7/site-packages/airflow/example_dags/example_latest_only_with_trigger.py for tasks to queue
[2022-05-07 13:53:35,452] {logging_mixin.py:109} INFO - [2022-05-07 13:53:35,452] {dagbag.py:500} INFO - Filling up the DagBag from /home/airflow/.local/lib/python3.7/site-packages/airflow/example_dags/example_latest_only_with_trigger.py
[2022-05-07 13:53:35,494] {processor.py:652} INFO - DAG(s) dict_keys(['latest_only_with_trigger']) retrieved from /home/airflow/.local/lib/python3.7/site-packages/airflow/example_dags/example_latest_only_with_trigger.py
[2022-05-07 13:53:35,548] {logging_mixin.py:109} INFO - [2022-05-07 13:53:35,547] {dag.py:2398} INFO - Sync 1 DAGs
[2022-05-07 13:53:35,597] {logging_mixin.py:109} INFO - [2022-05-07 13:53:35,597] {dag.py:2937} INFO - Setting next_dagrun for latest_only_with_trigger to 2022-05-07T09:53:35.597291+00:00
[2022-05-07 13:53:35,651] {processor.py:171} INFO - Processing /home/airflow/.local/lib/python3.7/site-packages/airflow/example_dags/example_latest_only_with_trigger.py took 0.219 seconds
[2022-05-07 13:54:05,723] {processor.py:163} INFO - Started process (PID=2182) to work on /home/airflow/.local/lib/python3.7/site-packages/airflow/example_dags/example_latest_only_with_trigger.py
[2022-05-07 13:54:05,729] {processor.py:642} INFO - Processing file /home/airflow/.local/lib/python3.7/site-packages/airflow/example_dags/example_latest_only_with_trigger.py for tasks to queue
[2022-05-07 13:54:05,732] {logging_mixin.py:109} INFO - [2022-05-07 13:54:05,732] {dagbag.py:500} INFO - Filling up the DagBag from /home/airflow/.local/lib/python3.7/site-packages/airflow/example_dags/example_latest_only_with_trigger.py
[2022-05-07 13:54:05,758] {processor.py:652} INFO - DAG(s) dict_keys(['latest_only_with_trigger']) retrieved from /home/airflow/.local/lib/python3.7/site-packages/airflow/example_dags/example_latest_only_with_trigger.py
[2022-05-07 13:54:05,796] {logging_mixin.py:109} INFO - [2022-05-07 13:54:05,795] {dag.py:2398} INFO - Sync 1 DAGs
[2022-05-07 13:54:05,825] {logging_mixin.py:109} INFO - [2022-05-07 13:54:05,824] {dag.py:2937} INFO - Setting next_dagrun for latest_only_with_trigger to 2022-05-07T09:54:05.824458+00:00
[2022-05-07 13:54:05,844] {processor.py:171} INFO - Processing /home/airflow/.local/lib/python3.7/site-packages/airflow/example_dags/example_latest_only_with_trigger.py took 0.126 seconds
[2022-05-07 13:54:35,960] {processor.py:163} INFO - Started process (PID=2234) to work on /home/airflow/.local/lib/python3.7/site-packages/airflow/example_dags/example_latest_only_with_trigger.py
[2022-05-07 13:54:35,963] {processor.py:642} INFO - Processing file /home/airflow/.local/lib/python3.7/site-packages/airflow/example_dags/example_latest_only_with_trigger.py for tasks to queue
[2022-05-07 13:54:35,965] {logging_mixin.py:109} INFO - [2022-05-07 13:54:35,965] {dagbag.py:500} INFO - Filling up the DagBag from /home/airflow/.local/lib/python3.7/site-packages/airflow/example_dags/example_latest_only_with_trigger.py
[2022-05-07 13:54:36,013] {processor.py:652} INFO - DAG(s) dict_keys(['latest_only_with_trigger']) retrieved from /home/airflow/.local/lib/python3.7/site-packages/airflow/example_dags/example_latest_only_with_trigger.py
[2022-05-07 13:54:36,060] {logging_mixin.py:109} INFO - [2022-05-07 13:54:36,060] {dag.py:2398} INFO - Sync 1 DAGs
[2022-05-07 13:54:36,088] {logging_mixin.py:109} INFO - [2022-05-07 13:54:36,088] {dag.py:2937} INFO - Setting next_dagrun for latest_only_with_trigger to 2022-05-07T09:54:36.088237+00:00
[2022-05-07 13:54:36,109] {processor.py:171} INFO - Processing /home/airflow/.local/lib/python3.7/site-packages/airflow/example_dags/example_latest_only_with_trigger.py took 0.156 seconds
[2022-05-07 13:55:06,469] {processor.py:163} INFO - Started process (PID=2287) to work on /home/airflow/.local/lib/python3.7/site-packages/airflow/example_dags/example_latest_only_with_trigger.py
[2022-05-07 13:55:06,476] {processor.py:642} INFO - Processing file /home/airflow/.local/lib/python3.7/site-packages/airflow/example_dags/example_latest_only_with_trigger.py for tasks to queue
[2022-05-07 13:55:06,480] {logging_mixin.py:109} INFO - [2022-05-07 13:55:06,480] {dagbag.py:500} INFO - Filling up the DagBag from /home/airflow/.local/lib/python3.7/site-packages/airflow/example_dags/example_latest_only_with_trigger.py
[2022-05-07 13:55:06,528] {processor.py:652} INFO - DAG(s) dict_keys(['latest_only_with_trigger']) retrieved from /home/airflow/.local/lib/python3.7/site-packages/airflow/example_dags/example_latest_only_with_trigger.py
[2022-05-07 13:55:06,565] {logging_mixin.py:109} INFO - [2022-05-07 13:55:06,565] {dag.py:2398} INFO - Sync 1 DAGs
[2022-05-07 13:55:06,591] {logging_mixin.py:109} INFO - [2022-05-07 13:55:06,590] {dag.py:2937} INFO - Setting next_dagrun for latest_only_with_trigger to 2022-05-07T09:55:06.590138+00:00
[2022-05-07 13:55:06,609] {processor.py:171} INFO - Processing /home/airflow/.local/lib/python3.7/site-packages/airflow/example_dags/example_latest_only_with_trigger.py took 0.153 seconds
[2022-05-07 13:55:36,772] {processor.py:163} INFO - Started process (PID=2349) to work on /home/airflow/.local/lib/python3.7/site-packages/airflow/example_dags/example_latest_only_with_trigger.py
[2022-05-07 13:55:36,778] {processor.py:642} INFO - Processing file /home/airflow/.local/lib/python3.7/site-packages/airflow/example_dags/example_latest_only_with_trigger.py for tasks to queue
[2022-05-07 13:55:36,783] {logging_mixin.py:109} INFO - [2022-05-07 13:55:36,782] {dagbag.py:500} INFO - Filling up the DagBag from /home/airflow/.local/lib/python3.7/site-packages/airflow/example_dags/example_latest_only_with_trigger.py
[2022-05-07 13:55:36,813] {processor.py:652} INFO - DAG(s) dict_keys(['latest_only_with_trigger']) retrieved from /home/airflow/.local/lib/python3.7/site-packages/airflow/example_dags/example_latest_only_with_trigger.py
[2022-05-07 13:55:36,852] {logging_mixin.py:109} INFO - [2022-05-07 13:55:36,851] {dag.py:2398} INFO - Sync 1 DAGs
[2022-05-07 13:55:36,878] {logging_mixin.py:109} INFO - [2022-05-07 13:55:36,878] {dag.py:2937} INFO - Setting next_dagrun for latest_only_with_trigger to 2022-05-07T09:55:36.877881+00:00
[2022-05-07 13:55:36,898] {processor.py:171} INFO - Processing /home/airflow/.local/lib/python3.7/site-packages/airflow/example_dags/example_latest_only_with_trigger.py took 0.134 seconds
[2022-05-07 13:56:06,969] {processor.py:163} INFO - Started process (PID=2400) to work on /home/airflow/.local/lib/python3.7/site-packages/airflow/example_dags/example_latest_only_with_trigger.py
[2022-05-07 13:56:06,971] {processor.py:642} INFO - Processing file /home/airflow/.local/lib/python3.7/site-packages/airflow/example_dags/example_latest_only_with_trigger.py for tasks to queue
[2022-05-07 13:56:06,973] {logging_mixin.py:109} INFO - [2022-05-07 13:56:06,973] {dagbag.py:500} INFO - Filling up the DagBag from /home/airflow/.local/lib/python3.7/site-packages/airflow/example_dags/example_latest_only_with_trigger.py
[2022-05-07 13:56:07,031] {processor.py:652} INFO - DAG(s) dict_keys(['latest_only_with_trigger']) retrieved from /home/airflow/.local/lib/python3.7/site-packages/airflow/example_dags/example_latest_only_with_trigger.py
[2022-05-07 13:56:07,066] {logging_mixin.py:109} INFO - [2022-05-07 13:56:07,065] {dag.py:2398} INFO - Sync 1 DAGs
[2022-05-07 13:56:07,090] {logging_mixin.py:109} INFO - [2022-05-07 13:56:07,090] {dag.py:2937} INFO - Setting next_dagrun for latest_only_with_trigger to 2022-05-07T09:56:07.089873+00:00
[2022-05-07 13:56:07,106] {processor.py:171} INFO - Processing /home/airflow/.local/lib/python3.7/site-packages/airflow/example_dags/example_latest_only_with_trigger.py took 0.143 seconds
[2022-05-07 13:56:37,796] {processor.py:163} INFO - Started process (PID=2452) to work on /home/airflow/.local/lib/python3.7/site-packages/airflow/example_dags/example_latest_only_with_trigger.py
[2022-05-07 13:56:37,799] {processor.py:642} INFO - Processing file /home/airflow/.local/lib/python3.7/site-packages/airflow/example_dags/example_latest_only_with_trigger.py for tasks to queue
[2022-05-07 13:56:37,801] {logging_mixin.py:109} INFO - [2022-05-07 13:56:37,801] {dagbag.py:500} INFO - Filling up the DagBag from /home/airflow/.local/lib/python3.7/site-packages/airflow/example_dags/example_latest_only_with_trigger.py
[2022-05-07 13:56:37,829] {processor.py:652} INFO - DAG(s) dict_keys(['latest_only_with_trigger']) retrieved from /home/airflow/.local/lib/python3.7/site-packages/airflow/example_dags/example_latest_only_with_trigger.py
[2022-05-07 13:56:37,871] {logging_mixin.py:109} INFO - [2022-05-07 13:56:37,870] {dag.py:2398} INFO - Sync 1 DAGs
[2022-05-07 13:56:37,894] {logging_mixin.py:109} INFO - [2022-05-07 13:56:37,894] {dag.py:2937} INFO - Setting next_dagrun for latest_only_with_trigger to 2022-05-07T09:56:37.893720+00:00
[2022-05-07 13:56:37,918] {processor.py:171} INFO - Processing /home/airflow/.local/lib/python3.7/site-packages/airflow/example_dags/example_latest_only_with_trigger.py took 0.127 seconds
[2022-05-07 13:57:09,028] {processor.py:163} INFO - Started process (PID=2505) to work on /home/airflow/.local/lib/python3.7/site-packages/airflow/example_dags/example_latest_only_with_trigger.py
[2022-05-07 13:57:09,036] {processor.py:642} INFO - Processing file /home/airflow/.local/lib/python3.7/site-packages/airflow/example_dags/example_latest_only_with_trigger.py for tasks to queue
[2022-05-07 13:57:09,042] {logging_mixin.py:109} INFO - [2022-05-07 13:57:09,041] {dagbag.py:500} INFO - Filling up the DagBag from /home/airflow/.local/lib/python3.7/site-packages/airflow/example_dags/example_latest_only_with_trigger.py
[2022-05-07 13:57:09,115] {processor.py:652} INFO - DAG(s) dict_keys(['latest_only_with_trigger']) retrieved from /home/airflow/.local/lib/python3.7/site-packages/airflow/example_dags/example_latest_only_with_trigger.py
[2022-05-07 13:57:09,234] {logging_mixin.py:109} INFO - [2022-05-07 13:57:09,234] {dag.py:2398} INFO - Sync 1 DAGs
[2022-05-07 13:57:09,358] {logging_mixin.py:109} INFO - [2022-05-07 13:57:09,357] {dag.py:2937} INFO - Setting next_dagrun for latest_only_with_trigger to 2022-05-07T09:57:09.357350+00:00
[2022-05-07 13:57:09,424] {processor.py:171} INFO - Processing /home/airflow/.local/lib/python3.7/site-packages/airflow/example_dags/example_latest_only_with_trigger.py took 0.406 seconds
