[2022-05-07 13:34:08,584] {processor.py:163} INFO - Started process (PID=169) to work on /home/airflow/.local/lib/python3.7/site-packages/airflow/example_dags/example_trigger_target_dag.py
[2022-05-07 13:34:08,589] {processor.py:642} INFO - Processing file /home/airflow/.local/lib/python3.7/site-packages/airflow/example_dags/example_trigger_target_dag.py for tasks to queue
[2022-05-07 13:34:08,593] {logging_mixin.py:109} INFO - [2022-05-07 13:34:08,593] {dagbag.py:500} INFO - Filling up the DagBag from /home/airflow/.local/lib/python3.7/site-packages/airflow/example_dags/example_trigger_target_dag.py
[2022-05-07 13:34:08,635] {processor.py:652} INFO - DAG(s) dict_keys(['example_trigger_target_dag']) retrieved from /home/airflow/.local/lib/python3.7/site-packages/airflow/example_dags/example_trigger_target_dag.py
[2022-05-07 13:34:11,182] {logging_mixin.py:109} INFO - [2022-05-07 13:34:11,182] {manager.py:496} INFO - Created Permission View: can edit on DAG:example_trigger_target_dag
[2022-05-07 13:34:11,199] {logging_mixin.py:109} INFO - [2022-05-07 13:34:11,199] {manager.py:496} INFO - Created Permission View: can read on DAG:example_trigger_target_dag
[2022-05-07 13:34:11,202] {logging_mixin.py:109} INFO - [2022-05-07 13:34:11,201] {dag.py:2398} INFO - Sync 1 DAGs
[2022-05-07 13:34:11,219] {logging_mixin.py:109} INFO - [2022-05-07 13:34:11,219] {dag.py:2417} INFO - Creating ORM DAG for example_trigger_target_dag
[2022-05-07 13:34:11,233] {logging_mixin.py:109} INFO - [2022-05-07 13:34:11,233] {dag.py:2937} INFO - Setting next_dagrun for example_trigger_target_dag to None
[2022-05-07 13:34:11,248] {processor.py:171} INFO - Processing /home/airflow/.local/lib/python3.7/site-packages/airflow/example_dags/example_trigger_target_dag.py took 2.675 seconds
[2022-05-07 13:34:41,943] {processor.py:163} INFO - Started process (PID=268) to work on /home/airflow/.local/lib/python3.7/site-packages/airflow/example_dags/example_trigger_target_dag.py
[2022-05-07 13:34:41,946] {processor.py:642} INFO - Processing file /home/airflow/.local/lib/python3.7/site-packages/airflow/example_dags/example_trigger_target_dag.py for tasks to queue
[2022-05-07 13:34:41,948] {logging_mixin.py:109} INFO - [2022-05-07 13:34:41,948] {dagbag.py:500} INFO - Filling up the DagBag from /home/airflow/.local/lib/python3.7/site-packages/airflow/example_dags/example_trigger_target_dag.py
[2022-05-07 13:34:41,977] {processor.py:652} INFO - DAG(s) dict_keys(['example_trigger_target_dag']) retrieved from /home/airflow/.local/lib/python3.7/site-packages/airflow/example_dags/example_trigger_target_dag.py
[2022-05-07 13:34:42,016] {logging_mixin.py:109} INFO - [2022-05-07 13:34:42,016] {dag.py:2398} INFO - Sync 1 DAGs
[2022-05-07 13:34:42,047] {logging_mixin.py:109} INFO - [2022-05-07 13:34:42,047] {dag.py:2937} INFO - Setting next_dagrun for example_trigger_target_dag to None
[2022-05-07 13:34:42,070] {processor.py:171} INFO - Processing /home/airflow/.local/lib/python3.7/site-packages/airflow/example_dags/example_trigger_target_dag.py took 0.132 seconds
[2022-05-07 13:35:12,527] {processor.py:163} INFO - Started process (PID=321) to work on /home/airflow/.local/lib/python3.7/site-packages/airflow/example_dags/example_trigger_target_dag.py
[2022-05-07 13:35:12,530] {processor.py:642} INFO - Processing file /home/airflow/.local/lib/python3.7/site-packages/airflow/example_dags/example_trigger_target_dag.py for tasks to queue
[2022-05-07 13:35:12,531] {logging_mixin.py:109} INFO - [2022-05-07 13:35:12,531] {dagbag.py:500} INFO - Filling up the DagBag from /home/airflow/.local/lib/python3.7/site-packages/airflow/example_dags/example_trigger_target_dag.py
[2022-05-07 13:35:12,559] {processor.py:652} INFO - DAG(s) dict_keys(['example_trigger_target_dag']) retrieved from /home/airflow/.local/lib/python3.7/site-packages/airflow/example_dags/example_trigger_target_dag.py
[2022-05-07 13:35:12,596] {logging_mixin.py:109} INFO - [2022-05-07 13:35:12,596] {dag.py:2398} INFO - Sync 1 DAGs
[2022-05-07 13:35:12,622] {logging_mixin.py:109} INFO - [2022-05-07 13:35:12,622] {dag.py:2937} INFO - Setting next_dagrun for example_trigger_target_dag to None
[2022-05-07 13:35:12,640] {processor.py:171} INFO - Processing /home/airflow/.local/lib/python3.7/site-packages/airflow/example_dags/example_trigger_target_dag.py took 0.118 seconds
[2022-05-07 13:35:42,767] {processor.py:163} INFO - Started process (PID=372) to work on /home/airflow/.local/lib/python3.7/site-packages/airflow/example_dags/example_trigger_target_dag.py
[2022-05-07 13:35:42,772] {processor.py:642} INFO - Processing file /home/airflow/.local/lib/python3.7/site-packages/airflow/example_dags/example_trigger_target_dag.py for tasks to queue
[2022-05-07 13:35:42,774] {logging_mixin.py:109} INFO - [2022-05-07 13:35:42,774] {dagbag.py:500} INFO - Filling up the DagBag from /home/airflow/.local/lib/python3.7/site-packages/airflow/example_dags/example_trigger_target_dag.py
[2022-05-07 13:35:42,817] {processor.py:652} INFO - DAG(s) dict_keys(['example_trigger_target_dag']) retrieved from /home/airflow/.local/lib/python3.7/site-packages/airflow/example_dags/example_trigger_target_dag.py
[2022-05-07 13:35:42,854] {logging_mixin.py:109} INFO - [2022-05-07 13:35:42,854] {dag.py:2398} INFO - Sync 1 DAGs
[2022-05-07 13:35:42,878] {logging_mixin.py:109} INFO - [2022-05-07 13:35:42,878] {dag.py:2937} INFO - Setting next_dagrun for example_trigger_target_dag to None
[2022-05-07 13:35:42,895] {processor.py:171} INFO - Processing /home/airflow/.local/lib/python3.7/site-packages/airflow/example_dags/example_trigger_target_dag.py took 0.133 seconds
[2022-05-07 13:36:13,360] {processor.py:163} INFO - Started process (PID=432) to work on /home/airflow/.local/lib/python3.7/site-packages/airflow/example_dags/example_trigger_target_dag.py
[2022-05-07 13:36:13,364] {processor.py:642} INFO - Processing file /home/airflow/.local/lib/python3.7/site-packages/airflow/example_dags/example_trigger_target_dag.py for tasks to queue
[2022-05-07 13:36:13,367] {logging_mixin.py:109} INFO - [2022-05-07 13:36:13,367] {dagbag.py:500} INFO - Filling up the DagBag from /home/airflow/.local/lib/python3.7/site-packages/airflow/example_dags/example_trigger_target_dag.py
[2022-05-07 13:36:13,413] {processor.py:652} INFO - DAG(s) dict_keys(['example_trigger_target_dag']) retrieved from /home/airflow/.local/lib/python3.7/site-packages/airflow/example_dags/example_trigger_target_dag.py
[2022-05-07 13:36:13,528] {logging_mixin.py:109} INFO - [2022-05-07 13:36:13,527] {dag.py:2398} INFO - Sync 1 DAGs
[2022-05-07 13:36:13,626] {logging_mixin.py:109} INFO - [2022-05-07 13:36:13,626] {dag.py:2937} INFO - Setting next_dagrun for example_trigger_target_dag to None
[2022-05-07 13:36:13,692] {processor.py:171} INFO - Processing /home/airflow/.local/lib/python3.7/site-packages/airflow/example_dags/example_trigger_target_dag.py took 0.337 seconds
[2022-05-07 13:36:49,930] {processor.py:163} INFO - Started process (PID=484) to work on /home/airflow/.local/lib/python3.7/site-packages/airflow/example_dags/example_trigger_target_dag.py
[2022-05-07 13:36:49,933] {processor.py:642} INFO - Processing file /home/airflow/.local/lib/python3.7/site-packages/airflow/example_dags/example_trigger_target_dag.py for tasks to queue
[2022-05-07 13:36:49,936] {logging_mixin.py:109} INFO - [2022-05-07 13:36:49,936] {dagbag.py:500} INFO - Filling up the DagBag from /home/airflow/.local/lib/python3.7/site-packages/airflow/example_dags/example_trigger_target_dag.py
[2022-05-07 13:36:49,983] {processor.py:652} INFO - DAG(s) dict_keys(['example_trigger_target_dag']) retrieved from /home/airflow/.local/lib/python3.7/site-packages/airflow/example_dags/example_trigger_target_dag.py
[2022-05-07 13:36:50,023] {logging_mixin.py:109} INFO - [2022-05-07 13:36:50,023] {dag.py:2398} INFO - Sync 1 DAGs
[2022-05-07 13:36:50,058] {logging_mixin.py:109} INFO - [2022-05-07 13:36:50,058] {dag.py:2937} INFO - Setting next_dagrun for example_trigger_target_dag to None
[2022-05-07 13:36:50,075] {processor.py:171} INFO - Processing /home/airflow/.local/lib/python3.7/site-packages/airflow/example_dags/example_trigger_target_dag.py took 0.151 seconds
[2022-05-07 13:37:20,877] {processor.py:163} INFO - Started process (PID=536) to work on /home/airflow/.local/lib/python3.7/site-packages/airflow/example_dags/example_trigger_target_dag.py
[2022-05-07 13:37:20,882] {processor.py:642} INFO - Processing file /home/airflow/.local/lib/python3.7/site-packages/airflow/example_dags/example_trigger_target_dag.py for tasks to queue
[2022-05-07 13:37:20,885] {logging_mixin.py:109} INFO - [2022-05-07 13:37:20,885] {dagbag.py:500} INFO - Filling up the DagBag from /home/airflow/.local/lib/python3.7/site-packages/airflow/example_dags/example_trigger_target_dag.py
[2022-05-07 13:37:20,925] {processor.py:652} INFO - DAG(s) dict_keys(['example_trigger_target_dag']) retrieved from /home/airflow/.local/lib/python3.7/site-packages/airflow/example_dags/example_trigger_target_dag.py
[2022-05-07 13:37:20,992] {logging_mixin.py:109} INFO - [2022-05-07 13:37:20,992] {dag.py:2398} INFO - Sync 1 DAGs
[2022-05-07 13:37:21,052] {logging_mixin.py:109} INFO - [2022-05-07 13:37:21,052] {dag.py:2937} INFO - Setting next_dagrun for example_trigger_target_dag to None
[2022-05-07 13:37:21,102] {processor.py:171} INFO - Processing /home/airflow/.local/lib/python3.7/site-packages/airflow/example_dags/example_trigger_target_dag.py took 0.231 seconds
[2022-05-07 13:37:51,433] {processor.py:163} INFO - Started process (PID=590) to work on /home/airflow/.local/lib/python3.7/site-packages/airflow/example_dags/example_trigger_target_dag.py
[2022-05-07 13:37:51,437] {processor.py:642} INFO - Processing file /home/airflow/.local/lib/python3.7/site-packages/airflow/example_dags/example_trigger_target_dag.py for tasks to queue
[2022-05-07 13:37:51,440] {logging_mixin.py:109} INFO - [2022-05-07 13:37:51,439] {dagbag.py:500} INFO - Filling up the DagBag from /home/airflow/.local/lib/python3.7/site-packages/airflow/example_dags/example_trigger_target_dag.py
[2022-05-07 13:37:51,491] {processor.py:652} INFO - DAG(s) dict_keys(['example_trigger_target_dag']) retrieved from /home/airflow/.local/lib/python3.7/site-packages/airflow/example_dags/example_trigger_target_dag.py
[2022-05-07 13:37:51,535] {logging_mixin.py:109} INFO - [2022-05-07 13:37:51,535] {dag.py:2398} INFO - Sync 1 DAGs
[2022-05-07 13:37:51,565] {logging_mixin.py:109} INFO - [2022-05-07 13:37:51,565] {dag.py:2937} INFO - Setting next_dagrun for example_trigger_target_dag to None
[2022-05-07 13:37:51,589] {processor.py:171} INFO - Processing /home/airflow/.local/lib/python3.7/site-packages/airflow/example_dags/example_trigger_target_dag.py took 0.160 seconds
[2022-05-07 13:38:22,709] {processor.py:163} INFO - Started process (PID=642) to work on /home/airflow/.local/lib/python3.7/site-packages/airflow/example_dags/example_trigger_target_dag.py
[2022-05-07 13:38:22,717] {processor.py:642} INFO - Processing file /home/airflow/.local/lib/python3.7/site-packages/airflow/example_dags/example_trigger_target_dag.py for tasks to queue
[2022-05-07 13:38:22,733] {logging_mixin.py:109} INFO - [2022-05-07 13:38:22,731] {dagbag.py:500} INFO - Filling up the DagBag from /home/airflow/.local/lib/python3.7/site-packages/airflow/example_dags/example_trigger_target_dag.py
[2022-05-07 13:38:22,780] {processor.py:652} INFO - DAG(s) dict_keys(['example_trigger_target_dag']) retrieved from /home/airflow/.local/lib/python3.7/site-packages/airflow/example_dags/example_trigger_target_dag.py
[2022-05-07 13:38:22,835] {logging_mixin.py:109} INFO - [2022-05-07 13:38:22,834] {dag.py:2398} INFO - Sync 1 DAGs
[2022-05-07 13:38:22,875] {logging_mixin.py:109} INFO - [2022-05-07 13:38:22,875] {dag.py:2937} INFO - Setting next_dagrun for example_trigger_target_dag to None
[2022-05-07 13:38:22,904] {processor.py:171} INFO - Processing /home/airflow/.local/lib/python3.7/site-packages/airflow/example_dags/example_trigger_target_dag.py took 0.207 seconds
[2022-05-07 13:38:54,454] {processor.py:163} INFO - Started process (PID=694) to work on /home/airflow/.local/lib/python3.7/site-packages/airflow/example_dags/example_trigger_target_dag.py
[2022-05-07 13:38:54,459] {processor.py:642} INFO - Processing file /home/airflow/.local/lib/python3.7/site-packages/airflow/example_dags/example_trigger_target_dag.py for tasks to queue
[2022-05-07 13:38:54,474] {logging_mixin.py:109} INFO - [2022-05-07 13:38:54,474] {dagbag.py:500} INFO - Filling up the DagBag from /home/airflow/.local/lib/python3.7/site-packages/airflow/example_dags/example_trigger_target_dag.py
[2022-05-07 13:38:54,555] {processor.py:652} INFO - DAG(s) dict_keys(['example_trigger_target_dag']) retrieved from /home/airflow/.local/lib/python3.7/site-packages/airflow/example_dags/example_trigger_target_dag.py
[2022-05-07 13:38:54,644] {logging_mixin.py:109} INFO - [2022-05-07 13:38:54,644] {dag.py:2398} INFO - Sync 1 DAGs
[2022-05-07 13:38:54,718] {logging_mixin.py:109} INFO - [2022-05-07 13:38:54,717] {dag.py:2937} INFO - Setting next_dagrun for example_trigger_target_dag to None
[2022-05-07 13:38:54,759] {processor.py:171} INFO - Processing /home/airflow/.local/lib/python3.7/site-packages/airflow/example_dags/example_trigger_target_dag.py took 0.321 seconds
[2022-05-07 13:39:25,347] {processor.py:163} INFO - Started process (PID=747) to work on /home/airflow/.local/lib/python3.7/site-packages/airflow/example_dags/example_trigger_target_dag.py
[2022-05-07 13:39:25,350] {processor.py:642} INFO - Processing file /home/airflow/.local/lib/python3.7/site-packages/airflow/example_dags/example_trigger_target_dag.py for tasks to queue
[2022-05-07 13:39:25,352] {logging_mixin.py:109} INFO - [2022-05-07 13:39:25,352] {dagbag.py:500} INFO - Filling up the DagBag from /home/airflow/.local/lib/python3.7/site-packages/airflow/example_dags/example_trigger_target_dag.py
[2022-05-07 13:39:25,384] {processor.py:652} INFO - DAG(s) dict_keys(['example_trigger_target_dag']) retrieved from /home/airflow/.local/lib/python3.7/site-packages/airflow/example_dags/example_trigger_target_dag.py
[2022-05-07 13:39:25,422] {logging_mixin.py:109} INFO - [2022-05-07 13:39:25,422] {dag.py:2398} INFO - Sync 1 DAGs
[2022-05-07 13:39:25,447] {logging_mixin.py:109} INFO - [2022-05-07 13:39:25,447] {dag.py:2937} INFO - Setting next_dagrun for example_trigger_target_dag to None
[2022-05-07 13:39:25,467] {processor.py:171} INFO - Processing /home/airflow/.local/lib/python3.7/site-packages/airflow/example_dags/example_trigger_target_dag.py took 0.125 seconds
[2022-05-07 13:39:56,008] {processor.py:163} INFO - Started process (PID=808) to work on /home/airflow/.local/lib/python3.7/site-packages/airflow/example_dags/example_trigger_target_dag.py
[2022-05-07 13:39:56,011] {processor.py:642} INFO - Processing file /home/airflow/.local/lib/python3.7/site-packages/airflow/example_dags/example_trigger_target_dag.py for tasks to queue
[2022-05-07 13:39:56,014] {logging_mixin.py:109} INFO - [2022-05-07 13:39:56,014] {dagbag.py:500} INFO - Filling up the DagBag from /home/airflow/.local/lib/python3.7/site-packages/airflow/example_dags/example_trigger_target_dag.py
[2022-05-07 13:39:56,059] {processor.py:652} INFO - DAG(s) dict_keys(['example_trigger_target_dag']) retrieved from /home/airflow/.local/lib/python3.7/site-packages/airflow/example_dags/example_trigger_target_dag.py
[2022-05-07 13:39:56,115] {logging_mixin.py:109} INFO - [2022-05-07 13:39:56,114] {dag.py:2398} INFO - Sync 1 DAGs
[2022-05-07 13:39:56,143] {logging_mixin.py:109} INFO - [2022-05-07 13:39:56,143] {dag.py:2937} INFO - Setting next_dagrun for example_trigger_target_dag to None
[2022-05-07 13:39:56,162] {processor.py:171} INFO - Processing /home/airflow/.local/lib/python3.7/site-packages/airflow/example_dags/example_trigger_target_dag.py took 0.160 seconds
[2022-05-07 13:40:26,834] {processor.py:163} INFO - Started process (PID=862) to work on /home/airflow/.local/lib/python3.7/site-packages/airflow/example_dags/example_trigger_target_dag.py
[2022-05-07 13:40:26,837] {processor.py:642} INFO - Processing file /home/airflow/.local/lib/python3.7/site-packages/airflow/example_dags/example_trigger_target_dag.py for tasks to queue
[2022-05-07 13:40:26,839] {logging_mixin.py:109} INFO - [2022-05-07 13:40:26,839] {dagbag.py:500} INFO - Filling up the DagBag from /home/airflow/.local/lib/python3.7/site-packages/airflow/example_dags/example_trigger_target_dag.py
[2022-05-07 13:40:26,878] {processor.py:652} INFO - DAG(s) dict_keys(['example_trigger_target_dag']) retrieved from /home/airflow/.local/lib/python3.7/site-packages/airflow/example_dags/example_trigger_target_dag.py
[2022-05-07 13:40:26,958] {logging_mixin.py:109} INFO - [2022-05-07 13:40:26,957] {dag.py:2398} INFO - Sync 1 DAGs
[2022-05-07 13:40:27,007] {logging_mixin.py:109} INFO - [2022-05-07 13:40:27,007] {dag.py:2937} INFO - Setting next_dagrun for example_trigger_target_dag to None
[2022-05-07 13:40:27,030] {processor.py:171} INFO - Processing /home/airflow/.local/lib/python3.7/site-packages/airflow/example_dags/example_trigger_target_dag.py took 0.201 seconds
[2022-05-07 13:40:59,205] {processor.py:163} INFO - Started process (PID=915) to work on /home/airflow/.local/lib/python3.7/site-packages/airflow/example_dags/example_trigger_target_dag.py
[2022-05-07 13:40:59,212] {processor.py:642} INFO - Processing file /home/airflow/.local/lib/python3.7/site-packages/airflow/example_dags/example_trigger_target_dag.py for tasks to queue
[2022-05-07 13:40:59,215] {logging_mixin.py:109} INFO - [2022-05-07 13:40:59,215] {dagbag.py:500} INFO - Filling up the DagBag from /home/airflow/.local/lib/python3.7/site-packages/airflow/example_dags/example_trigger_target_dag.py
[2022-05-07 13:40:59,244] {processor.py:652} INFO - DAG(s) dict_keys(['example_trigger_target_dag']) retrieved from /home/airflow/.local/lib/python3.7/site-packages/airflow/example_dags/example_trigger_target_dag.py
[2022-05-07 13:40:59,281] {logging_mixin.py:109} INFO - [2022-05-07 13:40:59,281] {dag.py:2398} INFO - Sync 1 DAGs
[2022-05-07 13:40:59,314] {logging_mixin.py:109} INFO - [2022-05-07 13:40:59,314] {dag.py:2937} INFO - Setting next_dagrun for example_trigger_target_dag to None
[2022-05-07 13:40:59,332] {processor.py:171} INFO - Processing /home/airflow/.local/lib/python3.7/site-packages/airflow/example_dags/example_trigger_target_dag.py took 0.135 seconds
[2022-05-07 13:41:30,303] {processor.py:163} INFO - Started process (PID=965) to work on /home/airflow/.local/lib/python3.7/site-packages/airflow/example_dags/example_trigger_target_dag.py
[2022-05-07 13:41:30,316] {processor.py:642} INFO - Processing file /home/airflow/.local/lib/python3.7/site-packages/airflow/example_dags/example_trigger_target_dag.py for tasks to queue
[2022-05-07 13:41:30,320] {logging_mixin.py:109} INFO - [2022-05-07 13:41:30,320] {dagbag.py:500} INFO - Filling up the DagBag from /home/airflow/.local/lib/python3.7/site-packages/airflow/example_dags/example_trigger_target_dag.py
[2022-05-07 13:41:30,404] {processor.py:652} INFO - DAG(s) dict_keys(['example_trigger_target_dag']) retrieved from /home/airflow/.local/lib/python3.7/site-packages/airflow/example_dags/example_trigger_target_dag.py
[2022-05-07 13:41:30,490] {logging_mixin.py:109} INFO - [2022-05-07 13:41:30,490] {dag.py:2398} INFO - Sync 1 DAGs
[2022-05-07 13:41:30,530] {logging_mixin.py:109} INFO - [2022-05-07 13:41:30,530] {dag.py:2937} INFO - Setting next_dagrun for example_trigger_target_dag to None
[2022-05-07 13:41:30,555] {processor.py:171} INFO - Processing /home/airflow/.local/lib/python3.7/site-packages/airflow/example_dags/example_trigger_target_dag.py took 0.273 seconds
[2022-05-07 13:42:01,337] {processor.py:163} INFO - Started process (PID=1016) to work on /home/airflow/.local/lib/python3.7/site-packages/airflow/example_dags/example_trigger_target_dag.py
[2022-05-07 13:42:01,342] {processor.py:642} INFO - Processing file /home/airflow/.local/lib/python3.7/site-packages/airflow/example_dags/example_trigger_target_dag.py for tasks to queue
[2022-05-07 13:42:01,346] {logging_mixin.py:109} INFO - [2022-05-07 13:42:01,345] {dagbag.py:500} INFO - Filling up the DagBag from /home/airflow/.local/lib/python3.7/site-packages/airflow/example_dags/example_trigger_target_dag.py
[2022-05-07 13:42:01,409] {processor.py:652} INFO - DAG(s) dict_keys(['example_trigger_target_dag']) retrieved from /home/airflow/.local/lib/python3.7/site-packages/airflow/example_dags/example_trigger_target_dag.py
[2022-05-07 13:42:01,549] {logging_mixin.py:109} INFO - [2022-05-07 13:42:01,549] {dag.py:2398} INFO - Sync 1 DAGs
[2022-05-07 13:42:01,610] {logging_mixin.py:109} INFO - [2022-05-07 13:42:01,610] {dag.py:2937} INFO - Setting next_dagrun for example_trigger_target_dag to None
[2022-05-07 13:42:01,675] {processor.py:171} INFO - Processing /home/airflow/.local/lib/python3.7/site-packages/airflow/example_dags/example_trigger_target_dag.py took 0.349 seconds
[2022-05-07 13:42:31,921] {processor.py:163} INFO - Started process (PID=1067) to work on /home/airflow/.local/lib/python3.7/site-packages/airflow/example_dags/example_trigger_target_dag.py
[2022-05-07 13:42:31,925] {processor.py:642} INFO - Processing file /home/airflow/.local/lib/python3.7/site-packages/airflow/example_dags/example_trigger_target_dag.py for tasks to queue
[2022-05-07 13:42:31,927] {logging_mixin.py:109} INFO - [2022-05-07 13:42:31,927] {dagbag.py:500} INFO - Filling up the DagBag from /home/airflow/.local/lib/python3.7/site-packages/airflow/example_dags/example_trigger_target_dag.py
[2022-05-07 13:42:31,970] {processor.py:652} INFO - DAG(s) dict_keys(['example_trigger_target_dag']) retrieved from /home/airflow/.local/lib/python3.7/site-packages/airflow/example_dags/example_trigger_target_dag.py
[2022-05-07 13:42:32,018] {logging_mixin.py:109} INFO - [2022-05-07 13:42:32,018] {dag.py:2398} INFO - Sync 1 DAGs
[2022-05-07 13:42:32,055] {logging_mixin.py:109} INFO - [2022-05-07 13:42:32,055] {dag.py:2937} INFO - Setting next_dagrun for example_trigger_target_dag to None
[2022-05-07 13:42:32,083] {processor.py:171} INFO - Processing /home/airflow/.local/lib/python3.7/site-packages/airflow/example_dags/example_trigger_target_dag.py took 0.167 seconds
[2022-05-07 13:43:02,549] {processor.py:163} INFO - Started process (PID=1128) to work on /home/airflow/.local/lib/python3.7/site-packages/airflow/example_dags/example_trigger_target_dag.py
[2022-05-07 13:43:02,553] {processor.py:642} INFO - Processing file /home/airflow/.local/lib/python3.7/site-packages/airflow/example_dags/example_trigger_target_dag.py for tasks to queue
[2022-05-07 13:43:02,556] {logging_mixin.py:109} INFO - [2022-05-07 13:43:02,556] {dagbag.py:500} INFO - Filling up the DagBag from /home/airflow/.local/lib/python3.7/site-packages/airflow/example_dags/example_trigger_target_dag.py
[2022-05-07 13:43:02,592] {processor.py:652} INFO - DAG(s) dict_keys(['example_trigger_target_dag']) retrieved from /home/airflow/.local/lib/python3.7/site-packages/airflow/example_dags/example_trigger_target_dag.py
[2022-05-07 13:43:02,631] {logging_mixin.py:109} INFO - [2022-05-07 13:43:02,631] {dag.py:2398} INFO - Sync 1 DAGs
[2022-05-07 13:43:02,663] {logging_mixin.py:109} INFO - [2022-05-07 13:43:02,663] {dag.py:2937} INFO - Setting next_dagrun for example_trigger_target_dag to None
[2022-05-07 13:43:02,688] {processor.py:171} INFO - Processing /home/airflow/.local/lib/python3.7/site-packages/airflow/example_dags/example_trigger_target_dag.py took 0.148 seconds
[2022-05-07 13:43:35,841] {processor.py:163} INFO - Started process (PID=1180) to work on /home/airflow/.local/lib/python3.7/site-packages/airflow/example_dags/example_trigger_target_dag.py
[2022-05-07 13:43:35,862] {processor.py:642} INFO - Processing file /home/airflow/.local/lib/python3.7/site-packages/airflow/example_dags/example_trigger_target_dag.py for tasks to queue
[2022-05-07 13:43:35,869] {logging_mixin.py:109} INFO - [2022-05-07 13:43:35,868] {dagbag.py:500} INFO - Filling up the DagBag from /home/airflow/.local/lib/python3.7/site-packages/airflow/example_dags/example_trigger_target_dag.py
[2022-05-07 13:43:35,974] {processor.py:652} INFO - DAG(s) dict_keys(['example_trigger_target_dag']) retrieved from /home/airflow/.local/lib/python3.7/site-packages/airflow/example_dags/example_trigger_target_dag.py
[2022-05-07 13:43:36,247] {logging_mixin.py:109} INFO - [2022-05-07 13:43:36,246] {dag.py:2398} INFO - Sync 1 DAGs
[2022-05-07 13:43:36,415] {logging_mixin.py:109} INFO - [2022-05-07 13:43:36,415] {dag.py:2937} INFO - Setting next_dagrun for example_trigger_target_dag to None
[2022-05-07 13:43:36,513] {processor.py:171} INFO - Processing /home/airflow/.local/lib/python3.7/site-packages/airflow/example_dags/example_trigger_target_dag.py took 0.668 seconds
[2022-05-07 13:44:06,667] {processor.py:163} INFO - Started process (PID=1224) to work on /home/airflow/.local/lib/python3.7/site-packages/airflow/example_dags/example_trigger_target_dag.py
[2022-05-07 13:44:06,670] {processor.py:642} INFO - Processing file /home/airflow/.local/lib/python3.7/site-packages/airflow/example_dags/example_trigger_target_dag.py for tasks to queue
[2022-05-07 13:44:06,672] {logging_mixin.py:109} INFO - [2022-05-07 13:44:06,672] {dagbag.py:500} INFO - Filling up the DagBag from /home/airflow/.local/lib/python3.7/site-packages/airflow/example_dags/example_trigger_target_dag.py
[2022-05-07 13:44:06,699] {processor.py:652} INFO - DAG(s) dict_keys(['example_trigger_target_dag']) retrieved from /home/airflow/.local/lib/python3.7/site-packages/airflow/example_dags/example_trigger_target_dag.py
[2022-05-07 13:44:06,741] {logging_mixin.py:109} INFO - [2022-05-07 13:44:06,741] {dag.py:2398} INFO - Sync 1 DAGs
[2022-05-07 13:44:06,766] {logging_mixin.py:109} INFO - [2022-05-07 13:44:06,766] {dag.py:2937} INFO - Setting next_dagrun for example_trigger_target_dag to None
[2022-05-07 13:44:06,782] {processor.py:171} INFO - Processing /home/airflow/.local/lib/python3.7/site-packages/airflow/example_dags/example_trigger_target_dag.py took 0.120 seconds
[2022-05-07 13:44:37,526] {processor.py:163} INFO - Started process (PID=1288) to work on /home/airflow/.local/lib/python3.7/site-packages/airflow/example_dags/example_trigger_target_dag.py
[2022-05-07 13:44:37,529] {processor.py:642} INFO - Processing file /home/airflow/.local/lib/python3.7/site-packages/airflow/example_dags/example_trigger_target_dag.py for tasks to queue
[2022-05-07 13:44:37,532] {logging_mixin.py:109} INFO - [2022-05-07 13:44:37,532] {dagbag.py:500} INFO - Filling up the DagBag from /home/airflow/.local/lib/python3.7/site-packages/airflow/example_dags/example_trigger_target_dag.py
[2022-05-07 13:44:37,582] {processor.py:652} INFO - DAG(s) dict_keys(['example_trigger_target_dag']) retrieved from /home/airflow/.local/lib/python3.7/site-packages/airflow/example_dags/example_trigger_target_dag.py
[2022-05-07 13:44:37,663] {logging_mixin.py:109} INFO - [2022-05-07 13:44:37,663] {dag.py:2398} INFO - Sync 1 DAGs
[2022-05-07 13:44:37,699] {logging_mixin.py:109} INFO - [2022-05-07 13:44:37,699] {dag.py:2937} INFO - Setting next_dagrun for example_trigger_target_dag to None
[2022-05-07 13:44:37,723] {processor.py:171} INFO - Processing /home/airflow/.local/lib/python3.7/site-packages/airflow/example_dags/example_trigger_target_dag.py took 0.203 seconds
[2022-05-07 13:45:08,606] {processor.py:163} INFO - Started process (PID=1338) to work on /home/airflow/.local/lib/python3.7/site-packages/airflow/example_dags/example_trigger_target_dag.py
[2022-05-07 13:45:08,609] {processor.py:642} INFO - Processing file /home/airflow/.local/lib/python3.7/site-packages/airflow/example_dags/example_trigger_target_dag.py for tasks to queue
[2022-05-07 13:45:08,611] {logging_mixin.py:109} INFO - [2022-05-07 13:45:08,611] {dagbag.py:500} INFO - Filling up the DagBag from /home/airflow/.local/lib/python3.7/site-packages/airflow/example_dags/example_trigger_target_dag.py
[2022-05-07 13:45:08,642] {processor.py:652} INFO - DAG(s) dict_keys(['example_trigger_target_dag']) retrieved from /home/airflow/.local/lib/python3.7/site-packages/airflow/example_dags/example_trigger_target_dag.py
[2022-05-07 13:45:08,685] {logging_mixin.py:109} INFO - [2022-05-07 13:45:08,684] {dag.py:2398} INFO - Sync 1 DAGs
[2022-05-07 13:45:08,710] {logging_mixin.py:109} INFO - [2022-05-07 13:45:08,710] {dag.py:2937} INFO - Setting next_dagrun for example_trigger_target_dag to None
[2022-05-07 13:45:08,728] {processor.py:171} INFO - Processing /home/airflow/.local/lib/python3.7/site-packages/airflow/example_dags/example_trigger_target_dag.py took 0.127 seconds
[2022-05-07 13:45:38,803] {processor.py:163} INFO - Started process (PID=1389) to work on /home/airflow/.local/lib/python3.7/site-packages/airflow/example_dags/example_trigger_target_dag.py
[2022-05-07 13:45:38,807] {processor.py:642} INFO - Processing file /home/airflow/.local/lib/python3.7/site-packages/airflow/example_dags/example_trigger_target_dag.py for tasks to queue
[2022-05-07 13:45:38,810] {logging_mixin.py:109} INFO - [2022-05-07 13:45:38,810] {dagbag.py:500} INFO - Filling up the DagBag from /home/airflow/.local/lib/python3.7/site-packages/airflow/example_dags/example_trigger_target_dag.py
[2022-05-07 13:45:38,854] {processor.py:652} INFO - DAG(s) dict_keys(['example_trigger_target_dag']) retrieved from /home/airflow/.local/lib/python3.7/site-packages/airflow/example_dags/example_trigger_target_dag.py
[2022-05-07 13:45:38,916] {logging_mixin.py:109} INFO - [2022-05-07 13:45:38,915] {dag.py:2398} INFO - Sync 1 DAGs
[2022-05-07 13:45:38,953] {logging_mixin.py:109} INFO - [2022-05-07 13:45:38,953] {dag.py:2937} INFO - Setting next_dagrun for example_trigger_target_dag to None
[2022-05-07 13:45:38,997] {processor.py:171} INFO - Processing /home/airflow/.local/lib/python3.7/site-packages/airflow/example_dags/example_trigger_target_dag.py took 0.201 seconds
[2022-05-07 13:46:09,494] {processor.py:163} INFO - Started process (PID=1442) to work on /home/airflow/.local/lib/python3.7/site-packages/airflow/example_dags/example_trigger_target_dag.py
[2022-05-07 13:46:09,502] {processor.py:642} INFO - Processing file /home/airflow/.local/lib/python3.7/site-packages/airflow/example_dags/example_trigger_target_dag.py for tasks to queue
[2022-05-07 13:46:09,506] {logging_mixin.py:109} INFO - [2022-05-07 13:46:09,506] {dagbag.py:500} INFO - Filling up the DagBag from /home/airflow/.local/lib/python3.7/site-packages/airflow/example_dags/example_trigger_target_dag.py
[2022-05-07 13:46:09,553] {processor.py:652} INFO - DAG(s) dict_keys(['example_trigger_target_dag']) retrieved from /home/airflow/.local/lib/python3.7/site-packages/airflow/example_dags/example_trigger_target_dag.py
[2022-05-07 13:46:09,626] {logging_mixin.py:109} INFO - [2022-05-07 13:46:09,625] {dag.py:2398} INFO - Sync 1 DAGs
[2022-05-07 13:46:09,675] {logging_mixin.py:109} INFO - [2022-05-07 13:46:09,675] {dag.py:2937} INFO - Setting next_dagrun for example_trigger_target_dag to None
[2022-05-07 13:46:09,710] {processor.py:171} INFO - Processing /home/airflow/.local/lib/python3.7/site-packages/airflow/example_dags/example_trigger_target_dag.py took 0.222 seconds
[2022-05-07 13:46:40,370] {processor.py:163} INFO - Started process (PID=1505) to work on /home/airflow/.local/lib/python3.7/site-packages/airflow/example_dags/example_trigger_target_dag.py
[2022-05-07 13:46:40,375] {processor.py:642} INFO - Processing file /home/airflow/.local/lib/python3.7/site-packages/airflow/example_dags/example_trigger_target_dag.py for tasks to queue
[2022-05-07 13:46:40,377] {logging_mixin.py:109} INFO - [2022-05-07 13:46:40,377] {dagbag.py:500} INFO - Filling up the DagBag from /home/airflow/.local/lib/python3.7/site-packages/airflow/example_dags/example_trigger_target_dag.py
[2022-05-07 13:46:40,406] {processor.py:652} INFO - DAG(s) dict_keys(['example_trigger_target_dag']) retrieved from /home/airflow/.local/lib/python3.7/site-packages/airflow/example_dags/example_trigger_target_dag.py
[2022-05-07 13:46:40,441] {logging_mixin.py:109} INFO - [2022-05-07 13:46:40,441] {dag.py:2398} INFO - Sync 1 DAGs
[2022-05-07 13:46:40,482] {logging_mixin.py:109} INFO - [2022-05-07 13:46:40,482] {dag.py:2937} INFO - Setting next_dagrun for example_trigger_target_dag to None
[2022-05-07 13:46:40,510] {processor.py:171} INFO - Processing /home/airflow/.local/lib/python3.7/site-packages/airflow/example_dags/example_trigger_target_dag.py took 0.151 seconds
[2022-05-07 13:47:12,499] {processor.py:163} INFO - Started process (PID=1558) to work on /home/airflow/.local/lib/python3.7/site-packages/airflow/example_dags/example_trigger_target_dag.py
[2022-05-07 13:47:12,516] {processor.py:642} INFO - Processing file /home/airflow/.local/lib/python3.7/site-packages/airflow/example_dags/example_trigger_target_dag.py for tasks to queue
[2022-05-07 13:47:12,526] {logging_mixin.py:109} INFO - [2022-05-07 13:47:12,525] {dagbag.py:500} INFO - Filling up the DagBag from /home/airflow/.local/lib/python3.7/site-packages/airflow/example_dags/example_trigger_target_dag.py
[2022-05-07 13:47:12,587] {processor.py:652} INFO - DAG(s) dict_keys(['example_trigger_target_dag']) retrieved from /home/airflow/.local/lib/python3.7/site-packages/airflow/example_dags/example_trigger_target_dag.py
[2022-05-07 13:47:12,646] {logging_mixin.py:109} INFO - [2022-05-07 13:47:12,646] {dag.py:2398} INFO - Sync 1 DAGs
[2022-05-07 13:47:12,689] {logging_mixin.py:109} INFO - [2022-05-07 13:47:12,689] {dag.py:2937} INFO - Setting next_dagrun for example_trigger_target_dag to None
[2022-05-07 13:47:12,719] {processor.py:171} INFO - Processing /home/airflow/.local/lib/python3.7/site-packages/airflow/example_dags/example_trigger_target_dag.py took 0.235 seconds
[2022-05-07 13:49:28,350] {processor.py:163} INFO - Started process (PID=1670) to work on /home/airflow/.local/lib/python3.7/site-packages/airflow/example_dags/example_trigger_target_dag.py
[2022-05-07 13:49:28,383] {processor.py:642} INFO - Processing file /home/airflow/.local/lib/python3.7/site-packages/airflow/example_dags/example_trigger_target_dag.py for tasks to queue
[2022-05-07 13:49:28,388] {logging_mixin.py:109} INFO - [2022-05-07 13:49:28,387] {dagbag.py:500} INFO - Filling up the DagBag from /home/airflow/.local/lib/python3.7/site-packages/airflow/example_dags/example_trigger_target_dag.py
[2022-05-07 13:49:28,814] {processor.py:652} INFO - DAG(s) dict_keys(['example_trigger_target_dag']) retrieved from /home/airflow/.local/lib/python3.7/site-packages/airflow/example_dags/example_trigger_target_dag.py
[2022-05-07 13:49:29,009] {logging_mixin.py:109} INFO - [2022-05-07 13:49:29,008] {dag.py:2398} INFO - Sync 1 DAGs
[2022-05-07 13:49:29,212] {logging_mixin.py:109} INFO - [2022-05-07 13:49:29,211] {dag.py:2937} INFO - Setting next_dagrun for example_trigger_target_dag to None
[2022-05-07 13:49:29,380] {processor.py:171} INFO - Processing /home/airflow/.local/lib/python3.7/site-packages/airflow/example_dags/example_trigger_target_dag.py took 1.111 seconds
[2022-05-07 13:49:59,855] {processor.py:163} INFO - Started process (PID=1726) to work on /home/airflow/.local/lib/python3.7/site-packages/airflow/example_dags/example_trigger_target_dag.py
[2022-05-07 13:49:59,858] {processor.py:642} INFO - Processing file /home/airflow/.local/lib/python3.7/site-packages/airflow/example_dags/example_trigger_target_dag.py for tasks to queue
[2022-05-07 13:49:59,860] {logging_mixin.py:109} INFO - [2022-05-07 13:49:59,860] {dagbag.py:500} INFO - Filling up the DagBag from /home/airflow/.local/lib/python3.7/site-packages/airflow/example_dags/example_trigger_target_dag.py
[2022-05-07 13:49:59,900] {processor.py:652} INFO - DAG(s) dict_keys(['example_trigger_target_dag']) retrieved from /home/airflow/.local/lib/python3.7/site-packages/airflow/example_dags/example_trigger_target_dag.py
[2022-05-07 13:49:59,941] {logging_mixin.py:109} INFO - [2022-05-07 13:49:59,941] {dag.py:2398} INFO - Sync 1 DAGs
[2022-05-07 13:49:59,965] {logging_mixin.py:109} INFO - [2022-05-07 13:49:59,965] {dag.py:2937} INFO - Setting next_dagrun for example_trigger_target_dag to None
[2022-05-07 13:49:59,991] {processor.py:171} INFO - Processing /home/airflow/.local/lib/python3.7/site-packages/airflow/example_dags/example_trigger_target_dag.py took 0.144 seconds
[2022-05-07 13:50:30,522] {processor.py:163} INFO - Started process (PID=1779) to work on /home/airflow/.local/lib/python3.7/site-packages/airflow/example_dags/example_trigger_target_dag.py
[2022-05-07 13:50:30,527] {processor.py:642} INFO - Processing file /home/airflow/.local/lib/python3.7/site-packages/airflow/example_dags/example_trigger_target_dag.py for tasks to queue
[2022-05-07 13:50:30,530] {logging_mixin.py:109} INFO - [2022-05-07 13:50:30,530] {dagbag.py:500} INFO - Filling up the DagBag from /home/airflow/.local/lib/python3.7/site-packages/airflow/example_dags/example_trigger_target_dag.py
[2022-05-07 13:50:30,573] {processor.py:652} INFO - DAG(s) dict_keys(['example_trigger_target_dag']) retrieved from /home/airflow/.local/lib/python3.7/site-packages/airflow/example_dags/example_trigger_target_dag.py
[2022-05-07 13:50:30,619] {logging_mixin.py:109} INFO - [2022-05-07 13:50:30,619] {dag.py:2398} INFO - Sync 1 DAGs
[2022-05-07 13:50:30,658] {logging_mixin.py:109} INFO - [2022-05-07 13:50:30,658] {dag.py:2937} INFO - Setting next_dagrun for example_trigger_target_dag to None
[2022-05-07 13:50:30,681] {processor.py:171} INFO - Processing /home/airflow/.local/lib/python3.7/site-packages/airflow/example_dags/example_trigger_target_dag.py took 0.170 seconds
[2022-05-07 13:51:01,220] {processor.py:163} INFO - Started process (PID=1835) to work on /home/airflow/.local/lib/python3.7/site-packages/airflow/example_dags/example_trigger_target_dag.py
[2022-05-07 13:51:01,226] {processor.py:642} INFO - Processing file /home/airflow/.local/lib/python3.7/site-packages/airflow/example_dags/example_trigger_target_dag.py for tasks to queue
[2022-05-07 13:51:01,230] {logging_mixin.py:109} INFO - [2022-05-07 13:51:01,229] {dagbag.py:500} INFO - Filling up the DagBag from /home/airflow/.local/lib/python3.7/site-packages/airflow/example_dags/example_trigger_target_dag.py
[2022-05-07 13:51:01,285] {processor.py:652} INFO - DAG(s) dict_keys(['example_trigger_target_dag']) retrieved from /home/airflow/.local/lib/python3.7/site-packages/airflow/example_dags/example_trigger_target_dag.py
[2022-05-07 13:51:01,321] {logging_mixin.py:109} INFO - [2022-05-07 13:51:01,320] {dag.py:2398} INFO - Sync 1 DAGs
[2022-05-07 13:51:01,366] {logging_mixin.py:109} INFO - [2022-05-07 13:51:01,366] {dag.py:2937} INFO - Setting next_dagrun for example_trigger_target_dag to None
[2022-05-07 13:51:01,401] {processor.py:171} INFO - Processing /home/airflow/.local/lib/python3.7/site-packages/airflow/example_dags/example_trigger_target_dag.py took 0.191 seconds
[2022-05-07 13:51:31,881] {processor.py:163} INFO - Started process (PID=1897) to work on /home/airflow/.local/lib/python3.7/site-packages/airflow/example_dags/example_trigger_target_dag.py
[2022-05-07 13:51:31,893] {processor.py:642} INFO - Processing file /home/airflow/.local/lib/python3.7/site-packages/airflow/example_dags/example_trigger_target_dag.py for tasks to queue
[2022-05-07 13:51:31,901] {logging_mixin.py:109} INFO - [2022-05-07 13:51:31,899] {dagbag.py:500} INFO - Filling up the DagBag from /home/airflow/.local/lib/python3.7/site-packages/airflow/example_dags/example_trigger_target_dag.py
[2022-05-07 13:51:32,042] {processor.py:652} INFO - DAG(s) dict_keys(['example_trigger_target_dag']) retrieved from /home/airflow/.local/lib/python3.7/site-packages/airflow/example_dags/example_trigger_target_dag.py
[2022-05-07 13:51:32,102] {logging_mixin.py:109} INFO - [2022-05-07 13:51:32,102] {dag.py:2398} INFO - Sync 1 DAGs
[2022-05-07 13:51:32,162] {logging_mixin.py:109} INFO - [2022-05-07 13:51:32,162] {dag.py:2937} INFO - Setting next_dagrun for example_trigger_target_dag to None
[2022-05-07 13:51:32,187] {processor.py:171} INFO - Processing /home/airflow/.local/lib/python3.7/site-packages/airflow/example_dags/example_trigger_target_dag.py took 0.331 seconds
[2022-05-07 13:52:02,639] {processor.py:163} INFO - Started process (PID=1951) to work on /home/airflow/.local/lib/python3.7/site-packages/airflow/example_dags/example_trigger_target_dag.py
[2022-05-07 13:52:02,644] {processor.py:642} INFO - Processing file /home/airflow/.local/lib/python3.7/site-packages/airflow/example_dags/example_trigger_target_dag.py for tasks to queue
[2022-05-07 13:52:02,651] {logging_mixin.py:109} INFO - [2022-05-07 13:52:02,651] {dagbag.py:500} INFO - Filling up the DagBag from /home/airflow/.local/lib/python3.7/site-packages/airflow/example_dags/example_trigger_target_dag.py
[2022-05-07 13:52:02,792] {processor.py:652} INFO - DAG(s) dict_keys(['example_trigger_target_dag']) retrieved from /home/airflow/.local/lib/python3.7/site-packages/airflow/example_dags/example_trigger_target_dag.py
[2022-05-07 13:52:02,881] {logging_mixin.py:109} INFO - [2022-05-07 13:52:02,881] {dag.py:2398} INFO - Sync 1 DAGs
[2022-05-07 13:52:02,914] {logging_mixin.py:109} INFO - [2022-05-07 13:52:02,914] {dag.py:2937} INFO - Setting next_dagrun for example_trigger_target_dag to None
[2022-05-07 13:52:02,940] {processor.py:171} INFO - Processing /home/airflow/.local/lib/python3.7/site-packages/airflow/example_dags/example_trigger_target_dag.py took 0.314 seconds
[2022-05-07 13:52:33,115] {processor.py:163} INFO - Started process (PID=2007) to work on /home/airflow/.local/lib/python3.7/site-packages/airflow/example_dags/example_trigger_target_dag.py
[2022-05-07 13:52:33,118] {processor.py:642} INFO - Processing file /home/airflow/.local/lib/python3.7/site-packages/airflow/example_dags/example_trigger_target_dag.py for tasks to queue
[2022-05-07 13:52:33,121] {logging_mixin.py:109} INFO - [2022-05-07 13:52:33,120] {dagbag.py:500} INFO - Filling up the DagBag from /home/airflow/.local/lib/python3.7/site-packages/airflow/example_dags/example_trigger_target_dag.py
[2022-05-07 13:52:33,164] {processor.py:652} INFO - DAG(s) dict_keys(['example_trigger_target_dag']) retrieved from /home/airflow/.local/lib/python3.7/site-packages/airflow/example_dags/example_trigger_target_dag.py
[2022-05-07 13:52:33,207] {logging_mixin.py:109} INFO - [2022-05-07 13:52:33,207] {dag.py:2398} INFO - Sync 1 DAGs
[2022-05-07 13:52:33,232] {logging_mixin.py:109} INFO - [2022-05-07 13:52:33,231] {dag.py:2937} INFO - Setting next_dagrun for example_trigger_target_dag to None
[2022-05-07 13:52:33,250] {processor.py:171} INFO - Processing /home/airflow/.local/lib/python3.7/site-packages/airflow/example_dags/example_trigger_target_dag.py took 0.148 seconds
[2022-05-07 13:53:03,447] {processor.py:163} INFO - Started process (PID=2062) to work on /home/airflow/.local/lib/python3.7/site-packages/airflow/example_dags/example_trigger_target_dag.py
[2022-05-07 13:53:03,451] {processor.py:642} INFO - Processing file /home/airflow/.local/lib/python3.7/site-packages/airflow/example_dags/example_trigger_target_dag.py for tasks to queue
[2022-05-07 13:53:03,453] {logging_mixin.py:109} INFO - [2022-05-07 13:53:03,453] {dagbag.py:500} INFO - Filling up the DagBag from /home/airflow/.local/lib/python3.7/site-packages/airflow/example_dags/example_trigger_target_dag.py
[2022-05-07 13:53:03,483] {processor.py:652} INFO - DAG(s) dict_keys(['example_trigger_target_dag']) retrieved from /home/airflow/.local/lib/python3.7/site-packages/airflow/example_dags/example_trigger_target_dag.py
[2022-05-07 13:53:03,522] {logging_mixin.py:109} INFO - [2022-05-07 13:53:03,521] {dag.py:2398} INFO - Sync 1 DAGs
[2022-05-07 13:53:03,546] {logging_mixin.py:109} INFO - [2022-05-07 13:53:03,546] {dag.py:2937} INFO - Setting next_dagrun for example_trigger_target_dag to None
[2022-05-07 13:53:03,565] {processor.py:171} INFO - Processing /home/airflow/.local/lib/python3.7/site-packages/airflow/example_dags/example_trigger_target_dag.py took 0.125 seconds
[2022-05-07 13:53:33,859] {processor.py:163} INFO - Started process (PID=2125) to work on /home/airflow/.local/lib/python3.7/site-packages/airflow/example_dags/example_trigger_target_dag.py
[2022-05-07 13:53:33,900] {processor.py:642} INFO - Processing file /home/airflow/.local/lib/python3.7/site-packages/airflow/example_dags/example_trigger_target_dag.py for tasks to queue
[2022-05-07 13:53:33,914] {logging_mixin.py:109} INFO - [2022-05-07 13:53:33,914] {dagbag.py:500} INFO - Filling up the DagBag from /home/airflow/.local/lib/python3.7/site-packages/airflow/example_dags/example_trigger_target_dag.py
[2022-05-07 13:53:33,988] {processor.py:652} INFO - DAG(s) dict_keys(['example_trigger_target_dag']) retrieved from /home/airflow/.local/lib/python3.7/site-packages/airflow/example_dags/example_trigger_target_dag.py
[2022-05-07 13:53:34,064] {logging_mixin.py:109} INFO - [2022-05-07 13:53:34,064] {dag.py:2398} INFO - Sync 1 DAGs
[2022-05-07 13:53:34,255] {logging_mixin.py:109} INFO - [2022-05-07 13:53:34,254] {dag.py:2937} INFO - Setting next_dagrun for example_trigger_target_dag to None
[2022-05-07 13:53:34,342] {processor.py:171} INFO - Processing /home/airflow/.local/lib/python3.7/site-packages/airflow/example_dags/example_trigger_target_dag.py took 0.540 seconds
[2022-05-07 13:54:04,696] {processor.py:163} INFO - Started process (PID=2180) to work on /home/airflow/.local/lib/python3.7/site-packages/airflow/example_dags/example_trigger_target_dag.py
[2022-05-07 13:54:04,699] {processor.py:642} INFO - Processing file /home/airflow/.local/lib/python3.7/site-packages/airflow/example_dags/example_trigger_target_dag.py for tasks to queue
[2022-05-07 13:54:04,701] {logging_mixin.py:109} INFO - [2022-05-07 13:54:04,701] {dagbag.py:500} INFO - Filling up the DagBag from /home/airflow/.local/lib/python3.7/site-packages/airflow/example_dags/example_trigger_target_dag.py
[2022-05-07 13:54:04,737] {processor.py:652} INFO - DAG(s) dict_keys(['example_trigger_target_dag']) retrieved from /home/airflow/.local/lib/python3.7/site-packages/airflow/example_dags/example_trigger_target_dag.py
[2022-05-07 13:54:04,778] {logging_mixin.py:109} INFO - [2022-05-07 13:54:04,777] {dag.py:2398} INFO - Sync 1 DAGs
[2022-05-07 13:54:04,810] {logging_mixin.py:109} INFO - [2022-05-07 13:54:04,809] {dag.py:2937} INFO - Setting next_dagrun for example_trigger_target_dag to None
[2022-05-07 13:54:04,832] {processor.py:171} INFO - Processing /home/airflow/.local/lib/python3.7/site-packages/airflow/example_dags/example_trigger_target_dag.py took 0.141 seconds
[2022-05-07 13:54:35,285] {processor.py:163} INFO - Started process (PID=2232) to work on /home/airflow/.local/lib/python3.7/site-packages/airflow/example_dags/example_trigger_target_dag.py
[2022-05-07 13:54:35,288] {processor.py:642} INFO - Processing file /home/airflow/.local/lib/python3.7/site-packages/airflow/example_dags/example_trigger_target_dag.py for tasks to queue
[2022-05-07 13:54:35,290] {logging_mixin.py:109} INFO - [2022-05-07 13:54:35,290] {dagbag.py:500} INFO - Filling up the DagBag from /home/airflow/.local/lib/python3.7/site-packages/airflow/example_dags/example_trigger_target_dag.py
[2022-05-07 13:54:35,325] {processor.py:652} INFO - DAG(s) dict_keys(['example_trigger_target_dag']) retrieved from /home/airflow/.local/lib/python3.7/site-packages/airflow/example_dags/example_trigger_target_dag.py
[2022-05-07 13:54:35,368] {logging_mixin.py:109} INFO - [2022-05-07 13:54:35,367] {dag.py:2398} INFO - Sync 1 DAGs
[2022-05-07 13:54:35,406] {logging_mixin.py:109} INFO - [2022-05-07 13:54:35,405] {dag.py:2937} INFO - Setting next_dagrun for example_trigger_target_dag to None
[2022-05-07 13:54:35,448] {processor.py:171} INFO - Processing /home/airflow/.local/lib/python3.7/site-packages/airflow/example_dags/example_trigger_target_dag.py took 0.170 seconds
[2022-05-07 13:55:06,052] {processor.py:163} INFO - Started process (PID=2285) to work on /home/airflow/.local/lib/python3.7/site-packages/airflow/example_dags/example_trigger_target_dag.py
[2022-05-07 13:55:06,057] {processor.py:642} INFO - Processing file /home/airflow/.local/lib/python3.7/site-packages/airflow/example_dags/example_trigger_target_dag.py for tasks to queue
[2022-05-07 13:55:06,059] {logging_mixin.py:109} INFO - [2022-05-07 13:55:06,059] {dagbag.py:500} INFO - Filling up the DagBag from /home/airflow/.local/lib/python3.7/site-packages/airflow/example_dags/example_trigger_target_dag.py
[2022-05-07 13:55:06,095] {processor.py:652} INFO - DAG(s) dict_keys(['example_trigger_target_dag']) retrieved from /home/airflow/.local/lib/python3.7/site-packages/airflow/example_dags/example_trigger_target_dag.py
[2022-05-07 13:55:06,142] {logging_mixin.py:109} INFO - [2022-05-07 13:55:06,142] {dag.py:2398} INFO - Sync 1 DAGs
[2022-05-07 13:55:06,176] {logging_mixin.py:109} INFO - [2022-05-07 13:55:06,176] {dag.py:2937} INFO - Setting next_dagrun for example_trigger_target_dag to None
[2022-05-07 13:55:06,203] {processor.py:171} INFO - Processing /home/airflow/.local/lib/python3.7/site-packages/airflow/example_dags/example_trigger_target_dag.py took 0.157 seconds
[2022-05-07 13:55:36,571] {processor.py:163} INFO - Started process (PID=2347) to work on /home/airflow/.local/lib/python3.7/site-packages/airflow/example_dags/example_trigger_target_dag.py
[2022-05-07 13:55:36,580] {processor.py:642} INFO - Processing file /home/airflow/.local/lib/python3.7/site-packages/airflow/example_dags/example_trigger_target_dag.py for tasks to queue
[2022-05-07 13:55:36,584] {logging_mixin.py:109} INFO - [2022-05-07 13:55:36,584] {dagbag.py:500} INFO - Filling up the DagBag from /home/airflow/.local/lib/python3.7/site-packages/airflow/example_dags/example_trigger_target_dag.py
[2022-05-07 13:55:36,616] {processor.py:652} INFO - DAG(s) dict_keys(['example_trigger_target_dag']) retrieved from /home/airflow/.local/lib/python3.7/site-packages/airflow/example_dags/example_trigger_target_dag.py
[2022-05-07 13:55:36,653] {logging_mixin.py:109} INFO - [2022-05-07 13:55:36,653] {dag.py:2398} INFO - Sync 1 DAGs
[2022-05-07 13:55:36,680] {logging_mixin.py:109} INFO - [2022-05-07 13:55:36,680] {dag.py:2937} INFO - Setting next_dagrun for example_trigger_target_dag to None
[2022-05-07 13:55:36,702] {processor.py:171} INFO - Processing /home/airflow/.local/lib/python3.7/site-packages/airflow/example_dags/example_trigger_target_dag.py took 0.150 seconds
[2022-05-07 13:56:06,793] {processor.py:163} INFO - Started process (PID=2398) to work on /home/airflow/.local/lib/python3.7/site-packages/airflow/example_dags/example_trigger_target_dag.py
[2022-05-07 13:56:06,796] {processor.py:642} INFO - Processing file /home/airflow/.local/lib/python3.7/site-packages/airflow/example_dags/example_trigger_target_dag.py for tasks to queue
[2022-05-07 13:56:06,799] {logging_mixin.py:109} INFO - [2022-05-07 13:56:06,799] {dagbag.py:500} INFO - Filling up the DagBag from /home/airflow/.local/lib/python3.7/site-packages/airflow/example_dags/example_trigger_target_dag.py
[2022-05-07 13:56:06,832] {processor.py:652} INFO - DAG(s) dict_keys(['example_trigger_target_dag']) retrieved from /home/airflow/.local/lib/python3.7/site-packages/airflow/example_dags/example_trigger_target_dag.py
[2022-05-07 13:56:06,872] {logging_mixin.py:109} INFO - [2022-05-07 13:56:06,872] {dag.py:2398} INFO - Sync 1 DAGs
[2022-05-07 13:56:06,905] {logging_mixin.py:109} INFO - [2022-05-07 13:56:06,905] {dag.py:2937} INFO - Setting next_dagrun for example_trigger_target_dag to None
[2022-05-07 13:56:06,932] {processor.py:171} INFO - Processing /home/airflow/.local/lib/python3.7/site-packages/airflow/example_dags/example_trigger_target_dag.py took 0.145 seconds
[2022-05-07 13:56:37,640] {processor.py:163} INFO - Started process (PID=2450) to work on /home/airflow/.local/lib/python3.7/site-packages/airflow/example_dags/example_trigger_target_dag.py
[2022-05-07 13:56:37,644] {processor.py:642} INFO - Processing file /home/airflow/.local/lib/python3.7/site-packages/airflow/example_dags/example_trigger_target_dag.py for tasks to queue
[2022-05-07 13:56:37,646] {logging_mixin.py:109} INFO - [2022-05-07 13:56:37,646] {dagbag.py:500} INFO - Filling up the DagBag from /home/airflow/.local/lib/python3.7/site-packages/airflow/example_dags/example_trigger_target_dag.py
[2022-05-07 13:56:37,677] {processor.py:652} INFO - DAG(s) dict_keys(['example_trigger_target_dag']) retrieved from /home/airflow/.local/lib/python3.7/site-packages/airflow/example_dags/example_trigger_target_dag.py
[2022-05-07 13:56:37,713] {logging_mixin.py:109} INFO - [2022-05-07 13:56:37,713] {dag.py:2398} INFO - Sync 1 DAGs
[2022-05-07 13:56:37,746] {logging_mixin.py:109} INFO - [2022-05-07 13:56:37,746] {dag.py:2937} INFO - Setting next_dagrun for example_trigger_target_dag to None
[2022-05-07 13:56:37,766] {processor.py:171} INFO - Processing /home/airflow/.local/lib/python3.7/site-packages/airflow/example_dags/example_trigger_target_dag.py took 0.131 seconds
[2022-05-07 13:57:08,230] {processor.py:163} INFO - Started process (PID=2503) to work on /home/airflow/.local/lib/python3.7/site-packages/airflow/example_dags/example_trigger_target_dag.py
[2022-05-07 13:57:08,238] {processor.py:642} INFO - Processing file /home/airflow/.local/lib/python3.7/site-packages/airflow/example_dags/example_trigger_target_dag.py for tasks to queue
[2022-05-07 13:57:08,243] {logging_mixin.py:109} INFO - [2022-05-07 13:57:08,243] {dagbag.py:500} INFO - Filling up the DagBag from /home/airflow/.local/lib/python3.7/site-packages/airflow/example_dags/example_trigger_target_dag.py
[2022-05-07 13:57:08,395] {processor.py:652} INFO - DAG(s) dict_keys(['example_trigger_target_dag']) retrieved from /home/airflow/.local/lib/python3.7/site-packages/airflow/example_dags/example_trigger_target_dag.py
[2022-05-07 13:57:08,822] {logging_mixin.py:109} INFO - [2022-05-07 13:57:08,821] {dag.py:2398} INFO - Sync 1 DAGs
[2022-05-07 13:57:08,897] {logging_mixin.py:109} INFO - [2022-05-07 13:57:08,897] {dag.py:2937} INFO - Setting next_dagrun for example_trigger_target_dag to None
[2022-05-07 13:57:08,938] {processor.py:171} INFO - Processing /home/airflow/.local/lib/python3.7/site-packages/airflow/example_dags/example_trigger_target_dag.py took 0.718 seconds
