[2022-05-07 13:34:04,052] {processor.py:163} INFO - Started process (PID=155) to work on /home/airflow/.local/lib/python3.7/site-packages/airflow/example_dags/example_bash_operator.py
[2022-05-07 13:34:04,060] {processor.py:642} INFO - Processing file /home/airflow/.local/lib/python3.7/site-packages/airflow/example_dags/example_bash_operator.py for tasks to queue
[2022-05-07 13:34:04,066] {logging_mixin.py:109} INFO - [2022-05-07 13:34:04,065] {dagbag.py:500} INFO - Filling up the DagBag from /home/airflow/.local/lib/python3.7/site-packages/airflow/example_dags/example_bash_operator.py
[2022-05-07 13:34:04,122] {processor.py:652} INFO - DAG(s) dict_keys(['example_bash_operator']) retrieved from /home/airflow/.local/lib/python3.7/site-packages/airflow/example_dags/example_bash_operator.py
[2022-05-07 13:34:07,604] {logging_mixin.py:109} INFO - [2022-05-07 13:34:07,604] {manager.py:496} INFO - Created Permission View: can edit on DAG:example_bash_operator
[2022-05-07 13:34:07,625] {logging_mixin.py:109} INFO - [2022-05-07 13:34:07,625] {manager.py:496} INFO - Created Permission View: can read on DAG:example_bash_operator
[2022-05-07 13:34:07,628] {logging_mixin.py:109} INFO - [2022-05-07 13:34:07,628] {dag.py:2398} INFO - Sync 1 DAGs
[2022-05-07 13:34:07,643] {logging_mixin.py:109} INFO - [2022-05-07 13:34:07,642] {dag.py:2417} INFO - Creating ORM DAG for example_bash_operator
[2022-05-07 13:34:07,664] {logging_mixin.py:109} INFO - [2022-05-07 13:34:07,664] {dag.py:2937} INFO - Setting next_dagrun for example_bash_operator to 2022-05-06 00:00:00+00:00
[2022-05-07 13:34:07,696] {processor.py:171} INFO - Processing /home/airflow/.local/lib/python3.7/site-packages/airflow/example_dags/example_bash_operator.py took 3.659 seconds
[2022-05-07 13:34:39,540] {processor.py:163} INFO - Started process (PID=265) to work on /home/airflow/.local/lib/python3.7/site-packages/airflow/example_dags/example_bash_operator.py
[2022-05-07 13:34:39,544] {processor.py:642} INFO - Processing file /home/airflow/.local/lib/python3.7/site-packages/airflow/example_dags/example_bash_operator.py for tasks to queue
[2022-05-07 13:34:39,551] {logging_mixin.py:109} INFO - [2022-05-07 13:34:39,551] {dagbag.py:500} INFO - Filling up the DagBag from /home/airflow/.local/lib/python3.7/site-packages/airflow/example_dags/example_bash_operator.py
[2022-05-07 13:34:39,654] {processor.py:652} INFO - DAG(s) dict_keys(['example_bash_operator']) retrieved from /home/airflow/.local/lib/python3.7/site-packages/airflow/example_dags/example_bash_operator.py
[2022-05-07 13:34:39,754] {logging_mixin.py:109} INFO - [2022-05-07 13:34:39,754] {dag.py:2398} INFO - Sync 1 DAGs
[2022-05-07 13:34:39,840] {logging_mixin.py:109} INFO - [2022-05-07 13:34:39,840] {dag.py:2937} INFO - Setting next_dagrun for example_bash_operator to 2022-05-06 00:00:00+00:00
[2022-05-07 13:34:39,882] {processor.py:171} INFO - Processing /home/airflow/.local/lib/python3.7/site-packages/airflow/example_dags/example_bash_operator.py took 0.349 seconds
[2022-05-07 13:35:10,228] {processor.py:163} INFO - Started process (PID=318) to work on /home/airflow/.local/lib/python3.7/site-packages/airflow/example_dags/example_bash_operator.py
[2022-05-07 13:35:10,231] {processor.py:642} INFO - Processing file /home/airflow/.local/lib/python3.7/site-packages/airflow/example_dags/example_bash_operator.py for tasks to queue
[2022-05-07 13:35:10,234] {logging_mixin.py:109} INFO - [2022-05-07 13:35:10,234] {dagbag.py:500} INFO - Filling up the DagBag from /home/airflow/.local/lib/python3.7/site-packages/airflow/example_dags/example_bash_operator.py
[2022-05-07 13:35:10,265] {processor.py:652} INFO - DAG(s) dict_keys(['example_bash_operator']) retrieved from /home/airflow/.local/lib/python3.7/site-packages/airflow/example_dags/example_bash_operator.py
[2022-05-07 13:35:10,310] {logging_mixin.py:109} INFO - [2022-05-07 13:35:10,309] {dag.py:2398} INFO - Sync 1 DAGs
[2022-05-07 13:35:10,346] {logging_mixin.py:109} INFO - [2022-05-07 13:35:10,346] {dag.py:2937} INFO - Setting next_dagrun for example_bash_operator to 2022-05-06 00:00:00+00:00
[2022-05-07 13:35:10,375] {processor.py:171} INFO - Processing /home/airflow/.local/lib/python3.7/site-packages/airflow/example_dags/example_bash_operator.py took 0.156 seconds
[2022-05-07 13:35:41,386] {processor.py:163} INFO - Started process (PID=369) to work on /home/airflow/.local/lib/python3.7/site-packages/airflow/example_dags/example_bash_operator.py
[2022-05-07 13:35:41,389] {processor.py:642} INFO - Processing file /home/airflow/.local/lib/python3.7/site-packages/airflow/example_dags/example_bash_operator.py for tasks to queue
[2022-05-07 13:35:41,391] {logging_mixin.py:109} INFO - [2022-05-07 13:35:41,391] {dagbag.py:500} INFO - Filling up the DagBag from /home/airflow/.local/lib/python3.7/site-packages/airflow/example_dags/example_bash_operator.py
[2022-05-07 13:35:41,420] {processor.py:652} INFO - DAG(s) dict_keys(['example_bash_operator']) retrieved from /home/airflow/.local/lib/python3.7/site-packages/airflow/example_dags/example_bash_operator.py
[2022-05-07 13:35:41,456] {logging_mixin.py:109} INFO - [2022-05-07 13:35:41,456] {dag.py:2398} INFO - Sync 1 DAGs
[2022-05-07 13:35:41,485] {logging_mixin.py:109} INFO - [2022-05-07 13:35:41,485] {dag.py:2937} INFO - Setting next_dagrun for example_bash_operator to 2022-05-06 00:00:00+00:00
[2022-05-07 13:35:41,505] {processor.py:171} INFO - Processing /home/airflow/.local/lib/python3.7/site-packages/airflow/example_dags/example_bash_operator.py took 0.124 seconds
[2022-05-07 13:36:11,784] {processor.py:163} INFO - Started process (PID=428) to work on /home/airflow/.local/lib/python3.7/site-packages/airflow/example_dags/example_bash_operator.py
[2022-05-07 13:36:11,787] {processor.py:642} INFO - Processing file /home/airflow/.local/lib/python3.7/site-packages/airflow/example_dags/example_bash_operator.py for tasks to queue
[2022-05-07 13:36:11,790] {logging_mixin.py:109} INFO - [2022-05-07 13:36:11,790] {dagbag.py:500} INFO - Filling up the DagBag from /home/airflow/.local/lib/python3.7/site-packages/airflow/example_dags/example_bash_operator.py
[2022-05-07 13:36:11,825] {processor.py:652} INFO - DAG(s) dict_keys(['example_bash_operator']) retrieved from /home/airflow/.local/lib/python3.7/site-packages/airflow/example_dags/example_bash_operator.py
[2022-05-07 13:36:11,868] {logging_mixin.py:109} INFO - [2022-05-07 13:36:11,868] {dag.py:2398} INFO - Sync 1 DAGs
[2022-05-07 13:36:11,905] {logging_mixin.py:109} INFO - [2022-05-07 13:36:11,905] {dag.py:2937} INFO - Setting next_dagrun for example_bash_operator to 2022-05-06 00:00:00+00:00
[2022-05-07 13:36:11,930] {processor.py:171} INFO - Processing /home/airflow/.local/lib/python3.7/site-packages/airflow/example_dags/example_bash_operator.py took 0.158 seconds
[2022-05-07 13:36:49,485] {processor.py:163} INFO - Started process (PID=481) to work on /home/airflow/.local/lib/python3.7/site-packages/airflow/example_dags/example_bash_operator.py
[2022-05-07 13:36:49,488] {processor.py:642} INFO - Processing file /home/airflow/.local/lib/python3.7/site-packages/airflow/example_dags/example_bash_operator.py for tasks to queue
[2022-05-07 13:36:49,491] {logging_mixin.py:109} INFO - [2022-05-07 13:36:49,490] {dagbag.py:500} INFO - Filling up the DagBag from /home/airflow/.local/lib/python3.7/site-packages/airflow/example_dags/example_bash_operator.py
[2022-05-07 13:36:49,536] {processor.py:652} INFO - DAG(s) dict_keys(['example_bash_operator']) retrieved from /home/airflow/.local/lib/python3.7/site-packages/airflow/example_dags/example_bash_operator.py
[2022-05-07 13:36:49,646] {logging_mixin.py:109} INFO - [2022-05-07 13:36:49,646] {dag.py:2398} INFO - Sync 1 DAGs
[2022-05-07 13:36:49,684] {logging_mixin.py:109} INFO - [2022-05-07 13:36:49,684] {dag.py:2937} INFO - Setting next_dagrun for example_bash_operator to 2022-05-06 00:00:00+00:00
[2022-05-07 13:36:49,705] {processor.py:171} INFO - Processing /home/airflow/.local/lib/python3.7/site-packages/airflow/example_dags/example_bash_operator.py took 0.226 seconds
[2022-05-07 13:37:20,581] {processor.py:163} INFO - Started process (PID=533) to work on /home/airflow/.local/lib/python3.7/site-packages/airflow/example_dags/example_bash_operator.py
[2022-05-07 13:37:20,585] {processor.py:642} INFO - Processing file /home/airflow/.local/lib/python3.7/site-packages/airflow/example_dags/example_bash_operator.py for tasks to queue
[2022-05-07 13:37:20,587] {logging_mixin.py:109} INFO - [2022-05-07 13:37:20,587] {dagbag.py:500} INFO - Filling up the DagBag from /home/airflow/.local/lib/python3.7/site-packages/airflow/example_dags/example_bash_operator.py
[2022-05-07 13:37:20,618] {processor.py:652} INFO - DAG(s) dict_keys(['example_bash_operator']) retrieved from /home/airflow/.local/lib/python3.7/site-packages/airflow/example_dags/example_bash_operator.py
[2022-05-07 13:37:20,667] {logging_mixin.py:109} INFO - [2022-05-07 13:37:20,666] {dag.py:2398} INFO - Sync 1 DAGs
[2022-05-07 13:37:20,699] {logging_mixin.py:109} INFO - [2022-05-07 13:37:20,699] {dag.py:2937} INFO - Setting next_dagrun for example_bash_operator to 2022-05-06 00:00:00+00:00
[2022-05-07 13:37:20,728] {processor.py:171} INFO - Processing /home/airflow/.local/lib/python3.7/site-packages/airflow/example_dags/example_bash_operator.py took 0.155 seconds
[2022-05-07 13:37:51,097] {processor.py:163} INFO - Started process (PID=587) to work on /home/airflow/.local/lib/python3.7/site-packages/airflow/example_dags/example_bash_operator.py
[2022-05-07 13:37:51,100] {processor.py:642} INFO - Processing file /home/airflow/.local/lib/python3.7/site-packages/airflow/example_dags/example_bash_operator.py for tasks to queue
[2022-05-07 13:37:51,104] {logging_mixin.py:109} INFO - [2022-05-07 13:37:51,103] {dagbag.py:500} INFO - Filling up the DagBag from /home/airflow/.local/lib/python3.7/site-packages/airflow/example_dags/example_bash_operator.py
[2022-05-07 13:37:51,135] {processor.py:652} INFO - DAG(s) dict_keys(['example_bash_operator']) retrieved from /home/airflow/.local/lib/python3.7/site-packages/airflow/example_dags/example_bash_operator.py
[2022-05-07 13:37:51,178] {logging_mixin.py:109} INFO - [2022-05-07 13:37:51,178] {dag.py:2398} INFO - Sync 1 DAGs
[2022-05-07 13:37:51,205] {logging_mixin.py:109} INFO - [2022-05-07 13:37:51,205] {dag.py:2937} INFO - Setting next_dagrun for example_bash_operator to 2022-05-06 00:00:00+00:00
[2022-05-07 13:37:51,233] {processor.py:171} INFO - Processing /home/airflow/.local/lib/python3.7/site-packages/airflow/example_dags/example_bash_operator.py took 0.141 seconds
[2022-05-07 13:38:22,254] {processor.py:163} INFO - Started process (PID=639) to work on /home/airflow/.local/lib/python3.7/site-packages/airflow/example_dags/example_bash_operator.py
[2022-05-07 13:38:22,257] {processor.py:642} INFO - Processing file /home/airflow/.local/lib/python3.7/site-packages/airflow/example_dags/example_bash_operator.py for tasks to queue
[2022-05-07 13:38:22,259] {logging_mixin.py:109} INFO - [2022-05-07 13:38:22,259] {dagbag.py:500} INFO - Filling up the DagBag from /home/airflow/.local/lib/python3.7/site-packages/airflow/example_dags/example_bash_operator.py
[2022-05-07 13:38:22,300] {processor.py:652} INFO - DAG(s) dict_keys(['example_bash_operator']) retrieved from /home/airflow/.local/lib/python3.7/site-packages/airflow/example_dags/example_bash_operator.py
[2022-05-07 13:38:22,354] {logging_mixin.py:109} INFO - [2022-05-07 13:38:22,354] {dag.py:2398} INFO - Sync 1 DAGs
[2022-05-07 13:38:22,400] {logging_mixin.py:109} INFO - [2022-05-07 13:38:22,399] {dag.py:2937} INFO - Setting next_dagrun for example_bash_operator to 2022-05-06 00:00:00+00:00
[2022-05-07 13:38:22,428] {processor.py:171} INFO - Processing /home/airflow/.local/lib/python3.7/site-packages/airflow/example_dags/example_bash_operator.py took 0.179 seconds
[2022-05-07 13:38:53,890] {processor.py:163} INFO - Started process (PID=691) to work on /home/airflow/.local/lib/python3.7/site-packages/airflow/example_dags/example_bash_operator.py
[2022-05-07 13:38:53,894] {processor.py:642} INFO - Processing file /home/airflow/.local/lib/python3.7/site-packages/airflow/example_dags/example_bash_operator.py for tasks to queue
[2022-05-07 13:38:53,899] {logging_mixin.py:109} INFO - [2022-05-07 13:38:53,898] {dagbag.py:500} INFO - Filling up the DagBag from /home/airflow/.local/lib/python3.7/site-packages/airflow/example_dags/example_bash_operator.py
[2022-05-07 13:38:53,945] {processor.py:652} INFO - DAG(s) dict_keys(['example_bash_operator']) retrieved from /home/airflow/.local/lib/python3.7/site-packages/airflow/example_dags/example_bash_operator.py
[2022-05-07 13:38:54,015] {logging_mixin.py:109} INFO - [2022-05-07 13:38:54,015] {dag.py:2398} INFO - Sync 1 DAGs
[2022-05-07 13:38:54,093] {logging_mixin.py:109} INFO - [2022-05-07 13:38:54,093] {dag.py:2937} INFO - Setting next_dagrun for example_bash_operator to 2022-05-06 00:00:00+00:00
[2022-05-07 13:38:54,142] {processor.py:171} INFO - Processing /home/airflow/.local/lib/python3.7/site-packages/airflow/example_dags/example_bash_operator.py took 0.263 seconds
[2022-05-07 13:39:24,856] {processor.py:163} INFO - Started process (PID=744) to work on /home/airflow/.local/lib/python3.7/site-packages/airflow/example_dags/example_bash_operator.py
[2022-05-07 13:39:24,861] {processor.py:642} INFO - Processing file /home/airflow/.local/lib/python3.7/site-packages/airflow/example_dags/example_bash_operator.py for tasks to queue
[2022-05-07 13:39:24,871] {logging_mixin.py:109} INFO - [2022-05-07 13:39:24,870] {dagbag.py:500} INFO - Filling up the DagBag from /home/airflow/.local/lib/python3.7/site-packages/airflow/example_dags/example_bash_operator.py
[2022-05-07 13:39:24,928] {processor.py:652} INFO - DAG(s) dict_keys(['example_bash_operator']) retrieved from /home/airflow/.local/lib/python3.7/site-packages/airflow/example_dags/example_bash_operator.py
[2022-05-07 13:39:24,993] {logging_mixin.py:109} INFO - [2022-05-07 13:39:24,993] {dag.py:2398} INFO - Sync 1 DAGs
[2022-05-07 13:39:25,044] {logging_mixin.py:109} INFO - [2022-05-07 13:39:25,044] {dag.py:2937} INFO - Setting next_dagrun for example_bash_operator to 2022-05-06 00:00:00+00:00
[2022-05-07 13:39:25,066] {processor.py:171} INFO - Processing /home/airflow/.local/lib/python3.7/site-packages/airflow/example_dags/example_bash_operator.py took 0.224 seconds
[2022-05-07 13:39:55,499] {processor.py:163} INFO - Started process (PID=796) to work on /home/airflow/.local/lib/python3.7/site-packages/airflow/example_dags/example_bash_operator.py
[2022-05-07 13:39:55,511] {processor.py:642} INFO - Processing file /home/airflow/.local/lib/python3.7/site-packages/airflow/example_dags/example_bash_operator.py for tasks to queue
[2022-05-07 13:39:55,518] {logging_mixin.py:109} INFO - [2022-05-07 13:39:55,518] {dagbag.py:500} INFO - Filling up the DagBag from /home/airflow/.local/lib/python3.7/site-packages/airflow/example_dags/example_bash_operator.py
[2022-05-07 13:39:55,561] {processor.py:652} INFO - DAG(s) dict_keys(['example_bash_operator']) retrieved from /home/airflow/.local/lib/python3.7/site-packages/airflow/example_dags/example_bash_operator.py
[2022-05-07 13:39:55,626] {logging_mixin.py:109} INFO - [2022-05-07 13:39:55,625] {dag.py:2398} INFO - Sync 1 DAGs
[2022-05-07 13:39:55,668] {logging_mixin.py:109} INFO - [2022-05-07 13:39:55,667] {dag.py:2937} INFO - Setting next_dagrun for example_bash_operator to 2022-05-06 00:00:00+00:00
[2022-05-07 13:39:55,686] {processor.py:171} INFO - Processing /home/airflow/.local/lib/python3.7/site-packages/airflow/example_dags/example_bash_operator.py took 0.200 seconds
[2022-05-07 13:40:26,340] {processor.py:163} INFO - Started process (PID=859) to work on /home/airflow/.local/lib/python3.7/site-packages/airflow/example_dags/example_bash_operator.py
[2022-05-07 13:40:26,344] {processor.py:642} INFO - Processing file /home/airflow/.local/lib/python3.7/site-packages/airflow/example_dags/example_bash_operator.py for tasks to queue
[2022-05-07 13:40:26,348] {logging_mixin.py:109} INFO - [2022-05-07 13:40:26,348] {dagbag.py:500} INFO - Filling up the DagBag from /home/airflow/.local/lib/python3.7/site-packages/airflow/example_dags/example_bash_operator.py
[2022-05-07 13:40:26,390] {processor.py:652} INFO - DAG(s) dict_keys(['example_bash_operator']) retrieved from /home/airflow/.local/lib/python3.7/site-packages/airflow/example_dags/example_bash_operator.py
[2022-05-07 13:40:26,449] {logging_mixin.py:109} INFO - [2022-05-07 13:40:26,449] {dag.py:2398} INFO - Sync 1 DAGs
[2022-05-07 13:40:26,479] {logging_mixin.py:109} INFO - [2022-05-07 13:40:26,478] {dag.py:2937} INFO - Setting next_dagrun for example_bash_operator to 2022-05-06 00:00:00+00:00
[2022-05-07 13:40:26,502] {processor.py:171} INFO - Processing /home/airflow/.local/lib/python3.7/site-packages/airflow/example_dags/example_bash_operator.py took 0.175 seconds
[2022-05-07 13:40:57,844] {processor.py:163} INFO - Started process (PID=911) to work on /home/airflow/.local/lib/python3.7/site-packages/airflow/example_dags/example_bash_operator.py
[2022-05-07 13:40:57,872] {processor.py:642} INFO - Processing file /home/airflow/.local/lib/python3.7/site-packages/airflow/example_dags/example_bash_operator.py for tasks to queue
[2022-05-07 13:40:57,878] {logging_mixin.py:109} INFO - [2022-05-07 13:40:57,877] {dagbag.py:500} INFO - Filling up the DagBag from /home/airflow/.local/lib/python3.7/site-packages/airflow/example_dags/example_bash_operator.py
[2022-05-07 13:40:57,924] {processor.py:652} INFO - DAG(s) dict_keys(['example_bash_operator']) retrieved from /home/airflow/.local/lib/python3.7/site-packages/airflow/example_dags/example_bash_operator.py
[2022-05-07 13:40:58,054] {logging_mixin.py:109} INFO - [2022-05-07 13:40:58,054] {dag.py:2398} INFO - Sync 1 DAGs
[2022-05-07 13:40:58,130] {logging_mixin.py:109} INFO - [2022-05-07 13:40:58,130] {dag.py:2937} INFO - Setting next_dagrun for example_bash_operator to 2022-05-06 00:00:00+00:00
[2022-05-07 13:40:58,228] {processor.py:171} INFO - Processing /home/airflow/.local/lib/python3.7/site-packages/airflow/example_dags/example_bash_operator.py took 0.423 seconds
[2022-05-07 13:41:28,908] {processor.py:163} INFO - Started process (PID=961) to work on /home/airflow/.local/lib/python3.7/site-packages/airflow/example_dags/example_bash_operator.py
[2022-05-07 13:41:28,911] {processor.py:642} INFO - Processing file /home/airflow/.local/lib/python3.7/site-packages/airflow/example_dags/example_bash_operator.py for tasks to queue
[2022-05-07 13:41:28,914] {logging_mixin.py:109} INFO - [2022-05-07 13:41:28,914] {dagbag.py:500} INFO - Filling up the DagBag from /home/airflow/.local/lib/python3.7/site-packages/airflow/example_dags/example_bash_operator.py
[2022-05-07 13:41:28,965] {processor.py:652} INFO - DAG(s) dict_keys(['example_bash_operator']) retrieved from /home/airflow/.local/lib/python3.7/site-packages/airflow/example_dags/example_bash_operator.py
[2022-05-07 13:41:29,042] {logging_mixin.py:109} INFO - [2022-05-07 13:41:29,042] {dag.py:2398} INFO - Sync 1 DAGs
[2022-05-07 13:41:29,101] {logging_mixin.py:109} INFO - [2022-05-07 13:41:29,101] {dag.py:2937} INFO - Setting next_dagrun for example_bash_operator to 2022-05-06 00:00:00+00:00
[2022-05-07 13:41:29,154] {processor.py:171} INFO - Processing /home/airflow/.local/lib/python3.7/site-packages/airflow/example_dags/example_bash_operator.py took 0.251 seconds
[2022-05-07 13:41:59,665] {processor.py:163} INFO - Started process (PID=1011) to work on /home/airflow/.local/lib/python3.7/site-packages/airflow/example_dags/example_bash_operator.py
[2022-05-07 13:41:59,672] {processor.py:642} INFO - Processing file /home/airflow/.local/lib/python3.7/site-packages/airflow/example_dags/example_bash_operator.py for tasks to queue
[2022-05-07 13:41:59,675] {logging_mixin.py:109} INFO - [2022-05-07 13:41:59,675] {dagbag.py:500} INFO - Filling up the DagBag from /home/airflow/.local/lib/python3.7/site-packages/airflow/example_dags/example_bash_operator.py
[2022-05-07 13:41:59,747] {processor.py:652} INFO - DAG(s) dict_keys(['example_bash_operator']) retrieved from /home/airflow/.local/lib/python3.7/site-packages/airflow/example_dags/example_bash_operator.py
[2022-05-07 13:41:59,818] {logging_mixin.py:109} INFO - [2022-05-07 13:41:59,817] {dag.py:2398} INFO - Sync 1 DAGs
[2022-05-07 13:41:59,907] {logging_mixin.py:109} INFO - [2022-05-07 13:41:59,907] {dag.py:2937} INFO - Setting next_dagrun for example_bash_operator to 2022-05-06 00:00:00+00:00
[2022-05-07 13:41:59,957] {processor.py:171} INFO - Processing /home/airflow/.local/lib/python3.7/site-packages/airflow/example_dags/example_bash_operator.py took 0.301 seconds
[2022-05-07 13:42:30,814] {processor.py:163} INFO - Started process (PID=1063) to work on /home/airflow/.local/lib/python3.7/site-packages/airflow/example_dags/example_bash_operator.py
[2022-05-07 13:42:30,819] {processor.py:642} INFO - Processing file /home/airflow/.local/lib/python3.7/site-packages/airflow/example_dags/example_bash_operator.py for tasks to queue
[2022-05-07 13:42:30,821] {logging_mixin.py:109} INFO - [2022-05-07 13:42:30,821] {dagbag.py:500} INFO - Filling up the DagBag from /home/airflow/.local/lib/python3.7/site-packages/airflow/example_dags/example_bash_operator.py
[2022-05-07 13:42:30,855] {processor.py:652} INFO - DAG(s) dict_keys(['example_bash_operator']) retrieved from /home/airflow/.local/lib/python3.7/site-packages/airflow/example_dags/example_bash_operator.py
[2022-05-07 13:42:30,894] {logging_mixin.py:109} INFO - [2022-05-07 13:42:30,893] {dag.py:2398} INFO - Sync 1 DAGs
[2022-05-07 13:42:30,937] {logging_mixin.py:109} INFO - [2022-05-07 13:42:30,937] {dag.py:2937} INFO - Setting next_dagrun for example_bash_operator to 2022-05-06 00:00:00+00:00
[2022-05-07 13:42:30,963] {processor.py:171} INFO - Processing /home/airflow/.local/lib/python3.7/site-packages/airflow/example_dags/example_bash_operator.py took 0.154 seconds
[2022-05-07 13:43:01,724] {processor.py:163} INFO - Started process (PID=1124) to work on /home/airflow/.local/lib/python3.7/site-packages/airflow/example_dags/example_bash_operator.py
[2022-05-07 13:43:01,729] {processor.py:642} INFO - Processing file /home/airflow/.local/lib/python3.7/site-packages/airflow/example_dags/example_bash_operator.py for tasks to queue
[2022-05-07 13:43:01,732] {logging_mixin.py:109} INFO - [2022-05-07 13:43:01,732] {dagbag.py:500} INFO - Filling up the DagBag from /home/airflow/.local/lib/python3.7/site-packages/airflow/example_dags/example_bash_operator.py
[2022-05-07 13:43:01,784] {processor.py:652} INFO - DAG(s) dict_keys(['example_bash_operator']) retrieved from /home/airflow/.local/lib/python3.7/site-packages/airflow/example_dags/example_bash_operator.py
[2022-05-07 13:43:01,862] {logging_mixin.py:109} INFO - [2022-05-07 13:43:01,862] {dag.py:2398} INFO - Sync 1 DAGs
[2022-05-07 13:43:01,938] {logging_mixin.py:109} INFO - [2022-05-07 13:43:01,938] {dag.py:2937} INFO - Setting next_dagrun for example_bash_operator to 2022-05-06 00:00:00+00:00
[2022-05-07 13:43:01,995] {processor.py:171} INFO - Processing /home/airflow/.local/lib/python3.7/site-packages/airflow/example_dags/example_bash_operator.py took 0.279 seconds
[2022-05-07 13:43:33,966] {processor.py:163} INFO - Started process (PID=1168) to work on /home/airflow/.local/lib/python3.7/site-packages/airflow/example_dags/example_bash_operator.py
[2022-05-07 13:43:33,974] {processor.py:642} INFO - Processing file /home/airflow/.local/lib/python3.7/site-packages/airflow/example_dags/example_bash_operator.py for tasks to queue
[2022-05-07 13:43:33,979] {logging_mixin.py:109} INFO - [2022-05-07 13:43:33,979] {dagbag.py:500} INFO - Filling up the DagBag from /home/airflow/.local/lib/python3.7/site-packages/airflow/example_dags/example_bash_operator.py
[2022-05-07 13:43:34,177] {processor.py:652} INFO - DAG(s) dict_keys(['example_bash_operator']) retrieved from /home/airflow/.local/lib/python3.7/site-packages/airflow/example_dags/example_bash_operator.py
[2022-05-07 13:43:34,286] {logging_mixin.py:109} INFO - [2022-05-07 13:43:34,286] {dag.py:2398} INFO - Sync 1 DAGs
[2022-05-07 13:43:34,357] {logging_mixin.py:109} INFO - [2022-05-07 13:43:34,357] {dag.py:2937} INFO - Setting next_dagrun for example_bash_operator to 2022-05-06 00:00:00+00:00
[2022-05-07 13:43:34,409] {processor.py:171} INFO - Processing /home/airflow/.local/lib/python3.7/site-packages/airflow/example_dags/example_bash_operator.py took 0.457 seconds
[2022-05-07 13:44:04,599] {processor.py:163} INFO - Started process (PID=1220) to work on /home/airflow/.local/lib/python3.7/site-packages/airflow/example_dags/example_bash_operator.py
[2022-05-07 13:44:04,603] {processor.py:642} INFO - Processing file /home/airflow/.local/lib/python3.7/site-packages/airflow/example_dags/example_bash_operator.py for tasks to queue
[2022-05-07 13:44:04,606] {logging_mixin.py:109} INFO - [2022-05-07 13:44:04,606] {dagbag.py:500} INFO - Filling up the DagBag from /home/airflow/.local/lib/python3.7/site-packages/airflow/example_dags/example_bash_operator.py
[2022-05-07 13:44:04,649] {processor.py:652} INFO - DAG(s) dict_keys(['example_bash_operator']) retrieved from /home/airflow/.local/lib/python3.7/site-packages/airflow/example_dags/example_bash_operator.py
[2022-05-07 13:44:04,715] {logging_mixin.py:109} INFO - [2022-05-07 13:44:04,714] {dag.py:2398} INFO - Sync 1 DAGs
[2022-05-07 13:44:04,747] {logging_mixin.py:109} INFO - [2022-05-07 13:44:04,747] {dag.py:2937} INFO - Setting next_dagrun for example_bash_operator to 2022-05-06 00:00:00+00:00
[2022-05-07 13:44:04,782] {processor.py:171} INFO - Processing /home/airflow/.local/lib/python3.7/site-packages/airflow/example_dags/example_bash_operator.py took 0.196 seconds
[2022-05-07 13:44:35,256] {processor.py:163} INFO - Started process (PID=1273) to work on /home/airflow/.local/lib/python3.7/site-packages/airflow/example_dags/example_bash_operator.py
[2022-05-07 13:44:35,261] {processor.py:642} INFO - Processing file /home/airflow/.local/lib/python3.7/site-packages/airflow/example_dags/example_bash_operator.py for tasks to queue
[2022-05-07 13:44:35,264] {logging_mixin.py:109} INFO - [2022-05-07 13:44:35,264] {dagbag.py:500} INFO - Filling up the DagBag from /home/airflow/.local/lib/python3.7/site-packages/airflow/example_dags/example_bash_operator.py
[2022-05-07 13:44:35,300] {processor.py:652} INFO - DAG(s) dict_keys(['example_bash_operator']) retrieved from /home/airflow/.local/lib/python3.7/site-packages/airflow/example_dags/example_bash_operator.py
[2022-05-07 13:44:35,358] {logging_mixin.py:109} INFO - [2022-05-07 13:44:35,358] {dag.py:2398} INFO - Sync 1 DAGs
[2022-05-07 13:44:35,403] {logging_mixin.py:109} INFO - [2022-05-07 13:44:35,403] {dag.py:2937} INFO - Setting next_dagrun for example_bash_operator to 2022-05-06 00:00:00+00:00
[2022-05-07 13:44:35,452] {processor.py:171} INFO - Processing /home/airflow/.local/lib/python3.7/site-packages/airflow/example_dags/example_bash_operator.py took 0.204 seconds
[2022-05-07 13:45:06,302] {processor.py:163} INFO - Started process (PID=1334) to work on /home/airflow/.local/lib/python3.7/site-packages/airflow/example_dags/example_bash_operator.py
[2022-05-07 13:45:06,305] {processor.py:642} INFO - Processing file /home/airflow/.local/lib/python3.7/site-packages/airflow/example_dags/example_bash_operator.py for tasks to queue
[2022-05-07 13:45:06,307] {logging_mixin.py:109} INFO - [2022-05-07 13:45:06,307] {dagbag.py:500} INFO - Filling up the DagBag from /home/airflow/.local/lib/python3.7/site-packages/airflow/example_dags/example_bash_operator.py
[2022-05-07 13:45:06,337] {processor.py:652} INFO - DAG(s) dict_keys(['example_bash_operator']) retrieved from /home/airflow/.local/lib/python3.7/site-packages/airflow/example_dags/example_bash_operator.py
[2022-05-07 13:45:06,372] {logging_mixin.py:109} INFO - [2022-05-07 13:45:06,372] {dag.py:2398} INFO - Sync 1 DAGs
[2022-05-07 13:45:06,398] {logging_mixin.py:109} INFO - [2022-05-07 13:45:06,398] {dag.py:2937} INFO - Setting next_dagrun for example_bash_operator to 2022-05-06 00:00:00+00:00
[2022-05-07 13:45:06,414] {processor.py:171} INFO - Processing /home/airflow/.local/lib/python3.7/site-packages/airflow/example_dags/example_bash_operator.py took 0.119 seconds
[2022-05-07 13:45:37,317] {processor.py:163} INFO - Started process (PID=1386) to work on /home/airflow/.local/lib/python3.7/site-packages/airflow/example_dags/example_bash_operator.py
[2022-05-07 13:45:37,320] {processor.py:642} INFO - Processing file /home/airflow/.local/lib/python3.7/site-packages/airflow/example_dags/example_bash_operator.py for tasks to queue
[2022-05-07 13:45:37,322] {logging_mixin.py:109} INFO - [2022-05-07 13:45:37,322] {dagbag.py:500} INFO - Filling up the DagBag from /home/airflow/.local/lib/python3.7/site-packages/airflow/example_dags/example_bash_operator.py
[2022-05-07 13:45:37,360] {processor.py:652} INFO - DAG(s) dict_keys(['example_bash_operator']) retrieved from /home/airflow/.local/lib/python3.7/site-packages/airflow/example_dags/example_bash_operator.py
[2022-05-07 13:45:37,417] {logging_mixin.py:109} INFO - [2022-05-07 13:45:37,417] {dag.py:2398} INFO - Sync 1 DAGs
[2022-05-07 13:45:37,450] {logging_mixin.py:109} INFO - [2022-05-07 13:45:37,450] {dag.py:2937} INFO - Setting next_dagrun for example_bash_operator to 2022-05-06 00:00:00+00:00
[2022-05-07 13:45:37,466] {processor.py:171} INFO - Processing /home/airflow/.local/lib/python3.7/site-packages/airflow/example_dags/example_bash_operator.py took 0.154 seconds
[2022-05-07 13:46:08,074] {processor.py:163} INFO - Started process (PID=1439) to work on /home/airflow/.local/lib/python3.7/site-packages/airflow/example_dags/example_bash_operator.py
[2022-05-07 13:46:08,077] {processor.py:642} INFO - Processing file /home/airflow/.local/lib/python3.7/site-packages/airflow/example_dags/example_bash_operator.py for tasks to queue
[2022-05-07 13:46:08,079] {logging_mixin.py:109} INFO - [2022-05-07 13:46:08,079] {dagbag.py:500} INFO - Filling up the DagBag from /home/airflow/.local/lib/python3.7/site-packages/airflow/example_dags/example_bash_operator.py
[2022-05-07 13:46:08,110] {processor.py:652} INFO - DAG(s) dict_keys(['example_bash_operator']) retrieved from /home/airflow/.local/lib/python3.7/site-packages/airflow/example_dags/example_bash_operator.py
[2022-05-07 13:46:08,152] {logging_mixin.py:109} INFO - [2022-05-07 13:46:08,152] {dag.py:2398} INFO - Sync 1 DAGs
[2022-05-07 13:46:08,182] {logging_mixin.py:109} INFO - [2022-05-07 13:46:08,182] {dag.py:2937} INFO - Setting next_dagrun for example_bash_operator to 2022-05-06 00:00:00+00:00
[2022-05-07 13:46:08,202] {processor.py:171} INFO - Processing /home/airflow/.local/lib/python3.7/site-packages/airflow/example_dags/example_bash_operator.py took 0.133 seconds
[2022-05-07 13:46:39,733] {processor.py:163} INFO - Started process (PID=1502) to work on /home/airflow/.local/lib/python3.7/site-packages/airflow/example_dags/example_bash_operator.py
[2022-05-07 13:46:39,736] {processor.py:642} INFO - Processing file /home/airflow/.local/lib/python3.7/site-packages/airflow/example_dags/example_bash_operator.py for tasks to queue
[2022-05-07 13:46:39,739] {logging_mixin.py:109} INFO - [2022-05-07 13:46:39,739] {dagbag.py:500} INFO - Filling up the DagBag from /home/airflow/.local/lib/python3.7/site-packages/airflow/example_dags/example_bash_operator.py
[2022-05-07 13:46:39,792] {processor.py:652} INFO - DAG(s) dict_keys(['example_bash_operator']) retrieved from /home/airflow/.local/lib/python3.7/site-packages/airflow/example_dags/example_bash_operator.py
[2022-05-07 13:46:39,864] {logging_mixin.py:109} INFO - [2022-05-07 13:46:39,863] {dag.py:2398} INFO - Sync 1 DAGs
[2022-05-07 13:46:39,917] {logging_mixin.py:109} INFO - [2022-05-07 13:46:39,917] {dag.py:2937} INFO - Setting next_dagrun for example_bash_operator to 2022-05-06 00:00:00+00:00
[2022-05-07 13:46:39,973] {processor.py:171} INFO - Processing /home/airflow/.local/lib/python3.7/site-packages/airflow/example_dags/example_bash_operator.py took 0.248 seconds
[2022-05-07 13:47:11,747] {processor.py:163} INFO - Started process (PID=1555) to work on /home/airflow/.local/lib/python3.7/site-packages/airflow/example_dags/example_bash_operator.py
[2022-05-07 13:47:11,751] {processor.py:642} INFO - Processing file /home/airflow/.local/lib/python3.7/site-packages/airflow/example_dags/example_bash_operator.py for tasks to queue
[2022-05-07 13:47:11,755] {logging_mixin.py:109} INFO - [2022-05-07 13:47:11,754] {dagbag.py:500} INFO - Filling up the DagBag from /home/airflow/.local/lib/python3.7/site-packages/airflow/example_dags/example_bash_operator.py
[2022-05-07 13:47:11,828] {processor.py:652} INFO - DAG(s) dict_keys(['example_bash_operator']) retrieved from /home/airflow/.local/lib/python3.7/site-packages/airflow/example_dags/example_bash_operator.py
[2022-05-07 13:47:11,901] {logging_mixin.py:109} INFO - [2022-05-07 13:47:11,900] {dag.py:2398} INFO - Sync 1 DAGs
[2022-05-07 13:47:11,968] {logging_mixin.py:109} INFO - [2022-05-07 13:47:11,968] {dag.py:2937} INFO - Setting next_dagrun for example_bash_operator to 2022-05-06 00:00:00+00:00
[2022-05-07 13:47:12,007] {processor.py:171} INFO - Processing /home/airflow/.local/lib/python3.7/site-packages/airflow/example_dags/example_bash_operator.py took 0.269 seconds
[2022-05-07 13:49:26,504] {processor.py:163} INFO - Started process (PID=1665) to work on /home/airflow/.local/lib/python3.7/site-packages/airflow/example_dags/example_bash_operator.py
[2022-05-07 13:49:26,522] {processor.py:642} INFO - Processing file /home/airflow/.local/lib/python3.7/site-packages/airflow/example_dags/example_bash_operator.py for tasks to queue
[2022-05-07 13:49:26,527] {logging_mixin.py:109} INFO - [2022-05-07 13:49:26,526] {dagbag.py:500} INFO - Filling up the DagBag from /home/airflow/.local/lib/python3.7/site-packages/airflow/example_dags/example_bash_operator.py
[2022-05-07 13:49:26,820] {processor.py:652} INFO - DAG(s) dict_keys(['example_bash_operator']) retrieved from /home/airflow/.local/lib/python3.7/site-packages/airflow/example_dags/example_bash_operator.py
[2022-05-07 13:49:27,088] {logging_mixin.py:109} INFO - [2022-05-07 13:49:27,088] {dag.py:2398} INFO - Sync 1 DAGs
[2022-05-07 13:49:27,258] {logging_mixin.py:109} INFO - [2022-05-07 13:49:27,253] {dag.py:2937} INFO - Setting next_dagrun for example_bash_operator to 2022-05-06 00:00:00+00:00
[2022-05-07 13:49:27,332] {processor.py:171} INFO - Processing /home/airflow/.local/lib/python3.7/site-packages/airflow/example_dags/example_bash_operator.py took 0.855 seconds
[2022-05-07 13:49:57,430] {processor.py:163} INFO - Started process (PID=1723) to work on /home/airflow/.local/lib/python3.7/site-packages/airflow/example_dags/example_bash_operator.py
[2022-05-07 13:49:57,433] {processor.py:642} INFO - Processing file /home/airflow/.local/lib/python3.7/site-packages/airflow/example_dags/example_bash_operator.py for tasks to queue
[2022-05-07 13:49:57,437] {logging_mixin.py:109} INFO - [2022-05-07 13:49:57,436] {dagbag.py:500} INFO - Filling up the DagBag from /home/airflow/.local/lib/python3.7/site-packages/airflow/example_dags/example_bash_operator.py
[2022-05-07 13:49:57,503] {processor.py:652} INFO - DAG(s) dict_keys(['example_bash_operator']) retrieved from /home/airflow/.local/lib/python3.7/site-packages/airflow/example_dags/example_bash_operator.py
[2022-05-07 13:49:57,568] {logging_mixin.py:109} INFO - [2022-05-07 13:49:57,567] {dag.py:2398} INFO - Sync 1 DAGs
[2022-05-07 13:49:57,620] {logging_mixin.py:109} INFO - [2022-05-07 13:49:57,619] {dag.py:2937} INFO - Setting next_dagrun for example_bash_operator to 2022-05-06 00:00:00+00:00
[2022-05-07 13:49:57,647] {processor.py:171} INFO - Processing /home/airflow/.local/lib/python3.7/site-packages/airflow/example_dags/example_bash_operator.py took 0.229 seconds
[2022-05-07 13:50:28,054] {processor.py:163} INFO - Started process (PID=1776) to work on /home/airflow/.local/lib/python3.7/site-packages/airflow/example_dags/example_bash_operator.py
[2022-05-07 13:50:28,057] {processor.py:642} INFO - Processing file /home/airflow/.local/lib/python3.7/site-packages/airflow/example_dags/example_bash_operator.py for tasks to queue
[2022-05-07 13:50:28,059] {logging_mixin.py:109} INFO - [2022-05-07 13:50:28,059] {dagbag.py:500} INFO - Filling up the DagBag from /home/airflow/.local/lib/python3.7/site-packages/airflow/example_dags/example_bash_operator.py
[2022-05-07 13:50:28,091] {processor.py:652} INFO - DAG(s) dict_keys(['example_bash_operator']) retrieved from /home/airflow/.local/lib/python3.7/site-packages/airflow/example_dags/example_bash_operator.py
[2022-05-07 13:50:28,131] {logging_mixin.py:109} INFO - [2022-05-07 13:50:28,131] {dag.py:2398} INFO - Sync 1 DAGs
[2022-05-07 13:50:28,160] {logging_mixin.py:109} INFO - [2022-05-07 13:50:28,160] {dag.py:2937} INFO - Setting next_dagrun for example_bash_operator to 2022-05-06 00:00:00+00:00
[2022-05-07 13:50:28,181] {processor.py:171} INFO - Processing /home/airflow/.local/lib/python3.7/site-packages/airflow/example_dags/example_bash_operator.py took 0.133 seconds
[2022-05-07 13:50:58,673] {processor.py:163} INFO - Started process (PID=1832) to work on /home/airflow/.local/lib/python3.7/site-packages/airflow/example_dags/example_bash_operator.py
[2022-05-07 13:50:58,676] {processor.py:642} INFO - Processing file /home/airflow/.local/lib/python3.7/site-packages/airflow/example_dags/example_bash_operator.py for tasks to queue
[2022-05-07 13:50:58,678] {logging_mixin.py:109} INFO - [2022-05-07 13:50:58,678] {dagbag.py:500} INFO - Filling up the DagBag from /home/airflow/.local/lib/python3.7/site-packages/airflow/example_dags/example_bash_operator.py
[2022-05-07 13:50:58,709] {processor.py:652} INFO - DAG(s) dict_keys(['example_bash_operator']) retrieved from /home/airflow/.local/lib/python3.7/site-packages/airflow/example_dags/example_bash_operator.py
[2022-05-07 13:50:58,748] {logging_mixin.py:109} INFO - [2022-05-07 13:50:58,748] {dag.py:2398} INFO - Sync 1 DAGs
[2022-05-07 13:50:58,773] {logging_mixin.py:109} INFO - [2022-05-07 13:50:58,773] {dag.py:2937} INFO - Setting next_dagrun for example_bash_operator to 2022-05-06 00:00:00+00:00
[2022-05-07 13:50:58,795] {processor.py:171} INFO - Processing /home/airflow/.local/lib/python3.7/site-packages/airflow/example_dags/example_bash_operator.py took 0.127 seconds
[2022-05-07 13:51:29,540] {processor.py:163} INFO - Started process (PID=1885) to work on /home/airflow/.local/lib/python3.7/site-packages/airflow/example_dags/example_bash_operator.py
[2022-05-07 13:51:29,545] {processor.py:642} INFO - Processing file /home/airflow/.local/lib/python3.7/site-packages/airflow/example_dags/example_bash_operator.py for tasks to queue
[2022-05-07 13:51:29,548] {logging_mixin.py:109} INFO - [2022-05-07 13:51:29,548] {dagbag.py:500} INFO - Filling up the DagBag from /home/airflow/.local/lib/python3.7/site-packages/airflow/example_dags/example_bash_operator.py
[2022-05-07 13:51:29,582] {processor.py:652} INFO - DAG(s) dict_keys(['example_bash_operator']) retrieved from /home/airflow/.local/lib/python3.7/site-packages/airflow/example_dags/example_bash_operator.py
[2022-05-07 13:51:29,618] {logging_mixin.py:109} INFO - [2022-05-07 13:51:29,618] {dag.py:2398} INFO - Sync 1 DAGs
[2022-05-07 13:51:29,647] {logging_mixin.py:109} INFO - [2022-05-07 13:51:29,647] {dag.py:2937} INFO - Setting next_dagrun for example_bash_operator to 2022-05-06 00:00:00+00:00
[2022-05-07 13:51:29,667] {processor.py:171} INFO - Processing /home/airflow/.local/lib/python3.7/site-packages/airflow/example_dags/example_bash_operator.py took 0.133 seconds
[2022-05-07 13:52:00,407] {processor.py:163} INFO - Started process (PID=1947) to work on /home/airflow/.local/lib/python3.7/site-packages/airflow/example_dags/example_bash_operator.py
[2022-05-07 13:52:00,425] {processor.py:642} INFO - Processing file /home/airflow/.local/lib/python3.7/site-packages/airflow/example_dags/example_bash_operator.py for tasks to queue
[2022-05-07 13:52:00,439] {logging_mixin.py:109} INFO - [2022-05-07 13:52:00,438] {dagbag.py:500} INFO - Filling up the DagBag from /home/airflow/.local/lib/python3.7/site-packages/airflow/example_dags/example_bash_operator.py
[2022-05-07 13:52:00,484] {processor.py:652} INFO - DAG(s) dict_keys(['example_bash_operator']) retrieved from /home/airflow/.local/lib/python3.7/site-packages/airflow/example_dags/example_bash_operator.py
[2022-05-07 13:52:00,526] {logging_mixin.py:109} INFO - [2022-05-07 13:52:00,526] {dag.py:2398} INFO - Sync 1 DAGs
[2022-05-07 13:52:00,565] {logging_mixin.py:109} INFO - [2022-05-07 13:52:00,564] {dag.py:2937} INFO - Setting next_dagrun for example_bash_operator to 2022-05-06 00:00:00+00:00
[2022-05-07 13:52:00,584] {processor.py:171} INFO - Processing /home/airflow/.local/lib/python3.7/site-packages/airflow/example_dags/example_bash_operator.py took 0.198 seconds
[2022-05-07 13:52:31,407] {processor.py:163} INFO - Started process (PID=2003) to work on /home/airflow/.local/lib/python3.7/site-packages/airflow/example_dags/example_bash_operator.py
[2022-05-07 13:52:31,411] {processor.py:642} INFO - Processing file /home/airflow/.local/lib/python3.7/site-packages/airflow/example_dags/example_bash_operator.py for tasks to queue
[2022-05-07 13:52:31,413] {logging_mixin.py:109} INFO - [2022-05-07 13:52:31,413] {dagbag.py:500} INFO - Filling up the DagBag from /home/airflow/.local/lib/python3.7/site-packages/airflow/example_dags/example_bash_operator.py
[2022-05-07 13:52:31,471] {processor.py:652} INFO - DAG(s) dict_keys(['example_bash_operator']) retrieved from /home/airflow/.local/lib/python3.7/site-packages/airflow/example_dags/example_bash_operator.py
[2022-05-07 13:52:31,517] {logging_mixin.py:109} INFO - [2022-05-07 13:52:31,517] {dag.py:2398} INFO - Sync 1 DAGs
[2022-05-07 13:52:31,550] {logging_mixin.py:109} INFO - [2022-05-07 13:52:31,549] {dag.py:2937} INFO - Setting next_dagrun for example_bash_operator to 2022-05-06 00:00:00+00:00
[2022-05-07 13:52:31,572] {processor.py:171} INFO - Processing /home/airflow/.local/lib/python3.7/site-packages/airflow/example_dags/example_bash_operator.py took 0.174 seconds
[2022-05-07 13:53:01,899] {processor.py:163} INFO - Started process (PID=2057) to work on /home/airflow/.local/lib/python3.7/site-packages/airflow/example_dags/example_bash_operator.py
[2022-05-07 13:53:01,903] {processor.py:642} INFO - Processing file /home/airflow/.local/lib/python3.7/site-packages/airflow/example_dags/example_bash_operator.py for tasks to queue
[2022-05-07 13:53:01,908] {logging_mixin.py:109} INFO - [2022-05-07 13:53:01,907] {dagbag.py:500} INFO - Filling up the DagBag from /home/airflow/.local/lib/python3.7/site-packages/airflow/example_dags/example_bash_operator.py
[2022-05-07 13:53:01,944] {processor.py:652} INFO - DAG(s) dict_keys(['example_bash_operator']) retrieved from /home/airflow/.local/lib/python3.7/site-packages/airflow/example_dags/example_bash_operator.py
[2022-05-07 13:53:01,982] {logging_mixin.py:109} INFO - [2022-05-07 13:53:01,982] {dag.py:2398} INFO - Sync 1 DAGs
[2022-05-07 13:53:02,018] {logging_mixin.py:109} INFO - [2022-05-07 13:53:02,018] {dag.py:2937} INFO - Setting next_dagrun for example_bash_operator to 2022-05-06 00:00:00+00:00
[2022-05-07 13:53:02,047] {processor.py:171} INFO - Processing /home/airflow/.local/lib/python3.7/site-packages/airflow/example_dags/example_bash_operator.py took 0.156 seconds
[2022-05-07 13:53:32,368] {processor.py:163} INFO - Started process (PID=2112) to work on /home/airflow/.local/lib/python3.7/site-packages/airflow/example_dags/example_bash_operator.py
[2022-05-07 13:53:32,377] {processor.py:642} INFO - Processing file /home/airflow/.local/lib/python3.7/site-packages/airflow/example_dags/example_bash_operator.py for tasks to queue
[2022-05-07 13:53:32,382] {logging_mixin.py:109} INFO - [2022-05-07 13:53:32,381] {dagbag.py:500} INFO - Filling up the DagBag from /home/airflow/.local/lib/python3.7/site-packages/airflow/example_dags/example_bash_operator.py
[2022-05-07 13:53:32,430] {processor.py:652} INFO - DAG(s) dict_keys(['example_bash_operator']) retrieved from /home/airflow/.local/lib/python3.7/site-packages/airflow/example_dags/example_bash_operator.py
[2022-05-07 13:53:32,527] {logging_mixin.py:109} INFO - [2022-05-07 13:53:32,526] {dag.py:2398} INFO - Sync 1 DAGs
[2022-05-07 13:53:32,575] {logging_mixin.py:109} INFO - [2022-05-07 13:53:32,575] {dag.py:2937} INFO - Setting next_dagrun for example_bash_operator to 2022-05-06 00:00:00+00:00
[2022-05-07 13:53:32,601] {processor.py:171} INFO - Processing /home/airflow/.local/lib/python3.7/site-packages/airflow/example_dags/example_bash_operator.py took 0.238 seconds
[2022-05-07 13:54:02,729] {processor.py:163} INFO - Started process (PID=2176) to work on /home/airflow/.local/lib/python3.7/site-packages/airflow/example_dags/example_bash_operator.py
[2022-05-07 13:54:02,736] {processor.py:642} INFO - Processing file /home/airflow/.local/lib/python3.7/site-packages/airflow/example_dags/example_bash_operator.py for tasks to queue
[2022-05-07 13:54:02,738] {logging_mixin.py:109} INFO - [2022-05-07 13:54:02,738] {dagbag.py:500} INFO - Filling up the DagBag from /home/airflow/.local/lib/python3.7/site-packages/airflow/example_dags/example_bash_operator.py
[2022-05-07 13:54:02,774] {processor.py:652} INFO - DAG(s) dict_keys(['example_bash_operator']) retrieved from /home/airflow/.local/lib/python3.7/site-packages/airflow/example_dags/example_bash_operator.py
[2022-05-07 13:54:02,819] {logging_mixin.py:109} INFO - [2022-05-07 13:54:02,819] {dag.py:2398} INFO - Sync 1 DAGs
[2022-05-07 13:54:02,872] {logging_mixin.py:109} INFO - [2022-05-07 13:54:02,872] {dag.py:2937} INFO - Setting next_dagrun for example_bash_operator to 2022-05-06 00:00:00+00:00
[2022-05-07 13:54:02,899] {processor.py:171} INFO - Processing /home/airflow/.local/lib/python3.7/site-packages/airflow/example_dags/example_bash_operator.py took 0.176 seconds
[2022-05-07 13:54:33,019] {processor.py:163} INFO - Started process (PID=2228) to work on /home/airflow/.local/lib/python3.7/site-packages/airflow/example_dags/example_bash_operator.py
[2022-05-07 13:54:33,023] {processor.py:642} INFO - Processing file /home/airflow/.local/lib/python3.7/site-packages/airflow/example_dags/example_bash_operator.py for tasks to queue
[2022-05-07 13:54:33,025] {logging_mixin.py:109} INFO - [2022-05-07 13:54:33,025] {dagbag.py:500} INFO - Filling up the DagBag from /home/airflow/.local/lib/python3.7/site-packages/airflow/example_dags/example_bash_operator.py
[2022-05-07 13:54:33,067] {processor.py:652} INFO - DAG(s) dict_keys(['example_bash_operator']) retrieved from /home/airflow/.local/lib/python3.7/site-packages/airflow/example_dags/example_bash_operator.py
[2022-05-07 13:54:33,106] {logging_mixin.py:109} INFO - [2022-05-07 13:54:33,105] {dag.py:2398} INFO - Sync 1 DAGs
[2022-05-07 13:54:33,136] {logging_mixin.py:109} INFO - [2022-05-07 13:54:33,136] {dag.py:2937} INFO - Setting next_dagrun for example_bash_operator to 2022-05-06 00:00:00+00:00
[2022-05-07 13:54:33,164] {processor.py:171} INFO - Processing /home/airflow/.local/lib/python3.7/site-packages/airflow/example_dags/example_bash_operator.py took 0.152 seconds
[2022-05-07 13:55:03,400] {processor.py:163} INFO - Started process (PID=2281) to work on /home/airflow/.local/lib/python3.7/site-packages/airflow/example_dags/example_bash_operator.py
[2022-05-07 13:55:03,405] {processor.py:642} INFO - Processing file /home/airflow/.local/lib/python3.7/site-packages/airflow/example_dags/example_bash_operator.py for tasks to queue
[2022-05-07 13:55:03,412] {logging_mixin.py:109} INFO - [2022-05-07 13:55:03,411] {dagbag.py:500} INFO - Filling up the DagBag from /home/airflow/.local/lib/python3.7/site-packages/airflow/example_dags/example_bash_operator.py
[2022-05-07 13:55:03,522] {processor.py:652} INFO - DAG(s) dict_keys(['example_bash_operator']) retrieved from /home/airflow/.local/lib/python3.7/site-packages/airflow/example_dags/example_bash_operator.py
[2022-05-07 13:55:03,617] {logging_mixin.py:109} INFO - [2022-05-07 13:55:03,617] {dag.py:2398} INFO - Sync 1 DAGs
[2022-05-07 13:55:03,773] {logging_mixin.py:109} INFO - [2022-05-07 13:55:03,772] {dag.py:2937} INFO - Setting next_dagrun for example_bash_operator to 2022-05-06 00:00:00+00:00
[2022-05-07 13:55:03,848] {processor.py:171} INFO - Processing /home/airflow/.local/lib/python3.7/site-packages/airflow/example_dags/example_bash_operator.py took 0.454 seconds
[2022-05-07 13:55:33,938] {processor.py:163} INFO - Started process (PID=2334) to work on /home/airflow/.local/lib/python3.7/site-packages/airflow/example_dags/example_bash_operator.py
[2022-05-07 13:55:33,942] {processor.py:642} INFO - Processing file /home/airflow/.local/lib/python3.7/site-packages/airflow/example_dags/example_bash_operator.py for tasks to queue
[2022-05-07 13:55:33,944] {logging_mixin.py:109} INFO - [2022-05-07 13:55:33,944] {dagbag.py:500} INFO - Filling up the DagBag from /home/airflow/.local/lib/python3.7/site-packages/airflow/example_dags/example_bash_operator.py
[2022-05-07 13:55:33,978] {processor.py:652} INFO - DAG(s) dict_keys(['example_bash_operator']) retrieved from /home/airflow/.local/lib/python3.7/site-packages/airflow/example_dags/example_bash_operator.py
[2022-05-07 13:55:34,047] {logging_mixin.py:109} INFO - [2022-05-07 13:55:34,047] {dag.py:2398} INFO - Sync 1 DAGs
[2022-05-07 13:55:34,103] {logging_mixin.py:109} INFO - [2022-05-07 13:55:34,103] {dag.py:2937} INFO - Setting next_dagrun for example_bash_operator to 2022-05-06 00:00:00+00:00
[2022-05-07 13:55:34,125] {processor.py:171} INFO - Processing /home/airflow/.local/lib/python3.7/site-packages/airflow/example_dags/example_bash_operator.py took 0.192 seconds
[2022-05-07 13:56:04,380] {processor.py:163} INFO - Started process (PID=2395) to work on /home/airflow/.local/lib/python3.7/site-packages/airflow/example_dags/example_bash_operator.py
[2022-05-07 13:56:04,385] {processor.py:642} INFO - Processing file /home/airflow/.local/lib/python3.7/site-packages/airflow/example_dags/example_bash_operator.py for tasks to queue
[2022-05-07 13:56:04,388] {logging_mixin.py:109} INFO - [2022-05-07 13:56:04,388] {dagbag.py:500} INFO - Filling up the DagBag from /home/airflow/.local/lib/python3.7/site-packages/airflow/example_dags/example_bash_operator.py
[2022-05-07 13:56:04,437] {processor.py:652} INFO - DAG(s) dict_keys(['example_bash_operator']) retrieved from /home/airflow/.local/lib/python3.7/site-packages/airflow/example_dags/example_bash_operator.py
[2022-05-07 13:56:04,489] {logging_mixin.py:109} INFO - [2022-05-07 13:56:04,489] {dag.py:2398} INFO - Sync 1 DAGs
[2022-05-07 13:56:04,531] {logging_mixin.py:109} INFO - [2022-05-07 13:56:04,530] {dag.py:2937} INFO - Setting next_dagrun for example_bash_operator to 2022-05-06 00:00:00+00:00
[2022-05-07 13:56:04,549] {processor.py:171} INFO - Processing /home/airflow/.local/lib/python3.7/site-packages/airflow/example_dags/example_bash_operator.py took 0.181 seconds
[2022-05-07 13:56:35,161] {processor.py:163} INFO - Started process (PID=2447) to work on /home/airflow/.local/lib/python3.7/site-packages/airflow/example_dags/example_bash_operator.py
[2022-05-07 13:56:35,163] {processor.py:642} INFO - Processing file /home/airflow/.local/lib/python3.7/site-packages/airflow/example_dags/example_bash_operator.py for tasks to queue
[2022-05-07 13:56:35,165] {logging_mixin.py:109} INFO - [2022-05-07 13:56:35,165] {dagbag.py:500} INFO - Filling up the DagBag from /home/airflow/.local/lib/python3.7/site-packages/airflow/example_dags/example_bash_operator.py
[2022-05-07 13:56:35,195] {processor.py:652} INFO - DAG(s) dict_keys(['example_bash_operator']) retrieved from /home/airflow/.local/lib/python3.7/site-packages/airflow/example_dags/example_bash_operator.py
[2022-05-07 13:56:35,233] {logging_mixin.py:109} INFO - [2022-05-07 13:56:35,233] {dag.py:2398} INFO - Sync 1 DAGs
[2022-05-07 13:56:35,261] {logging_mixin.py:109} INFO - [2022-05-07 13:56:35,261] {dag.py:2937} INFO - Setting next_dagrun for example_bash_operator to 2022-05-06 00:00:00+00:00
[2022-05-07 13:56:35,297] {processor.py:171} INFO - Processing /home/airflow/.local/lib/python3.7/site-packages/airflow/example_dags/example_bash_operator.py took 0.142 seconds
[2022-05-07 13:57:05,479] {processor.py:163} INFO - Started process (PID=2499) to work on /home/airflow/.local/lib/python3.7/site-packages/airflow/example_dags/example_bash_operator.py
[2022-05-07 13:57:05,483] {processor.py:642} INFO - Processing file /home/airflow/.local/lib/python3.7/site-packages/airflow/example_dags/example_bash_operator.py for tasks to queue
[2022-05-07 13:57:05,485] {logging_mixin.py:109} INFO - [2022-05-07 13:57:05,485] {dagbag.py:500} INFO - Filling up the DagBag from /home/airflow/.local/lib/python3.7/site-packages/airflow/example_dags/example_bash_operator.py
[2022-05-07 13:57:05,530] {processor.py:652} INFO - DAG(s) dict_keys(['example_bash_operator']) retrieved from /home/airflow/.local/lib/python3.7/site-packages/airflow/example_dags/example_bash_operator.py
[2022-05-07 13:57:05,600] {logging_mixin.py:109} INFO - [2022-05-07 13:57:05,600] {dag.py:2398} INFO - Sync 1 DAGs
[2022-05-07 13:57:05,642] {logging_mixin.py:109} INFO - [2022-05-07 13:57:05,642] {dag.py:2937} INFO - Setting next_dagrun for example_bash_operator to 2022-05-06 00:00:00+00:00
[2022-05-07 13:57:05,671] {processor.py:171} INFO - Processing /home/airflow/.local/lib/python3.7/site-packages/airflow/example_dags/example_bash_operator.py took 0.199 seconds
[2022-05-07 13:57:35,854] {processor.py:163} INFO - Started process (PID=2551) to work on /home/airflow/.local/lib/python3.7/site-packages/airflow/example_dags/example_bash_operator.py
[2022-05-07 13:57:35,858] {processor.py:642} INFO - Processing file /home/airflow/.local/lib/python3.7/site-packages/airflow/example_dags/example_bash_operator.py for tasks to queue
[2022-05-07 13:57:35,860] {logging_mixin.py:109} INFO - [2022-05-07 13:57:35,860] {dagbag.py:500} INFO - Filling up the DagBag from /home/airflow/.local/lib/python3.7/site-packages/airflow/example_dags/example_bash_operator.py
[2022-05-07 13:57:35,910] {processor.py:652} INFO - DAG(s) dict_keys(['example_bash_operator']) retrieved from /home/airflow/.local/lib/python3.7/site-packages/airflow/example_dags/example_bash_operator.py
[2022-05-07 13:57:35,958] {logging_mixin.py:109} INFO - [2022-05-07 13:57:35,958] {dag.py:2398} INFO - Sync 1 DAGs
[2022-05-07 13:57:35,995] {logging_mixin.py:109} INFO - [2022-05-07 13:57:35,995] {dag.py:2937} INFO - Setting next_dagrun for example_bash_operator to 2022-05-06 00:00:00+00:00
[2022-05-07 13:57:36,020] {processor.py:171} INFO - Processing /home/airflow/.local/lib/python3.7/site-packages/airflow/example_dags/example_bash_operator.py took 0.174 seconds
