[2022-05-07 13:34:28,161] {processor.py:163} INFO - Started process (PID=215) to work on /home/airflow/.local/lib/python3.7/site-packages/airflow/example_dags/example_subdag_operator.py
[2022-05-07 13:34:28,166] {processor.py:642} INFO - Processing file /home/airflow/.local/lib/python3.7/site-packages/airflow/example_dags/example_subdag_operator.py for tasks to queue
[2022-05-07 13:34:28,169] {logging_mixin.py:109} INFO - [2022-05-07 13:34:28,169] {dagbag.py:500} INFO - Filling up the DagBag from /home/airflow/.local/lib/python3.7/site-packages/airflow/example_dags/example_subdag_operator.py
[2022-05-07 13:34:28,260] {processor.py:652} INFO - DAG(s) dict_keys(['example_subdag_operator.section-1', 'example_subdag_operator.section-2', 'example_subdag_operator']) retrieved from /home/airflow/.local/lib/python3.7/site-packages/airflow/example_dags/example_subdag_operator.py
[2022-05-07 13:34:31,981] {logging_mixin.py:109} INFO - [2022-05-07 13:34:31,981] {manager.py:496} INFO - Created Permission View: can edit on DAG:example_subdag_operator
[2022-05-07 13:34:32,004] {logging_mixin.py:109} INFO - [2022-05-07 13:34:32,004] {manager.py:496} INFO - Created Permission View: can read on DAG:example_subdag_operator
[2022-05-07 13:34:32,008] {logging_mixin.py:109} INFO - [2022-05-07 13:34:32,007] {dag.py:2398} INFO - Sync 3 DAGs
[2022-05-07 13:34:32,030] {logging_mixin.py:109} INFO - [2022-05-07 13:34:32,029] {dag.py:2417} INFO - Creating ORM DAG for example_subdag_operator
[2022-05-07 13:34:32,032] {logging_mixin.py:109} INFO - [2022-05-07 13:34:32,032] {dag.py:2417} INFO - Creating ORM DAG for example_subdag_operator.section-1
[2022-05-07 13:34:32,034] {logging_mixin.py:109} INFO - [2022-05-07 13:34:32,034] {dag.py:2417} INFO - Creating ORM DAG for example_subdag_operator.section-2
[2022-05-07 13:34:32,053] {logging_mixin.py:109} INFO - [2022-05-07 13:34:32,052] {dag.py:2937} INFO - Setting next_dagrun for example_subdag_operator to 2022-05-05T00:00:00+00:00
[2022-05-07 13:34:32,055] {logging_mixin.py:109} INFO - [2022-05-07 13:34:32,055] {dag.py:2937} INFO - Setting next_dagrun for example_subdag_operator.section-1 to None
[2022-05-07 13:34:32,058] {logging_mixin.py:109} INFO - [2022-05-07 13:34:32,057] {dag.py:2937} INFO - Setting next_dagrun for example_subdag_operator.section-2 to None
[2022-05-07 13:34:32,080] {logging_mixin.py:109} INFO - [2022-05-07 13:34:32,079] {dag.py:2398} INFO - Sync 2 DAGs
[2022-05-07 13:34:32,099] {logging_mixin.py:109} INFO - [2022-05-07 13:34:32,099] {dag.py:2937} INFO - Setting next_dagrun for example_subdag_operator.section-1 to None
[2022-05-07 13:34:32,101] {logging_mixin.py:109} INFO - [2022-05-07 13:34:32,101] {dag.py:2937} INFO - Setting next_dagrun for example_subdag_operator.section-2 to None
[2022-05-07 13:34:32,116] {processor.py:171} INFO - Processing /home/airflow/.local/lib/python3.7/site-packages/airflow/example_dags/example_subdag_operator.py took 3.978 seconds
[2022-05-07 13:35:02,997] {processor.py:163} INFO - Started process (PID=286) to work on /home/airflow/.local/lib/python3.7/site-packages/airflow/example_dags/example_subdag_operator.py
[2022-05-07 13:35:03,000] {processor.py:642} INFO - Processing file /home/airflow/.local/lib/python3.7/site-packages/airflow/example_dags/example_subdag_operator.py for tasks to queue
[2022-05-07 13:35:03,002] {logging_mixin.py:109} INFO - [2022-05-07 13:35:03,002] {dagbag.py:500} INFO - Filling up the DagBag from /home/airflow/.local/lib/python3.7/site-packages/airflow/example_dags/example_subdag_operator.py
[2022-05-07 13:35:03,068] {processor.py:652} INFO - DAG(s) dict_keys(['example_subdag_operator.section-1', 'example_subdag_operator.section-2', 'example_subdag_operator']) retrieved from /home/airflow/.local/lib/python3.7/site-packages/airflow/example_dags/example_subdag_operator.py
[2022-05-07 13:35:03,098] {logging_mixin.py:109} INFO - [2022-05-07 13:35:03,098] {dag.py:2398} INFO - Sync 3 DAGs
[2022-05-07 13:35:03,139] {logging_mixin.py:109} INFO - [2022-05-07 13:35:03,139] {dag.py:2937} INFO - Setting next_dagrun for example_subdag_operator to 2022-05-05T00:00:00+00:00
[2022-05-07 13:35:03,142] {logging_mixin.py:109} INFO - [2022-05-07 13:35:03,142] {dag.py:2937} INFO - Setting next_dagrun for example_subdag_operator.section-1 to None
[2022-05-07 13:35:03,144] {logging_mixin.py:109} INFO - [2022-05-07 13:35:03,144] {dag.py:2937} INFO - Setting next_dagrun for example_subdag_operator.section-2 to None
[2022-05-07 13:35:03,155] {logging_mixin.py:109} INFO - [2022-05-07 13:35:03,155] {dag.py:2398} INFO - Sync 2 DAGs
[2022-05-07 13:35:03,170] {logging_mixin.py:109} INFO - [2022-05-07 13:35:03,170] {dag.py:2937} INFO - Setting next_dagrun for example_subdag_operator.section-1 to None
[2022-05-07 13:35:03,173] {logging_mixin.py:109} INFO - [2022-05-07 13:35:03,173] {dag.py:2937} INFO - Setting next_dagrun for example_subdag_operator.section-2 to None
[2022-05-07 13:35:03,191] {processor.py:171} INFO - Processing /home/airflow/.local/lib/python3.7/site-packages/airflow/example_dags/example_subdag_operator.py took 0.200 seconds
[2022-05-07 13:35:33,362] {processor.py:163} INFO - Started process (PID=348) to work on /home/airflow/.local/lib/python3.7/site-packages/airflow/example_dags/example_subdag_operator.py
[2022-05-07 13:35:33,365] {processor.py:642} INFO - Processing file /home/airflow/.local/lib/python3.7/site-packages/airflow/example_dags/example_subdag_operator.py for tasks to queue
[2022-05-07 13:35:33,367] {logging_mixin.py:109} INFO - [2022-05-07 13:35:33,367] {dagbag.py:500} INFO - Filling up the DagBag from /home/airflow/.local/lib/python3.7/site-packages/airflow/example_dags/example_subdag_operator.py
[2022-05-07 13:35:33,424] {processor.py:652} INFO - DAG(s) dict_keys(['example_subdag_operator.section-1', 'example_subdag_operator.section-2', 'example_subdag_operator']) retrieved from /home/airflow/.local/lib/python3.7/site-packages/airflow/example_dags/example_subdag_operator.py
[2022-05-07 13:35:33,443] {logging_mixin.py:109} INFO - [2022-05-07 13:35:33,443] {dag.py:2398} INFO - Sync 3 DAGs
[2022-05-07 13:35:33,469] {logging_mixin.py:109} INFO - [2022-05-07 13:35:33,469] {dag.py:2937} INFO - Setting next_dagrun for example_subdag_operator to 2022-05-05T00:00:00+00:00
[2022-05-07 13:35:33,471] {logging_mixin.py:109} INFO - [2022-05-07 13:35:33,471] {dag.py:2937} INFO - Setting next_dagrun for example_subdag_operator.section-1 to None
[2022-05-07 13:35:33,472] {logging_mixin.py:109} INFO - [2022-05-07 13:35:33,472] {dag.py:2937} INFO - Setting next_dagrun for example_subdag_operator.section-2 to None
[2022-05-07 13:35:33,484] {logging_mixin.py:109} INFO - [2022-05-07 13:35:33,484] {dag.py:2398} INFO - Sync 2 DAGs
[2022-05-07 13:35:33,497] {logging_mixin.py:109} INFO - [2022-05-07 13:35:33,497] {dag.py:2937} INFO - Setting next_dagrun for example_subdag_operator.section-1 to None
[2022-05-07 13:35:33,499] {logging_mixin.py:109} INFO - [2022-05-07 13:35:33,499] {dag.py:2937} INFO - Setting next_dagrun for example_subdag_operator.section-2 to None
[2022-05-07 13:35:33,513] {processor.py:171} INFO - Processing /home/airflow/.local/lib/python3.7/site-packages/airflow/example_dags/example_subdag_operator.py took 0.156 seconds
[2022-05-07 13:36:03,674] {processor.py:163} INFO - Started process (PID=398) to work on /home/airflow/.local/lib/python3.7/site-packages/airflow/example_dags/example_subdag_operator.py
[2022-05-07 13:36:03,678] {processor.py:642} INFO - Processing file /home/airflow/.local/lib/python3.7/site-packages/airflow/example_dags/example_subdag_operator.py for tasks to queue
[2022-05-07 13:36:03,681] {logging_mixin.py:109} INFO - [2022-05-07 13:36:03,681] {dagbag.py:500} INFO - Filling up the DagBag from /home/airflow/.local/lib/python3.7/site-packages/airflow/example_dags/example_subdag_operator.py
[2022-05-07 13:36:03,741] {processor.py:652} INFO - DAG(s) dict_keys(['example_subdag_operator.section-1', 'example_subdag_operator.section-2', 'example_subdag_operator']) retrieved from /home/airflow/.local/lib/python3.7/site-packages/airflow/example_dags/example_subdag_operator.py
[2022-05-07 13:36:03,763] {logging_mixin.py:109} INFO - [2022-05-07 13:36:03,762] {dag.py:2398} INFO - Sync 3 DAGs
[2022-05-07 13:36:03,794] {logging_mixin.py:109} INFO - [2022-05-07 13:36:03,794] {dag.py:2937} INFO - Setting next_dagrun for example_subdag_operator to 2022-05-05T00:00:00+00:00
[2022-05-07 13:36:03,797] {logging_mixin.py:109} INFO - [2022-05-07 13:36:03,796] {dag.py:2937} INFO - Setting next_dagrun for example_subdag_operator.section-1 to None
[2022-05-07 13:36:03,798] {logging_mixin.py:109} INFO - [2022-05-07 13:36:03,798] {dag.py:2937} INFO - Setting next_dagrun for example_subdag_operator.section-2 to None
[2022-05-07 13:36:03,811] {logging_mixin.py:109} INFO - [2022-05-07 13:36:03,810] {dag.py:2398} INFO - Sync 2 DAGs
[2022-05-07 13:36:03,825] {logging_mixin.py:109} INFO - [2022-05-07 13:36:03,825] {dag.py:2937} INFO - Setting next_dagrun for example_subdag_operator.section-1 to None
[2022-05-07 13:36:03,827] {logging_mixin.py:109} INFO - [2022-05-07 13:36:03,827] {dag.py:2937} INFO - Setting next_dagrun for example_subdag_operator.section-2 to None
[2022-05-07 13:36:03,842] {processor.py:171} INFO - Processing /home/airflow/.local/lib/python3.7/site-packages/airflow/example_dags/example_subdag_operator.py took 0.173 seconds
[2022-05-07 13:36:33,962] {processor.py:163} INFO - Started process (PID=449) to work on /home/airflow/.local/lib/python3.7/site-packages/airflow/example_dags/example_subdag_operator.py
[2022-05-07 13:36:33,968] {processor.py:642} INFO - Processing file /home/airflow/.local/lib/python3.7/site-packages/airflow/example_dags/example_subdag_operator.py for tasks to queue
[2022-05-07 13:36:33,971] {logging_mixin.py:109} INFO - [2022-05-07 13:36:33,970] {dagbag.py:500} INFO - Filling up the DagBag from /home/airflow/.local/lib/python3.7/site-packages/airflow/example_dags/example_subdag_operator.py
[2022-05-07 13:36:34,133] {processor.py:652} INFO - DAG(s) dict_keys(['example_subdag_operator.section-1', 'example_subdag_operator.section-2', 'example_subdag_operator']) retrieved from /home/airflow/.local/lib/python3.7/site-packages/airflow/example_dags/example_subdag_operator.py
[2022-05-07 13:36:34,265] {logging_mixin.py:109} INFO - [2022-05-07 13:36:34,263] {dag.py:2398} INFO - Sync 3 DAGs
[2022-05-07 13:36:34,573] {logging_mixin.py:109} INFO - [2022-05-07 13:36:34,573] {dag.py:2937} INFO - Setting next_dagrun for example_subdag_operator to 2022-05-05T00:00:00+00:00
[2022-05-07 13:36:34,597] {logging_mixin.py:109} INFO - [2022-05-07 13:36:34,582] {dag.py:2937} INFO - Setting next_dagrun for example_subdag_operator.section-1 to None
[2022-05-07 13:36:34,615] {logging_mixin.py:109} INFO - [2022-05-07 13:36:34,615] {dag.py:2937} INFO - Setting next_dagrun for example_subdag_operator.section-2 to None
[2022-05-07 13:36:34,738] {logging_mixin.py:109} INFO - [2022-05-07 13:36:34,737] {dag.py:2398} INFO - Sync 2 DAGs
[2022-05-07 13:36:34,856] {logging_mixin.py:109} INFO - [2022-05-07 13:36:34,856] {dag.py:2937} INFO - Setting next_dagrun for example_subdag_operator.section-1 to None
[2022-05-07 13:36:34,864] {logging_mixin.py:109} INFO - [2022-05-07 13:36:34,864] {dag.py:2937} INFO - Setting next_dagrun for example_subdag_operator.section-2 to None
[2022-05-07 13:36:34,936] {processor.py:171} INFO - Processing /home/airflow/.local/lib/python3.7/site-packages/airflow/example_dags/example_subdag_operator.py took 0.988 seconds
[2022-05-07 13:37:05,714] {processor.py:163} INFO - Started process (PID=501) to work on /home/airflow/.local/lib/python3.7/site-packages/airflow/example_dags/example_subdag_operator.py
[2022-05-07 13:37:05,718] {processor.py:642} INFO - Processing file /home/airflow/.local/lib/python3.7/site-packages/airflow/example_dags/example_subdag_operator.py for tasks to queue
[2022-05-07 13:37:05,719] {logging_mixin.py:109} INFO - [2022-05-07 13:37:05,719] {dagbag.py:500} INFO - Filling up the DagBag from /home/airflow/.local/lib/python3.7/site-packages/airflow/example_dags/example_subdag_operator.py
[2022-05-07 13:37:05,778] {processor.py:652} INFO - DAG(s) dict_keys(['example_subdag_operator.section-1', 'example_subdag_operator.section-2', 'example_subdag_operator']) retrieved from /home/airflow/.local/lib/python3.7/site-packages/airflow/example_dags/example_subdag_operator.py
[2022-05-07 13:37:05,800] {logging_mixin.py:109} INFO - [2022-05-07 13:37:05,800] {dag.py:2398} INFO - Sync 3 DAGs
[2022-05-07 13:37:05,830] {logging_mixin.py:109} INFO - [2022-05-07 13:37:05,829] {dag.py:2937} INFO - Setting next_dagrun for example_subdag_operator to 2022-05-05T00:00:00+00:00
[2022-05-07 13:37:05,831] {logging_mixin.py:109} INFO - [2022-05-07 13:37:05,831] {dag.py:2937} INFO - Setting next_dagrun for example_subdag_operator.section-1 to None
[2022-05-07 13:37:05,833] {logging_mixin.py:109} INFO - [2022-05-07 13:37:05,833] {dag.py:2937} INFO - Setting next_dagrun for example_subdag_operator.section-2 to None
[2022-05-07 13:37:05,851] {logging_mixin.py:109} INFO - [2022-05-07 13:37:05,851] {dag.py:2398} INFO - Sync 2 DAGs
[2022-05-07 13:37:05,865] {logging_mixin.py:109} INFO - [2022-05-07 13:37:05,865] {dag.py:2937} INFO - Setting next_dagrun for example_subdag_operator.section-1 to None
[2022-05-07 13:37:05,868] {logging_mixin.py:109} INFO - [2022-05-07 13:37:05,868] {dag.py:2937} INFO - Setting next_dagrun for example_subdag_operator.section-2 to None
[2022-05-07 13:37:05,881] {processor.py:171} INFO - Processing /home/airflow/.local/lib/python3.7/site-packages/airflow/example_dags/example_subdag_operator.py took 0.176 seconds
[2022-05-07 13:37:35,951] {processor.py:163} INFO - Started process (PID=555) to work on /home/airflow/.local/lib/python3.7/site-packages/airflow/example_dags/example_subdag_operator.py
[2022-05-07 13:37:35,955] {processor.py:642} INFO - Processing file /home/airflow/.local/lib/python3.7/site-packages/airflow/example_dags/example_subdag_operator.py for tasks to queue
[2022-05-07 13:37:35,957] {logging_mixin.py:109} INFO - [2022-05-07 13:37:35,957] {dagbag.py:500} INFO - Filling up the DagBag from /home/airflow/.local/lib/python3.7/site-packages/airflow/example_dags/example_subdag_operator.py
[2022-05-07 13:37:36,027] {processor.py:652} INFO - DAG(s) dict_keys(['example_subdag_operator.section-1', 'example_subdag_operator.section-2', 'example_subdag_operator']) retrieved from /home/airflow/.local/lib/python3.7/site-packages/airflow/example_dags/example_subdag_operator.py
[2022-05-07 13:37:36,048] {logging_mixin.py:109} INFO - [2022-05-07 13:37:36,048] {dag.py:2398} INFO - Sync 3 DAGs
[2022-05-07 13:37:36,078] {logging_mixin.py:109} INFO - [2022-05-07 13:37:36,077] {dag.py:2937} INFO - Setting next_dagrun for example_subdag_operator to 2022-05-05T00:00:00+00:00
[2022-05-07 13:37:36,079] {logging_mixin.py:109} INFO - [2022-05-07 13:37:36,079] {dag.py:2937} INFO - Setting next_dagrun for example_subdag_operator.section-1 to None
[2022-05-07 13:37:36,081] {logging_mixin.py:109} INFO - [2022-05-07 13:37:36,081] {dag.py:2937} INFO - Setting next_dagrun for example_subdag_operator.section-2 to None
[2022-05-07 13:37:36,094] {logging_mixin.py:109} INFO - [2022-05-07 13:37:36,094] {dag.py:2398} INFO - Sync 2 DAGs
[2022-05-07 13:37:36,107] {logging_mixin.py:109} INFO - [2022-05-07 13:37:36,107] {dag.py:2937} INFO - Setting next_dagrun for example_subdag_operator.section-1 to None
[2022-05-07 13:37:36,110] {logging_mixin.py:109} INFO - [2022-05-07 13:37:36,110] {dag.py:2937} INFO - Setting next_dagrun for example_subdag_operator.section-2 to None
[2022-05-07 13:37:36,123] {processor.py:171} INFO - Processing /home/airflow/.local/lib/python3.7/site-packages/airflow/example_dags/example_subdag_operator.py took 0.177 seconds
[2022-05-07 13:38:06,492] {processor.py:163} INFO - Started process (PID=607) to work on /home/airflow/.local/lib/python3.7/site-packages/airflow/example_dags/example_subdag_operator.py
[2022-05-07 13:38:06,496] {processor.py:642} INFO - Processing file /home/airflow/.local/lib/python3.7/site-packages/airflow/example_dags/example_subdag_operator.py for tasks to queue
[2022-05-07 13:38:06,499] {logging_mixin.py:109} INFO - [2022-05-07 13:38:06,499] {dagbag.py:500} INFO - Filling up the DagBag from /home/airflow/.local/lib/python3.7/site-packages/airflow/example_dags/example_subdag_operator.py
[2022-05-07 13:38:06,570] {processor.py:652} INFO - DAG(s) dict_keys(['example_subdag_operator.section-1', 'example_subdag_operator.section-2', 'example_subdag_operator']) retrieved from /home/airflow/.local/lib/python3.7/site-packages/airflow/example_dags/example_subdag_operator.py
[2022-05-07 13:38:06,592] {logging_mixin.py:109} INFO - [2022-05-07 13:38:06,592] {dag.py:2398} INFO - Sync 3 DAGs
[2022-05-07 13:38:06,619] {logging_mixin.py:109} INFO - [2022-05-07 13:38:06,619] {dag.py:2937} INFO - Setting next_dagrun for example_subdag_operator to 2022-05-05T00:00:00+00:00
[2022-05-07 13:38:06,621] {logging_mixin.py:109} INFO - [2022-05-07 13:38:06,621] {dag.py:2937} INFO - Setting next_dagrun for example_subdag_operator.section-1 to None
[2022-05-07 13:38:06,622] {logging_mixin.py:109} INFO - [2022-05-07 13:38:06,622] {dag.py:2937} INFO - Setting next_dagrun for example_subdag_operator.section-2 to None
[2022-05-07 13:38:06,634] {logging_mixin.py:109} INFO - [2022-05-07 13:38:06,634] {dag.py:2398} INFO - Sync 2 DAGs
[2022-05-07 13:38:06,648] {logging_mixin.py:109} INFO - [2022-05-07 13:38:06,648] {dag.py:2937} INFO - Setting next_dagrun for example_subdag_operator.section-1 to None
[2022-05-07 13:38:06,650] {logging_mixin.py:109} INFO - [2022-05-07 13:38:06,650] {dag.py:2937} INFO - Setting next_dagrun for example_subdag_operator.section-2 to None
[2022-05-07 13:38:06,665] {processor.py:171} INFO - Processing /home/airflow/.local/lib/python3.7/site-packages/airflow/example_dags/example_subdag_operator.py took 0.180 seconds
[2022-05-07 13:38:36,798] {processor.py:163} INFO - Started process (PID=659) to work on /home/airflow/.local/lib/python3.7/site-packages/airflow/example_dags/example_subdag_operator.py
[2022-05-07 13:38:36,801] {processor.py:642} INFO - Processing file /home/airflow/.local/lib/python3.7/site-packages/airflow/example_dags/example_subdag_operator.py for tasks to queue
[2022-05-07 13:38:36,803] {logging_mixin.py:109} INFO - [2022-05-07 13:38:36,803] {dagbag.py:500} INFO - Filling up the DagBag from /home/airflow/.local/lib/python3.7/site-packages/airflow/example_dags/example_subdag_operator.py
[2022-05-07 13:38:36,883] {processor.py:652} INFO - DAG(s) dict_keys(['example_subdag_operator.section-1', 'example_subdag_operator.section-2', 'example_subdag_operator']) retrieved from /home/airflow/.local/lib/python3.7/site-packages/airflow/example_dags/example_subdag_operator.py
[2022-05-07 13:38:36,914] {logging_mixin.py:109} INFO - [2022-05-07 13:38:36,913] {dag.py:2398} INFO - Sync 3 DAGs
[2022-05-07 13:38:36,955] {logging_mixin.py:109} INFO - [2022-05-07 13:38:36,955] {dag.py:2937} INFO - Setting next_dagrun for example_subdag_operator to 2022-05-05T00:00:00+00:00
[2022-05-07 13:38:36,958] {logging_mixin.py:109} INFO - [2022-05-07 13:38:36,958] {dag.py:2937} INFO - Setting next_dagrun for example_subdag_operator.section-1 to None
[2022-05-07 13:38:36,964] {logging_mixin.py:109} INFO - [2022-05-07 13:38:36,963] {dag.py:2937} INFO - Setting next_dagrun for example_subdag_operator.section-2 to None
[2022-05-07 13:38:36,984] {logging_mixin.py:109} INFO - [2022-05-07 13:38:36,984] {dag.py:2398} INFO - Sync 2 DAGs
[2022-05-07 13:38:37,029] {logging_mixin.py:109} INFO - [2022-05-07 13:38:37,028] {dag.py:2937} INFO - Setting next_dagrun for example_subdag_operator.section-1 to None
[2022-05-07 13:38:37,032] {logging_mixin.py:109} INFO - [2022-05-07 13:38:37,032] {dag.py:2937} INFO - Setting next_dagrun for example_subdag_operator.section-2 to None
[2022-05-07 13:38:37,056] {processor.py:171} INFO - Processing /home/airflow/.local/lib/python3.7/site-packages/airflow/example_dags/example_subdag_operator.py took 0.266 seconds
[2022-05-07 13:39:07,421] {processor.py:163} INFO - Started process (PID=713) to work on /home/airflow/.local/lib/python3.7/site-packages/airflow/example_dags/example_subdag_operator.py
[2022-05-07 13:39:07,424] {processor.py:642} INFO - Processing file /home/airflow/.local/lib/python3.7/site-packages/airflow/example_dags/example_subdag_operator.py for tasks to queue
[2022-05-07 13:39:07,428] {logging_mixin.py:109} INFO - [2022-05-07 13:39:07,428] {dagbag.py:500} INFO - Filling up the DagBag from /home/airflow/.local/lib/python3.7/site-packages/airflow/example_dags/example_subdag_operator.py
[2022-05-07 13:39:07,491] {processor.py:652} INFO - DAG(s) dict_keys(['example_subdag_operator.section-1', 'example_subdag_operator.section-2', 'example_subdag_operator']) retrieved from /home/airflow/.local/lib/python3.7/site-packages/airflow/example_dags/example_subdag_operator.py
[2022-05-07 13:39:07,513] {logging_mixin.py:109} INFO - [2022-05-07 13:39:07,513] {dag.py:2398} INFO - Sync 3 DAGs
[2022-05-07 13:39:07,544] {logging_mixin.py:109} INFO - [2022-05-07 13:39:07,544] {dag.py:2937} INFO - Setting next_dagrun for example_subdag_operator to 2022-05-05T00:00:00+00:00
[2022-05-07 13:39:07,546] {logging_mixin.py:109} INFO - [2022-05-07 13:39:07,546] {dag.py:2937} INFO - Setting next_dagrun for example_subdag_operator.section-1 to None
[2022-05-07 13:39:07,548] {logging_mixin.py:109} INFO - [2022-05-07 13:39:07,548] {dag.py:2937} INFO - Setting next_dagrun for example_subdag_operator.section-2 to None
[2022-05-07 13:39:07,560] {logging_mixin.py:109} INFO - [2022-05-07 13:39:07,559] {dag.py:2398} INFO - Sync 2 DAGs
[2022-05-07 13:39:07,574] {logging_mixin.py:109} INFO - [2022-05-07 13:39:07,574] {dag.py:2937} INFO - Setting next_dagrun for example_subdag_operator.section-1 to None
[2022-05-07 13:39:07,577] {logging_mixin.py:109} INFO - [2022-05-07 13:39:07,576] {dag.py:2937} INFO - Setting next_dagrun for example_subdag_operator.section-2 to None
[2022-05-07 13:39:07,594] {processor.py:171} INFO - Processing /home/airflow/.local/lib/python3.7/site-packages/airflow/example_dags/example_subdag_operator.py took 0.178 seconds
[2022-05-07 13:39:38,136] {processor.py:163} INFO - Started process (PID=764) to work on /home/airflow/.local/lib/python3.7/site-packages/airflow/example_dags/example_subdag_operator.py
[2022-05-07 13:39:38,139] {processor.py:642} INFO - Processing file /home/airflow/.local/lib/python3.7/site-packages/airflow/example_dags/example_subdag_operator.py for tasks to queue
[2022-05-07 13:39:38,142] {logging_mixin.py:109} INFO - [2022-05-07 13:39:38,141] {dagbag.py:500} INFO - Filling up the DagBag from /home/airflow/.local/lib/python3.7/site-packages/airflow/example_dags/example_subdag_operator.py
[2022-05-07 13:39:38,216] {processor.py:652} INFO - DAG(s) dict_keys(['example_subdag_operator.section-1', 'example_subdag_operator.section-2', 'example_subdag_operator']) retrieved from /home/airflow/.local/lib/python3.7/site-packages/airflow/example_dags/example_subdag_operator.py
[2022-05-07 13:39:38,238] {logging_mixin.py:109} INFO - [2022-05-07 13:39:38,238] {dag.py:2398} INFO - Sync 3 DAGs
[2022-05-07 13:39:38,265] {logging_mixin.py:109} INFO - [2022-05-07 13:39:38,264] {dag.py:2937} INFO - Setting next_dagrun for example_subdag_operator to 2022-05-05T00:00:00+00:00
[2022-05-07 13:39:38,267] {logging_mixin.py:109} INFO - [2022-05-07 13:39:38,266] {dag.py:2937} INFO - Setting next_dagrun for example_subdag_operator.section-1 to None
[2022-05-07 13:39:38,268] {logging_mixin.py:109} INFO - [2022-05-07 13:39:38,268] {dag.py:2937} INFO - Setting next_dagrun for example_subdag_operator.section-2 to None
[2022-05-07 13:39:38,299] {logging_mixin.py:109} INFO - [2022-05-07 13:39:38,298] {dag.py:2398} INFO - Sync 2 DAGs
[2022-05-07 13:39:38,321] {logging_mixin.py:109} INFO - [2022-05-07 13:39:38,321] {dag.py:2937} INFO - Setting next_dagrun for example_subdag_operator.section-1 to None
[2022-05-07 13:39:38,331] {logging_mixin.py:109} INFO - [2022-05-07 13:39:38,331] {dag.py:2937} INFO - Setting next_dagrun for example_subdag_operator.section-2 to None
[2022-05-07 13:39:38,353] {processor.py:171} INFO - Processing /home/airflow/.local/lib/python3.7/site-packages/airflow/example_dags/example_subdag_operator.py took 0.224 seconds
[2022-05-07 13:40:08,894] {processor.py:163} INFO - Started process (PID=818) to work on /home/airflow/.local/lib/python3.7/site-packages/airflow/example_dags/example_subdag_operator.py
[2022-05-07 13:40:08,925] {processor.py:642} INFO - Processing file /home/airflow/.local/lib/python3.7/site-packages/airflow/example_dags/example_subdag_operator.py for tasks to queue
[2022-05-07 13:40:08,928] {logging_mixin.py:109} INFO - [2022-05-07 13:40:08,928] {dagbag.py:500} INFO - Filling up the DagBag from /home/airflow/.local/lib/python3.7/site-packages/airflow/example_dags/example_subdag_operator.py
[2022-05-07 13:40:08,995] {processor.py:652} INFO - DAG(s) dict_keys(['example_subdag_operator.section-1', 'example_subdag_operator.section-2', 'example_subdag_operator']) retrieved from /home/airflow/.local/lib/python3.7/site-packages/airflow/example_dags/example_subdag_operator.py
[2022-05-07 13:40:09,022] {logging_mixin.py:109} INFO - [2022-05-07 13:40:09,022] {dag.py:2398} INFO - Sync 3 DAGs
[2022-05-07 13:40:09,059] {logging_mixin.py:109} INFO - [2022-05-07 13:40:09,059] {dag.py:2937} INFO - Setting next_dagrun for example_subdag_operator to 2022-05-05T00:00:00+00:00
[2022-05-07 13:40:09,062] {logging_mixin.py:109} INFO - [2022-05-07 13:40:09,061] {dag.py:2937} INFO - Setting next_dagrun for example_subdag_operator.section-1 to None
[2022-05-07 13:40:09,064] {logging_mixin.py:109} INFO - [2022-05-07 13:40:09,064] {dag.py:2937} INFO - Setting next_dagrun for example_subdag_operator.section-2 to None
[2022-05-07 13:40:09,080] {logging_mixin.py:109} INFO - [2022-05-07 13:40:09,080] {dag.py:2398} INFO - Sync 2 DAGs
[2022-05-07 13:40:09,103] {logging_mixin.py:109} INFO - [2022-05-07 13:40:09,103] {dag.py:2937} INFO - Setting next_dagrun for example_subdag_operator.section-1 to None
[2022-05-07 13:40:09,105] {logging_mixin.py:109} INFO - [2022-05-07 13:40:09,105] {dag.py:2937} INFO - Setting next_dagrun for example_subdag_operator.section-2 to None
[2022-05-07 13:40:09,131] {processor.py:171} INFO - Processing /home/airflow/.local/lib/python3.7/site-packages/airflow/example_dags/example_subdag_operator.py took 0.261 seconds
[2022-05-07 13:40:39,338] {processor.py:163} INFO - Started process (PID=880) to work on /home/airflow/.local/lib/python3.7/site-packages/airflow/example_dags/example_subdag_operator.py
[2022-05-07 13:40:39,345] {processor.py:642} INFO - Processing file /home/airflow/.local/lib/python3.7/site-packages/airflow/example_dags/example_subdag_operator.py for tasks to queue
[2022-05-07 13:40:39,350] {logging_mixin.py:109} INFO - [2022-05-07 13:40:39,349] {dagbag.py:500} INFO - Filling up the DagBag from /home/airflow/.local/lib/python3.7/site-packages/airflow/example_dags/example_subdag_operator.py
[2022-05-07 13:40:39,418] {processor.py:652} INFO - DAG(s) dict_keys(['example_subdag_operator.section-1', 'example_subdag_operator.section-2', 'example_subdag_operator']) retrieved from /home/airflow/.local/lib/python3.7/site-packages/airflow/example_dags/example_subdag_operator.py
[2022-05-07 13:40:39,442] {logging_mixin.py:109} INFO - [2022-05-07 13:40:39,442] {dag.py:2398} INFO - Sync 3 DAGs
[2022-05-07 13:40:39,478] {logging_mixin.py:109} INFO - [2022-05-07 13:40:39,478] {dag.py:2937} INFO - Setting next_dagrun for example_subdag_operator to 2022-05-05T00:00:00+00:00
[2022-05-07 13:40:39,481] {logging_mixin.py:109} INFO - [2022-05-07 13:40:39,480] {dag.py:2937} INFO - Setting next_dagrun for example_subdag_operator.section-1 to None
[2022-05-07 13:40:39,484] {logging_mixin.py:109} INFO - [2022-05-07 13:40:39,484] {dag.py:2937} INFO - Setting next_dagrun for example_subdag_operator.section-2 to None
[2022-05-07 13:40:39,505] {logging_mixin.py:109} INFO - [2022-05-07 13:40:39,504] {dag.py:2398} INFO - Sync 2 DAGs
[2022-05-07 13:40:39,532] {logging_mixin.py:109} INFO - [2022-05-07 13:40:39,532] {dag.py:2937} INFO - Setting next_dagrun for example_subdag_operator.section-1 to None
[2022-05-07 13:40:39,536] {logging_mixin.py:109} INFO - [2022-05-07 13:40:39,535] {dag.py:2937} INFO - Setting next_dagrun for example_subdag_operator.section-2 to None
[2022-05-07 13:40:39,557] {processor.py:171} INFO - Processing /home/airflow/.local/lib/python3.7/site-packages/airflow/example_dags/example_subdag_operator.py took 0.236 seconds
[2022-05-07 13:41:10,250] {processor.py:163} INFO - Started process (PID=931) to work on /home/airflow/.local/lib/python3.7/site-packages/airflow/example_dags/example_subdag_operator.py
[2022-05-07 13:41:10,258] {processor.py:642} INFO - Processing file /home/airflow/.local/lib/python3.7/site-packages/airflow/example_dags/example_subdag_operator.py for tasks to queue
[2022-05-07 13:41:10,263] {logging_mixin.py:109} INFO - [2022-05-07 13:41:10,262] {dagbag.py:500} INFO - Filling up the DagBag from /home/airflow/.local/lib/python3.7/site-packages/airflow/example_dags/example_subdag_operator.py
[2022-05-07 13:41:10,336] {processor.py:652} INFO - DAG(s) dict_keys(['example_subdag_operator.section-1', 'example_subdag_operator.section-2', 'example_subdag_operator']) retrieved from /home/airflow/.local/lib/python3.7/site-packages/airflow/example_dags/example_subdag_operator.py
[2022-05-07 13:41:10,359] {logging_mixin.py:109} INFO - [2022-05-07 13:41:10,359] {dag.py:2398} INFO - Sync 3 DAGs
[2022-05-07 13:41:10,387] {logging_mixin.py:109} INFO - [2022-05-07 13:41:10,387] {dag.py:2937} INFO - Setting next_dagrun for example_subdag_operator to 2022-05-05T00:00:00+00:00
[2022-05-07 13:41:10,390] {logging_mixin.py:109} INFO - [2022-05-07 13:41:10,390] {dag.py:2937} INFO - Setting next_dagrun for example_subdag_operator.section-1 to None
[2022-05-07 13:41:10,392] {logging_mixin.py:109} INFO - [2022-05-07 13:41:10,392] {dag.py:2937} INFO - Setting next_dagrun for example_subdag_operator.section-2 to None
[2022-05-07 13:41:10,422] {logging_mixin.py:109} INFO - [2022-05-07 13:41:10,422] {dag.py:2398} INFO - Sync 2 DAGs
[2022-05-07 13:41:10,456] {logging_mixin.py:109} INFO - [2022-05-07 13:41:10,456] {dag.py:2937} INFO - Setting next_dagrun for example_subdag_operator.section-1 to None
[2022-05-07 13:41:10,460] {logging_mixin.py:109} INFO - [2022-05-07 13:41:10,460] {dag.py:2937} INFO - Setting next_dagrun for example_subdag_operator.section-2 to None
[2022-05-07 13:41:10,493] {processor.py:171} INFO - Processing /home/airflow/.local/lib/python3.7/site-packages/airflow/example_dags/example_subdag_operator.py took 0.252 seconds
[2022-05-07 13:41:40,712] {processor.py:163} INFO - Started process (PID=981) to work on /home/airflow/.local/lib/python3.7/site-packages/airflow/example_dags/example_subdag_operator.py
[2022-05-07 13:41:40,716] {processor.py:642} INFO - Processing file /home/airflow/.local/lib/python3.7/site-packages/airflow/example_dags/example_subdag_operator.py for tasks to queue
[2022-05-07 13:41:40,720] {logging_mixin.py:109} INFO - [2022-05-07 13:41:40,720] {dagbag.py:500} INFO - Filling up the DagBag from /home/airflow/.local/lib/python3.7/site-packages/airflow/example_dags/example_subdag_operator.py
[2022-05-07 13:41:40,799] {processor.py:652} INFO - DAG(s) dict_keys(['example_subdag_operator.section-1', 'example_subdag_operator.section-2', 'example_subdag_operator']) retrieved from /home/airflow/.local/lib/python3.7/site-packages/airflow/example_dags/example_subdag_operator.py
[2022-05-07 13:41:40,846] {logging_mixin.py:109} INFO - [2022-05-07 13:41:40,846] {dag.py:2398} INFO - Sync 3 DAGs
[2022-05-07 13:41:40,882] {logging_mixin.py:109} INFO - [2022-05-07 13:41:40,882] {dag.py:2937} INFO - Setting next_dagrun for example_subdag_operator to 2022-05-05T00:00:00+00:00
[2022-05-07 13:41:40,884] {logging_mixin.py:109} INFO - [2022-05-07 13:41:40,883] {dag.py:2937} INFO - Setting next_dagrun for example_subdag_operator.section-1 to None
[2022-05-07 13:41:40,885] {logging_mixin.py:109} INFO - [2022-05-07 13:41:40,885] {dag.py:2937} INFO - Setting next_dagrun for example_subdag_operator.section-2 to None
[2022-05-07 13:41:40,895] {logging_mixin.py:109} INFO - [2022-05-07 13:41:40,895] {dag.py:2398} INFO - Sync 2 DAGs
[2022-05-07 13:41:40,909] {logging_mixin.py:109} INFO - [2022-05-07 13:41:40,909] {dag.py:2937} INFO - Setting next_dagrun for example_subdag_operator.section-1 to None
[2022-05-07 13:41:40,911] {logging_mixin.py:109} INFO - [2022-05-07 13:41:40,910] {dag.py:2937} INFO - Setting next_dagrun for example_subdag_operator.section-2 to None
[2022-05-07 13:41:40,925] {processor.py:171} INFO - Processing /home/airflow/.local/lib/python3.7/site-packages/airflow/example_dags/example_subdag_operator.py took 0.219 seconds
[2022-05-07 13:42:11,291] {processor.py:163} INFO - Started process (PID=1033) to work on /home/airflow/.local/lib/python3.7/site-packages/airflow/example_dags/example_subdag_operator.py
[2022-05-07 13:42:11,305] {processor.py:642} INFO - Processing file /home/airflow/.local/lib/python3.7/site-packages/airflow/example_dags/example_subdag_operator.py for tasks to queue
[2022-05-07 13:42:11,312] {logging_mixin.py:109} INFO - [2022-05-07 13:42:11,311] {dagbag.py:500} INFO - Filling up the DagBag from /home/airflow/.local/lib/python3.7/site-packages/airflow/example_dags/example_subdag_operator.py
[2022-05-07 13:42:11,429] {processor.py:652} INFO - DAG(s) dict_keys(['example_subdag_operator.section-1', 'example_subdag_operator.section-2', 'example_subdag_operator']) retrieved from /home/airflow/.local/lib/python3.7/site-packages/airflow/example_dags/example_subdag_operator.py
[2022-05-07 13:42:11,484] {logging_mixin.py:109} INFO - [2022-05-07 13:42:11,482] {dag.py:2398} INFO - Sync 3 DAGs
[2022-05-07 13:42:11,590] {logging_mixin.py:109} INFO - [2022-05-07 13:42:11,590] {dag.py:2937} INFO - Setting next_dagrun for example_subdag_operator to 2022-05-05T00:00:00+00:00
[2022-05-07 13:42:11,601] {logging_mixin.py:109} INFO - [2022-05-07 13:42:11,600] {dag.py:2937} INFO - Setting next_dagrun for example_subdag_operator.section-1 to None
[2022-05-07 13:42:11,604] {logging_mixin.py:109} INFO - [2022-05-07 13:42:11,603] {dag.py:2937} INFO - Setting next_dagrun for example_subdag_operator.section-2 to None
[2022-05-07 13:42:11,638] {logging_mixin.py:109} INFO - [2022-05-07 13:42:11,638] {dag.py:2398} INFO - Sync 2 DAGs
[2022-05-07 13:42:11,684] {logging_mixin.py:109} INFO - [2022-05-07 13:42:11,683] {dag.py:2937} INFO - Setting next_dagrun for example_subdag_operator.section-1 to None
[2022-05-07 13:42:11,692] {logging_mixin.py:109} INFO - [2022-05-07 13:42:11,690] {dag.py:2937} INFO - Setting next_dagrun for example_subdag_operator.section-2 to None
[2022-05-07 13:42:11,716] {processor.py:171} INFO - Processing /home/airflow/.local/lib/python3.7/site-packages/airflow/example_dags/example_subdag_operator.py took 0.438 seconds
[2022-05-07 13:42:42,030] {processor.py:163} INFO - Started process (PID=1086) to work on /home/airflow/.local/lib/python3.7/site-packages/airflow/example_dags/example_subdag_operator.py
[2022-05-07 13:42:42,034] {processor.py:642} INFO - Processing file /home/airflow/.local/lib/python3.7/site-packages/airflow/example_dags/example_subdag_operator.py for tasks to queue
[2022-05-07 13:42:42,037] {logging_mixin.py:109} INFO - [2022-05-07 13:42:42,037] {dagbag.py:500} INFO - Filling up the DagBag from /home/airflow/.local/lib/python3.7/site-packages/airflow/example_dags/example_subdag_operator.py
[2022-05-07 13:42:42,095] {processor.py:652} INFO - DAG(s) dict_keys(['example_subdag_operator.section-1', 'example_subdag_operator.section-2', 'example_subdag_operator']) retrieved from /home/airflow/.local/lib/python3.7/site-packages/airflow/example_dags/example_subdag_operator.py
[2022-05-07 13:42:42,116] {logging_mixin.py:109} INFO - [2022-05-07 13:42:42,116] {dag.py:2398} INFO - Sync 3 DAGs
[2022-05-07 13:42:42,145] {logging_mixin.py:109} INFO - [2022-05-07 13:42:42,145] {dag.py:2937} INFO - Setting next_dagrun for example_subdag_operator to 2022-05-05T00:00:00+00:00
[2022-05-07 13:42:42,147] {logging_mixin.py:109} INFO - [2022-05-07 13:42:42,147] {dag.py:2937} INFO - Setting next_dagrun for example_subdag_operator.section-1 to None
[2022-05-07 13:42:42,149] {logging_mixin.py:109} INFO - [2022-05-07 13:42:42,149] {dag.py:2937} INFO - Setting next_dagrun for example_subdag_operator.section-2 to None
[2022-05-07 13:42:42,161] {logging_mixin.py:109} INFO - [2022-05-07 13:42:42,161] {dag.py:2398} INFO - Sync 2 DAGs
[2022-05-07 13:42:42,175] {logging_mixin.py:109} INFO - [2022-05-07 13:42:42,175] {dag.py:2937} INFO - Setting next_dagrun for example_subdag_operator.section-1 to None
[2022-05-07 13:42:42,178] {logging_mixin.py:109} INFO - [2022-05-07 13:42:42,178] {dag.py:2937} INFO - Setting next_dagrun for example_subdag_operator.section-2 to None
[2022-05-07 13:42:42,200] {processor.py:171} INFO - Processing /home/airflow/.local/lib/python3.7/site-packages/airflow/example_dags/example_subdag_operator.py took 0.176 seconds
[2022-05-07 13:43:12,816] {processor.py:163} INFO - Started process (PID=1139) to work on /home/airflow/.local/lib/python3.7/site-packages/airflow/example_dags/example_subdag_operator.py
[2022-05-07 13:43:12,819] {processor.py:642} INFO - Processing file /home/airflow/.local/lib/python3.7/site-packages/airflow/example_dags/example_subdag_operator.py for tasks to queue
[2022-05-07 13:43:12,822] {logging_mixin.py:109} INFO - [2022-05-07 13:43:12,822] {dagbag.py:500} INFO - Filling up the DagBag from /home/airflow/.local/lib/python3.7/site-packages/airflow/example_dags/example_subdag_operator.py
[2022-05-07 13:43:12,886] {processor.py:652} INFO - DAG(s) dict_keys(['example_subdag_operator.section-1', 'example_subdag_operator.section-2', 'example_subdag_operator']) retrieved from /home/airflow/.local/lib/python3.7/site-packages/airflow/example_dags/example_subdag_operator.py
[2022-05-07 13:43:12,907] {logging_mixin.py:109} INFO - [2022-05-07 13:43:12,907] {dag.py:2398} INFO - Sync 3 DAGs
[2022-05-07 13:43:12,936] {logging_mixin.py:109} INFO - [2022-05-07 13:43:12,936] {dag.py:2937} INFO - Setting next_dagrun for example_subdag_operator to 2022-05-05T00:00:00+00:00
[2022-05-07 13:43:12,939] {logging_mixin.py:109} INFO - [2022-05-07 13:43:12,939] {dag.py:2937} INFO - Setting next_dagrun for example_subdag_operator.section-1 to None
[2022-05-07 13:43:12,940] {logging_mixin.py:109} INFO - [2022-05-07 13:43:12,940] {dag.py:2937} INFO - Setting next_dagrun for example_subdag_operator.section-2 to None
[2022-05-07 13:43:12,954] {logging_mixin.py:109} INFO - [2022-05-07 13:43:12,953] {dag.py:2398} INFO - Sync 2 DAGs
[2022-05-07 13:43:12,974] {logging_mixin.py:109} INFO - [2022-05-07 13:43:12,974] {dag.py:2937} INFO - Setting next_dagrun for example_subdag_operator.section-1 to None
[2022-05-07 13:43:12,976] {logging_mixin.py:109} INFO - [2022-05-07 13:43:12,976] {dag.py:2937} INFO - Setting next_dagrun for example_subdag_operator.section-2 to None
[2022-05-07 13:43:12,993] {processor.py:171} INFO - Processing /home/airflow/.local/lib/python3.7/site-packages/airflow/example_dags/example_subdag_operator.py took 0.185 seconds
[2022-05-07 13:43:43,394] {processor.py:163} INFO - Started process (PID=1191) to work on /home/airflow/.local/lib/python3.7/site-packages/airflow/example_dags/example_subdag_operator.py
[2022-05-07 13:43:43,398] {processor.py:642} INFO - Processing file /home/airflow/.local/lib/python3.7/site-packages/airflow/example_dags/example_subdag_operator.py for tasks to queue
[2022-05-07 13:43:43,402] {logging_mixin.py:109} INFO - [2022-05-07 13:43:43,401] {dagbag.py:500} INFO - Filling up the DagBag from /home/airflow/.local/lib/python3.7/site-packages/airflow/example_dags/example_subdag_operator.py
[2022-05-07 13:43:43,816] {processor.py:652} INFO - DAG(s) dict_keys(['example_subdag_operator.section-1', 'example_subdag_operator.section-2', 'example_subdag_operator']) retrieved from /home/airflow/.local/lib/python3.7/site-packages/airflow/example_dags/example_subdag_operator.py
[2022-05-07 13:43:44,155] {logging_mixin.py:109} INFO - [2022-05-07 13:43:44,155] {dag.py:2398} INFO - Sync 3 DAGs
[2022-05-07 13:43:44,260] {logging_mixin.py:109} INFO - [2022-05-07 13:43:44,259] {dag.py:2937} INFO - Setting next_dagrun for example_subdag_operator to 2022-05-05T00:00:00+00:00
[2022-05-07 13:43:44,274] {logging_mixin.py:109} INFO - [2022-05-07 13:43:44,274] {dag.py:2937} INFO - Setting next_dagrun for example_subdag_operator.section-1 to None
[2022-05-07 13:43:44,277] {logging_mixin.py:109} INFO - [2022-05-07 13:43:44,276] {dag.py:2937} INFO - Setting next_dagrun for example_subdag_operator.section-2 to None
[2022-05-07 13:43:44,311] {logging_mixin.py:109} INFO - [2022-05-07 13:43:44,311] {dag.py:2398} INFO - Sync 2 DAGs
[2022-05-07 13:43:44,347] {logging_mixin.py:109} INFO - [2022-05-07 13:43:44,347] {dag.py:2937} INFO - Setting next_dagrun for example_subdag_operator.section-1 to None
[2022-05-07 13:43:44,350] {logging_mixin.py:109} INFO - [2022-05-07 13:43:44,350] {dag.py:2937} INFO - Setting next_dagrun for example_subdag_operator.section-2 to None
[2022-05-07 13:43:44,373] {processor.py:171} INFO - Processing /home/airflow/.local/lib/python3.7/site-packages/airflow/example_dags/example_subdag_operator.py took 0.992 seconds
[2022-05-07 13:44:15,346] {processor.py:163} INFO - Started process (PID=1244) to work on /home/airflow/.local/lib/python3.7/site-packages/airflow/example_dags/example_subdag_operator.py
[2022-05-07 13:44:15,469] {processor.py:642} INFO - Processing file /home/airflow/.local/lib/python3.7/site-packages/airflow/example_dags/example_subdag_operator.py for tasks to queue
[2022-05-07 13:44:15,519] {logging_mixin.py:109} INFO - [2022-05-07 13:44:15,518] {dagbag.py:500} INFO - Filling up the DagBag from /home/airflow/.local/lib/python3.7/site-packages/airflow/example_dags/example_subdag_operator.py
[2022-05-07 13:44:16,525] {processor.py:652} INFO - DAG(s) dict_keys(['example_subdag_operator.section-1', 'example_subdag_operator.section-2', 'example_subdag_operator']) retrieved from /home/airflow/.local/lib/python3.7/site-packages/airflow/example_dags/example_subdag_operator.py
[2022-05-07 13:44:16,895] {logging_mixin.py:109} INFO - [2022-05-07 13:44:16,894] {dag.py:2398} INFO - Sync 3 DAGs
[2022-05-07 13:44:17,139] {logging_mixin.py:109} INFO - [2022-05-07 13:44:17,137] {dag.py:2937} INFO - Setting next_dagrun for example_subdag_operator to 2022-05-05T00:00:00+00:00
[2022-05-07 13:44:17,145] {logging_mixin.py:109} INFO - [2022-05-07 13:44:17,145] {dag.py:2937} INFO - Setting next_dagrun for example_subdag_operator.section-1 to None
[2022-05-07 13:44:17,150] {logging_mixin.py:109} INFO - [2022-05-07 13:44:17,149] {dag.py:2937} INFO - Setting next_dagrun for example_subdag_operator.section-2 to None
[2022-05-07 13:44:17,214] {logging_mixin.py:109} INFO - [2022-05-07 13:44:17,213] {dag.py:2398} INFO - Sync 2 DAGs
[2022-05-07 13:44:17,262] {logging_mixin.py:109} INFO - [2022-05-07 13:44:17,260] {dag.py:2937} INFO - Setting next_dagrun for example_subdag_operator.section-1 to None
[2022-05-07 13:44:17,273] {logging_mixin.py:109} INFO - [2022-05-07 13:44:17,272] {dag.py:2937} INFO - Setting next_dagrun for example_subdag_operator.section-2 to None
[2022-05-07 13:44:17,315] {processor.py:171} INFO - Processing /home/airflow/.local/lib/python3.7/site-packages/airflow/example_dags/example_subdag_operator.py took 2.083 seconds
[2022-05-07 13:44:47,794] {processor.py:163} INFO - Started process (PID=1298) to work on /home/airflow/.local/lib/python3.7/site-packages/airflow/example_dags/example_subdag_operator.py
[2022-05-07 13:44:47,809] {processor.py:642} INFO - Processing file /home/airflow/.local/lib/python3.7/site-packages/airflow/example_dags/example_subdag_operator.py for tasks to queue
[2022-05-07 13:44:47,812] {logging_mixin.py:109} INFO - [2022-05-07 13:44:47,811] {dagbag.py:500} INFO - Filling up the DagBag from /home/airflow/.local/lib/python3.7/site-packages/airflow/example_dags/example_subdag_operator.py
[2022-05-07 13:44:47,965] {processor.py:652} INFO - DAG(s) dict_keys(['example_subdag_operator.section-1', 'example_subdag_operator.section-2', 'example_subdag_operator']) retrieved from /home/airflow/.local/lib/python3.7/site-packages/airflow/example_dags/example_subdag_operator.py
[2022-05-07 13:44:48,013] {logging_mixin.py:109} INFO - [2022-05-07 13:44:48,013] {dag.py:2398} INFO - Sync 3 DAGs
[2022-05-07 13:44:48,092] {logging_mixin.py:109} INFO - [2022-05-07 13:44:48,091] {dag.py:2937} INFO - Setting next_dagrun for example_subdag_operator to 2022-05-05T00:00:00+00:00
[2022-05-07 13:44:48,096] {logging_mixin.py:109} INFO - [2022-05-07 13:44:48,096] {dag.py:2937} INFO - Setting next_dagrun for example_subdag_operator.section-1 to None
[2022-05-07 13:44:48,099] {logging_mixin.py:109} INFO - [2022-05-07 13:44:48,099] {dag.py:2937} INFO - Setting next_dagrun for example_subdag_operator.section-2 to None
[2022-05-07 13:44:48,118] {logging_mixin.py:109} INFO - [2022-05-07 13:44:48,118] {dag.py:2398} INFO - Sync 2 DAGs
[2022-05-07 13:44:48,139] {logging_mixin.py:109} INFO - [2022-05-07 13:44:48,139] {dag.py:2937} INFO - Setting next_dagrun for example_subdag_operator.section-1 to None
[2022-05-07 13:44:48,141] {logging_mixin.py:109} INFO - [2022-05-07 13:44:48,141] {dag.py:2937} INFO - Setting next_dagrun for example_subdag_operator.section-2 to None
[2022-05-07 13:44:48,165] {processor.py:171} INFO - Processing /home/airflow/.local/lib/python3.7/site-packages/airflow/example_dags/example_subdag_operator.py took 0.377 seconds
[2022-05-07 13:45:18,300] {processor.py:163} INFO - Started process (PID=1358) to work on /home/airflow/.local/lib/python3.7/site-packages/airflow/example_dags/example_subdag_operator.py
[2022-05-07 13:45:18,303] {processor.py:642} INFO - Processing file /home/airflow/.local/lib/python3.7/site-packages/airflow/example_dags/example_subdag_operator.py for tasks to queue
[2022-05-07 13:45:18,305] {logging_mixin.py:109} INFO - [2022-05-07 13:45:18,305] {dagbag.py:500} INFO - Filling up the DagBag from /home/airflow/.local/lib/python3.7/site-packages/airflow/example_dags/example_subdag_operator.py
[2022-05-07 13:45:18,404] {processor.py:652} INFO - DAG(s) dict_keys(['example_subdag_operator.section-1', 'example_subdag_operator.section-2', 'example_subdag_operator']) retrieved from /home/airflow/.local/lib/python3.7/site-packages/airflow/example_dags/example_subdag_operator.py
[2022-05-07 13:45:18,433] {logging_mixin.py:109} INFO - [2022-05-07 13:45:18,433] {dag.py:2398} INFO - Sync 3 DAGs
[2022-05-07 13:45:18,479] {logging_mixin.py:109} INFO - [2022-05-07 13:45:18,478] {dag.py:2937} INFO - Setting next_dagrun for example_subdag_operator to 2022-05-05T00:00:00+00:00
[2022-05-07 13:45:18,482] {logging_mixin.py:109} INFO - [2022-05-07 13:45:18,481] {dag.py:2937} INFO - Setting next_dagrun for example_subdag_operator.section-1 to None
[2022-05-07 13:45:18,484] {logging_mixin.py:109} INFO - [2022-05-07 13:45:18,484] {dag.py:2937} INFO - Setting next_dagrun for example_subdag_operator.section-2 to None
[2022-05-07 13:45:18,501] {logging_mixin.py:109} INFO - [2022-05-07 13:45:18,501] {dag.py:2398} INFO - Sync 2 DAGs
[2022-05-07 13:45:18,526] {logging_mixin.py:109} INFO - [2022-05-07 13:45:18,526] {dag.py:2937} INFO - Setting next_dagrun for example_subdag_operator.section-1 to None
[2022-05-07 13:45:18,529] {logging_mixin.py:109} INFO - [2022-05-07 13:45:18,529] {dag.py:2937} INFO - Setting next_dagrun for example_subdag_operator.section-2 to None
[2022-05-07 13:45:18,553] {processor.py:171} INFO - Processing /home/airflow/.local/lib/python3.7/site-packages/airflow/example_dags/example_subdag_operator.py took 0.258 seconds
[2022-05-07 13:45:48,965] {processor.py:163} INFO - Started process (PID=1411) to work on /home/airflow/.local/lib/python3.7/site-packages/airflow/example_dags/example_subdag_operator.py
[2022-05-07 13:45:48,970] {processor.py:642} INFO - Processing file /home/airflow/.local/lib/python3.7/site-packages/airflow/example_dags/example_subdag_operator.py for tasks to queue
[2022-05-07 13:45:48,976] {logging_mixin.py:109} INFO - [2022-05-07 13:45:48,976] {dagbag.py:500} INFO - Filling up the DagBag from /home/airflow/.local/lib/python3.7/site-packages/airflow/example_dags/example_subdag_operator.py
[2022-05-07 13:45:49,082] {processor.py:652} INFO - DAG(s) dict_keys(['example_subdag_operator.section-1', 'example_subdag_operator.section-2', 'example_subdag_operator']) retrieved from /home/airflow/.local/lib/python3.7/site-packages/airflow/example_dags/example_subdag_operator.py
[2022-05-07 13:45:49,101] {logging_mixin.py:109} INFO - [2022-05-07 13:45:49,101] {dag.py:2398} INFO - Sync 3 DAGs
[2022-05-07 13:45:49,129] {logging_mixin.py:109} INFO - [2022-05-07 13:45:49,129] {dag.py:2937} INFO - Setting next_dagrun for example_subdag_operator to 2022-05-05T00:00:00+00:00
[2022-05-07 13:45:49,133] {logging_mixin.py:109} INFO - [2022-05-07 13:45:49,133] {dag.py:2937} INFO - Setting next_dagrun for example_subdag_operator.section-1 to None
[2022-05-07 13:45:49,135] {logging_mixin.py:109} INFO - [2022-05-07 13:45:49,135] {dag.py:2937} INFO - Setting next_dagrun for example_subdag_operator.section-2 to None
[2022-05-07 13:45:49,147] {logging_mixin.py:109} INFO - [2022-05-07 13:45:49,147] {dag.py:2398} INFO - Sync 2 DAGs
[2022-05-07 13:45:49,163] {logging_mixin.py:109} INFO - [2022-05-07 13:45:49,163] {dag.py:2937} INFO - Setting next_dagrun for example_subdag_operator.section-1 to None
[2022-05-07 13:45:49,166] {logging_mixin.py:109} INFO - [2022-05-07 13:45:49,165] {dag.py:2937} INFO - Setting next_dagrun for example_subdag_operator.section-2 to None
[2022-05-07 13:45:49,188] {processor.py:171} INFO - Processing /home/airflow/.local/lib/python3.7/site-packages/airflow/example_dags/example_subdag_operator.py took 0.230 seconds
[2022-05-07 13:46:19,295] {processor.py:163} INFO - Started process (PID=1463) to work on /home/airflow/.local/lib/python3.7/site-packages/airflow/example_dags/example_subdag_operator.py
[2022-05-07 13:46:19,298] {processor.py:642} INFO - Processing file /home/airflow/.local/lib/python3.7/site-packages/airflow/example_dags/example_subdag_operator.py for tasks to queue
[2022-05-07 13:46:19,300] {logging_mixin.py:109} INFO - [2022-05-07 13:46:19,300] {dagbag.py:500} INFO - Filling up the DagBag from /home/airflow/.local/lib/python3.7/site-packages/airflow/example_dags/example_subdag_operator.py
[2022-05-07 13:46:19,363] {processor.py:652} INFO - DAG(s) dict_keys(['example_subdag_operator.section-1', 'example_subdag_operator.section-2', 'example_subdag_operator']) retrieved from /home/airflow/.local/lib/python3.7/site-packages/airflow/example_dags/example_subdag_operator.py
[2022-05-07 13:46:19,381] {logging_mixin.py:109} INFO - [2022-05-07 13:46:19,381] {dag.py:2398} INFO - Sync 3 DAGs
[2022-05-07 13:46:19,410] {logging_mixin.py:109} INFO - [2022-05-07 13:46:19,409] {dag.py:2937} INFO - Setting next_dagrun for example_subdag_operator to 2022-05-05T00:00:00+00:00
[2022-05-07 13:46:19,414] {logging_mixin.py:109} INFO - [2022-05-07 13:46:19,414] {dag.py:2937} INFO - Setting next_dagrun for example_subdag_operator.section-1 to None
[2022-05-07 13:46:19,420] {logging_mixin.py:109} INFO - [2022-05-07 13:46:19,419] {dag.py:2937} INFO - Setting next_dagrun for example_subdag_operator.section-2 to None
[2022-05-07 13:46:19,434] {logging_mixin.py:109} INFO - [2022-05-07 13:46:19,434] {dag.py:2398} INFO - Sync 2 DAGs
[2022-05-07 13:46:19,454] {logging_mixin.py:109} INFO - [2022-05-07 13:46:19,454] {dag.py:2937} INFO - Setting next_dagrun for example_subdag_operator.section-1 to None
[2022-05-07 13:46:19,459] {logging_mixin.py:109} INFO - [2022-05-07 13:46:19,459] {dag.py:2937} INFO - Setting next_dagrun for example_subdag_operator.section-2 to None
[2022-05-07 13:46:19,473] {processor.py:171} INFO - Processing /home/airflow/.local/lib/python3.7/site-packages/airflow/example_dags/example_subdag_operator.py took 0.184 seconds
[2022-05-07 13:46:49,882] {processor.py:163} INFO - Started process (PID=1516) to work on /home/airflow/.local/lib/python3.7/site-packages/airflow/example_dags/example_subdag_operator.py
[2022-05-07 13:46:49,887] {processor.py:642} INFO - Processing file /home/airflow/.local/lib/python3.7/site-packages/airflow/example_dags/example_subdag_operator.py for tasks to queue
[2022-05-07 13:46:49,892] {logging_mixin.py:109} INFO - [2022-05-07 13:46:49,891] {dagbag.py:500} INFO - Filling up the DagBag from /home/airflow/.local/lib/python3.7/site-packages/airflow/example_dags/example_subdag_operator.py
[2022-05-07 13:46:50,235] {processor.py:652} INFO - DAG(s) dict_keys(['example_subdag_operator.section-1', 'example_subdag_operator.section-2', 'example_subdag_operator']) retrieved from /home/airflow/.local/lib/python3.7/site-packages/airflow/example_dags/example_subdag_operator.py
[2022-05-07 13:46:50,299] {logging_mixin.py:109} INFO - [2022-05-07 13:46:50,295] {dag.py:2398} INFO - Sync 3 DAGs
[2022-05-07 13:46:50,403] {logging_mixin.py:109} INFO - [2022-05-07 13:46:50,403] {dag.py:2937} INFO - Setting next_dagrun for example_subdag_operator to 2022-05-05T00:00:00+00:00
[2022-05-07 13:46:50,416] {logging_mixin.py:109} INFO - [2022-05-07 13:46:50,415] {dag.py:2937} INFO - Setting next_dagrun for example_subdag_operator.section-1 to None
[2022-05-07 13:46:50,422] {logging_mixin.py:109} INFO - [2022-05-07 13:46:50,419] {dag.py:2937} INFO - Setting next_dagrun for example_subdag_operator.section-2 to None
[2022-05-07 13:46:50,510] {logging_mixin.py:109} INFO - [2022-05-07 13:46:50,508] {dag.py:2398} INFO - Sync 2 DAGs
[2022-05-07 13:46:50,583] {logging_mixin.py:109} INFO - [2022-05-07 13:46:50,582] {dag.py:2937} INFO - Setting next_dagrun for example_subdag_operator.section-1 to None
[2022-05-07 13:46:50,586] {logging_mixin.py:109} INFO - [2022-05-07 13:46:50,585] {dag.py:2937} INFO - Setting next_dagrun for example_subdag_operator.section-2 to None
[2022-05-07 13:46:50,622] {processor.py:171} INFO - Processing /home/airflow/.local/lib/python3.7/site-packages/airflow/example_dags/example_subdag_operator.py took 0.753 seconds
[2022-05-07 13:47:24,600] {processor.py:163} INFO - Started process (PID=1577) to work on /home/airflow/.local/lib/python3.7/site-packages/airflow/example_dags/example_subdag_operator.py
[2022-05-07 13:47:24,612] {processor.py:642} INFO - Processing file /home/airflow/.local/lib/python3.7/site-packages/airflow/example_dags/example_subdag_operator.py for tasks to queue
[2022-05-07 13:47:24,623] {logging_mixin.py:109} INFO - [2022-05-07 13:47:24,622] {dagbag.py:500} INFO - Filling up the DagBag from /home/airflow/.local/lib/python3.7/site-packages/airflow/example_dags/example_subdag_operator.py
[2022-05-07 13:47:25,134] {processor.py:652} INFO - DAG(s) dict_keys(['example_subdag_operator.section-1', 'example_subdag_operator.section-2', 'example_subdag_operator']) retrieved from /home/airflow/.local/lib/python3.7/site-packages/airflow/example_dags/example_subdag_operator.py
[2022-05-07 13:47:25,426] {logging_mixin.py:109} INFO - [2022-05-07 13:47:25,425] {dag.py:2398} INFO - Sync 3 DAGs
[2022-05-07 13:47:25,798] {logging_mixin.py:109} INFO - [2022-05-07 13:47:25,798] {dag.py:2937} INFO - Setting next_dagrun for example_subdag_operator to 2022-05-05T00:00:00+00:00
[2022-05-07 13:47:25,817] {logging_mixin.py:109} INFO - [2022-05-07 13:47:25,816] {dag.py:2937} INFO - Setting next_dagrun for example_subdag_operator.section-1 to None
[2022-05-07 13:47:25,834] {logging_mixin.py:109} INFO - [2022-05-07 13:47:25,833] {dag.py:2937} INFO - Setting next_dagrun for example_subdag_operator.section-2 to None
[2022-05-07 13:47:25,919] {logging_mixin.py:109} INFO - [2022-05-07 13:47:25,918] {dag.py:2398} INFO - Sync 2 DAGs
[2022-05-07 13:47:26,090] {logging_mixin.py:109} INFO - [2022-05-07 13:47:26,089] {dag.py:2937} INFO - Setting next_dagrun for example_subdag_operator.section-1 to None
[2022-05-07 13:47:26,113] {logging_mixin.py:109} INFO - [2022-05-07 13:47:26,113] {dag.py:2937} INFO - Setting next_dagrun for example_subdag_operator.section-2 to None
[2022-05-07 13:47:26,188] {processor.py:171} INFO - Processing /home/airflow/.local/lib/python3.7/site-packages/airflow/example_dags/example_subdag_operator.py took 1.614 seconds
[2022-05-07 13:49:31,307] {processor.py:163} INFO - Started process (PID=1677) to work on /home/airflow/.local/lib/python3.7/site-packages/airflow/example_dags/example_subdag_operator.py
[2022-05-07 13:49:31,329] {processor.py:642} INFO - Processing file /home/airflow/.local/lib/python3.7/site-packages/airflow/example_dags/example_subdag_operator.py for tasks to queue
[2022-05-07 13:49:31,335] {logging_mixin.py:109} INFO - [2022-05-07 13:49:31,335] {dagbag.py:500} INFO - Filling up the DagBag from /home/airflow/.local/lib/python3.7/site-packages/airflow/example_dags/example_subdag_operator.py
[2022-05-07 13:49:31,603] {processor.py:652} INFO - DAG(s) dict_keys(['example_subdag_operator.section-1', 'example_subdag_operator.section-2', 'example_subdag_operator']) retrieved from /home/airflow/.local/lib/python3.7/site-packages/airflow/example_dags/example_subdag_operator.py
[2022-05-07 13:49:31,685] {logging_mixin.py:109} INFO - [2022-05-07 13:49:31,685] {dag.py:2398} INFO - Sync 3 DAGs
[2022-05-07 13:49:31,740] {logging_mixin.py:109} INFO - [2022-05-07 13:49:31,740] {dag.py:2937} INFO - Setting next_dagrun for example_subdag_operator to 2022-05-05T00:00:00+00:00
[2022-05-07 13:49:31,742] {logging_mixin.py:109} INFO - [2022-05-07 13:49:31,742] {dag.py:2937} INFO - Setting next_dagrun for example_subdag_operator.section-1 to None
[2022-05-07 13:49:31,744] {logging_mixin.py:109} INFO - [2022-05-07 13:49:31,744] {dag.py:2937} INFO - Setting next_dagrun for example_subdag_operator.section-2 to None
[2022-05-07 13:49:31,756] {logging_mixin.py:109} INFO - [2022-05-07 13:49:31,755] {dag.py:2398} INFO - Sync 2 DAGs
[2022-05-07 13:49:31,771] {logging_mixin.py:109} INFO - [2022-05-07 13:49:31,771] {dag.py:2937} INFO - Setting next_dagrun for example_subdag_operator.section-1 to None
[2022-05-07 13:49:31,773] {logging_mixin.py:109} INFO - [2022-05-07 13:49:31,773] {dag.py:2937} INFO - Setting next_dagrun for example_subdag_operator.section-2 to None
[2022-05-07 13:49:31,788] {processor.py:171} INFO - Processing /home/airflow/.local/lib/python3.7/site-packages/airflow/example_dags/example_subdag_operator.py took 0.501 seconds
[2022-05-07 13:50:02,155] {processor.py:163} INFO - Started process (PID=1732) to work on /home/airflow/.local/lib/python3.7/site-packages/airflow/example_dags/example_subdag_operator.py
[2022-05-07 13:50:02,163] {processor.py:642} INFO - Processing file /home/airflow/.local/lib/python3.7/site-packages/airflow/example_dags/example_subdag_operator.py for tasks to queue
[2022-05-07 13:50:02,166] {logging_mixin.py:109} INFO - [2022-05-07 13:50:02,166] {dagbag.py:500} INFO - Filling up the DagBag from /home/airflow/.local/lib/python3.7/site-packages/airflow/example_dags/example_subdag_operator.py
[2022-05-07 13:50:02,284] {processor.py:652} INFO - DAG(s) dict_keys(['example_subdag_operator.section-1', 'example_subdag_operator.section-2', 'example_subdag_operator']) retrieved from /home/airflow/.local/lib/python3.7/site-packages/airflow/example_dags/example_subdag_operator.py
[2022-05-07 13:50:02,322] {logging_mixin.py:109} INFO - [2022-05-07 13:50:02,322] {dag.py:2398} INFO - Sync 3 DAGs
[2022-05-07 13:50:02,359] {logging_mixin.py:109} INFO - [2022-05-07 13:50:02,359] {dag.py:2937} INFO - Setting next_dagrun for example_subdag_operator to 2022-05-05T00:00:00+00:00
[2022-05-07 13:50:02,361] {logging_mixin.py:109} INFO - [2022-05-07 13:50:02,361] {dag.py:2937} INFO - Setting next_dagrun for example_subdag_operator.section-1 to None
[2022-05-07 13:50:02,364] {logging_mixin.py:109} INFO - [2022-05-07 13:50:02,364] {dag.py:2937} INFO - Setting next_dagrun for example_subdag_operator.section-2 to None
[2022-05-07 13:50:02,376] {logging_mixin.py:109} INFO - [2022-05-07 13:50:02,376] {dag.py:2398} INFO - Sync 2 DAGs
[2022-05-07 13:50:02,401] {logging_mixin.py:109} INFO - [2022-05-07 13:50:02,401] {dag.py:2937} INFO - Setting next_dagrun for example_subdag_operator.section-1 to None
[2022-05-07 13:50:02,405] {logging_mixin.py:109} INFO - [2022-05-07 13:50:02,404] {dag.py:2937} INFO - Setting next_dagrun for example_subdag_operator.section-2 to None
[2022-05-07 13:50:02,428] {processor.py:171} INFO - Processing /home/airflow/.local/lib/python3.7/site-packages/airflow/example_dags/example_subdag_operator.py took 0.281 seconds
[2022-05-07 13:50:32,858] {processor.py:163} INFO - Started process (PID=1785) to work on /home/airflow/.local/lib/python3.7/site-packages/airflow/example_dags/example_subdag_operator.py
[2022-05-07 13:50:32,865] {processor.py:642} INFO - Processing file /home/airflow/.local/lib/python3.7/site-packages/airflow/example_dags/example_subdag_operator.py for tasks to queue
[2022-05-07 13:50:32,872] {logging_mixin.py:109} INFO - [2022-05-07 13:50:32,871] {dagbag.py:500} INFO - Filling up the DagBag from /home/airflow/.local/lib/python3.7/site-packages/airflow/example_dags/example_subdag_operator.py
[2022-05-07 13:50:32,999] {processor.py:652} INFO - DAG(s) dict_keys(['example_subdag_operator.section-1', 'example_subdag_operator.section-2', 'example_subdag_operator']) retrieved from /home/airflow/.local/lib/python3.7/site-packages/airflow/example_dags/example_subdag_operator.py
[2022-05-07 13:50:33,050] {logging_mixin.py:109} INFO - [2022-05-07 13:50:33,050] {dag.py:2398} INFO - Sync 3 DAGs
[2022-05-07 13:50:33,107] {logging_mixin.py:109} INFO - [2022-05-07 13:50:33,106] {dag.py:2937} INFO - Setting next_dagrun for example_subdag_operator to 2022-05-05T00:00:00+00:00
[2022-05-07 13:50:33,135] {logging_mixin.py:109} INFO - [2022-05-07 13:50:33,134] {dag.py:2937} INFO - Setting next_dagrun for example_subdag_operator.section-1 to None
[2022-05-07 13:50:33,142] {logging_mixin.py:109} INFO - [2022-05-07 13:50:33,142] {dag.py:2937} INFO - Setting next_dagrun for example_subdag_operator.section-2 to None
[2022-05-07 13:50:33,158] {logging_mixin.py:109} INFO - [2022-05-07 13:50:33,158] {dag.py:2398} INFO - Sync 2 DAGs
[2022-05-07 13:50:33,179] {logging_mixin.py:109} INFO - [2022-05-07 13:50:33,179] {dag.py:2937} INFO - Setting next_dagrun for example_subdag_operator.section-1 to None
[2022-05-07 13:50:33,182] {logging_mixin.py:109} INFO - [2022-05-07 13:50:33,181] {dag.py:2937} INFO - Setting next_dagrun for example_subdag_operator.section-2 to None
[2022-05-07 13:50:33,197] {processor.py:171} INFO - Processing /home/airflow/.local/lib/python3.7/site-packages/airflow/example_dags/example_subdag_operator.py took 0.351 seconds
[2022-05-07 13:51:03,856] {processor.py:163} INFO - Started process (PID=1850) to work on /home/airflow/.local/lib/python3.7/site-packages/airflow/example_dags/example_subdag_operator.py
[2022-05-07 13:51:03,861] {processor.py:642} INFO - Processing file /home/airflow/.local/lib/python3.7/site-packages/airflow/example_dags/example_subdag_operator.py for tasks to queue
[2022-05-07 13:51:03,863] {logging_mixin.py:109} INFO - [2022-05-07 13:51:03,863] {dagbag.py:500} INFO - Filling up the DagBag from /home/airflow/.local/lib/python3.7/site-packages/airflow/example_dags/example_subdag_operator.py
[2022-05-07 13:51:03,948] {processor.py:652} INFO - DAG(s) dict_keys(['example_subdag_operator.section-1', 'example_subdag_operator.section-2', 'example_subdag_operator']) retrieved from /home/airflow/.local/lib/python3.7/site-packages/airflow/example_dags/example_subdag_operator.py
[2022-05-07 13:51:03,979] {logging_mixin.py:109} INFO - [2022-05-07 13:51:03,979] {dag.py:2398} INFO - Sync 3 DAGs
[2022-05-07 13:51:04,017] {logging_mixin.py:109} INFO - [2022-05-07 13:51:04,016] {dag.py:2937} INFO - Setting next_dagrun for example_subdag_operator to 2022-05-05T00:00:00+00:00
[2022-05-07 13:51:04,021] {logging_mixin.py:109} INFO - [2022-05-07 13:51:04,021] {dag.py:2937} INFO - Setting next_dagrun for example_subdag_operator.section-1 to None
[2022-05-07 13:51:04,025] {logging_mixin.py:109} INFO - [2022-05-07 13:51:04,024] {dag.py:2937} INFO - Setting next_dagrun for example_subdag_operator.section-2 to None
[2022-05-07 13:51:04,036] {logging_mixin.py:109} INFO - [2022-05-07 13:51:04,036] {dag.py:2398} INFO - Sync 2 DAGs
[2022-05-07 13:51:04,053] {logging_mixin.py:109} INFO - [2022-05-07 13:51:04,053] {dag.py:2937} INFO - Setting next_dagrun for example_subdag_operator.section-1 to None
[2022-05-07 13:51:04,055] {logging_mixin.py:109} INFO - [2022-05-07 13:51:04,055] {dag.py:2937} INFO - Setting next_dagrun for example_subdag_operator.section-2 to None
[2022-05-07 13:51:04,070] {processor.py:171} INFO - Processing /home/airflow/.local/lib/python3.7/site-packages/airflow/example_dags/example_subdag_operator.py took 0.220 seconds
[2022-05-07 13:51:34,620] {processor.py:163} INFO - Started process (PID=1903) to work on /home/airflow/.local/lib/python3.7/site-packages/airflow/example_dags/example_subdag_operator.py
[2022-05-07 13:51:34,630] {processor.py:642} INFO - Processing file /home/airflow/.local/lib/python3.7/site-packages/airflow/example_dags/example_subdag_operator.py for tasks to queue
[2022-05-07 13:51:34,636] {logging_mixin.py:109} INFO - [2022-05-07 13:51:34,635] {dagbag.py:500} INFO - Filling up the DagBag from /home/airflow/.local/lib/python3.7/site-packages/airflow/example_dags/example_subdag_operator.py
[2022-05-07 13:51:34,697] {processor.py:652} INFO - DAG(s) dict_keys(['example_subdag_operator.section-1', 'example_subdag_operator.section-2', 'example_subdag_operator']) retrieved from /home/airflow/.local/lib/python3.7/site-packages/airflow/example_dags/example_subdag_operator.py
[2022-05-07 13:51:34,722] {logging_mixin.py:109} INFO - [2022-05-07 13:51:34,722] {dag.py:2398} INFO - Sync 3 DAGs
[2022-05-07 13:51:34,747] {logging_mixin.py:109} INFO - [2022-05-07 13:51:34,747] {dag.py:2937} INFO - Setting next_dagrun for example_subdag_operator to 2022-05-05T00:00:00+00:00
[2022-05-07 13:51:34,750] {logging_mixin.py:109} INFO - [2022-05-07 13:51:34,750] {dag.py:2937} INFO - Setting next_dagrun for example_subdag_operator.section-1 to None
[2022-05-07 13:51:34,753] {logging_mixin.py:109} INFO - [2022-05-07 13:51:34,753] {dag.py:2937} INFO - Setting next_dagrun for example_subdag_operator.section-2 to None
[2022-05-07 13:51:34,763] {logging_mixin.py:109} INFO - [2022-05-07 13:51:34,763] {dag.py:2398} INFO - Sync 2 DAGs
[2022-05-07 13:51:34,780] {logging_mixin.py:109} INFO - [2022-05-07 13:51:34,779] {dag.py:2937} INFO - Setting next_dagrun for example_subdag_operator.section-1 to None
[2022-05-07 13:51:34,781] {logging_mixin.py:109} INFO - [2022-05-07 13:51:34,781] {dag.py:2937} INFO - Setting next_dagrun for example_subdag_operator.section-2 to None
[2022-05-07 13:51:34,798] {processor.py:171} INFO - Processing /home/airflow/.local/lib/python3.7/site-packages/airflow/example_dags/example_subdag_operator.py took 0.193 seconds
[2022-05-07 13:52:05,076] {processor.py:163} INFO - Started process (PID=1956) to work on /home/airflow/.local/lib/python3.7/site-packages/airflow/example_dags/example_subdag_operator.py
[2022-05-07 13:52:05,080] {processor.py:642} INFO - Processing file /home/airflow/.local/lib/python3.7/site-packages/airflow/example_dags/example_subdag_operator.py for tasks to queue
[2022-05-07 13:52:05,082] {logging_mixin.py:109} INFO - [2022-05-07 13:52:05,082] {dagbag.py:500} INFO - Filling up the DagBag from /home/airflow/.local/lib/python3.7/site-packages/airflow/example_dags/example_subdag_operator.py
[2022-05-07 13:52:05,147] {processor.py:652} INFO - DAG(s) dict_keys(['example_subdag_operator.section-1', 'example_subdag_operator.section-2', 'example_subdag_operator']) retrieved from /home/airflow/.local/lib/python3.7/site-packages/airflow/example_dags/example_subdag_operator.py
[2022-05-07 13:52:05,171] {logging_mixin.py:109} INFO - [2022-05-07 13:52:05,170] {dag.py:2398} INFO - Sync 3 DAGs
[2022-05-07 13:52:05,201] {logging_mixin.py:109} INFO - [2022-05-07 13:52:05,201] {dag.py:2937} INFO - Setting next_dagrun for example_subdag_operator to 2022-05-05T00:00:00+00:00
[2022-05-07 13:52:05,204] {logging_mixin.py:109} INFO - [2022-05-07 13:52:05,204] {dag.py:2937} INFO - Setting next_dagrun for example_subdag_operator.section-1 to None
[2022-05-07 13:52:05,206] {logging_mixin.py:109} INFO - [2022-05-07 13:52:05,206] {dag.py:2937} INFO - Setting next_dagrun for example_subdag_operator.section-2 to None
[2022-05-07 13:52:05,220] {logging_mixin.py:109} INFO - [2022-05-07 13:52:05,220] {dag.py:2398} INFO - Sync 2 DAGs
[2022-05-07 13:52:05,238] {logging_mixin.py:109} INFO - [2022-05-07 13:52:05,237] {dag.py:2937} INFO - Setting next_dagrun for example_subdag_operator.section-1 to None
[2022-05-07 13:52:05,239] {logging_mixin.py:109} INFO - [2022-05-07 13:52:05,239] {dag.py:2937} INFO - Setting next_dagrun for example_subdag_operator.section-2 to None
[2022-05-07 13:52:05,267] {processor.py:171} INFO - Processing /home/airflow/.local/lib/python3.7/site-packages/airflow/example_dags/example_subdag_operator.py took 0.198 seconds
[2022-05-07 13:52:35,398] {processor.py:163} INFO - Started process (PID=2012) to work on /home/airflow/.local/lib/python3.7/site-packages/airflow/example_dags/example_subdag_operator.py
[2022-05-07 13:52:35,403] {processor.py:642} INFO - Processing file /home/airflow/.local/lib/python3.7/site-packages/airflow/example_dags/example_subdag_operator.py for tasks to queue
[2022-05-07 13:52:35,405] {logging_mixin.py:109} INFO - [2022-05-07 13:52:35,405] {dagbag.py:500} INFO - Filling up the DagBag from /home/airflow/.local/lib/python3.7/site-packages/airflow/example_dags/example_subdag_operator.py
[2022-05-07 13:52:35,464] {processor.py:652} INFO - DAG(s) dict_keys(['example_subdag_operator.section-1', 'example_subdag_operator.section-2', 'example_subdag_operator']) retrieved from /home/airflow/.local/lib/python3.7/site-packages/airflow/example_dags/example_subdag_operator.py
[2022-05-07 13:52:35,485] {logging_mixin.py:109} INFO - [2022-05-07 13:52:35,485] {dag.py:2398} INFO - Sync 3 DAGs
[2022-05-07 13:52:35,510] {logging_mixin.py:109} INFO - [2022-05-07 13:52:35,510] {dag.py:2937} INFO - Setting next_dagrun for example_subdag_operator to 2022-05-05T00:00:00+00:00
[2022-05-07 13:52:35,512] {logging_mixin.py:109} INFO - [2022-05-07 13:52:35,512] {dag.py:2937} INFO - Setting next_dagrun for example_subdag_operator.section-1 to None
[2022-05-07 13:52:35,514] {logging_mixin.py:109} INFO - [2022-05-07 13:52:35,514] {dag.py:2937} INFO - Setting next_dagrun for example_subdag_operator.section-2 to None
[2022-05-07 13:52:35,526] {logging_mixin.py:109} INFO - [2022-05-07 13:52:35,525] {dag.py:2398} INFO - Sync 2 DAGs
[2022-05-07 13:52:35,539] {logging_mixin.py:109} INFO - [2022-05-07 13:52:35,539] {dag.py:2937} INFO - Setting next_dagrun for example_subdag_operator.section-1 to None
[2022-05-07 13:52:35,541] {logging_mixin.py:109} INFO - [2022-05-07 13:52:35,541] {dag.py:2937} INFO - Setting next_dagrun for example_subdag_operator.section-2 to None
[2022-05-07 13:52:35,558] {processor.py:171} INFO - Processing /home/airflow/.local/lib/python3.7/site-packages/airflow/example_dags/example_subdag_operator.py took 0.166 seconds
[2022-05-07 13:53:05,688] {processor.py:163} INFO - Started process (PID=2067) to work on /home/airflow/.local/lib/python3.7/site-packages/airflow/example_dags/example_subdag_operator.py
[2022-05-07 13:53:05,692] {processor.py:642} INFO - Processing file /home/airflow/.local/lib/python3.7/site-packages/airflow/example_dags/example_subdag_operator.py for tasks to queue
[2022-05-07 13:53:05,694] {logging_mixin.py:109} INFO - [2022-05-07 13:53:05,694] {dagbag.py:500} INFO - Filling up the DagBag from /home/airflow/.local/lib/python3.7/site-packages/airflow/example_dags/example_subdag_operator.py
[2022-05-07 13:53:05,753] {processor.py:652} INFO - DAG(s) dict_keys(['example_subdag_operator.section-1', 'example_subdag_operator.section-2', 'example_subdag_operator']) retrieved from /home/airflow/.local/lib/python3.7/site-packages/airflow/example_dags/example_subdag_operator.py
[2022-05-07 13:53:05,773] {logging_mixin.py:109} INFO - [2022-05-07 13:53:05,773] {dag.py:2398} INFO - Sync 3 DAGs
[2022-05-07 13:53:05,817] {logging_mixin.py:109} INFO - [2022-05-07 13:53:05,816] {dag.py:2937} INFO - Setting next_dagrun for example_subdag_operator to 2022-05-05T00:00:00+00:00
[2022-05-07 13:53:05,818] {logging_mixin.py:109} INFO - [2022-05-07 13:53:05,818] {dag.py:2937} INFO - Setting next_dagrun for example_subdag_operator.section-1 to None
[2022-05-07 13:53:05,820] {logging_mixin.py:109} INFO - [2022-05-07 13:53:05,820] {dag.py:2937} INFO - Setting next_dagrun for example_subdag_operator.section-2 to None
[2022-05-07 13:53:05,836] {logging_mixin.py:109} INFO - [2022-05-07 13:53:05,835] {dag.py:2398} INFO - Sync 2 DAGs
[2022-05-07 13:53:05,853] {logging_mixin.py:109} INFO - [2022-05-07 13:53:05,853] {dag.py:2937} INFO - Setting next_dagrun for example_subdag_operator.section-1 to None
[2022-05-07 13:53:05,855] {logging_mixin.py:109} INFO - [2022-05-07 13:53:05,855] {dag.py:2937} INFO - Setting next_dagrun for example_subdag_operator.section-2 to None
[2022-05-07 13:53:05,871] {processor.py:171} INFO - Processing /home/airflow/.local/lib/python3.7/site-packages/airflow/example_dags/example_subdag_operator.py took 0.188 seconds
[2022-05-07 13:53:35,928] {processor.py:163} INFO - Started process (PID=2132) to work on /home/airflow/.local/lib/python3.7/site-packages/airflow/example_dags/example_subdag_operator.py
[2022-05-07 13:53:35,932] {processor.py:642} INFO - Processing file /home/airflow/.local/lib/python3.7/site-packages/airflow/example_dags/example_subdag_operator.py for tasks to queue
[2022-05-07 13:53:35,935] {logging_mixin.py:109} INFO - [2022-05-07 13:53:35,934] {dagbag.py:500} INFO - Filling up the DagBag from /home/airflow/.local/lib/python3.7/site-packages/airflow/example_dags/example_subdag_operator.py
[2022-05-07 13:53:36,025] {processor.py:652} INFO - DAG(s) dict_keys(['example_subdag_operator.section-1', 'example_subdag_operator.section-2', 'example_subdag_operator']) retrieved from /home/airflow/.local/lib/python3.7/site-packages/airflow/example_dags/example_subdag_operator.py
[2022-05-07 13:53:36,047] {logging_mixin.py:109} INFO - [2022-05-07 13:53:36,047] {dag.py:2398} INFO - Sync 3 DAGs
[2022-05-07 13:53:36,074] {logging_mixin.py:109} INFO - [2022-05-07 13:53:36,073] {dag.py:2937} INFO - Setting next_dagrun for example_subdag_operator to 2022-05-05T00:00:00+00:00
[2022-05-07 13:53:36,075] {logging_mixin.py:109} INFO - [2022-05-07 13:53:36,075] {dag.py:2937} INFO - Setting next_dagrun for example_subdag_operator.section-1 to None
[2022-05-07 13:53:36,076] {logging_mixin.py:109} INFO - [2022-05-07 13:53:36,076] {dag.py:2937} INFO - Setting next_dagrun for example_subdag_operator.section-2 to None
[2022-05-07 13:53:36,088] {logging_mixin.py:109} INFO - [2022-05-07 13:53:36,087] {dag.py:2398} INFO - Sync 2 DAGs
[2022-05-07 13:53:36,102] {logging_mixin.py:109} INFO - [2022-05-07 13:53:36,101] {dag.py:2937} INFO - Setting next_dagrun for example_subdag_operator.section-1 to None
[2022-05-07 13:53:36,104] {logging_mixin.py:109} INFO - [2022-05-07 13:53:36,104] {dag.py:2937} INFO - Setting next_dagrun for example_subdag_operator.section-2 to None
[2022-05-07 13:53:36,116] {processor.py:171} INFO - Processing /home/airflow/.local/lib/python3.7/site-packages/airflow/example_dags/example_subdag_operator.py took 0.194 seconds
[2022-05-07 13:54:06,272] {processor.py:163} INFO - Started process (PID=2185) to work on /home/airflow/.local/lib/python3.7/site-packages/airflow/example_dags/example_subdag_operator.py
[2022-05-07 13:54:06,276] {processor.py:642} INFO - Processing file /home/airflow/.local/lib/python3.7/site-packages/airflow/example_dags/example_subdag_operator.py for tasks to queue
[2022-05-07 13:54:06,278] {logging_mixin.py:109} INFO - [2022-05-07 13:54:06,278] {dagbag.py:500} INFO - Filling up the DagBag from /home/airflow/.local/lib/python3.7/site-packages/airflow/example_dags/example_subdag_operator.py
[2022-05-07 13:54:06,350] {processor.py:652} INFO - DAG(s) dict_keys(['example_subdag_operator.section-1', 'example_subdag_operator.section-2', 'example_subdag_operator']) retrieved from /home/airflow/.local/lib/python3.7/site-packages/airflow/example_dags/example_subdag_operator.py
[2022-05-07 13:54:06,374] {logging_mixin.py:109} INFO - [2022-05-07 13:54:06,373] {dag.py:2398} INFO - Sync 3 DAGs
[2022-05-07 13:54:06,402] {logging_mixin.py:109} INFO - [2022-05-07 13:54:06,402] {dag.py:2937} INFO - Setting next_dagrun for example_subdag_operator to 2022-05-05T00:00:00+00:00
[2022-05-07 13:54:06,404] {logging_mixin.py:109} INFO - [2022-05-07 13:54:06,404] {dag.py:2937} INFO - Setting next_dagrun for example_subdag_operator.section-1 to None
[2022-05-07 13:54:06,406] {logging_mixin.py:109} INFO - [2022-05-07 13:54:06,405] {dag.py:2937} INFO - Setting next_dagrun for example_subdag_operator.section-2 to None
[2022-05-07 13:54:06,419] {logging_mixin.py:109} INFO - [2022-05-07 13:54:06,418] {dag.py:2398} INFO - Sync 2 DAGs
[2022-05-07 13:54:06,438] {logging_mixin.py:109} INFO - [2022-05-07 13:54:06,438] {dag.py:2937} INFO - Setting next_dagrun for example_subdag_operator.section-1 to None
[2022-05-07 13:54:06,440] {logging_mixin.py:109} INFO - [2022-05-07 13:54:06,440] {dag.py:2937} INFO - Setting next_dagrun for example_subdag_operator.section-2 to None
[2022-05-07 13:54:06,465] {processor.py:171} INFO - Processing /home/airflow/.local/lib/python3.7/site-packages/airflow/example_dags/example_subdag_operator.py took 0.202 seconds
[2022-05-07 13:54:37,342] {processor.py:163} INFO - Started process (PID=2238) to work on /home/airflow/.local/lib/python3.7/site-packages/airflow/example_dags/example_subdag_operator.py
[2022-05-07 13:54:37,345] {processor.py:642} INFO - Processing file /home/airflow/.local/lib/python3.7/site-packages/airflow/example_dags/example_subdag_operator.py for tasks to queue
[2022-05-07 13:54:37,348] {logging_mixin.py:109} INFO - [2022-05-07 13:54:37,348] {dagbag.py:500} INFO - Filling up the DagBag from /home/airflow/.local/lib/python3.7/site-packages/airflow/example_dags/example_subdag_operator.py
[2022-05-07 13:54:37,412] {processor.py:652} INFO - DAG(s) dict_keys(['example_subdag_operator.section-1', 'example_subdag_operator.section-2', 'example_subdag_operator']) retrieved from /home/airflow/.local/lib/python3.7/site-packages/airflow/example_dags/example_subdag_operator.py
[2022-05-07 13:54:37,440] {logging_mixin.py:109} INFO - [2022-05-07 13:54:37,439] {dag.py:2398} INFO - Sync 3 DAGs
[2022-05-07 13:54:37,479] {logging_mixin.py:109} INFO - [2022-05-07 13:54:37,478] {dag.py:2937} INFO - Setting next_dagrun for example_subdag_operator to 2022-05-05T00:00:00+00:00
[2022-05-07 13:54:37,480] {logging_mixin.py:109} INFO - [2022-05-07 13:54:37,480] {dag.py:2937} INFO - Setting next_dagrun for example_subdag_operator.section-1 to None
[2022-05-07 13:54:37,482] {logging_mixin.py:109} INFO - [2022-05-07 13:54:37,482] {dag.py:2937} INFO - Setting next_dagrun for example_subdag_operator.section-2 to None
[2022-05-07 13:54:37,502] {logging_mixin.py:109} INFO - [2022-05-07 13:54:37,502] {dag.py:2398} INFO - Sync 2 DAGs
[2022-05-07 13:54:37,521] {logging_mixin.py:109} INFO - [2022-05-07 13:54:37,521] {dag.py:2937} INFO - Setting next_dagrun for example_subdag_operator.section-1 to None
[2022-05-07 13:54:37,523] {logging_mixin.py:109} INFO - [2022-05-07 13:54:37,523] {dag.py:2937} INFO - Setting next_dagrun for example_subdag_operator.section-2 to None
[2022-05-07 13:54:37,544] {processor.py:171} INFO - Processing /home/airflow/.local/lib/python3.7/site-packages/airflow/example_dags/example_subdag_operator.py took 0.211 seconds
[2022-05-07 13:55:07,964] {processor.py:163} INFO - Started process (PID=2291) to work on /home/airflow/.local/lib/python3.7/site-packages/airflow/example_dags/example_subdag_operator.py
[2022-05-07 13:55:07,968] {processor.py:642} INFO - Processing file /home/airflow/.local/lib/python3.7/site-packages/airflow/example_dags/example_subdag_operator.py for tasks to queue
[2022-05-07 13:55:07,970] {logging_mixin.py:109} INFO - [2022-05-07 13:55:07,969] {dagbag.py:500} INFO - Filling up the DagBag from /home/airflow/.local/lib/python3.7/site-packages/airflow/example_dags/example_subdag_operator.py
[2022-05-07 13:55:08,036] {processor.py:652} INFO - DAG(s) dict_keys(['example_subdag_operator.section-1', 'example_subdag_operator.section-2', 'example_subdag_operator']) retrieved from /home/airflow/.local/lib/python3.7/site-packages/airflow/example_dags/example_subdag_operator.py
[2022-05-07 13:55:08,055] {logging_mixin.py:109} INFO - [2022-05-07 13:55:08,055] {dag.py:2398} INFO - Sync 3 DAGs
[2022-05-07 13:55:08,080] {logging_mixin.py:109} INFO - [2022-05-07 13:55:08,080] {dag.py:2937} INFO - Setting next_dagrun for example_subdag_operator to 2022-05-05T00:00:00+00:00
[2022-05-07 13:55:08,082] {logging_mixin.py:109} INFO - [2022-05-07 13:55:08,082] {dag.py:2937} INFO - Setting next_dagrun for example_subdag_operator.section-1 to None
[2022-05-07 13:55:08,084] {logging_mixin.py:109} INFO - [2022-05-07 13:55:08,084] {dag.py:2937} INFO - Setting next_dagrun for example_subdag_operator.section-2 to None
[2022-05-07 13:55:08,097] {logging_mixin.py:109} INFO - [2022-05-07 13:55:08,096] {dag.py:2398} INFO - Sync 2 DAGs
[2022-05-07 13:55:08,119] {logging_mixin.py:109} INFO - [2022-05-07 13:55:08,119] {dag.py:2937} INFO - Setting next_dagrun for example_subdag_operator.section-1 to None
[2022-05-07 13:55:08,121] {logging_mixin.py:109} INFO - [2022-05-07 13:55:08,121] {dag.py:2937} INFO - Setting next_dagrun for example_subdag_operator.section-2 to None
[2022-05-07 13:55:08,140] {processor.py:171} INFO - Processing /home/airflow/.local/lib/python3.7/site-packages/airflow/example_dags/example_subdag_operator.py took 0.181 seconds
[2022-05-07 13:55:38,343] {processor.py:163} INFO - Started process (PID=2354) to work on /home/airflow/.local/lib/python3.7/site-packages/airflow/example_dags/example_subdag_operator.py
[2022-05-07 13:55:38,347] {processor.py:642} INFO - Processing file /home/airflow/.local/lib/python3.7/site-packages/airflow/example_dags/example_subdag_operator.py for tasks to queue
[2022-05-07 13:55:38,349] {logging_mixin.py:109} INFO - [2022-05-07 13:55:38,349] {dagbag.py:500} INFO - Filling up the DagBag from /home/airflow/.local/lib/python3.7/site-packages/airflow/example_dags/example_subdag_operator.py
[2022-05-07 13:55:38,410] {processor.py:652} INFO - DAG(s) dict_keys(['example_subdag_operator.section-1', 'example_subdag_operator.section-2', 'example_subdag_operator']) retrieved from /home/airflow/.local/lib/python3.7/site-packages/airflow/example_dags/example_subdag_operator.py
[2022-05-07 13:55:38,428] {logging_mixin.py:109} INFO - [2022-05-07 13:55:38,428] {dag.py:2398} INFO - Sync 3 DAGs
[2022-05-07 13:55:38,451] {logging_mixin.py:109} INFO - [2022-05-07 13:55:38,451] {dag.py:2937} INFO - Setting next_dagrun for example_subdag_operator to 2022-05-05T00:00:00+00:00
[2022-05-07 13:55:38,453] {logging_mixin.py:109} INFO - [2022-05-07 13:55:38,453] {dag.py:2937} INFO - Setting next_dagrun for example_subdag_operator.section-1 to None
[2022-05-07 13:55:38,454] {logging_mixin.py:109} INFO - [2022-05-07 13:55:38,454] {dag.py:2937} INFO - Setting next_dagrun for example_subdag_operator.section-2 to None
[2022-05-07 13:55:38,464] {logging_mixin.py:109} INFO - [2022-05-07 13:55:38,464] {dag.py:2398} INFO - Sync 2 DAGs
[2022-05-07 13:55:38,481] {logging_mixin.py:109} INFO - [2022-05-07 13:55:38,480] {dag.py:2937} INFO - Setting next_dagrun for example_subdag_operator.section-1 to None
[2022-05-07 13:55:38,482] {logging_mixin.py:109} INFO - [2022-05-07 13:55:38,482] {dag.py:2937} INFO - Setting next_dagrun for example_subdag_operator.section-2 to None
[2022-05-07 13:55:38,497] {processor.py:171} INFO - Processing /home/airflow/.local/lib/python3.7/site-packages/airflow/example_dags/example_subdag_operator.py took 0.160 seconds
[2022-05-07 13:56:08,754] {processor.py:163} INFO - Started process (PID=2405) to work on /home/airflow/.local/lib/python3.7/site-packages/airflow/example_dags/example_subdag_operator.py
[2022-05-07 13:56:08,760] {processor.py:642} INFO - Processing file /home/airflow/.local/lib/python3.7/site-packages/airflow/example_dags/example_subdag_operator.py for tasks to queue
[2022-05-07 13:56:08,764] {logging_mixin.py:109} INFO - [2022-05-07 13:56:08,763] {dagbag.py:500} INFO - Filling up the DagBag from /home/airflow/.local/lib/python3.7/site-packages/airflow/example_dags/example_subdag_operator.py
[2022-05-07 13:56:08,883] {processor.py:652} INFO - DAG(s) dict_keys(['example_subdag_operator.section-1', 'example_subdag_operator.section-2', 'example_subdag_operator']) retrieved from /home/airflow/.local/lib/python3.7/site-packages/airflow/example_dags/example_subdag_operator.py
[2022-05-07 13:56:08,908] {logging_mixin.py:109} INFO - [2022-05-07 13:56:08,908] {dag.py:2398} INFO - Sync 3 DAGs
[2022-05-07 13:56:08,940] {logging_mixin.py:109} INFO - [2022-05-07 13:56:08,939] {dag.py:2937} INFO - Setting next_dagrun for example_subdag_operator to 2022-05-05T00:00:00+00:00
[2022-05-07 13:56:08,943] {logging_mixin.py:109} INFO - [2022-05-07 13:56:08,943] {dag.py:2937} INFO - Setting next_dagrun for example_subdag_operator.section-1 to None
[2022-05-07 13:56:08,947] {logging_mixin.py:109} INFO - [2022-05-07 13:56:08,947] {dag.py:2937} INFO - Setting next_dagrun for example_subdag_operator.section-2 to None
[2022-05-07 13:56:08,963] {logging_mixin.py:109} INFO - [2022-05-07 13:56:08,962] {dag.py:2398} INFO - Sync 2 DAGs
[2022-05-07 13:56:08,977] {logging_mixin.py:109} INFO - [2022-05-07 13:56:08,977] {dag.py:2937} INFO - Setting next_dagrun for example_subdag_operator.section-1 to None
[2022-05-07 13:56:08,979] {logging_mixin.py:109} INFO - [2022-05-07 13:56:08,979] {dag.py:2937} INFO - Setting next_dagrun for example_subdag_operator.section-2 to None
[2022-05-07 13:56:08,994] {processor.py:171} INFO - Processing /home/airflow/.local/lib/python3.7/site-packages/airflow/example_dags/example_subdag_operator.py took 0.255 seconds
[2022-05-07 13:56:39,357] {processor.py:163} INFO - Started process (PID=2458) to work on /home/airflow/.local/lib/python3.7/site-packages/airflow/example_dags/example_subdag_operator.py
[2022-05-07 13:56:39,361] {processor.py:642} INFO - Processing file /home/airflow/.local/lib/python3.7/site-packages/airflow/example_dags/example_subdag_operator.py for tasks to queue
[2022-05-07 13:56:39,364] {logging_mixin.py:109} INFO - [2022-05-07 13:56:39,363] {dagbag.py:500} INFO - Filling up the DagBag from /home/airflow/.local/lib/python3.7/site-packages/airflow/example_dags/example_subdag_operator.py
[2022-05-07 13:56:39,446] {processor.py:652} INFO - DAG(s) dict_keys(['example_subdag_operator.section-1', 'example_subdag_operator.section-2', 'example_subdag_operator']) retrieved from /home/airflow/.local/lib/python3.7/site-packages/airflow/example_dags/example_subdag_operator.py
[2022-05-07 13:56:39,471] {logging_mixin.py:109} INFO - [2022-05-07 13:56:39,471] {dag.py:2398} INFO - Sync 3 DAGs
[2022-05-07 13:56:39,502] {logging_mixin.py:109} INFO - [2022-05-07 13:56:39,502] {dag.py:2937} INFO - Setting next_dagrun for example_subdag_operator to 2022-05-05T00:00:00+00:00
[2022-05-07 13:56:39,504] {logging_mixin.py:109} INFO - [2022-05-07 13:56:39,504] {dag.py:2937} INFO - Setting next_dagrun for example_subdag_operator.section-1 to None
[2022-05-07 13:56:39,506] {logging_mixin.py:109} INFO - [2022-05-07 13:56:39,506] {dag.py:2937} INFO - Setting next_dagrun for example_subdag_operator.section-2 to None
[2022-05-07 13:56:39,517] {logging_mixin.py:109} INFO - [2022-05-07 13:56:39,516] {dag.py:2398} INFO - Sync 2 DAGs
[2022-05-07 13:56:39,530] {logging_mixin.py:109} INFO - [2022-05-07 13:56:39,530] {dag.py:2937} INFO - Setting next_dagrun for example_subdag_operator.section-1 to None
[2022-05-07 13:56:39,532] {logging_mixin.py:109} INFO - [2022-05-07 13:56:39,532] {dag.py:2937} INFO - Setting next_dagrun for example_subdag_operator.section-2 to None
[2022-05-07 13:56:39,547] {processor.py:171} INFO - Processing /home/airflow/.local/lib/python3.7/site-packages/airflow/example_dags/example_subdag_operator.py took 0.195 seconds
[2022-05-07 13:57:10,990] {processor.py:163} INFO - Started process (PID=2510) to work on /home/airflow/.local/lib/python3.7/site-packages/airflow/example_dags/example_subdag_operator.py
[2022-05-07 13:57:10,998] {processor.py:642} INFO - Processing file /home/airflow/.local/lib/python3.7/site-packages/airflow/example_dags/example_subdag_operator.py for tasks to queue
[2022-05-07 13:57:11,004] {logging_mixin.py:109} INFO - [2022-05-07 13:57:11,004] {dagbag.py:500} INFO - Filling up the DagBag from /home/airflow/.local/lib/python3.7/site-packages/airflow/example_dags/example_subdag_operator.py
[2022-05-07 13:57:11,078] {processor.py:652} INFO - DAG(s) dict_keys(['example_subdag_operator.section-1', 'example_subdag_operator.section-2', 'example_subdag_operator']) retrieved from /home/airflow/.local/lib/python3.7/site-packages/airflow/example_dags/example_subdag_operator.py
[2022-05-07 13:57:11,103] {logging_mixin.py:109} INFO - [2022-05-07 13:57:11,103] {dag.py:2398} INFO - Sync 3 DAGs
[2022-05-07 13:57:11,132] {logging_mixin.py:109} INFO - [2022-05-07 13:57:11,132] {dag.py:2937} INFO - Setting next_dagrun for example_subdag_operator to 2022-05-05T00:00:00+00:00
[2022-05-07 13:57:11,134] {logging_mixin.py:109} INFO - [2022-05-07 13:57:11,134] {dag.py:2937} INFO - Setting next_dagrun for example_subdag_operator.section-1 to None
[2022-05-07 13:57:11,139] {logging_mixin.py:109} INFO - [2022-05-07 13:57:11,139] {dag.py:2937} INFO - Setting next_dagrun for example_subdag_operator.section-2 to None
[2022-05-07 13:57:11,162] {logging_mixin.py:109} INFO - [2022-05-07 13:57:11,162] {dag.py:2398} INFO - Sync 2 DAGs
[2022-05-07 13:57:11,192] {logging_mixin.py:109} INFO - [2022-05-07 13:57:11,192] {dag.py:2937} INFO - Setting next_dagrun for example_subdag_operator.section-1 to None
[2022-05-07 13:57:11,195] {logging_mixin.py:109} INFO - [2022-05-07 13:57:11,195] {dag.py:2937} INFO - Setting next_dagrun for example_subdag_operator.section-2 to None
[2022-05-07 13:57:11,255] {processor.py:171} INFO - Processing /home/airflow/.local/lib/python3.7/site-packages/airflow/example_dags/example_subdag_operator.py took 0.276 seconds
