[2022-05-07 13:34:15,837] {processor.py:163} INFO - Started process (PID=205) to work on /home/airflow/.local/lib/python3.7/site-packages/airflow/example_dags/example_xcom.py
[2022-05-07 13:34:15,842] {processor.py:642} INFO - Processing file /home/airflow/.local/lib/python3.7/site-packages/airflow/example_dags/example_xcom.py for tasks to queue
[2022-05-07 13:34:15,844] {logging_mixin.py:109} INFO - [2022-05-07 13:34:15,844] {dagbag.py:500} INFO - Filling up the DagBag from /home/airflow/.local/lib/python3.7/site-packages/airflow/example_dags/example_xcom.py
[2022-05-07 13:34:15,901] {processor.py:652} INFO - DAG(s) dict_keys(['example_xcom']) retrieved from /home/airflow/.local/lib/python3.7/site-packages/airflow/example_dags/example_xcom.py
[2022-05-07 13:34:27,942] {logging_mixin.py:109} INFO - [2022-05-07 13:34:27,941] {manager.py:496} INFO - Created Permission View: can edit on DAG:example_xcom
[2022-05-07 13:34:27,973] {logging_mixin.py:109} INFO - [2022-05-07 13:34:27,973] {manager.py:496} INFO - Created Permission View: can read on DAG:example_xcom
[2022-05-07 13:34:27,976] {logging_mixin.py:109} INFO - [2022-05-07 13:34:27,975] {dag.py:2398} INFO - Sync 1 DAGs
[2022-05-07 13:34:27,996] {logging_mixin.py:109} INFO - [2022-05-07 13:34:27,996] {dag.py:2417} INFO - Creating ORM DAG for example_xcom
[2022-05-07 13:34:28,020] {logging_mixin.py:109} INFO - [2022-05-07 13:34:28,020] {dag.py:2937} INFO - Setting next_dagrun for example_xcom to 2021-01-01T00:00:00+00:00
[2022-05-07 13:34:28,059] {processor.py:171} INFO - Processing /home/airflow/.local/lib/python3.7/site-packages/airflow/example_dags/example_xcom.py took 12.229 seconds
[2022-05-07 13:34:58,436] {processor.py:163} INFO - Started process (PID=284) to work on /home/airflow/.local/lib/python3.7/site-packages/airflow/example_dags/example_xcom.py
[2022-05-07 13:34:58,439] {processor.py:642} INFO - Processing file /home/airflow/.local/lib/python3.7/site-packages/airflow/example_dags/example_xcom.py for tasks to queue
[2022-05-07 13:34:58,441] {logging_mixin.py:109} INFO - [2022-05-07 13:34:58,441] {dagbag.py:500} INFO - Filling up the DagBag from /home/airflow/.local/lib/python3.7/site-packages/airflow/example_dags/example_xcom.py
[2022-05-07 13:34:58,475] {processor.py:652} INFO - DAG(s) dict_keys(['example_xcom']) retrieved from /home/airflow/.local/lib/python3.7/site-packages/airflow/example_dags/example_xcom.py
[2022-05-07 13:34:58,883] {logging_mixin.py:109} INFO - [2022-05-07 13:34:58,883] {dag.py:2398} INFO - Sync 1 DAGs
[2022-05-07 13:34:58,903] {logging_mixin.py:109} INFO - [2022-05-07 13:34:58,902] {dag.py:2937} INFO - Setting next_dagrun for example_xcom to 2021-01-01T00:00:00+00:00
[2022-05-07 13:34:58,927] {processor.py:171} INFO - Processing /home/airflow/.local/lib/python3.7/site-packages/airflow/example_dags/example_xcom.py took 0.496 seconds
[2022-05-07 13:35:29,025] {processor.py:163} INFO - Started process (PID=336) to work on /home/airflow/.local/lib/python3.7/site-packages/airflow/example_dags/example_xcom.py
[2022-05-07 13:35:29,031] {processor.py:642} INFO - Processing file /home/airflow/.local/lib/python3.7/site-packages/airflow/example_dags/example_xcom.py for tasks to queue
[2022-05-07 13:35:29,037] {logging_mixin.py:109} INFO - [2022-05-07 13:35:29,037] {dagbag.py:500} INFO - Filling up the DagBag from /home/airflow/.local/lib/python3.7/site-packages/airflow/example_dags/example_xcom.py
[2022-05-07 13:35:29,105] {processor.py:652} INFO - DAG(s) dict_keys(['example_xcom']) retrieved from /home/airflow/.local/lib/python3.7/site-packages/airflow/example_dags/example_xcom.py
[2022-05-07 13:35:29,763] {logging_mixin.py:109} INFO - [2022-05-07 13:35:29,763] {dag.py:2398} INFO - Sync 1 DAGs
[2022-05-07 13:35:29,807] {logging_mixin.py:109} INFO - [2022-05-07 13:35:29,807] {dag.py:2937} INFO - Setting next_dagrun for example_xcom to 2021-01-01T00:00:00+00:00
[2022-05-07 13:35:29,859] {processor.py:171} INFO - Processing /home/airflow/.local/lib/python3.7/site-packages/airflow/example_dags/example_xcom.py took 0.844 seconds
[2022-05-07 13:36:00,257] {processor.py:163} INFO - Started process (PID=395) to work on /home/airflow/.local/lib/python3.7/site-packages/airflow/example_dags/example_xcom.py
[2022-05-07 13:36:00,262] {processor.py:642} INFO - Processing file /home/airflow/.local/lib/python3.7/site-packages/airflow/example_dags/example_xcom.py for tasks to queue
[2022-05-07 13:36:00,265] {logging_mixin.py:109} INFO - [2022-05-07 13:36:00,265] {dagbag.py:500} INFO - Filling up the DagBag from /home/airflow/.local/lib/python3.7/site-packages/airflow/example_dags/example_xcom.py
[2022-05-07 13:36:00,302] {processor.py:652} INFO - DAG(s) dict_keys(['example_xcom']) retrieved from /home/airflow/.local/lib/python3.7/site-packages/airflow/example_dags/example_xcom.py
[2022-05-07 13:36:00,858] {logging_mixin.py:109} INFO - [2022-05-07 13:36:00,857] {dag.py:2398} INFO - Sync 1 DAGs
[2022-05-07 13:36:00,892] {logging_mixin.py:109} INFO - [2022-05-07 13:36:00,891] {dag.py:2937} INFO - Setting next_dagrun for example_xcom to 2021-01-01T00:00:00+00:00
[2022-05-07 13:36:00,918] {processor.py:171} INFO - Processing /home/airflow/.local/lib/python3.7/site-packages/airflow/example_dags/example_xcom.py took 0.666 seconds
[2022-05-07 13:36:31,154] {processor.py:163} INFO - Started process (PID=448) to work on /home/airflow/.local/lib/python3.7/site-packages/airflow/example_dags/example_xcom.py
[2022-05-07 13:36:31,157] {processor.py:642} INFO - Processing file /home/airflow/.local/lib/python3.7/site-packages/airflow/example_dags/example_xcom.py for tasks to queue
[2022-05-07 13:36:31,160] {logging_mixin.py:109} INFO - [2022-05-07 13:36:31,159] {dagbag.py:500} INFO - Filling up the DagBag from /home/airflow/.local/lib/python3.7/site-packages/airflow/example_dags/example_xcom.py
[2022-05-07 13:36:31,194] {processor.py:652} INFO - DAG(s) dict_keys(['example_xcom']) retrieved from /home/airflow/.local/lib/python3.7/site-packages/airflow/example_dags/example_xcom.py
[2022-05-07 13:36:31,752] {logging_mixin.py:109} INFO - [2022-05-07 13:36:31,752] {dag.py:2398} INFO - Sync 1 DAGs
[2022-05-07 13:36:31,784] {logging_mixin.py:109} INFO - [2022-05-07 13:36:31,784] {dag.py:2937} INFO - Setting next_dagrun for example_xcom to 2021-01-01T00:00:00+00:00
[2022-05-07 13:36:31,814] {processor.py:171} INFO - Processing /home/airflow/.local/lib/python3.7/site-packages/airflow/example_dags/example_xcom.py took 0.665 seconds
[2022-05-07 13:37:01,979] {processor.py:163} INFO - Started process (PID=499) to work on /home/airflow/.local/lib/python3.7/site-packages/airflow/example_dags/example_xcom.py
[2022-05-07 13:37:01,992] {processor.py:642} INFO - Processing file /home/airflow/.local/lib/python3.7/site-packages/airflow/example_dags/example_xcom.py for tasks to queue
[2022-05-07 13:37:02,005] {logging_mixin.py:109} INFO - [2022-05-07 13:37:02,003] {dagbag.py:500} INFO - Filling up the DagBag from /home/airflow/.local/lib/python3.7/site-packages/airflow/example_dags/example_xcom.py
[2022-05-07 13:37:02,100] {processor.py:652} INFO - DAG(s) dict_keys(['example_xcom']) retrieved from /home/airflow/.local/lib/python3.7/site-packages/airflow/example_dags/example_xcom.py
[2022-05-07 13:37:02,836] {logging_mixin.py:109} INFO - [2022-05-07 13:37:02,836] {dag.py:2398} INFO - Sync 1 DAGs
[2022-05-07 13:37:02,864] {logging_mixin.py:109} INFO - [2022-05-07 13:37:02,864] {dag.py:2937} INFO - Setting next_dagrun for example_xcom to 2021-01-01T00:00:00+00:00
[2022-05-07 13:37:02,883] {processor.py:171} INFO - Processing /home/airflow/.local/lib/python3.7/site-packages/airflow/example_dags/example_xcom.py took 0.919 seconds
[2022-05-07 13:37:33,625] {processor.py:163} INFO - Started process (PID=553) to work on /home/airflow/.local/lib/python3.7/site-packages/airflow/example_dags/example_xcom.py
[2022-05-07 13:37:33,629] {processor.py:642} INFO - Processing file /home/airflow/.local/lib/python3.7/site-packages/airflow/example_dags/example_xcom.py for tasks to queue
[2022-05-07 13:37:33,632] {logging_mixin.py:109} INFO - [2022-05-07 13:37:33,631] {dagbag.py:500} INFO - Filling up the DagBag from /home/airflow/.local/lib/python3.7/site-packages/airflow/example_dags/example_xcom.py
[2022-05-07 13:37:33,681] {processor.py:652} INFO - DAG(s) dict_keys(['example_xcom']) retrieved from /home/airflow/.local/lib/python3.7/site-packages/airflow/example_dags/example_xcom.py
[2022-05-07 13:37:34,376] {logging_mixin.py:109} INFO - [2022-05-07 13:37:34,375] {dag.py:2398} INFO - Sync 1 DAGs
[2022-05-07 13:37:34,407] {logging_mixin.py:109} INFO - [2022-05-07 13:37:34,407] {dag.py:2937} INFO - Setting next_dagrun for example_xcom to 2021-01-01T00:00:00+00:00
[2022-05-07 13:37:34,446] {processor.py:171} INFO - Processing /home/airflow/.local/lib/python3.7/site-packages/airflow/example_dags/example_xcom.py took 0.828 seconds
[2022-05-07 13:38:04,514] {processor.py:163} INFO - Started process (PID=605) to work on /home/airflow/.local/lib/python3.7/site-packages/airflow/example_dags/example_xcom.py
[2022-05-07 13:38:04,518] {processor.py:642} INFO - Processing file /home/airflow/.local/lib/python3.7/site-packages/airflow/example_dags/example_xcom.py for tasks to queue
[2022-05-07 13:38:04,521] {logging_mixin.py:109} INFO - [2022-05-07 13:38:04,520] {dagbag.py:500} INFO - Filling up the DagBag from /home/airflow/.local/lib/python3.7/site-packages/airflow/example_dags/example_xcom.py
[2022-05-07 13:38:04,586] {processor.py:652} INFO - DAG(s) dict_keys(['example_xcom']) retrieved from /home/airflow/.local/lib/python3.7/site-packages/airflow/example_dags/example_xcom.py
[2022-05-07 13:38:05,361] {logging_mixin.py:109} INFO - [2022-05-07 13:38:05,361] {dag.py:2398} INFO - Sync 1 DAGs
[2022-05-07 13:38:05,390] {logging_mixin.py:109} INFO - [2022-05-07 13:38:05,390] {dag.py:2937} INFO - Setting next_dagrun for example_xcom to 2021-01-01T00:00:00+00:00
[2022-05-07 13:38:05,417] {processor.py:171} INFO - Processing /home/airflow/.local/lib/python3.7/site-packages/airflow/example_dags/example_xcom.py took 0.913 seconds
[2022-05-07 13:38:35,664] {processor.py:163} INFO - Started process (PID=657) to work on /home/airflow/.local/lib/python3.7/site-packages/airflow/example_dags/example_xcom.py
[2022-05-07 13:38:35,670] {processor.py:642} INFO - Processing file /home/airflow/.local/lib/python3.7/site-packages/airflow/example_dags/example_xcom.py for tasks to queue
[2022-05-07 13:38:35,678] {logging_mixin.py:109} INFO - [2022-05-07 13:38:35,678] {dagbag.py:500} INFO - Filling up the DagBag from /home/airflow/.local/lib/python3.7/site-packages/airflow/example_dags/example_xcom.py
[2022-05-07 13:38:35,760] {processor.py:652} INFO - DAG(s) dict_keys(['example_xcom']) retrieved from /home/airflow/.local/lib/python3.7/site-packages/airflow/example_dags/example_xcom.py
[2022-05-07 13:38:36,662] {logging_mixin.py:109} INFO - [2022-05-07 13:38:36,662] {dag.py:2398} INFO - Sync 1 DAGs
[2022-05-07 13:38:36,700] {logging_mixin.py:109} INFO - [2022-05-07 13:38:36,700] {dag.py:2937} INFO - Setting next_dagrun for example_xcom to 2021-01-01T00:00:00+00:00
[2022-05-07 13:38:36,732] {processor.py:171} INFO - Processing /home/airflow/.local/lib/python3.7/site-packages/airflow/example_dags/example_xcom.py took 1.081 seconds
[2022-05-07 13:39:06,796] {processor.py:163} INFO - Started process (PID=712) to work on /home/airflow/.local/lib/python3.7/site-packages/airflow/example_dags/example_xcom.py
[2022-05-07 13:39:06,800] {processor.py:642} INFO - Processing file /home/airflow/.local/lib/python3.7/site-packages/airflow/example_dags/example_xcom.py for tasks to queue
[2022-05-07 13:39:06,805] {logging_mixin.py:109} INFO - [2022-05-07 13:39:06,804] {dagbag.py:500} INFO - Filling up the DagBag from /home/airflow/.local/lib/python3.7/site-packages/airflow/example_dags/example_xcom.py
[2022-05-07 13:39:06,845] {processor.py:652} INFO - DAG(s) dict_keys(['example_xcom']) retrieved from /home/airflow/.local/lib/python3.7/site-packages/airflow/example_dags/example_xcom.py
[2022-05-07 13:39:07,316] {logging_mixin.py:109} INFO - [2022-05-07 13:39:07,316] {dag.py:2398} INFO - Sync 1 DAGs
[2022-05-07 13:39:07,339] {logging_mixin.py:109} INFO - [2022-05-07 13:39:07,339] {dag.py:2937} INFO - Setting next_dagrun for example_xcom to 2021-01-01T00:00:00+00:00
[2022-05-07 13:39:07,365] {processor.py:171} INFO - Processing /home/airflow/.local/lib/python3.7/site-packages/airflow/example_dags/example_xcom.py took 0.577 seconds
[2022-05-07 13:39:38,153] {processor.py:163} INFO - Started process (PID=763) to work on /home/airflow/.local/lib/python3.7/site-packages/airflow/example_dags/example_xcom.py
[2022-05-07 13:39:38,159] {processor.py:642} INFO - Processing file /home/airflow/.local/lib/python3.7/site-packages/airflow/example_dags/example_xcom.py for tasks to queue
[2022-05-07 13:39:38,163] {logging_mixin.py:109} INFO - [2022-05-07 13:39:38,162] {dagbag.py:500} INFO - Filling up the DagBag from /home/airflow/.local/lib/python3.7/site-packages/airflow/example_dags/example_xcom.py
[2022-05-07 13:39:38,209] {processor.py:652} INFO - DAG(s) dict_keys(['example_xcom']) retrieved from /home/airflow/.local/lib/python3.7/site-packages/airflow/example_dags/example_xcom.py
[2022-05-07 13:39:38,709] {logging_mixin.py:109} INFO - [2022-05-07 13:39:38,709] {dag.py:2398} INFO - Sync 1 DAGs
[2022-05-07 13:39:38,733] {logging_mixin.py:109} INFO - [2022-05-07 13:39:38,733] {dag.py:2937} INFO - Setting next_dagrun for example_xcom to 2021-01-01T00:00:00+00:00
[2022-05-07 13:39:38,753] {processor.py:171} INFO - Processing /home/airflow/.local/lib/python3.7/site-packages/airflow/example_dags/example_xcom.py took 0.636 seconds
[2022-05-07 13:40:08,842] {processor.py:163} INFO - Started process (PID=817) to work on /home/airflow/.local/lib/python3.7/site-packages/airflow/example_dags/example_xcom.py
[2022-05-07 13:40:08,846] {processor.py:642} INFO - Processing file /home/airflow/.local/lib/python3.7/site-packages/airflow/example_dags/example_xcom.py for tasks to queue
[2022-05-07 13:40:08,848] {logging_mixin.py:109} INFO - [2022-05-07 13:40:08,848] {dagbag.py:500} INFO - Filling up the DagBag from /home/airflow/.local/lib/python3.7/site-packages/airflow/example_dags/example_xcom.py
[2022-05-07 13:40:08,913] {processor.py:652} INFO - DAG(s) dict_keys(['example_xcom']) retrieved from /home/airflow/.local/lib/python3.7/site-packages/airflow/example_dags/example_xcom.py
[2022-05-07 13:40:09,603] {logging_mixin.py:109} INFO - [2022-05-07 13:40:09,603] {dag.py:2398} INFO - Sync 1 DAGs
[2022-05-07 13:40:09,634] {logging_mixin.py:109} INFO - [2022-05-07 13:40:09,634] {dag.py:2937} INFO - Setting next_dagrun for example_xcom to 2021-01-01T00:00:00+00:00
[2022-05-07 13:40:09,667] {processor.py:171} INFO - Processing /home/airflow/.local/lib/python3.7/site-packages/airflow/example_dags/example_xcom.py took 0.832 seconds
[2022-05-07 13:40:40,398] {processor.py:163} INFO - Started process (PID=881) to work on /home/airflow/.local/lib/python3.7/site-packages/airflow/example_dags/example_xcom.py
[2022-05-07 13:40:40,405] {processor.py:642} INFO - Processing file /home/airflow/.local/lib/python3.7/site-packages/airflow/example_dags/example_xcom.py for tasks to queue
[2022-05-07 13:40:40,411] {logging_mixin.py:109} INFO - [2022-05-07 13:40:40,410] {dagbag.py:500} INFO - Filling up the DagBag from /home/airflow/.local/lib/python3.7/site-packages/airflow/example_dags/example_xcom.py
[2022-05-07 13:40:40,466] {processor.py:652} INFO - DAG(s) dict_keys(['example_xcom']) retrieved from /home/airflow/.local/lib/python3.7/site-packages/airflow/example_dags/example_xcom.py
[2022-05-07 13:40:41,026] {logging_mixin.py:109} INFO - [2022-05-07 13:40:41,026] {dag.py:2398} INFO - Sync 1 DAGs
[2022-05-07 13:40:41,057] {logging_mixin.py:109} INFO - [2022-05-07 13:40:41,057] {dag.py:2937} INFO - Setting next_dagrun for example_xcom to 2021-01-01T00:00:00+00:00
[2022-05-07 13:40:41,086] {processor.py:171} INFO - Processing /home/airflow/.local/lib/python3.7/site-packages/airflow/example_dags/example_xcom.py took 0.702 seconds
[2022-05-07 13:41:11,374] {processor.py:163} INFO - Started process (PID=932) to work on /home/airflow/.local/lib/python3.7/site-packages/airflow/example_dags/example_xcom.py
[2022-05-07 13:41:11,380] {processor.py:642} INFO - Processing file /home/airflow/.local/lib/python3.7/site-packages/airflow/example_dags/example_xcom.py for tasks to queue
[2022-05-07 13:41:11,387] {logging_mixin.py:109} INFO - [2022-05-07 13:41:11,386] {dagbag.py:500} INFO - Filling up the DagBag from /home/airflow/.local/lib/python3.7/site-packages/airflow/example_dags/example_xcom.py
[2022-05-07 13:41:11,481] {processor.py:652} INFO - DAG(s) dict_keys(['example_xcom']) retrieved from /home/airflow/.local/lib/python3.7/site-packages/airflow/example_dags/example_xcom.py
[2022-05-07 13:41:12,508] {logging_mixin.py:109} INFO - [2022-05-07 13:41:12,508] {dag.py:2398} INFO - Sync 1 DAGs
[2022-05-07 13:41:12,596] {logging_mixin.py:109} INFO - [2022-05-07 13:41:12,596] {dag.py:2937} INFO - Setting next_dagrun for example_xcom to 2021-01-01T00:00:00+00:00
[2022-05-07 13:41:12,657] {processor.py:171} INFO - Processing /home/airflow/.local/lib/python3.7/site-packages/airflow/example_dags/example_xcom.py took 1.292 seconds
[2022-05-07 13:41:42,999] {processor.py:163} INFO - Started process (PID=983) to work on /home/airflow/.local/lib/python3.7/site-packages/airflow/example_dags/example_xcom.py
[2022-05-07 13:41:43,003] {processor.py:642} INFO - Processing file /home/airflow/.local/lib/python3.7/site-packages/airflow/example_dags/example_xcom.py for tasks to queue
[2022-05-07 13:41:43,006] {logging_mixin.py:109} INFO - [2022-05-07 13:41:43,005] {dagbag.py:500} INFO - Filling up the DagBag from /home/airflow/.local/lib/python3.7/site-packages/airflow/example_dags/example_xcom.py
[2022-05-07 13:41:43,075] {processor.py:652} INFO - DAG(s) dict_keys(['example_xcom']) retrieved from /home/airflow/.local/lib/python3.7/site-packages/airflow/example_dags/example_xcom.py
[2022-05-07 13:41:43,632] {logging_mixin.py:109} INFO - [2022-05-07 13:41:43,631] {dag.py:2398} INFO - Sync 1 DAGs
[2022-05-07 13:41:43,665] {logging_mixin.py:109} INFO - [2022-05-07 13:41:43,665] {dag.py:2937} INFO - Setting next_dagrun for example_xcom to 2021-01-01T00:00:00+00:00
[2022-05-07 13:41:43,689] {processor.py:171} INFO - Processing /home/airflow/.local/lib/python3.7/site-packages/airflow/example_dags/example_xcom.py took 0.699 seconds
[2022-05-07 13:42:13,796] {processor.py:163} INFO - Started process (PID=1035) to work on /home/airflow/.local/lib/python3.7/site-packages/airflow/example_dags/example_xcom.py
[2022-05-07 13:42:13,805] {processor.py:642} INFO - Processing file /home/airflow/.local/lib/python3.7/site-packages/airflow/example_dags/example_xcom.py for tasks to queue
[2022-05-07 13:42:13,809] {logging_mixin.py:109} INFO - [2022-05-07 13:42:13,808] {dagbag.py:500} INFO - Filling up the DagBag from /home/airflow/.local/lib/python3.7/site-packages/airflow/example_dags/example_xcom.py
[2022-05-07 13:42:13,854] {processor.py:652} INFO - DAG(s) dict_keys(['example_xcom']) retrieved from /home/airflow/.local/lib/python3.7/site-packages/airflow/example_dags/example_xcom.py
[2022-05-07 13:42:14,525] {logging_mixin.py:109} INFO - [2022-05-07 13:42:14,525] {dag.py:2398} INFO - Sync 1 DAGs
[2022-05-07 13:42:14,558] {logging_mixin.py:109} INFO - [2022-05-07 13:42:14,558] {dag.py:2937} INFO - Setting next_dagrun for example_xcom to 2021-01-01T00:00:00+00:00
[2022-05-07 13:42:14,576] {processor.py:171} INFO - Processing /home/airflow/.local/lib/python3.7/site-packages/airflow/example_dags/example_xcom.py took 0.787 seconds
[2022-05-07 13:42:45,272] {processor.py:163} INFO - Started process (PID=1089) to work on /home/airflow/.local/lib/python3.7/site-packages/airflow/example_dags/example_xcom.py
[2022-05-07 13:42:45,275] {processor.py:642} INFO - Processing file /home/airflow/.local/lib/python3.7/site-packages/airflow/example_dags/example_xcom.py for tasks to queue
[2022-05-07 13:42:45,278] {logging_mixin.py:109} INFO - [2022-05-07 13:42:45,277] {dagbag.py:500} INFO - Filling up the DagBag from /home/airflow/.local/lib/python3.7/site-packages/airflow/example_dags/example_xcom.py
[2022-05-07 13:42:45,310] {processor.py:652} INFO - DAG(s) dict_keys(['example_xcom']) retrieved from /home/airflow/.local/lib/python3.7/site-packages/airflow/example_dags/example_xcom.py
[2022-05-07 13:42:45,846] {logging_mixin.py:109} INFO - [2022-05-07 13:42:45,846] {dag.py:2398} INFO - Sync 1 DAGs
[2022-05-07 13:42:45,868] {logging_mixin.py:109} INFO - [2022-05-07 13:42:45,868] {dag.py:2937} INFO - Setting next_dagrun for example_xcom to 2021-01-01T00:00:00+00:00
[2022-05-07 13:42:45,887] {processor.py:171} INFO - Processing /home/airflow/.local/lib/python3.7/site-packages/airflow/example_dags/example_xcom.py took 0.620 seconds
[2022-05-07 13:43:16,134] {processor.py:163} INFO - Started process (PID=1142) to work on /home/airflow/.local/lib/python3.7/site-packages/airflow/example_dags/example_xcom.py
[2022-05-07 13:43:16,160] {processor.py:642} INFO - Processing file /home/airflow/.local/lib/python3.7/site-packages/airflow/example_dags/example_xcom.py for tasks to queue
[2022-05-07 13:43:16,166] {logging_mixin.py:109} INFO - [2022-05-07 13:43:16,165] {dagbag.py:500} INFO - Filling up the DagBag from /home/airflow/.local/lib/python3.7/site-packages/airflow/example_dags/example_xcom.py
[2022-05-07 13:43:16,350] {processor.py:652} INFO - DAG(s) dict_keys(['example_xcom']) retrieved from /home/airflow/.local/lib/python3.7/site-packages/airflow/example_dags/example_xcom.py
[2022-05-07 13:43:17,344] {logging_mixin.py:109} INFO - [2022-05-07 13:43:17,343] {dag.py:2398} INFO - Sync 1 DAGs
[2022-05-07 13:43:17,400] {logging_mixin.py:109} INFO - [2022-05-07 13:43:17,400] {dag.py:2937} INFO - Setting next_dagrun for example_xcom to 2021-01-01T00:00:00+00:00
[2022-05-07 13:43:17,444] {processor.py:171} INFO - Processing /home/airflow/.local/lib/python3.7/site-packages/airflow/example_dags/example_xcom.py took 1.325 seconds
[2022-05-07 13:43:47,885] {processor.py:163} INFO - Started process (PID=1197) to work on /home/airflow/.local/lib/python3.7/site-packages/airflow/example_dags/example_xcom.py
[2022-05-07 13:43:47,889] {processor.py:642} INFO - Processing file /home/airflow/.local/lib/python3.7/site-packages/airflow/example_dags/example_xcom.py for tasks to queue
[2022-05-07 13:43:47,892] {logging_mixin.py:109} INFO - [2022-05-07 13:43:47,892] {dagbag.py:500} INFO - Filling up the DagBag from /home/airflow/.local/lib/python3.7/site-packages/airflow/example_dags/example_xcom.py
[2022-05-07 13:43:47,942] {processor.py:652} INFO - DAG(s) dict_keys(['example_xcom']) retrieved from /home/airflow/.local/lib/python3.7/site-packages/airflow/example_dags/example_xcom.py
[2022-05-07 13:43:48,819] {logging_mixin.py:109} INFO - [2022-05-07 13:43:48,819] {dag.py:2398} INFO - Sync 1 DAGs
[2022-05-07 13:43:48,841] {logging_mixin.py:109} INFO - [2022-05-07 13:43:48,841] {dag.py:2937} INFO - Setting next_dagrun for example_xcom to 2021-01-01T00:00:00+00:00
[2022-05-07 13:43:48,860] {processor.py:171} INFO - Processing /home/airflow/.local/lib/python3.7/site-packages/airflow/example_dags/example_xcom.py took 0.983 seconds
[2022-05-07 13:44:19,672] {processor.py:163} INFO - Started process (PID=1250) to work on /home/airflow/.local/lib/python3.7/site-packages/airflow/example_dags/example_xcom.py
[2022-05-07 13:44:19,674] {processor.py:642} INFO - Processing file /home/airflow/.local/lib/python3.7/site-packages/airflow/example_dags/example_xcom.py for tasks to queue
[2022-05-07 13:44:19,676] {logging_mixin.py:109} INFO - [2022-05-07 13:44:19,676] {dagbag.py:500} INFO - Filling up the DagBag from /home/airflow/.local/lib/python3.7/site-packages/airflow/example_dags/example_xcom.py
[2022-05-07 13:44:19,715] {processor.py:652} INFO - DAG(s) dict_keys(['example_xcom']) retrieved from /home/airflow/.local/lib/python3.7/site-packages/airflow/example_dags/example_xcom.py
[2022-05-07 13:44:20,451] {logging_mixin.py:109} INFO - [2022-05-07 13:44:20,451] {dag.py:2398} INFO - Sync 1 DAGs
[2022-05-07 13:44:20,479] {logging_mixin.py:109} INFO - [2022-05-07 13:44:20,478] {dag.py:2937} INFO - Setting next_dagrun for example_xcom to 2021-01-01T00:00:00+00:00
[2022-05-07 13:44:20,504] {processor.py:171} INFO - Processing /home/airflow/.local/lib/python3.7/site-packages/airflow/example_dags/example_xcom.py took 0.838 seconds
[2022-05-07 13:44:50,621] {processor.py:163} INFO - Started process (PID=1312) to work on /home/airflow/.local/lib/python3.7/site-packages/airflow/example_dags/example_xcom.py
[2022-05-07 13:44:50,628] {processor.py:642} INFO - Processing file /home/airflow/.local/lib/python3.7/site-packages/airflow/example_dags/example_xcom.py for tasks to queue
[2022-05-07 13:44:50,633] {logging_mixin.py:109} INFO - [2022-05-07 13:44:50,633] {dagbag.py:500} INFO - Filling up the DagBag from /home/airflow/.local/lib/python3.7/site-packages/airflow/example_dags/example_xcom.py
[2022-05-07 13:44:50,678] {processor.py:652} INFO - DAG(s) dict_keys(['example_xcom']) retrieved from /home/airflow/.local/lib/python3.7/site-packages/airflow/example_dags/example_xcom.py
[2022-05-07 13:44:51,337] {logging_mixin.py:109} INFO - [2022-05-07 13:44:51,337] {dag.py:2398} INFO - Sync 1 DAGs
[2022-05-07 13:44:51,366] {logging_mixin.py:109} INFO - [2022-05-07 13:44:51,365] {dag.py:2937} INFO - Setting next_dagrun for example_xcom to 2021-01-01T00:00:00+00:00
[2022-05-07 13:44:51,389] {processor.py:171} INFO - Processing /home/airflow/.local/lib/python3.7/site-packages/airflow/example_dags/example_xcom.py took 0.778 seconds
[2022-05-07 13:45:21,956] {processor.py:163} INFO - Started process (PID=1363) to work on /home/airflow/.local/lib/python3.7/site-packages/airflow/example_dags/example_xcom.py
[2022-05-07 13:45:21,958] {processor.py:642} INFO - Processing file /home/airflow/.local/lib/python3.7/site-packages/airflow/example_dags/example_xcom.py for tasks to queue
[2022-05-07 13:45:21,960] {logging_mixin.py:109} INFO - [2022-05-07 13:45:21,960] {dagbag.py:500} INFO - Filling up the DagBag from /home/airflow/.local/lib/python3.7/site-packages/airflow/example_dags/example_xcom.py
[2022-05-07 13:45:21,998] {processor.py:652} INFO - DAG(s) dict_keys(['example_xcom']) retrieved from /home/airflow/.local/lib/python3.7/site-packages/airflow/example_dags/example_xcom.py
[2022-05-07 13:45:22,539] {logging_mixin.py:109} INFO - [2022-05-07 13:45:22,539] {dag.py:2398} INFO - Sync 1 DAGs
[2022-05-07 13:45:22,564] {logging_mixin.py:109} INFO - [2022-05-07 13:45:22,563] {dag.py:2937} INFO - Setting next_dagrun for example_xcom to 2021-01-01T00:00:00+00:00
[2022-05-07 13:45:22,584] {processor.py:171} INFO - Processing /home/airflow/.local/lib/python3.7/site-packages/airflow/example_dags/example_xcom.py took 0.633 seconds
[2022-05-07 13:45:53,447] {processor.py:163} INFO - Started process (PID=1416) to work on /home/airflow/.local/lib/python3.7/site-packages/airflow/example_dags/example_xcom.py
[2022-05-07 13:45:53,450] {processor.py:642} INFO - Processing file /home/airflow/.local/lib/python3.7/site-packages/airflow/example_dags/example_xcom.py for tasks to queue
[2022-05-07 13:45:53,452] {logging_mixin.py:109} INFO - [2022-05-07 13:45:53,452] {dagbag.py:500} INFO - Filling up the DagBag from /home/airflow/.local/lib/python3.7/site-packages/airflow/example_dags/example_xcom.py
[2022-05-07 13:45:53,488] {processor.py:652} INFO - DAG(s) dict_keys(['example_xcom']) retrieved from /home/airflow/.local/lib/python3.7/site-packages/airflow/example_dags/example_xcom.py
[2022-05-07 13:45:53,905] {logging_mixin.py:109} INFO - [2022-05-07 13:45:53,905] {dag.py:2398} INFO - Sync 1 DAGs
[2022-05-07 13:45:53,930] {logging_mixin.py:109} INFO - [2022-05-07 13:45:53,930] {dag.py:2937} INFO - Setting next_dagrun for example_xcom to 2021-01-01T00:00:00+00:00
[2022-05-07 13:45:53,950] {processor.py:171} INFO - Processing /home/airflow/.local/lib/python3.7/site-packages/airflow/example_dags/example_xcom.py took 0.508 seconds
[2022-05-07 13:46:25,038] {processor.py:163} INFO - Started process (PID=1481) to work on /home/airflow/.local/lib/python3.7/site-packages/airflow/example_dags/example_xcom.py
[2022-05-07 13:46:25,041] {processor.py:642} INFO - Processing file /home/airflow/.local/lib/python3.7/site-packages/airflow/example_dags/example_xcom.py for tasks to queue
[2022-05-07 13:46:25,043] {logging_mixin.py:109} INFO - [2022-05-07 13:46:25,042] {dagbag.py:500} INFO - Filling up the DagBag from /home/airflow/.local/lib/python3.7/site-packages/airflow/example_dags/example_xcom.py
[2022-05-07 13:46:25,075] {processor.py:652} INFO - DAG(s) dict_keys(['example_xcom']) retrieved from /home/airflow/.local/lib/python3.7/site-packages/airflow/example_dags/example_xcom.py
[2022-05-07 13:46:25,577] {logging_mixin.py:109} INFO - [2022-05-07 13:46:25,577] {dag.py:2398} INFO - Sync 1 DAGs
[2022-05-07 13:46:25,599] {logging_mixin.py:109} INFO - [2022-05-07 13:46:25,599] {dag.py:2937} INFO - Setting next_dagrun for example_xcom to 2021-01-01T00:00:00+00:00
[2022-05-07 13:46:25,616] {processor.py:171} INFO - Processing /home/airflow/.local/lib/python3.7/site-packages/airflow/example_dags/example_xcom.py took 0.584 seconds
[2022-05-07 13:46:56,207] {processor.py:163} INFO - Started process (PID=1534) to work on /home/airflow/.local/lib/python3.7/site-packages/airflow/example_dags/example_xcom.py
[2022-05-07 13:46:56,213] {processor.py:642} INFO - Processing file /home/airflow/.local/lib/python3.7/site-packages/airflow/example_dags/example_xcom.py for tasks to queue
[2022-05-07 13:46:56,216] {logging_mixin.py:109} INFO - [2022-05-07 13:46:56,216] {dagbag.py:500} INFO - Filling up the DagBag from /home/airflow/.local/lib/python3.7/site-packages/airflow/example_dags/example_xcom.py
[2022-05-07 13:46:56,263] {processor.py:652} INFO - DAG(s) dict_keys(['example_xcom']) retrieved from /home/airflow/.local/lib/python3.7/site-packages/airflow/example_dags/example_xcom.py
[2022-05-07 13:46:56,672] {logging_mixin.py:109} INFO - [2022-05-07 13:46:56,672] {dag.py:2398} INFO - Sync 1 DAGs
[2022-05-07 13:46:56,697] {logging_mixin.py:109} INFO - [2022-05-07 13:46:56,697] {dag.py:2937} INFO - Setting next_dagrun for example_xcom to 2021-01-01T00:00:00+00:00
[2022-05-07 13:46:56,720] {processor.py:171} INFO - Processing /home/airflow/.local/lib/python3.7/site-packages/airflow/example_dags/example_xcom.py took 0.523 seconds
[2022-05-07 13:47:28,450] {processor.py:163} INFO - Started process (PID=1585) to work on /home/airflow/.local/lib/python3.7/site-packages/airflow/example_dags/example_xcom.py
[2022-05-07 13:47:28,461] {processor.py:642} INFO - Processing file /home/airflow/.local/lib/python3.7/site-packages/airflow/example_dags/example_xcom.py for tasks to queue
[2022-05-07 13:47:28,477] {logging_mixin.py:109} INFO - [2022-05-07 13:47:28,477] {dagbag.py:500} INFO - Filling up the DagBag from /home/airflow/.local/lib/python3.7/site-packages/airflow/example_dags/example_xcom.py
[2022-05-07 13:47:28,722] {processor.py:652} INFO - DAG(s) dict_keys(['example_xcom']) retrieved from /home/airflow/.local/lib/python3.7/site-packages/airflow/example_dags/example_xcom.py
[2022-05-07 13:47:35,841] {logging_mixin.py:109} INFO - [2022-05-07 13:47:35,840] {dag.py:2398} INFO - Sync 1 DAGs
[2022-05-07 13:47:36,300] {logging_mixin.py:109} INFO - [2022-05-07 13:47:36,300] {dag.py:2937} INFO - Setting next_dagrun for example_xcom to 2021-01-01T00:00:00+00:00
[2022-05-07 13:47:36,584] {processor.py:171} INFO - Processing /home/airflow/.local/lib/python3.7/site-packages/airflow/example_dags/example_xcom.py took 8.184 seconds
[2022-05-07 13:49:30,912] {processor.py:163} INFO - Started process (PID=1675) to work on /home/airflow/.local/lib/python3.7/site-packages/airflow/example_dags/example_xcom.py
[2022-05-07 13:49:30,941] {processor.py:642} INFO - Processing file /home/airflow/.local/lib/python3.7/site-packages/airflow/example_dags/example_xcom.py for tasks to queue
[2022-05-07 13:49:30,944] {logging_mixin.py:109} INFO - [2022-05-07 13:49:30,944] {dagbag.py:500} INFO - Filling up the DagBag from /home/airflow/.local/lib/python3.7/site-packages/airflow/example_dags/example_xcom.py
[2022-05-07 13:49:31,028] {processor.py:652} INFO - DAG(s) dict_keys(['example_xcom']) retrieved from /home/airflow/.local/lib/python3.7/site-packages/airflow/example_dags/example_xcom.py
[2022-05-07 13:49:32,490] {logging_mixin.py:109} INFO - [2022-05-07 13:49:32,490] {dag.py:2398} INFO - Sync 1 DAGs
[2022-05-07 13:49:32,581] {logging_mixin.py:109} INFO - [2022-05-07 13:49:32,581] {dag.py:2937} INFO - Setting next_dagrun for example_xcom to 2021-01-01T00:00:00+00:00
[2022-05-07 13:49:32,647] {processor.py:171} INFO - Processing /home/airflow/.local/lib/python3.7/site-packages/airflow/example_dags/example_xcom.py took 1.744 seconds
[2022-05-07 13:50:03,479] {processor.py:163} INFO - Started process (PID=1734) to work on /home/airflow/.local/lib/python3.7/site-packages/airflow/example_dags/example_xcom.py
[2022-05-07 13:50:03,482] {processor.py:642} INFO - Processing file /home/airflow/.local/lib/python3.7/site-packages/airflow/example_dags/example_xcom.py for tasks to queue
[2022-05-07 13:50:03,484] {logging_mixin.py:109} INFO - [2022-05-07 13:50:03,484] {dagbag.py:500} INFO - Filling up the DagBag from /home/airflow/.local/lib/python3.7/site-packages/airflow/example_dags/example_xcom.py
[2022-05-07 13:50:03,524] {processor.py:652} INFO - DAG(s) dict_keys(['example_xcom']) retrieved from /home/airflow/.local/lib/python3.7/site-packages/airflow/example_dags/example_xcom.py
[2022-05-07 13:50:04,273] {logging_mixin.py:109} INFO - [2022-05-07 13:50:04,273] {dag.py:2398} INFO - Sync 1 DAGs
[2022-05-07 13:50:04,306] {logging_mixin.py:109} INFO - [2022-05-07 13:50:04,306] {dag.py:2937} INFO - Setting next_dagrun for example_xcom to 2021-01-01T00:00:00+00:00
[2022-05-07 13:50:04,337] {processor.py:171} INFO - Processing /home/airflow/.local/lib/python3.7/site-packages/airflow/example_dags/example_xcom.py took 0.863 seconds
[2022-05-07 13:50:34,590] {processor.py:163} INFO - Started process (PID=1790) to work on /home/airflow/.local/lib/python3.7/site-packages/airflow/example_dags/example_xcom.py
[2022-05-07 13:50:34,593] {processor.py:642} INFO - Processing file /home/airflow/.local/lib/python3.7/site-packages/airflow/example_dags/example_xcom.py for tasks to queue
[2022-05-07 13:50:34,597] {logging_mixin.py:109} INFO - [2022-05-07 13:50:34,597] {dagbag.py:500} INFO - Filling up the DagBag from /home/airflow/.local/lib/python3.7/site-packages/airflow/example_dags/example_xcom.py
[2022-05-07 13:50:34,636] {processor.py:652} INFO - DAG(s) dict_keys(['example_xcom']) retrieved from /home/airflow/.local/lib/python3.7/site-packages/airflow/example_dags/example_xcom.py
[2022-05-07 13:50:35,259] {logging_mixin.py:109} INFO - [2022-05-07 13:50:35,258] {dag.py:2398} INFO - Sync 1 DAGs
[2022-05-07 13:50:35,289] {logging_mixin.py:109} INFO - [2022-05-07 13:50:35,289] {dag.py:2937} INFO - Setting next_dagrun for example_xcom to 2021-01-01T00:00:00+00:00
[2022-05-07 13:50:35,316] {processor.py:171} INFO - Processing /home/airflow/.local/lib/python3.7/site-packages/airflow/example_dags/example_xcom.py took 0.732 seconds
[2022-05-07 13:51:05,471] {processor.py:163} INFO - Started process (PID=1855) to work on /home/airflow/.local/lib/python3.7/site-packages/airflow/example_dags/example_xcom.py
[2022-05-07 13:51:05,474] {processor.py:642} INFO - Processing file /home/airflow/.local/lib/python3.7/site-packages/airflow/example_dags/example_xcom.py for tasks to queue
[2022-05-07 13:51:05,476] {logging_mixin.py:109} INFO - [2022-05-07 13:51:05,476] {dagbag.py:500} INFO - Filling up the DagBag from /home/airflow/.local/lib/python3.7/site-packages/airflow/example_dags/example_xcom.py
[2022-05-07 13:51:05,525] {processor.py:652} INFO - DAG(s) dict_keys(['example_xcom']) retrieved from /home/airflow/.local/lib/python3.7/site-packages/airflow/example_dags/example_xcom.py
[2022-05-07 13:51:06,241] {logging_mixin.py:109} INFO - [2022-05-07 13:51:06,241] {dag.py:2398} INFO - Sync 1 DAGs
[2022-05-07 13:51:06,279] {logging_mixin.py:109} INFO - [2022-05-07 13:51:06,279] {dag.py:2937} INFO - Setting next_dagrun for example_xcom to 2021-01-01T00:00:00+00:00
[2022-05-07 13:51:06,319] {processor.py:171} INFO - Processing /home/airflow/.local/lib/python3.7/site-packages/airflow/example_dags/example_xcom.py took 0.854 seconds
[2022-05-07 13:51:37,313] {processor.py:163} INFO - Started process (PID=1909) to work on /home/airflow/.local/lib/python3.7/site-packages/airflow/example_dags/example_xcom.py
[2022-05-07 13:51:37,316] {processor.py:642} INFO - Processing file /home/airflow/.local/lib/python3.7/site-packages/airflow/example_dags/example_xcom.py for tasks to queue
[2022-05-07 13:51:37,319] {logging_mixin.py:109} INFO - [2022-05-07 13:51:37,318] {dagbag.py:500} INFO - Filling up the DagBag from /home/airflow/.local/lib/python3.7/site-packages/airflow/example_dags/example_xcom.py
[2022-05-07 13:51:37,354] {processor.py:652} INFO - DAG(s) dict_keys(['example_xcom']) retrieved from /home/airflow/.local/lib/python3.7/site-packages/airflow/example_dags/example_xcom.py
[2022-05-07 13:51:37,835] {logging_mixin.py:109} INFO - [2022-05-07 13:51:37,835] {dag.py:2398} INFO - Sync 1 DAGs
[2022-05-07 13:51:37,861] {logging_mixin.py:109} INFO - [2022-05-07 13:51:37,861] {dag.py:2937} INFO - Setting next_dagrun for example_xcom to 2021-01-01T00:00:00+00:00
[2022-05-07 13:51:37,889] {processor.py:171} INFO - Processing /home/airflow/.local/lib/python3.7/site-packages/airflow/example_dags/example_xcom.py took 0.582 seconds
[2022-05-07 13:52:08,759] {processor.py:163} INFO - Started process (PID=1962) to work on /home/airflow/.local/lib/python3.7/site-packages/airflow/example_dags/example_xcom.py
[2022-05-07 13:52:08,779] {processor.py:642} INFO - Processing file /home/airflow/.local/lib/python3.7/site-packages/airflow/example_dags/example_xcom.py for tasks to queue
[2022-05-07 13:52:08,792] {logging_mixin.py:109} INFO - [2022-05-07 13:52:08,788] {dagbag.py:500} INFO - Filling up the DagBag from /home/airflow/.local/lib/python3.7/site-packages/airflow/example_dags/example_xcom.py
[2022-05-07 13:52:09,009] {processor.py:652} INFO - DAG(s) dict_keys(['example_xcom']) retrieved from /home/airflow/.local/lib/python3.7/site-packages/airflow/example_dags/example_xcom.py
[2022-05-07 13:52:10,030] {logging_mixin.py:109} INFO - [2022-05-07 13:52:10,028] {dag.py:2398} INFO - Sync 1 DAGs
[2022-05-07 13:52:10,067] {logging_mixin.py:109} INFO - [2022-05-07 13:52:10,066] {dag.py:2937} INFO - Setting next_dagrun for example_xcom to 2021-01-01T00:00:00+00:00
[2022-05-07 13:52:10,110] {processor.py:171} INFO - Processing /home/airflow/.local/lib/python3.7/site-packages/airflow/example_dags/example_xcom.py took 1.404 seconds
[2022-05-07 13:52:40,827] {processor.py:163} INFO - Started process (PID=2027) to work on /home/airflow/.local/lib/python3.7/site-packages/airflow/example_dags/example_xcom.py
[2022-05-07 13:52:40,830] {processor.py:642} INFO - Processing file /home/airflow/.local/lib/python3.7/site-packages/airflow/example_dags/example_xcom.py for tasks to queue
[2022-05-07 13:52:40,832] {logging_mixin.py:109} INFO - [2022-05-07 13:52:40,832] {dagbag.py:500} INFO - Filling up the DagBag from /home/airflow/.local/lib/python3.7/site-packages/airflow/example_dags/example_xcom.py
[2022-05-07 13:52:40,870] {processor.py:652} INFO - DAG(s) dict_keys(['example_xcom']) retrieved from /home/airflow/.local/lib/python3.7/site-packages/airflow/example_dags/example_xcom.py
[2022-05-07 13:52:41,398] {logging_mixin.py:109} INFO - [2022-05-07 13:52:41,397] {dag.py:2398} INFO - Sync 1 DAGs
[2022-05-07 13:52:41,417] {logging_mixin.py:109} INFO - [2022-05-07 13:52:41,417] {dag.py:2937} INFO - Setting next_dagrun for example_xcom to 2021-01-01T00:00:00+00:00
[2022-05-07 13:52:41,435] {processor.py:171} INFO - Processing /home/airflow/.local/lib/python3.7/site-packages/airflow/example_dags/example_xcom.py took 0.613 seconds
[2022-05-07 13:53:12,161] {processor.py:163} INFO - Started process (PID=2084) to work on /home/airflow/.local/lib/python3.7/site-packages/airflow/example_dags/example_xcom.py
[2022-05-07 13:53:12,169] {processor.py:642} INFO - Processing file /home/airflow/.local/lib/python3.7/site-packages/airflow/example_dags/example_xcom.py for tasks to queue
[2022-05-07 13:53:12,172] {logging_mixin.py:109} INFO - [2022-05-07 13:53:12,172] {dagbag.py:500} INFO - Filling up the DagBag from /home/airflow/.local/lib/python3.7/site-packages/airflow/example_dags/example_xcom.py
[2022-05-07 13:53:12,206] {processor.py:652} INFO - DAG(s) dict_keys(['example_xcom']) retrieved from /home/airflow/.local/lib/python3.7/site-packages/airflow/example_dags/example_xcom.py
[2022-05-07 13:53:12,662] {logging_mixin.py:109} INFO - [2022-05-07 13:53:12,662] {dag.py:2398} INFO - Sync 1 DAGs
[2022-05-07 13:53:12,691] {logging_mixin.py:109} INFO - [2022-05-07 13:53:12,691] {dag.py:2937} INFO - Setting next_dagrun for example_xcom to 2021-01-01T00:00:00+00:00
[2022-05-07 13:53:12,710] {processor.py:171} INFO - Processing /home/airflow/.local/lib/python3.7/site-packages/airflow/example_dags/example_xcom.py took 0.554 seconds
[2022-05-07 13:53:42,813] {processor.py:163} INFO - Started process (PID=2139) to work on /home/airflow/.local/lib/python3.7/site-packages/airflow/example_dags/example_xcom.py
[2022-05-07 13:53:42,817] {processor.py:642} INFO - Processing file /home/airflow/.local/lib/python3.7/site-packages/airflow/example_dags/example_xcom.py for tasks to queue
[2022-05-07 13:53:42,822] {logging_mixin.py:109} INFO - [2022-05-07 13:53:42,821] {dagbag.py:500} INFO - Filling up the DagBag from /home/airflow/.local/lib/python3.7/site-packages/airflow/example_dags/example_xcom.py
[2022-05-07 13:53:42,860] {processor.py:652} INFO - DAG(s) dict_keys(['example_xcom']) retrieved from /home/airflow/.local/lib/python3.7/site-packages/airflow/example_dags/example_xcom.py
[2022-05-07 13:53:43,377] {logging_mixin.py:109} INFO - [2022-05-07 13:53:43,376] {dag.py:2398} INFO - Sync 1 DAGs
[2022-05-07 13:53:43,400] {logging_mixin.py:109} INFO - [2022-05-07 13:53:43,400] {dag.py:2937} INFO - Setting next_dagrun for example_xcom to 2021-01-01T00:00:00+00:00
[2022-05-07 13:53:43,442] {processor.py:171} INFO - Processing /home/airflow/.local/lib/python3.7/site-packages/airflow/example_dags/example_xcom.py took 0.635 seconds
[2022-05-07 13:54:13,676] {processor.py:163} INFO - Started process (PID=2192) to work on /home/airflow/.local/lib/python3.7/site-packages/airflow/example_dags/example_xcom.py
[2022-05-07 13:54:13,680] {processor.py:642} INFO - Processing file /home/airflow/.local/lib/python3.7/site-packages/airflow/example_dags/example_xcom.py for tasks to queue
[2022-05-07 13:54:13,683] {logging_mixin.py:109} INFO - [2022-05-07 13:54:13,683] {dagbag.py:500} INFO - Filling up the DagBag from /home/airflow/.local/lib/python3.7/site-packages/airflow/example_dags/example_xcom.py
[2022-05-07 13:54:13,729] {processor.py:652} INFO - DAG(s) dict_keys(['example_xcom']) retrieved from /home/airflow/.local/lib/python3.7/site-packages/airflow/example_dags/example_xcom.py
[2022-05-07 13:54:14,627] {logging_mixin.py:109} INFO - [2022-05-07 13:54:14,627] {dag.py:2398} INFO - Sync 1 DAGs
[2022-05-07 13:54:14,649] {logging_mixin.py:109} INFO - [2022-05-07 13:54:14,649] {dag.py:2937} INFO - Setting next_dagrun for example_xcom to 2021-01-01T00:00:00+00:00
[2022-05-07 13:54:14,680] {processor.py:171} INFO - Processing /home/airflow/.local/lib/python3.7/site-packages/airflow/example_dags/example_xcom.py took 1.010 seconds
[2022-05-07 13:54:44,986] {processor.py:163} INFO - Started process (PID=2254) to work on /home/airflow/.local/lib/python3.7/site-packages/airflow/example_dags/example_xcom.py
[2022-05-07 13:54:44,991] {processor.py:642} INFO - Processing file /home/airflow/.local/lib/python3.7/site-packages/airflow/example_dags/example_xcom.py for tasks to queue
[2022-05-07 13:54:44,995] {logging_mixin.py:109} INFO - [2022-05-07 13:54:44,994] {dagbag.py:500} INFO - Filling up the DagBag from /home/airflow/.local/lib/python3.7/site-packages/airflow/example_dags/example_xcom.py
[2022-05-07 13:54:45,046] {processor.py:652} INFO - DAG(s) dict_keys(['example_xcom']) retrieved from /home/airflow/.local/lib/python3.7/site-packages/airflow/example_dags/example_xcom.py
[2022-05-07 13:54:45,493] {logging_mixin.py:109} INFO - [2022-05-07 13:54:45,492] {dag.py:2398} INFO - Sync 1 DAGs
[2022-05-07 13:54:45,517] {logging_mixin.py:109} INFO - [2022-05-07 13:54:45,517] {dag.py:2937} INFO - Setting next_dagrun for example_xcom to 2021-01-01T00:00:00+00:00
[2022-05-07 13:54:45,534] {processor.py:171} INFO - Processing /home/airflow/.local/lib/python3.7/site-packages/airflow/example_dags/example_xcom.py took 0.555 seconds
[2022-05-07 13:55:15,623] {processor.py:163} INFO - Started process (PID=2307) to work on /home/airflow/.local/lib/python3.7/site-packages/airflow/example_dags/example_xcom.py
[2022-05-07 13:55:15,630] {processor.py:642} INFO - Processing file /home/airflow/.local/lib/python3.7/site-packages/airflow/example_dags/example_xcom.py for tasks to queue
[2022-05-07 13:55:15,632] {logging_mixin.py:109} INFO - [2022-05-07 13:55:15,632] {dagbag.py:500} INFO - Filling up the DagBag from /home/airflow/.local/lib/python3.7/site-packages/airflow/example_dags/example_xcom.py
[2022-05-07 13:55:15,666] {processor.py:652} INFO - DAG(s) dict_keys(['example_xcom']) retrieved from /home/airflow/.local/lib/python3.7/site-packages/airflow/example_dags/example_xcom.py
[2022-05-07 13:55:16,186] {logging_mixin.py:109} INFO - [2022-05-07 13:55:16,186] {dag.py:2398} INFO - Sync 1 DAGs
[2022-05-07 13:55:16,223] {logging_mixin.py:109} INFO - [2022-05-07 13:55:16,222] {dag.py:2937} INFO - Setting next_dagrun for example_xcom to 2021-01-01T00:00:00+00:00
[2022-05-07 13:55:16,241] {processor.py:171} INFO - Processing /home/airflow/.local/lib/python3.7/site-packages/airflow/example_dags/example_xcom.py took 0.623 seconds
[2022-05-07 13:55:47,037] {processor.py:163} INFO - Started process (PID=2360) to work on /home/airflow/.local/lib/python3.7/site-packages/airflow/example_dags/example_xcom.py
[2022-05-07 13:55:47,048] {processor.py:642} INFO - Processing file /home/airflow/.local/lib/python3.7/site-packages/airflow/example_dags/example_xcom.py for tasks to queue
[2022-05-07 13:55:47,061] {logging_mixin.py:109} INFO - [2022-05-07 13:55:47,061] {dagbag.py:500} INFO - Filling up the DagBag from /home/airflow/.local/lib/python3.7/site-packages/airflow/example_dags/example_xcom.py
[2022-05-07 13:55:47,183] {processor.py:652} INFO - DAG(s) dict_keys(['example_xcom']) retrieved from /home/airflow/.local/lib/python3.7/site-packages/airflow/example_dags/example_xcom.py
[2022-05-07 13:55:48,196] {logging_mixin.py:109} INFO - [2022-05-07 13:55:48,196] {dag.py:2398} INFO - Sync 1 DAGs
[2022-05-07 13:55:48,272] {logging_mixin.py:109} INFO - [2022-05-07 13:55:48,271] {dag.py:2937} INFO - Setting next_dagrun for example_xcom to 2021-01-01T00:00:00+00:00
[2022-05-07 13:55:48,379] {processor.py:171} INFO - Processing /home/airflow/.local/lib/python3.7/site-packages/airflow/example_dags/example_xcom.py took 1.384 seconds
[2022-05-07 13:56:19,247] {processor.py:163} INFO - Started process (PID=2422) to work on /home/airflow/.local/lib/python3.7/site-packages/airflow/example_dags/example_xcom.py
[2022-05-07 13:56:19,251] {processor.py:642} INFO - Processing file /home/airflow/.local/lib/python3.7/site-packages/airflow/example_dags/example_xcom.py for tasks to queue
[2022-05-07 13:56:19,256] {logging_mixin.py:109} INFO - [2022-05-07 13:56:19,255] {dagbag.py:500} INFO - Filling up the DagBag from /home/airflow/.local/lib/python3.7/site-packages/airflow/example_dags/example_xcom.py
[2022-05-07 13:56:19,326] {processor.py:652} INFO - DAG(s) dict_keys(['example_xcom']) retrieved from /home/airflow/.local/lib/python3.7/site-packages/airflow/example_dags/example_xcom.py
[2022-05-07 13:56:19,947] {logging_mixin.py:109} INFO - [2022-05-07 13:56:19,946] {dag.py:2398} INFO - Sync 1 DAGs
[2022-05-07 13:56:19,999] {logging_mixin.py:109} INFO - [2022-05-07 13:56:19,999] {dag.py:2937} INFO - Setting next_dagrun for example_xcom to 2021-01-01T00:00:00+00:00
[2022-05-07 13:56:20,045] {processor.py:171} INFO - Processing /home/airflow/.local/lib/python3.7/site-packages/airflow/example_dags/example_xcom.py took 0.806 seconds
[2022-05-07 13:56:50,862] {processor.py:163} INFO - Started process (PID=2474) to work on /home/airflow/.local/lib/python3.7/site-packages/airflow/example_dags/example_xcom.py
[2022-05-07 13:56:50,866] {processor.py:642} INFO - Processing file /home/airflow/.local/lib/python3.7/site-packages/airflow/example_dags/example_xcom.py for tasks to queue
[2022-05-07 13:56:50,869] {logging_mixin.py:109} INFO - [2022-05-07 13:56:50,868] {dagbag.py:500} INFO - Filling up the DagBag from /home/airflow/.local/lib/python3.7/site-packages/airflow/example_dags/example_xcom.py
[2022-05-07 13:56:50,910] {processor.py:652} INFO - DAG(s) dict_keys(['example_xcom']) retrieved from /home/airflow/.local/lib/python3.7/site-packages/airflow/example_dags/example_xcom.py
[2022-05-07 13:56:51,367] {logging_mixin.py:109} INFO - [2022-05-07 13:56:51,367] {dag.py:2398} INFO - Sync 1 DAGs
[2022-05-07 13:56:51,386] {logging_mixin.py:109} INFO - [2022-05-07 13:56:51,385] {dag.py:2937} INFO - Setting next_dagrun for example_xcom to 2021-01-01T00:00:00+00:00
[2022-05-07 13:56:51,404] {processor.py:171} INFO - Processing /home/airflow/.local/lib/python3.7/site-packages/airflow/example_dags/example_xcom.py took 0.547 seconds
[2022-05-07 13:57:21,637] {processor.py:163} INFO - Started process (PID=2528) to work on /home/airflow/.local/lib/python3.7/site-packages/airflow/example_dags/example_xcom.py
[2022-05-07 13:57:21,640] {processor.py:642} INFO - Processing file /home/airflow/.local/lib/python3.7/site-packages/airflow/example_dags/example_xcom.py for tasks to queue
[2022-05-07 13:57:21,642] {logging_mixin.py:109} INFO - [2022-05-07 13:57:21,642] {dagbag.py:500} INFO - Filling up the DagBag from /home/airflow/.local/lib/python3.7/site-packages/airflow/example_dags/example_xcom.py
[2022-05-07 13:57:21,703] {processor.py:652} INFO - DAG(s) dict_keys(['example_xcom']) retrieved from /home/airflow/.local/lib/python3.7/site-packages/airflow/example_dags/example_xcom.py
[2022-05-07 13:57:22,325] {logging_mixin.py:109} INFO - [2022-05-07 13:57:22,324] {dag.py:2398} INFO - Sync 1 DAGs
[2022-05-07 13:57:22,344] {logging_mixin.py:109} INFO - [2022-05-07 13:57:22,344] {dag.py:2937} INFO - Setting next_dagrun for example_xcom to 2021-01-01T00:00:00+00:00
[2022-05-07 13:57:22,363] {processor.py:171} INFO - Processing /home/airflow/.local/lib/python3.7/site-packages/airflow/example_dags/example_xcom.py took 0.735 seconds
