[2022-05-07 13:33:57,112] {processor.py:163} INFO - Started process (PID=131) to work on /home/airflow/.local/lib/python3.7/site-packages/airflow/example_dags/example_python_operator.py
[2022-05-07 13:33:57,115] {processor.py:642} INFO - Processing file /home/airflow/.local/lib/python3.7/site-packages/airflow/example_dags/example_python_operator.py for tasks to queue
[2022-05-07 13:33:57,117] {logging_mixin.py:109} INFO - [2022-05-07 13:33:57,117] {dagbag.py:500} INFO - Filling up the DagBag from /home/airflow/.local/lib/python3.7/site-packages/airflow/example_dags/example_python_operator.py
[2022-05-07 13:33:57,157] {processor.py:652} INFO - DAG(s) dict_keys(['example_python_operator']) retrieved from /home/airflow/.local/lib/python3.7/site-packages/airflow/example_dags/example_python_operator.py
[2022-05-07 13:34:00,250] {logging_mixin.py:109} INFO - [2022-05-07 13:34:00,249] {manager.py:496} INFO - Created Permission View: can edit on DAG:example_python_operator
[2022-05-07 13:34:00,291] {logging_mixin.py:109} INFO - [2022-05-07 13:34:00,291] {manager.py:496} INFO - Created Permission View: can read on DAG:example_python_operator
[2022-05-07 13:34:00,300] {logging_mixin.py:109} INFO - [2022-05-07 13:34:00,299] {dag.py:2398} INFO - Sync 1 DAGs
[2022-05-07 13:34:00,328] {logging_mixin.py:109} INFO - [2022-05-07 13:34:00,328] {dag.py:2417} INFO - Creating ORM DAG for example_python_operator
[2022-05-07 13:34:00,356] {logging_mixin.py:109} INFO - [2022-05-07 13:34:00,356] {dag.py:2937} INFO - Setting next_dagrun for example_python_operator to None
[2022-05-07 13:34:00,405] {processor.py:171} INFO - Processing /home/airflow/.local/lib/python3.7/site-packages/airflow/example_dags/example_python_operator.py took 3.334 seconds
[2022-05-07 13:34:39,151] {processor.py:163} INFO - Started process (PID=262) to work on /home/airflow/.local/lib/python3.7/site-packages/airflow/example_dags/example_python_operator.py
[2022-05-07 13:34:39,159] {processor.py:642} INFO - Processing file /home/airflow/.local/lib/python3.7/site-packages/airflow/example_dags/example_python_operator.py for tasks to queue
[2022-05-07 13:34:39,165] {logging_mixin.py:109} INFO - [2022-05-07 13:34:39,165] {dagbag.py:500} INFO - Filling up the DagBag from /home/airflow/.local/lib/python3.7/site-packages/airflow/example_dags/example_python_operator.py
[2022-05-07 13:34:39,217] {processor.py:652} INFO - DAG(s) dict_keys(['example_python_operator']) retrieved from /home/airflow/.local/lib/python3.7/site-packages/airflow/example_dags/example_python_operator.py
[2022-05-07 13:34:39,288] {logging_mixin.py:109} INFO - [2022-05-07 13:34:39,287] {dag.py:2398} INFO - Sync 1 DAGs
[2022-05-07 13:34:39,337] {logging_mixin.py:109} INFO - [2022-05-07 13:34:39,337] {dag.py:2937} INFO - Setting next_dagrun for example_python_operator to None
[2022-05-07 13:34:39,362] {processor.py:171} INFO - Processing /home/airflow/.local/lib/python3.7/site-packages/airflow/example_dags/example_python_operator.py took 0.221 seconds
[2022-05-07 13:35:09,563] {processor.py:163} INFO - Started process (PID=315) to work on /home/airflow/.local/lib/python3.7/site-packages/airflow/example_dags/example_python_operator.py
[2022-05-07 13:35:09,566] {processor.py:642} INFO - Processing file /home/airflow/.local/lib/python3.7/site-packages/airflow/example_dags/example_python_operator.py for tasks to queue
[2022-05-07 13:35:09,568] {logging_mixin.py:109} INFO - [2022-05-07 13:35:09,568] {dagbag.py:500} INFO - Filling up the DagBag from /home/airflow/.local/lib/python3.7/site-packages/airflow/example_dags/example_python_operator.py
[2022-05-07 13:35:09,603] {processor.py:652} INFO - DAG(s) dict_keys(['example_python_operator']) retrieved from /home/airflow/.local/lib/python3.7/site-packages/airflow/example_dags/example_python_operator.py
[2022-05-07 13:35:09,654] {logging_mixin.py:109} INFO - [2022-05-07 13:35:09,654] {dag.py:2398} INFO - Sync 1 DAGs
[2022-05-07 13:35:09,685] {logging_mixin.py:109} INFO - [2022-05-07 13:35:09,685] {dag.py:2937} INFO - Setting next_dagrun for example_python_operator to None
[2022-05-07 13:35:09,710] {processor.py:171} INFO - Processing /home/airflow/.local/lib/python3.7/site-packages/airflow/example_dags/example_python_operator.py took 0.153 seconds
[2022-05-07 13:35:39,999] {processor.py:163} INFO - Started process (PID=365) to work on /home/airflow/.local/lib/python3.7/site-packages/airflow/example_dags/example_python_operator.py
[2022-05-07 13:35:40,002] {processor.py:642} INFO - Processing file /home/airflow/.local/lib/python3.7/site-packages/airflow/example_dags/example_python_operator.py for tasks to queue
[2022-05-07 13:35:40,005] {logging_mixin.py:109} INFO - [2022-05-07 13:35:40,005] {dagbag.py:500} INFO - Filling up the DagBag from /home/airflow/.local/lib/python3.7/site-packages/airflow/example_dags/example_python_operator.py
[2022-05-07 13:35:40,050] {processor.py:652} INFO - DAG(s) dict_keys(['example_python_operator']) retrieved from /home/airflow/.local/lib/python3.7/site-packages/airflow/example_dags/example_python_operator.py
[2022-05-07 13:35:40,092] {logging_mixin.py:109} INFO - [2022-05-07 13:35:40,092] {dag.py:2398} INFO - Sync 1 DAGs
[2022-05-07 13:35:40,130] {logging_mixin.py:109} INFO - [2022-05-07 13:35:40,130] {dag.py:2937} INFO - Setting next_dagrun for example_python_operator to None
[2022-05-07 13:35:40,152] {processor.py:171} INFO - Processing /home/airflow/.local/lib/python3.7/site-packages/airflow/example_dags/example_python_operator.py took 0.158 seconds
[2022-05-07 13:36:11,353] {processor.py:163} INFO - Started process (PID=425) to work on /home/airflow/.local/lib/python3.7/site-packages/airflow/example_dags/example_python_operator.py
[2022-05-07 13:36:11,357] {processor.py:642} INFO - Processing file /home/airflow/.local/lib/python3.7/site-packages/airflow/example_dags/example_python_operator.py for tasks to queue
[2022-05-07 13:36:11,359] {logging_mixin.py:109} INFO - [2022-05-07 13:36:11,358] {dagbag.py:500} INFO - Filling up the DagBag from /home/airflow/.local/lib/python3.7/site-packages/airflow/example_dags/example_python_operator.py
[2022-05-07 13:36:11,392] {processor.py:652} INFO - DAG(s) dict_keys(['example_python_operator']) retrieved from /home/airflow/.local/lib/python3.7/site-packages/airflow/example_dags/example_python_operator.py
[2022-05-07 13:36:11,450] {logging_mixin.py:109} INFO - [2022-05-07 13:36:11,450] {dag.py:2398} INFO - Sync 1 DAGs
[2022-05-07 13:36:11,483] {logging_mixin.py:109} INFO - [2022-05-07 13:36:11,483] {dag.py:2937} INFO - Setting next_dagrun for example_python_operator to None
[2022-05-07 13:36:11,503] {processor.py:171} INFO - Processing /home/airflow/.local/lib/python3.7/site-packages/airflow/example_dags/example_python_operator.py took 0.161 seconds
[2022-05-07 13:36:48,736] {processor.py:163} INFO - Started process (PID=478) to work on /home/airflow/.local/lib/python3.7/site-packages/airflow/example_dags/example_python_operator.py
[2022-05-07 13:36:48,740] {processor.py:642} INFO - Processing file /home/airflow/.local/lib/python3.7/site-packages/airflow/example_dags/example_python_operator.py for tasks to queue
[2022-05-07 13:36:48,755] {logging_mixin.py:109} INFO - [2022-05-07 13:36:48,754] {dagbag.py:500} INFO - Filling up the DagBag from /home/airflow/.local/lib/python3.7/site-packages/airflow/example_dags/example_python_operator.py
[2022-05-07 13:36:48,868] {processor.py:652} INFO - DAG(s) dict_keys(['example_python_operator']) retrieved from /home/airflow/.local/lib/python3.7/site-packages/airflow/example_dags/example_python_operator.py
[2022-05-07 13:36:49,018] {logging_mixin.py:109} INFO - [2022-05-07 13:36:49,017] {dag.py:2398} INFO - Sync 1 DAGs
[2022-05-07 13:36:49,158] {logging_mixin.py:109} INFO - [2022-05-07 13:36:49,157] {dag.py:2937} INFO - Setting next_dagrun for example_python_operator to None
[2022-05-07 13:36:49,201] {processor.py:171} INFO - Processing /home/airflow/.local/lib/python3.7/site-packages/airflow/example_dags/example_python_operator.py took 0.487 seconds
[2022-05-07 13:37:20,081] {processor.py:163} INFO - Started process (PID=530) to work on /home/airflow/.local/lib/python3.7/site-packages/airflow/example_dags/example_python_operator.py
[2022-05-07 13:37:20,090] {processor.py:642} INFO - Processing file /home/airflow/.local/lib/python3.7/site-packages/airflow/example_dags/example_python_operator.py for tasks to queue
[2022-05-07 13:37:20,094] {logging_mixin.py:109} INFO - [2022-05-07 13:37:20,094] {dagbag.py:500} INFO - Filling up the DagBag from /home/airflow/.local/lib/python3.7/site-packages/airflow/example_dags/example_python_operator.py
[2022-05-07 13:37:20,240] {processor.py:652} INFO - DAG(s) dict_keys(['example_python_operator']) retrieved from /home/airflow/.local/lib/python3.7/site-packages/airflow/example_dags/example_python_operator.py
[2022-05-07 13:37:20,377] {logging_mixin.py:109} INFO - [2022-05-07 13:37:20,377] {dag.py:2398} INFO - Sync 1 DAGs
[2022-05-07 13:37:20,411] {logging_mixin.py:109} INFO - [2022-05-07 13:37:20,411] {dag.py:2937} INFO - Setting next_dagrun for example_python_operator to None
[2022-05-07 13:37:20,433] {processor.py:171} INFO - Processing /home/airflow/.local/lib/python3.7/site-packages/airflow/example_dags/example_python_operator.py took 0.362 seconds
[2022-05-07 13:37:50,789] {processor.py:163} INFO - Started process (PID=584) to work on /home/airflow/.local/lib/python3.7/site-packages/airflow/example_dags/example_python_operator.py
[2022-05-07 13:37:50,792] {processor.py:642} INFO - Processing file /home/airflow/.local/lib/python3.7/site-packages/airflow/example_dags/example_python_operator.py for tasks to queue
[2022-05-07 13:37:50,794] {logging_mixin.py:109} INFO - [2022-05-07 13:37:50,794] {dagbag.py:500} INFO - Filling up the DagBag from /home/airflow/.local/lib/python3.7/site-packages/airflow/example_dags/example_python_operator.py
[2022-05-07 13:37:50,826] {processor.py:652} INFO - DAG(s) dict_keys(['example_python_operator']) retrieved from /home/airflow/.local/lib/python3.7/site-packages/airflow/example_dags/example_python_operator.py
[2022-05-07 13:37:50,862] {logging_mixin.py:109} INFO - [2022-05-07 13:37:50,862] {dag.py:2398} INFO - Sync 1 DAGs
[2022-05-07 13:37:50,889] {logging_mixin.py:109} INFO - [2022-05-07 13:37:50,888] {dag.py:2937} INFO - Setting next_dagrun for example_python_operator to None
[2022-05-07 13:37:50,911] {processor.py:171} INFO - Processing /home/airflow/.local/lib/python3.7/site-packages/airflow/example_dags/example_python_operator.py took 0.129 seconds
[2022-05-07 13:38:21,858] {processor.py:163} INFO - Started process (PID=636) to work on /home/airflow/.local/lib/python3.7/site-packages/airflow/example_dags/example_python_operator.py
[2022-05-07 13:38:21,863] {processor.py:642} INFO - Processing file /home/airflow/.local/lib/python3.7/site-packages/airflow/example_dags/example_python_operator.py for tasks to queue
[2022-05-07 13:38:21,867] {logging_mixin.py:109} INFO - [2022-05-07 13:38:21,866] {dagbag.py:500} INFO - Filling up the DagBag from /home/airflow/.local/lib/python3.7/site-packages/airflow/example_dags/example_python_operator.py
[2022-05-07 13:38:21,908] {processor.py:652} INFO - DAG(s) dict_keys(['example_python_operator']) retrieved from /home/airflow/.local/lib/python3.7/site-packages/airflow/example_dags/example_python_operator.py
[2022-05-07 13:38:21,972] {logging_mixin.py:109} INFO - [2022-05-07 13:38:21,972] {dag.py:2398} INFO - Sync 1 DAGs
[2022-05-07 13:38:22,016] {logging_mixin.py:109} INFO - [2022-05-07 13:38:22,016] {dag.py:2937} INFO - Setting next_dagrun for example_python_operator to None
[2022-05-07 13:38:22,052] {processor.py:171} INFO - Processing /home/airflow/.local/lib/python3.7/site-packages/airflow/example_dags/example_python_operator.py took 0.200 seconds
[2022-05-07 13:38:53,489] {processor.py:163} INFO - Started process (PID=688) to work on /home/airflow/.local/lib/python3.7/site-packages/airflow/example_dags/example_python_operator.py
[2022-05-07 13:38:53,493] {processor.py:642} INFO - Processing file /home/airflow/.local/lib/python3.7/site-packages/airflow/example_dags/example_python_operator.py for tasks to queue
[2022-05-07 13:38:53,500] {logging_mixin.py:109} INFO - [2022-05-07 13:38:53,500] {dagbag.py:500} INFO - Filling up the DagBag from /home/airflow/.local/lib/python3.7/site-packages/airflow/example_dags/example_python_operator.py
[2022-05-07 13:38:53,577] {processor.py:652} INFO - DAG(s) dict_keys(['example_python_operator']) retrieved from /home/airflow/.local/lib/python3.7/site-packages/airflow/example_dags/example_python_operator.py
[2022-05-07 13:38:53,668] {logging_mixin.py:109} INFO - [2022-05-07 13:38:53,668] {dag.py:2398} INFO - Sync 1 DAGs
[2022-05-07 13:38:53,727] {logging_mixin.py:109} INFO - [2022-05-07 13:38:53,726] {dag.py:2937} INFO - Setting next_dagrun for example_python_operator to None
[2022-05-07 13:38:53,760] {processor.py:171} INFO - Processing /home/airflow/.local/lib/python3.7/site-packages/airflow/example_dags/example_python_operator.py took 0.284 seconds
[2022-05-07 13:39:24,248] {processor.py:163} INFO - Started process (PID=741) to work on /home/airflow/.local/lib/python3.7/site-packages/airflow/example_dags/example_python_operator.py
[2022-05-07 13:39:24,252] {processor.py:642} INFO - Processing file /home/airflow/.local/lib/python3.7/site-packages/airflow/example_dags/example_python_operator.py for tasks to queue
[2022-05-07 13:39:24,255] {logging_mixin.py:109} INFO - [2022-05-07 13:39:24,254] {dagbag.py:500} INFO - Filling up the DagBag from /home/airflow/.local/lib/python3.7/site-packages/airflow/example_dags/example_python_operator.py
[2022-05-07 13:39:24,331] {processor.py:652} INFO - DAG(s) dict_keys(['example_python_operator']) retrieved from /home/airflow/.local/lib/python3.7/site-packages/airflow/example_dags/example_python_operator.py
[2022-05-07 13:39:24,387] {logging_mixin.py:109} INFO - [2022-05-07 13:39:24,387] {dag.py:2398} INFO - Sync 1 DAGs
[2022-05-07 13:39:24,448] {logging_mixin.py:109} INFO - [2022-05-07 13:39:24,448] {dag.py:2937} INFO - Setting next_dagrun for example_python_operator to None
[2022-05-07 13:39:24,478] {processor.py:171} INFO - Processing /home/airflow/.local/lib/python3.7/site-packages/airflow/example_dags/example_python_operator.py took 0.249 seconds
[2022-05-07 13:39:54,715] {processor.py:163} INFO - Started process (PID=792) to work on /home/airflow/.local/lib/python3.7/site-packages/airflow/example_dags/example_python_operator.py
[2022-05-07 13:39:54,719] {processor.py:642} INFO - Processing file /home/airflow/.local/lib/python3.7/site-packages/airflow/example_dags/example_python_operator.py for tasks to queue
[2022-05-07 13:39:54,722] {logging_mixin.py:109} INFO - [2022-05-07 13:39:54,722] {dagbag.py:500} INFO - Filling up the DagBag from /home/airflow/.local/lib/python3.7/site-packages/airflow/example_dags/example_python_operator.py
[2022-05-07 13:39:54,766] {processor.py:652} INFO - DAG(s) dict_keys(['example_python_operator']) retrieved from /home/airflow/.local/lib/python3.7/site-packages/airflow/example_dags/example_python_operator.py
[2022-05-07 13:39:54,827] {logging_mixin.py:109} INFO - [2022-05-07 13:39:54,826] {dag.py:2398} INFO - Sync 1 DAGs
[2022-05-07 13:39:54,856] {logging_mixin.py:109} INFO - [2022-05-07 13:39:54,856] {dag.py:2937} INFO - Setting next_dagrun for example_python_operator to None
[2022-05-07 13:39:54,881] {processor.py:171} INFO - Processing /home/airflow/.local/lib/python3.7/site-packages/airflow/example_dags/example_python_operator.py took 0.175 seconds
[2022-05-07 13:40:25,605] {processor.py:163} INFO - Started process (PID=855) to work on /home/airflow/.local/lib/python3.7/site-packages/airflow/example_dags/example_python_operator.py
[2022-05-07 13:40:25,608] {processor.py:642} INFO - Processing file /home/airflow/.local/lib/python3.7/site-packages/airflow/example_dags/example_python_operator.py for tasks to queue
[2022-05-07 13:40:25,610] {logging_mixin.py:109} INFO - [2022-05-07 13:40:25,610] {dagbag.py:500} INFO - Filling up the DagBag from /home/airflow/.local/lib/python3.7/site-packages/airflow/example_dags/example_python_operator.py
[2022-05-07 13:40:25,649] {processor.py:652} INFO - DAG(s) dict_keys(['example_python_operator']) retrieved from /home/airflow/.local/lib/python3.7/site-packages/airflow/example_dags/example_python_operator.py
[2022-05-07 13:40:25,703] {logging_mixin.py:109} INFO - [2022-05-07 13:40:25,703] {dag.py:2398} INFO - Sync 1 DAGs
[2022-05-07 13:40:25,742] {logging_mixin.py:109} INFO - [2022-05-07 13:40:25,742] {dag.py:2937} INFO - Setting next_dagrun for example_python_operator to None
[2022-05-07 13:40:25,765] {processor.py:171} INFO - Processing /home/airflow/.local/lib/python3.7/site-packages/airflow/example_dags/example_python_operator.py took 0.169 seconds
[2022-05-07 13:40:56,194] {processor.py:163} INFO - Started process (PID=906) to work on /home/airflow/.local/lib/python3.7/site-packages/airflow/example_dags/example_python_operator.py
[2022-05-07 13:40:56,198] {processor.py:642} INFO - Processing file /home/airflow/.local/lib/python3.7/site-packages/airflow/example_dags/example_python_operator.py for tasks to queue
[2022-05-07 13:40:56,200] {logging_mixin.py:109} INFO - [2022-05-07 13:40:56,200] {dagbag.py:500} INFO - Filling up the DagBag from /home/airflow/.local/lib/python3.7/site-packages/airflow/example_dags/example_python_operator.py
[2022-05-07 13:40:56,242] {processor.py:652} INFO - DAG(s) dict_keys(['example_python_operator']) retrieved from /home/airflow/.local/lib/python3.7/site-packages/airflow/example_dags/example_python_operator.py
[2022-05-07 13:40:56,293] {logging_mixin.py:109} INFO - [2022-05-07 13:40:56,293] {dag.py:2398} INFO - Sync 1 DAGs
[2022-05-07 13:40:56,323] {logging_mixin.py:109} INFO - [2022-05-07 13:40:56,323] {dag.py:2937} INFO - Setting next_dagrun for example_python_operator to None
[2022-05-07 13:40:56,346] {processor.py:171} INFO - Processing /home/airflow/.local/lib/python3.7/site-packages/airflow/example_dags/example_python_operator.py took 0.158 seconds
[2022-05-07 13:41:26,792] {processor.py:163} INFO - Started process (PID=956) to work on /home/airflow/.local/lib/python3.7/site-packages/airflow/example_dags/example_python_operator.py
[2022-05-07 13:41:26,798] {processor.py:642} INFO - Processing file /home/airflow/.local/lib/python3.7/site-packages/airflow/example_dags/example_python_operator.py for tasks to queue
[2022-05-07 13:41:26,803] {logging_mixin.py:109} INFO - [2022-05-07 13:41:26,802] {dagbag.py:500} INFO - Filling up the DagBag from /home/airflow/.local/lib/python3.7/site-packages/airflow/example_dags/example_python_operator.py
[2022-05-07 13:41:26,848] {processor.py:652} INFO - DAG(s) dict_keys(['example_python_operator']) retrieved from /home/airflow/.local/lib/python3.7/site-packages/airflow/example_dags/example_python_operator.py
[2022-05-07 13:41:26,893] {logging_mixin.py:109} INFO - [2022-05-07 13:41:26,893] {dag.py:2398} INFO - Sync 1 DAGs
[2022-05-07 13:41:26,925] {logging_mixin.py:109} INFO - [2022-05-07 13:41:26,924] {dag.py:2937} INFO - Setting next_dagrun for example_python_operator to None
[2022-05-07 13:41:26,952] {processor.py:171} INFO - Processing /home/airflow/.local/lib/python3.7/site-packages/airflow/example_dags/example_python_operator.py took 0.174 seconds
[2022-05-07 13:41:58,155] {processor.py:163} INFO - Started process (PID=1007) to work on /home/airflow/.local/lib/python3.7/site-packages/airflow/example_dags/example_python_operator.py
[2022-05-07 13:41:58,165] {processor.py:642} INFO - Processing file /home/airflow/.local/lib/python3.7/site-packages/airflow/example_dags/example_python_operator.py for tasks to queue
[2022-05-07 13:41:58,169] {logging_mixin.py:109} INFO - [2022-05-07 13:41:58,168] {dagbag.py:500} INFO - Filling up the DagBag from /home/airflow/.local/lib/python3.7/site-packages/airflow/example_dags/example_python_operator.py
[2022-05-07 13:41:58,239] {processor.py:652} INFO - DAG(s) dict_keys(['example_python_operator']) retrieved from /home/airflow/.local/lib/python3.7/site-packages/airflow/example_dags/example_python_operator.py
[2022-05-07 13:41:58,296] {logging_mixin.py:109} INFO - [2022-05-07 13:41:58,295] {dag.py:2398} INFO - Sync 1 DAGs
[2022-05-07 13:41:58,332] {logging_mixin.py:109} INFO - [2022-05-07 13:41:58,331] {dag.py:2937} INFO - Setting next_dagrun for example_python_operator to None
[2022-05-07 13:41:58,383] {processor.py:171} INFO - Processing /home/airflow/.local/lib/python3.7/site-packages/airflow/example_dags/example_python_operator.py took 0.242 seconds
[2022-05-07 13:42:30,153] {processor.py:163} INFO - Started process (PID=1059) to work on /home/airflow/.local/lib/python3.7/site-packages/airflow/example_dags/example_python_operator.py
[2022-05-07 13:42:30,158] {processor.py:642} INFO - Processing file /home/airflow/.local/lib/python3.7/site-packages/airflow/example_dags/example_python_operator.py for tasks to queue
[2022-05-07 13:42:30,161] {logging_mixin.py:109} INFO - [2022-05-07 13:42:30,160] {dagbag.py:500} INFO - Filling up the DagBag from /home/airflow/.local/lib/python3.7/site-packages/airflow/example_dags/example_python_operator.py
[2022-05-07 13:42:30,221] {processor.py:652} INFO - DAG(s) dict_keys(['example_python_operator']) retrieved from /home/airflow/.local/lib/python3.7/site-packages/airflow/example_dags/example_python_operator.py
[2022-05-07 13:42:30,277] {logging_mixin.py:109} INFO - [2022-05-07 13:42:30,277] {dag.py:2398} INFO - Sync 1 DAGs
[2022-05-07 13:42:30,309] {logging_mixin.py:109} INFO - [2022-05-07 13:42:30,309] {dag.py:2937} INFO - Setting next_dagrun for example_python_operator to None
[2022-05-07 13:42:30,329] {processor.py:171} INFO - Processing /home/airflow/.local/lib/python3.7/site-packages/airflow/example_dags/example_python_operator.py took 0.183 seconds
[2022-05-07 13:43:01,279] {processor.py:163} INFO - Started process (PID=1112) to work on /home/airflow/.local/lib/python3.7/site-packages/airflow/example_dags/example_python_operator.py
[2022-05-07 13:43:01,283] {processor.py:642} INFO - Processing file /home/airflow/.local/lib/python3.7/site-packages/airflow/example_dags/example_python_operator.py for tasks to queue
[2022-05-07 13:43:01,285] {logging_mixin.py:109} INFO - [2022-05-07 13:43:01,284] {dagbag.py:500} INFO - Filling up the DagBag from /home/airflow/.local/lib/python3.7/site-packages/airflow/example_dags/example_python_operator.py
[2022-05-07 13:43:01,317] {processor.py:652} INFO - DAG(s) dict_keys(['example_python_operator']) retrieved from /home/airflow/.local/lib/python3.7/site-packages/airflow/example_dags/example_python_operator.py
[2022-05-07 13:43:01,366] {logging_mixin.py:109} INFO - [2022-05-07 13:43:01,366] {dag.py:2398} INFO - Sync 1 DAGs
[2022-05-07 13:43:01,414] {logging_mixin.py:109} INFO - [2022-05-07 13:43:01,414] {dag.py:2937} INFO - Setting next_dagrun for example_python_operator to None
[2022-05-07 13:43:01,451] {processor.py:171} INFO - Processing /home/airflow/.local/lib/python3.7/site-packages/airflow/example_dags/example_python_operator.py took 0.191 seconds
[2022-05-07 13:43:33,114] {processor.py:163} INFO - Started process (PID=1164) to work on /home/airflow/.local/lib/python3.7/site-packages/airflow/example_dags/example_python_operator.py
[2022-05-07 13:43:33,119] {processor.py:642} INFO - Processing file /home/airflow/.local/lib/python3.7/site-packages/airflow/example_dags/example_python_operator.py for tasks to queue
[2022-05-07 13:43:33,122] {logging_mixin.py:109} INFO - [2022-05-07 13:43:33,121] {dagbag.py:500} INFO - Filling up the DagBag from /home/airflow/.local/lib/python3.7/site-packages/airflow/example_dags/example_python_operator.py
[2022-05-07 13:43:33,221] {processor.py:652} INFO - DAG(s) dict_keys(['example_python_operator']) retrieved from /home/airflow/.local/lib/python3.7/site-packages/airflow/example_dags/example_python_operator.py
[2022-05-07 13:43:33,330] {logging_mixin.py:109} INFO - [2022-05-07 13:43:33,330] {dag.py:2398} INFO - Sync 1 DAGs
[2022-05-07 13:43:33,401] {logging_mixin.py:109} INFO - [2022-05-07 13:43:33,401] {dag.py:2937} INFO - Setting next_dagrun for example_python_operator to None
[2022-05-07 13:43:33,430] {processor.py:171} INFO - Processing /home/airflow/.local/lib/python3.7/site-packages/airflow/example_dags/example_python_operator.py took 0.324 seconds
[2022-05-07 13:44:04,097] {processor.py:163} INFO - Started process (PID=1217) to work on /home/airflow/.local/lib/python3.7/site-packages/airflow/example_dags/example_python_operator.py
[2022-05-07 13:44:04,104] {processor.py:642} INFO - Processing file /home/airflow/.local/lib/python3.7/site-packages/airflow/example_dags/example_python_operator.py for tasks to queue
[2022-05-07 13:44:04,107] {logging_mixin.py:109} INFO - [2022-05-07 13:44:04,107] {dagbag.py:500} INFO - Filling up the DagBag from /home/airflow/.local/lib/python3.7/site-packages/airflow/example_dags/example_python_operator.py
[2022-05-07 13:44:04,145] {processor.py:652} INFO - DAG(s) dict_keys(['example_python_operator']) retrieved from /home/airflow/.local/lib/python3.7/site-packages/airflow/example_dags/example_python_operator.py
[2022-05-07 13:44:04,192] {logging_mixin.py:109} INFO - [2022-05-07 13:44:04,192] {dag.py:2398} INFO - Sync 1 DAGs
[2022-05-07 13:44:04,226] {logging_mixin.py:109} INFO - [2022-05-07 13:44:04,225] {dag.py:2937} INFO - Setting next_dagrun for example_python_operator to None
[2022-05-07 13:44:04,248] {processor.py:171} INFO - Processing /home/airflow/.local/lib/python3.7/site-packages/airflow/example_dags/example_python_operator.py took 0.163 seconds
[2022-05-07 13:44:35,016] {processor.py:163} INFO - Started process (PID=1270) to work on /home/airflow/.local/lib/python3.7/site-packages/airflow/example_dags/example_python_operator.py
[2022-05-07 13:44:35,020] {processor.py:642} INFO - Processing file /home/airflow/.local/lib/python3.7/site-packages/airflow/example_dags/example_python_operator.py for tasks to queue
[2022-05-07 13:44:35,022] {logging_mixin.py:109} INFO - [2022-05-07 13:44:35,022] {dagbag.py:500} INFO - Filling up the DagBag from /home/airflow/.local/lib/python3.7/site-packages/airflow/example_dags/example_python_operator.py
[2022-05-07 13:44:35,057] {processor.py:652} INFO - DAG(s) dict_keys(['example_python_operator']) retrieved from /home/airflow/.local/lib/python3.7/site-packages/airflow/example_dags/example_python_operator.py
[2022-05-07 13:44:35,108] {logging_mixin.py:109} INFO - [2022-05-07 13:44:35,108] {dag.py:2398} INFO - Sync 1 DAGs
[2022-05-07 13:44:35,149] {logging_mixin.py:109} INFO - [2022-05-07 13:44:35,149] {dag.py:2937} INFO - Setting next_dagrun for example_python_operator to None
[2022-05-07 13:44:35,169] {processor.py:171} INFO - Processing /home/airflow/.local/lib/python3.7/site-packages/airflow/example_dags/example_python_operator.py took 0.160 seconds
[2022-05-07 13:45:05,999] {processor.py:163} INFO - Started process (PID=1331) to work on /home/airflow/.local/lib/python3.7/site-packages/airflow/example_dags/example_python_operator.py
[2022-05-07 13:45:06,002] {processor.py:642} INFO - Processing file /home/airflow/.local/lib/python3.7/site-packages/airflow/example_dags/example_python_operator.py for tasks to queue
[2022-05-07 13:45:06,006] {logging_mixin.py:109} INFO - [2022-05-07 13:45:06,005] {dagbag.py:500} INFO - Filling up the DagBag from /home/airflow/.local/lib/python3.7/site-packages/airflow/example_dags/example_python_operator.py
[2022-05-07 13:45:06,066] {processor.py:652} INFO - DAG(s) dict_keys(['example_python_operator']) retrieved from /home/airflow/.local/lib/python3.7/site-packages/airflow/example_dags/example_python_operator.py
[2022-05-07 13:45:06,121] {logging_mixin.py:109} INFO - [2022-05-07 13:45:06,121] {dag.py:2398} INFO - Sync 1 DAGs
[2022-05-07 13:45:06,148] {logging_mixin.py:109} INFO - [2022-05-07 13:45:06,148] {dag.py:2937} INFO - Setting next_dagrun for example_python_operator to None
[2022-05-07 13:45:06,169] {processor.py:171} INFO - Processing /home/airflow/.local/lib/python3.7/site-packages/airflow/example_dags/example_python_operator.py took 0.180 seconds
[2022-05-07 13:45:37,108] {processor.py:163} INFO - Started process (PID=1383) to work on /home/airflow/.local/lib/python3.7/site-packages/airflow/example_dags/example_python_operator.py
[2022-05-07 13:45:37,110] {processor.py:642} INFO - Processing file /home/airflow/.local/lib/python3.7/site-packages/airflow/example_dags/example_python_operator.py for tasks to queue
[2022-05-07 13:45:37,112] {logging_mixin.py:109} INFO - [2022-05-07 13:45:37,112] {dagbag.py:500} INFO - Filling up the DagBag from /home/airflow/.local/lib/python3.7/site-packages/airflow/example_dags/example_python_operator.py
[2022-05-07 13:45:37,155] {processor.py:652} INFO - DAG(s) dict_keys(['example_python_operator']) retrieved from /home/airflow/.local/lib/python3.7/site-packages/airflow/example_dags/example_python_operator.py
[2022-05-07 13:45:37,197] {logging_mixin.py:109} INFO - [2022-05-07 13:45:37,197] {dag.py:2398} INFO - Sync 1 DAGs
[2022-05-07 13:45:37,222] {logging_mixin.py:109} INFO - [2022-05-07 13:45:37,222] {dag.py:2937} INFO - Setting next_dagrun for example_python_operator to None
[2022-05-07 13:45:37,238] {processor.py:171} INFO - Processing /home/airflow/.local/lib/python3.7/site-packages/airflow/example_dags/example_python_operator.py took 0.137 seconds
[2022-05-07 13:46:07,761] {processor.py:163} INFO - Started process (PID=1436) to work on /home/airflow/.local/lib/python3.7/site-packages/airflow/example_dags/example_python_operator.py
[2022-05-07 13:46:07,764] {processor.py:642} INFO - Processing file /home/airflow/.local/lib/python3.7/site-packages/airflow/example_dags/example_python_operator.py for tasks to queue
[2022-05-07 13:46:07,767] {logging_mixin.py:109} INFO - [2022-05-07 13:46:07,766] {dagbag.py:500} INFO - Filling up the DagBag from /home/airflow/.local/lib/python3.7/site-packages/airflow/example_dags/example_python_operator.py
[2022-05-07 13:46:07,823] {processor.py:652} INFO - DAG(s) dict_keys(['example_python_operator']) retrieved from /home/airflow/.local/lib/python3.7/site-packages/airflow/example_dags/example_python_operator.py
[2022-05-07 13:46:07,857] {logging_mixin.py:109} INFO - [2022-05-07 13:46:07,857] {dag.py:2398} INFO - Sync 1 DAGs
[2022-05-07 13:46:07,885] {logging_mixin.py:109} INFO - [2022-05-07 13:46:07,885] {dag.py:2937} INFO - Setting next_dagrun for example_python_operator to None
[2022-05-07 13:46:07,909] {processor.py:171} INFO - Processing /home/airflow/.local/lib/python3.7/site-packages/airflow/example_dags/example_python_operator.py took 0.159 seconds
[2022-05-07 13:46:39,368] {processor.py:163} INFO - Started process (PID=1499) to work on /home/airflow/.local/lib/python3.7/site-packages/airflow/example_dags/example_python_operator.py
[2022-05-07 13:46:39,375] {processor.py:642} INFO - Processing file /home/airflow/.local/lib/python3.7/site-packages/airflow/example_dags/example_python_operator.py for tasks to queue
[2022-05-07 13:46:39,377] {logging_mixin.py:109} INFO - [2022-05-07 13:46:39,377] {dagbag.py:500} INFO - Filling up the DagBag from /home/airflow/.local/lib/python3.7/site-packages/airflow/example_dags/example_python_operator.py
[2022-05-07 13:46:39,440] {processor.py:652} INFO - DAG(s) dict_keys(['example_python_operator']) retrieved from /home/airflow/.local/lib/python3.7/site-packages/airflow/example_dags/example_python_operator.py
[2022-05-07 13:46:39,487] {logging_mixin.py:109} INFO - [2022-05-07 13:46:39,487] {dag.py:2398} INFO - Sync 1 DAGs
[2022-05-07 13:46:39,523] {logging_mixin.py:109} INFO - [2022-05-07 13:46:39,522] {dag.py:2937} INFO - Setting next_dagrun for example_python_operator to None
[2022-05-07 13:46:39,549] {processor.py:171} INFO - Processing /home/airflow/.local/lib/python3.7/site-packages/airflow/example_dags/example_python_operator.py took 0.187 seconds
[2022-05-07 13:47:11,355] {processor.py:163} INFO - Started process (PID=1552) to work on /home/airflow/.local/lib/python3.7/site-packages/airflow/example_dags/example_python_operator.py
[2022-05-07 13:47:11,360] {processor.py:642} INFO - Processing file /home/airflow/.local/lib/python3.7/site-packages/airflow/example_dags/example_python_operator.py for tasks to queue
[2022-05-07 13:47:11,364] {logging_mixin.py:109} INFO - [2022-05-07 13:47:11,364] {dagbag.py:500} INFO - Filling up the DagBag from /home/airflow/.local/lib/python3.7/site-packages/airflow/example_dags/example_python_operator.py
[2022-05-07 13:47:11,426] {processor.py:652} INFO - DAG(s) dict_keys(['example_python_operator']) retrieved from /home/airflow/.local/lib/python3.7/site-packages/airflow/example_dags/example_python_operator.py
[2022-05-07 13:47:11,505] {logging_mixin.py:109} INFO - [2022-05-07 13:47:11,505] {dag.py:2398} INFO - Sync 1 DAGs
[2022-05-07 13:47:11,552] {logging_mixin.py:109} INFO - [2022-05-07 13:47:11,552] {dag.py:2937} INFO - Setting next_dagrun for example_python_operator to None
[2022-05-07 13:47:11,601] {processor.py:171} INFO - Processing /home/airflow/.local/lib/python3.7/site-packages/airflow/example_dags/example_python_operator.py took 0.255 seconds
[2022-05-07 13:49:23,643] {processor.py:163} INFO - Started process (PID=1662) to work on /home/airflow/.local/lib/python3.7/site-packages/airflow/example_dags/example_python_operator.py
[2022-05-07 13:49:23,649] {processor.py:642} INFO - Processing file /home/airflow/.local/lib/python3.7/site-packages/airflow/example_dags/example_python_operator.py for tasks to queue
[2022-05-07 13:49:23,671] {logging_mixin.py:109} INFO - [2022-05-07 13:49:23,670] {dagbag.py:500} INFO - Filling up the DagBag from /home/airflow/.local/lib/python3.7/site-packages/airflow/example_dags/example_python_operator.py
[2022-05-07 13:49:24,021] {processor.py:652} INFO - DAG(s) dict_keys(['example_python_operator']) retrieved from /home/airflow/.local/lib/python3.7/site-packages/airflow/example_dags/example_python_operator.py
[2022-05-07 13:49:24,350] {logging_mixin.py:109} INFO - [2022-05-07 13:49:24,349] {dag.py:2398} INFO - Sync 1 DAGs
[2022-05-07 13:49:24,695] {logging_mixin.py:109} INFO - [2022-05-07 13:49:24,695] {dag.py:2937} INFO - Setting next_dagrun for example_python_operator to None
[2022-05-07 13:49:24,893] {processor.py:171} INFO - Processing /home/airflow/.local/lib/python3.7/site-packages/airflow/example_dags/example_python_operator.py took 1.277 seconds
[2022-05-07 13:49:55,680] {processor.py:163} INFO - Started process (PID=1717) to work on /home/airflow/.local/lib/python3.7/site-packages/airflow/example_dags/example_python_operator.py
[2022-05-07 13:49:55,683] {processor.py:642} INFO - Processing file /home/airflow/.local/lib/python3.7/site-packages/airflow/example_dags/example_python_operator.py for tasks to queue
[2022-05-07 13:49:55,686] {logging_mixin.py:109} INFO - [2022-05-07 13:49:55,686] {dagbag.py:500} INFO - Filling up the DagBag from /home/airflow/.local/lib/python3.7/site-packages/airflow/example_dags/example_python_operator.py
[2022-05-07 13:49:55,723] {processor.py:652} INFO - DAG(s) dict_keys(['example_python_operator']) retrieved from /home/airflow/.local/lib/python3.7/site-packages/airflow/example_dags/example_python_operator.py
[2022-05-07 13:49:55,760] {logging_mixin.py:109} INFO - [2022-05-07 13:49:55,759] {dag.py:2398} INFO - Sync 1 DAGs
[2022-05-07 13:49:55,786] {logging_mixin.py:109} INFO - [2022-05-07 13:49:55,786] {dag.py:2937} INFO - Setting next_dagrun for example_python_operator to None
[2022-05-07 13:49:55,803] {processor.py:171} INFO - Processing /home/airflow/.local/lib/python3.7/site-packages/airflow/example_dags/example_python_operator.py took 0.129 seconds
[2022-05-07 13:50:26,098] {processor.py:163} INFO - Started process (PID=1772) to work on /home/airflow/.local/lib/python3.7/site-packages/airflow/example_dags/example_python_operator.py
[2022-05-07 13:50:26,101] {processor.py:642} INFO - Processing file /home/airflow/.local/lib/python3.7/site-packages/airflow/example_dags/example_python_operator.py for tasks to queue
[2022-05-07 13:50:26,103] {logging_mixin.py:109} INFO - [2022-05-07 13:50:26,103] {dagbag.py:500} INFO - Filling up the DagBag from /home/airflow/.local/lib/python3.7/site-packages/airflow/example_dags/example_python_operator.py
[2022-05-07 13:50:26,136] {processor.py:652} INFO - DAG(s) dict_keys(['example_python_operator']) retrieved from /home/airflow/.local/lib/python3.7/site-packages/airflow/example_dags/example_python_operator.py
[2022-05-07 13:50:26,184] {logging_mixin.py:109} INFO - [2022-05-07 13:50:26,184] {dag.py:2398} INFO - Sync 1 DAGs
[2022-05-07 13:50:26,218] {logging_mixin.py:109} INFO - [2022-05-07 13:50:26,218] {dag.py:2937} INFO - Setting next_dagrun for example_python_operator to None
[2022-05-07 13:50:26,243] {processor.py:171} INFO - Processing /home/airflow/.local/lib/python3.7/site-packages/airflow/example_dags/example_python_operator.py took 0.151 seconds
[2022-05-07 13:50:56,332] {processor.py:163} INFO - Started process (PID=1828) to work on /home/airflow/.local/lib/python3.7/site-packages/airflow/example_dags/example_python_operator.py
[2022-05-07 13:50:56,335] {processor.py:642} INFO - Processing file /home/airflow/.local/lib/python3.7/site-packages/airflow/example_dags/example_python_operator.py for tasks to queue
[2022-05-07 13:50:56,338] {logging_mixin.py:109} INFO - [2022-05-07 13:50:56,338] {dagbag.py:500} INFO - Filling up the DagBag from /home/airflow/.local/lib/python3.7/site-packages/airflow/example_dags/example_python_operator.py
[2022-05-07 13:50:56,370] {processor.py:652} INFO - DAG(s) dict_keys(['example_python_operator']) retrieved from /home/airflow/.local/lib/python3.7/site-packages/airflow/example_dags/example_python_operator.py
[2022-05-07 13:50:56,411] {logging_mixin.py:109} INFO - [2022-05-07 13:50:56,411] {dag.py:2398} INFO - Sync 1 DAGs
[2022-05-07 13:50:56,438] {logging_mixin.py:109} INFO - [2022-05-07 13:50:56,437] {dag.py:2937} INFO - Setting next_dagrun for example_python_operator to None
[2022-05-07 13:50:56,456] {processor.py:171} INFO - Processing /home/airflow/.local/lib/python3.7/site-packages/airflow/example_dags/example_python_operator.py took 0.130 seconds
[2022-05-07 13:51:27,155] {processor.py:163} INFO - Started process (PID=1881) to work on /home/airflow/.local/lib/python3.7/site-packages/airflow/example_dags/example_python_operator.py
[2022-05-07 13:51:27,160] {processor.py:642} INFO - Processing file /home/airflow/.local/lib/python3.7/site-packages/airflow/example_dags/example_python_operator.py for tasks to queue
[2022-05-07 13:51:27,162] {logging_mixin.py:109} INFO - [2022-05-07 13:51:27,161] {dagbag.py:500} INFO - Filling up the DagBag from /home/airflow/.local/lib/python3.7/site-packages/airflow/example_dags/example_python_operator.py
[2022-05-07 13:51:27,198] {processor.py:652} INFO - DAG(s) dict_keys(['example_python_operator']) retrieved from /home/airflow/.local/lib/python3.7/site-packages/airflow/example_dags/example_python_operator.py
[2022-05-07 13:51:27,238] {logging_mixin.py:109} INFO - [2022-05-07 13:51:27,238] {dag.py:2398} INFO - Sync 1 DAGs
[2022-05-07 13:51:27,261] {logging_mixin.py:109} INFO - [2022-05-07 13:51:27,261] {dag.py:2937} INFO - Setting next_dagrun for example_python_operator to None
[2022-05-07 13:51:27,278] {processor.py:171} INFO - Processing /home/airflow/.local/lib/python3.7/site-packages/airflow/example_dags/example_python_operator.py took 0.130 seconds
[2022-05-07 13:51:57,783] {processor.py:163} INFO - Started process (PID=1941) to work on /home/airflow/.local/lib/python3.7/site-packages/airflow/example_dags/example_python_operator.py
[2022-05-07 13:51:57,786] {processor.py:642} INFO - Processing file /home/airflow/.local/lib/python3.7/site-packages/airflow/example_dags/example_python_operator.py for tasks to queue
[2022-05-07 13:51:57,790] {logging_mixin.py:109} INFO - [2022-05-07 13:51:57,789] {dagbag.py:500} INFO - Filling up the DagBag from /home/airflow/.local/lib/python3.7/site-packages/airflow/example_dags/example_python_operator.py
[2022-05-07 13:51:57,827] {processor.py:652} INFO - DAG(s) dict_keys(['example_python_operator']) retrieved from /home/airflow/.local/lib/python3.7/site-packages/airflow/example_dags/example_python_operator.py
[2022-05-07 13:51:57,872] {logging_mixin.py:109} INFO - [2022-05-07 13:51:57,872] {dag.py:2398} INFO - Sync 1 DAGs
[2022-05-07 13:51:57,900] {logging_mixin.py:109} INFO - [2022-05-07 13:51:57,900] {dag.py:2937} INFO - Setting next_dagrun for example_python_operator to None
[2022-05-07 13:51:57,917] {processor.py:171} INFO - Processing /home/airflow/.local/lib/python3.7/site-packages/airflow/example_dags/example_python_operator.py took 0.141 seconds
[2022-05-07 13:52:28,116] {processor.py:163} INFO - Started process (PID=1999) to work on /home/airflow/.local/lib/python3.7/site-packages/airflow/example_dags/example_python_operator.py
[2022-05-07 13:52:28,123] {processor.py:642} INFO - Processing file /home/airflow/.local/lib/python3.7/site-packages/airflow/example_dags/example_python_operator.py for tasks to queue
[2022-05-07 13:52:28,126] {logging_mixin.py:109} INFO - [2022-05-07 13:52:28,126] {dagbag.py:500} INFO - Filling up the DagBag from /home/airflow/.local/lib/python3.7/site-packages/airflow/example_dags/example_python_operator.py
[2022-05-07 13:52:28,177] {processor.py:652} INFO - DAG(s) dict_keys(['example_python_operator']) retrieved from /home/airflow/.local/lib/python3.7/site-packages/airflow/example_dags/example_python_operator.py
[2022-05-07 13:52:28,238] {logging_mixin.py:109} INFO - [2022-05-07 13:52:28,237] {dag.py:2398} INFO - Sync 1 DAGs
[2022-05-07 13:52:28,279] {logging_mixin.py:109} INFO - [2022-05-07 13:52:28,278] {dag.py:2937} INFO - Setting next_dagrun for example_python_operator to None
[2022-05-07 13:52:28,310] {processor.py:171} INFO - Processing /home/airflow/.local/lib/python3.7/site-packages/airflow/example_dags/example_python_operator.py took 0.201 seconds
[2022-05-07 13:52:58,689] {processor.py:163} INFO - Started process (PID=2054) to work on /home/airflow/.local/lib/python3.7/site-packages/airflow/example_dags/example_python_operator.py
[2022-05-07 13:52:58,692] {processor.py:642} INFO - Processing file /home/airflow/.local/lib/python3.7/site-packages/airflow/example_dags/example_python_operator.py for tasks to queue
[2022-05-07 13:52:58,694] {logging_mixin.py:109} INFO - [2022-05-07 13:52:58,694] {dagbag.py:500} INFO - Filling up the DagBag from /home/airflow/.local/lib/python3.7/site-packages/airflow/example_dags/example_python_operator.py
[2022-05-07 13:52:58,725] {processor.py:652} INFO - DAG(s) dict_keys(['example_python_operator']) retrieved from /home/airflow/.local/lib/python3.7/site-packages/airflow/example_dags/example_python_operator.py
[2022-05-07 13:52:58,761] {logging_mixin.py:109} INFO - [2022-05-07 13:52:58,760] {dag.py:2398} INFO - Sync 1 DAGs
[2022-05-07 13:52:58,785] {logging_mixin.py:109} INFO - [2022-05-07 13:52:58,785] {dag.py:2937} INFO - Setting next_dagrun for example_python_operator to None
[2022-05-07 13:52:58,800] {processor.py:171} INFO - Processing /home/airflow/.local/lib/python3.7/site-packages/airflow/example_dags/example_python_operator.py took 0.116 seconds
[2022-05-07 13:53:29,192] {processor.py:163} INFO - Started process (PID=2109) to work on /home/airflow/.local/lib/python3.7/site-packages/airflow/example_dags/example_python_operator.py
[2022-05-07 13:53:29,194] {processor.py:642} INFO - Processing file /home/airflow/.local/lib/python3.7/site-packages/airflow/example_dags/example_python_operator.py for tasks to queue
[2022-05-07 13:53:29,196] {logging_mixin.py:109} INFO - [2022-05-07 13:53:29,196] {dagbag.py:500} INFO - Filling up the DagBag from /home/airflow/.local/lib/python3.7/site-packages/airflow/example_dags/example_python_operator.py
[2022-05-07 13:53:29,226] {processor.py:652} INFO - DAG(s) dict_keys(['example_python_operator']) retrieved from /home/airflow/.local/lib/python3.7/site-packages/airflow/example_dags/example_python_operator.py
[2022-05-07 13:53:29,263] {logging_mixin.py:109} INFO - [2022-05-07 13:53:29,263] {dag.py:2398} INFO - Sync 1 DAGs
[2022-05-07 13:53:29,285] {logging_mixin.py:109} INFO - [2022-05-07 13:53:29,285] {dag.py:2937} INFO - Setting next_dagrun for example_python_operator to None
[2022-05-07 13:53:29,307] {processor.py:171} INFO - Processing /home/airflow/.local/lib/python3.7/site-packages/airflow/example_dags/example_python_operator.py took 0.120 seconds
[2022-05-07 13:53:59,366] {processor.py:163} INFO - Started process (PID=2164) to work on /home/airflow/.local/lib/python3.7/site-packages/airflow/example_dags/example_python_operator.py
[2022-05-07 13:53:59,370] {processor.py:642} INFO - Processing file /home/airflow/.local/lib/python3.7/site-packages/airflow/example_dags/example_python_operator.py for tasks to queue
[2022-05-07 13:53:59,372] {logging_mixin.py:109} INFO - [2022-05-07 13:53:59,372] {dagbag.py:500} INFO - Filling up the DagBag from /home/airflow/.local/lib/python3.7/site-packages/airflow/example_dags/example_python_operator.py
[2022-05-07 13:53:59,404] {processor.py:652} INFO - DAG(s) dict_keys(['example_python_operator']) retrieved from /home/airflow/.local/lib/python3.7/site-packages/airflow/example_dags/example_python_operator.py
[2022-05-07 13:53:59,440] {logging_mixin.py:109} INFO - [2022-05-07 13:53:59,440] {dag.py:2398} INFO - Sync 1 DAGs
[2022-05-07 13:53:59,464] {logging_mixin.py:109} INFO - [2022-05-07 13:53:59,464] {dag.py:2937} INFO - Setting next_dagrun for example_python_operator to None
[2022-05-07 13:53:59,485] {processor.py:171} INFO - Processing /home/airflow/.local/lib/python3.7/site-packages/airflow/example_dags/example_python_operator.py took 0.125 seconds
[2022-05-07 13:54:29,570] {processor.py:163} INFO - Started process (PID=2224) to work on /home/airflow/.local/lib/python3.7/site-packages/airflow/example_dags/example_python_operator.py
[2022-05-07 13:54:29,577] {processor.py:642} INFO - Processing file /home/airflow/.local/lib/python3.7/site-packages/airflow/example_dags/example_python_operator.py for tasks to queue
[2022-05-07 13:54:29,581] {logging_mixin.py:109} INFO - [2022-05-07 13:54:29,581] {dagbag.py:500} INFO - Filling up the DagBag from /home/airflow/.local/lib/python3.7/site-packages/airflow/example_dags/example_python_operator.py
[2022-05-07 13:54:29,635] {processor.py:652} INFO - DAG(s) dict_keys(['example_python_operator']) retrieved from /home/airflow/.local/lib/python3.7/site-packages/airflow/example_dags/example_python_operator.py
[2022-05-07 13:54:29,684] {logging_mixin.py:109} INFO - [2022-05-07 13:54:29,684] {dag.py:2398} INFO - Sync 1 DAGs
[2022-05-07 13:54:29,716] {logging_mixin.py:109} INFO - [2022-05-07 13:54:29,715] {dag.py:2937} INFO - Setting next_dagrun for example_python_operator to None
[2022-05-07 13:54:29,739] {processor.py:171} INFO - Processing /home/airflow/.local/lib/python3.7/site-packages/airflow/example_dags/example_python_operator.py took 0.180 seconds
[2022-05-07 13:55:00,267] {processor.py:163} INFO - Started process (PID=2277) to work on /home/airflow/.local/lib/python3.7/site-packages/airflow/example_dags/example_python_operator.py
[2022-05-07 13:55:00,270] {processor.py:642} INFO - Processing file /home/airflow/.local/lib/python3.7/site-packages/airflow/example_dags/example_python_operator.py for tasks to queue
[2022-05-07 13:55:00,272] {logging_mixin.py:109} INFO - [2022-05-07 13:55:00,272] {dagbag.py:500} INFO - Filling up the DagBag from /home/airflow/.local/lib/python3.7/site-packages/airflow/example_dags/example_python_operator.py
[2022-05-07 13:55:00,327] {processor.py:652} INFO - DAG(s) dict_keys(['example_python_operator']) retrieved from /home/airflow/.local/lib/python3.7/site-packages/airflow/example_dags/example_python_operator.py
[2022-05-07 13:55:00,369] {logging_mixin.py:109} INFO - [2022-05-07 13:55:00,369] {dag.py:2398} INFO - Sync 1 DAGs
[2022-05-07 13:55:00,399] {logging_mixin.py:109} INFO - [2022-05-07 13:55:00,399] {dag.py:2937} INFO - Setting next_dagrun for example_python_operator to None
[2022-05-07 13:55:00,418] {processor.py:171} INFO - Processing /home/airflow/.local/lib/python3.7/site-packages/airflow/example_dags/example_python_operator.py took 0.158 seconds
[2022-05-07 13:55:30,577] {processor.py:163} INFO - Started process (PID=2329) to work on /home/airflow/.local/lib/python3.7/site-packages/airflow/example_dags/example_python_operator.py
[2022-05-07 13:55:30,580] {processor.py:642} INFO - Processing file /home/airflow/.local/lib/python3.7/site-packages/airflow/example_dags/example_python_operator.py for tasks to queue
[2022-05-07 13:55:30,582] {logging_mixin.py:109} INFO - [2022-05-07 13:55:30,582] {dagbag.py:500} INFO - Filling up the DagBag from /home/airflow/.local/lib/python3.7/site-packages/airflow/example_dags/example_python_operator.py
[2022-05-07 13:55:30,632] {processor.py:652} INFO - DAG(s) dict_keys(['example_python_operator']) retrieved from /home/airflow/.local/lib/python3.7/site-packages/airflow/example_dags/example_python_operator.py
[2022-05-07 13:55:30,677] {logging_mixin.py:109} INFO - [2022-05-07 13:55:30,676] {dag.py:2398} INFO - Sync 1 DAGs
[2022-05-07 13:55:30,705] {logging_mixin.py:109} INFO - [2022-05-07 13:55:30,705] {dag.py:2937} INFO - Setting next_dagrun for example_python_operator to None
[2022-05-07 13:55:30,721] {processor.py:171} INFO - Processing /home/airflow/.local/lib/python3.7/site-packages/airflow/example_dags/example_python_operator.py took 0.151 seconds
[2022-05-07 13:56:01,414] {processor.py:163} INFO - Started process (PID=2382) to work on /home/airflow/.local/lib/python3.7/site-packages/airflow/example_dags/example_python_operator.py
[2022-05-07 13:56:01,417] {processor.py:642} INFO - Processing file /home/airflow/.local/lib/python3.7/site-packages/airflow/example_dags/example_python_operator.py for tasks to queue
[2022-05-07 13:56:01,419] {logging_mixin.py:109} INFO - [2022-05-07 13:56:01,419] {dagbag.py:500} INFO - Filling up the DagBag from /home/airflow/.local/lib/python3.7/site-packages/airflow/example_dags/example_python_operator.py
[2022-05-07 13:56:01,452] {processor.py:652} INFO - DAG(s) dict_keys(['example_python_operator']) retrieved from /home/airflow/.local/lib/python3.7/site-packages/airflow/example_dags/example_python_operator.py
[2022-05-07 13:56:01,537] {logging_mixin.py:109} INFO - [2022-05-07 13:56:01,536] {dag.py:2398} INFO - Sync 1 DAGs
[2022-05-07 13:56:01,615] {logging_mixin.py:109} INFO - [2022-05-07 13:56:01,615] {dag.py:2937} INFO - Setting next_dagrun for example_python_operator to None
[2022-05-07 13:56:01,671] {processor.py:171} INFO - Processing /home/airflow/.local/lib/python3.7/site-packages/airflow/example_dags/example_python_operator.py took 0.264 seconds
[2022-05-07 13:56:31,798] {processor.py:163} INFO - Started process (PID=2442) to work on /home/airflow/.local/lib/python3.7/site-packages/airflow/example_dags/example_python_operator.py
[2022-05-07 13:56:31,802] {processor.py:642} INFO - Processing file /home/airflow/.local/lib/python3.7/site-packages/airflow/example_dags/example_python_operator.py for tasks to queue
[2022-05-07 13:56:31,804] {logging_mixin.py:109} INFO - [2022-05-07 13:56:31,804] {dagbag.py:500} INFO - Filling up the DagBag from /home/airflow/.local/lib/python3.7/site-packages/airflow/example_dags/example_python_operator.py
[2022-05-07 13:56:31,840] {processor.py:652} INFO - DAG(s) dict_keys(['example_python_operator']) retrieved from /home/airflow/.local/lib/python3.7/site-packages/airflow/example_dags/example_python_operator.py
[2022-05-07 13:56:31,885] {logging_mixin.py:109} INFO - [2022-05-07 13:56:31,885] {dag.py:2398} INFO - Sync 1 DAGs
[2022-05-07 13:56:31,908] {logging_mixin.py:109} INFO - [2022-05-07 13:56:31,908] {dag.py:2937} INFO - Setting next_dagrun for example_python_operator to None
[2022-05-07 13:56:31,926] {processor.py:171} INFO - Processing /home/airflow/.local/lib/python3.7/site-packages/airflow/example_dags/example_python_operator.py took 0.133 seconds
[2022-05-07 13:57:02,278] {processor.py:163} INFO - Started process (PID=2495) to work on /home/airflow/.local/lib/python3.7/site-packages/airflow/example_dags/example_python_operator.py
[2022-05-07 13:57:02,288] {processor.py:642} INFO - Processing file /home/airflow/.local/lib/python3.7/site-packages/airflow/example_dags/example_python_operator.py for tasks to queue
[2022-05-07 13:57:02,292] {logging_mixin.py:109} INFO - [2022-05-07 13:57:02,292] {dagbag.py:500} INFO - Filling up the DagBag from /home/airflow/.local/lib/python3.7/site-packages/airflow/example_dags/example_python_operator.py
[2022-05-07 13:57:02,336] {processor.py:652} INFO - DAG(s) dict_keys(['example_python_operator']) retrieved from /home/airflow/.local/lib/python3.7/site-packages/airflow/example_dags/example_python_operator.py
[2022-05-07 13:57:02,388] {logging_mixin.py:109} INFO - [2022-05-07 13:57:02,388] {dag.py:2398} INFO - Sync 1 DAGs
[2022-05-07 13:57:02,422] {logging_mixin.py:109} INFO - [2022-05-07 13:57:02,422] {dag.py:2937} INFO - Setting next_dagrun for example_python_operator to None
[2022-05-07 13:57:02,451] {processor.py:171} INFO - Processing /home/airflow/.local/lib/python3.7/site-packages/airflow/example_dags/example_python_operator.py took 0.186 seconds
[2022-05-07 13:57:32,840] {processor.py:163} INFO - Started process (PID=2547) to work on /home/airflow/.local/lib/python3.7/site-packages/airflow/example_dags/example_python_operator.py
[2022-05-07 13:57:32,846] {processor.py:642} INFO - Processing file /home/airflow/.local/lib/python3.7/site-packages/airflow/example_dags/example_python_operator.py for tasks to queue
[2022-05-07 13:57:32,850] {logging_mixin.py:109} INFO - [2022-05-07 13:57:32,850] {dagbag.py:500} INFO - Filling up the DagBag from /home/airflow/.local/lib/python3.7/site-packages/airflow/example_dags/example_python_operator.py
[2022-05-07 13:57:32,902] {processor.py:652} INFO - DAG(s) dict_keys(['example_python_operator']) retrieved from /home/airflow/.local/lib/python3.7/site-packages/airflow/example_dags/example_python_operator.py
[2022-05-07 13:57:32,985] {logging_mixin.py:109} INFO - [2022-05-07 13:57:32,984] {dag.py:2398} INFO - Sync 1 DAGs
[2022-05-07 13:57:33,031] {logging_mixin.py:109} INFO - [2022-05-07 13:57:33,030] {dag.py:2937} INFO - Setting next_dagrun for example_python_operator to None
[2022-05-07 13:57:33,057] {processor.py:171} INFO - Processing /home/airflow/.local/lib/python3.7/site-packages/airflow/example_dags/example_python_operator.py took 0.226 seconds
