[2022-05-07 13:33:40,868] {processor.py:163} INFO - Started process (PID=88) to work on /home/airflow/.local/lib/python3.7/site-packages/airflow/example_dags/example_task_group_decorator.py
[2022-05-07 13:33:40,874] {processor.py:642} INFO - Processing file /home/airflow/.local/lib/python3.7/site-packages/airflow/example_dags/example_task_group_decorator.py for tasks to queue
[2022-05-07 13:33:40,877] {logging_mixin.py:109} INFO - [2022-05-07 13:33:40,877] {dagbag.py:500} INFO - Filling up the DagBag from /home/airflow/.local/lib/python3.7/site-packages/airflow/example_dags/example_task_group_decorator.py
[2022-05-07 13:33:41,011] {processor.py:652} INFO - DAG(s) dict_keys(['example_task_group_decorator']) retrieved from /home/airflow/.local/lib/python3.7/site-packages/airflow/example_dags/example_task_group_decorator.py
[2022-05-07 13:33:46,773] {logging_mixin.py:109} INFO - [2022-05-07 13:33:46,772] {manager.py:496} INFO - Created Permission View: can edit on DAG:example_task_group_decorator
[2022-05-07 13:33:46,803] {logging_mixin.py:109} INFO - [2022-05-07 13:33:46,802] {manager.py:496} INFO - Created Permission View: can read on DAG:example_task_group_decorator
[2022-05-07 13:33:46,807] {logging_mixin.py:109} INFO - [2022-05-07 13:33:46,806] {dag.py:2398} INFO - Sync 1 DAGs
[2022-05-07 13:33:46,825] {logging_mixin.py:109} INFO - [2022-05-07 13:33:46,824] {dag.py:2417} INFO - Creating ORM DAG for example_task_group_decorator
[2022-05-07 13:33:46,845] {logging_mixin.py:109} INFO - [2022-05-07 13:33:46,845] {dag.py:2937} INFO - Setting next_dagrun for example_task_group_decorator to 2022-05-06T13:33:46.844787+00:00
[2022-05-07 13:33:46,874] {processor.py:171} INFO - Processing /home/airflow/.local/lib/python3.7/site-packages/airflow/example_dags/example_task_group_decorator.py took 6.012 seconds
[2022-05-07 13:34:37,379] {processor.py:163} INFO - Started process (PID=255) to work on /home/airflow/.local/lib/python3.7/site-packages/airflow/example_dags/example_task_group_decorator.py
[2022-05-07 13:34:37,387] {processor.py:642} INFO - Processing file /home/airflow/.local/lib/python3.7/site-packages/airflow/example_dags/example_task_group_decorator.py for tasks to queue
[2022-05-07 13:34:37,393] {logging_mixin.py:109} INFO - [2022-05-07 13:34:37,392] {dagbag.py:500} INFO - Filling up the DagBag from /home/airflow/.local/lib/python3.7/site-packages/airflow/example_dags/example_task_group_decorator.py
[2022-05-07 13:34:37,461] {processor.py:652} INFO - DAG(s) dict_keys(['example_task_group_decorator']) retrieved from /home/airflow/.local/lib/python3.7/site-packages/airflow/example_dags/example_task_group_decorator.py
[2022-05-07 13:34:38,081] {logging_mixin.py:109} INFO - [2022-05-07 13:34:38,080] {dag.py:2398} INFO - Sync 1 DAGs
[2022-05-07 13:34:38,130] {logging_mixin.py:109} INFO - [2022-05-07 13:34:38,129] {dag.py:2937} INFO - Setting next_dagrun for example_task_group_decorator to 2022-05-06T13:34:38.129107+00:00
[2022-05-07 13:34:38,160] {processor.py:171} INFO - Processing /home/airflow/.local/lib/python3.7/site-packages/airflow/example_dags/example_task_group_decorator.py took 0.793 seconds
[2022-05-07 13:35:08,548] {processor.py:163} INFO - Started process (PID=308) to work on /home/airflow/.local/lib/python3.7/site-packages/airflow/example_dags/example_task_group_decorator.py
[2022-05-07 13:35:08,550] {processor.py:642} INFO - Processing file /home/airflow/.local/lib/python3.7/site-packages/airflow/example_dags/example_task_group_decorator.py for tasks to queue
[2022-05-07 13:35:08,553] {logging_mixin.py:109} INFO - [2022-05-07 13:35:08,553] {dagbag.py:500} INFO - Filling up the DagBag from /home/airflow/.local/lib/python3.7/site-packages/airflow/example_dags/example_task_group_decorator.py
[2022-05-07 13:35:08,612] {processor.py:652} INFO - DAG(s) dict_keys(['example_task_group_decorator']) retrieved from /home/airflow/.local/lib/python3.7/site-packages/airflow/example_dags/example_task_group_decorator.py
[2022-05-07 13:35:09,167] {logging_mixin.py:109} INFO - [2022-05-07 13:35:09,167] {dag.py:2398} INFO - Sync 1 DAGs
[2022-05-07 13:35:09,200] {logging_mixin.py:109} INFO - [2022-05-07 13:35:09,200] {dag.py:2937} INFO - Setting next_dagrun for example_task_group_decorator to 2022-05-06T13:35:09.200388+00:00
[2022-05-07 13:35:09,241] {processor.py:171} INFO - Processing /home/airflow/.local/lib/python3.7/site-packages/airflow/example_dags/example_task_group_decorator.py took 0.699 seconds
[2022-05-07 13:35:39,374] {processor.py:163} INFO - Started process (PID=361) to work on /home/airflow/.local/lib/python3.7/site-packages/airflow/example_dags/example_task_group_decorator.py
[2022-05-07 13:35:39,378] {processor.py:642} INFO - Processing file /home/airflow/.local/lib/python3.7/site-packages/airflow/example_dags/example_task_group_decorator.py for tasks to queue
[2022-05-07 13:35:39,381] {logging_mixin.py:109} INFO - [2022-05-07 13:35:39,380] {dagbag.py:500} INFO - Filling up the DagBag from /home/airflow/.local/lib/python3.7/site-packages/airflow/example_dags/example_task_group_decorator.py
[2022-05-07 13:35:39,432] {processor.py:652} INFO - DAG(s) dict_keys(['example_task_group_decorator']) retrieved from /home/airflow/.local/lib/python3.7/site-packages/airflow/example_dags/example_task_group_decorator.py
[2022-05-07 13:35:39,873] {logging_mixin.py:109} INFO - [2022-05-07 13:35:39,873] {dag.py:2398} INFO - Sync 1 DAGs
[2022-05-07 13:35:39,899] {logging_mixin.py:109} INFO - [2022-05-07 13:35:39,898] {dag.py:2937} INFO - Setting next_dagrun for example_task_group_decorator to 2022-05-06T13:35:39.898430+00:00
[2022-05-07 13:35:39,923] {processor.py:171} INFO - Processing /home/airflow/.local/lib/python3.7/site-packages/airflow/example_dags/example_task_group_decorator.py took 0.553 seconds
[2022-05-07 13:36:10,748] {processor.py:163} INFO - Started process (PID=423) to work on /home/airflow/.local/lib/python3.7/site-packages/airflow/example_dags/example_task_group_decorator.py
[2022-05-07 13:36:10,752] {processor.py:642} INFO - Processing file /home/airflow/.local/lib/python3.7/site-packages/airflow/example_dags/example_task_group_decorator.py for tasks to queue
[2022-05-07 13:36:10,754] {logging_mixin.py:109} INFO - [2022-05-07 13:36:10,754] {dagbag.py:500} INFO - Filling up the DagBag from /home/airflow/.local/lib/python3.7/site-packages/airflow/example_dags/example_task_group_decorator.py
[2022-05-07 13:36:10,800] {processor.py:652} INFO - DAG(s) dict_keys(['example_task_group_decorator']) retrieved from /home/airflow/.local/lib/python3.7/site-packages/airflow/example_dags/example_task_group_decorator.py
[2022-05-07 13:36:11,220] {logging_mixin.py:109} INFO - [2022-05-07 13:36:11,220] {dag.py:2398} INFO - Sync 1 DAGs
[2022-05-07 13:36:11,251] {logging_mixin.py:109} INFO - [2022-05-07 13:36:11,251] {dag.py:2937} INFO - Setting next_dagrun for example_task_group_decorator to 2022-05-06T13:36:11.251369+00:00
[2022-05-07 13:36:11,268] {processor.py:171} INFO - Processing /home/airflow/.local/lib/python3.7/site-packages/airflow/example_dags/example_task_group_decorator.py took 0.525 seconds
[2022-05-07 13:36:46,942] {processor.py:163} INFO - Started process (PID=475) to work on /home/airflow/.local/lib/python3.7/site-packages/airflow/example_dags/example_task_group_decorator.py
[2022-05-07 13:36:46,961] {processor.py:642} INFO - Processing file /home/airflow/.local/lib/python3.7/site-packages/airflow/example_dags/example_task_group_decorator.py for tasks to queue
[2022-05-07 13:36:46,965] {logging_mixin.py:109} INFO - [2022-05-07 13:36:46,964] {dagbag.py:500} INFO - Filling up the DagBag from /home/airflow/.local/lib/python3.7/site-packages/airflow/example_dags/example_task_group_decorator.py
[2022-05-07 13:36:47,087] {processor.py:652} INFO - DAG(s) dict_keys(['example_task_group_decorator']) retrieved from /home/airflow/.local/lib/python3.7/site-packages/airflow/example_dags/example_task_group_decorator.py
[2022-05-07 13:36:48,480] {logging_mixin.py:109} INFO - [2022-05-07 13:36:48,479] {dag.py:2398} INFO - Sync 1 DAGs
[2022-05-07 13:36:48,525] {logging_mixin.py:109} INFO - [2022-05-07 13:36:48,524] {dag.py:2937} INFO - Setting next_dagrun for example_task_group_decorator to 2022-05-06T13:36:48.524397+00:00
[2022-05-07 13:36:48,564] {processor.py:171} INFO - Processing /home/airflow/.local/lib/python3.7/site-packages/airflow/example_dags/example_task_group_decorator.py took 1.635 seconds
[2022-05-07 13:37:18,797] {processor.py:163} INFO - Started process (PID=527) to work on /home/airflow/.local/lib/python3.7/site-packages/airflow/example_dags/example_task_group_decorator.py
[2022-05-07 13:37:18,805] {processor.py:642} INFO - Processing file /home/airflow/.local/lib/python3.7/site-packages/airflow/example_dags/example_task_group_decorator.py for tasks to queue
[2022-05-07 13:37:18,814] {logging_mixin.py:109} INFO - [2022-05-07 13:37:18,813] {dagbag.py:500} INFO - Filling up the DagBag from /home/airflow/.local/lib/python3.7/site-packages/airflow/example_dags/example_task_group_decorator.py
[2022-05-07 13:37:18,898] {processor.py:652} INFO - DAG(s) dict_keys(['example_task_group_decorator']) retrieved from /home/airflow/.local/lib/python3.7/site-packages/airflow/example_dags/example_task_group_decorator.py
[2022-05-07 13:37:19,814] {logging_mixin.py:109} INFO - [2022-05-07 13:37:19,813] {dag.py:2398} INFO - Sync 1 DAGs
[2022-05-07 13:37:19,870] {logging_mixin.py:109} INFO - [2022-05-07 13:37:19,870] {dag.py:2937} INFO - Setting next_dagrun for example_task_group_decorator to 2022-05-06T13:37:19.868735+00:00
[2022-05-07 13:37:19,918] {processor.py:171} INFO - Processing /home/airflow/.local/lib/python3.7/site-packages/airflow/example_dags/example_task_group_decorator.py took 1.131 seconds
[2022-05-07 13:37:50,097] {processor.py:163} INFO - Started process (PID=581) to work on /home/airflow/.local/lib/python3.7/site-packages/airflow/example_dags/example_task_group_decorator.py
[2022-05-07 13:37:50,100] {processor.py:642} INFO - Processing file /home/airflow/.local/lib/python3.7/site-packages/airflow/example_dags/example_task_group_decorator.py for tasks to queue
[2022-05-07 13:37:50,103] {logging_mixin.py:109} INFO - [2022-05-07 13:37:50,103] {dagbag.py:500} INFO - Filling up the DagBag from /home/airflow/.local/lib/python3.7/site-packages/airflow/example_dags/example_task_group_decorator.py
[2022-05-07 13:37:50,148] {processor.py:652} INFO - DAG(s) dict_keys(['example_task_group_decorator']) retrieved from /home/airflow/.local/lib/python3.7/site-packages/airflow/example_dags/example_task_group_decorator.py
[2022-05-07 13:37:50,554] {logging_mixin.py:109} INFO - [2022-05-07 13:37:50,554] {dag.py:2398} INFO - Sync 1 DAGs
[2022-05-07 13:37:50,576] {logging_mixin.py:109} INFO - [2022-05-07 13:37:50,576] {dag.py:2937} INFO - Setting next_dagrun for example_task_group_decorator to 2022-05-06T13:37:50.576230+00:00
[2022-05-07 13:37:50,595] {processor.py:171} INFO - Processing /home/airflow/.local/lib/python3.7/site-packages/airflow/example_dags/example_task_group_decorator.py took 0.503 seconds
[2022-05-07 13:38:20,989] {processor.py:163} INFO - Started process (PID=633) to work on /home/airflow/.local/lib/python3.7/site-packages/airflow/example_dags/example_task_group_decorator.py
[2022-05-07 13:38:20,996] {processor.py:642} INFO - Processing file /home/airflow/.local/lib/python3.7/site-packages/airflow/example_dags/example_task_group_decorator.py for tasks to queue
[2022-05-07 13:38:21,001] {logging_mixin.py:109} INFO - [2022-05-07 13:38:21,001] {dagbag.py:500} INFO - Filling up the DagBag from /home/airflow/.local/lib/python3.7/site-packages/airflow/example_dags/example_task_group_decorator.py
[2022-05-07 13:38:21,117] {processor.py:652} INFO - DAG(s) dict_keys(['example_task_group_decorator']) retrieved from /home/airflow/.local/lib/python3.7/site-packages/airflow/example_dags/example_task_group_decorator.py
[2022-05-07 13:38:21,693] {logging_mixin.py:109} INFO - [2022-05-07 13:38:21,693] {dag.py:2398} INFO - Sync 1 DAGs
[2022-05-07 13:38:21,720] {logging_mixin.py:109} INFO - [2022-05-07 13:38:21,720] {dag.py:2937} INFO - Setting next_dagrun for example_task_group_decorator to 2022-05-06T13:38:21.719741+00:00
[2022-05-07 13:38:21,748] {processor.py:171} INFO - Processing /home/airflow/.local/lib/python3.7/site-packages/airflow/example_dags/example_task_group_decorator.py took 0.774 seconds
[2022-05-07 13:38:52,220] {processor.py:163} INFO - Started process (PID=685) to work on /home/airflow/.local/lib/python3.7/site-packages/airflow/example_dags/example_task_group_decorator.py
[2022-05-07 13:38:52,230] {processor.py:642} INFO - Processing file /home/airflow/.local/lib/python3.7/site-packages/airflow/example_dags/example_task_group_decorator.py for tasks to queue
[2022-05-07 13:38:52,237] {logging_mixin.py:109} INFO - [2022-05-07 13:38:52,236] {dagbag.py:500} INFO - Filling up the DagBag from /home/airflow/.local/lib/python3.7/site-packages/airflow/example_dags/example_task_group_decorator.py
[2022-05-07 13:38:52,341] {processor.py:652} INFO - DAG(s) dict_keys(['example_task_group_decorator']) retrieved from /home/airflow/.local/lib/python3.7/site-packages/airflow/example_dags/example_task_group_decorator.py
[2022-05-07 13:38:53,158] {logging_mixin.py:109} INFO - [2022-05-07 13:38:53,157] {dag.py:2398} INFO - Sync 1 DAGs
[2022-05-07 13:38:53,185] {logging_mixin.py:109} INFO - [2022-05-07 13:38:53,185] {dag.py:2937} INFO - Setting next_dagrun for example_task_group_decorator to 2022-05-06T13:38:53.184867+00:00
[2022-05-07 13:38:53,213] {processor.py:171} INFO - Processing /home/airflow/.local/lib/python3.7/site-packages/airflow/example_dags/example_task_group_decorator.py took 1.011 seconds
[2022-05-07 13:39:23,298] {processor.py:163} INFO - Started process (PID=738) to work on /home/airflow/.local/lib/python3.7/site-packages/airflow/example_dags/example_task_group_decorator.py
[2022-05-07 13:39:23,302] {processor.py:642} INFO - Processing file /home/airflow/.local/lib/python3.7/site-packages/airflow/example_dags/example_task_group_decorator.py for tasks to queue
[2022-05-07 13:39:23,305] {logging_mixin.py:109} INFO - [2022-05-07 13:39:23,304] {dagbag.py:500} INFO - Filling up the DagBag from /home/airflow/.local/lib/python3.7/site-packages/airflow/example_dags/example_task_group_decorator.py
[2022-05-07 13:39:23,353] {processor.py:652} INFO - DAG(s) dict_keys(['example_task_group_decorator']) retrieved from /home/airflow/.local/lib/python3.7/site-packages/airflow/example_dags/example_task_group_decorator.py
[2022-05-07 13:39:23,844] {logging_mixin.py:109} INFO - [2022-05-07 13:39:23,844] {dag.py:2398} INFO - Sync 1 DAGs
[2022-05-07 13:39:23,878] {logging_mixin.py:109} INFO - [2022-05-07 13:39:23,878] {dag.py:2937} INFO - Setting next_dagrun for example_task_group_decorator to 2022-05-06T13:39:23.878350+00:00
[2022-05-07 13:39:23,905] {processor.py:171} INFO - Processing /home/airflow/.local/lib/python3.7/site-packages/airflow/example_dags/example_task_group_decorator.py took 0.613 seconds
[2022-05-07 13:39:54,025] {processor.py:163} INFO - Started process (PID=790) to work on /home/airflow/.local/lib/python3.7/site-packages/airflow/example_dags/example_task_group_decorator.py
[2022-05-07 13:39:54,029] {processor.py:642} INFO - Processing file /home/airflow/.local/lib/python3.7/site-packages/airflow/example_dags/example_task_group_decorator.py for tasks to queue
[2022-05-07 13:39:54,033] {logging_mixin.py:109} INFO - [2022-05-07 13:39:54,032] {dagbag.py:500} INFO - Filling up the DagBag from /home/airflow/.local/lib/python3.7/site-packages/airflow/example_dags/example_task_group_decorator.py
[2022-05-07 13:39:54,108] {processor.py:652} INFO - DAG(s) dict_keys(['example_task_group_decorator']) retrieved from /home/airflow/.local/lib/python3.7/site-packages/airflow/example_dags/example_task_group_decorator.py
[2022-05-07 13:39:54,578] {logging_mixin.py:109} INFO - [2022-05-07 13:39:54,578] {dag.py:2398} INFO - Sync 1 DAGs
[2022-05-07 13:39:54,613] {logging_mixin.py:109} INFO - [2022-05-07 13:39:54,613] {dag.py:2937} INFO - Setting next_dagrun for example_task_group_decorator to 2022-05-06T13:39:54.613329+00:00
[2022-05-07 13:39:54,641] {processor.py:171} INFO - Processing /home/airflow/.local/lib/python3.7/site-packages/airflow/example_dags/example_task_group_decorator.py took 0.623 seconds
[2022-05-07 13:40:25,307] {processor.py:163} INFO - Started process (PID=853) to work on /home/airflow/.local/lib/python3.7/site-packages/airflow/example_dags/example_task_group_decorator.py
[2022-05-07 13:40:25,310] {processor.py:642} INFO - Processing file /home/airflow/.local/lib/python3.7/site-packages/airflow/example_dags/example_task_group_decorator.py for tasks to queue
[2022-05-07 13:40:25,312] {logging_mixin.py:109} INFO - [2022-05-07 13:40:25,312] {dagbag.py:500} INFO - Filling up the DagBag from /home/airflow/.local/lib/python3.7/site-packages/airflow/example_dags/example_task_group_decorator.py
[2022-05-07 13:40:25,378] {processor.py:652} INFO - DAG(s) dict_keys(['example_task_group_decorator']) retrieved from /home/airflow/.local/lib/python3.7/site-packages/airflow/example_dags/example_task_group_decorator.py
[2022-05-07 13:40:26,025] {logging_mixin.py:109} INFO - [2022-05-07 13:40:26,025] {dag.py:2398} INFO - Sync 1 DAGs
[2022-05-07 13:40:26,051] {logging_mixin.py:109} INFO - [2022-05-07 13:40:26,051] {dag.py:2937} INFO - Setting next_dagrun for example_task_group_decorator to 2022-05-06T13:40:26.050899+00:00
[2022-05-07 13:40:26,075] {processor.py:171} INFO - Processing /home/airflow/.local/lib/python3.7/site-packages/airflow/example_dags/example_task_group_decorator.py took 0.774 seconds
[2022-05-07 13:40:56,670] {processor.py:163} INFO - Started process (PID=908) to work on /home/airflow/.local/lib/python3.7/site-packages/airflow/example_dags/example_task_group_decorator.py
[2022-05-07 13:40:56,673] {processor.py:642} INFO - Processing file /home/airflow/.local/lib/python3.7/site-packages/airflow/example_dags/example_task_group_decorator.py for tasks to queue
[2022-05-07 13:40:56,676] {logging_mixin.py:109} INFO - [2022-05-07 13:40:56,676] {dagbag.py:500} INFO - Filling up the DagBag from /home/airflow/.local/lib/python3.7/site-packages/airflow/example_dags/example_task_group_decorator.py
[2022-05-07 13:40:56,737] {processor.py:652} INFO - DAG(s) dict_keys(['example_task_group_decorator']) retrieved from /home/airflow/.local/lib/python3.7/site-packages/airflow/example_dags/example_task_group_decorator.py
[2022-05-07 13:40:57,552] {logging_mixin.py:109} INFO - [2022-05-07 13:40:57,552] {dag.py:2398} INFO - Sync 1 DAGs
[2022-05-07 13:40:57,599] {logging_mixin.py:109} INFO - [2022-05-07 13:40:57,599] {dag.py:2937} INFO - Setting next_dagrun for example_task_group_decorator to 2022-05-06T13:40:57.598668+00:00
[2022-05-07 13:40:57,639] {processor.py:171} INFO - Processing /home/airflow/.local/lib/python3.7/site-packages/airflow/example_dags/example_task_group_decorator.py took 0.976 seconds
[2022-05-07 13:41:27,968] {processor.py:163} INFO - Started process (PID=957) to work on /home/airflow/.local/lib/python3.7/site-packages/airflow/example_dags/example_task_group_decorator.py
[2022-05-07 13:41:27,975] {processor.py:642} INFO - Processing file /home/airflow/.local/lib/python3.7/site-packages/airflow/example_dags/example_task_group_decorator.py for tasks to queue
[2022-05-07 13:41:27,978] {logging_mixin.py:109} INFO - [2022-05-07 13:41:27,978] {dagbag.py:500} INFO - Filling up the DagBag from /home/airflow/.local/lib/python3.7/site-packages/airflow/example_dags/example_task_group_decorator.py
[2022-05-07 13:41:28,067] {processor.py:652} INFO - DAG(s) dict_keys(['example_task_group_decorator']) retrieved from /home/airflow/.local/lib/python3.7/site-packages/airflow/example_dags/example_task_group_decorator.py
[2022-05-07 13:41:28,631] {logging_mixin.py:109} INFO - [2022-05-07 13:41:28,631] {dag.py:2398} INFO - Sync 1 DAGs
[2022-05-07 13:41:28,653] {logging_mixin.py:109} INFO - [2022-05-07 13:41:28,653] {dag.py:2937} INFO - Setting next_dagrun for example_task_group_decorator to 2022-05-06T13:41:28.653020+00:00
[2022-05-07 13:41:28,671] {processor.py:171} INFO - Processing /home/airflow/.local/lib/python3.7/site-packages/airflow/example_dags/example_task_group_decorator.py took 0.710 seconds
[2022-05-07 13:41:58,743] {processor.py:163} INFO - Started process (PID=1009) to work on /home/airflow/.local/lib/python3.7/site-packages/airflow/example_dags/example_task_group_decorator.py
[2022-05-07 13:41:58,750] {processor.py:642} INFO - Processing file /home/airflow/.local/lib/python3.7/site-packages/airflow/example_dags/example_task_group_decorator.py for tasks to queue
[2022-05-07 13:41:58,754] {logging_mixin.py:109} INFO - [2022-05-07 13:41:58,754] {dagbag.py:500} INFO - Filling up the DagBag from /home/airflow/.local/lib/python3.7/site-packages/airflow/example_dags/example_task_group_decorator.py
[2022-05-07 13:41:58,830] {processor.py:652} INFO - DAG(s) dict_keys(['example_task_group_decorator']) retrieved from /home/airflow/.local/lib/python3.7/site-packages/airflow/example_dags/example_task_group_decorator.py
[2022-05-07 13:41:59,476] {logging_mixin.py:109} INFO - [2022-05-07 13:41:59,476] {dag.py:2398} INFO - Sync 1 DAGs
[2022-05-07 13:41:59,517] {logging_mixin.py:109} INFO - [2022-05-07 13:41:59,517] {dag.py:2937} INFO - Setting next_dagrun for example_task_group_decorator to 2022-05-06T13:41:59.517004+00:00
[2022-05-07 13:41:59,571] {processor.py:171} INFO - Processing /home/airflow/.local/lib/python3.7/site-packages/airflow/example_dags/example_task_group_decorator.py took 0.840 seconds
[2022-05-07 13:42:30,384] {processor.py:163} INFO - Started process (PID=1061) to work on /home/airflow/.local/lib/python3.7/site-packages/airflow/example_dags/example_task_group_decorator.py
[2022-05-07 13:42:30,389] {processor.py:642} INFO - Processing file /home/airflow/.local/lib/python3.7/site-packages/airflow/example_dags/example_task_group_decorator.py for tasks to queue
[2022-05-07 13:42:30,391] {logging_mixin.py:109} INFO - [2022-05-07 13:42:30,391] {dagbag.py:500} INFO - Filling up the DagBag from /home/airflow/.local/lib/python3.7/site-packages/airflow/example_dags/example_task_group_decorator.py
[2022-05-07 13:42:30,457] {processor.py:652} INFO - DAG(s) dict_keys(['example_task_group_decorator']) retrieved from /home/airflow/.local/lib/python3.7/site-packages/airflow/example_dags/example_task_group_decorator.py
[2022-05-07 13:42:31,071] {logging_mixin.py:109} INFO - [2022-05-07 13:42:31,071] {dag.py:2398} INFO - Sync 1 DAGs
[2022-05-07 13:42:31,103] {logging_mixin.py:109} INFO - [2022-05-07 13:42:31,103] {dag.py:2937} INFO - Setting next_dagrun for example_task_group_decorator to 2022-05-06T13:42:31.102764+00:00
[2022-05-07 13:42:31,137] {processor.py:171} INFO - Processing /home/airflow/.local/lib/python3.7/site-packages/airflow/example_dags/example_task_group_decorator.py took 0.760 seconds
[2022-05-07 13:43:01,499] {processor.py:163} INFO - Started process (PID=1114) to work on /home/airflow/.local/lib/python3.7/site-packages/airflow/example_dags/example_task_group_decorator.py
[2022-05-07 13:43:01,504] {processor.py:642} INFO - Processing file /home/airflow/.local/lib/python3.7/site-packages/airflow/example_dags/example_task_group_decorator.py for tasks to queue
[2022-05-07 13:43:01,507] {logging_mixin.py:109} INFO - [2022-05-07 13:43:01,507] {dagbag.py:500} INFO - Filling up the DagBag from /home/airflow/.local/lib/python3.7/site-packages/airflow/example_dags/example_task_group_decorator.py
[2022-05-07 13:43:01,558] {processor.py:652} INFO - DAG(s) dict_keys(['example_task_group_decorator']) retrieved from /home/airflow/.local/lib/python3.7/site-packages/airflow/example_dags/example_task_group_decorator.py
[2022-05-07 13:43:02,425] {logging_mixin.py:109} INFO - [2022-05-07 13:43:02,425] {dag.py:2398} INFO - Sync 1 DAGs
[2022-05-07 13:43:02,455] {logging_mixin.py:109} INFO - [2022-05-07 13:43:02,454] {dag.py:2937} INFO - Setting next_dagrun for example_task_group_decorator to 2022-05-06T13:43:02.454391+00:00
[2022-05-07 13:43:02,480] {processor.py:171} INFO - Processing /home/airflow/.local/lib/python3.7/site-packages/airflow/example_dags/example_task_group_decorator.py took 0.987 seconds
[2022-05-07 13:43:34,019] {processor.py:163} INFO - Started process (PID=1167) to work on /home/airflow/.local/lib/python3.7/site-packages/airflow/example_dags/example_task_group_decorator.py
[2022-05-07 13:43:34,026] {processor.py:642} INFO - Processing file /home/airflow/.local/lib/python3.7/site-packages/airflow/example_dags/example_task_group_decorator.py for tasks to queue
[2022-05-07 13:43:34,041] {logging_mixin.py:109} INFO - [2022-05-07 13:43:34,040] {dagbag.py:500} INFO - Filling up the DagBag from /home/airflow/.local/lib/python3.7/site-packages/airflow/example_dags/example_task_group_decorator.py
[2022-05-07 13:43:34,247] {processor.py:652} INFO - DAG(s) dict_keys(['example_task_group_decorator']) retrieved from /home/airflow/.local/lib/python3.7/site-packages/airflow/example_dags/example_task_group_decorator.py
[2022-05-07 13:43:35,691] {logging_mixin.py:109} INFO - [2022-05-07 13:43:35,691] {dag.py:2398} INFO - Sync 1 DAGs
[2022-05-07 13:43:35,816] {logging_mixin.py:109} INFO - [2022-05-07 13:43:35,815] {dag.py:2937} INFO - Setting next_dagrun for example_task_group_decorator to 2022-05-06T13:43:35.814701+00:00
[2022-05-07 13:43:35,914] {processor.py:171} INFO - Processing /home/airflow/.local/lib/python3.7/site-packages/airflow/example_dags/example_task_group_decorator.py took 1.958 seconds
[2022-05-07 13:44:06,054] {processor.py:163} INFO - Started process (PID=1223) to work on /home/airflow/.local/lib/python3.7/site-packages/airflow/example_dags/example_task_group_decorator.py
[2022-05-07 13:44:06,058] {processor.py:642} INFO - Processing file /home/airflow/.local/lib/python3.7/site-packages/airflow/example_dags/example_task_group_decorator.py for tasks to queue
[2022-05-07 13:44:06,061] {logging_mixin.py:109} INFO - [2022-05-07 13:44:06,060] {dagbag.py:500} INFO - Filling up the DagBag from /home/airflow/.local/lib/python3.7/site-packages/airflow/example_dags/example_task_group_decorator.py
[2022-05-07 13:44:06,110] {processor.py:652} INFO - DAG(s) dict_keys(['example_task_group_decorator']) retrieved from /home/airflow/.local/lib/python3.7/site-packages/airflow/example_dags/example_task_group_decorator.py
[2022-05-07 13:44:06,562] {logging_mixin.py:109} INFO - [2022-05-07 13:44:06,561] {dag.py:2398} INFO - Sync 1 DAGs
[2022-05-07 13:44:06,592] {logging_mixin.py:109} INFO - [2022-05-07 13:44:06,592] {dag.py:2937} INFO - Setting next_dagrun for example_task_group_decorator to 2022-05-06T13:44:06.591791+00:00
[2022-05-07 13:44:06,615] {processor.py:171} INFO - Processing /home/airflow/.local/lib/python3.7/site-packages/airflow/example_dags/example_task_group_decorator.py took 0.567 seconds
[2022-05-07 13:44:37,520] {processor.py:163} INFO - Started process (PID=1287) to work on /home/airflow/.local/lib/python3.7/site-packages/airflow/example_dags/example_task_group_decorator.py
[2022-05-07 13:44:37,527] {processor.py:642} INFO - Processing file /home/airflow/.local/lib/python3.7/site-packages/airflow/example_dags/example_task_group_decorator.py for tasks to queue
[2022-05-07 13:44:37,534] {logging_mixin.py:109} INFO - [2022-05-07 13:44:37,534] {dagbag.py:500} INFO - Filling up the DagBag from /home/airflow/.local/lib/python3.7/site-packages/airflow/example_dags/example_task_group_decorator.py
[2022-05-07 13:44:37,595] {processor.py:652} INFO - DAG(s) dict_keys(['example_task_group_decorator']) retrieved from /home/airflow/.local/lib/python3.7/site-packages/airflow/example_dags/example_task_group_decorator.py
[2022-05-07 13:44:38,065] {logging_mixin.py:109} INFO - [2022-05-07 13:44:38,065] {dag.py:2398} INFO - Sync 1 DAGs
[2022-05-07 13:44:38,086] {logging_mixin.py:109} INFO - [2022-05-07 13:44:38,086] {dag.py:2937} INFO - Setting next_dagrun for example_task_group_decorator to 2022-05-06T13:44:38.085922+00:00
[2022-05-07 13:44:38,101] {processor.py:171} INFO - Processing /home/airflow/.local/lib/python3.7/site-packages/airflow/example_dags/example_task_group_decorator.py took 0.595 seconds
[2022-05-07 13:45:08,611] {processor.py:163} INFO - Started process (PID=1337) to work on /home/airflow/.local/lib/python3.7/site-packages/airflow/example_dags/example_task_group_decorator.py
[2022-05-07 13:45:08,613] {processor.py:642} INFO - Processing file /home/airflow/.local/lib/python3.7/site-packages/airflow/example_dags/example_task_group_decorator.py for tasks to queue
[2022-05-07 13:45:08,616] {logging_mixin.py:109} INFO - [2022-05-07 13:45:08,616] {dagbag.py:500} INFO - Filling up the DagBag from /home/airflow/.local/lib/python3.7/site-packages/airflow/example_dags/example_task_group_decorator.py
[2022-05-07 13:45:08,670] {processor.py:652} INFO - DAG(s) dict_keys(['example_task_group_decorator']) retrieved from /home/airflow/.local/lib/python3.7/site-packages/airflow/example_dags/example_task_group_decorator.py
[2022-05-07 13:45:09,220] {logging_mixin.py:109} INFO - [2022-05-07 13:45:09,220] {dag.py:2398} INFO - Sync 1 DAGs
[2022-05-07 13:45:09,251] {logging_mixin.py:109} INFO - [2022-05-07 13:45:09,251] {dag.py:2937} INFO - Setting next_dagrun for example_task_group_decorator to 2022-05-06T13:45:09.250197+00:00
[2022-05-07 13:45:09,280] {processor.py:171} INFO - Processing /home/airflow/.local/lib/python3.7/site-packages/airflow/example_dags/example_task_group_decorator.py took 0.685 seconds
[2022-05-07 13:45:39,365] {processor.py:163} INFO - Started process (PID=1391) to work on /home/airflow/.local/lib/python3.7/site-packages/airflow/example_dags/example_task_group_decorator.py
[2022-05-07 13:45:39,368] {processor.py:642} INFO - Processing file /home/airflow/.local/lib/python3.7/site-packages/airflow/example_dags/example_task_group_decorator.py for tasks to queue
[2022-05-07 13:45:39,371] {logging_mixin.py:109} INFO - [2022-05-07 13:45:39,371] {dagbag.py:500} INFO - Filling up the DagBag from /home/airflow/.local/lib/python3.7/site-packages/airflow/example_dags/example_task_group_decorator.py
[2022-05-07 13:45:39,414] {processor.py:652} INFO - DAG(s) dict_keys(['example_task_group_decorator']) retrieved from /home/airflow/.local/lib/python3.7/site-packages/airflow/example_dags/example_task_group_decorator.py
[2022-05-07 13:45:39,829] {logging_mixin.py:109} INFO - [2022-05-07 13:45:39,829] {dag.py:2398} INFO - Sync 1 DAGs
[2022-05-07 13:45:39,850] {logging_mixin.py:109} INFO - [2022-05-07 13:45:39,850] {dag.py:2937} INFO - Setting next_dagrun for example_task_group_decorator to 2022-05-06T13:45:39.849733+00:00
[2022-05-07 13:45:39,874] {processor.py:171} INFO - Processing /home/airflow/.local/lib/python3.7/site-packages/airflow/example_dags/example_task_group_decorator.py took 0.514 seconds
[2022-05-07 13:46:09,978] {processor.py:163} INFO - Started process (PID=1444) to work on /home/airflow/.local/lib/python3.7/site-packages/airflow/example_dags/example_task_group_decorator.py
[2022-05-07 13:46:09,980] {processor.py:642} INFO - Processing file /home/airflow/.local/lib/python3.7/site-packages/airflow/example_dags/example_task_group_decorator.py for tasks to queue
[2022-05-07 13:46:09,982] {logging_mixin.py:109} INFO - [2022-05-07 13:46:09,982] {dagbag.py:500} INFO - Filling up the DagBag from /home/airflow/.local/lib/python3.7/site-packages/airflow/example_dags/example_task_group_decorator.py
[2022-05-07 13:46:10,028] {processor.py:652} INFO - DAG(s) dict_keys(['example_task_group_decorator']) retrieved from /home/airflow/.local/lib/python3.7/site-packages/airflow/example_dags/example_task_group_decorator.py
[2022-05-07 13:46:10,764] {logging_mixin.py:109} INFO - [2022-05-07 13:46:10,763] {dag.py:2398} INFO - Sync 1 DAGs
[2022-05-07 13:46:10,820] {logging_mixin.py:109} INFO - [2022-05-07 13:46:10,820] {dag.py:2937} INFO - Setting next_dagrun for example_task_group_decorator to 2022-05-06T13:46:10.820156+00:00
[2022-05-07 13:46:10,847] {processor.py:171} INFO - Processing /home/airflow/.local/lib/python3.7/site-packages/airflow/example_dags/example_task_group_decorator.py took 0.874 seconds
[2022-05-07 13:46:41,574] {processor.py:163} INFO - Started process (PID=1507) to work on /home/airflow/.local/lib/python3.7/site-packages/airflow/example_dags/example_task_group_decorator.py
[2022-05-07 13:46:41,577] {processor.py:642} INFO - Processing file /home/airflow/.local/lib/python3.7/site-packages/airflow/example_dags/example_task_group_decorator.py for tasks to queue
[2022-05-07 13:46:41,579] {logging_mixin.py:109} INFO - [2022-05-07 13:46:41,579] {dagbag.py:500} INFO - Filling up the DagBag from /home/airflow/.local/lib/python3.7/site-packages/airflow/example_dags/example_task_group_decorator.py
[2022-05-07 13:46:41,639] {processor.py:652} INFO - DAG(s) dict_keys(['example_task_group_decorator']) retrieved from /home/airflow/.local/lib/python3.7/site-packages/airflow/example_dags/example_task_group_decorator.py
[2022-05-07 13:46:42,168] {logging_mixin.py:109} INFO - [2022-05-07 13:46:42,168] {dag.py:2398} INFO - Sync 1 DAGs
[2022-05-07 13:46:42,188] {logging_mixin.py:109} INFO - [2022-05-07 13:46:42,188] {dag.py:2937} INFO - Setting next_dagrun for example_task_group_decorator to 2022-05-06T13:46:42.187956+00:00
[2022-05-07 13:46:42,208] {processor.py:171} INFO - Processing /home/airflow/.local/lib/python3.7/site-packages/airflow/example_dags/example_task_group_decorator.py took 0.639 seconds
[2022-05-07 13:47:13,078] {processor.py:163} INFO - Started process (PID=1560) to work on /home/airflow/.local/lib/python3.7/site-packages/airflow/example_dags/example_task_group_decorator.py
[2022-05-07 13:47:13,084] {processor.py:642} INFO - Processing file /home/airflow/.local/lib/python3.7/site-packages/airflow/example_dags/example_task_group_decorator.py for tasks to queue
[2022-05-07 13:47:13,088] {logging_mixin.py:109} INFO - [2022-05-07 13:47:13,088] {dagbag.py:500} INFO - Filling up the DagBag from /home/airflow/.local/lib/python3.7/site-packages/airflow/example_dags/example_task_group_decorator.py
[2022-05-07 13:47:13,168] {processor.py:652} INFO - DAG(s) dict_keys(['example_task_group_decorator']) retrieved from /home/airflow/.local/lib/python3.7/site-packages/airflow/example_dags/example_task_group_decorator.py
[2022-05-07 13:47:14,578] {logging_mixin.py:109} INFO - [2022-05-07 13:47:14,577] {dag.py:2398} INFO - Sync 1 DAGs
[2022-05-07 13:47:14,708] {logging_mixin.py:109} INFO - [2022-05-07 13:47:14,708] {dag.py:2937} INFO - Setting next_dagrun for example_task_group_decorator to 2022-05-06T13:47:14.707610+00:00
[2022-05-07 13:47:14,765] {processor.py:171} INFO - Processing /home/airflow/.local/lib/python3.7/site-packages/airflow/example_dags/example_task_group_decorator.py took 1.695 seconds
[2022-05-07 13:49:15,956] {processor.py:163} INFO - Started process (PID=1648) to work on /home/airflow/.local/lib/python3.7/site-packages/airflow/example_dags/example_task_group_decorator.py
[2022-05-07 13:49:15,962] {processor.py:642} INFO - Processing file /home/airflow/.local/lib/python3.7/site-packages/airflow/example_dags/example_task_group_decorator.py for tasks to queue
[2022-05-07 13:49:15,968] {logging_mixin.py:109} INFO - [2022-05-07 13:49:15,968] {dagbag.py:500} INFO - Filling up the DagBag from /home/airflow/.local/lib/python3.7/site-packages/airflow/example_dags/example_task_group_decorator.py
[2022-05-07 13:49:16,488] {processor.py:652} INFO - DAG(s) dict_keys(['example_task_group_decorator']) retrieved from /home/airflow/.local/lib/python3.7/site-packages/airflow/example_dags/example_task_group_decorator.py
[2022-05-07 13:49:19,578] {logging_mixin.py:109} INFO - [2022-05-07 13:49:19,578] {dag.py:2398} INFO - Sync 1 DAGs
[2022-05-07 13:49:19,735] {logging_mixin.py:109} INFO - [2022-05-07 13:49:19,735] {dag.py:2937} INFO - Setting next_dagrun for example_task_group_decorator to 2022-05-06T13:49:19.734904+00:00
[2022-05-07 13:49:19,834] {processor.py:171} INFO - Processing /home/airflow/.local/lib/python3.7/site-packages/airflow/example_dags/example_task_group_decorator.py took 3.940 seconds
[2022-05-07 13:49:50,232] {processor.py:163} INFO - Started process (PID=1704) to work on /home/airflow/.local/lib/python3.7/site-packages/airflow/example_dags/example_task_group_decorator.py
[2022-05-07 13:49:50,235] {processor.py:642} INFO - Processing file /home/airflow/.local/lib/python3.7/site-packages/airflow/example_dags/example_task_group_decorator.py for tasks to queue
[2022-05-07 13:49:50,239] {logging_mixin.py:109} INFO - [2022-05-07 13:49:50,238] {dagbag.py:500} INFO - Filling up the DagBag from /home/airflow/.local/lib/python3.7/site-packages/airflow/example_dags/example_task_group_decorator.py
[2022-05-07 13:49:50,307] {processor.py:652} INFO - DAG(s) dict_keys(['example_task_group_decorator']) retrieved from /home/airflow/.local/lib/python3.7/site-packages/airflow/example_dags/example_task_group_decorator.py
[2022-05-07 13:49:51,210] {logging_mixin.py:109} INFO - [2022-05-07 13:49:51,209] {dag.py:2398} INFO - Sync 1 DAGs
[2022-05-07 13:49:51,231] {logging_mixin.py:109} INFO - [2022-05-07 13:49:51,230] {dag.py:2937} INFO - Setting next_dagrun for example_task_group_decorator to 2022-05-06T13:49:51.230354+00:00
[2022-05-07 13:49:51,257] {processor.py:171} INFO - Processing /home/airflow/.local/lib/python3.7/site-packages/airflow/example_dags/example_task_group_decorator.py took 1.031 seconds
[2022-05-07 13:50:21,383] {processor.py:163} INFO - Started process (PID=1758) to work on /home/airflow/.local/lib/python3.7/site-packages/airflow/example_dags/example_task_group_decorator.py
[2022-05-07 13:50:21,390] {processor.py:642} INFO - Processing file /home/airflow/.local/lib/python3.7/site-packages/airflow/example_dags/example_task_group_decorator.py for tasks to queue
[2022-05-07 13:50:21,395] {logging_mixin.py:109} INFO - [2022-05-07 13:50:21,394] {dagbag.py:500} INFO - Filling up the DagBag from /home/airflow/.local/lib/python3.7/site-packages/airflow/example_dags/example_task_group_decorator.py
[2022-05-07 13:50:21,449] {processor.py:652} INFO - DAG(s) dict_keys(['example_task_group_decorator']) retrieved from /home/airflow/.local/lib/python3.7/site-packages/airflow/example_dags/example_task_group_decorator.py
[2022-05-07 13:50:21,931] {logging_mixin.py:109} INFO - [2022-05-07 13:50:21,931] {dag.py:2398} INFO - Sync 1 DAGs
[2022-05-07 13:50:21,951] {logging_mixin.py:109} INFO - [2022-05-07 13:50:21,951] {dag.py:2937} INFO - Setting next_dagrun for example_task_group_decorator to 2022-05-06T13:50:21.951382+00:00
[2022-05-07 13:50:21,989] {processor.py:171} INFO - Processing /home/airflow/.local/lib/python3.7/site-packages/airflow/example_dags/example_task_group_decorator.py took 0.625 seconds
[2022-05-07 13:50:52,573] {processor.py:163} INFO - Started process (PID=1824) to work on /home/airflow/.local/lib/python3.7/site-packages/airflow/example_dags/example_task_group_decorator.py
[2022-05-07 13:50:52,578] {processor.py:642} INFO - Processing file /home/airflow/.local/lib/python3.7/site-packages/airflow/example_dags/example_task_group_decorator.py for tasks to queue
[2022-05-07 13:50:52,581] {logging_mixin.py:109} INFO - [2022-05-07 13:50:52,581] {dagbag.py:500} INFO - Filling up the DagBag from /home/airflow/.local/lib/python3.7/site-packages/airflow/example_dags/example_task_group_decorator.py
[2022-05-07 13:50:52,654] {processor.py:652} INFO - DAG(s) dict_keys(['example_task_group_decorator']) retrieved from /home/airflow/.local/lib/python3.7/site-packages/airflow/example_dags/example_task_group_decorator.py
[2022-05-07 13:50:53,188] {logging_mixin.py:109} INFO - [2022-05-07 13:50:53,187] {dag.py:2398} INFO - Sync 1 DAGs
[2022-05-07 13:50:53,207] {logging_mixin.py:109} INFO - [2022-05-07 13:50:53,207] {dag.py:2937} INFO - Setting next_dagrun for example_task_group_decorator to 2022-05-06T13:50:53.206781+00:00
[2022-05-07 13:50:53,232] {processor.py:171} INFO - Processing /home/airflow/.local/lib/python3.7/site-packages/airflow/example_dags/example_task_group_decorator.py took 0.665 seconds
[2022-05-07 13:51:23,342] {processor.py:163} INFO - Started process (PID=1878) to work on /home/airflow/.local/lib/python3.7/site-packages/airflow/example_dags/example_task_group_decorator.py
[2022-05-07 13:51:23,347] {processor.py:642} INFO - Processing file /home/airflow/.local/lib/python3.7/site-packages/airflow/example_dags/example_task_group_decorator.py for tasks to queue
[2022-05-07 13:51:23,358] {logging_mixin.py:109} INFO - [2022-05-07 13:51:23,358] {dagbag.py:500} INFO - Filling up the DagBag from /home/airflow/.local/lib/python3.7/site-packages/airflow/example_dags/example_task_group_decorator.py
[2022-05-07 13:51:23,468] {processor.py:652} INFO - DAG(s) dict_keys(['example_task_group_decorator']) retrieved from /home/airflow/.local/lib/python3.7/site-packages/airflow/example_dags/example_task_group_decorator.py
[2022-05-07 13:51:23,991] {logging_mixin.py:109} INFO - [2022-05-07 13:51:23,991] {dag.py:2398} INFO - Sync 1 DAGs
[2022-05-07 13:51:24,012] {logging_mixin.py:109} INFO - [2022-05-07 13:51:24,012] {dag.py:2937} INFO - Setting next_dagrun for example_task_group_decorator to 2022-05-06T13:51:24.012528+00:00
[2022-05-07 13:51:24,037] {processor.py:171} INFO - Processing /home/airflow/.local/lib/python3.7/site-packages/airflow/example_dags/example_task_group_decorator.py took 0.703 seconds
[2022-05-07 13:51:54,392] {processor.py:163} INFO - Started process (PID=1930) to work on /home/airflow/.local/lib/python3.7/site-packages/airflow/example_dags/example_task_group_decorator.py
[2022-05-07 13:51:54,400] {processor.py:642} INFO - Processing file /home/airflow/.local/lib/python3.7/site-packages/airflow/example_dags/example_task_group_decorator.py for tasks to queue
[2022-05-07 13:51:54,413] {logging_mixin.py:109} INFO - [2022-05-07 13:51:54,411] {dagbag.py:500} INFO - Filling up the DagBag from /home/airflow/.local/lib/python3.7/site-packages/airflow/example_dags/example_task_group_decorator.py
[2022-05-07 13:51:54,499] {processor.py:652} INFO - DAG(s) dict_keys(['example_task_group_decorator']) retrieved from /home/airflow/.local/lib/python3.7/site-packages/airflow/example_dags/example_task_group_decorator.py
[2022-05-07 13:51:55,047] {logging_mixin.py:109} INFO - [2022-05-07 13:51:55,047] {dag.py:2398} INFO - Sync 1 DAGs
[2022-05-07 13:51:55,086] {logging_mixin.py:109} INFO - [2022-05-07 13:51:55,085] {dag.py:2937} INFO - Setting next_dagrun for example_task_group_decorator to 2022-05-06T13:51:55.084975+00:00
[2022-05-07 13:51:55,138] {processor.py:171} INFO - Processing /home/airflow/.local/lib/python3.7/site-packages/airflow/example_dags/example_task_group_decorator.py took 0.774 seconds
[2022-05-07 13:52:25,936] {processor.py:163} INFO - Started process (PID=1987) to work on /home/airflow/.local/lib/python3.7/site-packages/airflow/example_dags/example_task_group_decorator.py
[2022-05-07 13:52:25,942] {processor.py:642} INFO - Processing file /home/airflow/.local/lib/python3.7/site-packages/airflow/example_dags/example_task_group_decorator.py for tasks to queue
[2022-05-07 13:52:25,946] {logging_mixin.py:109} INFO - [2022-05-07 13:52:25,946] {dagbag.py:500} INFO - Filling up the DagBag from /home/airflow/.local/lib/python3.7/site-packages/airflow/example_dags/example_task_group_decorator.py
[2022-05-07 13:52:26,046] {processor.py:652} INFO - DAG(s) dict_keys(['example_task_group_decorator']) retrieved from /home/airflow/.local/lib/python3.7/site-packages/airflow/example_dags/example_task_group_decorator.py
[2022-05-07 13:52:26,942] {logging_mixin.py:109} INFO - [2022-05-07 13:52:26,942] {dag.py:2398} INFO - Sync 1 DAGs
[2022-05-07 13:52:26,996] {logging_mixin.py:109} INFO - [2022-05-07 13:52:26,996] {dag.py:2937} INFO - Setting next_dagrun for example_task_group_decorator to 2022-05-06T13:52:26.995625+00:00
[2022-05-07 13:52:27,037] {processor.py:171} INFO - Processing /home/airflow/.local/lib/python3.7/site-packages/airflow/example_dags/example_task_group_decorator.py took 1.110 seconds
[2022-05-07 13:52:57,521] {processor.py:163} INFO - Started process (PID=2053) to work on /home/airflow/.local/lib/python3.7/site-packages/airflow/example_dags/example_task_group_decorator.py
[2022-05-07 13:52:57,524] {processor.py:642} INFO - Processing file /home/airflow/.local/lib/python3.7/site-packages/airflow/example_dags/example_task_group_decorator.py for tasks to queue
[2022-05-07 13:52:57,527] {logging_mixin.py:109} INFO - [2022-05-07 13:52:57,527] {dagbag.py:500} INFO - Filling up the DagBag from /home/airflow/.local/lib/python3.7/site-packages/airflow/example_dags/example_task_group_decorator.py
[2022-05-07 13:52:57,581] {processor.py:652} INFO - DAG(s) dict_keys(['example_task_group_decorator']) retrieved from /home/airflow/.local/lib/python3.7/site-packages/airflow/example_dags/example_task_group_decorator.py
[2022-05-07 13:52:58,040] {logging_mixin.py:109} INFO - [2022-05-07 13:52:58,039] {dag.py:2398} INFO - Sync 1 DAGs
[2022-05-07 13:52:58,063] {logging_mixin.py:109} INFO - [2022-05-07 13:52:58,063] {dag.py:2937} INFO - Setting next_dagrun for example_task_group_decorator to 2022-05-06T13:52:58.062706+00:00
[2022-05-07 13:52:58,087] {processor.py:171} INFO - Processing /home/airflow/.local/lib/python3.7/site-packages/airflow/example_dags/example_task_group_decorator.py took 0.571 seconds
[2022-05-07 13:53:28,180] {processor.py:163} INFO - Started process (PID=2108) to work on /home/airflow/.local/lib/python3.7/site-packages/airflow/example_dags/example_task_group_decorator.py
[2022-05-07 13:53:28,183] {processor.py:642} INFO - Processing file /home/airflow/.local/lib/python3.7/site-packages/airflow/example_dags/example_task_group_decorator.py for tasks to queue
[2022-05-07 13:53:28,185] {logging_mixin.py:109} INFO - [2022-05-07 13:53:28,185] {dagbag.py:500} INFO - Filling up the DagBag from /home/airflow/.local/lib/python3.7/site-packages/airflow/example_dags/example_task_group_decorator.py
[2022-05-07 13:53:28,230] {processor.py:652} INFO - DAG(s) dict_keys(['example_task_group_decorator']) retrieved from /home/airflow/.local/lib/python3.7/site-packages/airflow/example_dags/example_task_group_decorator.py
[2022-05-07 13:53:28,651] {logging_mixin.py:109} INFO - [2022-05-07 13:53:28,651] {dag.py:2398} INFO - Sync 1 DAGs
[2022-05-07 13:53:28,669] {logging_mixin.py:109} INFO - [2022-05-07 13:53:28,669] {dag.py:2937} INFO - Setting next_dagrun for example_task_group_decorator to 2022-05-06T13:53:28.668790+00:00
[2022-05-07 13:53:28,688] {processor.py:171} INFO - Processing /home/airflow/.local/lib/python3.7/site-packages/airflow/example_dags/example_task_group_decorator.py took 0.513 seconds
[2022-05-07 13:53:59,034] {processor.py:163} INFO - Started process (PID=2163) to work on /home/airflow/.local/lib/python3.7/site-packages/airflow/example_dags/example_task_group_decorator.py
[2022-05-07 13:53:59,041] {processor.py:642} INFO - Processing file /home/airflow/.local/lib/python3.7/site-packages/airflow/example_dags/example_task_group_decorator.py for tasks to queue
[2022-05-07 13:53:59,047] {logging_mixin.py:109} INFO - [2022-05-07 13:53:59,047] {dagbag.py:500} INFO - Filling up the DagBag from /home/airflow/.local/lib/python3.7/site-packages/airflow/example_dags/example_task_group_decorator.py
[2022-05-07 13:53:59,094] {processor.py:652} INFO - DAG(s) dict_keys(['example_task_group_decorator']) retrieved from /home/airflow/.local/lib/python3.7/site-packages/airflow/example_dags/example_task_group_decorator.py
[2022-05-07 13:53:59,558] {logging_mixin.py:109} INFO - [2022-05-07 13:53:59,558] {dag.py:2398} INFO - Sync 1 DAGs
[2022-05-07 13:53:59,577] {logging_mixin.py:109} INFO - [2022-05-07 13:53:59,577] {dag.py:2937} INFO - Setting next_dagrun for example_task_group_decorator to 2022-05-06T13:53:59.577299+00:00
[2022-05-07 13:53:59,595] {processor.py:171} INFO - Processing /home/airflow/.local/lib/python3.7/site-packages/airflow/example_dags/example_task_group_decorator.py took 0.573 seconds
[2022-05-07 13:54:29,786] {processor.py:163} INFO - Started process (PID=2225) to work on /home/airflow/.local/lib/python3.7/site-packages/airflow/example_dags/example_task_group_decorator.py
[2022-05-07 13:54:29,790] {processor.py:642} INFO - Processing file /home/airflow/.local/lib/python3.7/site-packages/airflow/example_dags/example_task_group_decorator.py for tasks to queue
[2022-05-07 13:54:29,792] {logging_mixin.py:109} INFO - [2022-05-07 13:54:29,792] {dagbag.py:500} INFO - Filling up the DagBag from /home/airflow/.local/lib/python3.7/site-packages/airflow/example_dags/example_task_group_decorator.py
[2022-05-07 13:54:29,841] {processor.py:652} INFO - DAG(s) dict_keys(['example_task_group_decorator']) retrieved from /home/airflow/.local/lib/python3.7/site-packages/airflow/example_dags/example_task_group_decorator.py
[2022-05-07 13:54:30,278] {logging_mixin.py:109} INFO - [2022-05-07 13:54:30,278] {dag.py:2398} INFO - Sync 1 DAGs
[2022-05-07 13:54:30,307] {logging_mixin.py:109} INFO - [2022-05-07 13:54:30,307] {dag.py:2937} INFO - Setting next_dagrun for example_task_group_decorator to 2022-05-06T13:54:30.307061+00:00
[2022-05-07 13:54:30,330] {processor.py:171} INFO - Processing /home/airflow/.local/lib/python3.7/site-packages/airflow/example_dags/example_task_group_decorator.py took 0.551 seconds
[2022-05-07 13:55:00,509] {processor.py:163} INFO - Started process (PID=2278) to work on /home/airflow/.local/lib/python3.7/site-packages/airflow/example_dags/example_task_group_decorator.py
[2022-05-07 13:55:00,513] {processor.py:642} INFO - Processing file /home/airflow/.local/lib/python3.7/site-packages/airflow/example_dags/example_task_group_decorator.py for tasks to queue
[2022-05-07 13:55:00,516] {logging_mixin.py:109} INFO - [2022-05-07 13:55:00,515] {dagbag.py:500} INFO - Filling up the DagBag from /home/airflow/.local/lib/python3.7/site-packages/airflow/example_dags/example_task_group_decorator.py
[2022-05-07 13:55:00,583] {processor.py:652} INFO - DAG(s) dict_keys(['example_task_group_decorator']) retrieved from /home/airflow/.local/lib/python3.7/site-packages/airflow/example_dags/example_task_group_decorator.py
[2022-05-07 13:55:01,055] {logging_mixin.py:109} INFO - [2022-05-07 13:55:01,055] {dag.py:2398} INFO - Sync 1 DAGs
[2022-05-07 13:55:01,074] {logging_mixin.py:109} INFO - [2022-05-07 13:55:01,074] {dag.py:2937} INFO - Setting next_dagrun for example_task_group_decorator to 2022-05-06T13:55:01.074197+00:00
[2022-05-07 13:55:01,096] {processor.py:171} INFO - Processing /home/airflow/.local/lib/python3.7/site-packages/airflow/example_dags/example_task_group_decorator.py took 0.594 seconds
[2022-05-07 13:55:31,743] {processor.py:163} INFO - Started process (PID=2331) to work on /home/airflow/.local/lib/python3.7/site-packages/airflow/example_dags/example_task_group_decorator.py
[2022-05-07 13:55:31,751] {processor.py:642} INFO - Processing file /home/airflow/.local/lib/python3.7/site-packages/airflow/example_dags/example_task_group_decorator.py for tasks to queue
[2022-05-07 13:55:31,753] {logging_mixin.py:109} INFO - [2022-05-07 13:55:31,753] {dagbag.py:500} INFO - Filling up the DagBag from /home/airflow/.local/lib/python3.7/site-packages/airflow/example_dags/example_task_group_decorator.py
[2022-05-07 13:55:31,846] {processor.py:652} INFO - DAG(s) dict_keys(['example_task_group_decorator']) retrieved from /home/airflow/.local/lib/python3.7/site-packages/airflow/example_dags/example_task_group_decorator.py
[2022-05-07 13:55:32,534] {logging_mixin.py:109} INFO - [2022-05-07 13:55:32,534] {dag.py:2398} INFO - Sync 1 DAGs
[2022-05-07 13:55:32,569] {logging_mixin.py:109} INFO - [2022-05-07 13:55:32,568] {dag.py:2937} INFO - Setting next_dagrun for example_task_group_decorator to 2022-05-06T13:55:32.568516+00:00
[2022-05-07 13:55:32,605] {processor.py:171} INFO - Processing /home/airflow/.local/lib/python3.7/site-packages/airflow/example_dags/example_task_group_decorator.py took 0.868 seconds
[2022-05-07 13:56:02,744] {processor.py:163} INFO - Started process (PID=2384) to work on /home/airflow/.local/lib/python3.7/site-packages/airflow/example_dags/example_task_group_decorator.py
[2022-05-07 13:56:02,747] {processor.py:642} INFO - Processing file /home/airflow/.local/lib/python3.7/site-packages/airflow/example_dags/example_task_group_decorator.py for tasks to queue
[2022-05-07 13:56:02,749] {logging_mixin.py:109} INFO - [2022-05-07 13:56:02,749] {dagbag.py:500} INFO - Filling up the DagBag from /home/airflow/.local/lib/python3.7/site-packages/airflow/example_dags/example_task_group_decorator.py
[2022-05-07 13:56:02,845] {processor.py:652} INFO - DAG(s) dict_keys(['example_task_group_decorator']) retrieved from /home/airflow/.local/lib/python3.7/site-packages/airflow/example_dags/example_task_group_decorator.py
[2022-05-07 13:56:03,945] {logging_mixin.py:109} INFO - [2022-05-07 13:56:03,945] {dag.py:2398} INFO - Sync 1 DAGs
[2022-05-07 13:56:03,982] {logging_mixin.py:109} INFO - [2022-05-07 13:56:03,982] {dag.py:2937} INFO - Setting next_dagrun for example_task_group_decorator to 2022-05-06T13:56:03.982290+00:00
[2022-05-07 13:56:04,027] {processor.py:171} INFO - Processing /home/airflow/.local/lib/python3.7/site-packages/airflow/example_dags/example_task_group_decorator.py took 1.288 seconds
[2022-05-07 13:56:34,993] {processor.py:163} INFO - Started process (PID=2445) to work on /home/airflow/.local/lib/python3.7/site-packages/airflow/example_dags/example_task_group_decorator.py
[2022-05-07 13:56:34,997] {processor.py:642} INFO - Processing file /home/airflow/.local/lib/python3.7/site-packages/airflow/example_dags/example_task_group_decorator.py for tasks to queue
[2022-05-07 13:56:34,999] {logging_mixin.py:109} INFO - [2022-05-07 13:56:34,999] {dagbag.py:500} INFO - Filling up the DagBag from /home/airflow/.local/lib/python3.7/site-packages/airflow/example_dags/example_task_group_decorator.py
[2022-05-07 13:56:35,073] {processor.py:652} INFO - DAG(s) dict_keys(['example_task_group_decorator']) retrieved from /home/airflow/.local/lib/python3.7/site-packages/airflow/example_dags/example_task_group_decorator.py
[2022-05-07 13:56:35,536] {logging_mixin.py:109} INFO - [2022-05-07 13:56:35,536] {dag.py:2398} INFO - Sync 1 DAGs
[2022-05-07 13:56:35,556] {logging_mixin.py:109} INFO - [2022-05-07 13:56:35,556] {dag.py:2937} INFO - Setting next_dagrun for example_task_group_decorator to 2022-05-06T13:56:35.556050+00:00
[2022-05-07 13:56:35,583] {processor.py:171} INFO - Processing /home/airflow/.local/lib/python3.7/site-packages/airflow/example_dags/example_task_group_decorator.py took 0.595 seconds
[2022-05-07 13:57:05,751] {processor.py:163} INFO - Started process (PID=2500) to work on /home/airflow/.local/lib/python3.7/site-packages/airflow/example_dags/example_task_group_decorator.py
[2022-05-07 13:57:05,759] {processor.py:642} INFO - Processing file /home/airflow/.local/lib/python3.7/site-packages/airflow/example_dags/example_task_group_decorator.py for tasks to queue
[2022-05-07 13:57:05,766] {logging_mixin.py:109} INFO - [2022-05-07 13:57:05,765] {dagbag.py:500} INFO - Filling up the DagBag from /home/airflow/.local/lib/python3.7/site-packages/airflow/example_dags/example_task_group_decorator.py
[2022-05-07 13:57:05,843] {processor.py:652} INFO - DAG(s) dict_keys(['example_task_group_decorator']) retrieved from /home/airflow/.local/lib/python3.7/site-packages/airflow/example_dags/example_task_group_decorator.py
[2022-05-07 13:57:06,907] {logging_mixin.py:109} INFO - [2022-05-07 13:57:06,907] {dag.py:2398} INFO - Sync 1 DAGs
[2022-05-07 13:57:06,962] {logging_mixin.py:109} INFO - [2022-05-07 13:57:06,962] {dag.py:2937} INFO - Setting next_dagrun for example_task_group_decorator to 2022-05-06T13:57:06.961948+00:00
[2022-05-07 13:57:07,022] {processor.py:171} INFO - Processing /home/airflow/.local/lib/python3.7/site-packages/airflow/example_dags/example_task_group_decorator.py took 1.282 seconds
[2022-05-07 13:57:38,054] {processor.py:163} INFO - Started process (PID=2552) to work on /home/airflow/.local/lib/python3.7/site-packages/airflow/example_dags/example_task_group_decorator.py
[2022-05-07 13:57:38,058] {processor.py:642} INFO - Processing file /home/airflow/.local/lib/python3.7/site-packages/airflow/example_dags/example_task_group_decorator.py for tasks to queue
[2022-05-07 13:57:38,061] {logging_mixin.py:109} INFO - [2022-05-07 13:57:38,060] {dagbag.py:500} INFO - Filling up the DagBag from /home/airflow/.local/lib/python3.7/site-packages/airflow/example_dags/example_task_group_decorator.py
[2022-05-07 13:57:38,126] {processor.py:652} INFO - DAG(s) dict_keys(['example_task_group_decorator']) retrieved from /home/airflow/.local/lib/python3.7/site-packages/airflow/example_dags/example_task_group_decorator.py
