[2022-05-07 13:33:56,201] {processor.py:163} INFO - Started process (PID=127) to work on /home/airflow/.local/lib/python3.7/site-packages/airflow/example_dags/example_task_group.py
[2022-05-07 13:33:56,205] {processor.py:642} INFO - Processing file /home/airflow/.local/lib/python3.7/site-packages/airflow/example_dags/example_task_group.py for tasks to queue
[2022-05-07 13:33:56,208] {logging_mixin.py:109} INFO - [2022-05-07 13:33:56,208] {dagbag.py:500} INFO - Filling up the DagBag from /home/airflow/.local/lib/python3.7/site-packages/airflow/example_dags/example_task_group.py
[2022-05-07 13:33:56,260] {processor.py:652} INFO - DAG(s) dict_keys(['example_task_group']) retrieved from /home/airflow/.local/lib/python3.7/site-packages/airflow/example_dags/example_task_group.py
[2022-05-07 13:33:59,198] {logging_mixin.py:109} INFO - [2022-05-07 13:33:59,197] {manager.py:496} INFO - Created Permission View: can edit on DAG:example_task_group
[2022-05-07 13:33:59,210] {logging_mixin.py:109} INFO - [2022-05-07 13:33:59,210] {manager.py:496} INFO - Created Permission View: can read on DAG:example_task_group
[2022-05-07 13:33:59,212] {logging_mixin.py:109} INFO - [2022-05-07 13:33:59,211] {dag.py:2398} INFO - Sync 1 DAGs
[2022-05-07 13:33:59,224] {logging_mixin.py:109} INFO - [2022-05-07 13:33:59,224] {dag.py:2417} INFO - Creating ORM DAG for example_task_group
[2022-05-07 13:33:59,237] {logging_mixin.py:109} INFO - [2022-05-07 13:33:59,237] {dag.py:2937} INFO - Setting next_dagrun for example_task_group to 2022-05-06T13:33:59.236678+00:00
[2022-05-07 13:33:59,265] {processor.py:171} INFO - Processing /home/airflow/.local/lib/python3.7/site-packages/airflow/example_dags/example_task_group.py took 3.106 seconds
[2022-05-07 13:34:38,866] {processor.py:163} INFO - Started process (PID=261) to work on /home/airflow/.local/lib/python3.7/site-packages/airflow/example_dags/example_task_group.py
[2022-05-07 13:34:38,870] {processor.py:642} INFO - Processing file /home/airflow/.local/lib/python3.7/site-packages/airflow/example_dags/example_task_group.py for tasks to queue
[2022-05-07 13:34:38,878] {logging_mixin.py:109} INFO - [2022-05-07 13:34:38,877] {dagbag.py:500} INFO - Filling up the DagBag from /home/airflow/.local/lib/python3.7/site-packages/airflow/example_dags/example_task_group.py
[2022-05-07 13:34:38,972] {processor.py:652} INFO - DAG(s) dict_keys(['example_task_group']) retrieved from /home/airflow/.local/lib/python3.7/site-packages/airflow/example_dags/example_task_group.py
[2022-05-07 13:34:39,022] {logging_mixin.py:109} INFO - [2022-05-07 13:34:39,022] {dag.py:2398} INFO - Sync 1 DAGs
[2022-05-07 13:34:39,063] {logging_mixin.py:109} INFO - [2022-05-07 13:34:39,062] {dag.py:2937} INFO - Setting next_dagrun for example_task_group to 2022-05-06T13:34:39.062411+00:00
[2022-05-07 13:34:39,092] {processor.py:171} INFO - Processing /home/airflow/.local/lib/python3.7/site-packages/airflow/example_dags/example_task_group.py took 0.236 seconds
[2022-05-07 13:35:09,320] {processor.py:163} INFO - Started process (PID=313) to work on /home/airflow/.local/lib/python3.7/site-packages/airflow/example_dags/example_task_group.py
[2022-05-07 13:35:09,325] {processor.py:642} INFO - Processing file /home/airflow/.local/lib/python3.7/site-packages/airflow/example_dags/example_task_group.py for tasks to queue
[2022-05-07 13:35:09,331] {logging_mixin.py:109} INFO - [2022-05-07 13:35:09,330] {dagbag.py:500} INFO - Filling up the DagBag from /home/airflow/.local/lib/python3.7/site-packages/airflow/example_dags/example_task_group.py
[2022-05-07 13:35:09,423] {processor.py:652} INFO - DAG(s) dict_keys(['example_task_group']) retrieved from /home/airflow/.local/lib/python3.7/site-packages/airflow/example_dags/example_task_group.py
[2022-05-07 13:35:09,467] {logging_mixin.py:109} INFO - [2022-05-07 13:35:09,467] {dag.py:2398} INFO - Sync 1 DAGs
[2022-05-07 13:35:09,497] {logging_mixin.py:109} INFO - [2022-05-07 13:35:09,496] {dag.py:2937} INFO - Setting next_dagrun for example_task_group to 2022-05-06T13:35:09.496467+00:00
[2022-05-07 13:35:09,514] {processor.py:171} INFO - Processing /home/airflow/.local/lib/python3.7/site-packages/airflow/example_dags/example_task_group.py took 0.203 seconds
[2022-05-07 13:35:39,811] {processor.py:163} INFO - Started process (PID=364) to work on /home/airflow/.local/lib/python3.7/site-packages/airflow/example_dags/example_task_group.py
[2022-05-07 13:35:39,815] {processor.py:642} INFO - Processing file /home/airflow/.local/lib/python3.7/site-packages/airflow/example_dags/example_task_group.py for tasks to queue
[2022-05-07 13:35:39,817] {logging_mixin.py:109} INFO - [2022-05-07 13:35:39,817] {dagbag.py:500} INFO - Filling up the DagBag from /home/airflow/.local/lib/python3.7/site-packages/airflow/example_dags/example_task_group.py
[2022-05-07 13:35:39,847] {processor.py:652} INFO - DAG(s) dict_keys(['example_task_group']) retrieved from /home/airflow/.local/lib/python3.7/site-packages/airflow/example_dags/example_task_group.py
[2022-05-07 13:35:39,903] {logging_mixin.py:109} INFO - [2022-05-07 13:35:39,902] {dag.py:2398} INFO - Sync 1 DAGs
[2022-05-07 13:35:39,946] {logging_mixin.py:109} INFO - [2022-05-07 13:35:39,946] {dag.py:2937} INFO - Setting next_dagrun for example_task_group to 2022-05-06T13:35:39.946171+00:00
[2022-05-07 13:35:39,978] {processor.py:171} INFO - Processing /home/airflow/.local/lib/python3.7/site-packages/airflow/example_dags/example_task_group.py took 0.171 seconds
[2022-05-07 13:36:11,318] {processor.py:163} INFO - Started process (PID=424) to work on /home/airflow/.local/lib/python3.7/site-packages/airflow/example_dags/example_task_group.py
[2022-05-07 13:36:11,321] {processor.py:642} INFO - Processing file /home/airflow/.local/lib/python3.7/site-packages/airflow/example_dags/example_task_group.py for tasks to queue
[2022-05-07 13:36:11,324] {logging_mixin.py:109} INFO - [2022-05-07 13:36:11,323] {dagbag.py:500} INFO - Filling up the DagBag from /home/airflow/.local/lib/python3.7/site-packages/airflow/example_dags/example_task_group.py
[2022-05-07 13:36:11,355] {processor.py:652} INFO - DAG(s) dict_keys(['example_task_group']) retrieved from /home/airflow/.local/lib/python3.7/site-packages/airflow/example_dags/example_task_group.py
[2022-05-07 13:36:11,416] {logging_mixin.py:109} INFO - [2022-05-07 13:36:11,415] {dag.py:2398} INFO - Sync 1 DAGs
[2022-05-07 13:36:11,448] {logging_mixin.py:109} INFO - [2022-05-07 13:36:11,448] {dag.py:2937} INFO - Setting next_dagrun for example_task_group to 2022-05-06T13:36:11.448151+00:00
[2022-05-07 13:36:11,482] {processor.py:171} INFO - Processing /home/airflow/.local/lib/python3.7/site-packages/airflow/example_dags/example_task_group.py took 0.169 seconds
[2022-05-07 13:36:48,662] {processor.py:163} INFO - Started process (PID=477) to work on /home/airflow/.local/lib/python3.7/site-packages/airflow/example_dags/example_task_group.py
[2022-05-07 13:36:48,668] {processor.py:642} INFO - Processing file /home/airflow/.local/lib/python3.7/site-packages/airflow/example_dags/example_task_group.py for tasks to queue
[2022-05-07 13:36:48,674] {logging_mixin.py:109} INFO - [2022-05-07 13:36:48,673] {dagbag.py:500} INFO - Filling up the DagBag from /home/airflow/.local/lib/python3.7/site-packages/airflow/example_dags/example_task_group.py
[2022-05-07 13:36:48,733] {processor.py:652} INFO - DAG(s) dict_keys(['example_task_group']) retrieved from /home/airflow/.local/lib/python3.7/site-packages/airflow/example_dags/example_task_group.py
[2022-05-07 13:36:48,790] {logging_mixin.py:109} INFO - [2022-05-07 13:36:48,790] {dag.py:2398} INFO - Sync 1 DAGs
[2022-05-07 13:36:48,829] {logging_mixin.py:109} INFO - [2022-05-07 13:36:48,828] {dag.py:2937} INFO - Setting next_dagrun for example_task_group to 2022-05-06T13:36:48.828072+00:00
[2022-05-07 13:36:48,848] {processor.py:171} INFO - Processing /home/airflow/.local/lib/python3.7/site-packages/airflow/example_dags/example_task_group.py took 0.215 seconds
[2022-05-07 13:37:19,862] {processor.py:163} INFO - Started process (PID=529) to work on /home/airflow/.local/lib/python3.7/site-packages/airflow/example_dags/example_task_group.py
[2022-05-07 13:37:19,867] {processor.py:642} INFO - Processing file /home/airflow/.local/lib/python3.7/site-packages/airflow/example_dags/example_task_group.py for tasks to queue
[2022-05-07 13:37:19,874] {logging_mixin.py:109} INFO - [2022-05-07 13:37:19,874] {dagbag.py:500} INFO - Filling up the DagBag from /home/airflow/.local/lib/python3.7/site-packages/airflow/example_dags/example_task_group.py
[2022-05-07 13:37:19,946] {processor.py:652} INFO - DAG(s) dict_keys(['example_task_group']) retrieved from /home/airflow/.local/lib/python3.7/site-packages/airflow/example_dags/example_task_group.py
[2022-05-07 13:37:20,047] {logging_mixin.py:109} INFO - [2022-05-07 13:37:20,046] {dag.py:2398} INFO - Sync 1 DAGs
[2022-05-07 13:37:20,143] {logging_mixin.py:109} INFO - [2022-05-07 13:37:20,143] {dag.py:2937} INFO - Setting next_dagrun for example_task_group to 2022-05-06T13:37:20.141745+00:00
[2022-05-07 13:37:20,275] {processor.py:171} INFO - Processing /home/airflow/.local/lib/python3.7/site-packages/airflow/example_dags/example_task_group.py took 0.423 seconds
[2022-05-07 13:37:50,635] {processor.py:163} INFO - Started process (PID=583) to work on /home/airflow/.local/lib/python3.7/site-packages/airflow/example_dags/example_task_group.py
[2022-05-07 13:37:50,639] {processor.py:642} INFO - Processing file /home/airflow/.local/lib/python3.7/site-packages/airflow/example_dags/example_task_group.py for tasks to queue
[2022-05-07 13:37:50,641] {logging_mixin.py:109} INFO - [2022-05-07 13:37:50,641] {dagbag.py:500} INFO - Filling up the DagBag from /home/airflow/.local/lib/python3.7/site-packages/airflow/example_dags/example_task_group.py
[2022-05-07 13:37:50,667] {processor.py:652} INFO - DAG(s) dict_keys(['example_task_group']) retrieved from /home/airflow/.local/lib/python3.7/site-packages/airflow/example_dags/example_task_group.py
[2022-05-07 13:37:50,707] {logging_mixin.py:109} INFO - [2022-05-07 13:37:50,706] {dag.py:2398} INFO - Sync 1 DAGs
[2022-05-07 13:37:50,732] {logging_mixin.py:109} INFO - [2022-05-07 13:37:50,732] {dag.py:2937} INFO - Setting next_dagrun for example_task_group to 2022-05-06T13:37:50.731318+00:00
[2022-05-07 13:37:50,754] {processor.py:171} INFO - Processing /home/airflow/.local/lib/python3.7/site-packages/airflow/example_dags/example_task_group.py took 0.123 seconds
[2022-05-07 13:38:21,819] {processor.py:163} INFO - Started process (PID=635) to work on /home/airflow/.local/lib/python3.7/site-packages/airflow/example_dags/example_task_group.py
[2022-05-07 13:38:21,829] {processor.py:642} INFO - Processing file /home/airflow/.local/lib/python3.7/site-packages/airflow/example_dags/example_task_group.py for tasks to queue
[2022-05-07 13:38:21,833] {logging_mixin.py:109} INFO - [2022-05-07 13:38:21,832] {dagbag.py:500} INFO - Filling up the DagBag from /home/airflow/.local/lib/python3.7/site-packages/airflow/example_dags/example_task_group.py
[2022-05-07 13:38:21,869] {processor.py:652} INFO - DAG(s) dict_keys(['example_task_group']) retrieved from /home/airflow/.local/lib/python3.7/site-packages/airflow/example_dags/example_task_group.py
[2022-05-07 13:38:21,923] {logging_mixin.py:109} INFO - [2022-05-07 13:38:21,923] {dag.py:2398} INFO - Sync 1 DAGs
[2022-05-07 13:38:21,958] {logging_mixin.py:109} INFO - [2022-05-07 13:38:21,958] {dag.py:2937} INFO - Setting next_dagrun for example_task_group to 2022-05-06T13:38:21.957956+00:00
[2022-05-07 13:38:21,987] {processor.py:171} INFO - Processing /home/airflow/.local/lib/python3.7/site-packages/airflow/example_dags/example_task_group.py took 0.174 seconds
[2022-05-07 13:38:53,276] {processor.py:163} INFO - Started process (PID=687) to work on /home/airflow/.local/lib/python3.7/site-packages/airflow/example_dags/example_task_group.py
[2022-05-07 13:38:53,281] {processor.py:642} INFO - Processing file /home/airflow/.local/lib/python3.7/site-packages/airflow/example_dags/example_task_group.py for tasks to queue
[2022-05-07 13:38:53,283] {logging_mixin.py:109} INFO - [2022-05-07 13:38:53,283] {dagbag.py:500} INFO - Filling up the DagBag from /home/airflow/.local/lib/python3.7/site-packages/airflow/example_dags/example_task_group.py
[2022-05-07 13:38:53,325] {processor.py:652} INFO - DAG(s) dict_keys(['example_task_group']) retrieved from /home/airflow/.local/lib/python3.7/site-packages/airflow/example_dags/example_task_group.py
[2022-05-07 13:38:53,387] {logging_mixin.py:109} INFO - [2022-05-07 13:38:53,387] {dag.py:2398} INFO - Sync 1 DAGs
[2022-05-07 13:38:53,443] {logging_mixin.py:109} INFO - [2022-05-07 13:38:53,443] {dag.py:2937} INFO - Setting next_dagrun for example_task_group to 2022-05-06T13:38:53.442394+00:00
[2022-05-07 13:38:53,488] {processor.py:171} INFO - Processing /home/airflow/.local/lib/python3.7/site-packages/airflow/example_dags/example_task_group.py took 0.219 seconds
[2022-05-07 13:39:23,990] {processor.py:163} INFO - Started process (PID=740) to work on /home/airflow/.local/lib/python3.7/site-packages/airflow/example_dags/example_task_group.py
[2022-05-07 13:39:23,993] {processor.py:642} INFO - Processing file /home/airflow/.local/lib/python3.7/site-packages/airflow/example_dags/example_task_group.py for tasks to queue
[2022-05-07 13:39:23,996] {logging_mixin.py:109} INFO - [2022-05-07 13:39:23,996] {dagbag.py:500} INFO - Filling up the DagBag from /home/airflow/.local/lib/python3.7/site-packages/airflow/example_dags/example_task_group.py
[2022-05-07 13:39:24,025] {processor.py:652} INFO - DAG(s) dict_keys(['example_task_group']) retrieved from /home/airflow/.local/lib/python3.7/site-packages/airflow/example_dags/example_task_group.py
[2022-05-07 13:39:24,080] {logging_mixin.py:109} INFO - [2022-05-07 13:39:24,080] {dag.py:2398} INFO - Sync 1 DAGs
[2022-05-07 13:39:24,137] {logging_mixin.py:109} INFO - [2022-05-07 13:39:24,137] {dag.py:2937} INFO - Setting next_dagrun for example_task_group to 2022-05-06T13:39:24.137150+00:00
[2022-05-07 13:39:24,168] {processor.py:171} INFO - Processing /home/airflow/.local/lib/python3.7/site-packages/airflow/example_dags/example_task_group.py took 0.183 seconds
[2022-05-07 13:39:54,711] {processor.py:163} INFO - Started process (PID=791) to work on /home/airflow/.local/lib/python3.7/site-packages/airflow/example_dags/example_task_group.py
[2022-05-07 13:39:54,722] {processor.py:642} INFO - Processing file /home/airflow/.local/lib/python3.7/site-packages/airflow/example_dags/example_task_group.py for tasks to queue
[2022-05-07 13:39:54,726] {logging_mixin.py:109} INFO - [2022-05-07 13:39:54,725] {dagbag.py:500} INFO - Filling up the DagBag from /home/airflow/.local/lib/python3.7/site-packages/airflow/example_dags/example_task_group.py
[2022-05-07 13:39:54,767] {processor.py:652} INFO - DAG(s) dict_keys(['example_task_group']) retrieved from /home/airflow/.local/lib/python3.7/site-packages/airflow/example_dags/example_task_group.py
[2022-05-07 13:39:54,843] {logging_mixin.py:109} INFO - [2022-05-07 13:39:54,843] {dag.py:2398} INFO - Sync 1 DAGs
[2022-05-07 13:39:54,920] {logging_mixin.py:109} INFO - [2022-05-07 13:39:54,920] {dag.py:2937} INFO - Setting next_dagrun for example_task_group to 2022-05-06T13:39:54.919898+00:00
[2022-05-07 13:39:54,961] {processor.py:171} INFO - Processing /home/airflow/.local/lib/python3.7/site-packages/airflow/example_dags/example_task_group.py took 0.264 seconds
[2022-05-07 13:40:25,412] {processor.py:163} INFO - Started process (PID=854) to work on /home/airflow/.local/lib/python3.7/site-packages/airflow/example_dags/example_task_group.py
[2022-05-07 13:40:25,415] {processor.py:642} INFO - Processing file /home/airflow/.local/lib/python3.7/site-packages/airflow/example_dags/example_task_group.py for tasks to queue
[2022-05-07 13:40:25,417] {logging_mixin.py:109} INFO - [2022-05-07 13:40:25,417] {dagbag.py:500} INFO - Filling up the DagBag from /home/airflow/.local/lib/python3.7/site-packages/airflow/example_dags/example_task_group.py
[2022-05-07 13:40:25,446] {processor.py:652} INFO - DAG(s) dict_keys(['example_task_group']) retrieved from /home/airflow/.local/lib/python3.7/site-packages/airflow/example_dags/example_task_group.py
[2022-05-07 13:40:25,486] {logging_mixin.py:109} INFO - [2022-05-07 13:40:25,485] {dag.py:2398} INFO - Sync 1 DAGs
[2022-05-07 13:40:25,533] {logging_mixin.py:109} INFO - [2022-05-07 13:40:25,533] {dag.py:2937} INFO - Setting next_dagrun for example_task_group to 2022-05-06T13:40:25.532796+00:00
[2022-05-07 13:40:25,554] {processor.py:171} INFO - Processing /home/airflow/.local/lib/python3.7/site-packages/airflow/example_dags/example_task_group.py took 0.150 seconds
[2022-05-07 13:40:55,962] {processor.py:163} INFO - Started process (PID=905) to work on /home/airflow/.local/lib/python3.7/site-packages/airflow/example_dags/example_task_group.py
[2022-05-07 13:40:55,967] {processor.py:642} INFO - Processing file /home/airflow/.local/lib/python3.7/site-packages/airflow/example_dags/example_task_group.py for tasks to queue
[2022-05-07 13:40:55,970] {logging_mixin.py:109} INFO - [2022-05-07 13:40:55,970] {dagbag.py:500} INFO - Filling up the DagBag from /home/airflow/.local/lib/python3.7/site-packages/airflow/example_dags/example_task_group.py
[2022-05-07 13:40:56,032] {processor.py:652} INFO - DAG(s) dict_keys(['example_task_group']) retrieved from /home/airflow/.local/lib/python3.7/site-packages/airflow/example_dags/example_task_group.py
[2022-05-07 13:40:56,104] {logging_mixin.py:109} INFO - [2022-05-07 13:40:56,104] {dag.py:2398} INFO - Sync 1 DAGs
[2022-05-07 13:40:56,135] {logging_mixin.py:109} INFO - [2022-05-07 13:40:56,134] {dag.py:2937} INFO - Setting next_dagrun for example_task_group to 2022-05-06T13:40:56.134294+00:00
[2022-05-07 13:40:56,153] {processor.py:171} INFO - Processing /home/airflow/.local/lib/python3.7/site-packages/airflow/example_dags/example_task_group.py took 0.197 seconds
[2022-05-07 13:41:26,207] {processor.py:163} INFO - Started process (PID=954) to work on /home/airflow/.local/lib/python3.7/site-packages/airflow/example_dags/example_task_group.py
[2022-05-07 13:41:26,210] {processor.py:642} INFO - Processing file /home/airflow/.local/lib/python3.7/site-packages/airflow/example_dags/example_task_group.py for tasks to queue
[2022-05-07 13:41:26,213] {logging_mixin.py:109} INFO - [2022-05-07 13:41:26,213] {dagbag.py:500} INFO - Filling up the DagBag from /home/airflow/.local/lib/python3.7/site-packages/airflow/example_dags/example_task_group.py
[2022-05-07 13:41:26,240] {processor.py:652} INFO - DAG(s) dict_keys(['example_task_group']) retrieved from /home/airflow/.local/lib/python3.7/site-packages/airflow/example_dags/example_task_group.py
[2022-05-07 13:41:26,280] {logging_mixin.py:109} INFO - [2022-05-07 13:41:26,280] {dag.py:2398} INFO - Sync 1 DAGs
[2022-05-07 13:41:26,305] {logging_mixin.py:109} INFO - [2022-05-07 13:41:26,305] {dag.py:2937} INFO - Setting next_dagrun for example_task_group to 2022-05-06T13:41:26.305257+00:00
[2022-05-07 13:41:26,319] {processor.py:171} INFO - Processing /home/airflow/.local/lib/python3.7/site-packages/airflow/example_dags/example_task_group.py took 0.122 seconds
[2022-05-07 13:41:56,408] {processor.py:163} INFO - Started process (PID=1004) to work on /home/airflow/.local/lib/python3.7/site-packages/airflow/example_dags/example_task_group.py
[2022-05-07 13:41:56,412] {processor.py:642} INFO - Processing file /home/airflow/.local/lib/python3.7/site-packages/airflow/example_dags/example_task_group.py for tasks to queue
[2022-05-07 13:41:56,414] {logging_mixin.py:109} INFO - [2022-05-07 13:41:56,414] {dagbag.py:500} INFO - Filling up the DagBag from /home/airflow/.local/lib/python3.7/site-packages/airflow/example_dags/example_task_group.py
[2022-05-07 13:41:56,443] {processor.py:652} INFO - DAG(s) dict_keys(['example_task_group']) retrieved from /home/airflow/.local/lib/python3.7/site-packages/airflow/example_dags/example_task_group.py
[2022-05-07 13:41:56,481] {logging_mixin.py:109} INFO - [2022-05-07 13:41:56,481] {dag.py:2398} INFO - Sync 1 DAGs
[2022-05-07 13:41:56,507] {logging_mixin.py:109} INFO - [2022-05-07 13:41:56,507] {dag.py:2937} INFO - Setting next_dagrun for example_task_group to 2022-05-06T13:41:56.507263+00:00
[2022-05-07 13:41:56,524] {processor.py:171} INFO - Processing /home/airflow/.local/lib/python3.7/site-packages/airflow/example_dags/example_task_group.py took 0.122 seconds
[2022-05-07 13:42:26,781] {processor.py:163} INFO - Started process (PID=1056) to work on /home/airflow/.local/lib/python3.7/site-packages/airflow/example_dags/example_task_group.py
[2022-05-07 13:42:26,792] {processor.py:642} INFO - Processing file /home/airflow/.local/lib/python3.7/site-packages/airflow/example_dags/example_task_group.py for tasks to queue
[2022-05-07 13:42:26,804] {logging_mixin.py:109} INFO - [2022-05-07 13:42:26,802] {dagbag.py:500} INFO - Filling up the DagBag from /home/airflow/.local/lib/python3.7/site-packages/airflow/example_dags/example_task_group.py
[2022-05-07 13:42:26,883] {processor.py:652} INFO - DAG(s) dict_keys(['example_task_group']) retrieved from /home/airflow/.local/lib/python3.7/site-packages/airflow/example_dags/example_task_group.py
[2022-05-07 13:42:26,982] {logging_mixin.py:109} INFO - [2022-05-07 13:42:26,981] {dag.py:2398} INFO - Sync 1 DAGs
[2022-05-07 13:42:27,053] {logging_mixin.py:109} INFO - [2022-05-07 13:42:27,052] {dag.py:2937} INFO - Setting next_dagrun for example_task_group to 2022-05-06T13:42:27.051388+00:00
[2022-05-07 13:42:27,105] {processor.py:171} INFO - Processing /home/airflow/.local/lib/python3.7/site-packages/airflow/example_dags/example_task_group.py took 0.343 seconds
[2022-05-07 13:42:57,589] {processor.py:163} INFO - Started process (PID=1109) to work on /home/airflow/.local/lib/python3.7/site-packages/airflow/example_dags/example_task_group.py
[2022-05-07 13:42:57,595] {processor.py:642} INFO - Processing file /home/airflow/.local/lib/python3.7/site-packages/airflow/example_dags/example_task_group.py for tasks to queue
[2022-05-07 13:42:57,597] {logging_mixin.py:109} INFO - [2022-05-07 13:42:57,597] {dagbag.py:500} INFO - Filling up the DagBag from /home/airflow/.local/lib/python3.7/site-packages/airflow/example_dags/example_task_group.py
[2022-05-07 13:42:57,623] {processor.py:652} INFO - DAG(s) dict_keys(['example_task_group']) retrieved from /home/airflow/.local/lib/python3.7/site-packages/airflow/example_dags/example_task_group.py
[2022-05-07 13:42:57,661] {logging_mixin.py:109} INFO - [2022-05-07 13:42:57,661] {dag.py:2398} INFO - Sync 1 DAGs
[2022-05-07 13:42:57,688] {logging_mixin.py:109} INFO - [2022-05-07 13:42:57,688] {dag.py:2937} INFO - Setting next_dagrun for example_task_group to 2022-05-06T13:42:57.687921+00:00
[2022-05-07 13:42:57,706] {processor.py:171} INFO - Processing /home/airflow/.local/lib/python3.7/site-packages/airflow/example_dags/example_task_group.py took 0.122 seconds
[2022-05-07 13:43:28,635] {processor.py:163} INFO - Started process (PID=1161) to work on /home/airflow/.local/lib/python3.7/site-packages/airflow/example_dags/example_task_group.py
[2022-05-07 13:43:28,645] {processor.py:642} INFO - Processing file /home/airflow/.local/lib/python3.7/site-packages/airflow/example_dags/example_task_group.py for tasks to queue
[2022-05-07 13:43:28,650] {logging_mixin.py:109} INFO - [2022-05-07 13:43:28,649] {dagbag.py:500} INFO - Filling up the DagBag from /home/airflow/.local/lib/python3.7/site-packages/airflow/example_dags/example_task_group.py
[2022-05-07 13:43:28,704] {processor.py:652} INFO - DAG(s) dict_keys(['example_task_group']) retrieved from /home/airflow/.local/lib/python3.7/site-packages/airflow/example_dags/example_task_group.py
[2022-05-07 13:43:28,786] {logging_mixin.py:109} INFO - [2022-05-07 13:43:28,786] {dag.py:2398} INFO - Sync 1 DAGs
[2022-05-07 13:43:28,834] {logging_mixin.py:109} INFO - [2022-05-07 13:43:28,834] {dag.py:2937} INFO - Setting next_dagrun for example_task_group to 2022-05-06T13:43:28.833934+00:00
[2022-05-07 13:43:28,867] {processor.py:171} INFO - Processing /home/airflow/.local/lib/python3.7/site-packages/airflow/example_dags/example_task_group.py took 0.241 seconds
[2022-05-07 13:43:59,379] {processor.py:163} INFO - Started process (PID=1214) to work on /home/airflow/.local/lib/python3.7/site-packages/airflow/example_dags/example_task_group.py
[2022-05-07 13:43:59,389] {processor.py:642} INFO - Processing file /home/airflow/.local/lib/python3.7/site-packages/airflow/example_dags/example_task_group.py for tasks to queue
[2022-05-07 13:43:59,393] {logging_mixin.py:109} INFO - [2022-05-07 13:43:59,393] {dagbag.py:500} INFO - Filling up the DagBag from /home/airflow/.local/lib/python3.7/site-packages/airflow/example_dags/example_task_group.py
[2022-05-07 13:43:59,436] {processor.py:652} INFO - DAG(s) dict_keys(['example_task_group']) retrieved from /home/airflow/.local/lib/python3.7/site-packages/airflow/example_dags/example_task_group.py
[2022-05-07 13:43:59,488] {logging_mixin.py:109} INFO - [2022-05-07 13:43:59,488] {dag.py:2398} INFO - Sync 1 DAGs
[2022-05-07 13:43:59,517] {logging_mixin.py:109} INFO - [2022-05-07 13:43:59,517] {dag.py:2937} INFO - Setting next_dagrun for example_task_group to 2022-05-06T13:43:59.517154+00:00
[2022-05-07 13:43:59,536] {processor.py:171} INFO - Processing /home/airflow/.local/lib/python3.7/site-packages/airflow/example_dags/example_task_group.py took 0.165 seconds
[2022-05-07 13:44:29,997] {processor.py:163} INFO - Started process (PID=1267) to work on /home/airflow/.local/lib/python3.7/site-packages/airflow/example_dags/example_task_group.py
[2022-05-07 13:44:30,010] {processor.py:642} INFO - Processing file /home/airflow/.local/lib/python3.7/site-packages/airflow/example_dags/example_task_group.py for tasks to queue
[2022-05-07 13:44:30,016] {logging_mixin.py:109} INFO - [2022-05-07 13:44:30,015] {dagbag.py:500} INFO - Filling up the DagBag from /home/airflow/.local/lib/python3.7/site-packages/airflow/example_dags/example_task_group.py
[2022-05-07 13:44:30,051] {processor.py:652} INFO - DAG(s) dict_keys(['example_task_group']) retrieved from /home/airflow/.local/lib/python3.7/site-packages/airflow/example_dags/example_task_group.py
[2022-05-07 13:44:30,098] {logging_mixin.py:109} INFO - [2022-05-07 13:44:30,098] {dag.py:2398} INFO - Sync 1 DAGs
[2022-05-07 13:44:30,139] {logging_mixin.py:109} INFO - [2022-05-07 13:44:30,139] {dag.py:2937} INFO - Setting next_dagrun for example_task_group to 2022-05-06T13:44:30.138943+00:00
[2022-05-07 13:44:30,164] {processor.py:171} INFO - Processing /home/airflow/.local/lib/python3.7/site-packages/airflow/example_dags/example_task_group.py took 0.179 seconds
[2022-05-07 13:45:00,209] {processor.py:163} INFO - Started process (PID=1319) to work on /home/airflow/.local/lib/python3.7/site-packages/airflow/example_dags/example_task_group.py
[2022-05-07 13:45:00,212] {processor.py:642} INFO - Processing file /home/airflow/.local/lib/python3.7/site-packages/airflow/example_dags/example_task_group.py for tasks to queue
[2022-05-07 13:45:00,214] {logging_mixin.py:109} INFO - [2022-05-07 13:45:00,214] {dagbag.py:500} INFO - Filling up the DagBag from /home/airflow/.local/lib/python3.7/site-packages/airflow/example_dags/example_task_group.py
[2022-05-07 13:45:00,242] {processor.py:652} INFO - DAG(s) dict_keys(['example_task_group']) retrieved from /home/airflow/.local/lib/python3.7/site-packages/airflow/example_dags/example_task_group.py
[2022-05-07 13:45:00,288] {logging_mixin.py:109} INFO - [2022-05-07 13:45:00,288] {dag.py:2398} INFO - Sync 1 DAGs
[2022-05-07 13:45:00,314] {logging_mixin.py:109} INFO - [2022-05-07 13:45:00,314] {dag.py:2937} INFO - Setting next_dagrun for example_task_group to 2022-05-06T13:45:00.314396+00:00
[2022-05-07 13:45:00,350] {processor.py:171} INFO - Processing /home/airflow/.local/lib/python3.7/site-packages/airflow/example_dags/example_task_group.py took 0.146 seconds
[2022-05-07 13:45:30,495] {processor.py:163} INFO - Started process (PID=1370) to work on /home/airflow/.local/lib/python3.7/site-packages/airflow/example_dags/example_task_group.py
[2022-05-07 13:45:30,500] {processor.py:642} INFO - Processing file /home/airflow/.local/lib/python3.7/site-packages/airflow/example_dags/example_task_group.py for tasks to queue
[2022-05-07 13:45:30,507] {logging_mixin.py:109} INFO - [2022-05-07 13:45:30,507] {dagbag.py:500} INFO - Filling up the DagBag from /home/airflow/.local/lib/python3.7/site-packages/airflow/example_dags/example_task_group.py
[2022-05-07 13:45:30,557] {processor.py:652} INFO - DAG(s) dict_keys(['example_task_group']) retrieved from /home/airflow/.local/lib/python3.7/site-packages/airflow/example_dags/example_task_group.py
[2022-05-07 13:45:30,607] {logging_mixin.py:109} INFO - [2022-05-07 13:45:30,607] {dag.py:2398} INFO - Sync 1 DAGs
[2022-05-07 13:45:30,645] {logging_mixin.py:109} INFO - [2022-05-07 13:45:30,645] {dag.py:2937} INFO - Setting next_dagrun for example_task_group to 2022-05-06T13:45:30.645172+00:00
[2022-05-07 13:45:30,674] {processor.py:171} INFO - Processing /home/airflow/.local/lib/python3.7/site-packages/airflow/example_dags/example_task_group.py took 0.184 seconds
[2022-05-07 13:46:01,071] {processor.py:163} INFO - Started process (PID=1433) to work on /home/airflow/.local/lib/python3.7/site-packages/airflow/example_dags/example_task_group.py
[2022-05-07 13:46:01,074] {processor.py:642} INFO - Processing file /home/airflow/.local/lib/python3.7/site-packages/airflow/example_dags/example_task_group.py for tasks to queue
[2022-05-07 13:46:01,076] {logging_mixin.py:109} INFO - [2022-05-07 13:46:01,076] {dagbag.py:500} INFO - Filling up the DagBag from /home/airflow/.local/lib/python3.7/site-packages/airflow/example_dags/example_task_group.py
[2022-05-07 13:46:01,134] {processor.py:652} INFO - DAG(s) dict_keys(['example_task_group']) retrieved from /home/airflow/.local/lib/python3.7/site-packages/airflow/example_dags/example_task_group.py
[2022-05-07 13:46:01,203] {logging_mixin.py:109} INFO - [2022-05-07 13:46:01,202] {dag.py:2398} INFO - Sync 1 DAGs
[2022-05-07 13:46:01,268] {logging_mixin.py:109} INFO - [2022-05-07 13:46:01,267] {dag.py:2937} INFO - Setting next_dagrun for example_task_group to 2022-05-06T13:46:01.267347+00:00
[2022-05-07 13:46:01,286] {processor.py:171} INFO - Processing /home/airflow/.local/lib/python3.7/site-packages/airflow/example_dags/example_task_group.py took 0.221 seconds
[2022-05-07 13:46:31,578] {processor.py:163} INFO - Started process (PID=1486) to work on /home/airflow/.local/lib/python3.7/site-packages/airflow/example_dags/example_task_group.py
[2022-05-07 13:46:31,580] {processor.py:642} INFO - Processing file /home/airflow/.local/lib/python3.7/site-packages/airflow/example_dags/example_task_group.py for tasks to queue
[2022-05-07 13:46:31,582] {logging_mixin.py:109} INFO - [2022-05-07 13:46:31,582] {dagbag.py:500} INFO - Filling up the DagBag from /home/airflow/.local/lib/python3.7/site-packages/airflow/example_dags/example_task_group.py
[2022-05-07 13:46:31,607] {processor.py:652} INFO - DAG(s) dict_keys(['example_task_group']) retrieved from /home/airflow/.local/lib/python3.7/site-packages/airflow/example_dags/example_task_group.py
[2022-05-07 13:46:31,642] {logging_mixin.py:109} INFO - [2022-05-07 13:46:31,642] {dag.py:2398} INFO - Sync 1 DAGs
[2022-05-07 13:46:31,668] {logging_mixin.py:109} INFO - [2022-05-07 13:46:31,668] {dag.py:2937} INFO - Setting next_dagrun for example_task_group to 2022-05-06T13:46:31.667996+00:00
[2022-05-07 13:46:31,684] {processor.py:171} INFO - Processing /home/airflow/.local/lib/python3.7/site-packages/airflow/example_dags/example_task_group.py took 0.110 seconds
[2022-05-07 13:47:02,123] {processor.py:163} INFO - Started process (PID=1539) to work on /home/airflow/.local/lib/python3.7/site-packages/airflow/example_dags/example_task_group.py
[2022-05-07 13:47:02,126] {processor.py:642} INFO - Processing file /home/airflow/.local/lib/python3.7/site-packages/airflow/example_dags/example_task_group.py for tasks to queue
[2022-05-07 13:47:02,128] {logging_mixin.py:109} INFO - [2022-05-07 13:47:02,128] {dagbag.py:500} INFO - Filling up the DagBag from /home/airflow/.local/lib/python3.7/site-packages/airflow/example_dags/example_task_group.py
[2022-05-07 13:47:02,154] {processor.py:652} INFO - DAG(s) dict_keys(['example_task_group']) retrieved from /home/airflow/.local/lib/python3.7/site-packages/airflow/example_dags/example_task_group.py
[2022-05-07 13:47:02,192] {logging_mixin.py:109} INFO - [2022-05-07 13:47:02,192] {dag.py:2398} INFO - Sync 1 DAGs
[2022-05-07 13:47:02,224] {logging_mixin.py:109} INFO - [2022-05-07 13:47:02,224] {dag.py:2937} INFO - Setting next_dagrun for example_task_group to 2022-05-06T13:47:02.223668+00:00
[2022-05-07 13:47:02,241] {processor.py:171} INFO - Processing /home/airflow/.local/lib/python3.7/site-packages/airflow/example_dags/example_task_group.py took 0.124 seconds
[2022-05-07 13:47:41,079] {processor.py:163} INFO - Started process (PID=1590) to work on /home/airflow/.local/lib/python3.7/site-packages/airflow/example_dags/example_task_group.py
[2022-05-07 13:47:41,145] {processor.py:642} INFO - Processing file /home/airflow/.local/lib/python3.7/site-packages/airflow/example_dags/example_task_group.py for tasks to queue
[2022-05-07 13:47:41,184] {logging_mixin.py:109} INFO - [2022-05-07 13:47:41,173] {dagbag.py:500} INFO - Filling up the DagBag from /home/airflow/.local/lib/python3.7/site-packages/airflow/example_dags/example_task_group.py
[2022-05-07 13:47:42,326] {processor.py:652} INFO - DAG(s) dict_keys(['example_task_group']) retrieved from /home/airflow/.local/lib/python3.7/site-packages/airflow/example_dags/example_task_group.py
[2022-05-07 13:47:45,513] {logging_mixin.py:109} INFO - [2022-05-07 13:47:45,480] {dag.py:2398} INFO - Sync 1 DAGs
[2022-05-07 13:47:51,764] {logging_mixin.py:109} INFO - [2022-05-07 13:47:51,667] {dag.py:2937} INFO - Setting next_dagrun for example_task_group to 2022-05-06T13:47:51.529694+00:00
[2022-05-07 13:47:58,276] {processor.py:171} INFO - Processing /home/airflow/.local/lib/python3.7/site-packages/airflow/example_dags/example_task_group.py took 17.402 seconds
[2022-05-07 13:49:22,620] {processor.py:163} INFO - Started process (PID=1660) to work on /home/airflow/.local/lib/python3.7/site-packages/airflow/example_dags/example_task_group.py
[2022-05-07 13:49:22,657] {processor.py:642} INFO - Processing file /home/airflow/.local/lib/python3.7/site-packages/airflow/example_dags/example_task_group.py for tasks to queue
[2022-05-07 13:49:22,663] {logging_mixin.py:109} INFO - [2022-05-07 13:49:22,663] {dagbag.py:500} INFO - Filling up the DagBag from /home/airflow/.local/lib/python3.7/site-packages/airflow/example_dags/example_task_group.py
[2022-05-07 13:49:23,068] {processor.py:652} INFO - DAG(s) dict_keys(['example_task_group']) retrieved from /home/airflow/.local/lib/python3.7/site-packages/airflow/example_dags/example_task_group.py
[2022-05-07 13:49:23,273] {logging_mixin.py:109} INFO - [2022-05-07 13:49:23,273] {dag.py:2398} INFO - Sync 1 DAGs
[2022-05-07 13:49:23,375] {logging_mixin.py:109} INFO - [2022-05-07 13:49:23,375] {dag.py:2937} INFO - Setting next_dagrun for example_task_group to 2022-05-06T13:49:23.375196+00:00
[2022-05-07 13:49:23,456] {processor.py:171} INFO - Processing /home/airflow/.local/lib/python3.7/site-packages/airflow/example_dags/example_task_group.py took 0.872 seconds
[2022-05-07 13:49:53,639] {processor.py:163} INFO - Started process (PID=1708) to work on /home/airflow/.local/lib/python3.7/site-packages/airflow/example_dags/example_task_group.py
[2022-05-07 13:49:53,643] {processor.py:642} INFO - Processing file /home/airflow/.local/lib/python3.7/site-packages/airflow/example_dags/example_task_group.py for tasks to queue
[2022-05-07 13:49:53,645] {logging_mixin.py:109} INFO - [2022-05-07 13:49:53,645] {dagbag.py:500} INFO - Filling up the DagBag from /home/airflow/.local/lib/python3.7/site-packages/airflow/example_dags/example_task_group.py
[2022-05-07 13:49:53,675] {processor.py:652} INFO - DAG(s) dict_keys(['example_task_group']) retrieved from /home/airflow/.local/lib/python3.7/site-packages/airflow/example_dags/example_task_group.py
[2022-05-07 13:49:53,722] {logging_mixin.py:109} INFO - [2022-05-07 13:49:53,721] {dag.py:2398} INFO - Sync 1 DAGs
[2022-05-07 13:49:53,769] {logging_mixin.py:109} INFO - [2022-05-07 13:49:53,768] {dag.py:2937} INFO - Setting next_dagrun for example_task_group to 2022-05-06T13:49:53.768078+00:00
[2022-05-07 13:49:53,800] {processor.py:171} INFO - Processing /home/airflow/.local/lib/python3.7/site-packages/airflow/example_dags/example_task_group.py took 0.166 seconds
[2022-05-07 13:50:24,065] {processor.py:163} INFO - Started process (PID=1771) to work on /home/airflow/.local/lib/python3.7/site-packages/airflow/example_dags/example_task_group.py
[2022-05-07 13:50:24,069] {processor.py:642} INFO - Processing file /home/airflow/.local/lib/python3.7/site-packages/airflow/example_dags/example_task_group.py for tasks to queue
[2022-05-07 13:50:24,071] {logging_mixin.py:109} INFO - [2022-05-07 13:50:24,071] {dagbag.py:500} INFO - Filling up the DagBag from /home/airflow/.local/lib/python3.7/site-packages/airflow/example_dags/example_task_group.py
[2022-05-07 13:50:24,100] {processor.py:652} INFO - DAG(s) dict_keys(['example_task_group']) retrieved from /home/airflow/.local/lib/python3.7/site-packages/airflow/example_dags/example_task_group.py
[2022-05-07 13:50:24,145] {logging_mixin.py:109} INFO - [2022-05-07 13:50:24,145] {dag.py:2398} INFO - Sync 1 DAGs
[2022-05-07 13:50:24,169] {logging_mixin.py:109} INFO - [2022-05-07 13:50:24,169] {dag.py:2937} INFO - Setting next_dagrun for example_task_group to 2022-05-06T13:50:24.169410+00:00
[2022-05-07 13:50:24,190] {processor.py:171} INFO - Processing /home/airflow/.local/lib/python3.7/site-packages/airflow/example_dags/example_task_group.py took 0.131 seconds
[2022-05-07 13:50:54,301] {processor.py:163} INFO - Started process (PID=1827) to work on /home/airflow/.local/lib/python3.7/site-packages/airflow/example_dags/example_task_group.py
[2022-05-07 13:50:54,305] {processor.py:642} INFO - Processing file /home/airflow/.local/lib/python3.7/site-packages/airflow/example_dags/example_task_group.py for tasks to queue
[2022-05-07 13:50:54,307] {logging_mixin.py:109} INFO - [2022-05-07 13:50:54,307] {dagbag.py:500} INFO - Filling up the DagBag from /home/airflow/.local/lib/python3.7/site-packages/airflow/example_dags/example_task_group.py
[2022-05-07 13:50:54,334] {processor.py:652} INFO - DAG(s) dict_keys(['example_task_group']) retrieved from /home/airflow/.local/lib/python3.7/site-packages/airflow/example_dags/example_task_group.py
[2022-05-07 13:50:54,372] {logging_mixin.py:109} INFO - [2022-05-07 13:50:54,371] {dag.py:2398} INFO - Sync 1 DAGs
[2022-05-07 13:50:54,398] {logging_mixin.py:109} INFO - [2022-05-07 13:50:54,398] {dag.py:2937} INFO - Setting next_dagrun for example_task_group to 2022-05-06T13:50:54.397449+00:00
[2022-05-07 13:50:54,421] {processor.py:171} INFO - Processing /home/airflow/.local/lib/python3.7/site-packages/airflow/example_dags/example_task_group.py took 0.124 seconds
[2022-05-07 13:51:25,102] {processor.py:163} INFO - Started process (PID=1880) to work on /home/airflow/.local/lib/python3.7/site-packages/airflow/example_dags/example_task_group.py
[2022-05-07 13:51:25,106] {processor.py:642} INFO - Processing file /home/airflow/.local/lib/python3.7/site-packages/airflow/example_dags/example_task_group.py for tasks to queue
[2022-05-07 13:51:25,108] {logging_mixin.py:109} INFO - [2022-05-07 13:51:25,108] {dagbag.py:500} INFO - Filling up the DagBag from /home/airflow/.local/lib/python3.7/site-packages/airflow/example_dags/example_task_group.py
[2022-05-07 13:51:25,135] {processor.py:652} INFO - DAG(s) dict_keys(['example_task_group']) retrieved from /home/airflow/.local/lib/python3.7/site-packages/airflow/example_dags/example_task_group.py
[2022-05-07 13:51:25,171] {logging_mixin.py:109} INFO - [2022-05-07 13:51:25,171] {dag.py:2398} INFO - Sync 1 DAGs
[2022-05-07 13:51:25,197] {logging_mixin.py:109} INFO - [2022-05-07 13:51:25,197] {dag.py:2937} INFO - Setting next_dagrun for example_task_group to 2022-05-06T13:51:25.196686+00:00
[2022-05-07 13:51:25,215] {processor.py:171} INFO - Processing /home/airflow/.local/lib/python3.7/site-packages/airflow/example_dags/example_task_group.py took 0.118 seconds
[2022-05-07 13:51:55,362] {processor.py:163} INFO - Started process (PID=1932) to work on /home/airflow/.local/lib/python3.7/site-packages/airflow/example_dags/example_task_group.py
[2022-05-07 13:51:55,380] {processor.py:642} INFO - Processing file /home/airflow/.local/lib/python3.7/site-packages/airflow/example_dags/example_task_group.py for tasks to queue
[2022-05-07 13:51:55,401] {logging_mixin.py:109} INFO - [2022-05-07 13:51:55,400] {dagbag.py:500} INFO - Filling up the DagBag from /home/airflow/.local/lib/python3.7/site-packages/airflow/example_dags/example_task_group.py
[2022-05-07 13:51:55,510] {processor.py:652} INFO - DAG(s) dict_keys(['example_task_group']) retrieved from /home/airflow/.local/lib/python3.7/site-packages/airflow/example_dags/example_task_group.py
[2022-05-07 13:51:55,622] {logging_mixin.py:109} INFO - [2022-05-07 13:51:55,622] {dag.py:2398} INFO - Sync 1 DAGs
[2022-05-07 13:51:55,704] {logging_mixin.py:109} INFO - [2022-05-07 13:51:55,704] {dag.py:2937} INFO - Setting next_dagrun for example_task_group to 2022-05-06T13:51:55.702451+00:00
[2022-05-07 13:51:55,759] {processor.py:171} INFO - Processing /home/airflow/.local/lib/python3.7/site-packages/airflow/example_dags/example_task_group.py took 0.418 seconds
[2022-05-07 13:52:26,166] {processor.py:163} INFO - Started process (PID=1988) to work on /home/airflow/.local/lib/python3.7/site-packages/airflow/example_dags/example_task_group.py
[2022-05-07 13:52:26,171] {processor.py:642} INFO - Processing file /home/airflow/.local/lib/python3.7/site-packages/airflow/example_dags/example_task_group.py for tasks to queue
[2022-05-07 13:52:26,175] {logging_mixin.py:109} INFO - [2022-05-07 13:52:26,175] {dagbag.py:500} INFO - Filling up the DagBag from /home/airflow/.local/lib/python3.7/site-packages/airflow/example_dags/example_task_group.py
[2022-05-07 13:52:26,247] {processor.py:652} INFO - DAG(s) dict_keys(['example_task_group']) retrieved from /home/airflow/.local/lib/python3.7/site-packages/airflow/example_dags/example_task_group.py
[2022-05-07 13:52:26,380] {logging_mixin.py:109} INFO - [2022-05-07 13:52:26,380] {dag.py:2398} INFO - Sync 1 DAGs
[2022-05-07 13:52:26,438] {logging_mixin.py:109} INFO - [2022-05-07 13:52:26,438] {dag.py:2937} INFO - Setting next_dagrun for example_task_group to 2022-05-06T13:52:26.437487+00:00
[2022-05-07 13:52:26,489] {processor.py:171} INFO - Processing /home/airflow/.local/lib/python3.7/site-packages/airflow/example_dags/example_task_group.py took 0.338 seconds
[2022-05-07 13:52:56,548] {processor.py:163} INFO - Started process (PID=2052) to work on /home/airflow/.local/lib/python3.7/site-packages/airflow/example_dags/example_task_group.py
[2022-05-07 13:52:56,552] {processor.py:642} INFO - Processing file /home/airflow/.local/lib/python3.7/site-packages/airflow/example_dags/example_task_group.py for tasks to queue
[2022-05-07 13:52:56,554] {logging_mixin.py:109} INFO - [2022-05-07 13:52:56,554] {dagbag.py:500} INFO - Filling up the DagBag from /home/airflow/.local/lib/python3.7/site-packages/airflow/example_dags/example_task_group.py
[2022-05-07 13:52:56,584] {processor.py:652} INFO - DAG(s) dict_keys(['example_task_group']) retrieved from /home/airflow/.local/lib/python3.7/site-packages/airflow/example_dags/example_task_group.py
[2022-05-07 13:52:56,625] {logging_mixin.py:109} INFO - [2022-05-07 13:52:56,625] {dag.py:2398} INFO - Sync 1 DAGs
[2022-05-07 13:52:56,651] {logging_mixin.py:109} INFO - [2022-05-07 13:52:56,651] {dag.py:2937} INFO - Setting next_dagrun for example_task_group to 2022-05-06T13:52:56.651247+00:00
[2022-05-07 13:52:56,674] {processor.py:171} INFO - Processing /home/airflow/.local/lib/python3.7/site-packages/airflow/example_dags/example_task_group.py took 0.132 seconds
[2022-05-07 13:53:27,032] {processor.py:163} INFO - Started process (PID=2107) to work on /home/airflow/.local/lib/python3.7/site-packages/airflow/example_dags/example_task_group.py
[2022-05-07 13:53:27,036] {processor.py:642} INFO - Processing file /home/airflow/.local/lib/python3.7/site-packages/airflow/example_dags/example_task_group.py for tasks to queue
[2022-05-07 13:53:27,039] {logging_mixin.py:109} INFO - [2022-05-07 13:53:27,039] {dagbag.py:500} INFO - Filling up the DagBag from /home/airflow/.local/lib/python3.7/site-packages/airflow/example_dags/example_task_group.py
[2022-05-07 13:53:27,078] {processor.py:652} INFO - DAG(s) dict_keys(['example_task_group']) retrieved from /home/airflow/.local/lib/python3.7/site-packages/airflow/example_dags/example_task_group.py
[2022-05-07 13:53:27,133] {logging_mixin.py:109} INFO - [2022-05-07 13:53:27,133] {dag.py:2398} INFO - Sync 1 DAGs
[2022-05-07 13:53:27,157] {logging_mixin.py:109} INFO - [2022-05-07 13:53:27,157] {dag.py:2937} INFO - Setting next_dagrun for example_task_group to 2022-05-06T13:53:27.156723+00:00
[2022-05-07 13:53:27,174] {processor.py:171} INFO - Processing /home/airflow/.local/lib/python3.7/site-packages/airflow/example_dags/example_task_group.py took 0.147 seconds
[2022-05-07 13:53:57,790] {processor.py:163} INFO - Started process (PID=2162) to work on /home/airflow/.local/lib/python3.7/site-packages/airflow/example_dags/example_task_group.py
[2022-05-07 13:53:57,795] {processor.py:642} INFO - Processing file /home/airflow/.local/lib/python3.7/site-packages/airflow/example_dags/example_task_group.py for tasks to queue
[2022-05-07 13:53:57,798] {logging_mixin.py:109} INFO - [2022-05-07 13:53:57,798] {dagbag.py:500} INFO - Filling up the DagBag from /home/airflow/.local/lib/python3.7/site-packages/airflow/example_dags/example_task_group.py
[2022-05-07 13:53:57,843] {processor.py:652} INFO - DAG(s) dict_keys(['example_task_group']) retrieved from /home/airflow/.local/lib/python3.7/site-packages/airflow/example_dags/example_task_group.py
[2022-05-07 13:53:57,903] {logging_mixin.py:109} INFO - [2022-05-07 13:53:57,903] {dag.py:2398} INFO - Sync 1 DAGs
[2022-05-07 13:53:57,946] {logging_mixin.py:109} INFO - [2022-05-07 13:53:57,945] {dag.py:2937} INFO - Setting next_dagrun for example_task_group to 2022-05-06T13:53:57.945124+00:00
[2022-05-07 13:53:57,974] {processor.py:171} INFO - Processing /home/airflow/.local/lib/python3.7/site-packages/airflow/example_dags/example_task_group.py took 0.192 seconds
[2022-05-07 13:54:28,901] {processor.py:163} INFO - Started process (PID=2223) to work on /home/airflow/.local/lib/python3.7/site-packages/airflow/example_dags/example_task_group.py
[2022-05-07 13:54:28,905] {processor.py:642} INFO - Processing file /home/airflow/.local/lib/python3.7/site-packages/airflow/example_dags/example_task_group.py for tasks to queue
[2022-05-07 13:54:28,908] {logging_mixin.py:109} INFO - [2022-05-07 13:54:28,908] {dagbag.py:500} INFO - Filling up the DagBag from /home/airflow/.local/lib/python3.7/site-packages/airflow/example_dags/example_task_group.py
[2022-05-07 13:54:28,943] {processor.py:652} INFO - DAG(s) dict_keys(['example_task_group']) retrieved from /home/airflow/.local/lib/python3.7/site-packages/airflow/example_dags/example_task_group.py
[2022-05-07 13:54:29,005] {logging_mixin.py:109} INFO - [2022-05-07 13:54:29,004] {dag.py:2398} INFO - Sync 1 DAGs
[2022-05-07 13:54:29,036] {logging_mixin.py:109} INFO - [2022-05-07 13:54:29,036] {dag.py:2937} INFO - Setting next_dagrun for example_task_group to 2022-05-06T13:54:29.035624+00:00
[2022-05-07 13:54:29,060] {processor.py:171} INFO - Processing /home/airflow/.local/lib/python3.7/site-packages/airflow/example_dags/example_task_group.py took 0.166 seconds
[2022-05-07 13:54:59,117] {processor.py:163} INFO - Started process (PID=2275) to work on /home/airflow/.local/lib/python3.7/site-packages/airflow/example_dags/example_task_group.py
[2022-05-07 13:54:59,121] {processor.py:642} INFO - Processing file /home/airflow/.local/lib/python3.7/site-packages/airflow/example_dags/example_task_group.py for tasks to queue
[2022-05-07 13:54:59,124] {logging_mixin.py:109} INFO - [2022-05-07 13:54:59,123] {dagbag.py:500} INFO - Filling up the DagBag from /home/airflow/.local/lib/python3.7/site-packages/airflow/example_dags/example_task_group.py
[2022-05-07 13:54:59,158] {processor.py:652} INFO - DAG(s) dict_keys(['example_task_group']) retrieved from /home/airflow/.local/lib/python3.7/site-packages/airflow/example_dags/example_task_group.py
[2022-05-07 13:54:59,204] {logging_mixin.py:109} INFO - [2022-05-07 13:54:59,204] {dag.py:2398} INFO - Sync 1 DAGs
[2022-05-07 13:54:59,245] {logging_mixin.py:109} INFO - [2022-05-07 13:54:59,245] {dag.py:2937} INFO - Setting next_dagrun for example_task_group to 2022-05-06T13:54:59.244562+00:00
[2022-05-07 13:54:59,267] {processor.py:171} INFO - Processing /home/airflow/.local/lib/python3.7/site-packages/airflow/example_dags/example_task_group.py took 0.159 seconds
[2022-05-07 13:55:29,565] {processor.py:163} INFO - Started process (PID=2328) to work on /home/airflow/.local/lib/python3.7/site-packages/airflow/example_dags/example_task_group.py
[2022-05-07 13:55:29,569] {processor.py:642} INFO - Processing file /home/airflow/.local/lib/python3.7/site-packages/airflow/example_dags/example_task_group.py for tasks to queue
[2022-05-07 13:55:29,572] {logging_mixin.py:109} INFO - [2022-05-07 13:55:29,571] {dagbag.py:500} INFO - Filling up the DagBag from /home/airflow/.local/lib/python3.7/site-packages/airflow/example_dags/example_task_group.py
[2022-05-07 13:55:29,603] {processor.py:652} INFO - DAG(s) dict_keys(['example_task_group']) retrieved from /home/airflow/.local/lib/python3.7/site-packages/airflow/example_dags/example_task_group.py
[2022-05-07 13:55:29,642] {logging_mixin.py:109} INFO - [2022-05-07 13:55:29,641] {dag.py:2398} INFO - Sync 1 DAGs
[2022-05-07 13:55:29,666] {logging_mixin.py:109} INFO - [2022-05-07 13:55:29,666] {dag.py:2937} INFO - Setting next_dagrun for example_task_group to 2022-05-06T13:55:29.665955+00:00
[2022-05-07 13:55:29,683] {processor.py:171} INFO - Processing /home/airflow/.local/lib/python3.7/site-packages/airflow/example_dags/example_task_group.py took 0.124 seconds
[2022-05-07 13:56:00,390] {processor.py:163} INFO - Started process (PID=2381) to work on /home/airflow/.local/lib/python3.7/site-packages/airflow/example_dags/example_task_group.py
[2022-05-07 13:56:00,393] {processor.py:642} INFO - Processing file /home/airflow/.local/lib/python3.7/site-packages/airflow/example_dags/example_task_group.py for tasks to queue
[2022-05-07 13:56:00,395] {logging_mixin.py:109} INFO - [2022-05-07 13:56:00,394] {dagbag.py:500} INFO - Filling up the DagBag from /home/airflow/.local/lib/python3.7/site-packages/airflow/example_dags/example_task_group.py
[2022-05-07 13:56:00,421] {processor.py:652} INFO - DAG(s) dict_keys(['example_task_group']) retrieved from /home/airflow/.local/lib/python3.7/site-packages/airflow/example_dags/example_task_group.py
[2022-05-07 13:56:00,464] {logging_mixin.py:109} INFO - [2022-05-07 13:56:00,464] {dag.py:2398} INFO - Sync 1 DAGs
[2022-05-07 13:56:00,490] {logging_mixin.py:109} INFO - [2022-05-07 13:56:00,489] {dag.py:2937} INFO - Setting next_dagrun for example_task_group to 2022-05-06T13:56:00.489488+00:00
[2022-05-07 13:56:00,509] {processor.py:171} INFO - Processing /home/airflow/.local/lib/python3.7/site-packages/airflow/example_dags/example_task_group.py took 0.124 seconds
[2022-05-07 13:56:30,630] {processor.py:163} INFO - Started process (PID=2441) to work on /home/airflow/.local/lib/python3.7/site-packages/airflow/example_dags/example_task_group.py
[2022-05-07 13:56:30,634] {processor.py:642} INFO - Processing file /home/airflow/.local/lib/python3.7/site-packages/airflow/example_dags/example_task_group.py for tasks to queue
[2022-05-07 13:56:30,636] {logging_mixin.py:109} INFO - [2022-05-07 13:56:30,636] {dagbag.py:500} INFO - Filling up the DagBag from /home/airflow/.local/lib/python3.7/site-packages/airflow/example_dags/example_task_group.py
[2022-05-07 13:56:30,662] {processor.py:652} INFO - DAG(s) dict_keys(['example_task_group']) retrieved from /home/airflow/.local/lib/python3.7/site-packages/airflow/example_dags/example_task_group.py
[2022-05-07 13:56:30,709] {logging_mixin.py:109} INFO - [2022-05-07 13:56:30,709] {dag.py:2398} INFO - Sync 1 DAGs
[2022-05-07 13:56:30,739] {logging_mixin.py:109} INFO - [2022-05-07 13:56:30,739] {dag.py:2937} INFO - Setting next_dagrun for example_task_group to 2022-05-06T13:56:30.739046+00:00
[2022-05-07 13:56:30,759] {processor.py:171} INFO - Processing /home/airflow/.local/lib/python3.7/site-packages/airflow/example_dags/example_task_group.py took 0.135 seconds
[2022-05-07 13:57:01,043] {processor.py:163} INFO - Started process (PID=2493) to work on /home/airflow/.local/lib/python3.7/site-packages/airflow/example_dags/example_task_group.py
[2022-05-07 13:57:01,048] {processor.py:642} INFO - Processing file /home/airflow/.local/lib/python3.7/site-packages/airflow/example_dags/example_task_group.py for tasks to queue
[2022-05-07 13:57:01,049] {logging_mixin.py:109} INFO - [2022-05-07 13:57:01,049] {dagbag.py:500} INFO - Filling up the DagBag from /home/airflow/.local/lib/python3.7/site-packages/airflow/example_dags/example_task_group.py
[2022-05-07 13:57:01,077] {processor.py:652} INFO - DAG(s) dict_keys(['example_task_group']) retrieved from /home/airflow/.local/lib/python3.7/site-packages/airflow/example_dags/example_task_group.py
[2022-05-07 13:57:01,122] {logging_mixin.py:109} INFO - [2022-05-07 13:57:01,122] {dag.py:2398} INFO - Sync 1 DAGs
[2022-05-07 13:57:01,162] {logging_mixin.py:109} INFO - [2022-05-07 13:57:01,161] {dag.py:2937} INFO - Setting next_dagrun for example_task_group to 2022-05-06T13:57:01.160018+00:00
[2022-05-07 13:57:01,186] {processor.py:171} INFO - Processing /home/airflow/.local/lib/python3.7/site-packages/airflow/example_dags/example_task_group.py took 0.147 seconds
[2022-05-07 13:57:31,761] {processor.py:163} INFO - Started process (PID=2545) to work on /home/airflow/.local/lib/python3.7/site-packages/airflow/example_dags/example_task_group.py
[2022-05-07 13:57:31,767] {processor.py:642} INFO - Processing file /home/airflow/.local/lib/python3.7/site-packages/airflow/example_dags/example_task_group.py for tasks to queue
[2022-05-07 13:57:31,771] {logging_mixin.py:109} INFO - [2022-05-07 13:57:31,771] {dagbag.py:500} INFO - Filling up the DagBag from /home/airflow/.local/lib/python3.7/site-packages/airflow/example_dags/example_task_group.py
[2022-05-07 13:57:31,833] {processor.py:652} INFO - DAG(s) dict_keys(['example_task_group']) retrieved from /home/airflow/.local/lib/python3.7/site-packages/airflow/example_dags/example_task_group.py
[2022-05-07 13:57:31,885] {logging_mixin.py:109} INFO - [2022-05-07 13:57:31,885] {dag.py:2398} INFO - Sync 1 DAGs
[2022-05-07 13:57:31,932] {logging_mixin.py:109} INFO - [2022-05-07 13:57:31,931] {dag.py:2937} INFO - Setting next_dagrun for example_task_group to 2022-05-06T13:57:31.931324+00:00
[2022-05-07 13:57:31,955] {processor.py:171} INFO - Processing /home/airflow/.local/lib/python3.7/site-packages/airflow/example_dags/example_task_group.py took 0.204 seconds
