[2022-05-07 13:34:00,568] {processor.py:163} INFO - Started process (PID=147) to work on /home/airflow/.local/lib/python3.7/site-packages/airflow/example_dags/example_nested_branch_dag.py
[2022-05-07 13:34:00,572] {processor.py:642} INFO - Processing file /home/airflow/.local/lib/python3.7/site-packages/airflow/example_dags/example_nested_branch_dag.py for tasks to queue
[2022-05-07 13:34:00,575] {logging_mixin.py:109} INFO - [2022-05-07 13:34:00,575] {dagbag.py:500} INFO - Filling up the DagBag from /home/airflow/.local/lib/python3.7/site-packages/airflow/example_dags/example_nested_branch_dag.py
[2022-05-07 13:34:00,625] {processor.py:652} INFO - DAG(s) dict_keys(['example_nested_branch_dag']) retrieved from /home/airflow/.local/lib/python3.7/site-packages/airflow/example_dags/example_nested_branch_dag.py
[2022-05-07 13:34:04,865] {logging_mixin.py:109} INFO - [2022-05-07 13:34:04,865] {manager.py:496} INFO - Created Permission View: can edit on DAG:example_nested_branch_dag
[2022-05-07 13:34:04,888] {logging_mixin.py:109} INFO - [2022-05-07 13:34:04,888] {manager.py:496} INFO - Created Permission View: can read on DAG:example_nested_branch_dag
[2022-05-07 13:34:04,891] {logging_mixin.py:109} INFO - [2022-05-07 13:34:04,890] {dag.py:2398} INFO - Sync 1 DAGs
[2022-05-07 13:34:04,911] {logging_mixin.py:109} INFO - [2022-05-07 13:34:04,911] {dag.py:2417} INFO - Creating ORM DAG for example_nested_branch_dag
[2022-05-07 13:34:04,934] {logging_mixin.py:109} INFO - [2022-05-07 13:34:04,934] {dag.py:2937} INFO - Setting next_dagrun for example_nested_branch_dag to 2022-05-06 00:00:00+00:00
[2022-05-07 13:34:04,963] {processor.py:171} INFO - Processing /home/airflow/.local/lib/python3.7/site-packages/airflow/example_dags/example_nested_branch_dag.py took 4.403 seconds
[2022-05-07 13:34:39,417] {processor.py:163} INFO - Started process (PID=264) to work on /home/airflow/.local/lib/python3.7/site-packages/airflow/example_dags/example_nested_branch_dag.py
[2022-05-07 13:34:39,424] {processor.py:642} INFO - Processing file /home/airflow/.local/lib/python3.7/site-packages/airflow/example_dags/example_nested_branch_dag.py for tasks to queue
[2022-05-07 13:34:39,428] {logging_mixin.py:109} INFO - [2022-05-07 13:34:39,427] {dagbag.py:500} INFO - Filling up the DagBag from /home/airflow/.local/lib/python3.7/site-packages/airflow/example_dags/example_nested_branch_dag.py
[2022-05-07 13:34:39,469] {processor.py:652} INFO - DAG(s) dict_keys(['example_nested_branch_dag']) retrieved from /home/airflow/.local/lib/python3.7/site-packages/airflow/example_dags/example_nested_branch_dag.py
[2022-05-07 13:34:39,576] {logging_mixin.py:109} INFO - [2022-05-07 13:34:39,576] {dag.py:2398} INFO - Sync 1 DAGs
[2022-05-07 13:34:39,645] {logging_mixin.py:109} INFO - [2022-05-07 13:34:39,645] {dag.py:2937} INFO - Setting next_dagrun for example_nested_branch_dag to 2022-05-06 00:00:00+00:00
[2022-05-07 13:34:39,699] {processor.py:171} INFO - Processing /home/airflow/.local/lib/python3.7/site-packages/airflow/example_dags/example_nested_branch_dag.py took 0.293 seconds
[2022-05-07 13:35:10,005] {processor.py:163} INFO - Started process (PID=317) to work on /home/airflow/.local/lib/python3.7/site-packages/airflow/example_dags/example_nested_branch_dag.py
[2022-05-07 13:35:10,019] {processor.py:642} INFO - Processing file /home/airflow/.local/lib/python3.7/site-packages/airflow/example_dags/example_nested_branch_dag.py for tasks to queue
[2022-05-07 13:35:10,022] {logging_mixin.py:109} INFO - [2022-05-07 13:35:10,022] {dagbag.py:500} INFO - Filling up the DagBag from /home/airflow/.local/lib/python3.7/site-packages/airflow/example_dags/example_nested_branch_dag.py
[2022-05-07 13:35:10,073] {processor.py:652} INFO - DAG(s) dict_keys(['example_nested_branch_dag']) retrieved from /home/airflow/.local/lib/python3.7/site-packages/airflow/example_dags/example_nested_branch_dag.py
[2022-05-07 13:35:10,119] {logging_mixin.py:109} INFO - [2022-05-07 13:35:10,118] {dag.py:2398} INFO - Sync 1 DAGs
[2022-05-07 13:35:10,157] {logging_mixin.py:109} INFO - [2022-05-07 13:35:10,157] {dag.py:2937} INFO - Setting next_dagrun for example_nested_branch_dag to 2022-05-06 00:00:00+00:00
[2022-05-07 13:35:10,185] {processor.py:171} INFO - Processing /home/airflow/.local/lib/python3.7/site-packages/airflow/example_dags/example_nested_branch_dag.py took 0.189 seconds
[2022-05-07 13:35:41,211] {processor.py:163} INFO - Started process (PID=368) to work on /home/airflow/.local/lib/python3.7/site-packages/airflow/example_dags/example_nested_branch_dag.py
[2022-05-07 13:35:41,214] {processor.py:642} INFO - Processing file /home/airflow/.local/lib/python3.7/site-packages/airflow/example_dags/example_nested_branch_dag.py for tasks to queue
[2022-05-07 13:35:41,216] {logging_mixin.py:109} INFO - [2022-05-07 13:35:41,216] {dagbag.py:500} INFO - Filling up the DagBag from /home/airflow/.local/lib/python3.7/site-packages/airflow/example_dags/example_nested_branch_dag.py
[2022-05-07 13:35:41,246] {processor.py:652} INFO - DAG(s) dict_keys(['example_nested_branch_dag']) retrieved from /home/airflow/.local/lib/python3.7/site-packages/airflow/example_dags/example_nested_branch_dag.py
[2022-05-07 13:35:41,297] {logging_mixin.py:109} INFO - [2022-05-07 13:35:41,296] {dag.py:2398} INFO - Sync 1 DAGs
[2022-05-07 13:35:41,328] {logging_mixin.py:109} INFO - [2022-05-07 13:35:41,328] {dag.py:2937} INFO - Setting next_dagrun for example_nested_branch_dag to 2022-05-06 00:00:00+00:00
[2022-05-07 13:35:41,351] {processor.py:171} INFO - Processing /home/airflow/.local/lib/python3.7/site-packages/airflow/example_dags/example_nested_branch_dag.py took 0.145 seconds
[2022-05-07 13:36:11,581] {processor.py:163} INFO - Started process (PID=427) to work on /home/airflow/.local/lib/python3.7/site-packages/airflow/example_dags/example_nested_branch_dag.py
[2022-05-07 13:36:11,585] {processor.py:642} INFO - Processing file /home/airflow/.local/lib/python3.7/site-packages/airflow/example_dags/example_nested_branch_dag.py for tasks to queue
[2022-05-07 13:36:11,587] {logging_mixin.py:109} INFO - [2022-05-07 13:36:11,587] {dagbag.py:500} INFO - Filling up the DagBag from /home/airflow/.local/lib/python3.7/site-packages/airflow/example_dags/example_nested_branch_dag.py
[2022-05-07 13:36:11,614] {processor.py:652} INFO - DAG(s) dict_keys(['example_nested_branch_dag']) retrieved from /home/airflow/.local/lib/python3.7/site-packages/airflow/example_dags/example_nested_branch_dag.py
[2022-05-07 13:36:11,661] {logging_mixin.py:109} INFO - [2022-05-07 13:36:11,661] {dag.py:2398} INFO - Sync 1 DAGs
[2022-05-07 13:36:11,692] {logging_mixin.py:109} INFO - [2022-05-07 13:36:11,692] {dag.py:2937} INFO - Setting next_dagrun for example_nested_branch_dag to 2022-05-06 00:00:00+00:00
[2022-05-07 13:36:11,718] {processor.py:171} INFO - Processing /home/airflow/.local/lib/python3.7/site-packages/airflow/example_dags/example_nested_branch_dag.py took 0.142 seconds
[2022-05-07 13:36:49,358] {processor.py:163} INFO - Started process (PID=480) to work on /home/airflow/.local/lib/python3.7/site-packages/airflow/example_dags/example_nested_branch_dag.py
[2022-05-07 13:36:49,371] {processor.py:642} INFO - Processing file /home/airflow/.local/lib/python3.7/site-packages/airflow/example_dags/example_nested_branch_dag.py for tasks to queue
[2022-05-07 13:36:49,375] {logging_mixin.py:109} INFO - [2022-05-07 13:36:49,375] {dagbag.py:500} INFO - Filling up the DagBag from /home/airflow/.local/lib/python3.7/site-packages/airflow/example_dags/example_nested_branch_dag.py
[2022-05-07 13:36:49,467] {processor.py:652} INFO - DAG(s) dict_keys(['example_nested_branch_dag']) retrieved from /home/airflow/.local/lib/python3.7/site-packages/airflow/example_dags/example_nested_branch_dag.py
[2022-05-07 13:36:49,529] {logging_mixin.py:109} INFO - [2022-05-07 13:36:49,529] {dag.py:2398} INFO - Sync 1 DAGs
[2022-05-07 13:36:49,612] {logging_mixin.py:109} INFO - [2022-05-07 13:36:49,611] {dag.py:2937} INFO - Setting next_dagrun for example_nested_branch_dag to 2022-05-06 00:00:00+00:00
[2022-05-07 13:36:49,642] {processor.py:171} INFO - Processing /home/airflow/.local/lib/python3.7/site-packages/airflow/example_dags/example_nested_branch_dag.py took 0.296 seconds
[2022-05-07 13:37:20,470] {processor.py:163} INFO - Started process (PID=532) to work on /home/airflow/.local/lib/python3.7/site-packages/airflow/example_dags/example_nested_branch_dag.py
[2022-05-07 13:37:20,475] {processor.py:642} INFO - Processing file /home/airflow/.local/lib/python3.7/site-packages/airflow/example_dags/example_nested_branch_dag.py for tasks to queue
[2022-05-07 13:37:20,477] {logging_mixin.py:109} INFO - [2022-05-07 13:37:20,477] {dagbag.py:500} INFO - Filling up the DagBag from /home/airflow/.local/lib/python3.7/site-packages/airflow/example_dags/example_nested_branch_dag.py
[2022-05-07 13:37:20,510] {processor.py:652} INFO - DAG(s) dict_keys(['example_nested_branch_dag']) retrieved from /home/airflow/.local/lib/python3.7/site-packages/airflow/example_dags/example_nested_branch_dag.py
[2022-05-07 13:37:20,574] {logging_mixin.py:109} INFO - [2022-05-07 13:37:20,574] {dag.py:2398} INFO - Sync 1 DAGs
[2022-05-07 13:37:20,610] {logging_mixin.py:109} INFO - [2022-05-07 13:37:20,610] {dag.py:2937} INFO - Setting next_dagrun for example_nested_branch_dag to 2022-05-06 00:00:00+00:00
[2022-05-07 13:37:20,630] {processor.py:171} INFO - Processing /home/airflow/.local/lib/python3.7/site-packages/airflow/example_dags/example_nested_branch_dag.py took 0.165 seconds
[2022-05-07 13:37:50,954] {processor.py:163} INFO - Started process (PID=586) to work on /home/airflow/.local/lib/python3.7/site-packages/airflow/example_dags/example_nested_branch_dag.py
[2022-05-07 13:37:50,957] {processor.py:642} INFO - Processing file /home/airflow/.local/lib/python3.7/site-packages/airflow/example_dags/example_nested_branch_dag.py for tasks to queue
[2022-05-07 13:37:50,959] {logging_mixin.py:109} INFO - [2022-05-07 13:37:50,958] {dagbag.py:500} INFO - Filling up the DagBag from /home/airflow/.local/lib/python3.7/site-packages/airflow/example_dags/example_nested_branch_dag.py
[2022-05-07 13:37:50,984] {processor.py:652} INFO - DAG(s) dict_keys(['example_nested_branch_dag']) retrieved from /home/airflow/.local/lib/python3.7/site-packages/airflow/example_dags/example_nested_branch_dag.py
[2022-05-07 13:37:51,019] {logging_mixin.py:109} INFO - [2022-05-07 13:37:51,019] {dag.py:2398} INFO - Sync 1 DAGs
[2022-05-07 13:37:51,049] {logging_mixin.py:109} INFO - [2022-05-07 13:37:51,049] {dag.py:2937} INFO - Setting next_dagrun for example_nested_branch_dag to 2022-05-06 00:00:00+00:00
[2022-05-07 13:37:51,065] {processor.py:171} INFO - Processing /home/airflow/.local/lib/python3.7/site-packages/airflow/example_dags/example_nested_branch_dag.py took 0.116 seconds
[2022-05-07 13:38:22,115] {processor.py:163} INFO - Started process (PID=638) to work on /home/airflow/.local/lib/python3.7/site-packages/airflow/example_dags/example_nested_branch_dag.py
[2022-05-07 13:38:22,118] {processor.py:642} INFO - Processing file /home/airflow/.local/lib/python3.7/site-packages/airflow/example_dags/example_nested_branch_dag.py for tasks to queue
[2022-05-07 13:38:22,124] {logging_mixin.py:109} INFO - [2022-05-07 13:38:22,123] {dagbag.py:500} INFO - Filling up the DagBag from /home/airflow/.local/lib/python3.7/site-packages/airflow/example_dags/example_nested_branch_dag.py
[2022-05-07 13:38:22,179] {processor.py:652} INFO - DAG(s) dict_keys(['example_nested_branch_dag']) retrieved from /home/airflow/.local/lib/python3.7/site-packages/airflow/example_dags/example_nested_branch_dag.py
[2022-05-07 13:38:22,278] {logging_mixin.py:109} INFO - [2022-05-07 13:38:22,278] {dag.py:2398} INFO - Sync 1 DAGs
[2022-05-07 13:38:22,329] {logging_mixin.py:109} INFO - [2022-05-07 13:38:22,329] {dag.py:2937} INFO - Setting next_dagrun for example_nested_branch_dag to 2022-05-06 00:00:00+00:00
[2022-05-07 13:38:22,365] {processor.py:171} INFO - Processing /home/airflow/.local/lib/python3.7/site-packages/airflow/example_dags/example_nested_branch_dag.py took 0.265 seconds
[2022-05-07 13:38:53,831] {processor.py:163} INFO - Started process (PID=690) to work on /home/airflow/.local/lib/python3.7/site-packages/airflow/example_dags/example_nested_branch_dag.py
[2022-05-07 13:38:53,836] {processor.py:642} INFO - Processing file /home/airflow/.local/lib/python3.7/site-packages/airflow/example_dags/example_nested_branch_dag.py for tasks to queue
[2022-05-07 13:38:53,840] {logging_mixin.py:109} INFO - [2022-05-07 13:38:53,839] {dagbag.py:500} INFO - Filling up the DagBag from /home/airflow/.local/lib/python3.7/site-packages/airflow/example_dags/example_nested_branch_dag.py
[2022-05-07 13:38:53,895] {processor.py:652} INFO - DAG(s) dict_keys(['example_nested_branch_dag']) retrieved from /home/airflow/.local/lib/python3.7/site-packages/airflow/example_dags/example_nested_branch_dag.py
[2022-05-07 13:38:53,968] {logging_mixin.py:109} INFO - [2022-05-07 13:38:53,968] {dag.py:2398} INFO - Sync 1 DAGs
[2022-05-07 13:38:54,062] {logging_mixin.py:109} INFO - [2022-05-07 13:38:54,061] {dag.py:2937} INFO - Setting next_dagrun for example_nested_branch_dag to 2022-05-06 00:00:00+00:00
[2022-05-07 13:38:54,111] {processor.py:171} INFO - Processing /home/airflow/.local/lib/python3.7/site-packages/airflow/example_dags/example_nested_branch_dag.py took 0.286 seconds
[2022-05-07 13:39:24,807] {processor.py:163} INFO - Started process (PID=743) to work on /home/airflow/.local/lib/python3.7/site-packages/airflow/example_dags/example_nested_branch_dag.py
[2022-05-07 13:39:24,810] {processor.py:642} INFO - Processing file /home/airflow/.local/lib/python3.7/site-packages/airflow/example_dags/example_nested_branch_dag.py for tasks to queue
[2022-05-07 13:39:24,813] {logging_mixin.py:109} INFO - [2022-05-07 13:39:24,812] {dagbag.py:500} INFO - Filling up the DagBag from /home/airflow/.local/lib/python3.7/site-packages/airflow/example_dags/example_nested_branch_dag.py
[2022-05-07 13:39:24,857] {processor.py:652} INFO - DAG(s) dict_keys(['example_nested_branch_dag']) retrieved from /home/airflow/.local/lib/python3.7/site-packages/airflow/example_dags/example_nested_branch_dag.py
[2022-05-07 13:39:24,908] {logging_mixin.py:109} INFO - [2022-05-07 13:39:24,908] {dag.py:2398} INFO - Sync 1 DAGs
[2022-05-07 13:39:24,950] {logging_mixin.py:109} INFO - [2022-05-07 13:39:24,950] {dag.py:2937} INFO - Setting next_dagrun for example_nested_branch_dag to 2022-05-06 00:00:00+00:00
[2022-05-07 13:39:24,996] {processor.py:171} INFO - Processing /home/airflow/.local/lib/python3.7/site-packages/airflow/example_dags/example_nested_branch_dag.py took 0.196 seconds
[2022-05-07 13:39:55,287] {processor.py:163} INFO - Started process (PID=795) to work on /home/airflow/.local/lib/python3.7/site-packages/airflow/example_dags/example_nested_branch_dag.py
[2022-05-07 13:39:55,292] {processor.py:642} INFO - Processing file /home/airflow/.local/lib/python3.7/site-packages/airflow/example_dags/example_nested_branch_dag.py for tasks to queue
[2022-05-07 13:39:55,297] {logging_mixin.py:109} INFO - [2022-05-07 13:39:55,296] {dagbag.py:500} INFO - Filling up the DagBag from /home/airflow/.local/lib/python3.7/site-packages/airflow/example_dags/example_nested_branch_dag.py
[2022-05-07 13:39:55,337] {processor.py:652} INFO - DAG(s) dict_keys(['example_nested_branch_dag']) retrieved from /home/airflow/.local/lib/python3.7/site-packages/airflow/example_dags/example_nested_branch_dag.py
[2022-05-07 13:39:55,387] {logging_mixin.py:109} INFO - [2022-05-07 13:39:55,387] {dag.py:2398} INFO - Sync 1 DAGs
[2022-05-07 13:39:55,421] {logging_mixin.py:109} INFO - [2022-05-07 13:39:55,421] {dag.py:2937} INFO - Setting next_dagrun for example_nested_branch_dag to 2022-05-06 00:00:00+00:00
[2022-05-07 13:39:55,443] {processor.py:171} INFO - Processing /home/airflow/.local/lib/python3.7/site-packages/airflow/example_dags/example_nested_branch_dag.py took 0.168 seconds
[2022-05-07 13:40:26,131] {processor.py:163} INFO - Started process (PID=858) to work on /home/airflow/.local/lib/python3.7/site-packages/airflow/example_dags/example_nested_branch_dag.py
[2022-05-07 13:40:26,134] {processor.py:642} INFO - Processing file /home/airflow/.local/lib/python3.7/site-packages/airflow/example_dags/example_nested_branch_dag.py for tasks to queue
[2022-05-07 13:40:26,138] {logging_mixin.py:109} INFO - [2022-05-07 13:40:26,138] {dagbag.py:500} INFO - Filling up the DagBag from /home/airflow/.local/lib/python3.7/site-packages/airflow/example_dags/example_nested_branch_dag.py
[2022-05-07 13:40:26,168] {processor.py:652} INFO - DAG(s) dict_keys(['example_nested_branch_dag']) retrieved from /home/airflow/.local/lib/python3.7/site-packages/airflow/example_dags/example_nested_branch_dag.py
[2022-05-07 13:40:26,221] {logging_mixin.py:109} INFO - [2022-05-07 13:40:26,221] {dag.py:2398} INFO - Sync 1 DAGs
[2022-05-07 13:40:26,254] {logging_mixin.py:109} INFO - [2022-05-07 13:40:26,254] {dag.py:2937} INFO - Setting next_dagrun for example_nested_branch_dag to 2022-05-06 00:00:00+00:00
[2022-05-07 13:40:26,283] {processor.py:171} INFO - Processing /home/airflow/.local/lib/python3.7/site-packages/airflow/example_dags/example_nested_branch_dag.py took 0.158 seconds
[2022-05-07 13:40:57,742] {processor.py:163} INFO - Started process (PID=910) to work on /home/airflow/.local/lib/python3.7/site-packages/airflow/example_dags/example_nested_branch_dag.py
[2022-05-07 13:40:57,746] {processor.py:642} INFO - Processing file /home/airflow/.local/lib/python3.7/site-packages/airflow/example_dags/example_nested_branch_dag.py for tasks to queue
[2022-05-07 13:40:57,750] {logging_mixin.py:109} INFO - [2022-05-07 13:40:57,749] {dagbag.py:500} INFO - Filling up the DagBag from /home/airflow/.local/lib/python3.7/site-packages/airflow/example_dags/example_nested_branch_dag.py
[2022-05-07 13:40:57,809] {processor.py:652} INFO - DAG(s) dict_keys(['example_nested_branch_dag']) retrieved from /home/airflow/.local/lib/python3.7/site-packages/airflow/example_dags/example_nested_branch_dag.py
[2022-05-07 13:40:57,913] {logging_mixin.py:109} INFO - [2022-05-07 13:40:57,913] {dag.py:2398} INFO - Sync 1 DAGs
[2022-05-07 13:40:57,999] {logging_mixin.py:109} INFO - [2022-05-07 13:40:57,999] {dag.py:2937} INFO - Setting next_dagrun for example_nested_branch_dag to 2022-05-06 00:00:00+00:00
[2022-05-07 13:40:58,065] {processor.py:171} INFO - Processing /home/airflow/.local/lib/python3.7/site-packages/airflow/example_dags/example_nested_branch_dag.py took 0.370 seconds
[2022-05-07 13:41:28,723] {processor.py:163} INFO - Started process (PID=960) to work on /home/airflow/.local/lib/python3.7/site-packages/airflow/example_dags/example_nested_branch_dag.py
[2022-05-07 13:41:28,726] {processor.py:642} INFO - Processing file /home/airflow/.local/lib/python3.7/site-packages/airflow/example_dags/example_nested_branch_dag.py for tasks to queue
[2022-05-07 13:41:28,728] {logging_mixin.py:109} INFO - [2022-05-07 13:41:28,728] {dagbag.py:500} INFO - Filling up the DagBag from /home/airflow/.local/lib/python3.7/site-packages/airflow/example_dags/example_nested_branch_dag.py
[2022-05-07 13:41:28,762] {processor.py:652} INFO - DAG(s) dict_keys(['example_nested_branch_dag']) retrieved from /home/airflow/.local/lib/python3.7/site-packages/airflow/example_dags/example_nested_branch_dag.py
[2022-05-07 13:41:28,805] {logging_mixin.py:109} INFO - [2022-05-07 13:41:28,804] {dag.py:2398} INFO - Sync 1 DAGs
[2022-05-07 13:41:28,844] {logging_mixin.py:109} INFO - [2022-05-07 13:41:28,844] {dag.py:2937} INFO - Setting next_dagrun for example_nested_branch_dag to 2022-05-06 00:00:00+00:00
[2022-05-07 13:41:28,868] {processor.py:171} INFO - Processing /home/airflow/.local/lib/python3.7/site-packages/airflow/example_dags/example_nested_branch_dag.py took 0.151 seconds
[2022-05-07 13:41:59,492] {processor.py:163} INFO - Started process (PID=1010) to work on /home/airflow/.local/lib/python3.7/site-packages/airflow/example_dags/example_nested_branch_dag.py
[2022-05-07 13:41:59,502] {processor.py:642} INFO - Processing file /home/airflow/.local/lib/python3.7/site-packages/airflow/example_dags/example_nested_branch_dag.py for tasks to queue
[2022-05-07 13:41:59,505] {logging_mixin.py:109} INFO - [2022-05-07 13:41:59,504] {dagbag.py:500} INFO - Filling up the DagBag from /home/airflow/.local/lib/python3.7/site-packages/airflow/example_dags/example_nested_branch_dag.py
[2022-05-07 13:41:59,582] {processor.py:652} INFO - DAG(s) dict_keys(['example_nested_branch_dag']) retrieved from /home/airflow/.local/lib/python3.7/site-packages/airflow/example_dags/example_nested_branch_dag.py
[2022-05-07 13:41:59,678] {logging_mixin.py:109} INFO - [2022-05-07 13:41:59,678] {dag.py:2398} INFO - Sync 1 DAGs
[2022-05-07 13:41:59,729] {logging_mixin.py:109} INFO - [2022-05-07 13:41:59,728] {dag.py:2937} INFO - Setting next_dagrun for example_nested_branch_dag to 2022-05-06 00:00:00+00:00
[2022-05-07 13:41:59,789] {processor.py:171} INFO - Processing /home/airflow/.local/lib/python3.7/site-packages/airflow/example_dags/example_nested_branch_dag.py took 0.319 seconds
[2022-05-07 13:42:30,526] {processor.py:163} INFO - Started process (PID=1062) to work on /home/airflow/.local/lib/python3.7/site-packages/airflow/example_dags/example_nested_branch_dag.py
[2022-05-07 13:42:30,535] {processor.py:642} INFO - Processing file /home/airflow/.local/lib/python3.7/site-packages/airflow/example_dags/example_nested_branch_dag.py for tasks to queue
[2022-05-07 13:42:30,539] {logging_mixin.py:109} INFO - [2022-05-07 13:42:30,539] {dagbag.py:500} INFO - Filling up the DagBag from /home/airflow/.local/lib/python3.7/site-packages/airflow/example_dags/example_nested_branch_dag.py
[2022-05-07 13:42:30,583] {processor.py:652} INFO - DAG(s) dict_keys(['example_nested_branch_dag']) retrieved from /home/airflow/.local/lib/python3.7/site-packages/airflow/example_dags/example_nested_branch_dag.py
[2022-05-07 13:42:30,654] {logging_mixin.py:109} INFO - [2022-05-07 13:42:30,654] {dag.py:2398} INFO - Sync 1 DAGs
[2022-05-07 13:42:30,715] {logging_mixin.py:109} INFO - [2022-05-07 13:42:30,714] {dag.py:2937} INFO - Setting next_dagrun for example_nested_branch_dag to 2022-05-06 00:00:00+00:00
[2022-05-07 13:42:30,758] {processor.py:171} INFO - Processing /home/airflow/.local/lib/python3.7/site-packages/airflow/example_dags/example_nested_branch_dag.py took 0.252 seconds
[2022-05-07 13:43:01,499] {processor.py:163} INFO - Started process (PID=1115) to work on /home/airflow/.local/lib/python3.7/site-packages/airflow/example_dags/example_nested_branch_dag.py
[2022-05-07 13:43:01,502] {processor.py:642} INFO - Processing file /home/airflow/.local/lib/python3.7/site-packages/airflow/example_dags/example_nested_branch_dag.py for tasks to queue
[2022-05-07 13:43:01,504] {logging_mixin.py:109} INFO - [2022-05-07 13:43:01,504] {dagbag.py:500} INFO - Filling up the DagBag from /home/airflow/.local/lib/python3.7/site-packages/airflow/example_dags/example_nested_branch_dag.py
[2022-05-07 13:43:01,534] {processor.py:652} INFO - DAG(s) dict_keys(['example_nested_branch_dag']) retrieved from /home/airflow/.local/lib/python3.7/site-packages/airflow/example_dags/example_nested_branch_dag.py
[2022-05-07 13:43:01,583] {logging_mixin.py:109} INFO - [2022-05-07 13:43:01,582] {dag.py:2398} INFO - Sync 1 DAGs
[2022-05-07 13:43:01,633] {logging_mixin.py:109} INFO - [2022-05-07 13:43:01,632] {dag.py:2937} INFO - Setting next_dagrun for example_nested_branch_dag to 2022-05-06 00:00:00+00:00
[2022-05-07 13:43:01,667] {processor.py:171} INFO - Processing /home/airflow/.local/lib/python3.7/site-packages/airflow/example_dags/example_nested_branch_dag.py took 0.174 seconds
[2022-05-07 13:43:33,552] {processor.py:163} INFO - Started process (PID=1166) to work on /home/airflow/.local/lib/python3.7/site-packages/airflow/example_dags/example_nested_branch_dag.py
[2022-05-07 13:43:33,560] {processor.py:642} INFO - Processing file /home/airflow/.local/lib/python3.7/site-packages/airflow/example_dags/example_nested_branch_dag.py for tasks to queue
[2022-05-07 13:43:33,564] {logging_mixin.py:109} INFO - [2022-05-07 13:43:33,563] {dagbag.py:500} INFO - Filling up the DagBag from /home/airflow/.local/lib/python3.7/site-packages/airflow/example_dags/example_nested_branch_dag.py
[2022-05-07 13:43:33,647] {processor.py:652} INFO - DAG(s) dict_keys(['example_nested_branch_dag']) retrieved from /home/airflow/.local/lib/python3.7/site-packages/airflow/example_dags/example_nested_branch_dag.py
[2022-05-07 13:43:33,758] {logging_mixin.py:109} INFO - [2022-05-07 13:43:33,757] {dag.py:2398} INFO - Sync 1 DAGs
[2022-05-07 13:43:33,816] {logging_mixin.py:109} INFO - [2022-05-07 13:43:33,816] {dag.py:2937} INFO - Setting next_dagrun for example_nested_branch_dag to 2022-05-06 00:00:00+00:00
[2022-05-07 13:43:33,861] {processor.py:171} INFO - Processing /home/airflow/.local/lib/python3.7/site-packages/airflow/example_dags/example_nested_branch_dag.py took 0.332 seconds
[2022-05-07 13:44:04,309] {processor.py:163} INFO - Started process (PID=1219) to work on /home/airflow/.local/lib/python3.7/site-packages/airflow/example_dags/example_nested_branch_dag.py
[2022-05-07 13:44:04,314] {processor.py:642} INFO - Processing file /home/airflow/.local/lib/python3.7/site-packages/airflow/example_dags/example_nested_branch_dag.py for tasks to queue
[2022-05-07 13:44:04,318] {logging_mixin.py:109} INFO - [2022-05-07 13:44:04,317] {dagbag.py:500} INFO - Filling up the DagBag from /home/airflow/.local/lib/python3.7/site-packages/airflow/example_dags/example_nested_branch_dag.py
[2022-05-07 13:44:04,360] {processor.py:652} INFO - DAG(s) dict_keys(['example_nested_branch_dag']) retrieved from /home/airflow/.local/lib/python3.7/site-packages/airflow/example_dags/example_nested_branch_dag.py
[2022-05-07 13:44:04,429] {logging_mixin.py:109} INFO - [2022-05-07 13:44:04,429] {dag.py:2398} INFO - Sync 1 DAGs
[2022-05-07 13:44:04,491] {logging_mixin.py:109} INFO - [2022-05-07 13:44:04,491] {dag.py:2937} INFO - Setting next_dagrun for example_nested_branch_dag to 2022-05-06 00:00:00+00:00
[2022-05-07 13:44:04,530] {processor.py:171} INFO - Processing /home/airflow/.local/lib/python3.7/site-packages/airflow/example_dags/example_nested_branch_dag.py took 0.229 seconds
[2022-05-07 13:44:35,233] {processor.py:163} INFO - Started process (PID=1272) to work on /home/airflow/.local/lib/python3.7/site-packages/airflow/example_dags/example_nested_branch_dag.py
[2022-05-07 13:44:35,237] {processor.py:642} INFO - Processing file /home/airflow/.local/lib/python3.7/site-packages/airflow/example_dags/example_nested_branch_dag.py for tasks to queue
[2022-05-07 13:44:35,240] {logging_mixin.py:109} INFO - [2022-05-07 13:44:35,240] {dagbag.py:500} INFO - Filling up the DagBag from /home/airflow/.local/lib/python3.7/site-packages/airflow/example_dags/example_nested_branch_dag.py
[2022-05-07 13:44:35,282] {processor.py:652} INFO - DAG(s) dict_keys(['example_nested_branch_dag']) retrieved from /home/airflow/.local/lib/python3.7/site-packages/airflow/example_dags/example_nested_branch_dag.py
[2022-05-07 13:44:35,332] {logging_mixin.py:109} INFO - [2022-05-07 13:44:35,332] {dag.py:2398} INFO - Sync 1 DAGs
[2022-05-07 13:44:35,387] {logging_mixin.py:109} INFO - [2022-05-07 13:44:35,387] {dag.py:2937} INFO - Setting next_dagrun for example_nested_branch_dag to 2022-05-06 00:00:00+00:00
[2022-05-07 13:44:35,453] {processor.py:171} INFO - Processing /home/airflow/.local/lib/python3.7/site-packages/airflow/example_dags/example_nested_branch_dag.py took 0.229 seconds
[2022-05-07 13:45:06,217] {processor.py:163} INFO - Started process (PID=1333) to work on /home/airflow/.local/lib/python3.7/site-packages/airflow/example_dags/example_nested_branch_dag.py
[2022-05-07 13:45:06,222] {processor.py:642} INFO - Processing file /home/airflow/.local/lib/python3.7/site-packages/airflow/example_dags/example_nested_branch_dag.py for tasks to queue
[2022-05-07 13:45:06,224] {logging_mixin.py:109} INFO - [2022-05-07 13:45:06,224] {dagbag.py:500} INFO - Filling up the DagBag from /home/airflow/.local/lib/python3.7/site-packages/airflow/example_dags/example_nested_branch_dag.py
[2022-05-07 13:45:06,253] {processor.py:652} INFO - DAG(s) dict_keys(['example_nested_branch_dag']) retrieved from /home/airflow/.local/lib/python3.7/site-packages/airflow/example_dags/example_nested_branch_dag.py
[2022-05-07 13:45:06,300] {logging_mixin.py:109} INFO - [2022-05-07 13:45:06,300] {dag.py:2398} INFO - Sync 1 DAGs
[2022-05-07 13:45:06,330] {logging_mixin.py:109} INFO - [2022-05-07 13:45:06,330] {dag.py:2937} INFO - Setting next_dagrun for example_nested_branch_dag to 2022-05-06 00:00:00+00:00
[2022-05-07 13:45:06,346] {processor.py:171} INFO - Processing /home/airflow/.local/lib/python3.7/site-packages/airflow/example_dags/example_nested_branch_dag.py took 0.134 seconds
[2022-05-07 13:45:37,274] {processor.py:163} INFO - Started process (PID=1385) to work on /home/airflow/.local/lib/python3.7/site-packages/airflow/example_dags/example_nested_branch_dag.py
[2022-05-07 13:45:37,276] {processor.py:642} INFO - Processing file /home/airflow/.local/lib/python3.7/site-packages/airflow/example_dags/example_nested_branch_dag.py for tasks to queue
[2022-05-07 13:45:37,279] {logging_mixin.py:109} INFO - [2022-05-07 13:45:37,279] {dagbag.py:500} INFO - Filling up the DagBag from /home/airflow/.local/lib/python3.7/site-packages/airflow/example_dags/example_nested_branch_dag.py
[2022-05-07 13:45:37,324] {processor.py:652} INFO - DAG(s) dict_keys(['example_nested_branch_dag']) retrieved from /home/airflow/.local/lib/python3.7/site-packages/airflow/example_dags/example_nested_branch_dag.py
[2022-05-07 13:45:37,355] {logging_mixin.py:109} INFO - [2022-05-07 13:45:37,355] {dag.py:2398} INFO - Sync 1 DAGs
[2022-05-07 13:45:37,392] {logging_mixin.py:109} INFO - [2022-05-07 13:45:37,391] {dag.py:2937} INFO - Setting next_dagrun for example_nested_branch_dag to 2022-05-06 00:00:00+00:00
[2022-05-07 13:45:37,407] {processor.py:171} INFO - Processing /home/airflow/.local/lib/python3.7/site-packages/airflow/example_dags/example_nested_branch_dag.py took 0.139 seconds
[2022-05-07 13:46:07,991] {processor.py:163} INFO - Started process (PID=1438) to work on /home/airflow/.local/lib/python3.7/site-packages/airflow/example_dags/example_nested_branch_dag.py
[2022-05-07 13:46:07,997] {processor.py:642} INFO - Processing file /home/airflow/.local/lib/python3.7/site-packages/airflow/example_dags/example_nested_branch_dag.py for tasks to queue
[2022-05-07 13:46:08,002] {logging_mixin.py:109} INFO - [2022-05-07 13:46:08,001] {dagbag.py:500} INFO - Filling up the DagBag from /home/airflow/.local/lib/python3.7/site-packages/airflow/example_dags/example_nested_branch_dag.py
[2022-05-07 13:46:08,051] {processor.py:652} INFO - DAG(s) dict_keys(['example_nested_branch_dag']) retrieved from /home/airflow/.local/lib/python3.7/site-packages/airflow/example_dags/example_nested_branch_dag.py
[2022-05-07 13:46:08,102] {logging_mixin.py:109} INFO - [2022-05-07 13:46:08,102] {dag.py:2398} INFO - Sync 1 DAGs
[2022-05-07 13:46:08,147] {logging_mixin.py:109} INFO - [2022-05-07 13:46:08,147] {dag.py:2937} INFO - Setting next_dagrun for example_nested_branch_dag to 2022-05-06 00:00:00+00:00
[2022-05-07 13:46:08,175] {processor.py:171} INFO - Processing /home/airflow/.local/lib/python3.7/site-packages/airflow/example_dags/example_nested_branch_dag.py took 0.198 seconds
[2022-05-07 13:46:39,687] {processor.py:163} INFO - Started process (PID=1501) to work on /home/airflow/.local/lib/python3.7/site-packages/airflow/example_dags/example_nested_branch_dag.py
[2022-05-07 13:46:39,691] {processor.py:642} INFO - Processing file /home/airflow/.local/lib/python3.7/site-packages/airflow/example_dags/example_nested_branch_dag.py for tasks to queue
[2022-05-07 13:46:39,693] {logging_mixin.py:109} INFO - [2022-05-07 13:46:39,693] {dagbag.py:500} INFO - Filling up the DagBag from /home/airflow/.local/lib/python3.7/site-packages/airflow/example_dags/example_nested_branch_dag.py
[2022-05-07 13:46:39,741] {processor.py:652} INFO - DAG(s) dict_keys(['example_nested_branch_dag']) retrieved from /home/airflow/.local/lib/python3.7/site-packages/airflow/example_dags/example_nested_branch_dag.py
[2022-05-07 13:46:39,815] {logging_mixin.py:109} INFO - [2022-05-07 13:46:39,814] {dag.py:2398} INFO - Sync 1 DAGs
[2022-05-07 13:46:39,862] {logging_mixin.py:109} INFO - [2022-05-07 13:46:39,862] {dag.py:2937} INFO - Setting next_dagrun for example_nested_branch_dag to 2022-05-06 00:00:00+00:00
[2022-05-07 13:46:39,887] {processor.py:171} INFO - Processing /home/airflow/.local/lib/python3.7/site-packages/airflow/example_dags/example_nested_branch_dag.py took 0.209 seconds
[2022-05-07 13:47:11,670] {processor.py:163} INFO - Started process (PID=1554) to work on /home/airflow/.local/lib/python3.7/site-packages/airflow/example_dags/example_nested_branch_dag.py
[2022-05-07 13:47:11,679] {processor.py:642} INFO - Processing file /home/airflow/.local/lib/python3.7/site-packages/airflow/example_dags/example_nested_branch_dag.py for tasks to queue
[2022-05-07 13:47:11,692] {logging_mixin.py:109} INFO - [2022-05-07 13:47:11,692] {dagbag.py:500} INFO - Filling up the DagBag from /home/airflow/.local/lib/python3.7/site-packages/airflow/example_dags/example_nested_branch_dag.py
[2022-05-07 13:47:11,746] {processor.py:652} INFO - DAG(s) dict_keys(['example_nested_branch_dag']) retrieved from /home/airflow/.local/lib/python3.7/site-packages/airflow/example_dags/example_nested_branch_dag.py
[2022-05-07 13:47:11,847] {logging_mixin.py:109} INFO - [2022-05-07 13:47:11,847] {dag.py:2398} INFO - Sync 1 DAGs
[2022-05-07 13:47:11,905] {logging_mixin.py:109} INFO - [2022-05-07 13:47:11,905] {dag.py:2937} INFO - Setting next_dagrun for example_nested_branch_dag to 2022-05-06 00:00:00+00:00
[2022-05-07 13:47:11,947] {processor.py:171} INFO - Processing /home/airflow/.local/lib/python3.7/site-packages/airflow/example_dags/example_nested_branch_dag.py took 0.288 seconds
[2022-05-07 13:49:26,231] {processor.py:163} INFO - Started process (PID=1664) to work on /home/airflow/.local/lib/python3.7/site-packages/airflow/example_dags/example_nested_branch_dag.py
[2022-05-07 13:49:26,258] {processor.py:642} INFO - Processing file /home/airflow/.local/lib/python3.7/site-packages/airflow/example_dags/example_nested_branch_dag.py for tasks to queue
[2022-05-07 13:49:26,276] {logging_mixin.py:109} INFO - [2022-05-07 13:49:26,274] {dagbag.py:500} INFO - Filling up the DagBag from /home/airflow/.local/lib/python3.7/site-packages/airflow/example_dags/example_nested_branch_dag.py
[2022-05-07 13:49:26,630] {processor.py:652} INFO - DAG(s) dict_keys(['example_nested_branch_dag']) retrieved from /home/airflow/.local/lib/python3.7/site-packages/airflow/example_dags/example_nested_branch_dag.py
[2022-05-07 13:49:26,891] {logging_mixin.py:109} INFO - [2022-05-07 13:49:26,891] {dag.py:2398} INFO - Sync 1 DAGs
[2022-05-07 13:49:27,067] {logging_mixin.py:109} INFO - [2022-05-07 13:49:27,067] {dag.py:2937} INFO - Setting next_dagrun for example_nested_branch_dag to 2022-05-06 00:00:00+00:00
[2022-05-07 13:49:27,147] {processor.py:171} INFO - Processing /home/airflow/.local/lib/python3.7/site-packages/airflow/example_dags/example_nested_branch_dag.py took 0.995 seconds
[2022-05-07 13:49:57,424] {processor.py:163} INFO - Started process (PID=1722) to work on /home/airflow/.local/lib/python3.7/site-packages/airflow/example_dags/example_nested_branch_dag.py
[2022-05-07 13:49:57,427] {processor.py:642} INFO - Processing file /home/airflow/.local/lib/python3.7/site-packages/airflow/example_dags/example_nested_branch_dag.py for tasks to queue
[2022-05-07 13:49:57,429] {logging_mixin.py:109} INFO - [2022-05-07 13:49:57,429] {dagbag.py:500} INFO - Filling up the DagBag from /home/airflow/.local/lib/python3.7/site-packages/airflow/example_dags/example_nested_branch_dag.py
[2022-05-07 13:49:57,435] {processor.py:652} INFO - DAG(s) dict_keys(['example_nested_branch_dag']) retrieved from /home/airflow/.local/lib/python3.7/site-packages/airflow/example_dags/example_nested_branch_dag.py
[2022-05-07 13:49:57,510] {logging_mixin.py:109} INFO - [2022-05-07 13:49:57,509] {dag.py:2398} INFO - Sync 1 DAGs
[2022-05-07 13:49:57,564] {logging_mixin.py:109} INFO - [2022-05-07 13:49:57,563] {dag.py:2937} INFO - Setting next_dagrun for example_nested_branch_dag to 2022-05-06 00:00:00+00:00
[2022-05-07 13:49:57,593] {processor.py:171} INFO - Processing /home/airflow/.local/lib/python3.7/site-packages/airflow/example_dags/example_nested_branch_dag.py took 0.209 seconds
[2022-05-07 13:50:28,049] {processor.py:163} INFO - Started process (PID=1775) to work on /home/airflow/.local/lib/python3.7/site-packages/airflow/example_dags/example_nested_branch_dag.py
[2022-05-07 13:50:28,053] {processor.py:642} INFO - Processing file /home/airflow/.local/lib/python3.7/site-packages/airflow/example_dags/example_nested_branch_dag.py for tasks to queue
[2022-05-07 13:50:28,056] {logging_mixin.py:109} INFO - [2022-05-07 13:50:28,055] {dagbag.py:500} INFO - Filling up the DagBag from /home/airflow/.local/lib/python3.7/site-packages/airflow/example_dags/example_nested_branch_dag.py
[2022-05-07 13:50:28,087] {processor.py:652} INFO - DAG(s) dict_keys(['example_nested_branch_dag']) retrieved from /home/airflow/.local/lib/python3.7/site-packages/airflow/example_dags/example_nested_branch_dag.py
[2022-05-07 13:50:28,127] {logging_mixin.py:109} INFO - [2022-05-07 13:50:28,127] {dag.py:2398} INFO - Sync 1 DAGs
[2022-05-07 13:50:28,155] {logging_mixin.py:109} INFO - [2022-05-07 13:50:28,155] {dag.py:2937} INFO - Setting next_dagrun for example_nested_branch_dag to 2022-05-06 00:00:00+00:00
[2022-05-07 13:50:28,169] {processor.py:171} INFO - Processing /home/airflow/.local/lib/python3.7/site-packages/airflow/example_dags/example_nested_branch_dag.py took 0.128 seconds
[2022-05-07 13:50:58,475] {processor.py:163} INFO - Started process (PID=1831) to work on /home/airflow/.local/lib/python3.7/site-packages/airflow/example_dags/example_nested_branch_dag.py
[2022-05-07 13:50:58,478] {processor.py:642} INFO - Processing file /home/airflow/.local/lib/python3.7/site-packages/airflow/example_dags/example_nested_branch_dag.py for tasks to queue
[2022-05-07 13:50:58,482] {logging_mixin.py:109} INFO - [2022-05-07 13:50:58,481] {dagbag.py:500} INFO - Filling up the DagBag from /home/airflow/.local/lib/python3.7/site-packages/airflow/example_dags/example_nested_branch_dag.py
[2022-05-07 13:50:58,529] {processor.py:652} INFO - DAG(s) dict_keys(['example_nested_branch_dag']) retrieved from /home/airflow/.local/lib/python3.7/site-packages/airflow/example_dags/example_nested_branch_dag.py
[2022-05-07 13:50:58,570] {logging_mixin.py:109} INFO - [2022-05-07 13:50:58,570] {dag.py:2398} INFO - Sync 1 DAGs
[2022-05-07 13:50:58,621] {logging_mixin.py:109} INFO - [2022-05-07 13:50:58,620] {dag.py:2937} INFO - Setting next_dagrun for example_nested_branch_dag to 2022-05-06 00:00:00+00:00
[2022-05-07 13:50:58,636] {processor.py:171} INFO - Processing /home/airflow/.local/lib/python3.7/site-packages/airflow/example_dags/example_nested_branch_dag.py took 0.167 seconds
[2022-05-07 13:51:29,336] {processor.py:163} INFO - Started process (PID=1884) to work on /home/airflow/.local/lib/python3.7/site-packages/airflow/example_dags/example_nested_branch_dag.py
[2022-05-07 13:51:29,350] {processor.py:642} INFO - Processing file /home/airflow/.local/lib/python3.7/site-packages/airflow/example_dags/example_nested_branch_dag.py for tasks to queue
[2022-05-07 13:51:29,353] {logging_mixin.py:109} INFO - [2022-05-07 13:51:29,352] {dagbag.py:500} INFO - Filling up the DagBag from /home/airflow/.local/lib/python3.7/site-packages/airflow/example_dags/example_nested_branch_dag.py
[2022-05-07 13:51:29,402] {processor.py:652} INFO - DAG(s) dict_keys(['example_nested_branch_dag']) retrieved from /home/airflow/.local/lib/python3.7/site-packages/airflow/example_dags/example_nested_branch_dag.py
[2022-05-07 13:51:29,459] {logging_mixin.py:109} INFO - [2022-05-07 13:51:29,459] {dag.py:2398} INFO - Sync 1 DAGs
[2022-05-07 13:51:29,523] {logging_mixin.py:109} INFO - [2022-05-07 13:51:29,522] {dag.py:2937} INFO - Setting next_dagrun for example_nested_branch_dag to 2022-05-06 00:00:00+00:00
[2022-05-07 13:51:29,542] {processor.py:171} INFO - Processing /home/airflow/.local/lib/python3.7/site-packages/airflow/example_dags/example_nested_branch_dag.py took 0.213 seconds
[2022-05-07 13:51:59,974] {processor.py:163} INFO - Started process (PID=1946) to work on /home/airflow/.local/lib/python3.7/site-packages/airflow/example_dags/example_nested_branch_dag.py
[2022-05-07 13:51:59,977] {processor.py:642} INFO - Processing file /home/airflow/.local/lib/python3.7/site-packages/airflow/example_dags/example_nested_branch_dag.py for tasks to queue
[2022-05-07 13:51:59,981] {logging_mixin.py:109} INFO - [2022-05-07 13:51:59,981] {dagbag.py:500} INFO - Filling up the DagBag from /home/airflow/.local/lib/python3.7/site-packages/airflow/example_dags/example_nested_branch_dag.py
[2022-05-07 13:52:00,011] {processor.py:652} INFO - DAG(s) dict_keys(['example_nested_branch_dag']) retrieved from /home/airflow/.local/lib/python3.7/site-packages/airflow/example_dags/example_nested_branch_dag.py
[2022-05-07 13:52:00,076] {logging_mixin.py:109} INFO - [2022-05-07 13:52:00,075] {dag.py:2398} INFO - Sync 1 DAGs
[2022-05-07 13:52:00,168] {logging_mixin.py:109} INFO - [2022-05-07 13:52:00,167] {dag.py:2937} INFO - Setting next_dagrun for example_nested_branch_dag to 2022-05-06 00:00:00+00:00
[2022-05-07 13:52:00,239] {processor.py:171} INFO - Processing /home/airflow/.local/lib/python3.7/site-packages/airflow/example_dags/example_nested_branch_dag.py took 0.273 seconds
[2022-05-07 13:52:30,372] {processor.py:163} INFO - Started process (PID=2001) to work on /home/airflow/.local/lib/python3.7/site-packages/airflow/example_dags/example_nested_branch_dag.py
[2022-05-07 13:52:30,376] {processor.py:642} INFO - Processing file /home/airflow/.local/lib/python3.7/site-packages/airflow/example_dags/example_nested_branch_dag.py for tasks to queue
[2022-05-07 13:52:30,378] {logging_mixin.py:109} INFO - [2022-05-07 13:52:30,378] {dagbag.py:500} INFO - Filling up the DagBag from /home/airflow/.local/lib/python3.7/site-packages/airflow/example_dags/example_nested_branch_dag.py
[2022-05-07 13:52:30,411] {processor.py:652} INFO - DAG(s) dict_keys(['example_nested_branch_dag']) retrieved from /home/airflow/.local/lib/python3.7/site-packages/airflow/example_dags/example_nested_branch_dag.py
[2022-05-07 13:52:30,460] {logging_mixin.py:109} INFO - [2022-05-07 13:52:30,460] {dag.py:2398} INFO - Sync 1 DAGs
[2022-05-07 13:52:30,494] {logging_mixin.py:109} INFO - [2022-05-07 13:52:30,493] {dag.py:2937} INFO - Setting next_dagrun for example_nested_branch_dag to 2022-05-06 00:00:00+00:00
[2022-05-07 13:52:30,518] {processor.py:171} INFO - Processing /home/airflow/.local/lib/python3.7/site-packages/airflow/example_dags/example_nested_branch_dag.py took 0.152 seconds
[2022-05-07 13:53:00,848] {processor.py:163} INFO - Started process (PID=2056) to work on /home/airflow/.local/lib/python3.7/site-packages/airflow/example_dags/example_nested_branch_dag.py
[2022-05-07 13:53:00,851] {processor.py:642} INFO - Processing file /home/airflow/.local/lib/python3.7/site-packages/airflow/example_dags/example_nested_branch_dag.py for tasks to queue
[2022-05-07 13:53:00,853] {logging_mixin.py:109} INFO - [2022-05-07 13:53:00,853] {dagbag.py:500} INFO - Filling up the DagBag from /home/airflow/.local/lib/python3.7/site-packages/airflow/example_dags/example_nested_branch_dag.py
[2022-05-07 13:53:00,888] {processor.py:652} INFO - DAG(s) dict_keys(['example_nested_branch_dag']) retrieved from /home/airflow/.local/lib/python3.7/site-packages/airflow/example_dags/example_nested_branch_dag.py
[2022-05-07 13:53:00,928] {logging_mixin.py:109} INFO - [2022-05-07 13:53:00,928] {dag.py:2398} INFO - Sync 1 DAGs
[2022-05-07 13:53:00,953] {logging_mixin.py:109} INFO - [2022-05-07 13:53:00,953] {dag.py:2937} INFO - Setting next_dagrun for example_nested_branch_dag to 2022-05-06 00:00:00+00:00
[2022-05-07 13:53:00,975] {processor.py:171} INFO - Processing /home/airflow/.local/lib/python3.7/site-packages/airflow/example_dags/example_nested_branch_dag.py took 0.133 seconds
[2022-05-07 13:53:31,239] {processor.py:163} INFO - Started process (PID=2111) to work on /home/airflow/.local/lib/python3.7/site-packages/airflow/example_dags/example_nested_branch_dag.py
[2022-05-07 13:53:31,242] {processor.py:642} INFO - Processing file /home/airflow/.local/lib/python3.7/site-packages/airflow/example_dags/example_nested_branch_dag.py for tasks to queue
[2022-05-07 13:53:31,244] {logging_mixin.py:109} INFO - [2022-05-07 13:53:31,244] {dagbag.py:500} INFO - Filling up the DagBag from /home/airflow/.local/lib/python3.7/site-packages/airflow/example_dags/example_nested_branch_dag.py
[2022-05-07 13:53:31,276] {processor.py:652} INFO - DAG(s) dict_keys(['example_nested_branch_dag']) retrieved from /home/airflow/.local/lib/python3.7/site-packages/airflow/example_dags/example_nested_branch_dag.py
[2022-05-07 13:53:31,317] {logging_mixin.py:109} INFO - [2022-05-07 13:53:31,317] {dag.py:2398} INFO - Sync 1 DAGs
[2022-05-07 13:53:31,342] {logging_mixin.py:109} INFO - [2022-05-07 13:53:31,342] {dag.py:2937} INFO - Setting next_dagrun for example_nested_branch_dag to 2022-05-06 00:00:00+00:00
[2022-05-07 13:53:31,361] {processor.py:171} INFO - Processing /home/airflow/.local/lib/python3.7/site-packages/airflow/example_dags/example_nested_branch_dag.py took 0.128 seconds
[2022-05-07 13:54:01,707] {processor.py:163} INFO - Started process (PID=2175) to work on /home/airflow/.local/lib/python3.7/site-packages/airflow/example_dags/example_nested_branch_dag.py
[2022-05-07 13:54:01,710] {processor.py:642} INFO - Processing file /home/airflow/.local/lib/python3.7/site-packages/airflow/example_dags/example_nested_branch_dag.py for tasks to queue
[2022-05-07 13:54:01,712] {logging_mixin.py:109} INFO - [2022-05-07 13:54:01,712] {dagbag.py:500} INFO - Filling up the DagBag from /home/airflow/.local/lib/python3.7/site-packages/airflow/example_dags/example_nested_branch_dag.py
[2022-05-07 13:54:01,741] {processor.py:652} INFO - DAG(s) dict_keys(['example_nested_branch_dag']) retrieved from /home/airflow/.local/lib/python3.7/site-packages/airflow/example_dags/example_nested_branch_dag.py
[2022-05-07 13:54:01,779] {logging_mixin.py:109} INFO - [2022-05-07 13:54:01,779] {dag.py:2398} INFO - Sync 1 DAGs
[2022-05-07 13:54:01,809] {logging_mixin.py:109} INFO - [2022-05-07 13:54:01,809] {dag.py:2937} INFO - Setting next_dagrun for example_nested_branch_dag to 2022-05-06 00:00:00+00:00
[2022-05-07 13:54:01,829] {processor.py:171} INFO - Processing /home/airflow/.local/lib/python3.7/site-packages/airflow/example_dags/example_nested_branch_dag.py took 0.128 seconds
[2022-05-07 13:54:32,011] {processor.py:163} INFO - Started process (PID=2227) to work on /home/airflow/.local/lib/python3.7/site-packages/airflow/example_dags/example_nested_branch_dag.py
[2022-05-07 13:54:32,015] {processor.py:642} INFO - Processing file /home/airflow/.local/lib/python3.7/site-packages/airflow/example_dags/example_nested_branch_dag.py for tasks to queue
[2022-05-07 13:54:32,017] {logging_mixin.py:109} INFO - [2022-05-07 13:54:32,017] {dagbag.py:500} INFO - Filling up the DagBag from /home/airflow/.local/lib/python3.7/site-packages/airflow/example_dags/example_nested_branch_dag.py
[2022-05-07 13:54:32,045] {processor.py:652} INFO - DAG(s) dict_keys(['example_nested_branch_dag']) retrieved from /home/airflow/.local/lib/python3.7/site-packages/airflow/example_dags/example_nested_branch_dag.py
[2022-05-07 13:54:32,081] {logging_mixin.py:109} INFO - [2022-05-07 13:54:32,081] {dag.py:2398} INFO - Sync 1 DAGs
[2022-05-07 13:54:32,108] {logging_mixin.py:109} INFO - [2022-05-07 13:54:32,108] {dag.py:2937} INFO - Setting next_dagrun for example_nested_branch_dag to 2022-05-06 00:00:00+00:00
[2022-05-07 13:54:32,125] {processor.py:171} INFO - Processing /home/airflow/.local/lib/python3.7/site-packages/airflow/example_dags/example_nested_branch_dag.py took 0.124 seconds
[2022-05-07 13:55:02,391] {processor.py:163} INFO - Started process (PID=2280) to work on /home/airflow/.local/lib/python3.7/site-packages/airflow/example_dags/example_nested_branch_dag.py
[2022-05-07 13:55:02,395] {processor.py:642} INFO - Processing file /home/airflow/.local/lib/python3.7/site-packages/airflow/example_dags/example_nested_branch_dag.py for tasks to queue
[2022-05-07 13:55:02,399] {logging_mixin.py:109} INFO - [2022-05-07 13:55:02,399] {dagbag.py:500} INFO - Filling up the DagBag from /home/airflow/.local/lib/python3.7/site-packages/airflow/example_dags/example_nested_branch_dag.py
[2022-05-07 13:55:02,575] {processor.py:652} INFO - DAG(s) dict_keys(['example_nested_branch_dag']) retrieved from /home/airflow/.local/lib/python3.7/site-packages/airflow/example_dags/example_nested_branch_dag.py
[2022-05-07 13:55:02,754] {logging_mixin.py:109} INFO - [2022-05-07 13:55:02,754] {dag.py:2398} INFO - Sync 1 DAGs
[2022-05-07 13:55:02,796] {logging_mixin.py:109} INFO - [2022-05-07 13:55:02,795] {dag.py:2937} INFO - Setting next_dagrun for example_nested_branch_dag to 2022-05-06 00:00:00+00:00
[2022-05-07 13:55:02,820] {processor.py:171} INFO - Processing /home/airflow/.local/lib/python3.7/site-packages/airflow/example_dags/example_nested_branch_dag.py took 0.463 seconds
[2022-05-07 13:55:33,721] {processor.py:163} INFO - Started process (PID=2333) to work on /home/airflow/.local/lib/python3.7/site-packages/airflow/example_dags/example_nested_branch_dag.py
[2022-05-07 13:55:33,727] {processor.py:642} INFO - Processing file /home/airflow/.local/lib/python3.7/site-packages/airflow/example_dags/example_nested_branch_dag.py for tasks to queue
[2022-05-07 13:55:33,730] {logging_mixin.py:109} INFO - [2022-05-07 13:55:33,730] {dagbag.py:500} INFO - Filling up the DagBag from /home/airflow/.local/lib/python3.7/site-packages/airflow/example_dags/example_nested_branch_dag.py
[2022-05-07 13:55:33,771] {processor.py:652} INFO - DAG(s) dict_keys(['example_nested_branch_dag']) retrieved from /home/airflow/.local/lib/python3.7/site-packages/airflow/example_dags/example_nested_branch_dag.py
[2022-05-07 13:55:33,830] {logging_mixin.py:109} INFO - [2022-05-07 13:55:33,829] {dag.py:2398} INFO - Sync 1 DAGs
[2022-05-07 13:55:33,857] {logging_mixin.py:109} INFO - [2022-05-07 13:55:33,857] {dag.py:2937} INFO - Setting next_dagrun for example_nested_branch_dag to 2022-05-06 00:00:00+00:00
[2022-05-07 13:55:33,885] {processor.py:171} INFO - Processing /home/airflow/.local/lib/python3.7/site-packages/airflow/example_dags/example_nested_branch_dag.py took 0.180 seconds
[2022-05-07 13:56:04,087] {processor.py:163} INFO - Started process (PID=2394) to work on /home/airflow/.local/lib/python3.7/site-packages/airflow/example_dags/example_nested_branch_dag.py
[2022-05-07 13:56:04,091] {processor.py:642} INFO - Processing file /home/airflow/.local/lib/python3.7/site-packages/airflow/example_dags/example_nested_branch_dag.py for tasks to queue
[2022-05-07 13:56:04,094] {logging_mixin.py:109} INFO - [2022-05-07 13:56:04,094] {dagbag.py:500} INFO - Filling up the DagBag from /home/airflow/.local/lib/python3.7/site-packages/airflow/example_dags/example_nested_branch_dag.py
[2022-05-07 13:56:04,133] {processor.py:652} INFO - DAG(s) dict_keys(['example_nested_branch_dag']) retrieved from /home/airflow/.local/lib/python3.7/site-packages/airflow/example_dags/example_nested_branch_dag.py
[2022-05-07 13:56:04,216] {logging_mixin.py:109} INFO - [2022-05-07 13:56:04,216] {dag.py:2398} INFO - Sync 1 DAGs
[2022-05-07 13:56:04,259] {logging_mixin.py:109} INFO - [2022-05-07 13:56:04,259] {dag.py:2937} INFO - Setting next_dagrun for example_nested_branch_dag to 2022-05-06 00:00:00+00:00
[2022-05-07 13:56:04,292] {processor.py:171} INFO - Processing /home/airflow/.local/lib/python3.7/site-packages/airflow/example_dags/example_nested_branch_dag.py took 0.212 seconds
[2022-05-07 13:56:35,007] {processor.py:163} INFO - Started process (PID=2446) to work on /home/airflow/.local/lib/python3.7/site-packages/airflow/example_dags/example_nested_branch_dag.py
[2022-05-07 13:56:35,010] {processor.py:642} INFO - Processing file /home/airflow/.local/lib/python3.7/site-packages/airflow/example_dags/example_nested_branch_dag.py for tasks to queue
[2022-05-07 13:56:35,013] {logging_mixin.py:109} INFO - [2022-05-07 13:56:35,013] {dagbag.py:500} INFO - Filling up the DagBag from /home/airflow/.local/lib/python3.7/site-packages/airflow/example_dags/example_nested_branch_dag.py
[2022-05-07 13:56:35,043] {processor.py:652} INFO - DAG(s) dict_keys(['example_nested_branch_dag']) retrieved from /home/airflow/.local/lib/python3.7/site-packages/airflow/example_dags/example_nested_branch_dag.py
[2022-05-07 13:56:35,078] {logging_mixin.py:109} INFO - [2022-05-07 13:56:35,078] {dag.py:2398} INFO - Sync 1 DAGs
[2022-05-07 13:56:35,105] {logging_mixin.py:109} INFO - [2022-05-07 13:56:35,105] {dag.py:2937} INFO - Setting next_dagrun for example_nested_branch_dag to 2022-05-06 00:00:00+00:00
[2022-05-07 13:56:35,119] {processor.py:171} INFO - Processing /home/airflow/.local/lib/python3.7/site-packages/airflow/example_dags/example_nested_branch_dag.py took 0.117 seconds
[2022-05-07 13:57:05,470] {processor.py:163} INFO - Started process (PID=2498) to work on /home/airflow/.local/lib/python3.7/site-packages/airflow/example_dags/example_nested_branch_dag.py
[2022-05-07 13:57:05,473] {processor.py:642} INFO - Processing file /home/airflow/.local/lib/python3.7/site-packages/airflow/example_dags/example_nested_branch_dag.py for tasks to queue
[2022-05-07 13:57:05,476] {logging_mixin.py:109} INFO - [2022-05-07 13:57:05,475] {dagbag.py:500} INFO - Filling up the DagBag from /home/airflow/.local/lib/python3.7/site-packages/airflow/example_dags/example_nested_branch_dag.py
[2022-05-07 13:57:05,516] {processor.py:652} INFO - DAG(s) dict_keys(['example_nested_branch_dag']) retrieved from /home/airflow/.local/lib/python3.7/site-packages/airflow/example_dags/example_nested_branch_dag.py
[2022-05-07 13:57:05,598] {logging_mixin.py:109} INFO - [2022-05-07 13:57:05,598] {dag.py:2398} INFO - Sync 1 DAGs
[2022-05-07 13:57:05,648] {logging_mixin.py:109} INFO - [2022-05-07 13:57:05,648] {dag.py:2937} INFO - Setting next_dagrun for example_nested_branch_dag to 2022-05-06 00:00:00+00:00
[2022-05-07 13:57:05,672] {processor.py:171} INFO - Processing /home/airflow/.local/lib/python3.7/site-packages/airflow/example_dags/example_nested_branch_dag.py took 0.207 seconds
[2022-05-07 13:57:35,834] {processor.py:163} INFO - Started process (PID=2550) to work on /home/airflow/.local/lib/python3.7/site-packages/airflow/example_dags/example_nested_branch_dag.py
[2022-05-07 13:57:35,840] {processor.py:642} INFO - Processing file /home/airflow/.local/lib/python3.7/site-packages/airflow/example_dags/example_nested_branch_dag.py for tasks to queue
[2022-05-07 13:57:35,844] {logging_mixin.py:109} INFO - [2022-05-07 13:57:35,843] {dagbag.py:500} INFO - Filling up the DagBag from /home/airflow/.local/lib/python3.7/site-packages/airflow/example_dags/example_nested_branch_dag.py
[2022-05-07 13:57:35,881] {processor.py:652} INFO - DAG(s) dict_keys(['example_nested_branch_dag']) retrieved from /home/airflow/.local/lib/python3.7/site-packages/airflow/example_dags/example_nested_branch_dag.py
[2022-05-07 13:57:35,928] {logging_mixin.py:109} INFO - [2022-05-07 13:57:35,927] {dag.py:2398} INFO - Sync 1 DAGs
[2022-05-07 13:57:35,969] {logging_mixin.py:109} INFO - [2022-05-07 13:57:35,969] {dag.py:2937} INFO - Setting next_dagrun for example_nested_branch_dag to 2022-05-06 00:00:00+00:00
[2022-05-07 13:57:35,992] {processor.py:171} INFO - Processing /home/airflow/.local/lib/python3.7/site-packages/airflow/example_dags/example_nested_branch_dag.py took 0.166 seconds
