[2022-05-07 13:33:48,216] {processor.py:163} INFO - Started process (PID=111) to work on /home/airflow/.local/lib/python3.7/site-packages/airflow/example_dags/example_branch_python_dop_operator_3.py
[2022-05-07 13:33:48,220] {processor.py:642} INFO - Processing file /home/airflow/.local/lib/python3.7/site-packages/airflow/example_dags/example_branch_python_dop_operator_3.py for tasks to queue
[2022-05-07 13:33:48,222] {logging_mixin.py:109} INFO - [2022-05-07 13:33:48,222] {dagbag.py:500} INFO - Filling up the DagBag from /home/airflow/.local/lib/python3.7/site-packages/airflow/example_dags/example_branch_python_dop_operator_3.py
[2022-05-07 13:33:48,260] {processor.py:652} INFO - DAG(s) dict_keys(['example_branch_dop_operator_v3']) retrieved from /home/airflow/.local/lib/python3.7/site-packages/airflow/example_dags/example_branch_python_dop_operator_3.py
[2022-05-07 13:33:51,641] {logging_mixin.py:109} INFO - [2022-05-07 13:33:51,641] {manager.py:496} INFO - Created Permission View: can edit on DAG:example_branch_dop_operator_v3
[2022-05-07 13:33:51,663] {logging_mixin.py:109} INFO - [2022-05-07 13:33:51,662] {manager.py:496} INFO - Created Permission View: can read on DAG:example_branch_dop_operator_v3
[2022-05-07 13:33:51,669] {logging_mixin.py:109} INFO - [2022-05-07 13:33:51,666] {dag.py:2398} INFO - Sync 1 DAGs
[2022-05-07 13:33:51,689] {logging_mixin.py:109} INFO - [2022-05-07 13:33:51,688] {dag.py:2417} INFO - Creating ORM DAG for example_branch_dop_operator_v3
[2022-05-07 13:33:51,731] {logging_mixin.py:109} INFO - [2022-05-07 13:33:51,730] {dag.py:2937} INFO - Setting next_dagrun for example_branch_dop_operator_v3 to 2022-05-07T13:32:00+00:00
[2022-05-07 13:33:51,764] {processor.py:171} INFO - Processing /home/airflow/.local/lib/python3.7/site-packages/airflow/example_dags/example_branch_python_dop_operator_3.py took 3.554 seconds
[2022-05-07 13:34:38,256] {processor.py:163} INFO - Started process (PID=258) to work on /home/airflow/.local/lib/python3.7/site-packages/airflow/example_dags/example_branch_python_dop_operator_3.py
[2022-05-07 13:34:38,264] {processor.py:642} INFO - Processing file /home/airflow/.local/lib/python3.7/site-packages/airflow/example_dags/example_branch_python_dop_operator_3.py for tasks to queue
[2022-05-07 13:34:38,270] {logging_mixin.py:109} INFO - [2022-05-07 13:34:38,269] {dagbag.py:500} INFO - Filling up the DagBag from /home/airflow/.local/lib/python3.7/site-packages/airflow/example_dags/example_branch_python_dop_operator_3.py
[2022-05-07 13:34:38,318] {processor.py:652} INFO - DAG(s) dict_keys(['example_branch_dop_operator_v3']) retrieved from /home/airflow/.local/lib/python3.7/site-packages/airflow/example_dags/example_branch_python_dop_operator_3.py
[2022-05-07 13:34:38,388] {logging_mixin.py:109} INFO - [2022-05-07 13:34:38,388] {dag.py:2398} INFO - Sync 1 DAGs
[2022-05-07 13:34:38,437] {logging_mixin.py:109} INFO - [2022-05-07 13:34:38,436] {dag.py:2937} INFO - Setting next_dagrun for example_branch_dop_operator_v3 to 2022-05-07T13:33:00+00:00
[2022-05-07 13:34:38,456] {processor.py:171} INFO - Processing /home/airflow/.local/lib/python3.7/site-packages/airflow/example_dags/example_branch_python_dop_operator_3.py took 0.216 seconds
[2022-05-07 13:35:09,054] {processor.py:163} INFO - Started process (PID=311) to work on /home/airflow/.local/lib/python3.7/site-packages/airflow/example_dags/example_branch_python_dop_operator_3.py
[2022-05-07 13:35:09,059] {processor.py:642} INFO - Processing file /home/airflow/.local/lib/python3.7/site-packages/airflow/example_dags/example_branch_python_dop_operator_3.py for tasks to queue
[2022-05-07 13:35:09,064] {logging_mixin.py:109} INFO - [2022-05-07 13:35:09,063] {dagbag.py:500} INFO - Filling up the DagBag from /home/airflow/.local/lib/python3.7/site-packages/airflow/example_dags/example_branch_python_dop_operator_3.py
[2022-05-07 13:35:09,101] {processor.py:652} INFO - DAG(s) dict_keys(['example_branch_dop_operator_v3']) retrieved from /home/airflow/.local/lib/python3.7/site-packages/airflow/example_dags/example_branch_python_dop_operator_3.py
[2022-05-07 13:35:09,153] {logging_mixin.py:109} INFO - [2022-05-07 13:35:09,152] {dag.py:2398} INFO - Sync 1 DAGs
[2022-05-07 13:35:09,197] {logging_mixin.py:109} INFO - [2022-05-07 13:35:09,197] {dag.py:2937} INFO - Setting next_dagrun for example_branch_dop_operator_v3 to 2022-05-07T13:34:00+00:00
[2022-05-07 13:35:09,219] {processor.py:171} INFO - Processing /home/airflow/.local/lib/python3.7/site-packages/airflow/example_dags/example_branch_python_dop_operator_3.py took 0.177 seconds
[2022-05-07 13:35:39,401] {processor.py:163} INFO - Started process (PID=362) to work on /home/airflow/.local/lib/python3.7/site-packages/airflow/example_dags/example_branch_python_dop_operator_3.py
[2022-05-07 13:35:39,407] {processor.py:642} INFO - Processing file /home/airflow/.local/lib/python3.7/site-packages/airflow/example_dags/example_branch_python_dop_operator_3.py for tasks to queue
[2022-05-07 13:35:39,411] {logging_mixin.py:109} INFO - [2022-05-07 13:35:39,411] {dagbag.py:500} INFO - Filling up the DagBag from /home/airflow/.local/lib/python3.7/site-packages/airflow/example_dags/example_branch_python_dop_operator_3.py
[2022-05-07 13:35:39,458] {processor.py:652} INFO - DAG(s) dict_keys(['example_branch_dop_operator_v3']) retrieved from /home/airflow/.local/lib/python3.7/site-packages/airflow/example_dags/example_branch_python_dop_operator_3.py
[2022-05-07 13:35:39,503] {logging_mixin.py:109} INFO - [2022-05-07 13:35:39,502] {dag.py:2398} INFO - Sync 1 DAGs
[2022-05-07 13:35:39,551] {logging_mixin.py:109} INFO - [2022-05-07 13:35:39,551] {dag.py:2937} INFO - Setting next_dagrun for example_branch_dop_operator_v3 to 2022-05-07T13:34:00+00:00
[2022-05-07 13:35:39,576] {processor.py:171} INFO - Processing /home/airflow/.local/lib/python3.7/site-packages/airflow/example_dags/example_branch_python_dop_operator_3.py took 0.186 seconds
[2022-05-07 13:36:10,315] {processor.py:163} INFO - Started process (PID=419) to work on /home/airflow/.local/lib/python3.7/site-packages/airflow/example_dags/example_branch_python_dop_operator_3.py
[2022-05-07 13:36:10,319] {processor.py:642} INFO - Processing file /home/airflow/.local/lib/python3.7/site-packages/airflow/example_dags/example_branch_python_dop_operator_3.py for tasks to queue
[2022-05-07 13:36:10,321] {logging_mixin.py:109} INFO - [2022-05-07 13:36:10,321] {dagbag.py:500} INFO - Filling up the DagBag from /home/airflow/.local/lib/python3.7/site-packages/airflow/example_dags/example_branch_python_dop_operator_3.py
[2022-05-07 13:36:10,351] {processor.py:652} INFO - DAG(s) dict_keys(['example_branch_dop_operator_v3']) retrieved from /home/airflow/.local/lib/python3.7/site-packages/airflow/example_dags/example_branch_python_dop_operator_3.py
[2022-05-07 13:36:10,393] {logging_mixin.py:109} INFO - [2022-05-07 13:36:10,393] {dag.py:2398} INFO - Sync 1 DAGs
[2022-05-07 13:36:10,433] {logging_mixin.py:109} INFO - [2022-05-07 13:36:10,433] {dag.py:2937} INFO - Setting next_dagrun for example_branch_dop_operator_v3 to 2022-05-07T13:35:00+00:00
[2022-05-07 13:36:10,456] {processor.py:171} INFO - Processing /home/airflow/.local/lib/python3.7/site-packages/airflow/example_dags/example_branch_python_dop_operator_3.py took 0.147 seconds
[2022-05-07 13:36:46,149] {processor.py:163} INFO - Started process (PID=473) to work on /home/airflow/.local/lib/python3.7/site-packages/airflow/example_dags/example_branch_python_dop_operator_3.py
[2022-05-07 13:36:46,167] {processor.py:642} INFO - Processing file /home/airflow/.local/lib/python3.7/site-packages/airflow/example_dags/example_branch_python_dop_operator_3.py for tasks to queue
[2022-05-07 13:36:46,172] {logging_mixin.py:109} INFO - [2022-05-07 13:36:46,171] {dagbag.py:500} INFO - Filling up the DagBag from /home/airflow/.local/lib/python3.7/site-packages/airflow/example_dags/example_branch_python_dop_operator_3.py
[2022-05-07 13:36:46,317] {processor.py:652} INFO - DAG(s) dict_keys(['example_branch_dop_operator_v3']) retrieved from /home/airflow/.local/lib/python3.7/site-packages/airflow/example_dags/example_branch_python_dop_operator_3.py
[2022-05-07 13:36:46,448] {logging_mixin.py:109} INFO - [2022-05-07 13:36:46,447] {dag.py:2398} INFO - Sync 1 DAGs
[2022-05-07 13:36:46,688] {logging_mixin.py:109} INFO - [2022-05-07 13:36:46,688] {dag.py:2937} INFO - Setting next_dagrun for example_branch_dop_operator_v3 to 2022-05-07T13:35:00+00:00
[2022-05-07 13:36:46,757] {processor.py:171} INFO - Processing /home/airflow/.local/lib/python3.7/site-packages/airflow/example_dags/example_branch_python_dop_operator_3.py took 0.619 seconds
[2022-05-07 13:37:17,614] {processor.py:163} INFO - Started process (PID=525) to work on /home/airflow/.local/lib/python3.7/site-packages/airflow/example_dags/example_branch_python_dop_operator_3.py
[2022-05-07 13:37:17,627] {processor.py:642} INFO - Processing file /home/airflow/.local/lib/python3.7/site-packages/airflow/example_dags/example_branch_python_dop_operator_3.py for tasks to queue
[2022-05-07 13:37:17,634] {logging_mixin.py:109} INFO - [2022-05-07 13:37:17,633] {dagbag.py:500} INFO - Filling up the DagBag from /home/airflow/.local/lib/python3.7/site-packages/airflow/example_dags/example_branch_python_dop_operator_3.py
[2022-05-07 13:37:17,705] {processor.py:652} INFO - DAG(s) dict_keys(['example_branch_dop_operator_v3']) retrieved from /home/airflow/.local/lib/python3.7/site-packages/airflow/example_dags/example_branch_python_dop_operator_3.py
[2022-05-07 13:37:17,826] {logging_mixin.py:109} INFO - [2022-05-07 13:37:17,825] {dag.py:2398} INFO - Sync 1 DAGs
[2022-05-07 13:37:18,032] {logging_mixin.py:109} INFO - [2022-05-07 13:37:18,031] {dag.py:2937} INFO - Setting next_dagrun for example_branch_dop_operator_v3 to 2022-05-07T13:36:00+00:00
[2022-05-07 13:37:18,059] {processor.py:171} INFO - Processing /home/airflow/.local/lib/python3.7/site-packages/airflow/example_dags/example_branch_python_dop_operator_3.py took 0.461 seconds
[2022-05-07 13:37:48,404] {processor.py:163} INFO - Started process (PID=578) to work on /home/airflow/.local/lib/python3.7/site-packages/airflow/example_dags/example_branch_python_dop_operator_3.py
[2022-05-07 13:37:48,407] {processor.py:642} INFO - Processing file /home/airflow/.local/lib/python3.7/site-packages/airflow/example_dags/example_branch_python_dop_operator_3.py for tasks to queue
[2022-05-07 13:37:48,409] {logging_mixin.py:109} INFO - [2022-05-07 13:37:48,409] {dagbag.py:500} INFO - Filling up the DagBag from /home/airflow/.local/lib/python3.7/site-packages/airflow/example_dags/example_branch_python_dop_operator_3.py
[2022-05-07 13:37:48,436] {processor.py:652} INFO - DAG(s) dict_keys(['example_branch_dop_operator_v3']) retrieved from /home/airflow/.local/lib/python3.7/site-packages/airflow/example_dags/example_branch_python_dop_operator_3.py
[2022-05-07 13:37:48,469] {logging_mixin.py:109} INFO - [2022-05-07 13:37:48,469] {dag.py:2398} INFO - Sync 1 DAGs
[2022-05-07 13:37:48,506] {logging_mixin.py:109} INFO - [2022-05-07 13:37:48,506] {dag.py:2937} INFO - Setting next_dagrun for example_branch_dop_operator_v3 to 2022-05-07T13:36:00+00:00
[2022-05-07 13:37:48,522] {processor.py:171} INFO - Processing /home/airflow/.local/lib/python3.7/site-packages/airflow/example_dags/example_branch_python_dop_operator_3.py took 0.123 seconds
[2022-05-07 13:38:19,692] {processor.py:163} INFO - Started process (PID=629) to work on /home/airflow/.local/lib/python3.7/site-packages/airflow/example_dags/example_branch_python_dop_operator_3.py
[2022-05-07 13:38:19,704] {processor.py:642} INFO - Processing file /home/airflow/.local/lib/python3.7/site-packages/airflow/example_dags/example_branch_python_dop_operator_3.py for tasks to queue
[2022-05-07 13:38:19,714] {logging_mixin.py:109} INFO - [2022-05-07 13:38:19,712] {dagbag.py:500} INFO - Filling up the DagBag from /home/airflow/.local/lib/python3.7/site-packages/airflow/example_dags/example_branch_python_dop_operator_3.py
[2022-05-07 13:38:19,754] {processor.py:652} INFO - DAG(s) dict_keys(['example_branch_dop_operator_v3']) retrieved from /home/airflow/.local/lib/python3.7/site-packages/airflow/example_dags/example_branch_python_dop_operator_3.py
[2022-05-07 13:38:19,808] {logging_mixin.py:109} INFO - [2022-05-07 13:38:19,808] {dag.py:2398} INFO - Sync 1 DAGs
[2022-05-07 13:38:19,856] {logging_mixin.py:109} INFO - [2022-05-07 13:38:19,856] {dag.py:2937} INFO - Setting next_dagrun for example_branch_dop_operator_v3 to 2022-05-07T13:37:00+00:00
[2022-05-07 13:38:19,874] {processor.py:171} INFO - Processing /home/airflow/.local/lib/python3.7/site-packages/airflow/example_dags/example_branch_python_dop_operator_3.py took 0.196 seconds
[2022-05-07 13:38:50,440] {processor.py:163} INFO - Started process (PID=681) to work on /home/airflow/.local/lib/python3.7/site-packages/airflow/example_dags/example_branch_python_dop_operator_3.py
[2022-05-07 13:38:50,447] {processor.py:642} INFO - Processing file /home/airflow/.local/lib/python3.7/site-packages/airflow/example_dags/example_branch_python_dop_operator_3.py for tasks to queue
[2022-05-07 13:38:50,451] {logging_mixin.py:109} INFO - [2022-05-07 13:38:50,451] {dagbag.py:500} INFO - Filling up the DagBag from /home/airflow/.local/lib/python3.7/site-packages/airflow/example_dags/example_branch_python_dop_operator_3.py
[2022-05-07 13:38:50,483] {processor.py:652} INFO - DAG(s) dict_keys(['example_branch_dop_operator_v3']) retrieved from /home/airflow/.local/lib/python3.7/site-packages/airflow/example_dags/example_branch_python_dop_operator_3.py
[2022-05-07 13:38:50,526] {logging_mixin.py:109} INFO - [2022-05-07 13:38:50,526] {dag.py:2398} INFO - Sync 1 DAGs
[2022-05-07 13:38:50,581] {logging_mixin.py:109} INFO - [2022-05-07 13:38:50,581] {dag.py:2937} INFO - Setting next_dagrun for example_branch_dop_operator_v3 to 2022-05-07T13:37:00+00:00
[2022-05-07 13:38:50,614] {processor.py:171} INFO - Processing /home/airflow/.local/lib/python3.7/site-packages/airflow/example_dags/example_branch_python_dop_operator_3.py took 0.180 seconds
[2022-05-07 13:39:21,690] {processor.py:163} INFO - Started process (PID=734) to work on /home/airflow/.local/lib/python3.7/site-packages/airflow/example_dags/example_branch_python_dop_operator_3.py
[2022-05-07 13:39:21,695] {processor.py:642} INFO - Processing file /home/airflow/.local/lib/python3.7/site-packages/airflow/example_dags/example_branch_python_dop_operator_3.py for tasks to queue
[2022-05-07 13:39:21,698] {logging_mixin.py:109} INFO - [2022-05-07 13:39:21,698] {dagbag.py:500} INFO - Filling up the DagBag from /home/airflow/.local/lib/python3.7/site-packages/airflow/example_dags/example_branch_python_dop_operator_3.py
[2022-05-07 13:39:21,751] {processor.py:652} INFO - DAG(s) dict_keys(['example_branch_dop_operator_v3']) retrieved from /home/airflow/.local/lib/python3.7/site-packages/airflow/example_dags/example_branch_python_dop_operator_3.py
[2022-05-07 13:39:21,842] {logging_mixin.py:109} INFO - [2022-05-07 13:39:21,842] {dag.py:2398} INFO - Sync 1 DAGs
[2022-05-07 13:39:21,895] {logging_mixin.py:109} INFO - [2022-05-07 13:39:21,895] {dag.py:2937} INFO - Setting next_dagrun for example_branch_dop_operator_v3 to 2022-05-07T13:38:00+00:00
[2022-05-07 13:39:21,921] {processor.py:171} INFO - Processing /home/airflow/.local/lib/python3.7/site-packages/airflow/example_dags/example_branch_python_dop_operator_3.py took 0.239 seconds
[2022-05-07 13:39:52,168] {processor.py:163} INFO - Started process (PID=785) to work on /home/airflow/.local/lib/python3.7/site-packages/airflow/example_dags/example_branch_python_dop_operator_3.py
[2022-05-07 13:39:52,172] {processor.py:642} INFO - Processing file /home/airflow/.local/lib/python3.7/site-packages/airflow/example_dags/example_branch_python_dop_operator_3.py for tasks to queue
[2022-05-07 13:39:52,176] {logging_mixin.py:109} INFO - [2022-05-07 13:39:52,176] {dagbag.py:500} INFO - Filling up the DagBag from /home/airflow/.local/lib/python3.7/site-packages/airflow/example_dags/example_branch_python_dop_operator_3.py
[2022-05-07 13:39:52,221] {processor.py:652} INFO - DAG(s) dict_keys(['example_branch_dop_operator_v3']) retrieved from /home/airflow/.local/lib/python3.7/site-packages/airflow/example_dags/example_branch_python_dop_operator_3.py
[2022-05-07 13:39:52,296] {logging_mixin.py:109} INFO - [2022-05-07 13:39:52,296] {dag.py:2398} INFO - Sync 1 DAGs
[2022-05-07 13:39:52,362] {logging_mixin.py:109} INFO - [2022-05-07 13:39:52,362] {dag.py:2937} INFO - Setting next_dagrun for example_branch_dop_operator_v3 to 2022-05-07T13:38:00+00:00
[2022-05-07 13:39:52,393] {processor.py:171} INFO - Processing /home/airflow/.local/lib/python3.7/site-packages/airflow/example_dags/example_branch_python_dop_operator_3.py took 0.230 seconds
[2022-05-07 13:40:22,524] {processor.py:163} INFO - Started process (PID=837) to work on /home/airflow/.local/lib/python3.7/site-packages/airflow/example_dags/example_branch_python_dop_operator_3.py
[2022-05-07 13:40:22,530] {processor.py:642} INFO - Processing file /home/airflow/.local/lib/python3.7/site-packages/airflow/example_dags/example_branch_python_dop_operator_3.py for tasks to queue
[2022-05-07 13:40:22,536] {logging_mixin.py:109} INFO - [2022-05-07 13:40:22,535] {dagbag.py:500} INFO - Filling up the DagBag from /home/airflow/.local/lib/python3.7/site-packages/airflow/example_dags/example_branch_python_dop_operator_3.py
[2022-05-07 13:40:22,571] {processor.py:652} INFO - DAG(s) dict_keys(['example_branch_dop_operator_v3']) retrieved from /home/airflow/.local/lib/python3.7/site-packages/airflow/example_dags/example_branch_python_dop_operator_3.py
[2022-05-07 13:40:22,619] {logging_mixin.py:109} INFO - [2022-05-07 13:40:22,618] {dag.py:2398} INFO - Sync 1 DAGs
[2022-05-07 13:40:22,658] {logging_mixin.py:109} INFO - [2022-05-07 13:40:22,658] {dag.py:2937} INFO - Setting next_dagrun for example_branch_dop_operator_v3 to 2022-05-07T13:39:00+00:00
[2022-05-07 13:40:22,678] {processor.py:171} INFO - Processing /home/airflow/.local/lib/python3.7/site-packages/airflow/example_dags/example_branch_python_dop_operator_3.py took 0.167 seconds
[2022-05-07 13:40:52,893] {processor.py:163} INFO - Started process (PID=901) to work on /home/airflow/.local/lib/python3.7/site-packages/airflow/example_dags/example_branch_python_dop_operator_3.py
[2022-05-07 13:40:52,911] {processor.py:642} INFO - Processing file /home/airflow/.local/lib/python3.7/site-packages/airflow/example_dags/example_branch_python_dop_operator_3.py for tasks to queue
[2022-05-07 13:40:52,914] {logging_mixin.py:109} INFO - [2022-05-07 13:40:52,914] {dagbag.py:500} INFO - Filling up the DagBag from /home/airflow/.local/lib/python3.7/site-packages/airflow/example_dags/example_branch_python_dop_operator_3.py
[2022-05-07 13:40:52,946] {processor.py:652} INFO - DAG(s) dict_keys(['example_branch_dop_operator_v3']) retrieved from /home/airflow/.local/lib/python3.7/site-packages/airflow/example_dags/example_branch_python_dop_operator_3.py
[2022-05-07 13:40:53,013] {logging_mixin.py:109} INFO - [2022-05-07 13:40:53,012] {dag.py:2398} INFO - Sync 1 DAGs
[2022-05-07 13:40:53,071] {logging_mixin.py:109} INFO - [2022-05-07 13:40:53,071] {dag.py:2937} INFO - Setting next_dagrun for example_branch_dop_operator_v3 to 2022-05-07T13:39:00+00:00
[2022-05-07 13:40:53,087] {processor.py:171} INFO - Processing /home/airflow/.local/lib/python3.7/site-packages/airflow/example_dags/example_branch_python_dop_operator_3.py took 0.207 seconds
[2022-05-07 13:41:23,490] {processor.py:163} INFO - Started process (PID=951) to work on /home/airflow/.local/lib/python3.7/site-packages/airflow/example_dags/example_branch_python_dop_operator_3.py
[2022-05-07 13:41:23,516] {processor.py:642} INFO - Processing file /home/airflow/.local/lib/python3.7/site-packages/airflow/example_dags/example_branch_python_dop_operator_3.py for tasks to queue
[2022-05-07 13:41:23,577] {logging_mixin.py:109} INFO - [2022-05-07 13:41:23,577] {dagbag.py:500} INFO - Filling up the DagBag from /home/airflow/.local/lib/python3.7/site-packages/airflow/example_dags/example_branch_python_dop_operator_3.py
[2022-05-07 13:41:23,643] {processor.py:652} INFO - DAG(s) dict_keys(['example_branch_dop_operator_v3']) retrieved from /home/airflow/.local/lib/python3.7/site-packages/airflow/example_dags/example_branch_python_dop_operator_3.py
[2022-05-07 13:41:24,027] {logging_mixin.py:109} INFO - [2022-05-07 13:41:24,027] {dag.py:2398} INFO - Sync 1 DAGs
[2022-05-07 13:41:24,216] {logging_mixin.py:109} INFO - [2022-05-07 13:41:24,216] {dag.py:2937} INFO - Setting next_dagrun for example_branch_dop_operator_v3 to 2022-05-07T13:40:00+00:00
[2022-05-07 13:41:24,253] {processor.py:171} INFO - Processing /home/airflow/.local/lib/python3.7/site-packages/airflow/example_dags/example_branch_python_dop_operator_3.py took 0.790 seconds
[2022-05-07 13:41:54,398] {processor.py:163} INFO - Started process (PID=1003) to work on /home/airflow/.local/lib/python3.7/site-packages/airflow/example_dags/example_branch_python_dop_operator_3.py
[2022-05-07 13:41:54,401] {processor.py:642} INFO - Processing file /home/airflow/.local/lib/python3.7/site-packages/airflow/example_dags/example_branch_python_dop_operator_3.py for tasks to queue
[2022-05-07 13:41:54,403] {logging_mixin.py:109} INFO - [2022-05-07 13:41:54,403] {dagbag.py:500} INFO - Filling up the DagBag from /home/airflow/.local/lib/python3.7/site-packages/airflow/example_dags/example_branch_python_dop_operator_3.py
[2022-05-07 13:41:54,427] {processor.py:652} INFO - DAG(s) dict_keys(['example_branch_dop_operator_v3']) retrieved from /home/airflow/.local/lib/python3.7/site-packages/airflow/example_dags/example_branch_python_dop_operator_3.py
[2022-05-07 13:41:54,462] {logging_mixin.py:109} INFO - [2022-05-07 13:41:54,462] {dag.py:2398} INFO - Sync 1 DAGs
[2022-05-07 13:41:54,495] {logging_mixin.py:109} INFO - [2022-05-07 13:41:54,495] {dag.py:2937} INFO - Setting next_dagrun for example_branch_dop_operator_v3 to 2022-05-07T13:40:00+00:00
[2022-05-07 13:41:54,515] {processor.py:171} INFO - Processing /home/airflow/.local/lib/python3.7/site-packages/airflow/example_dags/example_branch_python_dop_operator_3.py took 0.123 seconds
[2022-05-07 13:42:24,725] {processor.py:163} INFO - Started process (PID=1055) to work on /home/airflow/.local/lib/python3.7/site-packages/airflow/example_dags/example_branch_python_dop_operator_3.py
[2022-05-07 13:42:24,732] {processor.py:642} INFO - Processing file /home/airflow/.local/lib/python3.7/site-packages/airflow/example_dags/example_branch_python_dop_operator_3.py for tasks to queue
[2022-05-07 13:42:24,735] {logging_mixin.py:109} INFO - [2022-05-07 13:42:24,735] {dagbag.py:500} INFO - Filling up the DagBag from /home/airflow/.local/lib/python3.7/site-packages/airflow/example_dags/example_branch_python_dop_operator_3.py
[2022-05-07 13:42:24,779] {processor.py:652} INFO - DAG(s) dict_keys(['example_branch_dop_operator_v3']) retrieved from /home/airflow/.local/lib/python3.7/site-packages/airflow/example_dags/example_branch_python_dop_operator_3.py
[2022-05-07 13:42:24,824] {logging_mixin.py:109} INFO - [2022-05-07 13:42:24,824] {dag.py:2398} INFO - Sync 1 DAGs
[2022-05-07 13:42:24,899] {logging_mixin.py:109} INFO - [2022-05-07 13:42:24,898] {dag.py:2937} INFO - Setting next_dagrun for example_branch_dop_operator_v3 to 2022-05-07T13:41:00+00:00
[2022-05-07 13:42:24,925] {processor.py:171} INFO - Processing /home/airflow/.local/lib/python3.7/site-packages/airflow/example_dags/example_branch_python_dop_operator_3.py took 0.214 seconds
[2022-05-07 13:42:55,389] {processor.py:163} INFO - Started process (PID=1107) to work on /home/airflow/.local/lib/python3.7/site-packages/airflow/example_dags/example_branch_python_dop_operator_3.py
[2022-05-07 13:42:55,392] {processor.py:642} INFO - Processing file /home/airflow/.local/lib/python3.7/site-packages/airflow/example_dags/example_branch_python_dop_operator_3.py for tasks to queue
[2022-05-07 13:42:55,395] {logging_mixin.py:109} INFO - [2022-05-07 13:42:55,395] {dagbag.py:500} INFO - Filling up the DagBag from /home/airflow/.local/lib/python3.7/site-packages/airflow/example_dags/example_branch_python_dop_operator_3.py
[2022-05-07 13:42:55,429] {processor.py:652} INFO - DAG(s) dict_keys(['example_branch_dop_operator_v3']) retrieved from /home/airflow/.local/lib/python3.7/site-packages/airflow/example_dags/example_branch_python_dop_operator_3.py
[2022-05-07 13:42:55,468] {logging_mixin.py:109} INFO - [2022-05-07 13:42:55,468] {dag.py:2398} INFO - Sync 1 DAGs
[2022-05-07 13:42:55,504] {logging_mixin.py:109} INFO - [2022-05-07 13:42:55,504] {dag.py:2937} INFO - Setting next_dagrun for example_branch_dop_operator_v3 to 2022-05-07T13:41:00+00:00
[2022-05-07 13:42:55,536] {processor.py:171} INFO - Processing /home/airflow/.local/lib/python3.7/site-packages/airflow/example_dags/example_branch_python_dop_operator_3.py took 0.152 seconds
[2022-05-07 13:43:26,108] {processor.py:163} INFO - Started process (PID=1159) to work on /home/airflow/.local/lib/python3.7/site-packages/airflow/example_dags/example_branch_python_dop_operator_3.py
[2022-05-07 13:43:26,121] {processor.py:642} INFO - Processing file /home/airflow/.local/lib/python3.7/site-packages/airflow/example_dags/example_branch_python_dop_operator_3.py for tasks to queue
[2022-05-07 13:43:26,138] {logging_mixin.py:109} INFO - [2022-05-07 13:43:26,138] {dagbag.py:500} INFO - Filling up the DagBag from /home/airflow/.local/lib/python3.7/site-packages/airflow/example_dags/example_branch_python_dop_operator_3.py
[2022-05-07 13:43:26,232] {processor.py:652} INFO - DAG(s) dict_keys(['example_branch_dop_operator_v3']) retrieved from /home/airflow/.local/lib/python3.7/site-packages/airflow/example_dags/example_branch_python_dop_operator_3.py
[2022-05-07 13:43:26,356] {logging_mixin.py:109} INFO - [2022-05-07 13:43:26,356] {dag.py:2398} INFO - Sync 1 DAGs
[2022-05-07 13:43:26,496] {logging_mixin.py:109} INFO - [2022-05-07 13:43:26,496] {dag.py:2937} INFO - Setting next_dagrun for example_branch_dop_operator_v3 to 2022-05-07T13:42:00+00:00
[2022-05-07 13:43:26,527] {processor.py:171} INFO - Processing /home/airflow/.local/lib/python3.7/site-packages/airflow/example_dags/example_branch_python_dop_operator_3.py took 0.496 seconds
[2022-05-07 13:43:57,164] {processor.py:163} INFO - Started process (PID=1212) to work on /home/airflow/.local/lib/python3.7/site-packages/airflow/example_dags/example_branch_python_dop_operator_3.py
[2022-05-07 13:43:57,170] {processor.py:642} INFO - Processing file /home/airflow/.local/lib/python3.7/site-packages/airflow/example_dags/example_branch_python_dop_operator_3.py for tasks to queue
[2022-05-07 13:43:57,173] {logging_mixin.py:109} INFO - [2022-05-07 13:43:57,173] {dagbag.py:500} INFO - Filling up the DagBag from /home/airflow/.local/lib/python3.7/site-packages/airflow/example_dags/example_branch_python_dop_operator_3.py
[2022-05-07 13:43:57,227] {processor.py:652} INFO - DAG(s) dict_keys(['example_branch_dop_operator_v3']) retrieved from /home/airflow/.local/lib/python3.7/site-packages/airflow/example_dags/example_branch_python_dop_operator_3.py
[2022-05-07 13:43:57,274] {logging_mixin.py:109} INFO - [2022-05-07 13:43:57,274] {dag.py:2398} INFO - Sync 1 DAGs
[2022-05-07 13:43:57,324] {logging_mixin.py:109} INFO - [2022-05-07 13:43:57,324] {dag.py:2937} INFO - Setting next_dagrun for example_branch_dop_operator_v3 to 2022-05-07T13:42:00+00:00
[2022-05-07 13:43:57,355] {processor.py:171} INFO - Processing /home/airflow/.local/lib/python3.7/site-packages/airflow/example_dags/example_branch_python_dop_operator_3.py took 0.197 seconds
[2022-05-07 13:44:27,957] {processor.py:163} INFO - Started process (PID=1265) to work on /home/airflow/.local/lib/python3.7/site-packages/airflow/example_dags/example_branch_python_dop_operator_3.py
[2022-05-07 13:44:27,962] {processor.py:642} INFO - Processing file /home/airflow/.local/lib/python3.7/site-packages/airflow/example_dags/example_branch_python_dop_operator_3.py for tasks to queue
[2022-05-07 13:44:27,969] {logging_mixin.py:109} INFO - [2022-05-07 13:44:27,968] {dagbag.py:500} INFO - Filling up the DagBag from /home/airflow/.local/lib/python3.7/site-packages/airflow/example_dags/example_branch_python_dop_operator_3.py
[2022-05-07 13:44:28,014] {processor.py:652} INFO - DAG(s) dict_keys(['example_branch_dop_operator_v3']) retrieved from /home/airflow/.local/lib/python3.7/site-packages/airflow/example_dags/example_branch_python_dop_operator_3.py
[2022-05-07 13:44:28,070] {logging_mixin.py:109} INFO - [2022-05-07 13:44:28,069] {dag.py:2398} INFO - Sync 1 DAGs
[2022-05-07 13:44:28,169] {logging_mixin.py:109} INFO - [2022-05-07 13:44:28,168] {dag.py:2937} INFO - Setting next_dagrun for example_branch_dop_operator_v3 to 2022-05-07T13:43:00+00:00
[2022-05-07 13:44:28,195] {processor.py:171} INFO - Processing /home/airflow/.local/lib/python3.7/site-packages/airflow/example_dags/example_branch_python_dop_operator_3.py took 0.250 seconds
[2022-05-07 13:44:58,922] {processor.py:163} INFO - Started process (PID=1317) to work on /home/airflow/.local/lib/python3.7/site-packages/airflow/example_dags/example_branch_python_dop_operator_3.py
[2022-05-07 13:44:58,930] {processor.py:642} INFO - Processing file /home/airflow/.local/lib/python3.7/site-packages/airflow/example_dags/example_branch_python_dop_operator_3.py for tasks to queue
[2022-05-07 13:44:58,934] {logging_mixin.py:109} INFO - [2022-05-07 13:44:58,934] {dagbag.py:500} INFO - Filling up the DagBag from /home/airflow/.local/lib/python3.7/site-packages/airflow/example_dags/example_branch_python_dop_operator_3.py
[2022-05-07 13:44:58,978] {processor.py:652} INFO - DAG(s) dict_keys(['example_branch_dop_operator_v3']) retrieved from /home/airflow/.local/lib/python3.7/site-packages/airflow/example_dags/example_branch_python_dop_operator_3.py
[2022-05-07 13:44:59,047] {logging_mixin.py:109} INFO - [2022-05-07 13:44:59,047] {dag.py:2398} INFO - Sync 1 DAGs
[2022-05-07 13:44:59,101] {logging_mixin.py:109} INFO - [2022-05-07 13:44:59,101] {dag.py:2937} INFO - Setting next_dagrun for example_branch_dop_operator_v3 to 2022-05-07T13:43:00+00:00
[2022-05-07 13:44:59,125] {processor.py:171} INFO - Processing /home/airflow/.local/lib/python3.7/site-packages/airflow/example_dags/example_branch_python_dop_operator_3.py took 0.232 seconds
[2022-05-07 13:45:29,231] {processor.py:163} INFO - Started process (PID=1368) to work on /home/airflow/.local/lib/python3.7/site-packages/airflow/example_dags/example_branch_python_dop_operator_3.py
[2022-05-07 13:45:29,240] {processor.py:642} INFO - Processing file /home/airflow/.local/lib/python3.7/site-packages/airflow/example_dags/example_branch_python_dop_operator_3.py for tasks to queue
[2022-05-07 13:45:29,245] {logging_mixin.py:109} INFO - [2022-05-07 13:45:29,245] {dagbag.py:500} INFO - Filling up the DagBag from /home/airflow/.local/lib/python3.7/site-packages/airflow/example_dags/example_branch_python_dop_operator_3.py
[2022-05-07 13:45:29,288] {processor.py:652} INFO - DAG(s) dict_keys(['example_branch_dop_operator_v3']) retrieved from /home/airflow/.local/lib/python3.7/site-packages/airflow/example_dags/example_branch_python_dop_operator_3.py
[2022-05-07 13:45:29,370] {logging_mixin.py:109} INFO - [2022-05-07 13:45:29,370] {dag.py:2398} INFO - Sync 1 DAGs
[2022-05-07 13:45:29,436] {logging_mixin.py:109} INFO - [2022-05-07 13:45:29,436] {dag.py:2937} INFO - Setting next_dagrun for example_branch_dop_operator_v3 to 2022-05-07T13:44:00+00:00
[2022-05-07 13:45:29,464] {processor.py:171} INFO - Processing /home/airflow/.local/lib/python3.7/site-packages/airflow/example_dags/example_branch_python_dop_operator_3.py took 0.256 seconds
[2022-05-07 13:45:59,840] {processor.py:163} INFO - Started process (PID=1431) to work on /home/airflow/.local/lib/python3.7/site-packages/airflow/example_dags/example_branch_python_dop_operator_3.py
[2022-05-07 13:45:59,848] {processor.py:642} INFO - Processing file /home/airflow/.local/lib/python3.7/site-packages/airflow/example_dags/example_branch_python_dop_operator_3.py for tasks to queue
[2022-05-07 13:45:59,855] {logging_mixin.py:109} INFO - [2022-05-07 13:45:59,854] {dagbag.py:500} INFO - Filling up the DagBag from /home/airflow/.local/lib/python3.7/site-packages/airflow/example_dags/example_branch_python_dop_operator_3.py
[2022-05-07 13:45:59,917] {processor.py:652} INFO - DAG(s) dict_keys(['example_branch_dop_operator_v3']) retrieved from /home/airflow/.local/lib/python3.7/site-packages/airflow/example_dags/example_branch_python_dop_operator_3.py
[2022-05-07 13:45:59,997] {logging_mixin.py:109} INFO - [2022-05-07 13:45:59,997] {dag.py:2398} INFO - Sync 1 DAGs
[2022-05-07 13:46:00,073] {logging_mixin.py:109} INFO - [2022-05-07 13:46:00,072] {dag.py:2937} INFO - Setting next_dagrun for example_branch_dop_operator_v3 to 2022-05-07T13:45:00+00:00
[2022-05-07 13:46:00,090] {processor.py:171} INFO - Processing /home/airflow/.local/lib/python3.7/site-packages/airflow/example_dags/example_branch_python_dop_operator_3.py took 0.278 seconds
[2022-05-07 13:46:30,338] {processor.py:163} INFO - Started process (PID=1484) to work on /home/airflow/.local/lib/python3.7/site-packages/airflow/example_dags/example_branch_python_dop_operator_3.py
[2022-05-07 13:46:30,343] {processor.py:642} INFO - Processing file /home/airflow/.local/lib/python3.7/site-packages/airflow/example_dags/example_branch_python_dop_operator_3.py for tasks to queue
[2022-05-07 13:46:30,347] {logging_mixin.py:109} INFO - [2022-05-07 13:46:30,347] {dagbag.py:500} INFO - Filling up the DagBag from /home/airflow/.local/lib/python3.7/site-packages/airflow/example_dags/example_branch_python_dop_operator_3.py
[2022-05-07 13:46:30,388] {processor.py:652} INFO - DAG(s) dict_keys(['example_branch_dop_operator_v3']) retrieved from /home/airflow/.local/lib/python3.7/site-packages/airflow/example_dags/example_branch_python_dop_operator_3.py
[2022-05-07 13:46:30,444] {logging_mixin.py:109} INFO - [2022-05-07 13:46:30,444] {dag.py:2398} INFO - Sync 1 DAGs
[2022-05-07 13:46:30,503] {logging_mixin.py:109} INFO - [2022-05-07 13:46:30,502] {dag.py:2937} INFO - Setting next_dagrun for example_branch_dop_operator_v3 to 2022-05-07T13:45:00+00:00
[2022-05-07 13:46:30,543] {processor.py:171} INFO - Processing /home/airflow/.local/lib/python3.7/site-packages/airflow/example_dags/example_branch_python_dop_operator_3.py took 0.212 seconds
[2022-05-07 13:47:00,923] {processor.py:163} INFO - Started process (PID=1537) to work on /home/airflow/.local/lib/python3.7/site-packages/airflow/example_dags/example_branch_python_dop_operator_3.py
[2022-05-07 13:47:00,927] {processor.py:642} INFO - Processing file /home/airflow/.local/lib/python3.7/site-packages/airflow/example_dags/example_branch_python_dop_operator_3.py for tasks to queue
[2022-05-07 13:47:00,929] {logging_mixin.py:109} INFO - [2022-05-07 13:47:00,929] {dagbag.py:500} INFO - Filling up the DagBag from /home/airflow/.local/lib/python3.7/site-packages/airflow/example_dags/example_branch_python_dop_operator_3.py
[2022-05-07 13:47:00,962] {processor.py:652} INFO - DAG(s) dict_keys(['example_branch_dop_operator_v3']) retrieved from /home/airflow/.local/lib/python3.7/site-packages/airflow/example_dags/example_branch_python_dop_operator_3.py
[2022-05-07 13:47:01,002] {logging_mixin.py:109} INFO - [2022-05-07 13:47:01,002] {dag.py:2398} INFO - Sync 1 DAGs
[2022-05-07 13:47:01,054] {logging_mixin.py:109} INFO - [2022-05-07 13:47:01,054] {dag.py:2937} INFO - Setting next_dagrun for example_branch_dop_operator_v3 to 2022-05-07T13:46:00+00:00
[2022-05-07 13:47:01,075] {processor.py:171} INFO - Processing /home/airflow/.local/lib/python3.7/site-packages/airflow/example_dags/example_branch_python_dop_operator_3.py took 0.157 seconds
[2022-05-07 13:47:37,760] {processor.py:163} INFO - Started process (PID=1588) to work on /home/airflow/.local/lib/python3.7/site-packages/airflow/example_dags/example_branch_python_dop_operator_3.py
[2022-05-07 13:47:37,788] {processor.py:642} INFO - Processing file /home/airflow/.local/lib/python3.7/site-packages/airflow/example_dags/example_branch_python_dop_operator_3.py for tasks to queue
[2022-05-07 13:47:37,811] {logging_mixin.py:109} INFO - [2022-05-07 13:47:37,811] {dagbag.py:500} INFO - Filling up the DagBag from /home/airflow/.local/lib/python3.7/site-packages/airflow/example_dags/example_branch_python_dop_operator_3.py
[2022-05-07 13:47:38,589] {processor.py:652} INFO - DAG(s) dict_keys(['example_branch_dop_operator_v3']) retrieved from /home/airflow/.local/lib/python3.7/site-packages/airflow/example_dags/example_branch_python_dop_operator_3.py
[2022-05-07 13:47:39,121] {logging_mixin.py:109} INFO - [2022-05-07 13:47:39,121] {dag.py:2398} INFO - Sync 1 DAGs
[2022-05-07 13:47:39,987] {logging_mixin.py:109} INFO - [2022-05-07 13:47:39,986] {dag.py:2937} INFO - Setting next_dagrun for example_branch_dop_operator_v3 to 2022-05-07T13:46:00+00:00
[2022-05-07 13:47:40,257] {processor.py:171} INFO - Processing /home/airflow/.local/lib/python3.7/site-packages/airflow/example_dags/example_branch_python_dop_operator_3.py took 2.539 seconds
[2022-05-07 13:49:20,097] {processor.py:163} INFO - Started process (PID=1651) to work on /home/airflow/.local/lib/python3.7/site-packages/airflow/example_dags/example_branch_python_dop_operator_3.py
[2022-05-07 13:49:20,105] {processor.py:642} INFO - Processing file /home/airflow/.local/lib/python3.7/site-packages/airflow/example_dags/example_branch_python_dop_operator_3.py for tasks to queue
[2022-05-07 13:49:20,123] {logging_mixin.py:109} INFO - [2022-05-07 13:49:20,122] {dagbag.py:500} INFO - Filling up the DagBag from /home/airflow/.local/lib/python3.7/site-packages/airflow/example_dags/example_branch_python_dop_operator_3.py
[2022-05-07 13:49:20,491] {processor.py:652} INFO - DAG(s) dict_keys(['example_branch_dop_operator_v3']) retrieved from /home/airflow/.local/lib/python3.7/site-packages/airflow/example_dags/example_branch_python_dop_operator_3.py
[2022-05-07 13:49:20,821] {logging_mixin.py:109} INFO - [2022-05-07 13:49:20,820] {dag.py:2398} INFO - Sync 1 DAGs
[2022-05-07 13:49:20,960] {logging_mixin.py:109} INFO - [2022-05-07 13:49:20,960] {dag.py:2937} INFO - Setting next_dagrun for example_branch_dop_operator_v3 to 2022-05-07T13:48:00+00:00
[2022-05-07 13:49:21,044] {processor.py:171} INFO - Processing /home/airflow/.local/lib/python3.7/site-packages/airflow/example_dags/example_branch_python_dop_operator_3.py took 0.975 seconds
[2022-05-07 13:49:51,320] {processor.py:163} INFO - Started process (PID=1706) to work on /home/airflow/.local/lib/python3.7/site-packages/airflow/example_dags/example_branch_python_dop_operator_3.py
[2022-05-07 13:49:51,323] {processor.py:642} INFO - Processing file /home/airflow/.local/lib/python3.7/site-packages/airflow/example_dags/example_branch_python_dop_operator_3.py for tasks to queue
[2022-05-07 13:49:51,325] {logging_mixin.py:109} INFO - [2022-05-07 13:49:51,325] {dagbag.py:500} INFO - Filling up the DagBag from /home/airflow/.local/lib/python3.7/site-packages/airflow/example_dags/example_branch_python_dop_operator_3.py
[2022-05-07 13:49:51,380] {processor.py:652} INFO - DAG(s) dict_keys(['example_branch_dop_operator_v3']) retrieved from /home/airflow/.local/lib/python3.7/site-packages/airflow/example_dags/example_branch_python_dop_operator_3.py
[2022-05-07 13:49:51,489] {logging_mixin.py:109} INFO - [2022-05-07 13:49:51,489] {dag.py:2398} INFO - Sync 1 DAGs
[2022-05-07 13:49:51,544] {logging_mixin.py:109} INFO - [2022-05-07 13:49:51,544] {dag.py:2937} INFO - Setting next_dagrun for example_branch_dop_operator_v3 to 2022-05-07T13:48:00+00:00
[2022-05-07 13:49:51,582] {processor.py:171} INFO - Processing /home/airflow/.local/lib/python3.7/site-packages/airflow/example_dags/example_branch_python_dop_operator_3.py took 0.268 seconds
[2022-05-07 13:50:22,045] {processor.py:163} INFO - Started process (PID=1759) to work on /home/airflow/.local/lib/python3.7/site-packages/airflow/example_dags/example_branch_python_dop_operator_3.py
[2022-05-07 13:50:22,050] {processor.py:642} INFO - Processing file /home/airflow/.local/lib/python3.7/site-packages/airflow/example_dags/example_branch_python_dop_operator_3.py for tasks to queue
[2022-05-07 13:50:22,054] {logging_mixin.py:109} INFO - [2022-05-07 13:50:22,053] {dagbag.py:500} INFO - Filling up the DagBag from /home/airflow/.local/lib/python3.7/site-packages/airflow/example_dags/example_branch_python_dop_operator_3.py
[2022-05-07 13:50:22,091] {processor.py:652} INFO - DAG(s) dict_keys(['example_branch_dop_operator_v3']) retrieved from /home/airflow/.local/lib/python3.7/site-packages/airflow/example_dags/example_branch_python_dop_operator_3.py
[2022-05-07 13:50:22,156] {logging_mixin.py:109} INFO - [2022-05-07 13:50:22,156] {dag.py:2398} INFO - Sync 1 DAGs
[2022-05-07 13:50:22,192] {logging_mixin.py:109} INFO - [2022-05-07 13:50:22,192] {dag.py:2937} INFO - Setting next_dagrun for example_branch_dop_operator_v3 to 2022-05-07T13:49:00+00:00
[2022-05-07 13:50:22,213] {processor.py:171} INFO - Processing /home/airflow/.local/lib/python3.7/site-packages/airflow/example_dags/example_branch_python_dop_operator_3.py took 0.175 seconds
[2022-05-07 13:50:52,617] {processor.py:163} INFO - Started process (PID=1825) to work on /home/airflow/.local/lib/python3.7/site-packages/airflow/example_dags/example_branch_python_dop_operator_3.py
[2022-05-07 13:50:52,622] {processor.py:642} INFO - Processing file /home/airflow/.local/lib/python3.7/site-packages/airflow/example_dags/example_branch_python_dop_operator_3.py for tasks to queue
[2022-05-07 13:50:52,636] {logging_mixin.py:109} INFO - [2022-05-07 13:50:52,635] {dagbag.py:500} INFO - Filling up the DagBag from /home/airflow/.local/lib/python3.7/site-packages/airflow/example_dags/example_branch_python_dop_operator_3.py
[2022-05-07 13:50:52,702] {processor.py:652} INFO - DAG(s) dict_keys(['example_branch_dop_operator_v3']) retrieved from /home/airflow/.local/lib/python3.7/site-packages/airflow/example_dags/example_branch_python_dop_operator_3.py
[2022-05-07 13:50:52,757] {logging_mixin.py:109} INFO - [2022-05-07 13:50:52,757] {dag.py:2398} INFO - Sync 1 DAGs
[2022-05-07 13:50:52,796] {logging_mixin.py:109} INFO - [2022-05-07 13:50:52,796] {dag.py:2937} INFO - Setting next_dagrun for example_branch_dop_operator_v3 to 2022-05-07T13:49:00+00:00
[2022-05-07 13:50:52,817] {processor.py:171} INFO - Processing /home/airflow/.local/lib/python3.7/site-packages/airflow/example_dags/example_branch_python_dop_operator_3.py took 0.212 seconds
[2022-05-07 13:51:23,136] {processor.py:163} INFO - Started process (PID=1877) to work on /home/airflow/.local/lib/python3.7/site-packages/airflow/example_dags/example_branch_python_dop_operator_3.py
[2022-05-07 13:51:23,140] {processor.py:642} INFO - Processing file /home/airflow/.local/lib/python3.7/site-packages/airflow/example_dags/example_branch_python_dop_operator_3.py for tasks to queue
[2022-05-07 13:51:23,142] {logging_mixin.py:109} INFO - [2022-05-07 13:51:23,142] {dagbag.py:500} INFO - Filling up the DagBag from /home/airflow/.local/lib/python3.7/site-packages/airflow/example_dags/example_branch_python_dop_operator_3.py
[2022-05-07 13:51:23,170] {processor.py:652} INFO - DAG(s) dict_keys(['example_branch_dop_operator_v3']) retrieved from /home/airflow/.local/lib/python3.7/site-packages/airflow/example_dags/example_branch_python_dop_operator_3.py
[2022-05-07 13:51:23,216] {logging_mixin.py:109} INFO - [2022-05-07 13:51:23,216] {dag.py:2398} INFO - Sync 1 DAGs
[2022-05-07 13:51:23,248] {logging_mixin.py:109} INFO - [2022-05-07 13:51:23,248] {dag.py:2937} INFO - Setting next_dagrun for example_branch_dop_operator_v3 to 2022-05-07T13:50:00+00:00
[2022-05-07 13:51:23,276] {processor.py:171} INFO - Processing /home/airflow/.local/lib/python3.7/site-packages/airflow/example_dags/example_branch_python_dop_operator_3.py took 0.146 seconds
[2022-05-07 13:51:53,352] {processor.py:163} INFO - Started process (PID=1929) to work on /home/airflow/.local/lib/python3.7/site-packages/airflow/example_dags/example_branch_python_dop_operator_3.py
[2022-05-07 13:51:53,355] {processor.py:642} INFO - Processing file /home/airflow/.local/lib/python3.7/site-packages/airflow/example_dags/example_branch_python_dop_operator_3.py for tasks to queue
[2022-05-07 13:51:53,359] {logging_mixin.py:109} INFO - [2022-05-07 13:51:53,359] {dagbag.py:500} INFO - Filling up the DagBag from /home/airflow/.local/lib/python3.7/site-packages/airflow/example_dags/example_branch_python_dop_operator_3.py
[2022-05-07 13:51:53,407] {processor.py:652} INFO - DAG(s) dict_keys(['example_branch_dop_operator_v3']) retrieved from /home/airflow/.local/lib/python3.7/site-packages/airflow/example_dags/example_branch_python_dop_operator_3.py
[2022-05-07 13:51:53,455] {logging_mixin.py:109} INFO - [2022-05-07 13:51:53,455] {dag.py:2398} INFO - Sync 1 DAGs
[2022-05-07 13:51:53,493] {logging_mixin.py:109} INFO - [2022-05-07 13:51:53,493] {dag.py:2937} INFO - Setting next_dagrun for example_branch_dop_operator_v3 to 2022-05-07T13:50:00+00:00
[2022-05-07 13:51:53,515] {processor.py:171} INFO - Processing /home/airflow/.local/lib/python3.7/site-packages/airflow/example_dags/example_branch_python_dop_operator_3.py took 0.168 seconds
[2022-05-07 13:52:24,039] {processor.py:163} INFO - Started process (PID=1984) to work on /home/airflow/.local/lib/python3.7/site-packages/airflow/example_dags/example_branch_python_dop_operator_3.py
[2022-05-07 13:52:24,044] {processor.py:642} INFO - Processing file /home/airflow/.local/lib/python3.7/site-packages/airflow/example_dags/example_branch_python_dop_operator_3.py for tasks to queue
[2022-05-07 13:52:24,047] {logging_mixin.py:109} INFO - [2022-05-07 13:52:24,046] {dagbag.py:500} INFO - Filling up the DagBag from /home/airflow/.local/lib/python3.7/site-packages/airflow/example_dags/example_branch_python_dop_operator_3.py
[2022-05-07 13:52:24,082] {processor.py:652} INFO - DAG(s) dict_keys(['example_branch_dop_operator_v3']) retrieved from /home/airflow/.local/lib/python3.7/site-packages/airflow/example_dags/example_branch_python_dop_operator_3.py
[2022-05-07 13:52:24,124] {logging_mixin.py:109} INFO - [2022-05-07 13:52:24,124] {dag.py:2398} INFO - Sync 1 DAGs
[2022-05-07 13:52:24,163] {logging_mixin.py:109} INFO - [2022-05-07 13:52:24,162] {dag.py:2937} INFO - Setting next_dagrun for example_branch_dop_operator_v3 to 2022-05-07T13:51:00+00:00
[2022-05-07 13:52:24,192] {processor.py:171} INFO - Processing /home/airflow/.local/lib/python3.7/site-packages/airflow/example_dags/example_branch_python_dop_operator_3.py took 0.162 seconds
[2022-05-07 13:52:54,610] {processor.py:163} INFO - Started process (PID=2048) to work on /home/airflow/.local/lib/python3.7/site-packages/airflow/example_dags/example_branch_python_dop_operator_3.py
[2022-05-07 13:52:54,617] {processor.py:642} INFO - Processing file /home/airflow/.local/lib/python3.7/site-packages/airflow/example_dags/example_branch_python_dop_operator_3.py for tasks to queue
[2022-05-07 13:52:54,622] {logging_mixin.py:109} INFO - [2022-05-07 13:52:54,621] {dagbag.py:500} INFO - Filling up the DagBag from /home/airflow/.local/lib/python3.7/site-packages/airflow/example_dags/example_branch_python_dop_operator_3.py
[2022-05-07 13:52:54,655] {processor.py:652} INFO - DAG(s) dict_keys(['example_branch_dop_operator_v3']) retrieved from /home/airflow/.local/lib/python3.7/site-packages/airflow/example_dags/example_branch_python_dop_operator_3.py
[2022-05-07 13:52:54,702] {logging_mixin.py:109} INFO - [2022-05-07 13:52:54,702] {dag.py:2398} INFO - Sync 1 DAGs
[2022-05-07 13:52:54,757] {logging_mixin.py:109} INFO - [2022-05-07 13:52:54,757] {dag.py:2937} INFO - Setting next_dagrun for example_branch_dop_operator_v3 to 2022-05-07T13:51:00+00:00
[2022-05-07 13:52:54,784] {processor.py:171} INFO - Processing /home/airflow/.local/lib/python3.7/site-packages/airflow/example_dags/example_branch_python_dop_operator_3.py took 0.184 seconds
[2022-05-07 13:53:25,308] {processor.py:163} INFO - Started process (PID=2103) to work on /home/airflow/.local/lib/python3.7/site-packages/airflow/example_dags/example_branch_python_dop_operator_3.py
[2022-05-07 13:53:25,311] {processor.py:642} INFO - Processing file /home/airflow/.local/lib/python3.7/site-packages/airflow/example_dags/example_branch_python_dop_operator_3.py for tasks to queue
[2022-05-07 13:53:25,313] {logging_mixin.py:109} INFO - [2022-05-07 13:53:25,313] {dagbag.py:500} INFO - Filling up the DagBag from /home/airflow/.local/lib/python3.7/site-packages/airflow/example_dags/example_branch_python_dop_operator_3.py
[2022-05-07 13:53:25,341] {processor.py:652} INFO - DAG(s) dict_keys(['example_branch_dop_operator_v3']) retrieved from /home/airflow/.local/lib/python3.7/site-packages/airflow/example_dags/example_branch_python_dop_operator_3.py
[2022-05-07 13:53:25,380] {logging_mixin.py:109} INFO - [2022-05-07 13:53:25,380] {dag.py:2398} INFO - Sync 1 DAGs
[2022-05-07 13:53:25,414] {logging_mixin.py:109} INFO - [2022-05-07 13:53:25,414] {dag.py:2937} INFO - Setting next_dagrun for example_branch_dop_operator_v3 to 2022-05-07T13:52:00+00:00
[2022-05-07 13:53:25,432] {processor.py:171} INFO - Processing /home/airflow/.local/lib/python3.7/site-packages/airflow/example_dags/example_branch_python_dop_operator_3.py took 0.130 seconds
[2022-05-07 13:53:55,495] {processor.py:163} INFO - Started process (PID=2158) to work on /home/airflow/.local/lib/python3.7/site-packages/airflow/example_dags/example_branch_python_dop_operator_3.py
[2022-05-07 13:53:55,498] {processor.py:642} INFO - Processing file /home/airflow/.local/lib/python3.7/site-packages/airflow/example_dags/example_branch_python_dop_operator_3.py for tasks to queue
[2022-05-07 13:53:55,500] {logging_mixin.py:109} INFO - [2022-05-07 13:53:55,500] {dagbag.py:500} INFO - Filling up the DagBag from /home/airflow/.local/lib/python3.7/site-packages/airflow/example_dags/example_branch_python_dop_operator_3.py
[2022-05-07 13:53:55,527] {processor.py:652} INFO - DAG(s) dict_keys(['example_branch_dop_operator_v3']) retrieved from /home/airflow/.local/lib/python3.7/site-packages/airflow/example_dags/example_branch_python_dop_operator_3.py
[2022-05-07 13:53:55,565] {logging_mixin.py:109} INFO - [2022-05-07 13:53:55,564] {dag.py:2398} INFO - Sync 1 DAGs
[2022-05-07 13:53:55,599] {logging_mixin.py:109} INFO - [2022-05-07 13:53:55,599] {dag.py:2937} INFO - Setting next_dagrun for example_branch_dop_operator_v3 to 2022-05-07T13:52:00+00:00
[2022-05-07 13:53:55,615] {processor.py:171} INFO - Processing /home/airflow/.local/lib/python3.7/site-packages/airflow/example_dags/example_branch_python_dop_operator_3.py took 0.126 seconds
[2022-05-07 13:54:26,261] {processor.py:163} INFO - Started process (PID=2210) to work on /home/airflow/.local/lib/python3.7/site-packages/airflow/example_dags/example_branch_python_dop_operator_3.py
[2022-05-07 13:54:26,264] {processor.py:642} INFO - Processing file /home/airflow/.local/lib/python3.7/site-packages/airflow/example_dags/example_branch_python_dop_operator_3.py for tasks to queue
[2022-05-07 13:54:26,267] {logging_mixin.py:109} INFO - [2022-05-07 13:54:26,267] {dagbag.py:500} INFO - Filling up the DagBag from /home/airflow/.local/lib/python3.7/site-packages/airflow/example_dags/example_branch_python_dop_operator_3.py
[2022-05-07 13:54:26,297] {processor.py:652} INFO - DAG(s) dict_keys(['example_branch_dop_operator_v3']) retrieved from /home/airflow/.local/lib/python3.7/site-packages/airflow/example_dags/example_branch_python_dop_operator_3.py
[2022-05-07 13:54:26,331] {logging_mixin.py:109} INFO - [2022-05-07 13:54:26,331] {dag.py:2398} INFO - Sync 1 DAGs
[2022-05-07 13:54:26,365] {logging_mixin.py:109} INFO - [2022-05-07 13:54:26,365] {dag.py:2937} INFO - Setting next_dagrun for example_branch_dop_operator_v3 to 2022-05-07T13:53:00+00:00
[2022-05-07 13:54:26,381] {processor.py:171} INFO - Processing /home/airflow/.local/lib/python3.7/site-packages/airflow/example_dags/example_branch_python_dop_operator_3.py took 0.126 seconds
[2022-05-07 13:54:56,521] {processor.py:163} INFO - Started process (PID=2271) to work on /home/airflow/.local/lib/python3.7/site-packages/airflow/example_dags/example_branch_python_dop_operator_3.py
[2022-05-07 13:54:56,525] {processor.py:642} INFO - Processing file /home/airflow/.local/lib/python3.7/site-packages/airflow/example_dags/example_branch_python_dop_operator_3.py for tasks to queue
[2022-05-07 13:54:56,527] {logging_mixin.py:109} INFO - [2022-05-07 13:54:56,527] {dagbag.py:500} INFO - Filling up the DagBag from /home/airflow/.local/lib/python3.7/site-packages/airflow/example_dags/example_branch_python_dop_operator_3.py
[2022-05-07 13:54:56,557] {processor.py:652} INFO - DAG(s) dict_keys(['example_branch_dop_operator_v3']) retrieved from /home/airflow/.local/lib/python3.7/site-packages/airflow/example_dags/example_branch_python_dop_operator_3.py
[2022-05-07 13:54:56,594] {logging_mixin.py:109} INFO - [2022-05-07 13:54:56,593] {dag.py:2398} INFO - Sync 1 DAGs
[2022-05-07 13:54:56,629] {logging_mixin.py:109} INFO - [2022-05-07 13:54:56,629] {dag.py:2937} INFO - Setting next_dagrun for example_branch_dop_operator_v3 to 2022-05-07T13:53:00+00:00
[2022-05-07 13:54:56,648] {processor.py:171} INFO - Processing /home/airflow/.local/lib/python3.7/site-packages/airflow/example_dags/example_branch_python_dop_operator_3.py took 0.131 seconds
[2022-05-07 13:55:26,857] {processor.py:163} INFO - Started process (PID=2324) to work on /home/airflow/.local/lib/python3.7/site-packages/airflow/example_dags/example_branch_python_dop_operator_3.py
[2022-05-07 13:55:26,861] {processor.py:642} INFO - Processing file /home/airflow/.local/lib/python3.7/site-packages/airflow/example_dags/example_branch_python_dop_operator_3.py for tasks to queue
[2022-05-07 13:55:26,863] {logging_mixin.py:109} INFO - [2022-05-07 13:55:26,863] {dagbag.py:500} INFO - Filling up the DagBag from /home/airflow/.local/lib/python3.7/site-packages/airflow/example_dags/example_branch_python_dop_operator_3.py
[2022-05-07 13:55:26,890] {processor.py:652} INFO - DAG(s) dict_keys(['example_branch_dop_operator_v3']) retrieved from /home/airflow/.local/lib/python3.7/site-packages/airflow/example_dags/example_branch_python_dop_operator_3.py
[2022-05-07 13:55:26,925] {logging_mixin.py:109} INFO - [2022-05-07 13:55:26,925] {dag.py:2398} INFO - Sync 1 DAGs
[2022-05-07 13:55:26,966] {logging_mixin.py:109} INFO - [2022-05-07 13:55:26,966] {dag.py:2937} INFO - Setting next_dagrun for example_branch_dop_operator_v3 to 2022-05-07T13:54:00+00:00
[2022-05-07 13:55:26,988] {processor.py:171} INFO - Processing /home/airflow/.local/lib/python3.7/site-packages/airflow/example_dags/example_branch_python_dop_operator_3.py took 0.137 seconds
[2022-05-07 13:55:57,158] {processor.py:163} INFO - Started process (PID=2377) to work on /home/airflow/.local/lib/python3.7/site-packages/airflow/example_dags/example_branch_python_dop_operator_3.py
[2022-05-07 13:55:57,161] {processor.py:642} INFO - Processing file /home/airflow/.local/lib/python3.7/site-packages/airflow/example_dags/example_branch_python_dop_operator_3.py for tasks to queue
[2022-05-07 13:55:57,163] {logging_mixin.py:109} INFO - [2022-05-07 13:55:57,163] {dagbag.py:500} INFO - Filling up the DagBag from /home/airflow/.local/lib/python3.7/site-packages/airflow/example_dags/example_branch_python_dop_operator_3.py
[2022-05-07 13:55:57,201] {processor.py:652} INFO - DAG(s) dict_keys(['example_branch_dop_operator_v3']) retrieved from /home/airflow/.local/lib/python3.7/site-packages/airflow/example_dags/example_branch_python_dop_operator_3.py
[2022-05-07 13:55:57,252] {logging_mixin.py:109} INFO - [2022-05-07 13:55:57,252] {dag.py:2398} INFO - Sync 1 DAGs
[2022-05-07 13:55:57,289] {logging_mixin.py:109} INFO - [2022-05-07 13:55:57,289] {dag.py:2937} INFO - Setting next_dagrun for example_branch_dop_operator_v3 to 2022-05-07T13:54:00+00:00
[2022-05-07 13:55:57,311] {processor.py:171} INFO - Processing /home/airflow/.local/lib/python3.7/site-packages/airflow/example_dags/example_branch_python_dop_operator_3.py took 0.158 seconds
[2022-05-07 13:56:27,441] {processor.py:163} INFO - Started process (PID=2428) to work on /home/airflow/.local/lib/python3.7/site-packages/airflow/example_dags/example_branch_python_dop_operator_3.py
[2022-05-07 13:56:27,443] {processor.py:642} INFO - Processing file /home/airflow/.local/lib/python3.7/site-packages/airflow/example_dags/example_branch_python_dop_operator_3.py for tasks to queue
[2022-05-07 13:56:27,446] {logging_mixin.py:109} INFO - [2022-05-07 13:56:27,445] {dagbag.py:500} INFO - Filling up the DagBag from /home/airflow/.local/lib/python3.7/site-packages/airflow/example_dags/example_branch_python_dop_operator_3.py
[2022-05-07 13:56:27,473] {processor.py:652} INFO - DAG(s) dict_keys(['example_branch_dop_operator_v3']) retrieved from /home/airflow/.local/lib/python3.7/site-packages/airflow/example_dags/example_branch_python_dop_operator_3.py
[2022-05-07 13:56:27,510] {logging_mixin.py:109} INFO - [2022-05-07 13:56:27,510] {dag.py:2398} INFO - Sync 1 DAGs
[2022-05-07 13:56:27,544] {logging_mixin.py:109} INFO - [2022-05-07 13:56:27,544] {dag.py:2937} INFO - Setting next_dagrun for example_branch_dop_operator_v3 to 2022-05-07T13:55:00+00:00
[2022-05-07 13:56:27,564] {processor.py:171} INFO - Processing /home/airflow/.local/lib/python3.7/site-packages/airflow/example_dags/example_branch_python_dop_operator_3.py took 0.129 seconds
[2022-05-07 13:56:57,988] {processor.py:163} INFO - Started process (PID=2488) to work on /home/airflow/.local/lib/python3.7/site-packages/airflow/example_dags/example_branch_python_dop_operator_3.py
[2022-05-07 13:56:57,993] {processor.py:642} INFO - Processing file /home/airflow/.local/lib/python3.7/site-packages/airflow/example_dags/example_branch_python_dop_operator_3.py for tasks to queue
[2022-05-07 13:56:57,997] {logging_mixin.py:109} INFO - [2022-05-07 13:56:57,996] {dagbag.py:500} INFO - Filling up the DagBag from /home/airflow/.local/lib/python3.7/site-packages/airflow/example_dags/example_branch_python_dop_operator_3.py
[2022-05-07 13:56:58,067] {processor.py:652} INFO - DAG(s) dict_keys(['example_branch_dop_operator_v3']) retrieved from /home/airflow/.local/lib/python3.7/site-packages/airflow/example_dags/example_branch_python_dop_operator_3.py
[2022-05-07 13:56:58,148] {logging_mixin.py:109} INFO - [2022-05-07 13:56:58,147] {dag.py:2398} INFO - Sync 1 DAGs
[2022-05-07 13:56:58,201] {logging_mixin.py:109} INFO - [2022-05-07 13:56:58,200] {dag.py:2937} INFO - Setting next_dagrun for example_branch_dop_operator_v3 to 2022-05-07T13:55:00+00:00
[2022-05-07 13:56:58,226] {processor.py:171} INFO - Processing /home/airflow/.local/lib/python3.7/site-packages/airflow/example_dags/example_branch_python_dop_operator_3.py took 0.258 seconds
[2022-05-07 13:57:28,423] {processor.py:163} INFO - Started process (PID=2542) to work on /home/airflow/.local/lib/python3.7/site-packages/airflow/example_dags/example_branch_python_dop_operator_3.py
[2022-05-07 13:57:28,428] {processor.py:642} INFO - Processing file /home/airflow/.local/lib/python3.7/site-packages/airflow/example_dags/example_branch_python_dop_operator_3.py for tasks to queue
[2022-05-07 13:57:28,432] {logging_mixin.py:109} INFO - [2022-05-07 13:57:28,431] {dagbag.py:500} INFO - Filling up the DagBag from /home/airflow/.local/lib/python3.7/site-packages/airflow/example_dags/example_branch_python_dop_operator_3.py
[2022-05-07 13:57:28,469] {processor.py:652} INFO - DAG(s) dict_keys(['example_branch_dop_operator_v3']) retrieved from /home/airflow/.local/lib/python3.7/site-packages/airflow/example_dags/example_branch_python_dop_operator_3.py
[2022-05-07 13:57:28,518] {logging_mixin.py:109} INFO - [2022-05-07 13:57:28,517] {dag.py:2398} INFO - Sync 1 DAGs
[2022-05-07 13:57:28,582] {logging_mixin.py:109} INFO - [2022-05-07 13:57:28,582] {dag.py:2937} INFO - Setting next_dagrun for example_branch_dop_operator_v3 to 2022-05-07T13:56:00+00:00
[2022-05-07 13:57:28,618] {processor.py:171} INFO - Processing /home/airflow/.local/lib/python3.7/site-packages/airflow/example_dags/example_branch_python_dop_operator_3.py took 0.202 seconds
