[2022-05-07 13:34:13,170] {processor.py:163} INFO - Started process (PID=185) to work on /home/airflow/.local/lib/python3.7/site-packages/airflow/example_dags/example_branch_operator.py
[2022-05-07 13:34:13,173] {processor.py:642} INFO - Processing file /home/airflow/.local/lib/python3.7/site-packages/airflow/example_dags/example_branch_operator.py for tasks to queue
[2022-05-07 13:34:13,175] {logging_mixin.py:109} INFO - [2022-05-07 13:34:13,175] {dagbag.py:500} INFO - Filling up the DagBag from /home/airflow/.local/lib/python3.7/site-packages/airflow/example_dags/example_branch_operator.py
[2022-05-07 13:34:13,214] {processor.py:652} INFO - DAG(s) dict_keys(['example_branch_operator']) retrieved from /home/airflow/.local/lib/python3.7/site-packages/airflow/example_dags/example_branch_operator.py
[2022-05-07 13:34:15,651] {logging_mixin.py:109} INFO - [2022-05-07 13:34:15,650] {manager.py:496} INFO - Created Permission View: can edit on DAG:example_branch_operator
[2022-05-07 13:34:15,672] {logging_mixin.py:109} INFO - [2022-05-07 13:34:15,672] {manager.py:496} INFO - Created Permission View: can read on DAG:example_branch_operator
[2022-05-07 13:34:15,674] {logging_mixin.py:109} INFO - [2022-05-07 13:34:15,673] {dag.py:2398} INFO - Sync 1 DAGs
[2022-05-07 13:34:15,685] {logging_mixin.py:109} INFO - [2022-05-07 13:34:15,685] {dag.py:2417} INFO - Creating ORM DAG for example_branch_operator
[2022-05-07 13:34:15,709] {logging_mixin.py:109} INFO - [2022-05-07 13:34:15,709] {dag.py:2937} INFO - Setting next_dagrun for example_branch_operator to 2022-05-06 00:00:00+00:00
[2022-05-07 13:34:15,728] {processor.py:171} INFO - Processing /home/airflow/.local/lib/python3.7/site-packages/airflow/example_dags/example_branch_operator.py took 2.564 seconds
[2022-05-07 13:34:46,163] {processor.py:163} INFO - Started process (PID=271) to work on /home/airflow/.local/lib/python3.7/site-packages/airflow/example_dags/example_branch_operator.py
[2022-05-07 13:34:46,166] {processor.py:642} INFO - Processing file /home/airflow/.local/lib/python3.7/site-packages/airflow/example_dags/example_branch_operator.py for tasks to queue
[2022-05-07 13:34:46,168] {logging_mixin.py:109} INFO - [2022-05-07 13:34:46,168] {dagbag.py:500} INFO - Filling up the DagBag from /home/airflow/.local/lib/python3.7/site-packages/airflow/example_dags/example_branch_operator.py
[2022-05-07 13:34:46,202] {processor.py:652} INFO - DAG(s) dict_keys(['example_branch_operator']) retrieved from /home/airflow/.local/lib/python3.7/site-packages/airflow/example_dags/example_branch_operator.py
[2022-05-07 13:34:46,265] {logging_mixin.py:109} INFO - [2022-05-07 13:34:46,264] {dag.py:2398} INFO - Sync 1 DAGs
[2022-05-07 13:34:46,339] {logging_mixin.py:109} INFO - [2022-05-07 13:34:46,339] {dag.py:2937} INFO - Setting next_dagrun for example_branch_operator to 2022-05-06 00:00:00+00:00
[2022-05-07 13:34:46,362] {processor.py:171} INFO - Processing /home/airflow/.local/lib/python3.7/site-packages/airflow/example_dags/example_branch_operator.py took 0.204 seconds
[2022-05-07 13:35:16,778] {processor.py:163} INFO - Started process (PID=324) to work on /home/airflow/.local/lib/python3.7/site-packages/airflow/example_dags/example_branch_operator.py
[2022-05-07 13:35:16,781] {processor.py:642} INFO - Processing file /home/airflow/.local/lib/python3.7/site-packages/airflow/example_dags/example_branch_operator.py for tasks to queue
[2022-05-07 13:35:16,783] {logging_mixin.py:109} INFO - [2022-05-07 13:35:16,783] {dagbag.py:500} INFO - Filling up the DagBag from /home/airflow/.local/lib/python3.7/site-packages/airflow/example_dags/example_branch_operator.py
[2022-05-07 13:35:16,812] {processor.py:652} INFO - DAG(s) dict_keys(['example_branch_operator']) retrieved from /home/airflow/.local/lib/python3.7/site-packages/airflow/example_dags/example_branch_operator.py
[2022-05-07 13:35:16,857] {logging_mixin.py:109} INFO - [2022-05-07 13:35:16,857] {dag.py:2398} INFO - Sync 1 DAGs
[2022-05-07 13:35:16,884] {logging_mixin.py:109} INFO - [2022-05-07 13:35:16,884] {dag.py:2937} INFO - Setting next_dagrun for example_branch_operator to 2022-05-06 00:00:00+00:00
[2022-05-07 13:35:16,916] {processor.py:171} INFO - Processing /home/airflow/.local/lib/python3.7/site-packages/airflow/example_dags/example_branch_operator.py took 0.144 seconds
[2022-05-07 13:35:47,031] {processor.py:163} INFO - Started process (PID=384) to work on /home/airflow/.local/lib/python3.7/site-packages/airflow/example_dags/example_branch_operator.py
[2022-05-07 13:35:47,036] {processor.py:642} INFO - Processing file /home/airflow/.local/lib/python3.7/site-packages/airflow/example_dags/example_branch_operator.py for tasks to queue
[2022-05-07 13:35:47,038] {logging_mixin.py:109} INFO - [2022-05-07 13:35:47,038] {dagbag.py:500} INFO - Filling up the DagBag from /home/airflow/.local/lib/python3.7/site-packages/airflow/example_dags/example_branch_operator.py
[2022-05-07 13:35:47,067] {processor.py:652} INFO - DAG(s) dict_keys(['example_branch_operator']) retrieved from /home/airflow/.local/lib/python3.7/site-packages/airflow/example_dags/example_branch_operator.py
[2022-05-07 13:35:47,103] {logging_mixin.py:109} INFO - [2022-05-07 13:35:47,103] {dag.py:2398} INFO - Sync 1 DAGs
[2022-05-07 13:35:47,133] {logging_mixin.py:109} INFO - [2022-05-07 13:35:47,133] {dag.py:2937} INFO - Setting next_dagrun for example_branch_operator to 2022-05-06 00:00:00+00:00
[2022-05-07 13:35:47,153] {processor.py:171} INFO - Processing /home/airflow/.local/lib/python3.7/site-packages/airflow/example_dags/example_branch_operator.py took 0.127 seconds
[2022-05-07 13:36:17,451] {processor.py:163} INFO - Started process (PID=435) to work on /home/airflow/.local/lib/python3.7/site-packages/airflow/example_dags/example_branch_operator.py
[2022-05-07 13:36:17,455] {processor.py:642} INFO - Processing file /home/airflow/.local/lib/python3.7/site-packages/airflow/example_dags/example_branch_operator.py for tasks to queue
[2022-05-07 13:36:17,458] {logging_mixin.py:109} INFO - [2022-05-07 13:36:17,458] {dagbag.py:500} INFO - Filling up the DagBag from /home/airflow/.local/lib/python3.7/site-packages/airflow/example_dags/example_branch_operator.py
[2022-05-07 13:36:17,490] {processor.py:652} INFO - DAG(s) dict_keys(['example_branch_operator']) retrieved from /home/airflow/.local/lib/python3.7/site-packages/airflow/example_dags/example_branch_operator.py
[2022-05-07 13:36:17,536] {logging_mixin.py:109} INFO - [2022-05-07 13:36:17,536] {dag.py:2398} INFO - Sync 1 DAGs
[2022-05-07 13:36:17,572] {logging_mixin.py:109} INFO - [2022-05-07 13:36:17,571] {dag.py:2937} INFO - Setting next_dagrun for example_branch_operator to 2022-05-06 00:00:00+00:00
[2022-05-07 13:36:17,598] {processor.py:171} INFO - Processing /home/airflow/.local/lib/python3.7/site-packages/airflow/example_dags/example_branch_operator.py took 0.152 seconds
[2022-05-07 13:36:50,285] {processor.py:163} INFO - Started process (PID=487) to work on /home/airflow/.local/lib/python3.7/site-packages/airflow/example_dags/example_branch_operator.py
[2022-05-07 13:36:50,306] {processor.py:642} INFO - Processing file /home/airflow/.local/lib/python3.7/site-packages/airflow/example_dags/example_branch_operator.py for tasks to queue
[2022-05-07 13:36:50,315] {logging_mixin.py:109} INFO - [2022-05-07 13:36:50,315] {dagbag.py:500} INFO - Filling up the DagBag from /home/airflow/.local/lib/python3.7/site-packages/airflow/example_dags/example_branch_operator.py
[2022-05-07 13:36:50,353] {processor.py:652} INFO - DAG(s) dict_keys(['example_branch_operator']) retrieved from /home/airflow/.local/lib/python3.7/site-packages/airflow/example_dags/example_branch_operator.py
[2022-05-07 13:36:50,418] {logging_mixin.py:109} INFO - [2022-05-07 13:36:50,417] {dag.py:2398} INFO - Sync 1 DAGs
[2022-05-07 13:36:50,469] {logging_mixin.py:109} INFO - [2022-05-07 13:36:50,469] {dag.py:2937} INFO - Setting next_dagrun for example_branch_operator to 2022-05-06 00:00:00+00:00
[2022-05-07 13:36:50,492] {processor.py:171} INFO - Processing /home/airflow/.local/lib/python3.7/site-packages/airflow/example_dags/example_branch_operator.py took 0.216 seconds
[2022-05-07 13:37:21,263] {processor.py:163} INFO - Started process (PID=539) to work on /home/airflow/.local/lib/python3.7/site-packages/airflow/example_dags/example_branch_operator.py
[2022-05-07 13:37:21,267] {processor.py:642} INFO - Processing file /home/airflow/.local/lib/python3.7/site-packages/airflow/example_dags/example_branch_operator.py for tasks to queue
[2022-05-07 13:37:21,270] {logging_mixin.py:109} INFO - [2022-05-07 13:37:21,269] {dagbag.py:500} INFO - Filling up the DagBag from /home/airflow/.local/lib/python3.7/site-packages/airflow/example_dags/example_branch_operator.py
[2022-05-07 13:37:21,302] {processor.py:652} INFO - DAG(s) dict_keys(['example_branch_operator']) retrieved from /home/airflow/.local/lib/python3.7/site-packages/airflow/example_dags/example_branch_operator.py
[2022-05-07 13:37:21,358] {logging_mixin.py:109} INFO - [2022-05-07 13:37:21,358] {dag.py:2398} INFO - Sync 1 DAGs
[2022-05-07 13:37:21,390] {logging_mixin.py:109} INFO - [2022-05-07 13:37:21,390] {dag.py:2937} INFO - Setting next_dagrun for example_branch_operator to 2022-05-06 00:00:00+00:00
[2022-05-07 13:37:21,409] {processor.py:171} INFO - Processing /home/airflow/.local/lib/python3.7/site-packages/airflow/example_dags/example_branch_operator.py took 0.152 seconds
[2022-05-07 13:37:51,783] {processor.py:163} INFO - Started process (PID=593) to work on /home/airflow/.local/lib/python3.7/site-packages/airflow/example_dags/example_branch_operator.py
[2022-05-07 13:37:51,787] {processor.py:642} INFO - Processing file /home/airflow/.local/lib/python3.7/site-packages/airflow/example_dags/example_branch_operator.py for tasks to queue
[2022-05-07 13:37:51,789] {logging_mixin.py:109} INFO - [2022-05-07 13:37:51,788] {dagbag.py:500} INFO - Filling up the DagBag from /home/airflow/.local/lib/python3.7/site-packages/airflow/example_dags/example_branch_operator.py
[2022-05-07 13:37:51,821] {processor.py:652} INFO - DAG(s) dict_keys(['example_branch_operator']) retrieved from /home/airflow/.local/lib/python3.7/site-packages/airflow/example_dags/example_branch_operator.py
[2022-05-07 13:37:51,864] {logging_mixin.py:109} INFO - [2022-05-07 13:37:51,864] {dag.py:2398} INFO - Sync 1 DAGs
[2022-05-07 13:37:51,892] {logging_mixin.py:109} INFO - [2022-05-07 13:37:51,891] {dag.py:2937} INFO - Setting next_dagrun for example_branch_operator to 2022-05-06 00:00:00+00:00
[2022-05-07 13:37:51,910] {processor.py:171} INFO - Processing /home/airflow/.local/lib/python3.7/site-packages/airflow/example_dags/example_branch_operator.py took 0.135 seconds
[2022-05-07 13:38:23,189] {processor.py:163} INFO - Started process (PID=645) to work on /home/airflow/.local/lib/python3.7/site-packages/airflow/example_dags/example_branch_operator.py
[2022-05-07 13:38:23,193] {processor.py:642} INFO - Processing file /home/airflow/.local/lib/python3.7/site-packages/airflow/example_dags/example_branch_operator.py for tasks to queue
[2022-05-07 13:38:23,197] {logging_mixin.py:109} INFO - [2022-05-07 13:38:23,197] {dagbag.py:500} INFO - Filling up the DagBag from /home/airflow/.local/lib/python3.7/site-packages/airflow/example_dags/example_branch_operator.py
[2022-05-07 13:38:23,245] {processor.py:652} INFO - DAG(s) dict_keys(['example_branch_operator']) retrieved from /home/airflow/.local/lib/python3.7/site-packages/airflow/example_dags/example_branch_operator.py
[2022-05-07 13:38:23,305] {logging_mixin.py:109} INFO - [2022-05-07 13:38:23,304] {dag.py:2398} INFO - Sync 1 DAGs
[2022-05-07 13:38:23,361] {logging_mixin.py:109} INFO - [2022-05-07 13:38:23,361] {dag.py:2937} INFO - Setting next_dagrun for example_branch_operator to 2022-05-06 00:00:00+00:00
[2022-05-07 13:38:23,406] {processor.py:171} INFO - Processing /home/airflow/.local/lib/python3.7/site-packages/airflow/example_dags/example_branch_operator.py took 0.228 seconds
[2022-05-07 13:38:55,143] {processor.py:163} INFO - Started process (PID=697) to work on /home/airflow/.local/lib/python3.7/site-packages/airflow/example_dags/example_branch_operator.py
[2022-05-07 13:38:55,148] {processor.py:642} INFO - Processing file /home/airflow/.local/lib/python3.7/site-packages/airflow/example_dags/example_branch_operator.py for tasks to queue
[2022-05-07 13:38:55,155] {logging_mixin.py:109} INFO - [2022-05-07 13:38:55,155] {dagbag.py:500} INFO - Filling up the DagBag from /home/airflow/.local/lib/python3.7/site-packages/airflow/example_dags/example_branch_operator.py
[2022-05-07 13:38:55,200] {processor.py:652} INFO - DAG(s) dict_keys(['example_branch_operator']) retrieved from /home/airflow/.local/lib/python3.7/site-packages/airflow/example_dags/example_branch_operator.py
[2022-05-07 13:38:55,258] {logging_mixin.py:109} INFO - [2022-05-07 13:38:55,257] {dag.py:2398} INFO - Sync 1 DAGs
[2022-05-07 13:38:55,291] {logging_mixin.py:109} INFO - [2022-05-07 13:38:55,291] {dag.py:2937} INFO - Setting next_dagrun for example_branch_operator to 2022-05-06 00:00:00+00:00
[2022-05-07 13:38:55,316] {processor.py:171} INFO - Processing /home/airflow/.local/lib/python3.7/site-packages/airflow/example_dags/example_branch_operator.py took 0.180 seconds
[2022-05-07 13:39:25,722] {processor.py:163} INFO - Started process (PID=750) to work on /home/airflow/.local/lib/python3.7/site-packages/airflow/example_dags/example_branch_operator.py
[2022-05-07 13:39:25,727] {processor.py:642} INFO - Processing file /home/airflow/.local/lib/python3.7/site-packages/airflow/example_dags/example_branch_operator.py for tasks to queue
[2022-05-07 13:39:25,730] {logging_mixin.py:109} INFO - [2022-05-07 13:39:25,730] {dagbag.py:500} INFO - Filling up the DagBag from /home/airflow/.local/lib/python3.7/site-packages/airflow/example_dags/example_branch_operator.py
[2022-05-07 13:39:25,777] {processor.py:652} INFO - DAG(s) dict_keys(['example_branch_operator']) retrieved from /home/airflow/.local/lib/python3.7/site-packages/airflow/example_dags/example_branch_operator.py
[2022-05-07 13:39:25,845] {logging_mixin.py:109} INFO - [2022-05-07 13:39:25,844] {dag.py:2398} INFO - Sync 1 DAGs
[2022-05-07 13:39:25,890] {logging_mixin.py:109} INFO - [2022-05-07 13:39:25,890] {dag.py:2937} INFO - Setting next_dagrun for example_branch_operator to 2022-05-06 00:00:00+00:00
[2022-05-07 13:39:25,916] {processor.py:171} INFO - Processing /home/airflow/.local/lib/python3.7/site-packages/airflow/example_dags/example_branch_operator.py took 0.204 seconds
[2022-05-07 13:39:56,301] {processor.py:163} INFO - Started process (PID=811) to work on /home/airflow/.local/lib/python3.7/site-packages/airflow/example_dags/example_branch_operator.py
[2022-05-07 13:39:56,310] {processor.py:642} INFO - Processing file /home/airflow/.local/lib/python3.7/site-packages/airflow/example_dags/example_branch_operator.py for tasks to queue
[2022-05-07 13:39:56,319] {logging_mixin.py:109} INFO - [2022-05-07 13:39:56,319] {dagbag.py:500} INFO - Filling up the DagBag from /home/airflow/.local/lib/python3.7/site-packages/airflow/example_dags/example_branch_operator.py
[2022-05-07 13:39:56,371] {processor.py:652} INFO - DAG(s) dict_keys(['example_branch_operator']) retrieved from /home/airflow/.local/lib/python3.7/site-packages/airflow/example_dags/example_branch_operator.py
[2022-05-07 13:39:56,451] {logging_mixin.py:109} INFO - [2022-05-07 13:39:56,450] {dag.py:2398} INFO - Sync 1 DAGs
[2022-05-07 13:39:56,506] {logging_mixin.py:109} INFO - [2022-05-07 13:39:56,505] {dag.py:2937} INFO - Setting next_dagrun for example_branch_operator to 2022-05-06 00:00:00+00:00
[2022-05-07 13:39:56,584] {processor.py:171} INFO - Processing /home/airflow/.local/lib/python3.7/site-packages/airflow/example_dags/example_branch_operator.py took 0.293 seconds
[2022-05-07 13:40:27,410] {processor.py:163} INFO - Started process (PID=865) to work on /home/airflow/.local/lib/python3.7/site-packages/airflow/example_dags/example_branch_operator.py
[2022-05-07 13:40:27,419] {processor.py:642} INFO - Processing file /home/airflow/.local/lib/python3.7/site-packages/airflow/example_dags/example_branch_operator.py for tasks to queue
[2022-05-07 13:40:27,423] {logging_mixin.py:109} INFO - [2022-05-07 13:40:27,423] {dagbag.py:500} INFO - Filling up the DagBag from /home/airflow/.local/lib/python3.7/site-packages/airflow/example_dags/example_branch_operator.py
[2022-05-07 13:40:27,483] {processor.py:652} INFO - DAG(s) dict_keys(['example_branch_operator']) retrieved from /home/airflow/.local/lib/python3.7/site-packages/airflow/example_dags/example_branch_operator.py
[2022-05-07 13:40:27,546] {logging_mixin.py:109} INFO - [2022-05-07 13:40:27,545] {dag.py:2398} INFO - Sync 1 DAGs
[2022-05-07 13:40:27,662] {logging_mixin.py:109} INFO - [2022-05-07 13:40:27,662] {dag.py:2937} INFO - Setting next_dagrun for example_branch_operator to 2022-05-06 00:00:00+00:00
[2022-05-07 13:40:27,712] {processor.py:171} INFO - Processing /home/airflow/.local/lib/python3.7/site-packages/airflow/example_dags/example_branch_operator.py took 0.312 seconds
[2022-05-07 13:40:59,577] {processor.py:163} INFO - Started process (PID=918) to work on /home/airflow/.local/lib/python3.7/site-packages/airflow/example_dags/example_branch_operator.py
[2022-05-07 13:40:59,582] {processor.py:642} INFO - Processing file /home/airflow/.local/lib/python3.7/site-packages/airflow/example_dags/example_branch_operator.py for tasks to queue
[2022-05-07 13:40:59,584] {logging_mixin.py:109} INFO - [2022-05-07 13:40:59,584] {dagbag.py:500} INFO - Filling up the DagBag from /home/airflow/.local/lib/python3.7/site-packages/airflow/example_dags/example_branch_operator.py
[2022-05-07 13:40:59,617] {processor.py:652} INFO - DAG(s) dict_keys(['example_branch_operator']) retrieved from /home/airflow/.local/lib/python3.7/site-packages/airflow/example_dags/example_branch_operator.py
[2022-05-07 13:40:59,673] {logging_mixin.py:109} INFO - [2022-05-07 13:40:59,673] {dag.py:2398} INFO - Sync 1 DAGs
[2022-05-07 13:40:59,762] {logging_mixin.py:109} INFO - [2022-05-07 13:40:59,761] {dag.py:2937} INFO - Setting next_dagrun for example_branch_operator to 2022-05-06 00:00:00+00:00
[2022-05-07 13:40:59,817] {processor.py:171} INFO - Processing /home/airflow/.local/lib/python3.7/site-packages/airflow/example_dags/example_branch_operator.py took 0.245 seconds
[2022-05-07 13:41:30,785] {processor.py:163} INFO - Started process (PID=968) to work on /home/airflow/.local/lib/python3.7/site-packages/airflow/example_dags/example_branch_operator.py
[2022-05-07 13:41:30,794] {processor.py:642} INFO - Processing file /home/airflow/.local/lib/python3.7/site-packages/airflow/example_dags/example_branch_operator.py for tasks to queue
[2022-05-07 13:41:30,798] {logging_mixin.py:109} INFO - [2022-05-07 13:41:30,797] {dagbag.py:500} INFO - Filling up the DagBag from /home/airflow/.local/lib/python3.7/site-packages/airflow/example_dags/example_branch_operator.py
[2022-05-07 13:41:30,867] {processor.py:652} INFO - DAG(s) dict_keys(['example_branch_operator']) retrieved from /home/airflow/.local/lib/python3.7/site-packages/airflow/example_dags/example_branch_operator.py
[2022-05-07 13:41:30,926] {logging_mixin.py:109} INFO - [2022-05-07 13:41:30,926] {dag.py:2398} INFO - Sync 1 DAGs
[2022-05-07 13:41:30,966] {logging_mixin.py:109} INFO - [2022-05-07 13:41:30,966] {dag.py:2937} INFO - Setting next_dagrun for example_branch_operator to 2022-05-06 00:00:00+00:00
[2022-05-07 13:41:30,988] {processor.py:171} INFO - Processing /home/airflow/.local/lib/python3.7/site-packages/airflow/example_dags/example_branch_operator.py took 0.208 seconds
[2022-05-07 13:42:02,725] {processor.py:163} INFO - Started process (PID=1019) to work on /home/airflow/.local/lib/python3.7/site-packages/airflow/example_dags/example_branch_operator.py
[2022-05-07 13:42:02,730] {processor.py:642} INFO - Processing file /home/airflow/.local/lib/python3.7/site-packages/airflow/example_dags/example_branch_operator.py for tasks to queue
[2022-05-07 13:42:02,733] {logging_mixin.py:109} INFO - [2022-05-07 13:42:02,733] {dagbag.py:500} INFO - Filling up the DagBag from /home/airflow/.local/lib/python3.7/site-packages/airflow/example_dags/example_branch_operator.py
[2022-05-07 13:42:02,776] {processor.py:652} INFO - DAG(s) dict_keys(['example_branch_operator']) retrieved from /home/airflow/.local/lib/python3.7/site-packages/airflow/example_dags/example_branch_operator.py
[2022-05-07 13:42:02,843] {logging_mixin.py:109} INFO - [2022-05-07 13:42:02,842] {dag.py:2398} INFO - Sync 1 DAGs
[2022-05-07 13:42:02,894] {logging_mixin.py:109} INFO - [2022-05-07 13:42:02,893] {dag.py:2937} INFO - Setting next_dagrun for example_branch_operator to 2022-05-06 00:00:00+00:00
[2022-05-07 13:42:02,944] {processor.py:171} INFO - Processing /home/airflow/.local/lib/python3.7/site-packages/airflow/example_dags/example_branch_operator.py took 0.230 seconds
[2022-05-07 13:42:33,579] {processor.py:163} INFO - Started process (PID=1071) to work on /home/airflow/.local/lib/python3.7/site-packages/airflow/example_dags/example_branch_operator.py
[2022-05-07 13:42:33,584] {processor.py:642} INFO - Processing file /home/airflow/.local/lib/python3.7/site-packages/airflow/example_dags/example_branch_operator.py for tasks to queue
[2022-05-07 13:42:33,587] {logging_mixin.py:109} INFO - [2022-05-07 13:42:33,587] {dagbag.py:500} INFO - Filling up the DagBag from /home/airflow/.local/lib/python3.7/site-packages/airflow/example_dags/example_branch_operator.py
[2022-05-07 13:42:33,645] {processor.py:652} INFO - DAG(s) dict_keys(['example_branch_operator']) retrieved from /home/airflow/.local/lib/python3.7/site-packages/airflow/example_dags/example_branch_operator.py
[2022-05-07 13:42:33,766] {logging_mixin.py:109} INFO - [2022-05-07 13:42:33,766] {dag.py:2398} INFO - Sync 1 DAGs
[2022-05-07 13:42:33,833] {logging_mixin.py:109} INFO - [2022-05-07 13:42:33,832] {dag.py:2937} INFO - Setting next_dagrun for example_branch_operator to 2022-05-06 00:00:00+00:00
[2022-05-07 13:42:33,865] {processor.py:171} INFO - Processing /home/airflow/.local/lib/python3.7/site-packages/airflow/example_dags/example_branch_operator.py took 0.301 seconds
[2022-05-07 13:43:04,112] {processor.py:163} INFO - Started process (PID=1135) to work on /home/airflow/.local/lib/python3.7/site-packages/airflow/example_dags/example_branch_operator.py
[2022-05-07 13:43:04,120] {processor.py:642} INFO - Processing file /home/airflow/.local/lib/python3.7/site-packages/airflow/example_dags/example_branch_operator.py for tasks to queue
[2022-05-07 13:43:04,125] {logging_mixin.py:109} INFO - [2022-05-07 13:43:04,124] {dagbag.py:500} INFO - Filling up the DagBag from /home/airflow/.local/lib/python3.7/site-packages/airflow/example_dags/example_branch_operator.py
[2022-05-07 13:43:04,184] {processor.py:652} INFO - DAG(s) dict_keys(['example_branch_operator']) retrieved from /home/airflow/.local/lib/python3.7/site-packages/airflow/example_dags/example_branch_operator.py
[2022-05-07 13:43:04,255] {logging_mixin.py:109} INFO - [2022-05-07 13:43:04,255] {dag.py:2398} INFO - Sync 1 DAGs
[2022-05-07 13:43:04,294] {logging_mixin.py:109} INFO - [2022-05-07 13:43:04,294] {dag.py:2937} INFO - Setting next_dagrun for example_branch_operator to 2022-05-06 00:00:00+00:00
[2022-05-07 13:43:04,317] {processor.py:171} INFO - Processing /home/airflow/.local/lib/python3.7/site-packages/airflow/example_dags/example_branch_operator.py took 0.212 seconds
[2022-05-07 13:43:39,945] {processor.py:163} INFO - Started process (PID=1187) to work on /home/airflow/.local/lib/python3.7/site-packages/airflow/example_dags/example_branch_operator.py
[2022-05-07 13:43:39,950] {processor.py:642} INFO - Processing file /home/airflow/.local/lib/python3.7/site-packages/airflow/example_dags/example_branch_operator.py for tasks to queue
[2022-05-07 13:43:39,975] {logging_mixin.py:109} INFO - [2022-05-07 13:43:39,966] {dagbag.py:500} INFO - Filling up the DagBag from /home/airflow/.local/lib/python3.7/site-packages/airflow/example_dags/example_branch_operator.py
[2022-05-07 13:43:40,084] {processor.py:652} INFO - DAG(s) dict_keys(['example_branch_operator']) retrieved from /home/airflow/.local/lib/python3.7/site-packages/airflow/example_dags/example_branch_operator.py
[2022-05-07 13:43:40,201] {logging_mixin.py:109} INFO - [2022-05-07 13:43:40,201] {dag.py:2398} INFO - Sync 1 DAGs
[2022-05-07 13:43:40,376] {logging_mixin.py:109} INFO - [2022-05-07 13:43:40,375] {dag.py:2937} INFO - Setting next_dagrun for example_branch_operator to 2022-05-06 00:00:00+00:00
[2022-05-07 13:43:40,673] {processor.py:171} INFO - Processing /home/airflow/.local/lib/python3.7/site-packages/airflow/example_dags/example_branch_operator.py took 0.785 seconds
[2022-05-07 13:44:10,953] {processor.py:163} INFO - Started process (PID=1240) to work on /home/airflow/.local/lib/python3.7/site-packages/airflow/example_dags/example_branch_operator.py
[2022-05-07 13:44:10,956] {processor.py:642} INFO - Processing file /home/airflow/.local/lib/python3.7/site-packages/airflow/example_dags/example_branch_operator.py for tasks to queue
[2022-05-07 13:44:10,958] {logging_mixin.py:109} INFO - [2022-05-07 13:44:10,958] {dagbag.py:500} INFO - Filling up the DagBag from /home/airflow/.local/lib/python3.7/site-packages/airflow/example_dags/example_branch_operator.py
[2022-05-07 13:44:11,007] {processor.py:652} INFO - DAG(s) dict_keys(['example_branch_operator']) retrieved from /home/airflow/.local/lib/python3.7/site-packages/airflow/example_dags/example_branch_operator.py
[2022-05-07 13:44:11,071] {logging_mixin.py:109} INFO - [2022-05-07 13:44:11,070] {dag.py:2398} INFO - Sync 1 DAGs
[2022-05-07 13:44:11,128] {logging_mixin.py:109} INFO - [2022-05-07 13:44:11,127] {dag.py:2937} INFO - Setting next_dagrun for example_branch_operator to 2022-05-06 00:00:00+00:00
[2022-05-07 13:44:11,164] {processor.py:171} INFO - Processing /home/airflow/.local/lib/python3.7/site-packages/airflow/example_dags/example_branch_operator.py took 0.217 seconds
[2022-05-07 13:44:42,961] {processor.py:163} INFO - Started process (PID=1293) to work on /home/airflow/.local/lib/python3.7/site-packages/airflow/example_dags/example_branch_operator.py
[2022-05-07 13:44:42,973] {processor.py:642} INFO - Processing file /home/airflow/.local/lib/python3.7/site-packages/airflow/example_dags/example_branch_operator.py for tasks to queue
[2022-05-07 13:44:42,983] {logging_mixin.py:109} INFO - [2022-05-07 13:44:42,981] {dagbag.py:500} INFO - Filling up the DagBag from /home/airflow/.local/lib/python3.7/site-packages/airflow/example_dags/example_branch_operator.py
[2022-05-07 13:44:43,049] {processor.py:652} INFO - DAG(s) dict_keys(['example_branch_operator']) retrieved from /home/airflow/.local/lib/python3.7/site-packages/airflow/example_dags/example_branch_operator.py
[2022-05-07 13:44:43,171] {logging_mixin.py:109} INFO - [2022-05-07 13:44:43,171] {dag.py:2398} INFO - Sync 1 DAGs
[2022-05-07 13:44:43,330] {logging_mixin.py:109} INFO - [2022-05-07 13:44:43,330] {dag.py:2937} INFO - Setting next_dagrun for example_branch_operator to 2022-05-06 00:00:00+00:00
[2022-05-07 13:44:43,362] {processor.py:171} INFO - Processing /home/airflow/.local/lib/python3.7/site-packages/airflow/example_dags/example_branch_operator.py took 0.413 seconds
[2022-05-07 13:45:13,624] {processor.py:163} INFO - Started process (PID=1343) to work on /home/airflow/.local/lib/python3.7/site-packages/airflow/example_dags/example_branch_operator.py
[2022-05-07 13:45:13,626] {processor.py:642} INFO - Processing file /home/airflow/.local/lib/python3.7/site-packages/airflow/example_dags/example_branch_operator.py for tasks to queue
[2022-05-07 13:45:13,628] {logging_mixin.py:109} INFO - [2022-05-07 13:45:13,628] {dagbag.py:500} INFO - Filling up the DagBag from /home/airflow/.local/lib/python3.7/site-packages/airflow/example_dags/example_branch_operator.py
[2022-05-07 13:45:13,671] {processor.py:652} INFO - DAG(s) dict_keys(['example_branch_operator']) retrieved from /home/airflow/.local/lib/python3.7/site-packages/airflow/example_dags/example_branch_operator.py
[2022-05-07 13:45:13,709] {logging_mixin.py:109} INFO - [2022-05-07 13:45:13,709] {dag.py:2398} INFO - Sync 1 DAGs
[2022-05-07 13:45:13,737] {logging_mixin.py:109} INFO - [2022-05-07 13:45:13,737] {dag.py:2937} INFO - Setting next_dagrun for example_branch_operator to 2022-05-06 00:00:00+00:00
[2022-05-07 13:45:13,752] {processor.py:171} INFO - Processing /home/airflow/.local/lib/python3.7/site-packages/airflow/example_dags/example_branch_operator.py took 0.134 seconds
[2022-05-07 13:45:44,428] {processor.py:163} INFO - Started process (PID=1403) to work on /home/airflow/.local/lib/python3.7/site-packages/airflow/example_dags/example_branch_operator.py
[2022-05-07 13:45:44,431] {processor.py:642} INFO - Processing file /home/airflow/.local/lib/python3.7/site-packages/airflow/example_dags/example_branch_operator.py for tasks to queue
[2022-05-07 13:45:44,434] {logging_mixin.py:109} INFO - [2022-05-07 13:45:44,434] {dagbag.py:500} INFO - Filling up the DagBag from /home/airflow/.local/lib/python3.7/site-packages/airflow/example_dags/example_branch_operator.py
[2022-05-07 13:45:44,470] {processor.py:652} INFO - DAG(s) dict_keys(['example_branch_operator']) retrieved from /home/airflow/.local/lib/python3.7/site-packages/airflow/example_dags/example_branch_operator.py
[2022-05-07 13:45:44,523] {logging_mixin.py:109} INFO - [2022-05-07 13:45:44,523] {dag.py:2398} INFO - Sync 1 DAGs
[2022-05-07 13:45:44,570] {logging_mixin.py:109} INFO - [2022-05-07 13:45:44,569] {dag.py:2937} INFO - Setting next_dagrun for example_branch_operator to 2022-05-06 00:00:00+00:00
[2022-05-07 13:45:44,597] {processor.py:171} INFO - Processing /home/airflow/.local/lib/python3.7/site-packages/airflow/example_dags/example_branch_operator.py took 0.174 seconds
[2022-05-07 13:46:14,973] {processor.py:163} INFO - Started process (PID=1456) to work on /home/airflow/.local/lib/python3.7/site-packages/airflow/example_dags/example_branch_operator.py
[2022-05-07 13:46:14,978] {processor.py:642} INFO - Processing file /home/airflow/.local/lib/python3.7/site-packages/airflow/example_dags/example_branch_operator.py for tasks to queue
[2022-05-07 13:46:14,981] {logging_mixin.py:109} INFO - [2022-05-07 13:46:14,981] {dagbag.py:500} INFO - Filling up the DagBag from /home/airflow/.local/lib/python3.7/site-packages/airflow/example_dags/example_branch_operator.py
[2022-05-07 13:46:15,019] {processor.py:652} INFO - DAG(s) dict_keys(['example_branch_operator']) retrieved from /home/airflow/.local/lib/python3.7/site-packages/airflow/example_dags/example_branch_operator.py
[2022-05-07 13:46:15,070] {logging_mixin.py:109} INFO - [2022-05-07 13:46:15,070] {dag.py:2398} INFO - Sync 1 DAGs
[2022-05-07 13:46:15,106] {logging_mixin.py:109} INFO - [2022-05-07 13:46:15,106] {dag.py:2937} INFO - Setting next_dagrun for example_branch_operator to 2022-05-06 00:00:00+00:00
[2022-05-07 13:46:15,131] {processor.py:171} INFO - Processing /home/airflow/.local/lib/python3.7/site-packages/airflow/example_dags/example_branch_operator.py took 0.187 seconds
[2022-05-07 13:46:45,304] {processor.py:163} INFO - Started process (PID=1509) to work on /home/airflow/.local/lib/python3.7/site-packages/airflow/example_dags/example_branch_operator.py
[2022-05-07 13:46:45,309] {processor.py:642} INFO - Processing file /home/airflow/.local/lib/python3.7/site-packages/airflow/example_dags/example_branch_operator.py for tasks to queue
[2022-05-07 13:46:45,314] {logging_mixin.py:109} INFO - [2022-05-07 13:46:45,313] {dagbag.py:500} INFO - Filling up the DagBag from /home/airflow/.local/lib/python3.7/site-packages/airflow/example_dags/example_branch_operator.py
[2022-05-07 13:46:45,361] {processor.py:652} INFO - DAG(s) dict_keys(['example_branch_operator']) retrieved from /home/airflow/.local/lib/python3.7/site-packages/airflow/example_dags/example_branch_operator.py
[2022-05-07 13:46:45,399] {logging_mixin.py:109} INFO - [2022-05-07 13:46:45,399] {dag.py:2398} INFO - Sync 1 DAGs
[2022-05-07 13:46:45,428] {logging_mixin.py:109} INFO - [2022-05-07 13:46:45,428] {dag.py:2937} INFO - Setting next_dagrun for example_branch_operator to 2022-05-06 00:00:00+00:00
[2022-05-07 13:46:45,442] {processor.py:171} INFO - Processing /home/airflow/.local/lib/python3.7/site-packages/airflow/example_dags/example_branch_operator.py took 0.144 seconds
[2022-05-07 13:47:15,919] {processor.py:163} INFO - Started process (PID=1562) to work on /home/airflow/.local/lib/python3.7/site-packages/airflow/example_dags/example_branch_operator.py
[2022-05-07 13:47:15,933] {processor.py:642} INFO - Processing file /home/airflow/.local/lib/python3.7/site-packages/airflow/example_dags/example_branch_operator.py for tasks to queue
[2022-05-07 13:47:15,946] {logging_mixin.py:109} INFO - [2022-05-07 13:47:15,944] {dagbag.py:500} INFO - Filling up the DagBag from /home/airflow/.local/lib/python3.7/site-packages/airflow/example_dags/example_branch_operator.py
[2022-05-07 13:47:16,059] {processor.py:652} INFO - DAG(s) dict_keys(['example_branch_operator']) retrieved from /home/airflow/.local/lib/python3.7/site-packages/airflow/example_dags/example_branch_operator.py
[2022-05-07 13:47:16,309] {logging_mixin.py:109} INFO - [2022-05-07 13:47:16,309] {dag.py:2398} INFO - Sync 1 DAGs
[2022-05-07 13:47:16,585] {logging_mixin.py:109} INFO - [2022-05-07 13:47:16,584] {dag.py:2937} INFO - Setting next_dagrun for example_branch_operator to 2022-05-06 00:00:00+00:00
[2022-05-07 13:47:16,705] {processor.py:171} INFO - Processing /home/airflow/.local/lib/python3.7/site-packages/airflow/example_dags/example_branch_operator.py took 0.804 seconds
[2022-05-07 13:49:30,411] {processor.py:163} INFO - Started process (PID=1673) to work on /home/airflow/.local/lib/python3.7/site-packages/airflow/example_dags/example_branch_operator.py
[2022-05-07 13:49:30,420] {processor.py:642} INFO - Processing file /home/airflow/.local/lib/python3.7/site-packages/airflow/example_dags/example_branch_operator.py for tasks to queue
[2022-05-07 13:49:30,424] {logging_mixin.py:109} INFO - [2022-05-07 13:49:30,424] {dagbag.py:500} INFO - Filling up the DagBag from /home/airflow/.local/lib/python3.7/site-packages/airflow/example_dags/example_branch_operator.py
[2022-05-07 13:49:30,547] {processor.py:652} INFO - DAG(s) dict_keys(['example_branch_operator']) retrieved from /home/airflow/.local/lib/python3.7/site-packages/airflow/example_dags/example_branch_operator.py
[2022-05-07 13:49:30,654] {logging_mixin.py:109} INFO - [2022-05-07 13:49:30,654] {dag.py:2398} INFO - Sync 1 DAGs
[2022-05-07 13:49:30,752] {logging_mixin.py:109} INFO - [2022-05-07 13:49:30,752] {dag.py:2937} INFO - Setting next_dagrun for example_branch_operator to 2022-05-06 00:00:00+00:00
[2022-05-07 13:49:30,785] {processor.py:171} INFO - Processing /home/airflow/.local/lib/python3.7/site-packages/airflow/example_dags/example_branch_operator.py took 0.390 seconds
[2022-05-07 13:50:00,902] {processor.py:163} INFO - Started process (PID=1729) to work on /home/airflow/.local/lib/python3.7/site-packages/airflow/example_dags/example_branch_operator.py
[2022-05-07 13:50:00,905] {processor.py:642} INFO - Processing file /home/airflow/.local/lib/python3.7/site-packages/airflow/example_dags/example_branch_operator.py for tasks to queue
[2022-05-07 13:50:00,908] {logging_mixin.py:109} INFO - [2022-05-07 13:50:00,908] {dagbag.py:500} INFO - Filling up the DagBag from /home/airflow/.local/lib/python3.7/site-packages/airflow/example_dags/example_branch_operator.py
[2022-05-07 13:50:00,945] {processor.py:652} INFO - DAG(s) dict_keys(['example_branch_operator']) retrieved from /home/airflow/.local/lib/python3.7/site-packages/airflow/example_dags/example_branch_operator.py
[2022-05-07 13:50:00,998] {logging_mixin.py:109} INFO - [2022-05-07 13:50:00,997] {dag.py:2398} INFO - Sync 1 DAGs
[2022-05-07 13:50:01,035] {logging_mixin.py:109} INFO - [2022-05-07 13:50:01,034] {dag.py:2937} INFO - Setting next_dagrun for example_branch_operator to 2022-05-06 00:00:00+00:00
[2022-05-07 13:50:01,059] {processor.py:171} INFO - Processing /home/airflow/.local/lib/python3.7/site-packages/airflow/example_dags/example_branch_operator.py took 0.166 seconds
[2022-05-07 13:50:31,562] {processor.py:163} INFO - Started process (PID=1782) to work on /home/airflow/.local/lib/python3.7/site-packages/airflow/example_dags/example_branch_operator.py
[2022-05-07 13:50:31,565] {processor.py:642} INFO - Processing file /home/airflow/.local/lib/python3.7/site-packages/airflow/example_dags/example_branch_operator.py for tasks to queue
[2022-05-07 13:50:31,568] {logging_mixin.py:109} INFO - [2022-05-07 13:50:31,567] {dagbag.py:500} INFO - Filling up the DagBag from /home/airflow/.local/lib/python3.7/site-packages/airflow/example_dags/example_branch_operator.py
[2022-05-07 13:50:31,610] {processor.py:652} INFO - DAG(s) dict_keys(['example_branch_operator']) retrieved from /home/airflow/.local/lib/python3.7/site-packages/airflow/example_dags/example_branch_operator.py
[2022-05-07 13:50:31,656] {logging_mixin.py:109} INFO - [2022-05-07 13:50:31,656] {dag.py:2398} INFO - Sync 1 DAGs
[2022-05-07 13:50:31,691] {logging_mixin.py:109} INFO - [2022-05-07 13:50:31,691] {dag.py:2937} INFO - Setting next_dagrun for example_branch_operator to 2022-05-06 00:00:00+00:00
[2022-05-07 13:50:31,723] {processor.py:171} INFO - Processing /home/airflow/.local/lib/python3.7/site-packages/airflow/example_dags/example_branch_operator.py took 0.168 seconds
[2022-05-07 13:51:02,528] {processor.py:163} INFO - Started process (PID=1838) to work on /home/airflow/.local/lib/python3.7/site-packages/airflow/example_dags/example_branch_operator.py
[2022-05-07 13:51:02,540] {processor.py:642} INFO - Processing file /home/airflow/.local/lib/python3.7/site-packages/airflow/example_dags/example_branch_operator.py for tasks to queue
[2022-05-07 13:51:02,546] {logging_mixin.py:109} INFO - [2022-05-07 13:51:02,545] {dagbag.py:500} INFO - Filling up the DagBag from /home/airflow/.local/lib/python3.7/site-packages/airflow/example_dags/example_branch_operator.py
[2022-05-07 13:51:02,590] {processor.py:652} INFO - DAG(s) dict_keys(['example_branch_operator']) retrieved from /home/airflow/.local/lib/python3.7/site-packages/airflow/example_dags/example_branch_operator.py
[2022-05-07 13:51:02,672] {logging_mixin.py:109} INFO - [2022-05-07 13:51:02,670] {dag.py:2398} INFO - Sync 1 DAGs
[2022-05-07 13:51:02,713] {logging_mixin.py:109} INFO - [2022-05-07 13:51:02,712] {dag.py:2937} INFO - Setting next_dagrun for example_branch_operator to 2022-05-06 00:00:00+00:00
[2022-05-07 13:51:02,756] {processor.py:171} INFO - Processing /home/airflow/.local/lib/python3.7/site-packages/airflow/example_dags/example_branch_operator.py took 0.256 seconds
[2022-05-07 13:51:33,271] {processor.py:163} INFO - Started process (PID=1900) to work on /home/airflow/.local/lib/python3.7/site-packages/airflow/example_dags/example_branch_operator.py
[2022-05-07 13:51:33,275] {processor.py:642} INFO - Processing file /home/airflow/.local/lib/python3.7/site-packages/airflow/example_dags/example_branch_operator.py for tasks to queue
[2022-05-07 13:51:33,279] {logging_mixin.py:109} INFO - [2022-05-07 13:51:33,278] {dagbag.py:500} INFO - Filling up the DagBag from /home/airflow/.local/lib/python3.7/site-packages/airflow/example_dags/example_branch_operator.py
[2022-05-07 13:51:33,322] {processor.py:652} INFO - DAG(s) dict_keys(['example_branch_operator']) retrieved from /home/airflow/.local/lib/python3.7/site-packages/airflow/example_dags/example_branch_operator.py
[2022-05-07 13:51:33,415] {logging_mixin.py:109} INFO - [2022-05-07 13:51:33,414] {dag.py:2398} INFO - Sync 1 DAGs
[2022-05-07 13:51:33,507] {logging_mixin.py:109} INFO - [2022-05-07 13:51:33,507] {dag.py:2937} INFO - Setting next_dagrun for example_branch_operator to 2022-05-06 00:00:00+00:00
[2022-05-07 13:51:33,543] {processor.py:171} INFO - Processing /home/airflow/.local/lib/python3.7/site-packages/airflow/example_dags/example_branch_operator.py took 0.280 seconds
[2022-05-07 13:52:03,656] {processor.py:163} INFO - Started process (PID=1953) to work on /home/airflow/.local/lib/python3.7/site-packages/airflow/example_dags/example_branch_operator.py
[2022-05-07 13:52:03,660] {processor.py:642} INFO - Processing file /home/airflow/.local/lib/python3.7/site-packages/airflow/example_dags/example_branch_operator.py for tasks to queue
[2022-05-07 13:52:03,663] {logging_mixin.py:109} INFO - [2022-05-07 13:52:03,663] {dagbag.py:500} INFO - Filling up the DagBag from /home/airflow/.local/lib/python3.7/site-packages/airflow/example_dags/example_branch_operator.py
[2022-05-07 13:52:03,727] {processor.py:652} INFO - DAG(s) dict_keys(['example_branch_operator']) retrieved from /home/airflow/.local/lib/python3.7/site-packages/airflow/example_dags/example_branch_operator.py
[2022-05-07 13:52:03,939] {logging_mixin.py:109} INFO - [2022-05-07 13:52:03,938] {dag.py:2398} INFO - Sync 1 DAGs
[2022-05-07 13:52:03,980] {logging_mixin.py:109} INFO - [2022-05-07 13:52:03,979] {dag.py:2937} INFO - Setting next_dagrun for example_branch_operator to 2022-05-06 00:00:00+00:00
[2022-05-07 13:52:04,005] {processor.py:171} INFO - Processing /home/airflow/.local/lib/python3.7/site-packages/airflow/example_dags/example_branch_operator.py took 0.357 seconds
[2022-05-07 13:52:34,195] {processor.py:163} INFO - Started process (PID=2009) to work on /home/airflow/.local/lib/python3.7/site-packages/airflow/example_dags/example_branch_operator.py
[2022-05-07 13:52:34,198] {processor.py:642} INFO - Processing file /home/airflow/.local/lib/python3.7/site-packages/airflow/example_dags/example_branch_operator.py for tasks to queue
[2022-05-07 13:52:34,200] {logging_mixin.py:109} INFO - [2022-05-07 13:52:34,200] {dagbag.py:500} INFO - Filling up the DagBag from /home/airflow/.local/lib/python3.7/site-packages/airflow/example_dags/example_branch_operator.py
[2022-05-07 13:52:34,245] {processor.py:652} INFO - DAG(s) dict_keys(['example_branch_operator']) retrieved from /home/airflow/.local/lib/python3.7/site-packages/airflow/example_dags/example_branch_operator.py
[2022-05-07 13:52:34,285] {logging_mixin.py:109} INFO - [2022-05-07 13:52:34,285] {dag.py:2398} INFO - Sync 1 DAGs
[2022-05-07 13:52:34,319] {logging_mixin.py:109} INFO - [2022-05-07 13:52:34,319] {dag.py:2937} INFO - Setting next_dagrun for example_branch_operator to 2022-05-06 00:00:00+00:00
[2022-05-07 13:52:34,343] {processor.py:171} INFO - Processing /home/airflow/.local/lib/python3.7/site-packages/airflow/example_dags/example_branch_operator.py took 0.153 seconds
[2022-05-07 13:53:04,478] {processor.py:163} INFO - Started process (PID=2064) to work on /home/airflow/.local/lib/python3.7/site-packages/airflow/example_dags/example_branch_operator.py
[2022-05-07 13:53:04,481] {processor.py:642} INFO - Processing file /home/airflow/.local/lib/python3.7/site-packages/airflow/example_dags/example_branch_operator.py for tasks to queue
[2022-05-07 13:53:04,484] {logging_mixin.py:109} INFO - [2022-05-07 13:53:04,484] {dagbag.py:500} INFO - Filling up the DagBag from /home/airflow/.local/lib/python3.7/site-packages/airflow/example_dags/example_branch_operator.py
[2022-05-07 13:53:04,521] {processor.py:652} INFO - DAG(s) dict_keys(['example_branch_operator']) retrieved from /home/airflow/.local/lib/python3.7/site-packages/airflow/example_dags/example_branch_operator.py
[2022-05-07 13:53:04,567] {logging_mixin.py:109} INFO - [2022-05-07 13:53:04,567] {dag.py:2398} INFO - Sync 1 DAGs
[2022-05-07 13:53:04,601] {logging_mixin.py:109} INFO - [2022-05-07 13:53:04,601] {dag.py:2937} INFO - Setting next_dagrun for example_branch_operator to 2022-05-06 00:00:00+00:00
[2022-05-07 13:53:04,618] {processor.py:171} INFO - Processing /home/airflow/.local/lib/python3.7/site-packages/airflow/example_dags/example_branch_operator.py took 0.147 seconds
[2022-05-07 13:53:35,493] {processor.py:163} INFO - Started process (PID=2130) to work on /home/airflow/.local/lib/python3.7/site-packages/airflow/example_dags/example_branch_operator.py
[2022-05-07 13:53:35,499] {processor.py:642} INFO - Processing file /home/airflow/.local/lib/python3.7/site-packages/airflow/example_dags/example_branch_operator.py for tasks to queue
[2022-05-07 13:53:35,504] {logging_mixin.py:109} INFO - [2022-05-07 13:53:35,503] {dagbag.py:500} INFO - Filling up the DagBag from /home/airflow/.local/lib/python3.7/site-packages/airflow/example_dags/example_branch_operator.py
[2022-05-07 13:53:35,542] {processor.py:652} INFO - DAG(s) dict_keys(['example_branch_operator']) retrieved from /home/airflow/.local/lib/python3.7/site-packages/airflow/example_dags/example_branch_operator.py
[2022-05-07 13:53:35,610] {logging_mixin.py:109} INFO - [2022-05-07 13:53:35,610] {dag.py:2398} INFO - Sync 1 DAGs
[2022-05-07 13:53:35,648] {logging_mixin.py:109} INFO - [2022-05-07 13:53:35,648] {dag.py:2937} INFO - Setting next_dagrun for example_branch_operator to 2022-05-06 00:00:00+00:00
[2022-05-07 13:53:35,684] {processor.py:171} INFO - Processing /home/airflow/.local/lib/python3.7/site-packages/airflow/example_dags/example_branch_operator.py took 0.204 seconds
[2022-05-07 13:54:05,898] {processor.py:163} INFO - Started process (PID=2183) to work on /home/airflow/.local/lib/python3.7/site-packages/airflow/example_dags/example_branch_operator.py
[2022-05-07 13:54:05,902] {processor.py:642} INFO - Processing file /home/airflow/.local/lib/python3.7/site-packages/airflow/example_dags/example_branch_operator.py for tasks to queue
[2022-05-07 13:54:05,905] {logging_mixin.py:109} INFO - [2022-05-07 13:54:05,905] {dagbag.py:500} INFO - Filling up the DagBag from /home/airflow/.local/lib/python3.7/site-packages/airflow/example_dags/example_branch_operator.py
[2022-05-07 13:54:05,939] {processor.py:652} INFO - DAG(s) dict_keys(['example_branch_operator']) retrieved from /home/airflow/.local/lib/python3.7/site-packages/airflow/example_dags/example_branch_operator.py
[2022-05-07 13:54:05,981] {logging_mixin.py:109} INFO - [2022-05-07 13:54:05,980] {dag.py:2398} INFO - Sync 1 DAGs
[2022-05-07 13:54:06,013] {logging_mixin.py:109} INFO - [2022-05-07 13:54:06,013] {dag.py:2937} INFO - Setting next_dagrun for example_branch_operator to 2022-05-06 00:00:00+00:00
[2022-05-07 13:54:06,033] {processor.py:171} INFO - Processing /home/airflow/.local/lib/python3.7/site-packages/airflow/example_dags/example_branch_operator.py took 0.143 seconds
[2022-05-07 13:54:36,147] {processor.py:163} INFO - Started process (PID=2235) to work on /home/airflow/.local/lib/python3.7/site-packages/airflow/example_dags/example_branch_operator.py
[2022-05-07 13:54:36,150] {processor.py:642} INFO - Processing file /home/airflow/.local/lib/python3.7/site-packages/airflow/example_dags/example_branch_operator.py for tasks to queue
[2022-05-07 13:54:36,153] {logging_mixin.py:109} INFO - [2022-05-07 13:54:36,153] {dagbag.py:500} INFO - Filling up the DagBag from /home/airflow/.local/lib/python3.7/site-packages/airflow/example_dags/example_branch_operator.py
[2022-05-07 13:54:36,184] {processor.py:652} INFO - DAG(s) dict_keys(['example_branch_operator']) retrieved from /home/airflow/.local/lib/python3.7/site-packages/airflow/example_dags/example_branch_operator.py
[2022-05-07 13:54:36,228] {logging_mixin.py:109} INFO - [2022-05-07 13:54:36,228] {dag.py:2398} INFO - Sync 1 DAGs
[2022-05-07 13:54:36,259] {logging_mixin.py:109} INFO - [2022-05-07 13:54:36,259] {dag.py:2937} INFO - Setting next_dagrun for example_branch_operator to 2022-05-06 00:00:00+00:00
[2022-05-07 13:54:36,277] {processor.py:171} INFO - Processing /home/airflow/.local/lib/python3.7/site-packages/airflow/example_dags/example_branch_operator.py took 0.136 seconds
[2022-05-07 13:55:06,682] {processor.py:163} INFO - Started process (PID=2288) to work on /home/airflow/.local/lib/python3.7/site-packages/airflow/example_dags/example_branch_operator.py
[2022-05-07 13:55:06,689] {processor.py:642} INFO - Processing file /home/airflow/.local/lib/python3.7/site-packages/airflow/example_dags/example_branch_operator.py for tasks to queue
[2022-05-07 13:55:06,695] {logging_mixin.py:109} INFO - [2022-05-07 13:55:06,694] {dagbag.py:500} INFO - Filling up the DagBag from /home/airflow/.local/lib/python3.7/site-packages/airflow/example_dags/example_branch_operator.py
[2022-05-07 13:55:06,732] {processor.py:652} INFO - DAG(s) dict_keys(['example_branch_operator']) retrieved from /home/airflow/.local/lib/python3.7/site-packages/airflow/example_dags/example_branch_operator.py
[2022-05-07 13:55:06,793] {logging_mixin.py:109} INFO - [2022-05-07 13:55:06,793] {dag.py:2398} INFO - Sync 1 DAGs
[2022-05-07 13:55:06,825] {logging_mixin.py:109} INFO - [2022-05-07 13:55:06,825] {dag.py:2937} INFO - Setting next_dagrun for example_branch_operator to 2022-05-06 00:00:00+00:00
[2022-05-07 13:55:06,841] {processor.py:171} INFO - Processing /home/airflow/.local/lib/python3.7/site-packages/airflow/example_dags/example_branch_operator.py took 0.171 seconds
[2022-05-07 13:55:36,941] {processor.py:163} INFO - Started process (PID=2350) to work on /home/airflow/.local/lib/python3.7/site-packages/airflow/example_dags/example_branch_operator.py
[2022-05-07 13:55:36,944] {processor.py:642} INFO - Processing file /home/airflow/.local/lib/python3.7/site-packages/airflow/example_dags/example_branch_operator.py for tasks to queue
[2022-05-07 13:55:36,947] {logging_mixin.py:109} INFO - [2022-05-07 13:55:36,947] {dagbag.py:500} INFO - Filling up the DagBag from /home/airflow/.local/lib/python3.7/site-packages/airflow/example_dags/example_branch_operator.py
[2022-05-07 13:55:36,977] {processor.py:652} INFO - DAG(s) dict_keys(['example_branch_operator']) retrieved from /home/airflow/.local/lib/python3.7/site-packages/airflow/example_dags/example_branch_operator.py
[2022-05-07 13:55:37,017] {logging_mixin.py:109} INFO - [2022-05-07 13:55:37,017] {dag.py:2398} INFO - Sync 1 DAGs
[2022-05-07 13:55:37,044] {logging_mixin.py:109} INFO - [2022-05-07 13:55:37,044] {dag.py:2937} INFO - Setting next_dagrun for example_branch_operator to 2022-05-06 00:00:00+00:00
[2022-05-07 13:55:37,067] {processor.py:171} INFO - Processing /home/airflow/.local/lib/python3.7/site-packages/airflow/example_dags/example_branch_operator.py took 0.131 seconds
[2022-05-07 13:56:07,171] {processor.py:163} INFO - Started process (PID=2401) to work on /home/airflow/.local/lib/python3.7/site-packages/airflow/example_dags/example_branch_operator.py
[2022-05-07 13:56:07,176] {processor.py:642} INFO - Processing file /home/airflow/.local/lib/python3.7/site-packages/airflow/example_dags/example_branch_operator.py for tasks to queue
[2022-05-07 13:56:07,178] {logging_mixin.py:109} INFO - [2022-05-07 13:56:07,178] {dagbag.py:500} INFO - Filling up the DagBag from /home/airflow/.local/lib/python3.7/site-packages/airflow/example_dags/example_branch_operator.py
[2022-05-07 13:56:07,207] {processor.py:652} INFO - DAG(s) dict_keys(['example_branch_operator']) retrieved from /home/airflow/.local/lib/python3.7/site-packages/airflow/example_dags/example_branch_operator.py
[2022-05-07 13:56:07,250] {logging_mixin.py:109} INFO - [2022-05-07 13:56:07,250] {dag.py:2398} INFO - Sync 1 DAGs
[2022-05-07 13:56:07,287] {logging_mixin.py:109} INFO - [2022-05-07 13:56:07,286] {dag.py:2937} INFO - Setting next_dagrun for example_branch_operator to 2022-05-06 00:00:00+00:00
[2022-05-07 13:56:07,309] {processor.py:171} INFO - Processing /home/airflow/.local/lib/python3.7/site-packages/airflow/example_dags/example_branch_operator.py took 0.149 seconds
[2022-05-07 13:56:37,961] {processor.py:163} INFO - Started process (PID=2453) to work on /home/airflow/.local/lib/python3.7/site-packages/airflow/example_dags/example_branch_operator.py
[2022-05-07 13:56:37,963] {processor.py:642} INFO - Processing file /home/airflow/.local/lib/python3.7/site-packages/airflow/example_dags/example_branch_operator.py for tasks to queue
[2022-05-07 13:56:37,966] {logging_mixin.py:109} INFO - [2022-05-07 13:56:37,965] {dagbag.py:500} INFO - Filling up the DagBag from /home/airflow/.local/lib/python3.7/site-packages/airflow/example_dags/example_branch_operator.py
[2022-05-07 13:56:37,994] {processor.py:652} INFO - DAG(s) dict_keys(['example_branch_operator']) retrieved from /home/airflow/.local/lib/python3.7/site-packages/airflow/example_dags/example_branch_operator.py
[2022-05-07 13:56:38,036] {logging_mixin.py:109} INFO - [2022-05-07 13:56:38,036] {dag.py:2398} INFO - Sync 1 DAGs
[2022-05-07 13:56:38,062] {logging_mixin.py:109} INFO - [2022-05-07 13:56:38,061] {dag.py:2937} INFO - Setting next_dagrun for example_branch_operator to 2022-05-06 00:00:00+00:00
[2022-05-07 13:56:38,079] {processor.py:171} INFO - Processing /home/airflow/.local/lib/python3.7/site-packages/airflow/example_dags/example_branch_operator.py took 0.126 seconds
[2022-05-07 13:57:09,102] {processor.py:163} INFO - Started process (PID=2506) to work on /home/airflow/.local/lib/python3.7/site-packages/airflow/example_dags/example_branch_operator.py
[2022-05-07 13:57:09,108] {processor.py:642} INFO - Processing file /home/airflow/.local/lib/python3.7/site-packages/airflow/example_dags/example_branch_operator.py for tasks to queue
[2022-05-07 13:57:09,111] {logging_mixin.py:109} INFO - [2022-05-07 13:57:09,111] {dagbag.py:500} INFO - Filling up the DagBag from /home/airflow/.local/lib/python3.7/site-packages/airflow/example_dags/example_branch_operator.py
[2022-05-07 13:57:09,270] {processor.py:652} INFO - DAG(s) dict_keys(['example_branch_operator']) retrieved from /home/airflow/.local/lib/python3.7/site-packages/airflow/example_dags/example_branch_operator.py
[2022-05-07 13:57:09,451] {logging_mixin.py:109} INFO - [2022-05-07 13:57:09,450] {dag.py:2398} INFO - Sync 1 DAGs
[2022-05-07 13:57:09,606] {logging_mixin.py:109} INFO - [2022-05-07 13:57:09,605] {dag.py:2937} INFO - Setting next_dagrun for example_branch_operator to 2022-05-06 00:00:00+00:00
[2022-05-07 13:57:09,637] {processor.py:171} INFO - Processing /home/airflow/.local/lib/python3.7/site-packages/airflow/example_dags/example_branch_operator.py took 0.543 seconds
