[2022-05-07 13:33:46,980] {processor.py:163} INFO - Started process (PID=107) to work on /home/airflow/.local/lib/python3.7/site-packages/airflow/example_dags/example_latest_only.py
[2022-05-07 13:33:46,983] {processor.py:642} INFO - Processing file /home/airflow/.local/lib/python3.7/site-packages/airflow/example_dags/example_latest_only.py for tasks to queue
[2022-05-07 13:33:46,993] {logging_mixin.py:109} INFO - [2022-05-07 13:33:46,992] {dagbag.py:500} INFO - Filling up the DagBag from /home/airflow/.local/lib/python3.7/site-packages/airflow/example_dags/example_latest_only.py
[2022-05-07 13:33:47,027] {processor.py:652} INFO - DAG(s) dict_keys(['latest_only']) retrieved from /home/airflow/.local/lib/python3.7/site-packages/airflow/example_dags/example_latest_only.py
[2022-05-07 13:33:50,506] {logging_mixin.py:109} INFO - [2022-05-07 13:33:50,506] {manager.py:496} INFO - Created Permission View: can edit on DAG:latest_only
[2022-05-07 13:33:50,530] {logging_mixin.py:109} INFO - [2022-05-07 13:33:50,530] {manager.py:496} INFO - Created Permission View: can read on DAG:latest_only
[2022-05-07 13:33:50,532] {logging_mixin.py:109} INFO - [2022-05-07 13:33:50,532] {dag.py:2398} INFO - Sync 1 DAGs
[2022-05-07 13:33:50,552] {logging_mixin.py:109} INFO - [2022-05-07 13:33:50,551] {dag.py:2417} INFO - Creating ORM DAG for latest_only
[2022-05-07 13:33:50,572] {logging_mixin.py:109} INFO - [2022-05-07 13:33:50,571] {dag.py:2937} INFO - Setting next_dagrun for latest_only to 2022-05-07T09:33:50.571573+00:00
[2022-05-07 13:33:50,601] {processor.py:171} INFO - Processing /home/airflow/.local/lib/python3.7/site-packages/airflow/example_dags/example_latest_only.py took 3.626 seconds
[2022-05-07 13:34:38,175] {processor.py:163} INFO - Started process (PID=257) to work on /home/airflow/.local/lib/python3.7/site-packages/airflow/example_dags/example_latest_only.py
[2022-05-07 13:34:38,179] {processor.py:642} INFO - Processing file /home/airflow/.local/lib/python3.7/site-packages/airflow/example_dags/example_latest_only.py for tasks to queue
[2022-05-07 13:34:38,187] {logging_mixin.py:109} INFO - [2022-05-07 13:34:38,187] {dagbag.py:500} INFO - Filling up the DagBag from /home/airflow/.local/lib/python3.7/site-packages/airflow/example_dags/example_latest_only.py
[2022-05-07 13:34:38,241] {processor.py:652} INFO - DAG(s) dict_keys(['latest_only']) retrieved from /home/airflow/.local/lib/python3.7/site-packages/airflow/example_dags/example_latest_only.py
[2022-05-07 13:34:38,288] {logging_mixin.py:109} INFO - [2022-05-07 13:34:38,288] {dag.py:2398} INFO - Sync 1 DAGs
[2022-05-07 13:34:38,325] {logging_mixin.py:109} INFO - [2022-05-07 13:34:38,325] {dag.py:2937} INFO - Setting next_dagrun for latest_only to 2022-05-07T09:34:38.325322+00:00
[2022-05-07 13:34:38,343] {processor.py:171} INFO - Processing /home/airflow/.local/lib/python3.7/site-packages/airflow/example_dags/example_latest_only.py took 0.184 seconds
[2022-05-07 13:35:08,828] {processor.py:163} INFO - Started process (PID=310) to work on /home/airflow/.local/lib/python3.7/site-packages/airflow/example_dags/example_latest_only.py
[2022-05-07 13:35:08,834] {processor.py:642} INFO - Processing file /home/airflow/.local/lib/python3.7/site-packages/airflow/example_dags/example_latest_only.py for tasks to queue
[2022-05-07 13:35:08,839] {logging_mixin.py:109} INFO - [2022-05-07 13:35:08,838] {dagbag.py:500} INFO - Filling up the DagBag from /home/airflow/.local/lib/python3.7/site-packages/airflow/example_dags/example_latest_only.py
[2022-05-07 13:35:08,874] {processor.py:652} INFO - DAG(s) dict_keys(['latest_only']) retrieved from /home/airflow/.local/lib/python3.7/site-packages/airflow/example_dags/example_latest_only.py
[2022-05-07 13:35:08,923] {logging_mixin.py:109} INFO - [2022-05-07 13:35:08,922] {dag.py:2398} INFO - Sync 1 DAGs
[2022-05-07 13:35:08,963] {logging_mixin.py:109} INFO - [2022-05-07 13:35:08,962] {dag.py:2937} INFO - Setting next_dagrun for latest_only to 2022-05-07T09:35:08.961352+00:00
[2022-05-07 13:35:08,992] {processor.py:171} INFO - Processing /home/airflow/.local/lib/python3.7/site-packages/airflow/example_dags/example_latest_only.py took 0.174 seconds
[2022-05-07 13:35:39,045] {processor.py:163} INFO - Started process (PID=360) to work on /home/airflow/.local/lib/python3.7/site-packages/airflow/example_dags/example_latest_only.py
[2022-05-07 13:35:39,049] {processor.py:642} INFO - Processing file /home/airflow/.local/lib/python3.7/site-packages/airflow/example_dags/example_latest_only.py for tasks to queue
[2022-05-07 13:35:39,051] {logging_mixin.py:109} INFO - [2022-05-07 13:35:39,051] {dagbag.py:500} INFO - Filling up the DagBag from /home/airflow/.local/lib/python3.7/site-packages/airflow/example_dags/example_latest_only.py
[2022-05-07 13:35:39,073] {processor.py:652} INFO - DAG(s) dict_keys(['latest_only']) retrieved from /home/airflow/.local/lib/python3.7/site-packages/airflow/example_dags/example_latest_only.py
[2022-05-07 13:35:39,110] {logging_mixin.py:109} INFO - [2022-05-07 13:35:39,110] {dag.py:2398} INFO - Sync 1 DAGs
[2022-05-07 13:35:39,147] {logging_mixin.py:109} INFO - [2022-05-07 13:35:39,147] {dag.py:2937} INFO - Setting next_dagrun for latest_only to 2022-05-07T09:35:39.146579+00:00
[2022-05-07 13:35:39,170] {processor.py:171} INFO - Processing /home/airflow/.local/lib/python3.7/site-packages/airflow/example_dags/example_latest_only.py took 0.130 seconds
[2022-05-07 13:36:10,115] {processor.py:163} INFO - Started process (PID=418) to work on /home/airflow/.local/lib/python3.7/site-packages/airflow/example_dags/example_latest_only.py
[2022-05-07 13:36:10,119] {processor.py:642} INFO - Processing file /home/airflow/.local/lib/python3.7/site-packages/airflow/example_dags/example_latest_only.py for tasks to queue
[2022-05-07 13:36:10,122] {logging_mixin.py:109} INFO - [2022-05-07 13:36:10,122] {dagbag.py:500} INFO - Filling up the DagBag from /home/airflow/.local/lib/python3.7/site-packages/airflow/example_dags/example_latest_only.py
[2022-05-07 13:36:10,152] {processor.py:652} INFO - DAG(s) dict_keys(['latest_only']) retrieved from /home/airflow/.local/lib/python3.7/site-packages/airflow/example_dags/example_latest_only.py
[2022-05-07 13:36:10,198] {logging_mixin.py:109} INFO - [2022-05-07 13:36:10,197] {dag.py:2398} INFO - Sync 1 DAGs
[2022-05-07 13:36:10,230] {logging_mixin.py:109} INFO - [2022-05-07 13:36:10,229] {dag.py:2937} INFO - Setting next_dagrun for latest_only to 2022-05-07T09:36:10.229182+00:00
[2022-05-07 13:36:10,258] {processor.py:171} INFO - Processing /home/airflow/.local/lib/python3.7/site-packages/airflow/example_dags/example_latest_only.py took 0.153 seconds
[2022-05-07 13:36:45,714] {processor.py:163} INFO - Started process (PID=472) to work on /home/airflow/.local/lib/python3.7/site-packages/airflow/example_dags/example_latest_only.py
[2022-05-07 13:36:45,725] {processor.py:642} INFO - Processing file /home/airflow/.local/lib/python3.7/site-packages/airflow/example_dags/example_latest_only.py for tasks to queue
[2022-05-07 13:36:45,730] {logging_mixin.py:109} INFO - [2022-05-07 13:36:45,730] {dagbag.py:500} INFO - Filling up the DagBag from /home/airflow/.local/lib/python3.7/site-packages/airflow/example_dags/example_latest_only.py
[2022-05-07 13:36:45,841] {processor.py:652} INFO - DAG(s) dict_keys(['latest_only']) retrieved from /home/airflow/.local/lib/python3.7/site-packages/airflow/example_dags/example_latest_only.py
[2022-05-07 13:36:45,917] {logging_mixin.py:109} INFO - [2022-05-07 13:36:45,916] {dag.py:2398} INFO - Sync 1 DAGs
[2022-05-07 13:36:46,005] {logging_mixin.py:109} INFO - [2022-05-07 13:36:46,005] {dag.py:2937} INFO - Setting next_dagrun for latest_only to 2022-05-07T09:36:46.004372+00:00
[2022-05-07 13:36:46,046] {processor.py:171} INFO - Processing /home/airflow/.local/lib/python3.7/site-packages/airflow/example_dags/example_latest_only.py took 0.352 seconds
[2022-05-07 13:37:17,328] {processor.py:163} INFO - Started process (PID=524) to work on /home/airflow/.local/lib/python3.7/site-packages/airflow/example_dags/example_latest_only.py
[2022-05-07 13:37:17,338] {processor.py:642} INFO - Processing file /home/airflow/.local/lib/python3.7/site-packages/airflow/example_dags/example_latest_only.py for tasks to queue
[2022-05-07 13:37:17,349] {logging_mixin.py:109} INFO - [2022-05-07 13:37:17,348] {dagbag.py:500} INFO - Filling up the DagBag from /home/airflow/.local/lib/python3.7/site-packages/airflow/example_dags/example_latest_only.py
[2022-05-07 13:37:17,391] {processor.py:652} INFO - DAG(s) dict_keys(['latest_only']) retrieved from /home/airflow/.local/lib/python3.7/site-packages/airflow/example_dags/example_latest_only.py
[2022-05-07 13:37:17,443] {logging_mixin.py:109} INFO - [2022-05-07 13:37:17,443] {dag.py:2398} INFO - Sync 1 DAGs
[2022-05-07 13:37:17,498] {logging_mixin.py:109} INFO - [2022-05-07 13:37:17,498] {dag.py:2937} INFO - Setting next_dagrun for latest_only to 2022-05-07T09:37:17.497777+00:00
[2022-05-07 13:37:17,528] {processor.py:171} INFO - Processing /home/airflow/.local/lib/python3.7/site-packages/airflow/example_dags/example_latest_only.py took 0.216 seconds
[2022-05-07 13:37:48,251] {processor.py:163} INFO - Started process (PID=577) to work on /home/airflow/.local/lib/python3.7/site-packages/airflow/example_dags/example_latest_only.py
[2022-05-07 13:37:48,255] {processor.py:642} INFO - Processing file /home/airflow/.local/lib/python3.7/site-packages/airflow/example_dags/example_latest_only.py for tasks to queue
[2022-05-07 13:37:48,257] {logging_mixin.py:109} INFO - [2022-05-07 13:37:48,257] {dagbag.py:500} INFO - Filling up the DagBag from /home/airflow/.local/lib/python3.7/site-packages/airflow/example_dags/example_latest_only.py
[2022-05-07 13:37:48,280] {processor.py:652} INFO - DAG(s) dict_keys(['latest_only']) retrieved from /home/airflow/.local/lib/python3.7/site-packages/airflow/example_dags/example_latest_only.py
[2022-05-07 13:37:48,323] {logging_mixin.py:109} INFO - [2022-05-07 13:37:48,323] {dag.py:2398} INFO - Sync 1 DAGs
[2022-05-07 13:37:48,368] {logging_mixin.py:109} INFO - [2022-05-07 13:37:48,368] {dag.py:2937} INFO - Setting next_dagrun for latest_only to 2022-05-07T09:37:48.367550+00:00
[2022-05-07 13:37:48,403] {processor.py:171} INFO - Processing /home/airflow/.local/lib/python3.7/site-packages/airflow/example_dags/example_latest_only.py took 0.158 seconds
[2022-05-07 13:38:18,778] {processor.py:163} INFO - Started process (PID=628) to work on /home/airflow/.local/lib/python3.7/site-packages/airflow/example_dags/example_latest_only.py
[2022-05-07 13:38:18,797] {processor.py:642} INFO - Processing file /home/airflow/.local/lib/python3.7/site-packages/airflow/example_dags/example_latest_only.py for tasks to queue
[2022-05-07 13:38:18,809] {logging_mixin.py:109} INFO - [2022-05-07 13:38:18,807] {dagbag.py:500} INFO - Filling up the DagBag from /home/airflow/.local/lib/python3.7/site-packages/airflow/example_dags/example_latest_only.py
[2022-05-07 13:38:18,901] {processor.py:652} INFO - DAG(s) dict_keys(['latest_only']) retrieved from /home/airflow/.local/lib/python3.7/site-packages/airflow/example_dags/example_latest_only.py
[2022-05-07 13:38:19,345] {logging_mixin.py:109} INFO - [2022-05-07 13:38:19,345] {dag.py:2398} INFO - Sync 1 DAGs
[2022-05-07 13:38:19,459] {logging_mixin.py:109} INFO - [2022-05-07 13:38:19,458] {dag.py:2937} INFO - Setting next_dagrun for latest_only to 2022-05-07T09:38:19.457559+00:00
[2022-05-07 13:38:19,531] {processor.py:171} INFO - Processing /home/airflow/.local/lib/python3.7/site-packages/airflow/example_dags/example_latest_only.py took 0.774 seconds
[2022-05-07 13:38:50,247] {processor.py:163} INFO - Started process (PID=680) to work on /home/airflow/.local/lib/python3.7/site-packages/airflow/example_dags/example_latest_only.py
[2022-05-07 13:38:50,252] {processor.py:642} INFO - Processing file /home/airflow/.local/lib/python3.7/site-packages/airflow/example_dags/example_latest_only.py for tasks to queue
[2022-05-07 13:38:50,257] {logging_mixin.py:109} INFO - [2022-05-07 13:38:50,256] {dagbag.py:500} INFO - Filling up the DagBag from /home/airflow/.local/lib/python3.7/site-packages/airflow/example_dags/example_latest_only.py
[2022-05-07 13:38:50,296] {processor.py:652} INFO - DAG(s) dict_keys(['latest_only']) retrieved from /home/airflow/.local/lib/python3.7/site-packages/airflow/example_dags/example_latest_only.py
[2022-05-07 13:38:50,346] {logging_mixin.py:109} INFO - [2022-05-07 13:38:50,346] {dag.py:2398} INFO - Sync 1 DAGs
[2022-05-07 13:38:50,376] {logging_mixin.py:109} INFO - [2022-05-07 13:38:50,375] {dag.py:2937} INFO - Setting next_dagrun for latest_only to 2022-05-07T09:38:50.375349+00:00
[2022-05-07 13:38:50,403] {processor.py:171} INFO - Processing /home/airflow/.local/lib/python3.7/site-packages/airflow/example_dags/example_latest_only.py took 0.168 seconds
[2022-05-07 13:39:20,461] {processor.py:163} INFO - Started process (PID=732) to work on /home/airflow/.local/lib/python3.7/site-packages/airflow/example_dags/example_latest_only.py
[2022-05-07 13:39:20,465] {processor.py:642} INFO - Processing file /home/airflow/.local/lib/python3.7/site-packages/airflow/example_dags/example_latest_only.py for tasks to queue
[2022-05-07 13:39:20,468] {logging_mixin.py:109} INFO - [2022-05-07 13:39:20,468] {dagbag.py:500} INFO - Filling up the DagBag from /home/airflow/.local/lib/python3.7/site-packages/airflow/example_dags/example_latest_only.py
[2022-05-07 13:39:20,504] {processor.py:652} INFO - DAG(s) dict_keys(['latest_only']) retrieved from /home/airflow/.local/lib/python3.7/site-packages/airflow/example_dags/example_latest_only.py
[2022-05-07 13:39:20,569] {logging_mixin.py:109} INFO - [2022-05-07 13:39:20,568] {dag.py:2398} INFO - Sync 1 DAGs
[2022-05-07 13:39:20,605] {logging_mixin.py:109} INFO - [2022-05-07 13:39:20,605] {dag.py:2937} INFO - Setting next_dagrun for latest_only to 2022-05-07T09:39:20.604684+00:00
[2022-05-07 13:39:20,625] {processor.py:171} INFO - Processing /home/airflow/.local/lib/python3.7/site-packages/airflow/example_dags/example_latest_only.py took 0.172 seconds
[2022-05-07 13:39:50,966] {processor.py:163} INFO - Started process (PID=784) to work on /home/airflow/.local/lib/python3.7/site-packages/airflow/example_dags/example_latest_only.py
[2022-05-07 13:39:50,970] {processor.py:642} INFO - Processing file /home/airflow/.local/lib/python3.7/site-packages/airflow/example_dags/example_latest_only.py for tasks to queue
[2022-05-07 13:39:50,972] {logging_mixin.py:109} INFO - [2022-05-07 13:39:50,972] {dagbag.py:500} INFO - Filling up the DagBag from /home/airflow/.local/lib/python3.7/site-packages/airflow/example_dags/example_latest_only.py
[2022-05-07 13:39:51,004] {processor.py:652} INFO - DAG(s) dict_keys(['latest_only']) retrieved from /home/airflow/.local/lib/python3.7/site-packages/airflow/example_dags/example_latest_only.py
[2022-05-07 13:39:51,054] {logging_mixin.py:109} INFO - [2022-05-07 13:39:51,054] {dag.py:2398} INFO - Sync 1 DAGs
[2022-05-07 13:39:51,090] {logging_mixin.py:109} INFO - [2022-05-07 13:39:51,090] {dag.py:2937} INFO - Setting next_dagrun for latest_only to 2022-05-07T09:39:51.090238+00:00
[2022-05-07 13:39:51,113] {processor.py:171} INFO - Processing /home/airflow/.local/lib/python3.7/site-packages/airflow/example_dags/example_latest_only.py took 0.153 seconds
[2022-05-07 13:40:21,309] {processor.py:163} INFO - Started process (PID=836) to work on /home/airflow/.local/lib/python3.7/site-packages/airflow/example_dags/example_latest_only.py
[2022-05-07 13:40:21,315] {processor.py:642} INFO - Processing file /home/airflow/.local/lib/python3.7/site-packages/airflow/example_dags/example_latest_only.py for tasks to queue
[2022-05-07 13:40:21,321] {logging_mixin.py:109} INFO - [2022-05-07 13:40:21,321] {dagbag.py:500} INFO - Filling up the DagBag from /home/airflow/.local/lib/python3.7/site-packages/airflow/example_dags/example_latest_only.py
[2022-05-07 13:40:21,353] {processor.py:652} INFO - DAG(s) dict_keys(['latest_only']) retrieved from /home/airflow/.local/lib/python3.7/site-packages/airflow/example_dags/example_latest_only.py
[2022-05-07 13:40:21,398] {logging_mixin.py:109} INFO - [2022-05-07 13:40:21,398] {dag.py:2398} INFO - Sync 1 DAGs
[2022-05-07 13:40:21,437] {logging_mixin.py:109} INFO - [2022-05-07 13:40:21,436] {dag.py:2937} INFO - Setting next_dagrun for latest_only to 2022-05-07T09:40:21.436388+00:00
[2022-05-07 13:40:21,473] {processor.py:171} INFO - Processing /home/airflow/.local/lib/python3.7/site-packages/airflow/example_dags/example_latest_only.py took 0.173 seconds
[2022-05-07 13:40:51,747] {processor.py:163} INFO - Started process (PID=890) to work on /home/airflow/.local/lib/python3.7/site-packages/airflow/example_dags/example_latest_only.py
[2022-05-07 13:40:51,750] {processor.py:642} INFO - Processing file /home/airflow/.local/lib/python3.7/site-packages/airflow/example_dags/example_latest_only.py for tasks to queue
[2022-05-07 13:40:51,753] {logging_mixin.py:109} INFO - [2022-05-07 13:40:51,752] {dagbag.py:500} INFO - Filling up the DagBag from /home/airflow/.local/lib/python3.7/site-packages/airflow/example_dags/example_latest_only.py
[2022-05-07 13:40:51,778] {processor.py:652} INFO - DAG(s) dict_keys(['latest_only']) retrieved from /home/airflow/.local/lib/python3.7/site-packages/airflow/example_dags/example_latest_only.py
[2022-05-07 13:40:51,821] {logging_mixin.py:109} INFO - [2022-05-07 13:40:51,820] {dag.py:2398} INFO - Sync 1 DAGs
[2022-05-07 13:40:51,862] {logging_mixin.py:109} INFO - [2022-05-07 13:40:51,862] {dag.py:2937} INFO - Setting next_dagrun for latest_only to 2022-05-07T09:40:51.862290+00:00
[2022-05-07 13:40:51,883] {processor.py:171} INFO - Processing /home/airflow/.local/lib/python3.7/site-packages/airflow/example_dags/example_latest_only.py took 0.143 seconds
[2022-05-07 13:41:22,411] {processor.py:163} INFO - Started process (PID=948) to work on /home/airflow/.local/lib/python3.7/site-packages/airflow/example_dags/example_latest_only.py
[2022-05-07 13:41:22,423] {processor.py:642} INFO - Processing file /home/airflow/.local/lib/python3.7/site-packages/airflow/example_dags/example_latest_only.py for tasks to queue
[2022-05-07 13:41:22,428] {logging_mixin.py:109} INFO - [2022-05-07 13:41:22,428] {dagbag.py:500} INFO - Filling up the DagBag from /home/airflow/.local/lib/python3.7/site-packages/airflow/example_dags/example_latest_only.py
[2022-05-07 13:41:22,464] {processor.py:652} INFO - DAG(s) dict_keys(['latest_only']) retrieved from /home/airflow/.local/lib/python3.7/site-packages/airflow/example_dags/example_latest_only.py
[2022-05-07 13:41:22,541] {logging_mixin.py:109} INFO - [2022-05-07 13:41:22,541] {dag.py:2398} INFO - Sync 1 DAGs
[2022-05-07 13:41:22,609] {logging_mixin.py:109} INFO - [2022-05-07 13:41:22,608] {dag.py:2937} INFO - Setting next_dagrun for latest_only to 2022-05-07T09:41:22.607914+00:00
[2022-05-07 13:41:22,640] {processor.py:171} INFO - Processing /home/airflow/.local/lib/python3.7/site-packages/airflow/example_dags/example_latest_only.py took 0.242 seconds
[2022-05-07 13:41:53,077] {processor.py:163} INFO - Started process (PID=1001) to work on /home/airflow/.local/lib/python3.7/site-packages/airflow/example_dags/example_latest_only.py
[2022-05-07 13:41:53,080] {processor.py:642} INFO - Processing file /home/airflow/.local/lib/python3.7/site-packages/airflow/example_dags/example_latest_only.py for tasks to queue
[2022-05-07 13:41:53,082] {logging_mixin.py:109} INFO - [2022-05-07 13:41:53,081] {dagbag.py:500} INFO - Filling up the DagBag from /home/airflow/.local/lib/python3.7/site-packages/airflow/example_dags/example_latest_only.py
[2022-05-07 13:41:53,102] {processor.py:652} INFO - DAG(s) dict_keys(['latest_only']) retrieved from /home/airflow/.local/lib/python3.7/site-packages/airflow/example_dags/example_latest_only.py
[2022-05-07 13:41:53,139] {logging_mixin.py:109} INFO - [2022-05-07 13:41:53,139] {dag.py:2398} INFO - Sync 1 DAGs
[2022-05-07 13:41:53,165] {logging_mixin.py:109} INFO - [2022-05-07 13:41:53,165] {dag.py:2937} INFO - Setting next_dagrun for latest_only to 2022-05-07T09:41:53.165195+00:00
[2022-05-07 13:41:53,186] {processor.py:171} INFO - Processing /home/airflow/.local/lib/python3.7/site-packages/airflow/example_dags/example_latest_only.py took 0.115 seconds
[2022-05-07 13:42:23,457] {processor.py:163} INFO - Started process (PID=1053) to work on /home/airflow/.local/lib/python3.7/site-packages/airflow/example_dags/example_latest_only.py
[2022-05-07 13:42:23,462] {processor.py:642} INFO - Processing file /home/airflow/.local/lib/python3.7/site-packages/airflow/example_dags/example_latest_only.py for tasks to queue
[2022-05-07 13:42:23,464] {logging_mixin.py:109} INFO - [2022-05-07 13:42:23,464] {dagbag.py:500} INFO - Filling up the DagBag from /home/airflow/.local/lib/python3.7/site-packages/airflow/example_dags/example_latest_only.py
[2022-05-07 13:42:23,495] {processor.py:652} INFO - DAG(s) dict_keys(['latest_only']) retrieved from /home/airflow/.local/lib/python3.7/site-packages/airflow/example_dags/example_latest_only.py
[2022-05-07 13:42:23,567] {logging_mixin.py:109} INFO - [2022-05-07 13:42:23,566] {dag.py:2398} INFO - Sync 1 DAGs
[2022-05-07 13:42:23,614] {logging_mixin.py:109} INFO - [2022-05-07 13:42:23,613] {dag.py:2937} INFO - Setting next_dagrun for latest_only to 2022-05-07T09:42:23.613240+00:00
[2022-05-07 13:42:23,642] {processor.py:171} INFO - Processing /home/airflow/.local/lib/python3.7/site-packages/airflow/example_dags/example_latest_only.py took 0.197 seconds
[2022-05-07 13:42:54,113] {processor.py:163} INFO - Started process (PID=1106) to work on /home/airflow/.local/lib/python3.7/site-packages/airflow/example_dags/example_latest_only.py
[2022-05-07 13:42:54,118] {processor.py:642} INFO - Processing file /home/airflow/.local/lib/python3.7/site-packages/airflow/example_dags/example_latest_only.py for tasks to queue
[2022-05-07 13:42:54,122] {logging_mixin.py:109} INFO - [2022-05-07 13:42:54,121] {dagbag.py:500} INFO - Filling up the DagBag from /home/airflow/.local/lib/python3.7/site-packages/airflow/example_dags/example_latest_only.py
[2022-05-07 13:42:54,162] {processor.py:652} INFO - DAG(s) dict_keys(['latest_only']) retrieved from /home/airflow/.local/lib/python3.7/site-packages/airflow/example_dags/example_latest_only.py
[2022-05-07 13:42:54,235] {logging_mixin.py:109} INFO - [2022-05-07 13:42:54,235] {dag.py:2398} INFO - Sync 1 DAGs
[2022-05-07 13:42:54,284] {logging_mixin.py:109} INFO - [2022-05-07 13:42:54,283] {dag.py:2937} INFO - Setting next_dagrun for latest_only to 2022-05-07T09:42:54.283226+00:00
[2022-05-07 13:42:54,347] {processor.py:171} INFO - Processing /home/airflow/.local/lib/python3.7/site-packages/airflow/example_dags/example_latest_only.py took 0.244 seconds
[2022-05-07 13:43:25,583] {processor.py:163} INFO - Started process (PID=1158) to work on /home/airflow/.local/lib/python3.7/site-packages/airflow/example_dags/example_latest_only.py
[2022-05-07 13:43:25,591] {processor.py:642} INFO - Processing file /home/airflow/.local/lib/python3.7/site-packages/airflow/example_dags/example_latest_only.py for tasks to queue
[2022-05-07 13:43:25,594] {logging_mixin.py:109} INFO - [2022-05-07 13:43:25,594] {dagbag.py:500} INFO - Filling up the DagBag from /home/airflow/.local/lib/python3.7/site-packages/airflow/example_dags/example_latest_only.py
[2022-05-07 13:43:25,692] {processor.py:652} INFO - DAG(s) dict_keys(['latest_only']) retrieved from /home/airflow/.local/lib/python3.7/site-packages/airflow/example_dags/example_latest_only.py
[2022-05-07 13:43:25,853] {logging_mixin.py:109} INFO - [2022-05-07 13:43:25,852] {dag.py:2398} INFO - Sync 1 DAGs
[2022-05-07 13:43:25,936] {logging_mixin.py:109} INFO - [2022-05-07 13:43:25,936] {dag.py:2937} INFO - Setting next_dagrun for latest_only to 2022-05-07T09:43:25.936009+00:00
[2022-05-07 13:43:25,967] {processor.py:171} INFO - Processing /home/airflow/.local/lib/python3.7/site-packages/airflow/example_dags/example_latest_only.py took 0.392 seconds
[2022-05-07 13:43:56,130] {processor.py:163} INFO - Started process (PID=1211) to work on /home/airflow/.local/lib/python3.7/site-packages/airflow/example_dags/example_latest_only.py
[2022-05-07 13:43:56,134] {processor.py:642} INFO - Processing file /home/airflow/.local/lib/python3.7/site-packages/airflow/example_dags/example_latest_only.py for tasks to queue
[2022-05-07 13:43:56,137] {logging_mixin.py:109} INFO - [2022-05-07 13:43:56,137] {dagbag.py:500} INFO - Filling up the DagBag from /home/airflow/.local/lib/python3.7/site-packages/airflow/example_dags/example_latest_only.py
[2022-05-07 13:43:56,183] {processor.py:652} INFO - DAG(s) dict_keys(['latest_only']) retrieved from /home/airflow/.local/lib/python3.7/site-packages/airflow/example_dags/example_latest_only.py
[2022-05-07 13:43:56,240] {logging_mixin.py:109} INFO - [2022-05-07 13:43:56,240] {dag.py:2398} INFO - Sync 1 DAGs
[2022-05-07 13:43:56,283] {logging_mixin.py:109} INFO - [2022-05-07 13:43:56,283] {dag.py:2937} INFO - Setting next_dagrun for latest_only to 2022-05-07T09:43:56.282538+00:00
[2022-05-07 13:43:56,316] {processor.py:171} INFO - Processing /home/airflow/.local/lib/python3.7/site-packages/airflow/example_dags/example_latest_only.py took 0.192 seconds
[2022-05-07 13:44:26,819] {processor.py:163} INFO - Started process (PID=1264) to work on /home/airflow/.local/lib/python3.7/site-packages/airflow/example_dags/example_latest_only.py
[2022-05-07 13:44:26,821] {processor.py:642} INFO - Processing file /home/airflow/.local/lib/python3.7/site-packages/airflow/example_dags/example_latest_only.py for tasks to queue
[2022-05-07 13:44:26,823] {logging_mixin.py:109} INFO - [2022-05-07 13:44:26,823] {dagbag.py:500} INFO - Filling up the DagBag from /home/airflow/.local/lib/python3.7/site-packages/airflow/example_dags/example_latest_only.py
[2022-05-07 13:44:26,844] {processor.py:652} INFO - DAG(s) dict_keys(['latest_only']) retrieved from /home/airflow/.local/lib/python3.7/site-packages/airflow/example_dags/example_latest_only.py
[2022-05-07 13:44:26,884] {logging_mixin.py:109} INFO - [2022-05-07 13:44:26,884] {dag.py:2398} INFO - Sync 1 DAGs
[2022-05-07 13:44:26,911] {logging_mixin.py:109} INFO - [2022-05-07 13:44:26,911] {dag.py:2937} INFO - Setting next_dagrun for latest_only to 2022-05-07T09:44:26.911086+00:00
[2022-05-07 13:44:26,928] {processor.py:171} INFO - Processing /home/airflow/.local/lib/python3.7/site-packages/airflow/example_dags/example_latest_only.py took 0.117 seconds
[2022-05-07 13:44:57,671] {processor.py:163} INFO - Started process (PID=1316) to work on /home/airflow/.local/lib/python3.7/site-packages/airflow/example_dags/example_latest_only.py
[2022-05-07 13:44:57,679] {processor.py:642} INFO - Processing file /home/airflow/.local/lib/python3.7/site-packages/airflow/example_dags/example_latest_only.py for tasks to queue
[2022-05-07 13:44:57,685] {logging_mixin.py:109} INFO - [2022-05-07 13:44:57,684] {dagbag.py:500} INFO - Filling up the DagBag from /home/airflow/.local/lib/python3.7/site-packages/airflow/example_dags/example_latest_only.py
[2022-05-07 13:44:57,728] {processor.py:652} INFO - DAG(s) dict_keys(['latest_only']) retrieved from /home/airflow/.local/lib/python3.7/site-packages/airflow/example_dags/example_latest_only.py
[2022-05-07 13:44:57,785] {logging_mixin.py:109} INFO - [2022-05-07 13:44:57,785] {dag.py:2398} INFO - Sync 1 DAGs
[2022-05-07 13:44:57,835] {logging_mixin.py:109} INFO - [2022-05-07 13:44:57,835] {dag.py:2937} INFO - Setting next_dagrun for latest_only to 2022-05-07T09:44:57.835058+00:00
[2022-05-07 13:44:57,874] {processor.py:171} INFO - Processing /home/airflow/.local/lib/python3.7/site-packages/airflow/example_dags/example_latest_only.py took 0.215 seconds
[2022-05-07 13:45:28,053] {processor.py:163} INFO - Started process (PID=1367) to work on /home/airflow/.local/lib/python3.7/site-packages/airflow/example_dags/example_latest_only.py
[2022-05-07 13:45:28,059] {processor.py:642} INFO - Processing file /home/airflow/.local/lib/python3.7/site-packages/airflow/example_dags/example_latest_only.py for tasks to queue
[2022-05-07 13:45:28,062] {logging_mixin.py:109} INFO - [2022-05-07 13:45:28,061] {dagbag.py:500} INFO - Filling up the DagBag from /home/airflow/.local/lib/python3.7/site-packages/airflow/example_dags/example_latest_only.py
[2022-05-07 13:45:28,099] {processor.py:652} INFO - DAG(s) dict_keys(['latest_only']) retrieved from /home/airflow/.local/lib/python3.7/site-packages/airflow/example_dags/example_latest_only.py
[2022-05-07 13:45:28,132] {logging_mixin.py:109} INFO - [2022-05-07 13:45:28,132] {dag.py:2398} INFO - Sync 1 DAGs
[2022-05-07 13:45:28,175] {logging_mixin.py:109} INFO - [2022-05-07 13:45:28,175] {dag.py:2937} INFO - Setting next_dagrun for latest_only to 2022-05-07T09:45:28.174704+00:00
[2022-05-07 13:45:28,192] {processor.py:171} INFO - Processing /home/airflow/.local/lib/python3.7/site-packages/airflow/example_dags/example_latest_only.py took 0.168 seconds
[2022-05-07 13:45:58,645] {processor.py:163} INFO - Started process (PID=1430) to work on /home/airflow/.local/lib/python3.7/site-packages/airflow/example_dags/example_latest_only.py
[2022-05-07 13:45:58,649] {processor.py:642} INFO - Processing file /home/airflow/.local/lib/python3.7/site-packages/airflow/example_dags/example_latest_only.py for tasks to queue
[2022-05-07 13:45:58,651] {logging_mixin.py:109} INFO - [2022-05-07 13:45:58,650] {dagbag.py:500} INFO - Filling up the DagBag from /home/airflow/.local/lib/python3.7/site-packages/airflow/example_dags/example_latest_only.py
[2022-05-07 13:45:58,675] {processor.py:652} INFO - DAG(s) dict_keys(['latest_only']) retrieved from /home/airflow/.local/lib/python3.7/site-packages/airflow/example_dags/example_latest_only.py
[2022-05-07 13:45:58,710] {logging_mixin.py:109} INFO - [2022-05-07 13:45:58,710] {dag.py:2398} INFO - Sync 1 DAGs
[2022-05-07 13:45:58,737] {logging_mixin.py:109} INFO - [2022-05-07 13:45:58,737] {dag.py:2937} INFO - Setting next_dagrun for latest_only to 2022-05-07T09:45:58.736950+00:00
[2022-05-07 13:45:58,764] {processor.py:171} INFO - Processing /home/airflow/.local/lib/python3.7/site-packages/airflow/example_dags/example_latest_only.py took 0.128 seconds
[2022-05-07 13:46:29,045] {processor.py:163} INFO - Started process (PID=1483) to work on /home/airflow/.local/lib/python3.7/site-packages/airflow/example_dags/example_latest_only.py
[2022-05-07 13:46:29,052] {processor.py:642} INFO - Processing file /home/airflow/.local/lib/python3.7/site-packages/airflow/example_dags/example_latest_only.py for tasks to queue
[2022-05-07 13:46:29,056] {logging_mixin.py:109} INFO - [2022-05-07 13:46:29,056] {dagbag.py:500} INFO - Filling up the DagBag from /home/airflow/.local/lib/python3.7/site-packages/airflow/example_dags/example_latest_only.py
[2022-05-07 13:46:29,091] {processor.py:652} INFO - DAG(s) dict_keys(['latest_only']) retrieved from /home/airflow/.local/lib/python3.7/site-packages/airflow/example_dags/example_latest_only.py
[2022-05-07 13:46:29,191] {logging_mixin.py:109} INFO - [2022-05-07 13:46:29,190] {dag.py:2398} INFO - Sync 1 DAGs
[2022-05-07 13:46:29,243] {logging_mixin.py:109} INFO - [2022-05-07 13:46:29,243] {dag.py:2937} INFO - Setting next_dagrun for latest_only to 2022-05-07T09:46:29.242986+00:00
[2022-05-07 13:46:29,266] {processor.py:171} INFO - Processing /home/airflow/.local/lib/python3.7/site-packages/airflow/example_dags/example_latest_only.py took 0.235 seconds
[2022-05-07 13:46:59,764] {processor.py:163} INFO - Started process (PID=1536) to work on /home/airflow/.local/lib/python3.7/site-packages/airflow/example_dags/example_latest_only.py
[2022-05-07 13:46:59,771] {processor.py:642} INFO - Processing file /home/airflow/.local/lib/python3.7/site-packages/airflow/example_dags/example_latest_only.py for tasks to queue
[2022-05-07 13:46:59,773] {logging_mixin.py:109} INFO - [2022-05-07 13:46:59,773] {dagbag.py:500} INFO - Filling up the DagBag from /home/airflow/.local/lib/python3.7/site-packages/airflow/example_dags/example_latest_only.py
[2022-05-07 13:46:59,797] {processor.py:652} INFO - DAG(s) dict_keys(['latest_only']) retrieved from /home/airflow/.local/lib/python3.7/site-packages/airflow/example_dags/example_latest_only.py
[2022-05-07 13:46:59,832] {logging_mixin.py:109} INFO - [2022-05-07 13:46:59,832] {dag.py:2398} INFO - Sync 1 DAGs
[2022-05-07 13:46:59,859] {logging_mixin.py:109} INFO - [2022-05-07 13:46:59,859] {dag.py:2937} INFO - Setting next_dagrun for latest_only to 2022-05-07T09:46:59.858728+00:00
[2022-05-07 13:46:59,878] {processor.py:171} INFO - Processing /home/airflow/.local/lib/python3.7/site-packages/airflow/example_dags/example_latest_only.py took 0.121 seconds
[2022-05-07 13:47:34,867] {processor.py:163} INFO - Started process (PID=1587) to work on /home/airflow/.local/lib/python3.7/site-packages/airflow/example_dags/example_latest_only.py
[2022-05-07 13:47:35,034] {processor.py:642} INFO - Processing file /home/airflow/.local/lib/python3.7/site-packages/airflow/example_dags/example_latest_only.py for tasks to queue
[2022-05-07 13:47:35,264] {logging_mixin.py:109} INFO - [2022-05-07 13:47:35,242] {dagbag.py:500} INFO - Filling up the DagBag from /home/airflow/.local/lib/python3.7/site-packages/airflow/example_dags/example_latest_only.py
[2022-05-07 13:47:35,608] {processor.py:652} INFO - DAG(s) dict_keys(['latest_only']) retrieved from /home/airflow/.local/lib/python3.7/site-packages/airflow/example_dags/example_latest_only.py
[2022-05-07 13:47:36,008] {logging_mixin.py:109} INFO - [2022-05-07 13:47:36,007] {dag.py:2398} INFO - Sync 1 DAGs
[2022-05-07 13:47:36,744] {logging_mixin.py:109} INFO - [2022-05-07 13:47:36,731] {dag.py:2937} INFO - Setting next_dagrun for latest_only to 2022-05-07T09:47:36.707883+00:00
[2022-05-07 13:47:37,288] {processor.py:171} INFO - Processing /home/airflow/.local/lib/python3.7/site-packages/airflow/example_dags/example_latest_only.py took 2.789 seconds
[2022-05-07 13:49:19,242] {processor.py:163} INFO - Started process (PID=1650) to work on /home/airflow/.local/lib/python3.7/site-packages/airflow/example_dags/example_latest_only.py
[2022-05-07 13:49:19,249] {processor.py:642} INFO - Processing file /home/airflow/.local/lib/python3.7/site-packages/airflow/example_dags/example_latest_only.py for tasks to queue
[2022-05-07 13:49:19,267] {logging_mixin.py:109} INFO - [2022-05-07 13:49:19,267] {dagbag.py:500} INFO - Filling up the DagBag from /home/airflow/.local/lib/python3.7/site-packages/airflow/example_dags/example_latest_only.py
[2022-05-07 13:49:19,552] {processor.py:652} INFO - DAG(s) dict_keys(['latest_only']) retrieved from /home/airflow/.local/lib/python3.7/site-packages/airflow/example_dags/example_latest_only.py
[2022-05-07 13:49:19,855] {logging_mixin.py:109} INFO - [2022-05-07 13:49:19,855] {dag.py:2398} INFO - Sync 1 DAGs
[2022-05-07 13:49:19,895] {logging_mixin.py:109} INFO - [2022-05-07 13:49:19,895] {dag.py:2937} INFO - Setting next_dagrun for latest_only to 2022-05-07T09:49:19.895339+00:00
[2022-05-07 13:49:19,922] {processor.py:171} INFO - Processing /home/airflow/.local/lib/python3.7/site-packages/airflow/example_dags/example_latest_only.py took 0.715 seconds
[2022-05-07 13:49:50,249] {processor.py:163} INFO - Started process (PID=1705) to work on /home/airflow/.local/lib/python3.7/site-packages/airflow/example_dags/example_latest_only.py
[2022-05-07 13:49:50,253] {processor.py:642} INFO - Processing file /home/airflow/.local/lib/python3.7/site-packages/airflow/example_dags/example_latest_only.py for tasks to queue
[2022-05-07 13:49:50,257] {logging_mixin.py:109} INFO - [2022-05-07 13:49:50,257] {dagbag.py:500} INFO - Filling up the DagBag from /home/airflow/.local/lib/python3.7/site-packages/airflow/example_dags/example_latest_only.py
[2022-05-07 13:49:50,286] {processor.py:652} INFO - DAG(s) dict_keys(['latest_only']) retrieved from /home/airflow/.local/lib/python3.7/site-packages/airflow/example_dags/example_latest_only.py
[2022-05-07 13:49:50,409] {logging_mixin.py:109} INFO - [2022-05-07 13:49:50,409] {dag.py:2398} INFO - Sync 1 DAGs
[2022-05-07 13:49:50,465] {logging_mixin.py:109} INFO - [2022-05-07 13:49:50,464] {dag.py:2937} INFO - Setting next_dagrun for latest_only to 2022-05-07T09:49:50.459417+00:00
[2022-05-07 13:49:50,537] {processor.py:171} INFO - Processing /home/airflow/.local/lib/python3.7/site-packages/airflow/example_dags/example_latest_only.py took 0.294 seconds
[2022-05-07 13:50:21,169] {processor.py:163} INFO - Started process (PID=1757) to work on /home/airflow/.local/lib/python3.7/site-packages/airflow/example_dags/example_latest_only.py
[2022-05-07 13:50:21,172] {processor.py:642} INFO - Processing file /home/airflow/.local/lib/python3.7/site-packages/airflow/example_dags/example_latest_only.py for tasks to queue
[2022-05-07 13:50:21,174] {logging_mixin.py:109} INFO - [2022-05-07 13:50:21,174] {dagbag.py:500} INFO - Filling up the DagBag from /home/airflow/.local/lib/python3.7/site-packages/airflow/example_dags/example_latest_only.py
[2022-05-07 13:50:21,198] {processor.py:652} INFO - DAG(s) dict_keys(['latest_only']) retrieved from /home/airflow/.local/lib/python3.7/site-packages/airflow/example_dags/example_latest_only.py
[2022-05-07 13:50:21,238] {logging_mixin.py:109} INFO - [2022-05-07 13:50:21,238] {dag.py:2398} INFO - Sync 1 DAGs
[2022-05-07 13:50:21,275] {logging_mixin.py:109} INFO - [2022-05-07 13:50:21,274] {dag.py:2937} INFO - Setting next_dagrun for latest_only to 2022-05-07T09:50:21.274425+00:00
[2022-05-07 13:50:21,307] {processor.py:171} INFO - Processing /home/airflow/.local/lib/python3.7/site-packages/airflow/example_dags/example_latest_only.py took 0.143 seconds
[2022-05-07 13:50:51,569] {processor.py:163} INFO - Started process (PID=1823) to work on /home/airflow/.local/lib/python3.7/site-packages/airflow/example_dags/example_latest_only.py
[2022-05-07 13:50:51,573] {processor.py:642} INFO - Processing file /home/airflow/.local/lib/python3.7/site-packages/airflow/example_dags/example_latest_only.py for tasks to queue
[2022-05-07 13:50:51,575] {logging_mixin.py:109} INFO - [2022-05-07 13:50:51,575] {dagbag.py:500} INFO - Filling up the DagBag from /home/airflow/.local/lib/python3.7/site-packages/airflow/example_dags/example_latest_only.py
[2022-05-07 13:50:51,610] {processor.py:652} INFO - DAG(s) dict_keys(['latest_only']) retrieved from /home/airflow/.local/lib/python3.7/site-packages/airflow/example_dags/example_latest_only.py
[2022-05-07 13:50:51,714] {logging_mixin.py:109} INFO - [2022-05-07 13:50:51,714] {dag.py:2398} INFO - Sync 1 DAGs
[2022-05-07 13:50:51,746] {logging_mixin.py:109} INFO - [2022-05-07 13:50:51,745] {dag.py:2937} INFO - Setting next_dagrun for latest_only to 2022-05-07T09:50:51.745336+00:00
[2022-05-07 13:50:51,772] {processor.py:171} INFO - Processing /home/airflow/.local/lib/python3.7/site-packages/airflow/example_dags/example_latest_only.py took 0.211 seconds
[2022-05-07 13:51:21,869] {processor.py:163} INFO - Started process (PID=1876) to work on /home/airflow/.local/lib/python3.7/site-packages/airflow/example_dags/example_latest_only.py
[2022-05-07 13:51:21,884] {processor.py:642} INFO - Processing file /home/airflow/.local/lib/python3.7/site-packages/airflow/example_dags/example_latest_only.py for tasks to queue
[2022-05-07 13:51:21,889] {logging_mixin.py:109} INFO - [2022-05-07 13:51:21,888] {dagbag.py:500} INFO - Filling up the DagBag from /home/airflow/.local/lib/python3.7/site-packages/airflow/example_dags/example_latest_only.py
[2022-05-07 13:51:21,921] {processor.py:652} INFO - DAG(s) dict_keys(['latest_only']) retrieved from /home/airflow/.local/lib/python3.7/site-packages/airflow/example_dags/example_latest_only.py
[2022-05-07 13:51:21,987] {logging_mixin.py:109} INFO - [2022-05-07 13:51:21,987] {dag.py:2398} INFO - Sync 1 DAGs
[2022-05-07 13:51:22,016] {logging_mixin.py:109} INFO - [2022-05-07 13:51:22,016] {dag.py:2937} INFO - Setting next_dagrun for latest_only to 2022-05-07T09:51:22.016268+00:00
[2022-05-07 13:51:22,049] {processor.py:171} INFO - Processing /home/airflow/.local/lib/python3.7/site-packages/airflow/example_dags/example_latest_only.py took 0.194 seconds
[2022-05-07 13:51:52,313] {processor.py:163} INFO - Started process (PID=1927) to work on /home/airflow/.local/lib/python3.7/site-packages/airflow/example_dags/example_latest_only.py
[2022-05-07 13:51:52,317] {processor.py:642} INFO - Processing file /home/airflow/.local/lib/python3.7/site-packages/airflow/example_dags/example_latest_only.py for tasks to queue
[2022-05-07 13:51:52,320] {logging_mixin.py:109} INFO - [2022-05-07 13:51:52,320] {dagbag.py:500} INFO - Filling up the DagBag from /home/airflow/.local/lib/python3.7/site-packages/airflow/example_dags/example_latest_only.py
[2022-05-07 13:51:52,365] {processor.py:652} INFO - DAG(s) dict_keys(['latest_only']) retrieved from /home/airflow/.local/lib/python3.7/site-packages/airflow/example_dags/example_latest_only.py
[2022-05-07 13:51:52,420] {logging_mixin.py:109} INFO - [2022-05-07 13:51:52,420] {dag.py:2398} INFO - Sync 1 DAGs
[2022-05-07 13:51:52,466] {logging_mixin.py:109} INFO - [2022-05-07 13:51:52,466] {dag.py:2937} INFO - Setting next_dagrun for latest_only to 2022-05-07T09:51:52.465439+00:00
[2022-05-07 13:51:52,488] {processor.py:171} INFO - Processing /home/airflow/.local/lib/python3.7/site-packages/airflow/example_dags/example_latest_only.py took 0.181 seconds
[2022-05-07 13:52:22,979] {processor.py:163} INFO - Started process (PID=1982) to work on /home/airflow/.local/lib/python3.7/site-packages/airflow/example_dags/example_latest_only.py
[2022-05-07 13:52:22,984] {processor.py:642} INFO - Processing file /home/airflow/.local/lib/python3.7/site-packages/airflow/example_dags/example_latest_only.py for tasks to queue
[2022-05-07 13:52:22,986] {logging_mixin.py:109} INFO - [2022-05-07 13:52:22,986] {dagbag.py:500} INFO - Filling up the DagBag from /home/airflow/.local/lib/python3.7/site-packages/airflow/example_dags/example_latest_only.py
[2022-05-07 13:52:23,014] {processor.py:652} INFO - DAG(s) dict_keys(['latest_only']) retrieved from /home/airflow/.local/lib/python3.7/site-packages/airflow/example_dags/example_latest_only.py
[2022-05-07 13:52:23,070] {logging_mixin.py:109} INFO - [2022-05-07 13:52:23,070] {dag.py:2398} INFO - Sync 1 DAGs
[2022-05-07 13:52:23,103] {logging_mixin.py:109} INFO - [2022-05-07 13:52:23,103] {dag.py:2937} INFO - Setting next_dagrun for latest_only to 2022-05-07T09:52:23.103212+00:00
[2022-05-07 13:52:23,135] {processor.py:171} INFO - Processing /home/airflow/.local/lib/python3.7/site-packages/airflow/example_dags/example_latest_only.py took 0.163 seconds
[2022-05-07 13:52:53,594] {processor.py:163} INFO - Started process (PID=2036) to work on /home/airflow/.local/lib/python3.7/site-packages/airflow/example_dags/example_latest_only.py
[2022-05-07 13:52:53,599] {processor.py:642} INFO - Processing file /home/airflow/.local/lib/python3.7/site-packages/airflow/example_dags/example_latest_only.py for tasks to queue
[2022-05-07 13:52:53,601] {logging_mixin.py:109} INFO - [2022-05-07 13:52:53,601] {dagbag.py:500} INFO - Filling up the DagBag from /home/airflow/.local/lib/python3.7/site-packages/airflow/example_dags/example_latest_only.py
[2022-05-07 13:52:53,628] {processor.py:652} INFO - DAG(s) dict_keys(['latest_only']) retrieved from /home/airflow/.local/lib/python3.7/site-packages/airflow/example_dags/example_latest_only.py
[2022-05-07 13:52:53,687] {logging_mixin.py:109} INFO - [2022-05-07 13:52:53,687] {dag.py:2398} INFO - Sync 1 DAGs
[2022-05-07 13:52:53,732] {logging_mixin.py:109} INFO - [2022-05-07 13:52:53,732] {dag.py:2937} INFO - Setting next_dagrun for latest_only to 2022-05-07T09:52:53.732010+00:00
[2022-05-07 13:52:53,758] {processor.py:171} INFO - Processing /home/airflow/.local/lib/python3.7/site-packages/airflow/example_dags/example_latest_only.py took 0.169 seconds
[2022-05-07 13:53:24,110] {processor.py:163} INFO - Started process (PID=2102) to work on /home/airflow/.local/lib/python3.7/site-packages/airflow/example_dags/example_latest_only.py
[2022-05-07 13:53:24,113] {processor.py:642} INFO - Processing file /home/airflow/.local/lib/python3.7/site-packages/airflow/example_dags/example_latest_only.py for tasks to queue
[2022-05-07 13:53:24,115] {logging_mixin.py:109} INFO - [2022-05-07 13:53:24,114] {dagbag.py:500} INFO - Filling up the DagBag from /home/airflow/.local/lib/python3.7/site-packages/airflow/example_dags/example_latest_only.py
[2022-05-07 13:53:24,139] {processor.py:652} INFO - DAG(s) dict_keys(['latest_only']) retrieved from /home/airflow/.local/lib/python3.7/site-packages/airflow/example_dags/example_latest_only.py
[2022-05-07 13:53:24,183] {logging_mixin.py:109} INFO - [2022-05-07 13:53:24,182] {dag.py:2398} INFO - Sync 1 DAGs
[2022-05-07 13:53:24,222] {logging_mixin.py:109} INFO - [2022-05-07 13:53:24,221] {dag.py:2937} INFO - Setting next_dagrun for latest_only to 2022-05-07T09:53:24.219331+00:00
[2022-05-07 13:53:24,256] {processor.py:171} INFO - Processing /home/airflow/.local/lib/python3.7/site-packages/airflow/example_dags/example_latest_only.py took 0.152 seconds
[2022-05-07 13:53:54,895] {processor.py:163} INFO - Started process (PID=2157) to work on /home/airflow/.local/lib/python3.7/site-packages/airflow/example_dags/example_latest_only.py
[2022-05-07 13:53:54,902] {processor.py:642} INFO - Processing file /home/airflow/.local/lib/python3.7/site-packages/airflow/example_dags/example_latest_only.py for tasks to queue
[2022-05-07 13:53:54,905] {logging_mixin.py:109} INFO - [2022-05-07 13:53:54,905] {dagbag.py:500} INFO - Filling up the DagBag from /home/airflow/.local/lib/python3.7/site-packages/airflow/example_dags/example_latest_only.py
[2022-05-07 13:53:54,935] {processor.py:652} INFO - DAG(s) dict_keys(['latest_only']) retrieved from /home/airflow/.local/lib/python3.7/site-packages/airflow/example_dags/example_latest_only.py
[2022-05-07 13:53:54,990] {logging_mixin.py:109} INFO - [2022-05-07 13:53:54,990] {dag.py:2398} INFO - Sync 1 DAGs
[2022-05-07 13:53:55,017] {logging_mixin.py:109} INFO - [2022-05-07 13:53:55,017] {dag.py:2937} INFO - Setting next_dagrun for latest_only to 2022-05-07T09:53:55.017152+00:00
[2022-05-07 13:53:55,039] {processor.py:171} INFO - Processing /home/airflow/.local/lib/python3.7/site-packages/airflow/example_dags/example_latest_only.py took 0.154 seconds
[2022-05-07 13:54:25,214] {processor.py:163} INFO - Started process (PID=2208) to work on /home/airflow/.local/lib/python3.7/site-packages/airflow/example_dags/example_latest_only.py
[2022-05-07 13:54:25,217] {processor.py:642} INFO - Processing file /home/airflow/.local/lib/python3.7/site-packages/airflow/example_dags/example_latest_only.py for tasks to queue
[2022-05-07 13:54:25,219] {logging_mixin.py:109} INFO - [2022-05-07 13:54:25,219] {dagbag.py:500} INFO - Filling up the DagBag from /home/airflow/.local/lib/python3.7/site-packages/airflow/example_dags/example_latest_only.py
[2022-05-07 13:54:25,251] {processor.py:652} INFO - DAG(s) dict_keys(['latest_only']) retrieved from /home/airflow/.local/lib/python3.7/site-packages/airflow/example_dags/example_latest_only.py
[2022-05-07 13:54:25,303] {logging_mixin.py:109} INFO - [2022-05-07 13:54:25,302] {dag.py:2398} INFO - Sync 1 DAGs
[2022-05-07 13:54:25,333] {logging_mixin.py:109} INFO - [2022-05-07 13:54:25,333] {dag.py:2937} INFO - Setting next_dagrun for latest_only to 2022-05-07T09:54:25.332606+00:00
[2022-05-07 13:54:25,365] {processor.py:171} INFO - Processing /home/airflow/.local/lib/python3.7/site-packages/airflow/example_dags/example_latest_only.py took 0.155 seconds
[2022-05-07 13:54:55,472] {processor.py:163} INFO - Started process (PID=2268) to work on /home/airflow/.local/lib/python3.7/site-packages/airflow/example_dags/example_latest_only.py
[2022-05-07 13:54:55,480] {processor.py:642} INFO - Processing file /home/airflow/.local/lib/python3.7/site-packages/airflow/example_dags/example_latest_only.py for tasks to queue
[2022-05-07 13:54:55,485] {logging_mixin.py:109} INFO - [2022-05-07 13:54:55,484] {dagbag.py:500} INFO - Filling up the DagBag from /home/airflow/.local/lib/python3.7/site-packages/airflow/example_dags/example_latest_only.py
[2022-05-07 13:54:55,559] {processor.py:652} INFO - DAG(s) dict_keys(['latest_only']) retrieved from /home/airflow/.local/lib/python3.7/site-packages/airflow/example_dags/example_latest_only.py
[2022-05-07 13:54:55,674] {logging_mixin.py:109} INFO - [2022-05-07 13:54:55,673] {dag.py:2398} INFO - Sync 1 DAGs
[2022-05-07 13:54:55,726] {logging_mixin.py:109} INFO - [2022-05-07 13:54:55,726] {dag.py:2937} INFO - Setting next_dagrun for latest_only to 2022-05-07T09:54:55.726151+00:00
[2022-05-07 13:54:55,755] {processor.py:171} INFO - Processing /home/airflow/.local/lib/python3.7/site-packages/airflow/example_dags/example_latest_only.py took 0.298 seconds
[2022-05-07 13:55:25,848] {processor.py:163} INFO - Started process (PID=2323) to work on /home/airflow/.local/lib/python3.7/site-packages/airflow/example_dags/example_latest_only.py
[2022-05-07 13:55:25,853] {processor.py:642} INFO - Processing file /home/airflow/.local/lib/python3.7/site-packages/airflow/example_dags/example_latest_only.py for tasks to queue
[2022-05-07 13:55:25,856] {logging_mixin.py:109} INFO - [2022-05-07 13:55:25,856] {dagbag.py:500} INFO - Filling up the DagBag from /home/airflow/.local/lib/python3.7/site-packages/airflow/example_dags/example_latest_only.py
[2022-05-07 13:55:25,889] {processor.py:652} INFO - DAG(s) dict_keys(['latest_only']) retrieved from /home/airflow/.local/lib/python3.7/site-packages/airflow/example_dags/example_latest_only.py
[2022-05-07 13:55:25,945] {logging_mixin.py:109} INFO - [2022-05-07 13:55:25,945] {dag.py:2398} INFO - Sync 1 DAGs
[2022-05-07 13:55:25,980] {logging_mixin.py:109} INFO - [2022-05-07 13:55:25,979] {dag.py:2937} INFO - Setting next_dagrun for latest_only to 2022-05-07T09:55:25.979052+00:00
[2022-05-07 13:55:26,019] {processor.py:171} INFO - Processing /home/airflow/.local/lib/python3.7/site-packages/airflow/example_dags/example_latest_only.py took 0.178 seconds
[2022-05-07 13:55:56,136] {processor.py:163} INFO - Started process (PID=2376) to work on /home/airflow/.local/lib/python3.7/site-packages/airflow/example_dags/example_latest_only.py
[2022-05-07 13:55:56,140] {processor.py:642} INFO - Processing file /home/airflow/.local/lib/python3.7/site-packages/airflow/example_dags/example_latest_only.py for tasks to queue
[2022-05-07 13:55:56,142] {logging_mixin.py:109} INFO - [2022-05-07 13:55:56,142] {dagbag.py:500} INFO - Filling up the DagBag from /home/airflow/.local/lib/python3.7/site-packages/airflow/example_dags/example_latest_only.py
[2022-05-07 13:55:56,173] {processor.py:652} INFO - DAG(s) dict_keys(['latest_only']) retrieved from /home/airflow/.local/lib/python3.7/site-packages/airflow/example_dags/example_latest_only.py
[2022-05-07 13:55:56,211] {logging_mixin.py:109} INFO - [2022-05-07 13:55:56,211] {dag.py:2398} INFO - Sync 1 DAGs
[2022-05-07 13:55:56,236] {logging_mixin.py:109} INFO - [2022-05-07 13:55:56,235] {dag.py:2937} INFO - Setting next_dagrun for latest_only to 2022-05-07T09:55:56.235285+00:00
[2022-05-07 13:55:56,252] {processor.py:171} INFO - Processing /home/airflow/.local/lib/python3.7/site-packages/airflow/example_dags/example_latest_only.py took 0.121 seconds
[2022-05-07 13:56:26,322] {processor.py:163} INFO - Started process (PID=2427) to work on /home/airflow/.local/lib/python3.7/site-packages/airflow/example_dags/example_latest_only.py
[2022-05-07 13:56:26,327] {processor.py:642} INFO - Processing file /home/airflow/.local/lib/python3.7/site-packages/airflow/example_dags/example_latest_only.py for tasks to queue
[2022-05-07 13:56:26,329] {logging_mixin.py:109} INFO - [2022-05-07 13:56:26,329] {dagbag.py:500} INFO - Filling up the DagBag from /home/airflow/.local/lib/python3.7/site-packages/airflow/example_dags/example_latest_only.py
[2022-05-07 13:56:26,354] {processor.py:652} INFO - DAG(s) dict_keys(['latest_only']) retrieved from /home/airflow/.local/lib/python3.7/site-packages/airflow/example_dags/example_latest_only.py
[2022-05-07 13:56:26,397] {logging_mixin.py:109} INFO - [2022-05-07 13:56:26,397] {dag.py:2398} INFO - Sync 1 DAGs
[2022-05-07 13:56:26,420] {logging_mixin.py:109} INFO - [2022-05-07 13:56:26,420] {dag.py:2937} INFO - Setting next_dagrun for latest_only to 2022-05-07T09:56:26.420044+00:00
[2022-05-07 13:56:26,441] {processor.py:171} INFO - Processing /home/airflow/.local/lib/python3.7/site-packages/airflow/example_dags/example_latest_only.py took 0.126 seconds
[2022-05-07 13:56:56,807] {processor.py:163} INFO - Started process (PID=2478) to work on /home/airflow/.local/lib/python3.7/site-packages/airflow/example_dags/example_latest_only.py
[2022-05-07 13:56:56,819] {processor.py:642} INFO - Processing file /home/airflow/.local/lib/python3.7/site-packages/airflow/example_dags/example_latest_only.py for tasks to queue
[2022-05-07 13:56:56,828] {logging_mixin.py:109} INFO - [2022-05-07 13:56:56,827] {dagbag.py:500} INFO - Filling up the DagBag from /home/airflow/.local/lib/python3.7/site-packages/airflow/example_dags/example_latest_only.py
[2022-05-07 13:56:56,873] {processor.py:652} INFO - DAG(s) dict_keys(['latest_only']) retrieved from /home/airflow/.local/lib/python3.7/site-packages/airflow/example_dags/example_latest_only.py
[2022-05-07 13:56:56,932] {logging_mixin.py:109} INFO - [2022-05-07 13:56:56,932] {dag.py:2398} INFO - Sync 1 DAGs
[2022-05-07 13:56:56,966] {logging_mixin.py:109} INFO - [2022-05-07 13:56:56,966] {dag.py:2937} INFO - Setting next_dagrun for latest_only to 2022-05-07T09:56:56.965541+00:00
[2022-05-07 13:56:56,987] {processor.py:171} INFO - Processing /home/airflow/.local/lib/python3.7/site-packages/airflow/example_dags/example_latest_only.py took 0.198 seconds
[2022-05-07 13:57:27,413] {processor.py:163} INFO - Started process (PID=2541) to work on /home/airflow/.local/lib/python3.7/site-packages/airflow/example_dags/example_latest_only.py
[2022-05-07 13:57:27,416] {processor.py:642} INFO - Processing file /home/airflow/.local/lib/python3.7/site-packages/airflow/example_dags/example_latest_only.py for tasks to queue
[2022-05-07 13:57:27,419] {logging_mixin.py:109} INFO - [2022-05-07 13:57:27,419] {dagbag.py:500} INFO - Filling up the DagBag from /home/airflow/.local/lib/python3.7/site-packages/airflow/example_dags/example_latest_only.py
[2022-05-07 13:57:27,450] {processor.py:652} INFO - DAG(s) dict_keys(['latest_only']) retrieved from /home/airflow/.local/lib/python3.7/site-packages/airflow/example_dags/example_latest_only.py
[2022-05-07 13:57:27,496] {logging_mixin.py:109} INFO - [2022-05-07 13:57:27,495] {dag.py:2398} INFO - Sync 1 DAGs
[2022-05-07 13:57:27,538] {logging_mixin.py:109} INFO - [2022-05-07 13:57:27,538] {dag.py:2937} INFO - Setting next_dagrun for latest_only to 2022-05-07T09:57:27.537573+00:00
[2022-05-07 13:57:27,563] {processor.py:171} INFO - Processing /home/airflow/.local/lib/python3.7/site-packages/airflow/example_dags/example_latest_only.py took 0.158 seconds
