[2022-05-07 13:34:07,795] {processor.py:163} INFO - Started process (PID=165) to work on /home/airflow/.local/lib/python3.7/site-packages/airflow/example_dags/example_branch_datetime_operator.py
[2022-05-07 13:34:07,798] {processor.py:642} INFO - Processing file /home/airflow/.local/lib/python3.7/site-packages/airflow/example_dags/example_branch_datetime_operator.py for tasks to queue
[2022-05-07 13:34:07,803] {logging_mixin.py:109} INFO - [2022-05-07 13:34:07,800] {dagbag.py:500} INFO - Filling up the DagBag from /home/airflow/.local/lib/python3.7/site-packages/airflow/example_dags/example_branch_datetime_operator.py
[2022-05-07 13:34:07,842] {processor.py:652} INFO - DAG(s) dict_keys(['example_branch_datetime_operator_2']) retrieved from /home/airflow/.local/lib/python3.7/site-packages/airflow/example_dags/example_branch_datetime_operator.py
[2022-05-07 13:34:10,400] {logging_mixin.py:109} INFO - [2022-05-07 13:34:10,400] {manager.py:496} INFO - Created Permission View: can edit on DAG:example_branch_datetime_operator_2
[2022-05-07 13:34:10,415] {logging_mixin.py:109} INFO - [2022-05-07 13:34:10,415] {manager.py:496} INFO - Created Permission View: can read on DAG:example_branch_datetime_operator_2
[2022-05-07 13:34:10,417] {logging_mixin.py:109} INFO - [2022-05-07 13:34:10,417] {dag.py:2398} INFO - Sync 1 DAGs
[2022-05-07 13:34:10,430] {logging_mixin.py:109} INFO - [2022-05-07 13:34:10,429] {dag.py:2417} INFO - Creating ORM DAG for example_branch_datetime_operator_2
[2022-05-07 13:34:10,445] {logging_mixin.py:109} INFO - [2022-05-07 13:34:10,445] {dag.py:2937} INFO - Setting next_dagrun for example_branch_datetime_operator_2 to 2022-05-06 00:00:00+00:00
[2022-05-07 13:34:10,469] {processor.py:171} INFO - Processing /home/airflow/.local/lib/python3.7/site-packages/airflow/example_dags/example_branch_datetime_operator.py took 2.679 seconds
[2022-05-07 13:34:40,936] {processor.py:163} INFO - Started process (PID=267) to work on /home/airflow/.local/lib/python3.7/site-packages/airflow/example_dags/example_branch_datetime_operator.py
[2022-05-07 13:34:40,939] {processor.py:642} INFO - Processing file /home/airflow/.local/lib/python3.7/site-packages/airflow/example_dags/example_branch_datetime_operator.py for tasks to queue
[2022-05-07 13:34:40,942] {logging_mixin.py:109} INFO - [2022-05-07 13:34:40,941] {dagbag.py:500} INFO - Filling up the DagBag from /home/airflow/.local/lib/python3.7/site-packages/airflow/example_dags/example_branch_datetime_operator.py
[2022-05-07 13:34:40,972] {processor.py:652} INFO - DAG(s) dict_keys(['example_branch_datetime_operator_2']) retrieved from /home/airflow/.local/lib/python3.7/site-packages/airflow/example_dags/example_branch_datetime_operator.py
[2022-05-07 13:34:41,017] {logging_mixin.py:109} INFO - [2022-05-07 13:34:41,016] {dag.py:2398} INFO - Sync 1 DAGs
[2022-05-07 13:34:41,054] {logging_mixin.py:109} INFO - [2022-05-07 13:34:41,054] {dag.py:2937} INFO - Setting next_dagrun for example_branch_datetime_operator_2 to 2022-05-06 00:00:00+00:00
[2022-05-07 13:34:41,086] {processor.py:171} INFO - Processing /home/airflow/.local/lib/python3.7/site-packages/airflow/example_dags/example_branch_datetime_operator.py took 0.155 seconds
[2022-05-07 13:35:11,437] {processor.py:163} INFO - Started process (PID=320) to work on /home/airflow/.local/lib/python3.7/site-packages/airflow/example_dags/example_branch_datetime_operator.py
[2022-05-07 13:35:11,439] {processor.py:642} INFO - Processing file /home/airflow/.local/lib/python3.7/site-packages/airflow/example_dags/example_branch_datetime_operator.py for tasks to queue
[2022-05-07 13:35:11,441] {logging_mixin.py:109} INFO - [2022-05-07 13:35:11,441] {dagbag.py:500} INFO - Filling up the DagBag from /home/airflow/.local/lib/python3.7/site-packages/airflow/example_dags/example_branch_datetime_operator.py
[2022-05-07 13:35:11,467] {processor.py:652} INFO - DAG(s) dict_keys(['example_branch_datetime_operator_2']) retrieved from /home/airflow/.local/lib/python3.7/site-packages/airflow/example_dags/example_branch_datetime_operator.py
[2022-05-07 13:35:11,513] {logging_mixin.py:109} INFO - [2022-05-07 13:35:11,513] {dag.py:2398} INFO - Sync 1 DAGs
[2022-05-07 13:35:11,544] {logging_mixin.py:109} INFO - [2022-05-07 13:35:11,544] {dag.py:2937} INFO - Setting next_dagrun for example_branch_datetime_operator_2 to 2022-05-06 00:00:00+00:00
[2022-05-07 13:35:11,558] {processor.py:171} INFO - Processing /home/airflow/.local/lib/python3.7/site-packages/airflow/example_dags/example_branch_datetime_operator.py took 0.126 seconds
[2022-05-07 13:35:41,703] {processor.py:163} INFO - Started process (PID=371) to work on /home/airflow/.local/lib/python3.7/site-packages/airflow/example_dags/example_branch_datetime_operator.py
[2022-05-07 13:35:41,706] {processor.py:642} INFO - Processing file /home/airflow/.local/lib/python3.7/site-packages/airflow/example_dags/example_branch_datetime_operator.py for tasks to queue
[2022-05-07 13:35:41,708] {logging_mixin.py:109} INFO - [2022-05-07 13:35:41,708] {dagbag.py:500} INFO - Filling up the DagBag from /home/airflow/.local/lib/python3.7/site-packages/airflow/example_dags/example_branch_datetime_operator.py
[2022-05-07 13:35:41,736] {processor.py:652} INFO - DAG(s) dict_keys(['example_branch_datetime_operator_2']) retrieved from /home/airflow/.local/lib/python3.7/site-packages/airflow/example_dags/example_branch_datetime_operator.py
[2022-05-07 13:35:41,771] {logging_mixin.py:109} INFO - [2022-05-07 13:35:41,771] {dag.py:2398} INFO - Sync 1 DAGs
[2022-05-07 13:35:41,800] {logging_mixin.py:109} INFO - [2022-05-07 13:35:41,800] {dag.py:2937} INFO - Setting next_dagrun for example_branch_datetime_operator_2 to 2022-05-06 00:00:00+00:00
[2022-05-07 13:35:41,817] {processor.py:171} INFO - Processing /home/airflow/.local/lib/python3.7/site-packages/airflow/example_dags/example_branch_datetime_operator.py took 0.120 seconds
[2022-05-07 13:36:12,174] {processor.py:163} INFO - Started process (PID=431) to work on /home/airflow/.local/lib/python3.7/site-packages/airflow/example_dags/example_branch_datetime_operator.py
[2022-05-07 13:36:12,182] {processor.py:642} INFO - Processing file /home/airflow/.local/lib/python3.7/site-packages/airflow/example_dags/example_branch_datetime_operator.py for tasks to queue
[2022-05-07 13:36:12,185] {logging_mixin.py:109} INFO - [2022-05-07 13:36:12,184] {dagbag.py:500} INFO - Filling up the DagBag from /home/airflow/.local/lib/python3.7/site-packages/airflow/example_dags/example_branch_datetime_operator.py
[2022-05-07 13:36:12,211] {processor.py:652} INFO - DAG(s) dict_keys(['example_branch_datetime_operator_2']) retrieved from /home/airflow/.local/lib/python3.7/site-packages/airflow/example_dags/example_branch_datetime_operator.py
[2022-05-07 13:36:12,249] {logging_mixin.py:109} INFO - [2022-05-07 13:36:12,249] {dag.py:2398} INFO - Sync 1 DAGs
[2022-05-07 13:36:12,279] {logging_mixin.py:109} INFO - [2022-05-07 13:36:12,279] {dag.py:2937} INFO - Setting next_dagrun for example_branch_datetime_operator_2 to 2022-05-06 00:00:00+00:00
[2022-05-07 13:36:12,303] {processor.py:171} INFO - Processing /home/airflow/.local/lib/python3.7/site-packages/airflow/example_dags/example_branch_datetime_operator.py took 0.137 seconds
[2022-05-07 13:36:49,753] {processor.py:163} INFO - Started process (PID=483) to work on /home/airflow/.local/lib/python3.7/site-packages/airflow/example_dags/example_branch_datetime_operator.py
[2022-05-07 13:36:49,760] {processor.py:642} INFO - Processing file /home/airflow/.local/lib/python3.7/site-packages/airflow/example_dags/example_branch_datetime_operator.py for tasks to queue
[2022-05-07 13:36:49,764] {logging_mixin.py:109} INFO - [2022-05-07 13:36:49,764] {dagbag.py:500} INFO - Filling up the DagBag from /home/airflow/.local/lib/python3.7/site-packages/airflow/example_dags/example_branch_datetime_operator.py
[2022-05-07 13:36:49,810] {processor.py:652} INFO - DAG(s) dict_keys(['example_branch_datetime_operator_2']) retrieved from /home/airflow/.local/lib/python3.7/site-packages/airflow/example_dags/example_branch_datetime_operator.py
[2022-05-07 13:36:49,867] {logging_mixin.py:109} INFO - [2022-05-07 13:36:49,866] {dag.py:2398} INFO - Sync 1 DAGs
[2022-05-07 13:36:49,907] {logging_mixin.py:109} INFO - [2022-05-07 13:36:49,907] {dag.py:2937} INFO - Setting next_dagrun for example_branch_datetime_operator_2 to 2022-05-06 00:00:00+00:00
[2022-05-07 13:36:49,933] {processor.py:171} INFO - Processing /home/airflow/.local/lib/python3.7/site-packages/airflow/example_dags/example_branch_datetime_operator.py took 0.188 seconds
[2022-05-07 13:37:20,771] {processor.py:163} INFO - Started process (PID=535) to work on /home/airflow/.local/lib/python3.7/site-packages/airflow/example_dags/example_branch_datetime_operator.py
[2022-05-07 13:37:20,776] {processor.py:642} INFO - Processing file /home/airflow/.local/lib/python3.7/site-packages/airflow/example_dags/example_branch_datetime_operator.py for tasks to queue
[2022-05-07 13:37:20,779] {logging_mixin.py:109} INFO - [2022-05-07 13:37:20,779] {dagbag.py:500} INFO - Filling up the DagBag from /home/airflow/.local/lib/python3.7/site-packages/airflow/example_dags/example_branch_datetime_operator.py
[2022-05-07 13:37:20,827] {processor.py:652} INFO - DAG(s) dict_keys(['example_branch_datetime_operator_2']) retrieved from /home/airflow/.local/lib/python3.7/site-packages/airflow/example_dags/example_branch_datetime_operator.py
[2022-05-07 13:37:20,910] {logging_mixin.py:109} INFO - [2022-05-07 13:37:20,910] {dag.py:2398} INFO - Sync 1 DAGs
[2022-05-07 13:37:20,949] {logging_mixin.py:109} INFO - [2022-05-07 13:37:20,949] {dag.py:2937} INFO - Setting next_dagrun for example_branch_datetime_operator_2 to 2022-05-06 00:00:00+00:00
[2022-05-07 13:37:20,971] {processor.py:171} INFO - Processing /home/airflow/.local/lib/python3.7/site-packages/airflow/example_dags/example_branch_datetime_operator.py took 0.207 seconds
[2022-05-07 13:37:51,278] {processor.py:163} INFO - Started process (PID=589) to work on /home/airflow/.local/lib/python3.7/site-packages/airflow/example_dags/example_branch_datetime_operator.py
[2022-05-07 13:37:51,281] {processor.py:642} INFO - Processing file /home/airflow/.local/lib/python3.7/site-packages/airflow/example_dags/example_branch_datetime_operator.py for tasks to queue
[2022-05-07 13:37:51,284] {logging_mixin.py:109} INFO - [2022-05-07 13:37:51,284] {dagbag.py:500} INFO - Filling up the DagBag from /home/airflow/.local/lib/python3.7/site-packages/airflow/example_dags/example_branch_datetime_operator.py
[2022-05-07 13:37:51,308] {processor.py:652} INFO - DAG(s) dict_keys(['example_branch_datetime_operator_2']) retrieved from /home/airflow/.local/lib/python3.7/site-packages/airflow/example_dags/example_branch_datetime_operator.py
[2022-05-07 13:37:51,349] {logging_mixin.py:109} INFO - [2022-05-07 13:37:51,349] {dag.py:2398} INFO - Sync 1 DAGs
[2022-05-07 13:37:51,377] {logging_mixin.py:109} INFO - [2022-05-07 13:37:51,377] {dag.py:2937} INFO - Setting next_dagrun for example_branch_datetime_operator_2 to 2022-05-06 00:00:00+00:00
[2022-05-07 13:37:51,400] {processor.py:171} INFO - Processing /home/airflow/.local/lib/python3.7/site-packages/airflow/example_dags/example_branch_datetime_operator.py took 0.128 seconds
[2022-05-07 13:38:22,472] {processor.py:163} INFO - Started process (PID=641) to work on /home/airflow/.local/lib/python3.7/site-packages/airflow/example_dags/example_branch_datetime_operator.py
[2022-05-07 13:38:22,477] {processor.py:642} INFO - Processing file /home/airflow/.local/lib/python3.7/site-packages/airflow/example_dags/example_branch_datetime_operator.py for tasks to queue
[2022-05-07 13:38:22,480] {logging_mixin.py:109} INFO - [2022-05-07 13:38:22,480] {dagbag.py:500} INFO - Filling up the DagBag from /home/airflow/.local/lib/python3.7/site-packages/airflow/example_dags/example_branch_datetime_operator.py
[2022-05-07 13:38:22,518] {processor.py:652} INFO - DAG(s) dict_keys(['example_branch_datetime_operator_2']) retrieved from /home/airflow/.local/lib/python3.7/site-packages/airflow/example_dags/example_branch_datetime_operator.py
[2022-05-07 13:38:22,570] {logging_mixin.py:109} INFO - [2022-05-07 13:38:22,569] {dag.py:2398} INFO - Sync 1 DAGs
[2022-05-07 13:38:22,606] {logging_mixin.py:109} INFO - [2022-05-07 13:38:22,606] {dag.py:2937} INFO - Setting next_dagrun for example_branch_datetime_operator_2 to 2022-05-06 00:00:00+00:00
[2022-05-07 13:38:22,635] {processor.py:171} INFO - Processing /home/airflow/.local/lib/python3.7/site-packages/airflow/example_dags/example_branch_datetime_operator.py took 0.169 seconds
[2022-05-07 13:38:54,424] {processor.py:163} INFO - Started process (PID=693) to work on /home/airflow/.local/lib/python3.7/site-packages/airflow/example_dags/example_branch_datetime_operator.py
[2022-05-07 13:38:54,428] {processor.py:642} INFO - Processing file /home/airflow/.local/lib/python3.7/site-packages/airflow/example_dags/example_branch_datetime_operator.py for tasks to queue
[2022-05-07 13:38:54,436] {logging_mixin.py:109} INFO - [2022-05-07 13:38:54,435] {dagbag.py:500} INFO - Filling up the DagBag from /home/airflow/.local/lib/python3.7/site-packages/airflow/example_dags/example_branch_datetime_operator.py
[2022-05-07 13:38:54,494] {processor.py:652} INFO - DAG(s) dict_keys(['example_branch_datetime_operator_2']) retrieved from /home/airflow/.local/lib/python3.7/site-packages/airflow/example_dags/example_branch_datetime_operator.py
[2022-05-07 13:38:54,571] {logging_mixin.py:109} INFO - [2022-05-07 13:38:54,571] {dag.py:2398} INFO - Sync 1 DAGs
[2022-05-07 13:38:54,632] {logging_mixin.py:109} INFO - [2022-05-07 13:38:54,632] {dag.py:2937} INFO - Setting next_dagrun for example_branch_datetime_operator_2 to 2022-05-06 00:00:00+00:00
[2022-05-07 13:38:54,667] {processor.py:171} INFO - Processing /home/airflow/.local/lib/python3.7/site-packages/airflow/example_dags/example_branch_datetime_operator.py took 0.250 seconds
[2022-05-07 13:39:25,136] {processor.py:163} INFO - Started process (PID=746) to work on /home/airflow/.local/lib/python3.7/site-packages/airflow/example_dags/example_branch_datetime_operator.py
[2022-05-07 13:39:25,142] {processor.py:642} INFO - Processing file /home/airflow/.local/lib/python3.7/site-packages/airflow/example_dags/example_branch_datetime_operator.py for tasks to queue
[2022-05-07 13:39:25,147] {logging_mixin.py:109} INFO - [2022-05-07 13:39:25,146] {dagbag.py:500} INFO - Filling up the DagBag from /home/airflow/.local/lib/python3.7/site-packages/airflow/example_dags/example_branch_datetime_operator.py
[2022-05-07 13:39:25,205] {processor.py:652} INFO - DAG(s) dict_keys(['example_branch_datetime_operator_2']) retrieved from /home/airflow/.local/lib/python3.7/site-packages/airflow/example_dags/example_branch_datetime_operator.py
[2022-05-07 13:39:25,253] {logging_mixin.py:109} INFO - [2022-05-07 13:39:25,253] {dag.py:2398} INFO - Sync 1 DAGs
[2022-05-07 13:39:25,284] {logging_mixin.py:109} INFO - [2022-05-07 13:39:25,284] {dag.py:2937} INFO - Setting next_dagrun for example_branch_datetime_operator_2 to 2022-05-06 00:00:00+00:00
[2022-05-07 13:39:25,301] {processor.py:171} INFO - Processing /home/airflow/.local/lib/python3.7/site-packages/airflow/example_dags/example_branch_datetime_operator.py took 0.177 seconds
[2022-05-07 13:39:55,756] {processor.py:163} INFO - Started process (PID=798) to work on /home/airflow/.local/lib/python3.7/site-packages/airflow/example_dags/example_branch_datetime_operator.py
[2022-05-07 13:39:55,760] {processor.py:642} INFO - Processing file /home/airflow/.local/lib/python3.7/site-packages/airflow/example_dags/example_branch_datetime_operator.py for tasks to queue
[2022-05-07 13:39:55,762] {logging_mixin.py:109} INFO - [2022-05-07 13:39:55,762] {dagbag.py:500} INFO - Filling up the DagBag from /home/airflow/.local/lib/python3.7/site-packages/airflow/example_dags/example_branch_datetime_operator.py
[2022-05-07 13:39:55,790] {processor.py:652} INFO - DAG(s) dict_keys(['example_branch_datetime_operator_2']) retrieved from /home/airflow/.local/lib/python3.7/site-packages/airflow/example_dags/example_branch_datetime_operator.py
[2022-05-07 13:39:55,851] {logging_mixin.py:109} INFO - [2022-05-07 13:39:55,850] {dag.py:2398} INFO - Sync 1 DAGs
[2022-05-07 13:39:55,916] {logging_mixin.py:109} INFO - [2022-05-07 13:39:55,916] {dag.py:2937} INFO - Setting next_dagrun for example_branch_datetime_operator_2 to 2022-05-06 00:00:00+00:00
[2022-05-07 13:39:55,948] {processor.py:171} INFO - Processing /home/airflow/.local/lib/python3.7/site-packages/airflow/example_dags/example_branch_datetime_operator.py took 0.197 seconds
[2022-05-07 13:40:26,794] {processor.py:163} INFO - Started process (PID=861) to work on /home/airflow/.local/lib/python3.7/site-packages/airflow/example_dags/example_branch_datetime_operator.py
[2022-05-07 13:40:26,798] {processor.py:642} INFO - Processing file /home/airflow/.local/lib/python3.7/site-packages/airflow/example_dags/example_branch_datetime_operator.py for tasks to queue
[2022-05-07 13:40:26,803] {logging_mixin.py:109} INFO - [2022-05-07 13:40:26,803] {dagbag.py:500} INFO - Filling up the DagBag from /home/airflow/.local/lib/python3.7/site-packages/airflow/example_dags/example_branch_datetime_operator.py
[2022-05-07 13:40:26,870] {processor.py:652} INFO - DAG(s) dict_keys(['example_branch_datetime_operator_2']) retrieved from /home/airflow/.local/lib/python3.7/site-packages/airflow/example_dags/example_branch_datetime_operator.py
[2022-05-07 13:40:26,939] {logging_mixin.py:109} INFO - [2022-05-07 13:40:26,939] {dag.py:2398} INFO - Sync 1 DAGs
[2022-05-07 13:40:26,985] {logging_mixin.py:109} INFO - [2022-05-07 13:40:26,985] {dag.py:2937} INFO - Setting next_dagrun for example_branch_datetime_operator_2 to 2022-05-06 00:00:00+00:00
[2022-05-07 13:40:27,008] {processor.py:171} INFO - Processing /home/airflow/.local/lib/python3.7/site-packages/airflow/example_dags/example_branch_datetime_operator.py took 0.220 seconds
[2022-05-07 13:40:58,959] {processor.py:163} INFO - Started process (PID=914) to work on /home/airflow/.local/lib/python3.7/site-packages/airflow/example_dags/example_branch_datetime_operator.py
[2022-05-07 13:40:58,964] {processor.py:642} INFO - Processing file /home/airflow/.local/lib/python3.7/site-packages/airflow/example_dags/example_branch_datetime_operator.py for tasks to queue
[2022-05-07 13:40:58,967] {logging_mixin.py:109} INFO - [2022-05-07 13:40:58,966] {dagbag.py:500} INFO - Filling up the DagBag from /home/airflow/.local/lib/python3.7/site-packages/airflow/example_dags/example_branch_datetime_operator.py
[2022-05-07 13:40:58,997] {processor.py:652} INFO - DAG(s) dict_keys(['example_branch_datetime_operator_2']) retrieved from /home/airflow/.local/lib/python3.7/site-packages/airflow/example_dags/example_branch_datetime_operator.py
[2022-05-07 13:40:59,058] {logging_mixin.py:109} INFO - [2022-05-07 13:40:59,057] {dag.py:2398} INFO - Sync 1 DAGs
[2022-05-07 13:40:59,105] {logging_mixin.py:109} INFO - [2022-05-07 13:40:59,104] {dag.py:2937} INFO - Setting next_dagrun for example_branch_datetime_operator_2 to 2022-05-06 00:00:00+00:00
[2022-05-07 13:40:59,153] {processor.py:171} INFO - Processing /home/airflow/.local/lib/python3.7/site-packages/airflow/example_dags/example_branch_datetime_operator.py took 0.201 seconds
[2022-05-07 13:41:29,254] {processor.py:163} INFO - Started process (PID=963) to work on /home/airflow/.local/lib/python3.7/site-packages/airflow/example_dags/example_branch_datetime_operator.py
[2022-05-07 13:41:29,261] {processor.py:642} INFO - Processing file /home/airflow/.local/lib/python3.7/site-packages/airflow/example_dags/example_branch_datetime_operator.py for tasks to queue
[2022-05-07 13:41:29,264] {logging_mixin.py:109} INFO - [2022-05-07 13:41:29,264] {dagbag.py:500} INFO - Filling up the DagBag from /home/airflow/.local/lib/python3.7/site-packages/airflow/example_dags/example_branch_datetime_operator.py
[2022-05-07 13:41:29,328] {processor.py:652} INFO - DAG(s) dict_keys(['example_branch_datetime_operator_2']) retrieved from /home/airflow/.local/lib/python3.7/site-packages/airflow/example_dags/example_branch_datetime_operator.py
[2022-05-07 13:41:29,420] {logging_mixin.py:109} INFO - [2022-05-07 13:41:29,420] {dag.py:2398} INFO - Sync 1 DAGs
[2022-05-07 13:41:29,472] {logging_mixin.py:109} INFO - [2022-05-07 13:41:29,472] {dag.py:2937} INFO - Setting next_dagrun for example_branch_datetime_operator_2 to 2022-05-06 00:00:00+00:00
[2022-05-07 13:41:29,499] {processor.py:171} INFO - Processing /home/airflow/.local/lib/python3.7/site-packages/airflow/example_dags/example_branch_datetime_operator.py took 0.251 seconds
[2022-05-07 13:42:00,444] {processor.py:163} INFO - Started process (PID=1014) to work on /home/airflow/.local/lib/python3.7/site-packages/airflow/example_dags/example_branch_datetime_operator.py
[2022-05-07 13:42:00,449] {processor.py:642} INFO - Processing file /home/airflow/.local/lib/python3.7/site-packages/airflow/example_dags/example_branch_datetime_operator.py for tasks to queue
[2022-05-07 13:42:00,452] {logging_mixin.py:109} INFO - [2022-05-07 13:42:00,451] {dagbag.py:500} INFO - Filling up the DagBag from /home/airflow/.local/lib/python3.7/site-packages/airflow/example_dags/example_branch_datetime_operator.py
[2022-05-07 13:42:00,503] {processor.py:652} INFO - DAG(s) dict_keys(['example_branch_datetime_operator_2']) retrieved from /home/airflow/.local/lib/python3.7/site-packages/airflow/example_dags/example_branch_datetime_operator.py
[2022-05-07 13:42:00,583] {logging_mixin.py:109} INFO - [2022-05-07 13:42:00,582] {dag.py:2398} INFO - Sync 1 DAGs
[2022-05-07 13:42:00,646] {logging_mixin.py:109} INFO - [2022-05-07 13:42:00,645] {dag.py:2937} INFO - Setting next_dagrun for example_branch_datetime_operator_2 to 2022-05-06 00:00:00+00:00
[2022-05-07 13:42:00,678] {processor.py:171} INFO - Processing /home/airflow/.local/lib/python3.7/site-packages/airflow/example_dags/example_branch_datetime_operator.py took 0.248 seconds
[2022-05-07 13:42:31,213] {processor.py:163} INFO - Started process (PID=1065) to work on /home/airflow/.local/lib/python3.7/site-packages/airflow/example_dags/example_branch_datetime_operator.py
[2022-05-07 13:42:31,216] {processor.py:642} INFO - Processing file /home/airflow/.local/lib/python3.7/site-packages/airflow/example_dags/example_branch_datetime_operator.py for tasks to queue
[2022-05-07 13:42:31,219] {logging_mixin.py:109} INFO - [2022-05-07 13:42:31,218] {dagbag.py:500} INFO - Filling up the DagBag from /home/airflow/.local/lib/python3.7/site-packages/airflow/example_dags/example_branch_datetime_operator.py
[2022-05-07 13:42:31,273] {processor.py:652} INFO - DAG(s) dict_keys(['example_branch_datetime_operator_2']) retrieved from /home/airflow/.local/lib/python3.7/site-packages/airflow/example_dags/example_branch_datetime_operator.py
[2022-05-07 13:42:31,330] {logging_mixin.py:109} INFO - [2022-05-07 13:42:31,329] {dag.py:2398} INFO - Sync 1 DAGs
[2022-05-07 13:42:31,376] {logging_mixin.py:109} INFO - [2022-05-07 13:42:31,376] {dag.py:2937} INFO - Setting next_dagrun for example_branch_datetime_operator_2 to 2022-05-06 00:00:00+00:00
[2022-05-07 13:42:31,395] {processor.py:171} INFO - Processing /home/airflow/.local/lib/python3.7/site-packages/airflow/example_dags/example_branch_datetime_operator.py took 0.196 seconds
[2022-05-07 13:43:02,326] {processor.py:163} INFO - Started process (PID=1127) to work on /home/airflow/.local/lib/python3.7/site-packages/airflow/example_dags/example_branch_datetime_operator.py
[2022-05-07 13:43:02,330] {processor.py:642} INFO - Processing file /home/airflow/.local/lib/python3.7/site-packages/airflow/example_dags/example_branch_datetime_operator.py for tasks to queue
[2022-05-07 13:43:02,333] {logging_mixin.py:109} INFO - [2022-05-07 13:43:02,332] {dagbag.py:500} INFO - Filling up the DagBag from /home/airflow/.local/lib/python3.7/site-packages/airflow/example_dags/example_branch_datetime_operator.py
[2022-05-07 13:43:02,366] {processor.py:652} INFO - DAG(s) dict_keys(['example_branch_datetime_operator_2']) retrieved from /home/airflow/.local/lib/python3.7/site-packages/airflow/example_dags/example_branch_datetime_operator.py
[2022-05-07 13:43:02,437] {logging_mixin.py:109} INFO - [2022-05-07 13:43:02,436] {dag.py:2398} INFO - Sync 1 DAGs
[2022-05-07 13:43:02,480] {logging_mixin.py:109} INFO - [2022-05-07 13:43:02,480] {dag.py:2937} INFO - Setting next_dagrun for example_branch_datetime_operator_2 to 2022-05-06 00:00:00+00:00
[2022-05-07 13:43:02,504] {processor.py:171} INFO - Processing /home/airflow/.local/lib/python3.7/site-packages/airflow/example_dags/example_branch_datetime_operator.py took 0.186 seconds
[2022-05-07 13:43:35,149] {processor.py:163} INFO - Started process (PID=1170) to work on /home/airflow/.local/lib/python3.7/site-packages/airflow/example_dags/example_branch_datetime_operator.py
[2022-05-07 13:43:35,160] {processor.py:642} INFO - Processing file /home/airflow/.local/lib/python3.7/site-packages/airflow/example_dags/example_branch_datetime_operator.py for tasks to queue
[2022-05-07 13:43:35,163] {logging_mixin.py:109} INFO - [2022-05-07 13:43:35,163] {dagbag.py:500} INFO - Filling up the DagBag from /home/airflow/.local/lib/python3.7/site-packages/airflow/example_dags/example_branch_datetime_operator.py
[2022-05-07 13:43:35,242] {processor.py:652} INFO - DAG(s) dict_keys(['example_branch_datetime_operator_2']) retrieved from /home/airflow/.local/lib/python3.7/site-packages/airflow/example_dags/example_branch_datetime_operator.py
[2022-05-07 13:43:35,335] {logging_mixin.py:109} INFO - [2022-05-07 13:43:35,335] {dag.py:2398} INFO - Sync 1 DAGs
[2022-05-07 13:43:35,477] {logging_mixin.py:109} INFO - [2022-05-07 13:43:35,477] {dag.py:2937} INFO - Setting next_dagrun for example_branch_datetime_operator_2 to 2022-05-06 00:00:00+00:00
[2022-05-07 13:43:35,553] {processor.py:171} INFO - Processing /home/airflow/.local/lib/python3.7/site-packages/airflow/example_dags/example_branch_datetime_operator.py took 0.417 seconds
[2022-05-07 13:44:05,839] {processor.py:163} INFO - Started process (PID=1222) to work on /home/airflow/.local/lib/python3.7/site-packages/airflow/example_dags/example_branch_datetime_operator.py
[2022-05-07 13:44:05,843] {processor.py:642} INFO - Processing file /home/airflow/.local/lib/python3.7/site-packages/airflow/example_dags/example_branch_datetime_operator.py for tasks to queue
[2022-05-07 13:44:05,847] {logging_mixin.py:109} INFO - [2022-05-07 13:44:05,847] {dagbag.py:500} INFO - Filling up the DagBag from /home/airflow/.local/lib/python3.7/site-packages/airflow/example_dags/example_branch_datetime_operator.py
[2022-05-07 13:44:05,876] {processor.py:652} INFO - DAG(s) dict_keys(['example_branch_datetime_operator_2']) retrieved from /home/airflow/.local/lib/python3.7/site-packages/airflow/example_dags/example_branch_datetime_operator.py
[2022-05-07 13:44:05,935] {logging_mixin.py:109} INFO - [2022-05-07 13:44:05,935] {dag.py:2398} INFO - Sync 1 DAGs
[2022-05-07 13:44:05,980] {logging_mixin.py:109} INFO - [2022-05-07 13:44:05,980] {dag.py:2937} INFO - Setting next_dagrun for example_branch_datetime_operator_2 to 2022-05-06 00:00:00+00:00
[2022-05-07 13:44:06,004] {processor.py:171} INFO - Processing /home/airflow/.local/lib/python3.7/site-packages/airflow/example_dags/example_branch_datetime_operator.py took 0.171 seconds
[2022-05-07 13:44:36,274] {processor.py:163} INFO - Started process (PID=1275) to work on /home/airflow/.local/lib/python3.7/site-packages/airflow/example_dags/example_branch_datetime_operator.py
[2022-05-07 13:44:36,277] {processor.py:642} INFO - Processing file /home/airflow/.local/lib/python3.7/site-packages/airflow/example_dags/example_branch_datetime_operator.py for tasks to queue
[2022-05-07 13:44:36,281] {logging_mixin.py:109} INFO - [2022-05-07 13:44:36,281] {dagbag.py:500} INFO - Filling up the DagBag from /home/airflow/.local/lib/python3.7/site-packages/airflow/example_dags/example_branch_datetime_operator.py
[2022-05-07 13:44:36,322] {processor.py:652} INFO - DAG(s) dict_keys(['example_branch_datetime_operator_2']) retrieved from /home/airflow/.local/lib/python3.7/site-packages/airflow/example_dags/example_branch_datetime_operator.py
[2022-05-07 13:44:36,363] {logging_mixin.py:109} INFO - [2022-05-07 13:44:36,363] {dag.py:2398} INFO - Sync 1 DAGs
[2022-05-07 13:44:36,412] {logging_mixin.py:109} INFO - [2022-05-07 13:44:36,412] {dag.py:2937} INFO - Setting next_dagrun for example_branch_datetime_operator_2 to 2022-05-06 00:00:00+00:00
[2022-05-07 13:44:36,453] {processor.py:171} INFO - Processing /home/airflow/.local/lib/python3.7/site-packages/airflow/example_dags/example_branch_datetime_operator.py took 0.184 seconds
[2022-05-07 13:45:07,432] {processor.py:163} INFO - Started process (PID=1336) to work on /home/airflow/.local/lib/python3.7/site-packages/airflow/example_dags/example_branch_datetime_operator.py
[2022-05-07 13:45:07,435] {processor.py:642} INFO - Processing file /home/airflow/.local/lib/python3.7/site-packages/airflow/example_dags/example_branch_datetime_operator.py for tasks to queue
[2022-05-07 13:45:07,437] {logging_mixin.py:109} INFO - [2022-05-07 13:45:07,437] {dagbag.py:500} INFO - Filling up the DagBag from /home/airflow/.local/lib/python3.7/site-packages/airflow/example_dags/example_branch_datetime_operator.py
[2022-05-07 13:45:07,461] {processor.py:652} INFO - DAG(s) dict_keys(['example_branch_datetime_operator_2']) retrieved from /home/airflow/.local/lib/python3.7/site-packages/airflow/example_dags/example_branch_datetime_operator.py
[2022-05-07 13:45:07,498] {logging_mixin.py:109} INFO - [2022-05-07 13:45:07,498] {dag.py:2398} INFO - Sync 1 DAGs
[2022-05-07 13:45:07,534] {logging_mixin.py:109} INFO - [2022-05-07 13:45:07,534] {dag.py:2937} INFO - Setting next_dagrun for example_branch_datetime_operator_2 to 2022-05-06 00:00:00+00:00
[2022-05-07 13:45:07,551] {processor.py:171} INFO - Processing /home/airflow/.local/lib/python3.7/site-packages/airflow/example_dags/example_branch_datetime_operator.py took 0.140 seconds
[2022-05-07 13:45:38,460] {processor.py:163} INFO - Started process (PID=1388) to work on /home/airflow/.local/lib/python3.7/site-packages/airflow/example_dags/example_branch_datetime_operator.py
[2022-05-07 13:45:38,463] {processor.py:642} INFO - Processing file /home/airflow/.local/lib/python3.7/site-packages/airflow/example_dags/example_branch_datetime_operator.py for tasks to queue
[2022-05-07 13:45:38,465] {logging_mixin.py:109} INFO - [2022-05-07 13:45:38,465] {dagbag.py:500} INFO - Filling up the DagBag from /home/airflow/.local/lib/python3.7/site-packages/airflow/example_dags/example_branch_datetime_operator.py
[2022-05-07 13:45:38,490] {processor.py:652} INFO - DAG(s) dict_keys(['example_branch_datetime_operator_2']) retrieved from /home/airflow/.local/lib/python3.7/site-packages/airflow/example_dags/example_branch_datetime_operator.py
[2022-05-07 13:45:38,552] {logging_mixin.py:109} INFO - [2022-05-07 13:45:38,551] {dag.py:2398} INFO - Sync 1 DAGs
[2022-05-07 13:45:38,616] {logging_mixin.py:109} INFO - [2022-05-07 13:45:38,616] {dag.py:2937} INFO - Setting next_dagrun for example_branch_datetime_operator_2 to 2022-05-06 00:00:00+00:00
[2022-05-07 13:45:38,660] {processor.py:171} INFO - Processing /home/airflow/.local/lib/python3.7/site-packages/airflow/example_dags/example_branch_datetime_operator.py took 0.205 seconds
[2022-05-07 13:46:09,244] {processor.py:163} INFO - Started process (PID=1441) to work on /home/airflow/.local/lib/python3.7/site-packages/airflow/example_dags/example_branch_datetime_operator.py
[2022-05-07 13:46:09,248] {processor.py:642} INFO - Processing file /home/airflow/.local/lib/python3.7/site-packages/airflow/example_dags/example_branch_datetime_operator.py for tasks to queue
[2022-05-07 13:46:09,251] {logging_mixin.py:109} INFO - [2022-05-07 13:46:09,251] {dagbag.py:500} INFO - Filling up the DagBag from /home/airflow/.local/lib/python3.7/site-packages/airflow/example_dags/example_branch_datetime_operator.py
[2022-05-07 13:46:09,283] {processor.py:652} INFO - DAG(s) dict_keys(['example_branch_datetime_operator_2']) retrieved from /home/airflow/.local/lib/python3.7/site-packages/airflow/example_dags/example_branch_datetime_operator.py
[2022-05-07 13:46:09,352] {logging_mixin.py:109} INFO - [2022-05-07 13:46:09,352] {dag.py:2398} INFO - Sync 1 DAGs
[2022-05-07 13:46:09,429] {logging_mixin.py:109} INFO - [2022-05-07 13:46:09,429] {dag.py:2937} INFO - Setting next_dagrun for example_branch_datetime_operator_2 to 2022-05-06 00:00:00+00:00
[2022-05-07 13:46:09,451] {processor.py:171} INFO - Processing /home/airflow/.local/lib/python3.7/site-packages/airflow/example_dags/example_branch_datetime_operator.py took 0.213 seconds
[2022-05-07 13:46:40,077] {processor.py:163} INFO - Started process (PID=1504) to work on /home/airflow/.local/lib/python3.7/site-packages/airflow/example_dags/example_branch_datetime_operator.py
[2022-05-07 13:46:40,105] {processor.py:642} INFO - Processing file /home/airflow/.local/lib/python3.7/site-packages/airflow/example_dags/example_branch_datetime_operator.py for tasks to queue
[2022-05-07 13:46:40,112] {logging_mixin.py:109} INFO - [2022-05-07 13:46:40,112] {dagbag.py:500} INFO - Filling up the DagBag from /home/airflow/.local/lib/python3.7/site-packages/airflow/example_dags/example_branch_datetime_operator.py
[2022-05-07 13:46:40,162] {processor.py:652} INFO - DAG(s) dict_keys(['example_branch_datetime_operator_2']) retrieved from /home/airflow/.local/lib/python3.7/site-packages/airflow/example_dags/example_branch_datetime_operator.py
[2022-05-07 13:46:40,231] {logging_mixin.py:109} INFO - [2022-05-07 13:46:40,231] {dag.py:2398} INFO - Sync 1 DAGs
[2022-05-07 13:46:40,295] {logging_mixin.py:109} INFO - [2022-05-07 13:46:40,295] {dag.py:2937} INFO - Setting next_dagrun for example_branch_datetime_operator_2 to 2022-05-06 00:00:00+00:00
[2022-05-07 13:46:40,319] {processor.py:171} INFO - Processing /home/airflow/.local/lib/python3.7/site-packages/airflow/example_dags/example_branch_datetime_operator.py took 0.271 seconds
[2022-05-07 13:47:12,078] {processor.py:163} INFO - Started process (PID=1557) to work on /home/airflow/.local/lib/python3.7/site-packages/airflow/example_dags/example_branch_datetime_operator.py
[2022-05-07 13:47:12,086] {processor.py:642} INFO - Processing file /home/airflow/.local/lib/python3.7/site-packages/airflow/example_dags/example_branch_datetime_operator.py for tasks to queue
[2022-05-07 13:47:12,091] {logging_mixin.py:109} INFO - [2022-05-07 13:47:12,090] {dagbag.py:500} INFO - Filling up the DagBag from /home/airflow/.local/lib/python3.7/site-packages/airflow/example_dags/example_branch_datetime_operator.py
[2022-05-07 13:47:12,175] {processor.py:652} INFO - DAG(s) dict_keys(['example_branch_datetime_operator_2']) retrieved from /home/airflow/.local/lib/python3.7/site-packages/airflow/example_dags/example_branch_datetime_operator.py
[2022-05-07 13:47:12,331] {logging_mixin.py:109} INFO - [2022-05-07 13:47:12,331] {dag.py:2398} INFO - Sync 1 DAGs
[2022-05-07 13:47:12,384] {logging_mixin.py:109} INFO - [2022-05-07 13:47:12,384] {dag.py:2937} INFO - Setting next_dagrun for example_branch_datetime_operator_2 to 2022-05-06 00:00:00+00:00
[2022-05-07 13:47:12,420] {processor.py:171} INFO - Processing /home/airflow/.local/lib/python3.7/site-packages/airflow/example_dags/example_branch_datetime_operator.py took 0.350 seconds
[2022-05-07 13:49:27,489] {processor.py:163} INFO - Started process (PID=1669) to work on /home/airflow/.local/lib/python3.7/site-packages/airflow/example_dags/example_branch_datetime_operator.py
[2022-05-07 13:49:27,504] {processor.py:642} INFO - Processing file /home/airflow/.local/lib/python3.7/site-packages/airflow/example_dags/example_branch_datetime_operator.py for tasks to queue
[2022-05-07 13:49:27,520] {logging_mixin.py:109} INFO - [2022-05-07 13:49:27,514] {dagbag.py:500} INFO - Filling up the DagBag from /home/airflow/.local/lib/python3.7/site-packages/airflow/example_dags/example_branch_datetime_operator.py
[2022-05-07 13:49:27,788] {processor.py:652} INFO - DAG(s) dict_keys(['example_branch_datetime_operator_2']) retrieved from /home/airflow/.local/lib/python3.7/site-packages/airflow/example_dags/example_branch_datetime_operator.py
[2022-05-07 13:49:27,985] {logging_mixin.py:109} INFO - [2022-05-07 13:49:27,985] {dag.py:2398} INFO - Sync 1 DAGs
[2022-05-07 13:49:28,092] {logging_mixin.py:109} INFO - [2022-05-07 13:49:28,092] {dag.py:2937} INFO - Setting next_dagrun for example_branch_datetime_operator_2 to 2022-05-06 00:00:00+00:00
[2022-05-07 13:49:28,212] {processor.py:171} INFO - Processing /home/airflow/.local/lib/python3.7/site-packages/airflow/example_dags/example_branch_datetime_operator.py took 0.785 seconds
[2022-05-07 13:49:58,669] {processor.py:163} INFO - Started process (PID=1725) to work on /home/airflow/.local/lib/python3.7/site-packages/airflow/example_dags/example_branch_datetime_operator.py
[2022-05-07 13:49:58,673] {processor.py:642} INFO - Processing file /home/airflow/.local/lib/python3.7/site-packages/airflow/example_dags/example_branch_datetime_operator.py for tasks to queue
[2022-05-07 13:49:58,676] {logging_mixin.py:109} INFO - [2022-05-07 13:49:58,676] {dagbag.py:500} INFO - Filling up the DagBag from /home/airflow/.local/lib/python3.7/site-packages/airflow/example_dags/example_branch_datetime_operator.py
[2022-05-07 13:49:58,712] {processor.py:652} INFO - DAG(s) dict_keys(['example_branch_datetime_operator_2']) retrieved from /home/airflow/.local/lib/python3.7/site-packages/airflow/example_dags/example_branch_datetime_operator.py
[2022-05-07 13:49:58,750] {logging_mixin.py:109} INFO - [2022-05-07 13:49:58,750] {dag.py:2398} INFO - Sync 1 DAGs
[2022-05-07 13:49:58,797] {logging_mixin.py:109} INFO - [2022-05-07 13:49:58,797] {dag.py:2937} INFO - Setting next_dagrun for example_branch_datetime_operator_2 to 2022-05-06 00:00:00+00:00
[2022-05-07 13:49:58,829] {processor.py:171} INFO - Processing /home/airflow/.local/lib/python3.7/site-packages/airflow/example_dags/example_branch_datetime_operator.py took 0.168 seconds
[2022-05-07 13:50:29,222] {processor.py:163} INFO - Started process (PID=1778) to work on /home/airflow/.local/lib/python3.7/site-packages/airflow/example_dags/example_branch_datetime_operator.py
[2022-05-07 13:50:29,225] {processor.py:642} INFO - Processing file /home/airflow/.local/lib/python3.7/site-packages/airflow/example_dags/example_branch_datetime_operator.py for tasks to queue
[2022-05-07 13:50:29,227] {logging_mixin.py:109} INFO - [2022-05-07 13:50:29,227] {dagbag.py:500} INFO - Filling up the DagBag from /home/airflow/.local/lib/python3.7/site-packages/airflow/example_dags/example_branch_datetime_operator.py
[2022-05-07 13:50:29,265] {processor.py:652} INFO - DAG(s) dict_keys(['example_branch_datetime_operator_2']) retrieved from /home/airflow/.local/lib/python3.7/site-packages/airflow/example_dags/example_branch_datetime_operator.py
[2022-05-07 13:50:29,321] {logging_mixin.py:109} INFO - [2022-05-07 13:50:29,321] {dag.py:2398} INFO - Sync 1 DAGs
[2022-05-07 13:50:29,371] {logging_mixin.py:109} INFO - [2022-05-07 13:50:29,371] {dag.py:2937} INFO - Setting next_dagrun for example_branch_datetime_operator_2 to 2022-05-06 00:00:00+00:00
[2022-05-07 13:50:29,439] {processor.py:171} INFO - Processing /home/airflow/.local/lib/python3.7/site-packages/airflow/example_dags/example_branch_datetime_operator.py took 0.222 seconds
[2022-05-07 13:50:59,855] {processor.py:163} INFO - Started process (PID=1834) to work on /home/airflow/.local/lib/python3.7/site-packages/airflow/example_dags/example_branch_datetime_operator.py
[2022-05-07 13:50:59,859] {processor.py:642} INFO - Processing file /home/airflow/.local/lib/python3.7/site-packages/airflow/example_dags/example_branch_datetime_operator.py for tasks to queue
[2022-05-07 13:50:59,863] {logging_mixin.py:109} INFO - [2022-05-07 13:50:59,862] {dagbag.py:500} INFO - Filling up the DagBag from /home/airflow/.local/lib/python3.7/site-packages/airflow/example_dags/example_branch_datetime_operator.py
[2022-05-07 13:50:59,913] {processor.py:652} INFO - DAG(s) dict_keys(['example_branch_datetime_operator_2']) retrieved from /home/airflow/.local/lib/python3.7/site-packages/airflow/example_dags/example_branch_datetime_operator.py
[2022-05-07 13:51:00,006] {logging_mixin.py:109} INFO - [2022-05-07 13:51:00,006] {dag.py:2398} INFO - Sync 1 DAGs
[2022-05-07 13:51:00,089] {logging_mixin.py:109} INFO - [2022-05-07 13:51:00,088] {dag.py:2937} INFO - Setting next_dagrun for example_branch_datetime_operator_2 to 2022-05-06 00:00:00+00:00
[2022-05-07 13:51:00,133] {processor.py:171} INFO - Processing /home/airflow/.local/lib/python3.7/site-packages/airflow/example_dags/example_branch_datetime_operator.py took 0.285 seconds
[2022-05-07 13:51:30,604] {processor.py:163} INFO - Started process (PID=1894) to work on /home/airflow/.local/lib/python3.7/site-packages/airflow/example_dags/example_branch_datetime_operator.py
[2022-05-07 13:51:30,608] {processor.py:642} INFO - Processing file /home/airflow/.local/lib/python3.7/site-packages/airflow/example_dags/example_branch_datetime_operator.py for tasks to queue
[2022-05-07 13:51:30,611] {logging_mixin.py:109} INFO - [2022-05-07 13:51:30,611] {dagbag.py:500} INFO - Filling up the DagBag from /home/airflow/.local/lib/python3.7/site-packages/airflow/example_dags/example_branch_datetime_operator.py
[2022-05-07 13:51:30,648] {processor.py:652} INFO - DAG(s) dict_keys(['example_branch_datetime_operator_2']) retrieved from /home/airflow/.local/lib/python3.7/site-packages/airflow/example_dags/example_branch_datetime_operator.py
[2022-05-07 13:51:30,692] {logging_mixin.py:109} INFO - [2022-05-07 13:51:30,692] {dag.py:2398} INFO - Sync 1 DAGs
[2022-05-07 13:51:30,726] {logging_mixin.py:109} INFO - [2022-05-07 13:51:30,726] {dag.py:2937} INFO - Setting next_dagrun for example_branch_datetime_operator_2 to 2022-05-06 00:00:00+00:00
[2022-05-07 13:51:30,750] {processor.py:171} INFO - Processing /home/airflow/.local/lib/python3.7/site-packages/airflow/example_dags/example_branch_datetime_operator.py took 0.153 seconds
[2022-05-07 13:52:00,896] {processor.py:163} INFO - Started process (PID=1949) to work on /home/airflow/.local/lib/python3.7/site-packages/airflow/example_dags/example_branch_datetime_operator.py
[2022-05-07 13:52:00,901] {processor.py:642} INFO - Processing file /home/airflow/.local/lib/python3.7/site-packages/airflow/example_dags/example_branch_datetime_operator.py for tasks to queue
[2022-05-07 13:52:00,904] {logging_mixin.py:109} INFO - [2022-05-07 13:52:00,904] {dagbag.py:500} INFO - Filling up the DagBag from /home/airflow/.local/lib/python3.7/site-packages/airflow/example_dags/example_branch_datetime_operator.py
[2022-05-07 13:52:00,987] {processor.py:652} INFO - DAG(s) dict_keys(['example_branch_datetime_operator_2']) retrieved from /home/airflow/.local/lib/python3.7/site-packages/airflow/example_dags/example_branch_datetime_operator.py
[2022-05-07 13:52:01,104] {logging_mixin.py:109} INFO - [2022-05-07 13:52:01,103] {dag.py:2398} INFO - Sync 1 DAGs
[2022-05-07 13:52:01,139] {logging_mixin.py:109} INFO - [2022-05-07 13:52:01,139] {dag.py:2937} INFO - Setting next_dagrun for example_branch_datetime_operator_2 to 2022-05-06 00:00:00+00:00
[2022-05-07 13:52:01,155] {processor.py:171} INFO - Processing /home/airflow/.local/lib/python3.7/site-packages/airflow/example_dags/example_branch_datetime_operator.py took 0.264 seconds
[2022-05-07 13:52:31,798] {processor.py:163} INFO - Started process (PID=2005) to work on /home/airflow/.local/lib/python3.7/site-packages/airflow/example_dags/example_branch_datetime_operator.py
[2022-05-07 13:52:31,801] {processor.py:642} INFO - Processing file /home/airflow/.local/lib/python3.7/site-packages/airflow/example_dags/example_branch_datetime_operator.py for tasks to queue
[2022-05-07 13:52:31,804] {logging_mixin.py:109} INFO - [2022-05-07 13:52:31,804] {dagbag.py:500} INFO - Filling up the DagBag from /home/airflow/.local/lib/python3.7/site-packages/airflow/example_dags/example_branch_datetime_operator.py
[2022-05-07 13:52:31,831] {processor.py:652} INFO - DAG(s) dict_keys(['example_branch_datetime_operator_2']) retrieved from /home/airflow/.local/lib/python3.7/site-packages/airflow/example_dags/example_branch_datetime_operator.py
[2022-05-07 13:52:31,872] {logging_mixin.py:109} INFO - [2022-05-07 13:52:31,871] {dag.py:2398} INFO - Sync 1 DAGs
[2022-05-07 13:52:31,901] {logging_mixin.py:109} INFO - [2022-05-07 13:52:31,900] {dag.py:2937} INFO - Setting next_dagrun for example_branch_datetime_operator_2 to 2022-05-06 00:00:00+00:00
[2022-05-07 13:52:31,922] {processor.py:171} INFO - Processing /home/airflow/.local/lib/python3.7/site-packages/airflow/example_dags/example_branch_datetime_operator.py took 0.129 seconds
[2022-05-07 13:53:02,090] {processor.py:163} INFO - Started process (PID=2059) to work on /home/airflow/.local/lib/python3.7/site-packages/airflow/example_dags/example_branch_datetime_operator.py
[2022-05-07 13:53:02,104] {processor.py:642} INFO - Processing file /home/airflow/.local/lib/python3.7/site-packages/airflow/example_dags/example_branch_datetime_operator.py for tasks to queue
[2022-05-07 13:53:02,108] {logging_mixin.py:109} INFO - [2022-05-07 13:53:02,108] {dagbag.py:500} INFO - Filling up the DagBag from /home/airflow/.local/lib/python3.7/site-packages/airflow/example_dags/example_branch_datetime_operator.py
[2022-05-07 13:53:02,141] {processor.py:652} INFO - DAG(s) dict_keys(['example_branch_datetime_operator_2']) retrieved from /home/airflow/.local/lib/python3.7/site-packages/airflow/example_dags/example_branch_datetime_operator.py
[2022-05-07 13:53:02,173] {logging_mixin.py:109} INFO - [2022-05-07 13:53:02,173] {dag.py:2398} INFO - Sync 1 DAGs
[2022-05-07 13:53:02,200] {logging_mixin.py:109} INFO - [2022-05-07 13:53:02,200] {dag.py:2937} INFO - Setting next_dagrun for example_branch_datetime_operator_2 to 2022-05-06 00:00:00+00:00
[2022-05-07 13:53:02,236] {processor.py:171} INFO - Processing /home/airflow/.local/lib/python3.7/site-packages/airflow/example_dags/example_branch_datetime_operator.py took 0.152 seconds
[2022-05-07 13:53:32,689] {processor.py:163} INFO - Started process (PID=2114) to work on /home/airflow/.local/lib/python3.7/site-packages/airflow/example_dags/example_branch_datetime_operator.py
[2022-05-07 13:53:32,694] {processor.py:642} INFO - Processing file /home/airflow/.local/lib/python3.7/site-packages/airflow/example_dags/example_branch_datetime_operator.py for tasks to queue
[2022-05-07 13:53:32,699] {logging_mixin.py:109} INFO - [2022-05-07 13:53:32,699] {dagbag.py:500} INFO - Filling up the DagBag from /home/airflow/.local/lib/python3.7/site-packages/airflow/example_dags/example_branch_datetime_operator.py
[2022-05-07 13:53:32,736] {processor.py:652} INFO - DAG(s) dict_keys(['example_branch_datetime_operator_2']) retrieved from /home/airflow/.local/lib/python3.7/site-packages/airflow/example_dags/example_branch_datetime_operator.py
[2022-05-07 13:53:32,782] {logging_mixin.py:109} INFO - [2022-05-07 13:53:32,781] {dag.py:2398} INFO - Sync 1 DAGs
[2022-05-07 13:53:32,815] {logging_mixin.py:109} INFO - [2022-05-07 13:53:32,815] {dag.py:2937} INFO - Setting next_dagrun for example_branch_datetime_operator_2 to 2022-05-06 00:00:00+00:00
[2022-05-07 13:53:32,843] {processor.py:171} INFO - Processing /home/airflow/.local/lib/python3.7/site-packages/airflow/example_dags/example_branch_datetime_operator.py took 0.163 seconds
[2022-05-07 13:54:02,949] {processor.py:163} INFO - Started process (PID=2178) to work on /home/airflow/.local/lib/python3.7/site-packages/airflow/example_dags/example_branch_datetime_operator.py
[2022-05-07 13:54:02,953] {processor.py:642} INFO - Processing file /home/airflow/.local/lib/python3.7/site-packages/airflow/example_dags/example_branch_datetime_operator.py for tasks to queue
[2022-05-07 13:54:02,957] {logging_mixin.py:109} INFO - [2022-05-07 13:54:02,956] {dagbag.py:500} INFO - Filling up the DagBag from /home/airflow/.local/lib/python3.7/site-packages/airflow/example_dags/example_branch_datetime_operator.py
[2022-05-07 13:54:02,983] {processor.py:652} INFO - DAG(s) dict_keys(['example_branch_datetime_operator_2']) retrieved from /home/airflow/.local/lib/python3.7/site-packages/airflow/example_dags/example_branch_datetime_operator.py
[2022-05-07 13:54:03,030] {logging_mixin.py:109} INFO - [2022-05-07 13:54:03,030] {dag.py:2398} INFO - Sync 1 DAGs
[2022-05-07 13:54:03,057] {logging_mixin.py:109} INFO - [2022-05-07 13:54:03,057] {dag.py:2937} INFO - Setting next_dagrun for example_branch_datetime_operator_2 to 2022-05-06 00:00:00+00:00
[2022-05-07 13:54:03,076] {processor.py:171} INFO - Processing /home/airflow/.local/lib/python3.7/site-packages/airflow/example_dags/example_branch_datetime_operator.py took 0.133 seconds
[2022-05-07 13:54:33,229] {processor.py:163} INFO - Started process (PID=2230) to work on /home/airflow/.local/lib/python3.7/site-packages/airflow/example_dags/example_branch_datetime_operator.py
[2022-05-07 13:54:33,235] {processor.py:642} INFO - Processing file /home/airflow/.local/lib/python3.7/site-packages/airflow/example_dags/example_branch_datetime_operator.py for tasks to queue
[2022-05-07 13:54:33,237] {logging_mixin.py:109} INFO - [2022-05-07 13:54:33,237] {dagbag.py:500} INFO - Filling up the DagBag from /home/airflow/.local/lib/python3.7/site-packages/airflow/example_dags/example_branch_datetime_operator.py
[2022-05-07 13:54:33,263] {processor.py:652} INFO - DAG(s) dict_keys(['example_branch_datetime_operator_2']) retrieved from /home/airflow/.local/lib/python3.7/site-packages/airflow/example_dags/example_branch_datetime_operator.py
[2022-05-07 13:54:33,305] {logging_mixin.py:109} INFO - [2022-05-07 13:54:33,305] {dag.py:2398} INFO - Sync 1 DAGs
[2022-05-07 13:54:33,334] {logging_mixin.py:109} INFO - [2022-05-07 13:54:33,334] {dag.py:2937} INFO - Setting next_dagrun for example_branch_datetime_operator_2 to 2022-05-06 00:00:00+00:00
[2022-05-07 13:54:33,356] {processor.py:171} INFO - Processing /home/airflow/.local/lib/python3.7/site-packages/airflow/example_dags/example_branch_datetime_operator.py took 0.133 seconds
[2022-05-07 13:55:03,943] {processor.py:163} INFO - Started process (PID=2283) to work on /home/airflow/.local/lib/python3.7/site-packages/airflow/example_dags/example_branch_datetime_operator.py
[2022-05-07 13:55:03,949] {processor.py:642} INFO - Processing file /home/airflow/.local/lib/python3.7/site-packages/airflow/example_dags/example_branch_datetime_operator.py for tasks to queue
[2022-05-07 13:55:03,952] {logging_mixin.py:109} INFO - [2022-05-07 13:55:03,951] {dagbag.py:500} INFO - Filling up the DagBag from /home/airflow/.local/lib/python3.7/site-packages/airflow/example_dags/example_branch_datetime_operator.py
[2022-05-07 13:55:04,029] {processor.py:652} INFO - DAG(s) dict_keys(['example_branch_datetime_operator_2']) retrieved from /home/airflow/.local/lib/python3.7/site-packages/airflow/example_dags/example_branch_datetime_operator.py
[2022-05-07 13:55:04,113] {logging_mixin.py:109} INFO - [2022-05-07 13:55:04,113] {dag.py:2398} INFO - Sync 1 DAGs
[2022-05-07 13:55:04,154] {logging_mixin.py:109} INFO - [2022-05-07 13:55:04,153] {dag.py:2937} INFO - Setting next_dagrun for example_branch_datetime_operator_2 to 2022-05-06 00:00:00+00:00
[2022-05-07 13:55:04,180] {processor.py:171} INFO - Processing /home/airflow/.local/lib/python3.7/site-packages/airflow/example_dags/example_branch_datetime_operator.py took 0.246 seconds
[2022-05-07 13:55:34,516] {processor.py:163} INFO - Started process (PID=2336) to work on /home/airflow/.local/lib/python3.7/site-packages/airflow/example_dags/example_branch_datetime_operator.py
[2022-05-07 13:55:34,519] {processor.py:642} INFO - Processing file /home/airflow/.local/lib/python3.7/site-packages/airflow/example_dags/example_branch_datetime_operator.py for tasks to queue
[2022-05-07 13:55:34,522] {logging_mixin.py:109} INFO - [2022-05-07 13:55:34,522] {dagbag.py:500} INFO - Filling up the DagBag from /home/airflow/.local/lib/python3.7/site-packages/airflow/example_dags/example_branch_datetime_operator.py
[2022-05-07 13:55:34,556] {processor.py:652} INFO - DAG(s) dict_keys(['example_branch_datetime_operator_2']) retrieved from /home/airflow/.local/lib/python3.7/site-packages/airflow/example_dags/example_branch_datetime_operator.py
[2022-05-07 13:55:34,598] {logging_mixin.py:109} INFO - [2022-05-07 13:55:34,598] {dag.py:2398} INFO - Sync 1 DAGs
[2022-05-07 13:55:34,625] {logging_mixin.py:109} INFO - [2022-05-07 13:55:34,625] {dag.py:2937} INFO - Setting next_dagrun for example_branch_datetime_operator_2 to 2022-05-06 00:00:00+00:00
[2022-05-07 13:55:34,647] {processor.py:171} INFO - Processing /home/airflow/.local/lib/python3.7/site-packages/airflow/example_dags/example_branch_datetime_operator.py took 0.139 seconds
[2022-05-07 13:56:04,778] {processor.py:163} INFO - Started process (PID=2397) to work on /home/airflow/.local/lib/python3.7/site-packages/airflow/example_dags/example_branch_datetime_operator.py
[2022-05-07 13:56:04,783] {processor.py:642} INFO - Processing file /home/airflow/.local/lib/python3.7/site-packages/airflow/example_dags/example_branch_datetime_operator.py for tasks to queue
[2022-05-07 13:56:04,786] {logging_mixin.py:109} INFO - [2022-05-07 13:56:04,786] {dagbag.py:500} INFO - Filling up the DagBag from /home/airflow/.local/lib/python3.7/site-packages/airflow/example_dags/example_branch_datetime_operator.py
[2022-05-07 13:56:04,812] {processor.py:652} INFO - DAG(s) dict_keys(['example_branch_datetime_operator_2']) retrieved from /home/airflow/.local/lib/python3.7/site-packages/airflow/example_dags/example_branch_datetime_operator.py
[2022-05-07 13:56:04,852] {logging_mixin.py:109} INFO - [2022-05-07 13:56:04,852] {dag.py:2398} INFO - Sync 1 DAGs
[2022-05-07 13:56:04,883] {logging_mixin.py:109} INFO - [2022-05-07 13:56:04,883] {dag.py:2937} INFO - Setting next_dagrun for example_branch_datetime_operator_2 to 2022-05-06 00:00:00+00:00
[2022-05-07 13:56:04,902] {processor.py:171} INFO - Processing /home/airflow/.local/lib/python3.7/site-packages/airflow/example_dags/example_branch_datetime_operator.py took 0.131 seconds
[2022-05-07 13:56:35,531] {processor.py:163} INFO - Started process (PID=2449) to work on /home/airflow/.local/lib/python3.7/site-packages/airflow/example_dags/example_branch_datetime_operator.py
[2022-05-07 13:56:35,534] {processor.py:642} INFO - Processing file /home/airflow/.local/lib/python3.7/site-packages/airflow/example_dags/example_branch_datetime_operator.py for tasks to queue
[2022-05-07 13:56:35,536] {logging_mixin.py:109} INFO - [2022-05-07 13:56:35,535] {dagbag.py:500} INFO - Filling up the DagBag from /home/airflow/.local/lib/python3.7/site-packages/airflow/example_dags/example_branch_datetime_operator.py
[2022-05-07 13:56:35,564] {processor.py:652} INFO - DAG(s) dict_keys(['example_branch_datetime_operator_2']) retrieved from /home/airflow/.local/lib/python3.7/site-packages/airflow/example_dags/example_branch_datetime_operator.py
[2022-05-07 13:56:35,599] {logging_mixin.py:109} INFO - [2022-05-07 13:56:35,599] {dag.py:2398} INFO - Sync 1 DAGs
[2022-05-07 13:56:35,637] {logging_mixin.py:109} INFO - [2022-05-07 13:56:35,637] {dag.py:2937} INFO - Setting next_dagrun for example_branch_datetime_operator_2 to 2022-05-06 00:00:00+00:00
[2022-05-07 13:56:35,654] {processor.py:171} INFO - Processing /home/airflow/.local/lib/python3.7/site-packages/airflow/example_dags/example_branch_datetime_operator.py took 0.129 seconds
[2022-05-07 13:57:07,161] {processor.py:163} INFO - Started process (PID=2502) to work on /home/airflow/.local/lib/python3.7/site-packages/airflow/example_dags/example_branch_datetime_operator.py
[2022-05-07 13:57:07,172] {processor.py:642} INFO - Processing file /home/airflow/.local/lib/python3.7/site-packages/airflow/example_dags/example_branch_datetime_operator.py for tasks to queue
[2022-05-07 13:57:07,176] {logging_mixin.py:109} INFO - [2022-05-07 13:57:07,175] {dagbag.py:500} INFO - Filling up the DagBag from /home/airflow/.local/lib/python3.7/site-packages/airflow/example_dags/example_branch_datetime_operator.py
[2022-05-07 13:57:07,219] {processor.py:652} INFO - DAG(s) dict_keys(['example_branch_datetime_operator_2']) retrieved from /home/airflow/.local/lib/python3.7/site-packages/airflow/example_dags/example_branch_datetime_operator.py
[2022-05-07 13:57:07,294] {logging_mixin.py:109} INFO - [2022-05-07 13:57:07,293] {dag.py:2398} INFO - Sync 1 DAGs
[2022-05-07 13:57:07,334] {logging_mixin.py:109} INFO - [2022-05-07 13:57:07,334] {dag.py:2937} INFO - Setting next_dagrun for example_branch_datetime_operator_2 to 2022-05-06 00:00:00+00:00
[2022-05-07 13:57:07,370] {processor.py:171} INFO - Processing /home/airflow/.local/lib/python3.7/site-packages/airflow/example_dags/example_branch_datetime_operator.py took 0.237 seconds
[2022-05-07 13:57:38,288] {processor.py:163} INFO - Started process (PID=2554) to work on /home/airflow/.local/lib/python3.7/site-packages/airflow/example_dags/example_branch_datetime_operator.py
[2022-05-07 13:57:38,294] {processor.py:642} INFO - Processing file /home/airflow/.local/lib/python3.7/site-packages/airflow/example_dags/example_branch_datetime_operator.py for tasks to queue
[2022-05-07 13:57:38,298] {logging_mixin.py:109} INFO - [2022-05-07 13:57:38,298] {dagbag.py:500} INFO - Filling up the DagBag from /home/airflow/.local/lib/python3.7/site-packages/airflow/example_dags/example_branch_datetime_operator.py
[2022-05-07 13:57:38,333] {processor.py:652} INFO - DAG(s) dict_keys(['example_branch_datetime_operator_2']) retrieved from /home/airflow/.local/lib/python3.7/site-packages/airflow/example_dags/example_branch_datetime_operator.py
[2022-05-07 13:57:38,395] {logging_mixin.py:109} INFO - [2022-05-07 13:57:38,395] {dag.py:2398} INFO - Sync 1 DAGs
