[2022-05-07 13:34:32,736] {processor.py:163} INFO - Started process (PID=226) to work on /home/airflow/.local/lib/python3.7/site-packages/airflow/example_dags/tutorial_taskflow_api_etl.py
[2022-05-07 13:34:32,739] {processor.py:642} INFO - Processing file /home/airflow/.local/lib/python3.7/site-packages/airflow/example_dags/tutorial_taskflow_api_etl.py for tasks to queue
[2022-05-07 13:34:32,741] {logging_mixin.py:109} INFO - [2022-05-07 13:34:32,741] {dagbag.py:500} INFO - Filling up the DagBag from /home/airflow/.local/lib/python3.7/site-packages/airflow/example_dags/tutorial_taskflow_api_etl.py
[2022-05-07 13:34:32,780] {processor.py:652} INFO - DAG(s) dict_keys(['tutorial_taskflow_api_etl']) retrieved from /home/airflow/.local/lib/python3.7/site-packages/airflow/example_dags/tutorial_taskflow_api_etl.py
[2022-05-07 13:34:35,939] {logging_mixin.py:109} INFO - [2022-05-07 13:34:35,939] {manager.py:496} INFO - Created Permission View: can edit on DAG:tutorial_taskflow_api_etl
[2022-05-07 13:34:35,960] {logging_mixin.py:109} INFO - [2022-05-07 13:34:35,960] {manager.py:496} INFO - Created Permission View: can read on DAG:tutorial_taskflow_api_etl
[2022-05-07 13:34:35,963] {logging_mixin.py:109} INFO - [2022-05-07 13:34:35,962] {dag.py:2398} INFO - Sync 1 DAGs
[2022-05-07 13:34:35,979] {logging_mixin.py:109} INFO - [2022-05-07 13:34:35,979] {dag.py:2417} INFO - Creating ORM DAG for tutorial_taskflow_api_etl
[2022-05-07 13:34:35,994] {logging_mixin.py:109} INFO - [2022-05-07 13:34:35,993] {dag.py:2937} INFO - Setting next_dagrun for tutorial_taskflow_api_etl to None
[2022-05-07 13:34:36,018] {processor.py:171} INFO - Processing /home/airflow/.local/lib/python3.7/site-packages/airflow/example_dags/tutorial_taskflow_api_etl.py took 3.288 seconds
[2022-05-07 13:35:06,264] {processor.py:163} INFO - Started process (PID=299) to work on /home/airflow/.local/lib/python3.7/site-packages/airflow/example_dags/tutorial_taskflow_api_etl.py
[2022-05-07 13:35:06,274] {processor.py:642} INFO - Processing file /home/airflow/.local/lib/python3.7/site-packages/airflow/example_dags/tutorial_taskflow_api_etl.py for tasks to queue
[2022-05-07 13:35:06,282] {logging_mixin.py:109} INFO - [2022-05-07 13:35:06,280] {dagbag.py:500} INFO - Filling up the DagBag from /home/airflow/.local/lib/python3.7/site-packages/airflow/example_dags/tutorial_taskflow_api_etl.py
[2022-05-07 13:35:06,373] {processor.py:652} INFO - DAG(s) dict_keys(['tutorial_taskflow_api_etl']) retrieved from /home/airflow/.local/lib/python3.7/site-packages/airflow/example_dags/tutorial_taskflow_api_etl.py
[2022-05-07 13:35:07,013] {logging_mixin.py:109} INFO - [2022-05-07 13:35:07,013] {dag.py:2398} INFO - Sync 1 DAGs
[2022-05-07 13:35:07,050] {logging_mixin.py:109} INFO - [2022-05-07 13:35:07,049] {dag.py:2937} INFO - Setting next_dagrun for tutorial_taskflow_api_etl to None
[2022-05-07 13:35:07,070] {processor.py:171} INFO - Processing /home/airflow/.local/lib/python3.7/site-packages/airflow/example_dags/tutorial_taskflow_api_etl.py took 0.819 seconds
[2022-05-07 13:35:37,765] {processor.py:163} INFO - Started process (PID=352) to work on /home/airflow/.local/lib/python3.7/site-packages/airflow/example_dags/tutorial_taskflow_api_etl.py
[2022-05-07 13:35:37,770] {processor.py:642} INFO - Processing file /home/airflow/.local/lib/python3.7/site-packages/airflow/example_dags/tutorial_taskflow_api_etl.py for tasks to queue
[2022-05-07 13:35:37,776] {logging_mixin.py:109} INFO - [2022-05-07 13:35:37,775] {dagbag.py:500} INFO - Filling up the DagBag from /home/airflow/.local/lib/python3.7/site-packages/airflow/example_dags/tutorial_taskflow_api_etl.py
[2022-05-07 13:35:37,835] {processor.py:652} INFO - DAG(s) dict_keys(['tutorial_taskflow_api_etl']) retrieved from /home/airflow/.local/lib/python3.7/site-packages/airflow/example_dags/tutorial_taskflow_api_etl.py
[2022-05-07 13:35:38,309] {logging_mixin.py:109} INFO - [2022-05-07 13:35:38,309] {dag.py:2398} INFO - Sync 1 DAGs
[2022-05-07 13:35:38,331] {logging_mixin.py:109} INFO - [2022-05-07 13:35:38,331] {dag.py:2937} INFO - Setting next_dagrun for tutorial_taskflow_api_etl to None
[2022-05-07 13:35:38,351] {processor.py:171} INFO - Processing /home/airflow/.local/lib/python3.7/site-packages/airflow/example_dags/tutorial_taskflow_api_etl.py took 0.594 seconds
[2022-05-07 13:36:08,452] {processor.py:163} INFO - Started process (PID=404) to work on /home/airflow/.local/lib/python3.7/site-packages/airflow/example_dags/tutorial_taskflow_api_etl.py
[2022-05-07 13:36:08,456] {processor.py:642} INFO - Processing file /home/airflow/.local/lib/python3.7/site-packages/airflow/example_dags/tutorial_taskflow_api_etl.py for tasks to queue
[2022-05-07 13:36:08,460] {logging_mixin.py:109} INFO - [2022-05-07 13:36:08,460] {dagbag.py:500} INFO - Filling up the DagBag from /home/airflow/.local/lib/python3.7/site-packages/airflow/example_dags/tutorial_taskflow_api_etl.py
[2022-05-07 13:36:08,493] {processor.py:652} INFO - DAG(s) dict_keys(['tutorial_taskflow_api_etl']) retrieved from /home/airflow/.local/lib/python3.7/site-packages/airflow/example_dags/tutorial_taskflow_api_etl.py
[2022-05-07 13:36:08,953] {logging_mixin.py:109} INFO - [2022-05-07 13:36:08,953] {dag.py:2398} INFO - Sync 1 DAGs
[2022-05-07 13:36:08,981] {logging_mixin.py:109} INFO - [2022-05-07 13:36:08,981] {dag.py:2937} INFO - Setting next_dagrun for tutorial_taskflow_api_etl to None
[2022-05-07 13:36:09,004] {processor.py:171} INFO - Processing /home/airflow/.local/lib/python3.7/site-packages/airflow/example_dags/tutorial_taskflow_api_etl.py took 0.568 seconds
[2022-05-07 13:36:41,313] {processor.py:163} INFO - Started process (PID=466) to work on /home/airflow/.local/lib/python3.7/site-packages/airflow/example_dags/tutorial_taskflow_api_etl.py
[2022-05-07 13:36:41,325] {processor.py:642} INFO - Processing file /home/airflow/.local/lib/python3.7/site-packages/airflow/example_dags/tutorial_taskflow_api_etl.py for tasks to queue
[2022-05-07 13:36:41,344] {logging_mixin.py:109} INFO - [2022-05-07 13:36:41,344] {dagbag.py:500} INFO - Filling up the DagBag from /home/airflow/.local/lib/python3.7/site-packages/airflow/example_dags/tutorial_taskflow_api_etl.py
[2022-05-07 13:36:41,536] {processor.py:652} INFO - DAG(s) dict_keys(['tutorial_taskflow_api_etl']) retrieved from /home/airflow/.local/lib/python3.7/site-packages/airflow/example_dags/tutorial_taskflow_api_etl.py
[2022-05-07 13:36:44,864] {logging_mixin.py:109} INFO - [2022-05-07 13:36:44,864] {dag.py:2398} INFO - Sync 1 DAGs
[2022-05-07 13:36:44,898] {logging_mixin.py:109} INFO - [2022-05-07 13:36:44,898] {dag.py:2937} INFO - Setting next_dagrun for tutorial_taskflow_api_etl to None
[2022-05-07 13:36:44,926] {processor.py:171} INFO - Processing /home/airflow/.local/lib/python3.7/site-packages/airflow/example_dags/tutorial_taskflow_api_etl.py took 3.642 seconds
[2022-05-07 13:37:15,657] {processor.py:163} INFO - Started process (PID=521) to work on /home/airflow/.local/lib/python3.7/site-packages/airflow/example_dags/tutorial_taskflow_api_etl.py
[2022-05-07 13:37:15,670] {processor.py:642} INFO - Processing file /home/airflow/.local/lib/python3.7/site-packages/airflow/example_dags/tutorial_taskflow_api_etl.py for tasks to queue
[2022-05-07 13:37:15,679] {logging_mixin.py:109} INFO - [2022-05-07 13:37:15,677] {dagbag.py:500} INFO - Filling up the DagBag from /home/airflow/.local/lib/python3.7/site-packages/airflow/example_dags/tutorial_taskflow_api_etl.py
[2022-05-07 13:37:15,722] {processor.py:652} INFO - DAG(s) dict_keys(['tutorial_taskflow_api_etl']) retrieved from /home/airflow/.local/lib/python3.7/site-packages/airflow/example_dags/tutorial_taskflow_api_etl.py
[2022-05-07 13:37:16,586] {logging_mixin.py:109} INFO - [2022-05-07 13:37:16,585] {dag.py:2398} INFO - Sync 1 DAGs
[2022-05-07 13:37:16,667] {logging_mixin.py:109} INFO - [2022-05-07 13:37:16,666] {dag.py:2937} INFO - Setting next_dagrun for tutorial_taskflow_api_etl to None
[2022-05-07 13:37:16,722] {processor.py:171} INFO - Processing /home/airflow/.local/lib/python3.7/site-packages/airflow/example_dags/tutorial_taskflow_api_etl.py took 1.088 seconds
[2022-05-07 13:37:47,797] {processor.py:163} INFO - Started process (PID=576) to work on /home/airflow/.local/lib/python3.7/site-packages/airflow/example_dags/tutorial_taskflow_api_etl.py
[2022-05-07 13:37:47,801] {processor.py:642} INFO - Processing file /home/airflow/.local/lib/python3.7/site-packages/airflow/example_dags/tutorial_taskflow_api_etl.py for tasks to queue
[2022-05-07 13:37:47,803] {logging_mixin.py:109} INFO - [2022-05-07 13:37:47,803] {dagbag.py:500} INFO - Filling up the DagBag from /home/airflow/.local/lib/python3.7/site-packages/airflow/example_dags/tutorial_taskflow_api_etl.py
[2022-05-07 13:37:47,846] {processor.py:652} INFO - DAG(s) dict_keys(['tutorial_taskflow_api_etl']) retrieved from /home/airflow/.local/lib/python3.7/site-packages/airflow/example_dags/tutorial_taskflow_api_etl.py
[2022-05-07 13:37:48,310] {logging_mixin.py:109} INFO - [2022-05-07 13:37:48,310] {dag.py:2398} INFO - Sync 1 DAGs
[2022-05-07 13:37:48,333] {logging_mixin.py:109} INFO - [2022-05-07 13:37:48,333] {dag.py:2937} INFO - Setting next_dagrun for tutorial_taskflow_api_etl to None
[2022-05-07 13:37:48,353] {processor.py:171} INFO - Processing /home/airflow/.local/lib/python3.7/site-packages/airflow/example_dags/tutorial_taskflow_api_etl.py took 0.562 seconds
[2022-05-07 13:38:20,096] {processor.py:163} INFO - Started process (PID=631) to work on /home/airflow/.local/lib/python3.7/site-packages/airflow/example_dags/tutorial_taskflow_api_etl.py
[2022-05-07 13:38:20,100] {processor.py:642} INFO - Processing file /home/airflow/.local/lib/python3.7/site-packages/airflow/example_dags/tutorial_taskflow_api_etl.py for tasks to queue
[2022-05-07 13:38:20,103] {logging_mixin.py:109} INFO - [2022-05-07 13:38:20,103] {dagbag.py:500} INFO - Filling up the DagBag from /home/airflow/.local/lib/python3.7/site-packages/airflow/example_dags/tutorial_taskflow_api_etl.py
[2022-05-07 13:38:20,142] {processor.py:652} INFO - DAG(s) dict_keys(['tutorial_taskflow_api_etl']) retrieved from /home/airflow/.local/lib/python3.7/site-packages/airflow/example_dags/tutorial_taskflow_api_etl.py
[2022-05-07 13:38:20,830] {logging_mixin.py:109} INFO - [2022-05-07 13:38:20,830] {dag.py:2398} INFO - Sync 1 DAGs
[2022-05-07 13:38:20,863] {logging_mixin.py:109} INFO - [2022-05-07 13:38:20,863] {dag.py:2937} INFO - Setting next_dagrun for tutorial_taskflow_api_etl to None
[2022-05-07 13:38:20,883] {processor.py:171} INFO - Processing /home/airflow/.local/lib/python3.7/site-packages/airflow/example_dags/tutorial_taskflow_api_etl.py took 0.804 seconds
[2022-05-07 13:38:51,258] {processor.py:163} INFO - Started process (PID=684) to work on /home/airflow/.local/lib/python3.7/site-packages/airflow/example_dags/tutorial_taskflow_api_etl.py
[2022-05-07 13:38:51,265] {processor.py:642} INFO - Processing file /home/airflow/.local/lib/python3.7/site-packages/airflow/example_dags/tutorial_taskflow_api_etl.py for tasks to queue
[2022-05-07 13:38:51,270] {logging_mixin.py:109} INFO - [2022-05-07 13:38:51,269] {dagbag.py:500} INFO - Filling up the DagBag from /home/airflow/.local/lib/python3.7/site-packages/airflow/example_dags/tutorial_taskflow_api_etl.py
[2022-05-07 13:38:51,321] {processor.py:652} INFO - DAG(s) dict_keys(['tutorial_taskflow_api_etl']) retrieved from /home/airflow/.local/lib/python3.7/site-packages/airflow/example_dags/tutorial_taskflow_api_etl.py
[2022-05-07 13:38:52,290] {logging_mixin.py:109} INFO - [2022-05-07 13:38:52,289] {dag.py:2398} INFO - Sync 1 DAGs
[2022-05-07 13:38:52,353] {logging_mixin.py:109} INFO - [2022-05-07 13:38:52,352] {dag.py:2937} INFO - Setting next_dagrun for tutorial_taskflow_api_etl to None
[2022-05-07 13:38:52,402] {processor.py:171} INFO - Processing /home/airflow/.local/lib/python3.7/site-packages/airflow/example_dags/tutorial_taskflow_api_etl.py took 1.151 seconds
[2022-05-07 13:39:22,561] {processor.py:163} INFO - Started process (PID=737) to work on /home/airflow/.local/lib/python3.7/site-packages/airflow/example_dags/tutorial_taskflow_api_etl.py
[2022-05-07 13:39:22,565] {processor.py:642} INFO - Processing file /home/airflow/.local/lib/python3.7/site-packages/airflow/example_dags/tutorial_taskflow_api_etl.py for tasks to queue
[2022-05-07 13:39:22,569] {logging_mixin.py:109} INFO - [2022-05-07 13:39:22,569] {dagbag.py:500} INFO - Filling up the DagBag from /home/airflow/.local/lib/python3.7/site-packages/airflow/example_dags/tutorial_taskflow_api_etl.py
[2022-05-07 13:39:22,620] {processor.py:652} INFO - DAG(s) dict_keys(['tutorial_taskflow_api_etl']) retrieved from /home/airflow/.local/lib/python3.7/site-packages/airflow/example_dags/tutorial_taskflow_api_etl.py
[2022-05-07 13:39:23,171] {logging_mixin.py:109} INFO - [2022-05-07 13:39:23,170] {dag.py:2398} INFO - Sync 1 DAGs
[2022-05-07 13:39:23,209] {logging_mixin.py:109} INFO - [2022-05-07 13:39:23,209] {dag.py:2937} INFO - Setting next_dagrun for tutorial_taskflow_api_etl to None
[2022-05-07 13:39:23,236] {processor.py:171} INFO - Processing /home/airflow/.local/lib/python3.7/site-packages/airflow/example_dags/tutorial_taskflow_api_etl.py took 0.683 seconds
[2022-05-07 13:39:53,335] {processor.py:163} INFO - Started process (PID=789) to work on /home/airflow/.local/lib/python3.7/site-packages/airflow/example_dags/tutorial_taskflow_api_etl.py
[2022-05-07 13:39:53,338] {processor.py:642} INFO - Processing file /home/airflow/.local/lib/python3.7/site-packages/airflow/example_dags/tutorial_taskflow_api_etl.py for tasks to queue
[2022-05-07 13:39:53,340] {logging_mixin.py:109} INFO - [2022-05-07 13:39:53,340] {dagbag.py:500} INFO - Filling up the DagBag from /home/airflow/.local/lib/python3.7/site-packages/airflow/example_dags/tutorial_taskflow_api_etl.py
[2022-05-07 13:39:53,375] {processor.py:652} INFO - DAG(s) dict_keys(['tutorial_taskflow_api_etl']) retrieved from /home/airflow/.local/lib/python3.7/site-packages/airflow/example_dags/tutorial_taskflow_api_etl.py
[2022-05-07 13:39:53,924] {logging_mixin.py:109} INFO - [2022-05-07 13:39:53,924] {dag.py:2398} INFO - Sync 1 DAGs
[2022-05-07 13:39:53,948] {logging_mixin.py:109} INFO - [2022-05-07 13:39:53,948] {dag.py:2937} INFO - Setting next_dagrun for tutorial_taskflow_api_etl to None
[2022-05-07 13:39:53,966] {processor.py:171} INFO - Processing /home/airflow/.local/lib/python3.7/site-packages/airflow/example_dags/tutorial_taskflow_api_etl.py took 0.636 seconds
[2022-05-07 13:40:24,611] {processor.py:163} INFO - Started process (PID=852) to work on /home/airflow/.local/lib/python3.7/site-packages/airflow/example_dags/tutorial_taskflow_api_etl.py
[2022-05-07 13:40:24,615] {processor.py:642} INFO - Processing file /home/airflow/.local/lib/python3.7/site-packages/airflow/example_dags/tutorial_taskflow_api_etl.py for tasks to queue
[2022-05-07 13:40:24,617] {logging_mixin.py:109} INFO - [2022-05-07 13:40:24,617] {dagbag.py:500} INFO - Filling up the DagBag from /home/airflow/.local/lib/python3.7/site-packages/airflow/example_dags/tutorial_taskflow_api_etl.py
[2022-05-07 13:40:24,665] {processor.py:652} INFO - DAG(s) dict_keys(['tutorial_taskflow_api_etl']) retrieved from /home/airflow/.local/lib/python3.7/site-packages/airflow/example_dags/tutorial_taskflow_api_etl.py
[2022-05-07 13:40:25,277] {logging_mixin.py:109} INFO - [2022-05-07 13:40:25,277] {dag.py:2398} INFO - Sync 1 DAGs
[2022-05-07 13:40:25,304] {logging_mixin.py:109} INFO - [2022-05-07 13:40:25,304] {dag.py:2937} INFO - Setting next_dagrun for tutorial_taskflow_api_etl to None
[2022-05-07 13:40:25,344] {processor.py:171} INFO - Processing /home/airflow/.local/lib/python3.7/site-packages/airflow/example_dags/tutorial_taskflow_api_etl.py took 0.738 seconds
[2022-05-07 13:40:56,403] {processor.py:163} INFO - Started process (PID=907) to work on /home/airflow/.local/lib/python3.7/site-packages/airflow/example_dags/tutorial_taskflow_api_etl.py
[2022-05-07 13:40:56,409] {processor.py:642} INFO - Processing file /home/airflow/.local/lib/python3.7/site-packages/airflow/example_dags/tutorial_taskflow_api_etl.py for tasks to queue
[2022-05-07 13:40:56,413] {logging_mixin.py:109} INFO - [2022-05-07 13:40:56,412] {dagbag.py:500} INFO - Filling up the DagBag from /home/airflow/.local/lib/python3.7/site-packages/airflow/example_dags/tutorial_taskflow_api_etl.py
[2022-05-07 13:40:56,451] {processor.py:652} INFO - DAG(s) dict_keys(['tutorial_taskflow_api_etl']) retrieved from /home/airflow/.local/lib/python3.7/site-packages/airflow/example_dags/tutorial_taskflow_api_etl.py
[2022-05-07 13:40:57,210] {logging_mixin.py:109} INFO - [2022-05-07 13:40:57,209] {dag.py:2398} INFO - Sync 1 DAGs
[2022-05-07 13:40:57,271] {logging_mixin.py:109} INFO - [2022-05-07 13:40:57,270] {dag.py:2937} INFO - Setting next_dagrun for tutorial_taskflow_api_etl to None
[2022-05-07 13:40:57,305] {processor.py:171} INFO - Processing /home/airflow/.local/lib/python3.7/site-packages/airflow/example_dags/tutorial_taskflow_api_etl.py took 0.913 seconds
[2022-05-07 13:41:28,250] {processor.py:163} INFO - Started process (PID=959) to work on /home/airflow/.local/lib/python3.7/site-packages/airflow/example_dags/tutorial_taskflow_api_etl.py
[2022-05-07 13:41:28,254] {processor.py:642} INFO - Processing file /home/airflow/.local/lib/python3.7/site-packages/airflow/example_dags/tutorial_taskflow_api_etl.py for tasks to queue
[2022-05-07 13:41:28,256] {logging_mixin.py:109} INFO - [2022-05-07 13:41:28,255] {dagbag.py:500} INFO - Filling up the DagBag from /home/airflow/.local/lib/python3.7/site-packages/airflow/example_dags/tutorial_taskflow_api_etl.py
[2022-05-07 13:41:28,287] {processor.py:652} INFO - DAG(s) dict_keys(['tutorial_taskflow_api_etl']) retrieved from /home/airflow/.local/lib/python3.7/site-packages/airflow/example_dags/tutorial_taskflow_api_etl.py
[2022-05-07 13:41:28,793] {logging_mixin.py:109} INFO - [2022-05-07 13:41:28,793] {dag.py:2398} INFO - Sync 1 DAGs
[2022-05-07 13:41:28,820] {logging_mixin.py:109} INFO - [2022-05-07 13:41:28,820] {dag.py:2937} INFO - Setting next_dagrun for tutorial_taskflow_api_etl to None
[2022-05-07 13:41:28,839] {processor.py:171} INFO - Processing /home/airflow/.local/lib/python3.7/site-packages/airflow/example_dags/tutorial_taskflow_api_etl.py took 0.594 seconds
[2022-05-07 13:41:59,854] {processor.py:163} INFO - Started process (PID=1012) to work on /home/airflow/.local/lib/python3.7/site-packages/airflow/example_dags/tutorial_taskflow_api_etl.py
[2022-05-07 13:41:59,859] {processor.py:642} INFO - Processing file /home/airflow/.local/lib/python3.7/site-packages/airflow/example_dags/tutorial_taskflow_api_etl.py for tasks to queue
[2022-05-07 13:41:59,875] {logging_mixin.py:109} INFO - [2022-05-07 13:41:59,874] {dagbag.py:500} INFO - Filling up the DagBag from /home/airflow/.local/lib/python3.7/site-packages/airflow/example_dags/tutorial_taskflow_api_etl.py
[2022-05-07 13:41:59,983] {processor.py:652} INFO - DAG(s) dict_keys(['tutorial_taskflow_api_etl']) retrieved from /home/airflow/.local/lib/python3.7/site-packages/airflow/example_dags/tutorial_taskflow_api_etl.py
[2022-05-07 13:42:00,964] {logging_mixin.py:109} INFO - [2022-05-07 13:42:00,961] {dag.py:2398} INFO - Sync 1 DAGs
[2022-05-07 13:42:01,050] {logging_mixin.py:109} INFO - [2022-05-07 13:42:01,049] {dag.py:2937} INFO - Setting next_dagrun for tutorial_taskflow_api_etl to None
[2022-05-07 13:42:01,113] {processor.py:171} INFO - Processing /home/airflow/.local/lib/python3.7/site-packages/airflow/example_dags/tutorial_taskflow_api_etl.py took 1.273 seconds
[2022-05-07 13:42:31,278] {processor.py:163} INFO - Started process (PID=1066) to work on /home/airflow/.local/lib/python3.7/site-packages/airflow/example_dags/tutorial_taskflow_api_etl.py
[2022-05-07 13:42:31,282] {processor.py:642} INFO - Processing file /home/airflow/.local/lib/python3.7/site-packages/airflow/example_dags/tutorial_taskflow_api_etl.py for tasks to queue
[2022-05-07 13:42:31,293] {logging_mixin.py:109} INFO - [2022-05-07 13:42:31,292] {dagbag.py:500} INFO - Filling up the DagBag from /home/airflow/.local/lib/python3.7/site-packages/airflow/example_dags/tutorial_taskflow_api_etl.py
[2022-05-07 13:42:31,340] {processor.py:652} INFO - DAG(s) dict_keys(['tutorial_taskflow_api_etl']) retrieved from /home/airflow/.local/lib/python3.7/site-packages/airflow/example_dags/tutorial_taskflow_api_etl.py
[2022-05-07 13:42:31,826] {logging_mixin.py:109} INFO - [2022-05-07 13:42:31,826] {dag.py:2398} INFO - Sync 1 DAGs
[2022-05-07 13:42:31,852] {logging_mixin.py:109} INFO - [2022-05-07 13:42:31,852] {dag.py:2937} INFO - Setting next_dagrun for tutorial_taskflow_api_etl to None
[2022-05-07 13:42:31,875] {processor.py:171} INFO - Processing /home/airflow/.local/lib/python3.7/site-packages/airflow/example_dags/tutorial_taskflow_api_etl.py took 0.603 seconds
[2022-05-07 13:43:02,744] {processor.py:163} INFO - Started process (PID=1131) to work on /home/airflow/.local/lib/python3.7/site-packages/airflow/example_dags/tutorial_taskflow_api_etl.py
[2022-05-07 13:43:02,748] {processor.py:642} INFO - Processing file /home/airflow/.local/lib/python3.7/site-packages/airflow/example_dags/tutorial_taskflow_api_etl.py for tasks to queue
[2022-05-07 13:43:02,751] {logging_mixin.py:109} INFO - [2022-05-07 13:43:02,751] {dagbag.py:500} INFO - Filling up the DagBag from /home/airflow/.local/lib/python3.7/site-packages/airflow/example_dags/tutorial_taskflow_api_etl.py
[2022-05-07 13:43:02,800] {processor.py:652} INFO - DAG(s) dict_keys(['tutorial_taskflow_api_etl']) retrieved from /home/airflow/.local/lib/python3.7/site-packages/airflow/example_dags/tutorial_taskflow_api_etl.py
[2022-05-07 13:43:03,298] {logging_mixin.py:109} INFO - [2022-05-07 13:43:03,298] {dag.py:2398} INFO - Sync 1 DAGs
[2022-05-07 13:43:03,326] {logging_mixin.py:109} INFO - [2022-05-07 13:43:03,326] {dag.py:2937} INFO - Setting next_dagrun for tutorial_taskflow_api_etl to None
[2022-05-07 13:43:03,354] {processor.py:171} INFO - Processing /home/airflow/.local/lib/python3.7/site-packages/airflow/example_dags/tutorial_taskflow_api_etl.py took 0.619 seconds
[2022-05-07 13:43:36,784] {processor.py:163} INFO - Started process (PID=1182) to work on /home/airflow/.local/lib/python3.7/site-packages/airflow/example_dags/tutorial_taskflow_api_etl.py
[2022-05-07 13:43:36,794] {processor.py:642} INFO - Processing file /home/airflow/.local/lib/python3.7/site-packages/airflow/example_dags/tutorial_taskflow_api_etl.py for tasks to queue
[2022-05-07 13:43:36,799] {logging_mixin.py:109} INFO - [2022-05-07 13:43:36,798] {dagbag.py:500} INFO - Filling up the DagBag from /home/airflow/.local/lib/python3.7/site-packages/airflow/example_dags/tutorial_taskflow_api_etl.py
[2022-05-07 13:43:37,131] {processor.py:652} INFO - DAG(s) dict_keys(['tutorial_taskflow_api_etl']) retrieved from /home/airflow/.local/lib/python3.7/site-packages/airflow/example_dags/tutorial_taskflow_api_etl.py
[2022-05-07 13:43:39,099] {logging_mixin.py:109} INFO - [2022-05-07 13:43:39,099] {dag.py:2398} INFO - Sync 1 DAGs
[2022-05-07 13:43:39,177] {logging_mixin.py:109} INFO - [2022-05-07 13:43:39,176] {dag.py:2937} INFO - Setting next_dagrun for tutorial_taskflow_api_etl to None
[2022-05-07 13:43:39,279] {processor.py:171} INFO - Processing /home/airflow/.local/lib/python3.7/site-packages/airflow/example_dags/tutorial_taskflow_api_etl.py took 2.537 seconds
[2022-05-07 13:44:09,866] {processor.py:163} INFO - Started process (PID=1238) to work on /home/airflow/.local/lib/python3.7/site-packages/airflow/example_dags/tutorial_taskflow_api_etl.py
[2022-05-07 13:44:09,870] {processor.py:642} INFO - Processing file /home/airflow/.local/lib/python3.7/site-packages/airflow/example_dags/tutorial_taskflow_api_etl.py for tasks to queue
[2022-05-07 13:44:09,874] {logging_mixin.py:109} INFO - [2022-05-07 13:44:09,874] {dagbag.py:500} INFO - Filling up the DagBag from /home/airflow/.local/lib/python3.7/site-packages/airflow/example_dags/tutorial_taskflow_api_etl.py
[2022-05-07 13:44:09,922] {processor.py:652} INFO - DAG(s) dict_keys(['tutorial_taskflow_api_etl']) retrieved from /home/airflow/.local/lib/python3.7/site-packages/airflow/example_dags/tutorial_taskflow_api_etl.py
[2022-05-07 13:44:10,844] {logging_mixin.py:109} INFO - [2022-05-07 13:44:10,843] {dag.py:2398} INFO - Sync 1 DAGs
[2022-05-07 13:44:10,878] {logging_mixin.py:109} INFO - [2022-05-07 13:44:10,878] {dag.py:2937} INFO - Setting next_dagrun for tutorial_taskflow_api_etl to None
[2022-05-07 13:44:10,900] {processor.py:171} INFO - Processing /home/airflow/.local/lib/python3.7/site-packages/airflow/example_dags/tutorial_taskflow_api_etl.py took 1.039 seconds
[2022-05-07 13:44:41,494] {processor.py:163} INFO - Started process (PID=1292) to work on /home/airflow/.local/lib/python3.7/site-packages/airflow/example_dags/tutorial_taskflow_api_etl.py
[2022-05-07 13:44:41,499] {processor.py:642} INFO - Processing file /home/airflow/.local/lib/python3.7/site-packages/airflow/example_dags/tutorial_taskflow_api_etl.py for tasks to queue
[2022-05-07 13:44:41,502] {logging_mixin.py:109} INFO - [2022-05-07 13:44:41,502] {dagbag.py:500} INFO - Filling up the DagBag from /home/airflow/.local/lib/python3.7/site-packages/airflow/example_dags/tutorial_taskflow_api_etl.py
[2022-05-07 13:44:41,544] {processor.py:652} INFO - DAG(s) dict_keys(['tutorial_taskflow_api_etl']) retrieved from /home/airflow/.local/lib/python3.7/site-packages/airflow/example_dags/tutorial_taskflow_api_etl.py
[2022-05-07 13:44:43,003] {logging_mixin.py:109} INFO - [2022-05-07 13:44:43,003] {dag.py:2398} INFO - Sync 1 DAGs
[2022-05-07 13:44:43,046] {logging_mixin.py:109} INFO - [2022-05-07 13:44:43,045] {dag.py:2937} INFO - Setting next_dagrun for tutorial_taskflow_api_etl to None
[2022-05-07 13:44:43,109] {processor.py:171} INFO - Processing /home/airflow/.local/lib/python3.7/site-packages/airflow/example_dags/tutorial_taskflow_api_etl.py took 1.626 seconds
[2022-05-07 13:45:13,188] {processor.py:163} INFO - Started process (PID=1342) to work on /home/airflow/.local/lib/python3.7/site-packages/airflow/example_dags/tutorial_taskflow_api_etl.py
[2022-05-07 13:45:13,191] {processor.py:642} INFO - Processing file /home/airflow/.local/lib/python3.7/site-packages/airflow/example_dags/tutorial_taskflow_api_etl.py for tasks to queue
[2022-05-07 13:45:13,193] {logging_mixin.py:109} INFO - [2022-05-07 13:45:13,192] {dagbag.py:500} INFO - Filling up the DagBag from /home/airflow/.local/lib/python3.7/site-packages/airflow/example_dags/tutorial_taskflow_api_etl.py
[2022-05-07 13:45:13,230] {processor.py:652} INFO - DAG(s) dict_keys(['tutorial_taskflow_api_etl']) retrieved from /home/airflow/.local/lib/python3.7/site-packages/airflow/example_dags/tutorial_taskflow_api_etl.py
[2022-05-07 13:45:13,840] {logging_mixin.py:109} INFO - [2022-05-07 13:45:13,840] {dag.py:2398} INFO - Sync 1 DAGs
[2022-05-07 13:45:13,863] {logging_mixin.py:109} INFO - [2022-05-07 13:45:13,863] {dag.py:2937} INFO - Setting next_dagrun for tutorial_taskflow_api_etl to None
[2022-05-07 13:45:13,889] {processor.py:171} INFO - Processing /home/airflow/.local/lib/python3.7/site-packages/airflow/example_dags/tutorial_taskflow_api_etl.py took 0.707 seconds
[2022-05-07 13:45:45,215] {processor.py:163} INFO - Started process (PID=1409) to work on /home/airflow/.local/lib/python3.7/site-packages/airflow/example_dags/tutorial_taskflow_api_etl.py
[2022-05-07 13:45:45,223] {processor.py:642} INFO - Processing file /home/airflow/.local/lib/python3.7/site-packages/airflow/example_dags/tutorial_taskflow_api_etl.py for tasks to queue
[2022-05-07 13:45:45,226] {logging_mixin.py:109} INFO - [2022-05-07 13:45:45,226] {dagbag.py:500} INFO - Filling up the DagBag from /home/airflow/.local/lib/python3.7/site-packages/airflow/example_dags/tutorial_taskflow_api_etl.py
[2022-05-07 13:45:45,294] {processor.py:652} INFO - DAG(s) dict_keys(['tutorial_taskflow_api_etl']) retrieved from /home/airflow/.local/lib/python3.7/site-packages/airflow/example_dags/tutorial_taskflow_api_etl.py
[2022-05-07 13:45:45,818] {logging_mixin.py:109} INFO - [2022-05-07 13:45:45,818] {dag.py:2398} INFO - Sync 1 DAGs
[2022-05-07 13:45:45,854] {logging_mixin.py:109} INFO - [2022-05-07 13:45:45,854] {dag.py:2937} INFO - Setting next_dagrun for tutorial_taskflow_api_etl to None
[2022-05-07 13:45:45,883] {processor.py:171} INFO - Processing /home/airflow/.local/lib/python3.7/site-packages/airflow/example_dags/tutorial_taskflow_api_etl.py took 0.674 seconds
[2022-05-07 13:46:16,603] {processor.py:163} INFO - Started process (PID=1461) to work on /home/airflow/.local/lib/python3.7/site-packages/airflow/example_dags/tutorial_taskflow_api_etl.py
[2022-05-07 13:46:16,607] {processor.py:642} INFO - Processing file /home/airflow/.local/lib/python3.7/site-packages/airflow/example_dags/tutorial_taskflow_api_etl.py for tasks to queue
[2022-05-07 13:46:16,609] {logging_mixin.py:109} INFO - [2022-05-07 13:46:16,608] {dagbag.py:500} INFO - Filling up the DagBag from /home/airflow/.local/lib/python3.7/site-packages/airflow/example_dags/tutorial_taskflow_api_etl.py
[2022-05-07 13:46:16,637] {processor.py:652} INFO - DAG(s) dict_keys(['tutorial_taskflow_api_etl']) retrieved from /home/airflow/.local/lib/python3.7/site-packages/airflow/example_dags/tutorial_taskflow_api_etl.py
[2022-05-07 13:46:17,176] {logging_mixin.py:109} INFO - [2022-05-07 13:46:17,176] {dag.py:2398} INFO - Sync 1 DAGs
[2022-05-07 13:46:17,203] {logging_mixin.py:109} INFO - [2022-05-07 13:46:17,203] {dag.py:2937} INFO - Setting next_dagrun for tutorial_taskflow_api_etl to None
[2022-05-07 13:46:17,227] {processor.py:171} INFO - Processing /home/airflow/.local/lib/python3.7/site-packages/airflow/example_dags/tutorial_taskflow_api_etl.py took 0.629 seconds
[2022-05-07 13:46:47,350] {processor.py:163} INFO - Started process (PID=1514) to work on /home/airflow/.local/lib/python3.7/site-packages/airflow/example_dags/tutorial_taskflow_api_etl.py
[2022-05-07 13:46:47,353] {processor.py:642} INFO - Processing file /home/airflow/.local/lib/python3.7/site-packages/airflow/example_dags/tutorial_taskflow_api_etl.py for tasks to queue
[2022-05-07 13:46:47,355] {logging_mixin.py:109} INFO - [2022-05-07 13:46:47,355] {dagbag.py:500} INFO - Filling up the DagBag from /home/airflow/.local/lib/python3.7/site-packages/airflow/example_dags/tutorial_taskflow_api_etl.py
[2022-05-07 13:46:47,393] {processor.py:652} INFO - DAG(s) dict_keys(['tutorial_taskflow_api_etl']) retrieved from /home/airflow/.local/lib/python3.7/site-packages/airflow/example_dags/tutorial_taskflow_api_etl.py
[2022-05-07 13:46:47,853] {logging_mixin.py:109} INFO - [2022-05-07 13:46:47,852] {dag.py:2398} INFO - Sync 1 DAGs
[2022-05-07 13:46:47,873] {logging_mixin.py:109} INFO - [2022-05-07 13:46:47,873] {dag.py:2937} INFO - Setting next_dagrun for tutorial_taskflow_api_etl to None
[2022-05-07 13:46:47,894] {processor.py:171} INFO - Processing /home/airflow/.local/lib/python3.7/site-packages/airflow/example_dags/tutorial_taskflow_api_etl.py took 0.549 seconds
[2022-05-07 13:47:18,540] {processor.py:163} INFO - Started process (PID=1567) to work on /home/airflow/.local/lib/python3.7/site-packages/airflow/example_dags/tutorial_taskflow_api_etl.py
[2022-05-07 13:47:18,581] {processor.py:642} INFO - Processing file /home/airflow/.local/lib/python3.7/site-packages/airflow/example_dags/tutorial_taskflow_api_etl.py for tasks to queue
[2022-05-07 13:47:18,598] {logging_mixin.py:109} INFO - [2022-05-07 13:47:18,594] {dagbag.py:500} INFO - Filling up the DagBag from /home/airflow/.local/lib/python3.7/site-packages/airflow/example_dags/tutorial_taskflow_api_etl.py
[2022-05-07 13:47:18,951] {processor.py:652} INFO - DAG(s) dict_keys(['tutorial_taskflow_api_etl']) retrieved from /home/airflow/.local/lib/python3.7/site-packages/airflow/example_dags/tutorial_taskflow_api_etl.py
[2022-05-07 13:47:23,889] {logging_mixin.py:109} INFO - [2022-05-07 13:47:23,889] {dag.py:2398} INFO - Sync 1 DAGs
[2022-05-07 13:47:24,151] {logging_mixin.py:109} INFO - [2022-05-07 13:47:24,151] {dag.py:2937} INFO - Setting next_dagrun for tutorial_taskflow_api_etl to None
[2022-05-07 13:47:24,264] {processor.py:171} INFO - Processing /home/airflow/.local/lib/python3.7/site-packages/airflow/example_dags/tutorial_taskflow_api_etl.py took 5.763 seconds
[2022-05-07 13:49:32,761] {processor.py:163} INFO - Started process (PID=1680) to work on /home/airflow/.local/lib/python3.7/site-packages/airflow/example_dags/tutorial_taskflow_api_etl.py
[2022-05-07 13:49:32,767] {processor.py:642} INFO - Processing file /home/airflow/.local/lib/python3.7/site-packages/airflow/example_dags/tutorial_taskflow_api_etl.py for tasks to queue
[2022-05-07 13:49:32,784] {logging_mixin.py:109} INFO - [2022-05-07 13:49:32,784] {dagbag.py:500} INFO - Filling up the DagBag from /home/airflow/.local/lib/python3.7/site-packages/airflow/example_dags/tutorial_taskflow_api_etl.py
[2022-05-07 13:49:32,932] {processor.py:652} INFO - DAG(s) dict_keys(['tutorial_taskflow_api_etl']) retrieved from /home/airflow/.local/lib/python3.7/site-packages/airflow/example_dags/tutorial_taskflow_api_etl.py
[2022-05-07 13:49:33,883] {logging_mixin.py:109} INFO - [2022-05-07 13:49:33,882] {dag.py:2398} INFO - Sync 1 DAGs
[2022-05-07 13:49:33,926] {logging_mixin.py:109} INFO - [2022-05-07 13:49:33,925] {dag.py:2937} INFO - Setting next_dagrun for tutorial_taskflow_api_etl to None
[2022-05-07 13:49:33,965] {processor.py:171} INFO - Processing /home/airflow/.local/lib/python3.7/site-packages/airflow/example_dags/tutorial_taskflow_api_etl.py took 1.235 seconds
[2022-05-07 13:50:04,397] {processor.py:163} INFO - Started process (PID=1738) to work on /home/airflow/.local/lib/python3.7/site-packages/airflow/example_dags/tutorial_taskflow_api_etl.py
[2022-05-07 13:50:04,402] {processor.py:642} INFO - Processing file /home/airflow/.local/lib/python3.7/site-packages/airflow/example_dags/tutorial_taskflow_api_etl.py for tasks to queue
[2022-05-07 13:50:04,405] {logging_mixin.py:109} INFO - [2022-05-07 13:50:04,404] {dagbag.py:500} INFO - Filling up the DagBag from /home/airflow/.local/lib/python3.7/site-packages/airflow/example_dags/tutorial_taskflow_api_etl.py
[2022-05-07 13:50:04,443] {processor.py:652} INFO - DAG(s) dict_keys(['tutorial_taskflow_api_etl']) retrieved from /home/airflow/.local/lib/python3.7/site-packages/airflow/example_dags/tutorial_taskflow_api_etl.py
[2022-05-07 13:50:04,973] {logging_mixin.py:109} INFO - [2022-05-07 13:50:04,973] {dag.py:2398} INFO - Sync 1 DAGs
[2022-05-07 13:50:04,996] {logging_mixin.py:109} INFO - [2022-05-07 13:50:04,996] {dag.py:2937} INFO - Setting next_dagrun for tutorial_taskflow_api_etl to None
[2022-05-07 13:50:05,017] {processor.py:171} INFO - Processing /home/airflow/.local/lib/python3.7/site-packages/airflow/example_dags/tutorial_taskflow_api_etl.py took 0.631 seconds
[2022-05-07 13:50:35,427] {processor.py:163} INFO - Started process (PID=1791) to work on /home/airflow/.local/lib/python3.7/site-packages/airflow/example_dags/tutorial_taskflow_api_etl.py
[2022-05-07 13:50:35,433] {processor.py:642} INFO - Processing file /home/airflow/.local/lib/python3.7/site-packages/airflow/example_dags/tutorial_taskflow_api_etl.py for tasks to queue
[2022-05-07 13:50:35,437] {logging_mixin.py:109} INFO - [2022-05-07 13:50:35,437] {dagbag.py:500} INFO - Filling up the DagBag from /home/airflow/.local/lib/python3.7/site-packages/airflow/example_dags/tutorial_taskflow_api_etl.py
[2022-05-07 13:50:35,480] {processor.py:652} INFO - DAG(s) dict_keys(['tutorial_taskflow_api_etl']) retrieved from /home/airflow/.local/lib/python3.7/site-packages/airflow/example_dags/tutorial_taskflow_api_etl.py
[2022-05-07 13:50:36,027] {logging_mixin.py:109} INFO - [2022-05-07 13:50:36,027] {dag.py:2398} INFO - Sync 1 DAGs
[2022-05-07 13:50:36,056] {logging_mixin.py:109} INFO - [2022-05-07 13:50:36,055] {dag.py:2937} INFO - Setting next_dagrun for tutorial_taskflow_api_etl to None
[2022-05-07 13:50:36,082] {processor.py:171} INFO - Processing /home/airflow/.local/lib/python3.7/site-packages/airflow/example_dags/tutorial_taskflow_api_etl.py took 0.664 seconds
[2022-05-07 13:51:06,440] {processor.py:163} INFO - Started process (PID=1856) to work on /home/airflow/.local/lib/python3.7/site-packages/airflow/example_dags/tutorial_taskflow_api_etl.py
[2022-05-07 13:51:06,453] {processor.py:642} INFO - Processing file /home/airflow/.local/lib/python3.7/site-packages/airflow/example_dags/tutorial_taskflow_api_etl.py for tasks to queue
[2022-05-07 13:51:06,459] {logging_mixin.py:109} INFO - [2022-05-07 13:51:06,458] {dagbag.py:500} INFO - Filling up the DagBag from /home/airflow/.local/lib/python3.7/site-packages/airflow/example_dags/tutorial_taskflow_api_etl.py
[2022-05-07 13:51:06,524] {processor.py:652} INFO - DAG(s) dict_keys(['tutorial_taskflow_api_etl']) retrieved from /home/airflow/.local/lib/python3.7/site-packages/airflow/example_dags/tutorial_taskflow_api_etl.py
[2022-05-07 13:51:07,087] {logging_mixin.py:109} INFO - [2022-05-07 13:51:07,087] {dag.py:2398} INFO - Sync 1 DAGs
[2022-05-07 13:51:07,107] {logging_mixin.py:109} INFO - [2022-05-07 13:51:07,107] {dag.py:2937} INFO - Setting next_dagrun for tutorial_taskflow_api_etl to None
[2022-05-07 13:51:07,127] {processor.py:171} INFO - Processing /home/airflow/.local/lib/python3.7/site-packages/airflow/example_dags/tutorial_taskflow_api_etl.py took 0.699 seconds
[2022-05-07 13:51:37,324] {processor.py:163} INFO - Started process (PID=1910) to work on /home/airflow/.local/lib/python3.7/site-packages/airflow/example_dags/tutorial_taskflow_api_etl.py
[2022-05-07 13:51:37,327] {processor.py:642} INFO - Processing file /home/airflow/.local/lib/python3.7/site-packages/airflow/example_dags/tutorial_taskflow_api_etl.py for tasks to queue
[2022-05-07 13:51:37,330] {logging_mixin.py:109} INFO - [2022-05-07 13:51:37,329] {dagbag.py:500} INFO - Filling up the DagBag from /home/airflow/.local/lib/python3.7/site-packages/airflow/example_dags/tutorial_taskflow_api_etl.py
[2022-05-07 13:51:37,361] {processor.py:652} INFO - DAG(s) dict_keys(['tutorial_taskflow_api_etl']) retrieved from /home/airflow/.local/lib/python3.7/site-packages/airflow/example_dags/tutorial_taskflow_api_etl.py
[2022-05-07 13:51:37,811] {logging_mixin.py:109} INFO - [2022-05-07 13:51:37,811] {dag.py:2398} INFO - Sync 1 DAGs
[2022-05-07 13:51:37,850] {logging_mixin.py:109} INFO - [2022-05-07 13:51:37,850] {dag.py:2937} INFO - Setting next_dagrun for tutorial_taskflow_api_etl to None
[2022-05-07 13:51:37,875] {processor.py:171} INFO - Processing /home/airflow/.local/lib/python3.7/site-packages/airflow/example_dags/tutorial_taskflow_api_etl.py took 0.556 seconds
[2022-05-07 13:52:08,729] {processor.py:163} INFO - Started process (PID=1963) to work on /home/airflow/.local/lib/python3.7/site-packages/airflow/example_dags/tutorial_taskflow_api_etl.py
[2022-05-07 13:52:08,737] {processor.py:642} INFO - Processing file /home/airflow/.local/lib/python3.7/site-packages/airflow/example_dags/tutorial_taskflow_api_etl.py for tasks to queue
[2022-05-07 13:52:08,745] {logging_mixin.py:109} INFO - [2022-05-07 13:52:08,744] {dagbag.py:500} INFO - Filling up the DagBag from /home/airflow/.local/lib/python3.7/site-packages/airflow/example_dags/tutorial_taskflow_api_etl.py
[2022-05-07 13:52:08,856] {processor.py:652} INFO - DAG(s) dict_keys(['tutorial_taskflow_api_etl']) retrieved from /home/airflow/.local/lib/python3.7/site-packages/airflow/example_dags/tutorial_taskflow_api_etl.py
[2022-05-07 13:52:09,944] {logging_mixin.py:109} INFO - [2022-05-07 13:52:09,944] {dag.py:2398} INFO - Sync 1 DAGs
[2022-05-07 13:52:09,968] {logging_mixin.py:109} INFO - [2022-05-07 13:52:09,968] {dag.py:2937} INFO - Setting next_dagrun for tutorial_taskflow_api_etl to None
[2022-05-07 13:52:09,991] {processor.py:171} INFO - Processing /home/airflow/.local/lib/python3.7/site-packages/airflow/example_dags/tutorial_taskflow_api_etl.py took 1.277 seconds
[2022-05-07 13:52:40,972] {processor.py:163} INFO - Started process (PID=2028) to work on /home/airflow/.local/lib/python3.7/site-packages/airflow/example_dags/tutorial_taskflow_api_etl.py
[2022-05-07 13:52:40,975] {processor.py:642} INFO - Processing file /home/airflow/.local/lib/python3.7/site-packages/airflow/example_dags/tutorial_taskflow_api_etl.py for tasks to queue
[2022-05-07 13:52:40,978] {logging_mixin.py:109} INFO - [2022-05-07 13:52:40,977] {dagbag.py:500} INFO - Filling up the DagBag from /home/airflow/.local/lib/python3.7/site-packages/airflow/example_dags/tutorial_taskflow_api_etl.py
[2022-05-07 13:52:41,011] {processor.py:652} INFO - DAG(s) dict_keys(['tutorial_taskflow_api_etl']) retrieved from /home/airflow/.local/lib/python3.7/site-packages/airflow/example_dags/tutorial_taskflow_api_etl.py
[2022-05-07 13:52:41,460] {logging_mixin.py:109} INFO - [2022-05-07 13:52:41,460] {dag.py:2398} INFO - Sync 1 DAGs
[2022-05-07 13:52:41,480] {logging_mixin.py:109} INFO - [2022-05-07 13:52:41,480] {dag.py:2937} INFO - Setting next_dagrun for tutorial_taskflow_api_etl to None
[2022-05-07 13:52:41,497] {processor.py:171} INFO - Processing /home/airflow/.local/lib/python3.7/site-packages/airflow/example_dags/tutorial_taskflow_api_etl.py took 0.531 seconds
[2022-05-07 13:53:12,169] {processor.py:163} INFO - Started process (PID=2085) to work on /home/airflow/.local/lib/python3.7/site-packages/airflow/example_dags/tutorial_taskflow_api_etl.py
[2022-05-07 13:53:12,172] {processor.py:642} INFO - Processing file /home/airflow/.local/lib/python3.7/site-packages/airflow/example_dags/tutorial_taskflow_api_etl.py for tasks to queue
[2022-05-07 13:53:12,174] {logging_mixin.py:109} INFO - [2022-05-07 13:53:12,174] {dagbag.py:500} INFO - Filling up the DagBag from /home/airflow/.local/lib/python3.7/site-packages/airflow/example_dags/tutorial_taskflow_api_etl.py
[2022-05-07 13:53:12,206] {processor.py:652} INFO - DAG(s) dict_keys(['tutorial_taskflow_api_etl']) retrieved from /home/airflow/.local/lib/python3.7/site-packages/airflow/example_dags/tutorial_taskflow_api_etl.py
[2022-05-07 13:53:12,672] {logging_mixin.py:109} INFO - [2022-05-07 13:53:12,672] {dag.py:2398} INFO - Sync 1 DAGs
[2022-05-07 13:53:12,706] {logging_mixin.py:109} INFO - [2022-05-07 13:53:12,705] {dag.py:2937} INFO - Setting next_dagrun for tutorial_taskflow_api_etl to None
[2022-05-07 13:53:12,739] {processor.py:171} INFO - Processing /home/airflow/.local/lib/python3.7/site-packages/airflow/example_dags/tutorial_taskflow_api_etl.py took 0.577 seconds
[2022-05-07 13:53:42,829] {processor.py:163} INFO - Started process (PID=2140) to work on /home/airflow/.local/lib/python3.7/site-packages/airflow/example_dags/tutorial_taskflow_api_etl.py
[2022-05-07 13:53:42,833] {processor.py:642} INFO - Processing file /home/airflow/.local/lib/python3.7/site-packages/airflow/example_dags/tutorial_taskflow_api_etl.py for tasks to queue
[2022-05-07 13:53:42,835] {logging_mixin.py:109} INFO - [2022-05-07 13:53:42,835] {dagbag.py:500} INFO - Filling up the DagBag from /home/airflow/.local/lib/python3.7/site-packages/airflow/example_dags/tutorial_taskflow_api_etl.py
[2022-05-07 13:53:42,869] {processor.py:652} INFO - DAG(s) dict_keys(['tutorial_taskflow_api_etl']) retrieved from /home/airflow/.local/lib/python3.7/site-packages/airflow/example_dags/tutorial_taskflow_api_etl.py
[2022-05-07 13:53:43,413] {logging_mixin.py:109} INFO - [2022-05-07 13:53:43,412] {dag.py:2398} INFO - Sync 1 DAGs
[2022-05-07 13:53:43,459] {logging_mixin.py:109} INFO - [2022-05-07 13:53:43,458] {dag.py:2937} INFO - Setting next_dagrun for tutorial_taskflow_api_etl to None
[2022-05-07 13:53:43,493] {processor.py:171} INFO - Processing /home/airflow/.local/lib/python3.7/site-packages/airflow/example_dags/tutorial_taskflow_api_etl.py took 0.672 seconds
[2022-05-07 13:54:13,686] {processor.py:163} INFO - Started process (PID=2193) to work on /home/airflow/.local/lib/python3.7/site-packages/airflow/example_dags/tutorial_taskflow_api_etl.py
[2022-05-07 13:54:13,694] {processor.py:642} INFO - Processing file /home/airflow/.local/lib/python3.7/site-packages/airflow/example_dags/tutorial_taskflow_api_etl.py for tasks to queue
[2022-05-07 13:54:13,697] {logging_mixin.py:109} INFO - [2022-05-07 13:54:13,697] {dagbag.py:500} INFO - Filling up the DagBag from /home/airflow/.local/lib/python3.7/site-packages/airflow/example_dags/tutorial_taskflow_api_etl.py
[2022-05-07 13:54:13,745] {processor.py:652} INFO - DAG(s) dict_keys(['tutorial_taskflow_api_etl']) retrieved from /home/airflow/.local/lib/python3.7/site-packages/airflow/example_dags/tutorial_taskflow_api_etl.py
[2022-05-07 13:54:14,618] {logging_mixin.py:109} INFO - [2022-05-07 13:54:14,618] {dag.py:2398} INFO - Sync 1 DAGs
[2022-05-07 13:54:14,647] {logging_mixin.py:109} INFO - [2022-05-07 13:54:14,647] {dag.py:2937} INFO - Setting next_dagrun for tutorial_taskflow_api_etl to None
[2022-05-07 13:54:14,681] {processor.py:171} INFO - Processing /home/airflow/.local/lib/python3.7/site-packages/airflow/example_dags/tutorial_taskflow_api_etl.py took 1.001 seconds
[2022-05-07 13:54:45,007] {processor.py:163} INFO - Started process (PID=2255) to work on /home/airflow/.local/lib/python3.7/site-packages/airflow/example_dags/tutorial_taskflow_api_etl.py
[2022-05-07 13:54:45,012] {processor.py:642} INFO - Processing file /home/airflow/.local/lib/python3.7/site-packages/airflow/example_dags/tutorial_taskflow_api_etl.py for tasks to queue
[2022-05-07 13:54:45,015] {logging_mixin.py:109} INFO - [2022-05-07 13:54:45,014] {dagbag.py:500} INFO - Filling up the DagBag from /home/airflow/.local/lib/python3.7/site-packages/airflow/example_dags/tutorial_taskflow_api_etl.py
[2022-05-07 13:54:45,054] {processor.py:652} INFO - DAG(s) dict_keys(['tutorial_taskflow_api_etl']) retrieved from /home/airflow/.local/lib/python3.7/site-packages/airflow/example_dags/tutorial_taskflow_api_etl.py
[2022-05-07 13:54:45,111] {logging_mixin.py:109} INFO - [2022-05-07 13:54:45,111] {dag.py:2398} INFO - Sync 1 DAGs
[2022-05-07 13:54:45,142] {logging_mixin.py:109} INFO - [2022-05-07 13:54:45,142] {dag.py:2937} INFO - Setting next_dagrun for tutorial_taskflow_api_etl to None
[2022-05-07 13:54:45,166] {processor.py:171} INFO - Processing /home/airflow/.local/lib/python3.7/site-packages/airflow/example_dags/tutorial_taskflow_api_etl.py took 0.166 seconds
[2022-05-07 13:55:15,634] {processor.py:163} INFO - Started process (PID=2308) to work on /home/airflow/.local/lib/python3.7/site-packages/airflow/example_dags/tutorial_taskflow_api_etl.py
[2022-05-07 13:55:15,637] {processor.py:642} INFO - Processing file /home/airflow/.local/lib/python3.7/site-packages/airflow/example_dags/tutorial_taskflow_api_etl.py for tasks to queue
[2022-05-07 13:55:15,639] {logging_mixin.py:109} INFO - [2022-05-07 13:55:15,639] {dagbag.py:500} INFO - Filling up the DagBag from /home/airflow/.local/lib/python3.7/site-packages/airflow/example_dags/tutorial_taskflow_api_etl.py
[2022-05-07 13:55:15,669] {processor.py:652} INFO - DAG(s) dict_keys(['tutorial_taskflow_api_etl']) retrieved from /home/airflow/.local/lib/python3.7/site-packages/airflow/example_dags/tutorial_taskflow_api_etl.py
[2022-05-07 13:55:16,168] {logging_mixin.py:109} INFO - [2022-05-07 13:55:16,168] {dag.py:2398} INFO - Sync 1 DAGs
[2022-05-07 13:55:16,189] {logging_mixin.py:109} INFO - [2022-05-07 13:55:16,189] {dag.py:2937} INFO - Setting next_dagrun for tutorial_taskflow_api_etl to None
[2022-05-07 13:55:16,211] {processor.py:171} INFO - Processing /home/airflow/.local/lib/python3.7/site-packages/airflow/example_dags/tutorial_taskflow_api_etl.py took 0.585 seconds
[2022-05-07 13:55:47,019] {processor.py:163} INFO - Started process (PID=2361) to work on /home/airflow/.local/lib/python3.7/site-packages/airflow/example_dags/tutorial_taskflow_api_etl.py
[2022-05-07 13:55:47,045] {processor.py:642} INFO - Processing file /home/airflow/.local/lib/python3.7/site-packages/airflow/example_dags/tutorial_taskflow_api_etl.py for tasks to queue
[2022-05-07 13:55:47,063] {logging_mixin.py:109} INFO - [2022-05-07 13:55:47,063] {dagbag.py:500} INFO - Filling up the DagBag from /home/airflow/.local/lib/python3.7/site-packages/airflow/example_dags/tutorial_taskflow_api_etl.py
[2022-05-07 13:55:47,157] {processor.py:652} INFO - DAG(s) dict_keys(['tutorial_taskflow_api_etl']) retrieved from /home/airflow/.local/lib/python3.7/site-packages/airflow/example_dags/tutorial_taskflow_api_etl.py
[2022-05-07 13:55:48,153] {logging_mixin.py:109} INFO - [2022-05-07 13:55:48,153] {dag.py:2398} INFO - Sync 1 DAGs
[2022-05-07 13:55:48,240] {logging_mixin.py:109} INFO - [2022-05-07 13:55:48,240] {dag.py:2937} INFO - Setting next_dagrun for tutorial_taskflow_api_etl to None
[2022-05-07 13:55:48,296] {processor.py:171} INFO - Processing /home/airflow/.local/lib/python3.7/site-packages/airflow/example_dags/tutorial_taskflow_api_etl.py took 1.292 seconds
[2022-05-07 13:56:19,517] {processor.py:163} INFO - Started process (PID=2423) to work on /home/airflow/.local/lib/python3.7/site-packages/airflow/example_dags/tutorial_taskflow_api_etl.py
[2022-05-07 13:56:19,527] {processor.py:642} INFO - Processing file /home/airflow/.local/lib/python3.7/site-packages/airflow/example_dags/tutorial_taskflow_api_etl.py for tasks to queue
[2022-05-07 13:56:19,532] {logging_mixin.py:109} INFO - [2022-05-07 13:56:19,532] {dagbag.py:500} INFO - Filling up the DagBag from /home/airflow/.local/lib/python3.7/site-packages/airflow/example_dags/tutorial_taskflow_api_etl.py
[2022-05-07 13:56:19,579] {processor.py:652} INFO - DAG(s) dict_keys(['tutorial_taskflow_api_etl']) retrieved from /home/airflow/.local/lib/python3.7/site-packages/airflow/example_dags/tutorial_taskflow_api_etl.py
[2022-05-07 13:56:20,196] {logging_mixin.py:109} INFO - [2022-05-07 13:56:20,196] {dag.py:2398} INFO - Sync 1 DAGs
[2022-05-07 13:56:20,219] {logging_mixin.py:109} INFO - [2022-05-07 13:56:20,219] {dag.py:2937} INFO - Setting next_dagrun for tutorial_taskflow_api_etl to None
[2022-05-07 13:56:20,237] {processor.py:171} INFO - Processing /home/airflow/.local/lib/python3.7/site-packages/airflow/example_dags/tutorial_taskflow_api_etl.py took 0.732 seconds
[2022-05-07 13:56:51,053] {processor.py:163} INFO - Started process (PID=2475) to work on /home/airflow/.local/lib/python3.7/site-packages/airflow/example_dags/tutorial_taskflow_api_etl.py
[2022-05-07 13:56:51,057] {processor.py:642} INFO - Processing file /home/airflow/.local/lib/python3.7/site-packages/airflow/example_dags/tutorial_taskflow_api_etl.py for tasks to queue
[2022-05-07 13:56:51,059] {logging_mixin.py:109} INFO - [2022-05-07 13:56:51,059] {dagbag.py:500} INFO - Filling up the DagBag from /home/airflow/.local/lib/python3.7/site-packages/airflow/example_dags/tutorial_taskflow_api_etl.py
[2022-05-07 13:56:51,091] {processor.py:652} INFO - DAG(s) dict_keys(['tutorial_taskflow_api_etl']) retrieved from /home/airflow/.local/lib/python3.7/site-packages/airflow/example_dags/tutorial_taskflow_api_etl.py
[2022-05-07 13:56:51,516] {logging_mixin.py:109} INFO - [2022-05-07 13:56:51,515] {dag.py:2398} INFO - Sync 1 DAGs
[2022-05-07 13:56:51,536] {logging_mixin.py:109} INFO - [2022-05-07 13:56:51,536] {dag.py:2937} INFO - Setting next_dagrun for tutorial_taskflow_api_etl to None
[2022-05-07 13:56:51,551] {processor.py:171} INFO - Processing /home/airflow/.local/lib/python3.7/site-packages/airflow/example_dags/tutorial_taskflow_api_etl.py took 0.504 seconds
[2022-05-07 13:57:21,905] {processor.py:163} INFO - Started process (PID=2529) to work on /home/airflow/.local/lib/python3.7/site-packages/airflow/example_dags/tutorial_taskflow_api_etl.py
[2022-05-07 13:57:21,910] {processor.py:642} INFO - Processing file /home/airflow/.local/lib/python3.7/site-packages/airflow/example_dags/tutorial_taskflow_api_etl.py for tasks to queue
[2022-05-07 13:57:21,913] {logging_mixin.py:109} INFO - [2022-05-07 13:57:21,912] {dagbag.py:500} INFO - Filling up the DagBag from /home/airflow/.local/lib/python3.7/site-packages/airflow/example_dags/tutorial_taskflow_api_etl.py
[2022-05-07 13:57:21,949] {processor.py:652} INFO - DAG(s) dict_keys(['tutorial_taskflow_api_etl']) retrieved from /home/airflow/.local/lib/python3.7/site-packages/airflow/example_dags/tutorial_taskflow_api_etl.py
[2022-05-07 13:57:21,997] {logging_mixin.py:109} INFO - [2022-05-07 13:57:21,997] {dag.py:2398} INFO - Sync 1 DAGs
[2022-05-07 13:57:22,027] {logging_mixin.py:109} INFO - [2022-05-07 13:57:22,026] {dag.py:2937} INFO - Setting next_dagrun for tutorial_taskflow_api_etl to None
[2022-05-07 13:57:22,056] {processor.py:171} INFO - Processing /home/airflow/.local/lib/python3.7/site-packages/airflow/example_dags/tutorial_taskflow_api_etl.py took 0.160 seconds
