[2022-05-07 13:34:17,358] {processor.py:163} INFO - Started process (PID=209) to work on /home/airflow/.local/lib/python3.7/site-packages/airflow/example_dags/tutorial_etl_dag.py
[2022-05-07 13:34:17,362] {processor.py:642} INFO - Processing file /home/airflow/.local/lib/python3.7/site-packages/airflow/example_dags/tutorial_etl_dag.py for tasks to queue
[2022-05-07 13:34:17,365] {logging_mixin.py:109} INFO - [2022-05-07 13:34:17,365] {dagbag.py:500} INFO - Filling up the DagBag from /home/airflow/.local/lib/python3.7/site-packages/airflow/example_dags/tutorial_etl_dag.py
[2022-05-07 13:34:17,453] {processor.py:652} INFO - DAG(s) dict_keys(['tutorial_etl_dag']) retrieved from /home/airflow/.local/lib/python3.7/site-packages/airflow/example_dags/tutorial_etl_dag.py
[2022-05-07 13:34:28,638] {logging_mixin.py:109} INFO - [2022-05-07 13:34:28,638] {manager.py:496} INFO - Created Permission View: can edit on DAG:tutorial_etl_dag
[2022-05-07 13:34:28,659] {logging_mixin.py:109} INFO - [2022-05-07 13:34:28,659] {manager.py:496} INFO - Created Permission View: can read on DAG:tutorial_etl_dag
[2022-05-07 13:34:28,661] {logging_mixin.py:109} INFO - [2022-05-07 13:34:28,660] {dag.py:2398} INFO - Sync 1 DAGs
[2022-05-07 13:34:28,680] {logging_mixin.py:109} INFO - [2022-05-07 13:34:28,680] {dag.py:2417} INFO - Creating ORM DAG for tutorial_etl_dag
[2022-05-07 13:34:28,697] {logging_mixin.py:109} INFO - [2022-05-07 13:34:28,697] {dag.py:2937} INFO - Setting next_dagrun for tutorial_etl_dag to None
[2022-05-07 13:34:28,724] {processor.py:171} INFO - Processing /home/airflow/.local/lib/python3.7/site-packages/airflow/example_dags/tutorial_etl_dag.py took 11.410 seconds
[2022-05-07 13:34:58,970] {processor.py:163} INFO - Started process (PID=285) to work on /home/airflow/.local/lib/python3.7/site-packages/airflow/example_dags/tutorial_etl_dag.py
[2022-05-07 13:34:58,976] {processor.py:642} INFO - Processing file /home/airflow/.local/lib/python3.7/site-packages/airflow/example_dags/tutorial_etl_dag.py for tasks to queue
[2022-05-07 13:34:58,979] {logging_mixin.py:109} INFO - [2022-05-07 13:34:58,979] {dagbag.py:500} INFO - Filling up the DagBag from /home/airflow/.local/lib/python3.7/site-packages/airflow/example_dags/tutorial_etl_dag.py
[2022-05-07 13:34:59,004] {processor.py:652} INFO - DAG(s) dict_keys(['tutorial_etl_dag']) retrieved from /home/airflow/.local/lib/python3.7/site-packages/airflow/example_dags/tutorial_etl_dag.py
[2022-05-07 13:34:59,042] {logging_mixin.py:109} INFO - [2022-05-07 13:34:59,042] {dag.py:2398} INFO - Sync 1 DAGs
[2022-05-07 13:34:59,073] {logging_mixin.py:109} INFO - [2022-05-07 13:34:59,073] {dag.py:2937} INFO - Setting next_dagrun for tutorial_etl_dag to None
[2022-05-07 13:34:59,091] {processor.py:171} INFO - Processing /home/airflow/.local/lib/python3.7/site-packages/airflow/example_dags/tutorial_etl_dag.py took 0.126 seconds
[2022-05-07 13:35:29,933] {processor.py:163} INFO - Started process (PID=344) to work on /home/airflow/.local/lib/python3.7/site-packages/airflow/example_dags/tutorial_etl_dag.py
[2022-05-07 13:35:29,941] {processor.py:642} INFO - Processing file /home/airflow/.local/lib/python3.7/site-packages/airflow/example_dags/tutorial_etl_dag.py for tasks to queue
[2022-05-07 13:35:29,947] {logging_mixin.py:109} INFO - [2022-05-07 13:35:29,946] {dagbag.py:500} INFO - Filling up the DagBag from /home/airflow/.local/lib/python3.7/site-packages/airflow/example_dags/tutorial_etl_dag.py
[2022-05-07 13:35:29,987] {processor.py:652} INFO - DAG(s) dict_keys(['tutorial_etl_dag']) retrieved from /home/airflow/.local/lib/python3.7/site-packages/airflow/example_dags/tutorial_etl_dag.py
[2022-05-07 13:35:30,040] {logging_mixin.py:109} INFO - [2022-05-07 13:35:30,040] {dag.py:2398} INFO - Sync 1 DAGs
[2022-05-07 13:35:30,073] {logging_mixin.py:109} INFO - [2022-05-07 13:35:30,073] {dag.py:2937} INFO - Setting next_dagrun for tutorial_etl_dag to None
[2022-05-07 13:35:30,101] {processor.py:171} INFO - Processing /home/airflow/.local/lib/python3.7/site-packages/airflow/example_dags/tutorial_etl_dag.py took 0.177 seconds
[2022-05-07 13:36:00,275] {processor.py:163} INFO - Started process (PID=396) to work on /home/airflow/.local/lib/python3.7/site-packages/airflow/example_dags/tutorial_etl_dag.py
[2022-05-07 13:36:00,278] {processor.py:642} INFO - Processing file /home/airflow/.local/lib/python3.7/site-packages/airflow/example_dags/tutorial_etl_dag.py for tasks to queue
[2022-05-07 13:36:00,281] {logging_mixin.py:109} INFO - [2022-05-07 13:36:00,281] {dagbag.py:500} INFO - Filling up the DagBag from /home/airflow/.local/lib/python3.7/site-packages/airflow/example_dags/tutorial_etl_dag.py
[2022-05-07 13:36:00,306] {processor.py:652} INFO - DAG(s) dict_keys(['tutorial_etl_dag']) retrieved from /home/airflow/.local/lib/python3.7/site-packages/airflow/example_dags/tutorial_etl_dag.py
[2022-05-07 13:36:00,346] {logging_mixin.py:109} INFO - [2022-05-07 13:36:00,346] {dag.py:2398} INFO - Sync 1 DAGs
[2022-05-07 13:36:00,380] {logging_mixin.py:109} INFO - [2022-05-07 13:36:00,380] {dag.py:2937} INFO - Setting next_dagrun for tutorial_etl_dag to None
[2022-05-07 13:36:00,403] {processor.py:171} INFO - Processing /home/airflow/.local/lib/python3.7/site-packages/airflow/example_dags/tutorial_etl_dag.py took 0.134 seconds
[2022-05-07 13:36:30,947] {processor.py:163} INFO - Started process (PID=447) to work on /home/airflow/.local/lib/python3.7/site-packages/airflow/example_dags/tutorial_etl_dag.py
[2022-05-07 13:36:30,950] {processor.py:642} INFO - Processing file /home/airflow/.local/lib/python3.7/site-packages/airflow/example_dags/tutorial_etl_dag.py for tasks to queue
[2022-05-07 13:36:30,954] {logging_mixin.py:109} INFO - [2022-05-07 13:36:30,953] {dagbag.py:500} INFO - Filling up the DagBag from /home/airflow/.local/lib/python3.7/site-packages/airflow/example_dags/tutorial_etl_dag.py
[2022-05-07 13:36:31,000] {processor.py:652} INFO - DAG(s) dict_keys(['tutorial_etl_dag']) retrieved from /home/airflow/.local/lib/python3.7/site-packages/airflow/example_dags/tutorial_etl_dag.py
[2022-05-07 13:36:31,051] {logging_mixin.py:109} INFO - [2022-05-07 13:36:31,050] {dag.py:2398} INFO - Sync 1 DAGs
[2022-05-07 13:36:31,085] {logging_mixin.py:109} INFO - [2022-05-07 13:36:31,085] {dag.py:2937} INFO - Setting next_dagrun for tutorial_etl_dag to None
[2022-05-07 13:36:31,108] {processor.py:171} INFO - Processing /home/airflow/.local/lib/python3.7/site-packages/airflow/example_dags/tutorial_etl_dag.py took 0.166 seconds
[2022-05-07 13:37:01,610] {processor.py:163} INFO - Started process (PID=498) to work on /home/airflow/.local/lib/python3.7/site-packages/airflow/example_dags/tutorial_etl_dag.py
[2022-05-07 13:37:01,622] {processor.py:642} INFO - Processing file /home/airflow/.local/lib/python3.7/site-packages/airflow/example_dags/tutorial_etl_dag.py for tasks to queue
[2022-05-07 13:37:01,631] {logging_mixin.py:109} INFO - [2022-05-07 13:37:01,630] {dagbag.py:500} INFO - Filling up the DagBag from /home/airflow/.local/lib/python3.7/site-packages/airflow/example_dags/tutorial_etl_dag.py
[2022-05-07 13:37:01,687] {processor.py:652} INFO - DAG(s) dict_keys(['tutorial_etl_dag']) retrieved from /home/airflow/.local/lib/python3.7/site-packages/airflow/example_dags/tutorial_etl_dag.py
[2022-05-07 13:37:01,746] {logging_mixin.py:109} INFO - [2022-05-07 13:37:01,746] {dag.py:2398} INFO - Sync 1 DAGs
[2022-05-07 13:37:01,820] {logging_mixin.py:109} INFO - [2022-05-07 13:37:01,820] {dag.py:2937} INFO - Setting next_dagrun for tutorial_etl_dag to None
[2022-05-07 13:37:01,867] {processor.py:171} INFO - Processing /home/airflow/.local/lib/python3.7/site-packages/airflow/example_dags/tutorial_etl_dag.py took 0.271 seconds
[2022-05-07 13:37:32,605] {processor.py:163} INFO - Started process (PID=552) to work on /home/airflow/.local/lib/python3.7/site-packages/airflow/example_dags/tutorial_etl_dag.py
[2022-05-07 13:37:32,612] {processor.py:642} INFO - Processing file /home/airflow/.local/lib/python3.7/site-packages/airflow/example_dags/tutorial_etl_dag.py for tasks to queue
[2022-05-07 13:37:32,618] {logging_mixin.py:109} INFO - [2022-05-07 13:37:32,618] {dagbag.py:500} INFO - Filling up the DagBag from /home/airflow/.local/lib/python3.7/site-packages/airflow/example_dags/tutorial_etl_dag.py
[2022-05-07 13:37:32,688] {processor.py:652} INFO - DAG(s) dict_keys(['tutorial_etl_dag']) retrieved from /home/airflow/.local/lib/python3.7/site-packages/airflow/example_dags/tutorial_etl_dag.py
[2022-05-07 13:37:32,799] {logging_mixin.py:109} INFO - [2022-05-07 13:37:32,799] {dag.py:2398} INFO - Sync 1 DAGs
[2022-05-07 13:37:32,851] {logging_mixin.py:109} INFO - [2022-05-07 13:37:32,851] {dag.py:2937} INFO - Setting next_dagrun for tutorial_etl_dag to None
[2022-05-07 13:37:32,875] {processor.py:171} INFO - Processing /home/airflow/.local/lib/python3.7/site-packages/airflow/example_dags/tutorial_etl_dag.py took 0.281 seconds
[2022-05-07 13:38:03,040] {processor.py:163} INFO - Started process (PID=604) to work on /home/airflow/.local/lib/python3.7/site-packages/airflow/example_dags/tutorial_etl_dag.py
[2022-05-07 13:38:03,054] {processor.py:642} INFO - Processing file /home/airflow/.local/lib/python3.7/site-packages/airflow/example_dags/tutorial_etl_dag.py for tasks to queue
[2022-05-07 13:38:03,061] {logging_mixin.py:109} INFO - [2022-05-07 13:38:03,060] {dagbag.py:500} INFO - Filling up the DagBag from /home/airflow/.local/lib/python3.7/site-packages/airflow/example_dags/tutorial_etl_dag.py
[2022-05-07 13:38:03,138] {processor.py:652} INFO - DAG(s) dict_keys(['tutorial_etl_dag']) retrieved from /home/airflow/.local/lib/python3.7/site-packages/airflow/example_dags/tutorial_etl_dag.py
[2022-05-07 13:38:03,219] {logging_mixin.py:109} INFO - [2022-05-07 13:38:03,219] {dag.py:2398} INFO - Sync 1 DAGs
[2022-05-07 13:38:03,295] {logging_mixin.py:109} INFO - [2022-05-07 13:38:03,294] {dag.py:2937} INFO - Setting next_dagrun for tutorial_etl_dag to None
[2022-05-07 13:38:03,325] {processor.py:171} INFO - Processing /home/airflow/.local/lib/python3.7/site-packages/airflow/example_dags/tutorial_etl_dag.py took 0.302 seconds
[2022-05-07 13:38:33,647] {processor.py:163} INFO - Started process (PID=656) to work on /home/airflow/.local/lib/python3.7/site-packages/airflow/example_dags/tutorial_etl_dag.py
[2022-05-07 13:38:33,665] {processor.py:642} INFO - Processing file /home/airflow/.local/lib/python3.7/site-packages/airflow/example_dags/tutorial_etl_dag.py for tasks to queue
[2022-05-07 13:38:33,685] {logging_mixin.py:109} INFO - [2022-05-07 13:38:33,683] {dagbag.py:500} INFO - Filling up the DagBag from /home/airflow/.local/lib/python3.7/site-packages/airflow/example_dags/tutorial_etl_dag.py
[2022-05-07 13:38:33,758] {processor.py:652} INFO - DAG(s) dict_keys(['tutorial_etl_dag']) retrieved from /home/airflow/.local/lib/python3.7/site-packages/airflow/example_dags/tutorial_etl_dag.py
[2022-05-07 13:38:33,896] {logging_mixin.py:109} INFO - [2022-05-07 13:38:33,896] {dag.py:2398} INFO - Sync 1 DAGs
[2022-05-07 13:38:34,004] {logging_mixin.py:109} INFO - [2022-05-07 13:38:34,004] {dag.py:2937} INFO - Setting next_dagrun for tutorial_etl_dag to None
[2022-05-07 13:38:34,093] {processor.py:171} INFO - Processing /home/airflow/.local/lib/python3.7/site-packages/airflow/example_dags/tutorial_etl_dag.py took 0.468 seconds
[2022-05-07 13:39:04,409] {processor.py:163} INFO - Started process (PID=710) to work on /home/airflow/.local/lib/python3.7/site-packages/airflow/example_dags/tutorial_etl_dag.py
[2022-05-07 13:39:04,415] {processor.py:642} INFO - Processing file /home/airflow/.local/lib/python3.7/site-packages/airflow/example_dags/tutorial_etl_dag.py for tasks to queue
[2022-05-07 13:39:04,426] {logging_mixin.py:109} INFO - [2022-05-07 13:39:04,425] {dagbag.py:500} INFO - Filling up the DagBag from /home/airflow/.local/lib/python3.7/site-packages/airflow/example_dags/tutorial_etl_dag.py
[2022-05-07 13:39:04,470] {processor.py:652} INFO - DAG(s) dict_keys(['tutorial_etl_dag']) retrieved from /home/airflow/.local/lib/python3.7/site-packages/airflow/example_dags/tutorial_etl_dag.py
[2022-05-07 13:39:04,530] {logging_mixin.py:109} INFO - [2022-05-07 13:39:04,530] {dag.py:2398} INFO - Sync 1 DAGs
[2022-05-07 13:39:04,560] {logging_mixin.py:109} INFO - [2022-05-07 13:39:04,559] {dag.py:2937} INFO - Setting next_dagrun for tutorial_etl_dag to None
[2022-05-07 13:39:04,579] {processor.py:171} INFO - Processing /home/airflow/.local/lib/python3.7/site-packages/airflow/example_dags/tutorial_etl_dag.py took 0.177 seconds
[2022-05-07 13:39:34,965] {processor.py:163} INFO - Started process (PID=761) to work on /home/airflow/.local/lib/python3.7/site-packages/airflow/example_dags/tutorial_etl_dag.py
[2022-05-07 13:39:34,968] {processor.py:642} INFO - Processing file /home/airflow/.local/lib/python3.7/site-packages/airflow/example_dags/tutorial_etl_dag.py for tasks to queue
[2022-05-07 13:39:34,970] {logging_mixin.py:109} INFO - [2022-05-07 13:39:34,969] {dagbag.py:500} INFO - Filling up the DagBag from /home/airflow/.local/lib/python3.7/site-packages/airflow/example_dags/tutorial_etl_dag.py
[2022-05-07 13:39:34,992] {processor.py:652} INFO - DAG(s) dict_keys(['tutorial_etl_dag']) retrieved from /home/airflow/.local/lib/python3.7/site-packages/airflow/example_dags/tutorial_etl_dag.py
[2022-05-07 13:39:35,027] {logging_mixin.py:109} INFO - [2022-05-07 13:39:35,026] {dag.py:2398} INFO - Sync 1 DAGs
[2022-05-07 13:39:35,052] {logging_mixin.py:109} INFO - [2022-05-07 13:39:35,051] {dag.py:2937} INFO - Setting next_dagrun for tutorial_etl_dag to None
[2022-05-07 13:39:35,068] {processor.py:171} INFO - Processing /home/airflow/.local/lib/python3.7/site-packages/airflow/example_dags/tutorial_etl_dag.py took 0.108 seconds
[2022-05-07 13:40:05,677] {processor.py:163} INFO - Started process (PID=815) to work on /home/airflow/.local/lib/python3.7/site-packages/airflow/example_dags/tutorial_etl_dag.py
[2022-05-07 13:40:05,679] {processor.py:642} INFO - Processing file /home/airflow/.local/lib/python3.7/site-packages/airflow/example_dags/tutorial_etl_dag.py for tasks to queue
[2022-05-07 13:40:05,681] {logging_mixin.py:109} INFO - [2022-05-07 13:40:05,681] {dagbag.py:500} INFO - Filling up the DagBag from /home/airflow/.local/lib/python3.7/site-packages/airflow/example_dags/tutorial_etl_dag.py
[2022-05-07 13:40:05,704] {processor.py:652} INFO - DAG(s) dict_keys(['tutorial_etl_dag']) retrieved from /home/airflow/.local/lib/python3.7/site-packages/airflow/example_dags/tutorial_etl_dag.py
[2022-05-07 13:40:05,741] {logging_mixin.py:109} INFO - [2022-05-07 13:40:05,740] {dag.py:2398} INFO - Sync 1 DAGs
[2022-05-07 13:40:05,770] {logging_mixin.py:109} INFO - [2022-05-07 13:40:05,770] {dag.py:2937} INFO - Setting next_dagrun for tutorial_etl_dag to None
[2022-05-07 13:40:05,787] {processor.py:171} INFO - Processing /home/airflow/.local/lib/python3.7/site-packages/airflow/example_dags/tutorial_etl_dag.py took 0.116 seconds
[2022-05-07 13:40:36,115] {processor.py:163} INFO - Started process (PID=867) to work on /home/airflow/.local/lib/python3.7/site-packages/airflow/example_dags/tutorial_etl_dag.py
[2022-05-07 13:40:36,118] {processor.py:642} INFO - Processing file /home/airflow/.local/lib/python3.7/site-packages/airflow/example_dags/tutorial_etl_dag.py for tasks to queue
[2022-05-07 13:40:36,120] {logging_mixin.py:109} INFO - [2022-05-07 13:40:36,120] {dagbag.py:500} INFO - Filling up the DagBag from /home/airflow/.local/lib/python3.7/site-packages/airflow/example_dags/tutorial_etl_dag.py
[2022-05-07 13:40:36,147] {processor.py:652} INFO - DAG(s) dict_keys(['tutorial_etl_dag']) retrieved from /home/airflow/.local/lib/python3.7/site-packages/airflow/example_dags/tutorial_etl_dag.py
[2022-05-07 13:40:36,191] {logging_mixin.py:109} INFO - [2022-05-07 13:40:36,190] {dag.py:2398} INFO - Sync 1 DAGs
[2022-05-07 13:40:36,226] {logging_mixin.py:109} INFO - [2022-05-07 13:40:36,225] {dag.py:2937} INFO - Setting next_dagrun for tutorial_etl_dag to None
[2022-05-07 13:40:36,248] {processor.py:171} INFO - Processing /home/airflow/.local/lib/python3.7/site-packages/airflow/example_dags/tutorial_etl_dag.py took 0.138 seconds
[2022-05-07 13:41:06,972] {processor.py:163} INFO - Started process (PID=929) to work on /home/airflow/.local/lib/python3.7/site-packages/airflow/example_dags/tutorial_etl_dag.py
[2022-05-07 13:41:06,978] {processor.py:642} INFO - Processing file /home/airflow/.local/lib/python3.7/site-packages/airflow/example_dags/tutorial_etl_dag.py for tasks to queue
[2022-05-07 13:41:06,981] {logging_mixin.py:109} INFO - [2022-05-07 13:41:06,980] {dagbag.py:500} INFO - Filling up the DagBag from /home/airflow/.local/lib/python3.7/site-packages/airflow/example_dags/tutorial_etl_dag.py
[2022-05-07 13:41:07,009] {processor.py:652} INFO - DAG(s) dict_keys(['tutorial_etl_dag']) retrieved from /home/airflow/.local/lib/python3.7/site-packages/airflow/example_dags/tutorial_etl_dag.py
[2022-05-07 13:41:07,055] {logging_mixin.py:109} INFO - [2022-05-07 13:41:07,055] {dag.py:2398} INFO - Sync 1 DAGs
[2022-05-07 13:41:07,087] {logging_mixin.py:109} INFO - [2022-05-07 13:41:07,087] {dag.py:2937} INFO - Setting next_dagrun for tutorial_etl_dag to None
[2022-05-07 13:41:07,106] {processor.py:171} INFO - Processing /home/airflow/.local/lib/python3.7/site-packages/airflow/example_dags/tutorial_etl_dag.py took 0.140 seconds
[2022-05-07 13:41:37,321] {processor.py:163} INFO - Started process (PID=979) to work on /home/airflow/.local/lib/python3.7/site-packages/airflow/example_dags/tutorial_etl_dag.py
[2022-05-07 13:41:37,324] {processor.py:642} INFO - Processing file /home/airflow/.local/lib/python3.7/site-packages/airflow/example_dags/tutorial_etl_dag.py for tasks to queue
[2022-05-07 13:41:37,326] {logging_mixin.py:109} INFO - [2022-05-07 13:41:37,326] {dagbag.py:500} INFO - Filling up the DagBag from /home/airflow/.local/lib/python3.7/site-packages/airflow/example_dags/tutorial_etl_dag.py
[2022-05-07 13:41:37,350] {processor.py:652} INFO - DAG(s) dict_keys(['tutorial_etl_dag']) retrieved from /home/airflow/.local/lib/python3.7/site-packages/airflow/example_dags/tutorial_etl_dag.py
[2022-05-07 13:41:37,385] {logging_mixin.py:109} INFO - [2022-05-07 13:41:37,384] {dag.py:2398} INFO - Sync 1 DAGs
[2022-05-07 13:41:37,412] {logging_mixin.py:109} INFO - [2022-05-07 13:41:37,411] {dag.py:2937} INFO - Setting next_dagrun for tutorial_etl_dag to None
[2022-05-07 13:41:37,429] {processor.py:171} INFO - Processing /home/airflow/.local/lib/python3.7/site-packages/airflow/example_dags/tutorial_etl_dag.py took 0.113 seconds
[2022-05-07 13:42:08,029] {processor.py:163} INFO - Started process (PID=1031) to work on /home/airflow/.local/lib/python3.7/site-packages/airflow/example_dags/tutorial_etl_dag.py
[2022-05-07 13:42:08,034] {processor.py:642} INFO - Processing file /home/airflow/.local/lib/python3.7/site-packages/airflow/example_dags/tutorial_etl_dag.py for tasks to queue
[2022-05-07 13:42:08,036] {logging_mixin.py:109} INFO - [2022-05-07 13:42:08,036] {dagbag.py:500} INFO - Filling up the DagBag from /home/airflow/.local/lib/python3.7/site-packages/airflow/example_dags/tutorial_etl_dag.py
[2022-05-07 13:42:08,064] {processor.py:652} INFO - DAG(s) dict_keys(['tutorial_etl_dag']) retrieved from /home/airflow/.local/lib/python3.7/site-packages/airflow/example_dags/tutorial_etl_dag.py
[2022-05-07 13:42:08,114] {logging_mixin.py:109} INFO - [2022-05-07 13:42:08,114] {dag.py:2398} INFO - Sync 1 DAGs
[2022-05-07 13:42:08,149] {logging_mixin.py:109} INFO - [2022-05-07 13:42:08,149] {dag.py:2937} INFO - Setting next_dagrun for tutorial_etl_dag to None
[2022-05-07 13:42:08,169] {processor.py:171} INFO - Processing /home/airflow/.local/lib/python3.7/site-packages/airflow/example_dags/tutorial_etl_dag.py took 0.146 seconds
[2022-05-07 13:42:38,992] {processor.py:163} INFO - Started process (PID=1084) to work on /home/airflow/.local/lib/python3.7/site-packages/airflow/example_dags/tutorial_etl_dag.py
[2022-05-07 13:42:38,996] {processor.py:642} INFO - Processing file /home/airflow/.local/lib/python3.7/site-packages/airflow/example_dags/tutorial_etl_dag.py for tasks to queue
[2022-05-07 13:42:38,998] {logging_mixin.py:109} INFO - [2022-05-07 13:42:38,998] {dagbag.py:500} INFO - Filling up the DagBag from /home/airflow/.local/lib/python3.7/site-packages/airflow/example_dags/tutorial_etl_dag.py
[2022-05-07 13:42:39,024] {processor.py:652} INFO - DAG(s) dict_keys(['tutorial_etl_dag']) retrieved from /home/airflow/.local/lib/python3.7/site-packages/airflow/example_dags/tutorial_etl_dag.py
[2022-05-07 13:42:39,063] {logging_mixin.py:109} INFO - [2022-05-07 13:42:39,062] {dag.py:2398} INFO - Sync 1 DAGs
[2022-05-07 13:42:39,092] {logging_mixin.py:109} INFO - [2022-05-07 13:42:39,092] {dag.py:2937} INFO - Setting next_dagrun for tutorial_etl_dag to None
[2022-05-07 13:42:39,112] {processor.py:171} INFO - Processing /home/airflow/.local/lib/python3.7/site-packages/airflow/example_dags/tutorial_etl_dag.py took 0.126 seconds
[2022-05-07 13:43:09,649] {processor.py:163} INFO - Started process (PID=1137) to work on /home/airflow/.local/lib/python3.7/site-packages/airflow/example_dags/tutorial_etl_dag.py
[2022-05-07 13:43:09,652] {processor.py:642} INFO - Processing file /home/airflow/.local/lib/python3.7/site-packages/airflow/example_dags/tutorial_etl_dag.py for tasks to queue
[2022-05-07 13:43:09,655] {logging_mixin.py:109} INFO - [2022-05-07 13:43:09,655] {dagbag.py:500} INFO - Filling up the DagBag from /home/airflow/.local/lib/python3.7/site-packages/airflow/example_dags/tutorial_etl_dag.py
[2022-05-07 13:43:09,679] {processor.py:652} INFO - DAG(s) dict_keys(['tutorial_etl_dag']) retrieved from /home/airflow/.local/lib/python3.7/site-packages/airflow/example_dags/tutorial_etl_dag.py
[2022-05-07 13:43:09,716] {logging_mixin.py:109} INFO - [2022-05-07 13:43:09,715] {dag.py:2398} INFO - Sync 1 DAGs
[2022-05-07 13:43:09,744] {logging_mixin.py:109} INFO - [2022-05-07 13:43:09,744] {dag.py:2937} INFO - Setting next_dagrun for tutorial_etl_dag to None
[2022-05-07 13:43:09,760] {processor.py:171} INFO - Processing /home/airflow/.local/lib/python3.7/site-packages/airflow/example_dags/tutorial_etl_dag.py took 0.116 seconds
[2022-05-07 13:43:40,914] {processor.py:163} INFO - Started process (PID=1189) to work on /home/airflow/.local/lib/python3.7/site-packages/airflow/example_dags/tutorial_etl_dag.py
[2022-05-07 13:43:40,928] {processor.py:642} INFO - Processing file /home/airflow/.local/lib/python3.7/site-packages/airflow/example_dags/tutorial_etl_dag.py for tasks to queue
[2022-05-07 13:43:40,938] {logging_mixin.py:109} INFO - [2022-05-07 13:43:40,938] {dagbag.py:500} INFO - Filling up the DagBag from /home/airflow/.local/lib/python3.7/site-packages/airflow/example_dags/tutorial_etl_dag.py
[2022-05-07 13:43:41,013] {processor.py:652} INFO - DAG(s) dict_keys(['tutorial_etl_dag']) retrieved from /home/airflow/.local/lib/python3.7/site-packages/airflow/example_dags/tutorial_etl_dag.py
[2022-05-07 13:43:41,094] {logging_mixin.py:109} INFO - [2022-05-07 13:43:41,093] {dag.py:2398} INFO - Sync 1 DAGs
[2022-05-07 13:43:41,150] {logging_mixin.py:109} INFO - [2022-05-07 13:43:41,150] {dag.py:2937} INFO - Setting next_dagrun for tutorial_etl_dag to None
[2022-05-07 13:43:41,195] {processor.py:171} INFO - Processing /home/airflow/.local/lib/python3.7/site-packages/airflow/example_dags/tutorial_etl_dag.py took 0.297 seconds
[2022-05-07 13:44:11,344] {processor.py:163} INFO - Started process (PID=1242) to work on /home/airflow/.local/lib/python3.7/site-packages/airflow/example_dags/tutorial_etl_dag.py
[2022-05-07 13:44:11,353] {processor.py:642} INFO - Processing file /home/airflow/.local/lib/python3.7/site-packages/airflow/example_dags/tutorial_etl_dag.py for tasks to queue
[2022-05-07 13:44:11,357] {logging_mixin.py:109} INFO - [2022-05-07 13:44:11,356] {dagbag.py:500} INFO - Filling up the DagBag from /home/airflow/.local/lib/python3.7/site-packages/airflow/example_dags/tutorial_etl_dag.py
[2022-05-07 13:44:11,384] {processor.py:652} INFO - DAG(s) dict_keys(['tutorial_etl_dag']) retrieved from /home/airflow/.local/lib/python3.7/site-packages/airflow/example_dags/tutorial_etl_dag.py
[2022-05-07 13:44:11,431] {logging_mixin.py:109} INFO - [2022-05-07 13:44:11,431] {dag.py:2398} INFO - Sync 1 DAGs
[2022-05-07 13:44:11,465] {logging_mixin.py:109} INFO - [2022-05-07 13:44:11,465] {dag.py:2937} INFO - Setting next_dagrun for tutorial_etl_dag to None
[2022-05-07 13:44:11,490] {processor.py:171} INFO - Processing /home/airflow/.local/lib/python3.7/site-packages/airflow/example_dags/tutorial_etl_dag.py took 0.158 seconds
[2022-05-07 13:44:43,417] {processor.py:163} INFO - Started process (PID=1295) to work on /home/airflow/.local/lib/python3.7/site-packages/airflow/example_dags/tutorial_etl_dag.py
[2022-05-07 13:44:43,420] {processor.py:642} INFO - Processing file /home/airflow/.local/lib/python3.7/site-packages/airflow/example_dags/tutorial_etl_dag.py for tasks to queue
[2022-05-07 13:44:43,426] {logging_mixin.py:109} INFO - [2022-05-07 13:44:43,425] {dagbag.py:500} INFO - Filling up the DagBag from /home/airflow/.local/lib/python3.7/site-packages/airflow/example_dags/tutorial_etl_dag.py
[2022-05-07 13:44:43,459] {processor.py:652} INFO - DAG(s) dict_keys(['tutorial_etl_dag']) retrieved from /home/airflow/.local/lib/python3.7/site-packages/airflow/example_dags/tutorial_etl_dag.py
[2022-05-07 13:44:43,553] {logging_mixin.py:109} INFO - [2022-05-07 13:44:43,553] {dag.py:2398} INFO - Sync 1 DAGs
[2022-05-07 13:44:43,614] {logging_mixin.py:109} INFO - [2022-05-07 13:44:43,614] {dag.py:2937} INFO - Setting next_dagrun for tutorial_etl_dag to None
[2022-05-07 13:44:43,664] {processor.py:171} INFO - Processing /home/airflow/.local/lib/python3.7/site-packages/airflow/example_dags/tutorial_etl_dag.py took 0.256 seconds
[2022-05-07 13:45:13,940] {processor.py:163} INFO - Started process (PID=1345) to work on /home/airflow/.local/lib/python3.7/site-packages/airflow/example_dags/tutorial_etl_dag.py
[2022-05-07 13:45:13,944] {processor.py:642} INFO - Processing file /home/airflow/.local/lib/python3.7/site-packages/airflow/example_dags/tutorial_etl_dag.py for tasks to queue
[2022-05-07 13:45:13,947] {logging_mixin.py:109} INFO - [2022-05-07 13:45:13,946] {dagbag.py:500} INFO - Filling up the DagBag from /home/airflow/.local/lib/python3.7/site-packages/airflow/example_dags/tutorial_etl_dag.py
[2022-05-07 13:45:13,976] {processor.py:652} INFO - DAG(s) dict_keys(['tutorial_etl_dag']) retrieved from /home/airflow/.local/lib/python3.7/site-packages/airflow/example_dags/tutorial_etl_dag.py
[2022-05-07 13:45:14,044] {logging_mixin.py:109} INFO - [2022-05-07 13:45:14,044] {dag.py:2398} INFO - Sync 1 DAGs
[2022-05-07 13:45:14,096] {logging_mixin.py:109} INFO - [2022-05-07 13:45:14,096] {dag.py:2937} INFO - Setting next_dagrun for tutorial_etl_dag to None
[2022-05-07 13:45:14,125] {processor.py:171} INFO - Processing /home/airflow/.local/lib/python3.7/site-packages/airflow/example_dags/tutorial_etl_dag.py took 0.190 seconds
[2022-05-07 13:45:44,882] {processor.py:163} INFO - Started process (PID=1407) to work on /home/airflow/.local/lib/python3.7/site-packages/airflow/example_dags/tutorial_etl_dag.py
[2022-05-07 13:45:44,885] {processor.py:642} INFO - Processing file /home/airflow/.local/lib/python3.7/site-packages/airflow/example_dags/tutorial_etl_dag.py for tasks to queue
[2022-05-07 13:45:44,887] {logging_mixin.py:109} INFO - [2022-05-07 13:45:44,887] {dagbag.py:500} INFO - Filling up the DagBag from /home/airflow/.local/lib/python3.7/site-packages/airflow/example_dags/tutorial_etl_dag.py
[2022-05-07 13:45:44,919] {processor.py:652} INFO - DAG(s) dict_keys(['tutorial_etl_dag']) retrieved from /home/airflow/.local/lib/python3.7/site-packages/airflow/example_dags/tutorial_etl_dag.py
[2022-05-07 13:45:44,964] {logging_mixin.py:109} INFO - [2022-05-07 13:45:44,963] {dag.py:2398} INFO - Sync 1 DAGs
[2022-05-07 13:45:44,997] {logging_mixin.py:109} INFO - [2022-05-07 13:45:44,997] {dag.py:2937} INFO - Setting next_dagrun for tutorial_etl_dag to None
[2022-05-07 13:45:45,023] {processor.py:171} INFO - Processing /home/airflow/.local/lib/python3.7/site-packages/airflow/example_dags/tutorial_etl_dag.py took 0.149 seconds
[2022-05-07 13:46:15,196] {processor.py:163} INFO - Started process (PID=1458) to work on /home/airflow/.local/lib/python3.7/site-packages/airflow/example_dags/tutorial_etl_dag.py
[2022-05-07 13:46:15,199] {processor.py:642} INFO - Processing file /home/airflow/.local/lib/python3.7/site-packages/airflow/example_dags/tutorial_etl_dag.py for tasks to queue
[2022-05-07 13:46:15,204] {logging_mixin.py:109} INFO - [2022-05-07 13:46:15,204] {dagbag.py:500} INFO - Filling up the DagBag from /home/airflow/.local/lib/python3.7/site-packages/airflow/example_dags/tutorial_etl_dag.py
[2022-05-07 13:46:15,241] {processor.py:652} INFO - DAG(s) dict_keys(['tutorial_etl_dag']) retrieved from /home/airflow/.local/lib/python3.7/site-packages/airflow/example_dags/tutorial_etl_dag.py
[2022-05-07 13:46:15,291] {logging_mixin.py:109} INFO - [2022-05-07 13:46:15,291] {dag.py:2398} INFO - Sync 1 DAGs
[2022-05-07 13:46:15,326] {logging_mixin.py:109} INFO - [2022-05-07 13:46:15,325] {dag.py:2937} INFO - Setting next_dagrun for tutorial_etl_dag to None
[2022-05-07 13:46:15,351] {processor.py:171} INFO - Processing /home/airflow/.local/lib/python3.7/site-packages/airflow/example_dags/tutorial_etl_dag.py took 0.162 seconds
[2022-05-07 13:46:45,493] {processor.py:163} INFO - Started process (PID=1511) to work on /home/airflow/.local/lib/python3.7/site-packages/airflow/example_dags/tutorial_etl_dag.py
[2022-05-07 13:46:45,499] {processor.py:642} INFO - Processing file /home/airflow/.local/lib/python3.7/site-packages/airflow/example_dags/tutorial_etl_dag.py for tasks to queue
[2022-05-07 13:46:45,501] {logging_mixin.py:109} INFO - [2022-05-07 13:46:45,501] {dagbag.py:500} INFO - Filling up the DagBag from /home/airflow/.local/lib/python3.7/site-packages/airflow/example_dags/tutorial_etl_dag.py
[2022-05-07 13:46:45,525] {processor.py:652} INFO - DAG(s) dict_keys(['tutorial_etl_dag']) retrieved from /home/airflow/.local/lib/python3.7/site-packages/airflow/example_dags/tutorial_etl_dag.py
[2022-05-07 13:46:45,558] {logging_mixin.py:109} INFO - [2022-05-07 13:46:45,558] {dag.py:2398} INFO - Sync 1 DAGs
[2022-05-07 13:46:45,583] {logging_mixin.py:109} INFO - [2022-05-07 13:46:45,582] {dag.py:2937} INFO - Setting next_dagrun for tutorial_etl_dag to None
[2022-05-07 13:46:45,602] {processor.py:171} INFO - Processing /home/airflow/.local/lib/python3.7/site-packages/airflow/example_dags/tutorial_etl_dag.py took 0.123 seconds
[2022-05-07 13:47:16,831] {processor.py:163} INFO - Started process (PID=1564) to work on /home/airflow/.local/lib/python3.7/site-packages/airflow/example_dags/tutorial_etl_dag.py
[2022-05-07 13:47:16,839] {processor.py:642} INFO - Processing file /home/airflow/.local/lib/python3.7/site-packages/airflow/example_dags/tutorial_etl_dag.py for tasks to queue
[2022-05-07 13:47:16,844] {logging_mixin.py:109} INFO - [2022-05-07 13:47:16,844] {dagbag.py:500} INFO - Filling up the DagBag from /home/airflow/.local/lib/python3.7/site-packages/airflow/example_dags/tutorial_etl_dag.py
[2022-05-07 13:47:17,010] {processor.py:652} INFO - DAG(s) dict_keys(['tutorial_etl_dag']) retrieved from /home/airflow/.local/lib/python3.7/site-packages/airflow/example_dags/tutorial_etl_dag.py
[2022-05-07 13:47:17,143] {logging_mixin.py:109} INFO - [2022-05-07 13:47:17,142] {dag.py:2398} INFO - Sync 1 DAGs
[2022-05-07 13:47:17,222] {logging_mixin.py:109} INFO - [2022-05-07 13:47:17,221] {dag.py:2937} INFO - Setting next_dagrun for tutorial_etl_dag to None
[2022-05-07 13:47:17,268] {processor.py:171} INFO - Processing /home/airflow/.local/lib/python3.7/site-packages/airflow/example_dags/tutorial_etl_dag.py took 0.453 seconds
[2022-05-07 13:49:30,969] {processor.py:163} INFO - Started process (PID=1676) to work on /home/airflow/.local/lib/python3.7/site-packages/airflow/example_dags/tutorial_etl_dag.py
[2022-05-07 13:49:30,975] {processor.py:642} INFO - Processing file /home/airflow/.local/lib/python3.7/site-packages/airflow/example_dags/tutorial_etl_dag.py for tasks to queue
[2022-05-07 13:49:30,977] {logging_mixin.py:109} INFO - [2022-05-07 13:49:30,977] {dagbag.py:500} INFO - Filling up the DagBag from /home/airflow/.local/lib/python3.7/site-packages/airflow/example_dags/tutorial_etl_dag.py
[2022-05-07 13:49:31,052] {processor.py:652} INFO - DAG(s) dict_keys(['tutorial_etl_dag']) retrieved from /home/airflow/.local/lib/python3.7/site-packages/airflow/example_dags/tutorial_etl_dag.py
[2022-05-07 13:49:31,148] {logging_mixin.py:109} INFO - [2022-05-07 13:49:31,148] {dag.py:2398} INFO - Sync 1 DAGs
[2022-05-07 13:49:31,197] {logging_mixin.py:109} INFO - [2022-05-07 13:49:31,197] {dag.py:2937} INFO - Setting next_dagrun for tutorial_etl_dag to None
[2022-05-07 13:49:31,229] {processor.py:171} INFO - Processing /home/airflow/.local/lib/python3.7/site-packages/airflow/example_dags/tutorial_etl_dag.py took 0.269 seconds
[2022-05-07 13:50:02,187] {processor.py:163} INFO - Started process (PID=1731) to work on /home/airflow/.local/lib/python3.7/site-packages/airflow/example_dags/tutorial_etl_dag.py
[2022-05-07 13:50:02,203] {processor.py:642} INFO - Processing file /home/airflow/.local/lib/python3.7/site-packages/airflow/example_dags/tutorial_etl_dag.py for tasks to queue
[2022-05-07 13:50:02,207] {logging_mixin.py:109} INFO - [2022-05-07 13:50:02,206] {dagbag.py:500} INFO - Filling up the DagBag from /home/airflow/.local/lib/python3.7/site-packages/airflow/example_dags/tutorial_etl_dag.py
[2022-05-07 13:50:02,262] {processor.py:652} INFO - DAG(s) dict_keys(['tutorial_etl_dag']) retrieved from /home/airflow/.local/lib/python3.7/site-packages/airflow/example_dags/tutorial_etl_dag.py
[2022-05-07 13:50:02,321] {logging_mixin.py:109} INFO - [2022-05-07 13:50:02,321] {dag.py:2398} INFO - Sync 1 DAGs
[2022-05-07 13:50:02,359] {logging_mixin.py:109} INFO - [2022-05-07 13:50:02,359] {dag.py:2937} INFO - Setting next_dagrun for tutorial_etl_dag to None
[2022-05-07 13:50:02,381] {processor.py:171} INFO - Processing /home/airflow/.local/lib/python3.7/site-packages/airflow/example_dags/tutorial_etl_dag.py took 0.233 seconds
[2022-05-07 13:50:32,838] {processor.py:163} INFO - Started process (PID=1784) to work on /home/airflow/.local/lib/python3.7/site-packages/airflow/example_dags/tutorial_etl_dag.py
[2022-05-07 13:50:32,841] {processor.py:642} INFO - Processing file /home/airflow/.local/lib/python3.7/site-packages/airflow/example_dags/tutorial_etl_dag.py for tasks to queue
[2022-05-07 13:50:32,844] {logging_mixin.py:109} INFO - [2022-05-07 13:50:32,843] {dagbag.py:500} INFO - Filling up the DagBag from /home/airflow/.local/lib/python3.7/site-packages/airflow/example_dags/tutorial_etl_dag.py
[2022-05-07 13:50:32,879] {processor.py:652} INFO - DAG(s) dict_keys(['tutorial_etl_dag']) retrieved from /home/airflow/.local/lib/python3.7/site-packages/airflow/example_dags/tutorial_etl_dag.py
[2022-05-07 13:50:32,928] {logging_mixin.py:109} INFO - [2022-05-07 13:50:32,928] {dag.py:2398} INFO - Sync 1 DAGs
[2022-05-07 13:50:32,960] {logging_mixin.py:109} INFO - [2022-05-07 13:50:32,960] {dag.py:2937} INFO - Setting next_dagrun for tutorial_etl_dag to None
[2022-05-07 13:50:32,987] {processor.py:171} INFO - Processing /home/airflow/.local/lib/python3.7/site-packages/airflow/example_dags/tutorial_etl_dag.py took 0.156 seconds
[2022-05-07 13:51:03,844] {processor.py:163} INFO - Started process (PID=1849) to work on /home/airflow/.local/lib/python3.7/site-packages/airflow/example_dags/tutorial_etl_dag.py
[2022-05-07 13:51:03,848] {processor.py:642} INFO - Processing file /home/airflow/.local/lib/python3.7/site-packages/airflow/example_dags/tutorial_etl_dag.py for tasks to queue
[2022-05-07 13:51:03,851] {logging_mixin.py:109} INFO - [2022-05-07 13:51:03,851] {dagbag.py:500} INFO - Filling up the DagBag from /home/airflow/.local/lib/python3.7/site-packages/airflow/example_dags/tutorial_etl_dag.py
[2022-05-07 13:51:03,884] {processor.py:652} INFO - DAG(s) dict_keys(['tutorial_etl_dag']) retrieved from /home/airflow/.local/lib/python3.7/site-packages/airflow/example_dags/tutorial_etl_dag.py
[2022-05-07 13:51:03,942] {logging_mixin.py:109} INFO - [2022-05-07 13:51:03,942] {dag.py:2398} INFO - Sync 1 DAGs
[2022-05-07 13:51:03,976] {logging_mixin.py:109} INFO - [2022-05-07 13:51:03,976] {dag.py:2937} INFO - Setting next_dagrun for tutorial_etl_dag to None
[2022-05-07 13:51:03,999] {processor.py:171} INFO - Processing /home/airflow/.local/lib/python3.7/site-packages/airflow/example_dags/tutorial_etl_dag.py took 0.162 seconds
[2022-05-07 13:51:34,594] {processor.py:163} INFO - Started process (PID=1902) to work on /home/airflow/.local/lib/python3.7/site-packages/airflow/example_dags/tutorial_etl_dag.py
[2022-05-07 13:51:34,598] {processor.py:642} INFO - Processing file /home/airflow/.local/lib/python3.7/site-packages/airflow/example_dags/tutorial_etl_dag.py for tasks to queue
[2022-05-07 13:51:34,600] {logging_mixin.py:109} INFO - [2022-05-07 13:51:34,600] {dagbag.py:500} INFO - Filling up the DagBag from /home/airflow/.local/lib/python3.7/site-packages/airflow/example_dags/tutorial_etl_dag.py
[2022-05-07 13:51:34,639] {processor.py:652} INFO - DAG(s) dict_keys(['tutorial_etl_dag']) retrieved from /home/airflow/.local/lib/python3.7/site-packages/airflow/example_dags/tutorial_etl_dag.py
[2022-05-07 13:51:34,684] {logging_mixin.py:109} INFO - [2022-05-07 13:51:34,684] {dag.py:2398} INFO - Sync 1 DAGs
[2022-05-07 13:51:34,715] {logging_mixin.py:109} INFO - [2022-05-07 13:51:34,714] {dag.py:2937} INFO - Setting next_dagrun for tutorial_etl_dag to None
[2022-05-07 13:51:34,743] {processor.py:171} INFO - Processing /home/airflow/.local/lib/python3.7/site-packages/airflow/example_dags/tutorial_etl_dag.py took 0.154 seconds
[2022-05-07 13:52:05,064] {processor.py:163} INFO - Started process (PID=1955) to work on /home/airflow/.local/lib/python3.7/site-packages/airflow/example_dags/tutorial_etl_dag.py
[2022-05-07 13:52:05,068] {processor.py:642} INFO - Processing file /home/airflow/.local/lib/python3.7/site-packages/airflow/example_dags/tutorial_etl_dag.py for tasks to queue
[2022-05-07 13:52:05,070] {logging_mixin.py:109} INFO - [2022-05-07 13:52:05,070] {dagbag.py:500} INFO - Filling up the DagBag from /home/airflow/.local/lib/python3.7/site-packages/airflow/example_dags/tutorial_etl_dag.py
[2022-05-07 13:52:05,099] {processor.py:652} INFO - DAG(s) dict_keys(['tutorial_etl_dag']) retrieved from /home/airflow/.local/lib/python3.7/site-packages/airflow/example_dags/tutorial_etl_dag.py
[2022-05-07 13:52:05,132] {logging_mixin.py:109} INFO - [2022-05-07 13:52:05,132] {dag.py:2398} INFO - Sync 1 DAGs
[2022-05-07 13:52:05,155] {logging_mixin.py:109} INFO - [2022-05-07 13:52:05,155] {dag.py:2937} INFO - Setting next_dagrun for tutorial_etl_dag to None
[2022-05-07 13:52:05,172] {processor.py:171} INFO - Processing /home/airflow/.local/lib/python3.7/site-packages/airflow/example_dags/tutorial_etl_dag.py took 0.113 seconds
[2022-05-07 13:52:35,392] {processor.py:163} INFO - Started process (PID=2011) to work on /home/airflow/.local/lib/python3.7/site-packages/airflow/example_dags/tutorial_etl_dag.py
[2022-05-07 13:52:35,396] {processor.py:642} INFO - Processing file /home/airflow/.local/lib/python3.7/site-packages/airflow/example_dags/tutorial_etl_dag.py for tasks to queue
[2022-05-07 13:52:35,399] {logging_mixin.py:109} INFO - [2022-05-07 13:52:35,398] {dagbag.py:500} INFO - Filling up the DagBag from /home/airflow/.local/lib/python3.7/site-packages/airflow/example_dags/tutorial_etl_dag.py
[2022-05-07 13:52:35,424] {processor.py:652} INFO - DAG(s) dict_keys(['tutorial_etl_dag']) retrieved from /home/airflow/.local/lib/python3.7/site-packages/airflow/example_dags/tutorial_etl_dag.py
[2022-05-07 13:52:35,456] {logging_mixin.py:109} INFO - [2022-05-07 13:52:35,455] {dag.py:2398} INFO - Sync 1 DAGs
[2022-05-07 13:52:35,480] {logging_mixin.py:109} INFO - [2022-05-07 13:52:35,479] {dag.py:2937} INFO - Setting next_dagrun for tutorial_etl_dag to None
[2022-05-07 13:52:35,503] {processor.py:171} INFO - Processing /home/airflow/.local/lib/python3.7/site-packages/airflow/example_dags/tutorial_etl_dag.py took 0.118 seconds
[2022-05-07 13:53:05,701] {processor.py:163} INFO - Started process (PID=2066) to work on /home/airflow/.local/lib/python3.7/site-packages/airflow/example_dags/tutorial_etl_dag.py
[2022-05-07 13:53:05,708] {processor.py:642} INFO - Processing file /home/airflow/.local/lib/python3.7/site-packages/airflow/example_dags/tutorial_etl_dag.py for tasks to queue
[2022-05-07 13:53:05,713] {logging_mixin.py:109} INFO - [2022-05-07 13:53:05,712] {dagbag.py:500} INFO - Filling up the DagBag from /home/airflow/.local/lib/python3.7/site-packages/airflow/example_dags/tutorial_etl_dag.py
[2022-05-07 13:53:05,750] {processor.py:652} INFO - DAG(s) dict_keys(['tutorial_etl_dag']) retrieved from /home/airflow/.local/lib/python3.7/site-packages/airflow/example_dags/tutorial_etl_dag.py
[2022-05-07 13:53:05,800] {logging_mixin.py:109} INFO - [2022-05-07 13:53:05,800] {dag.py:2398} INFO - Sync 1 DAGs
[2022-05-07 13:53:05,842] {logging_mixin.py:109} INFO - [2022-05-07 13:53:05,842] {dag.py:2937} INFO - Setting next_dagrun for tutorial_etl_dag to None
[2022-05-07 13:53:05,885] {processor.py:171} INFO - Processing /home/airflow/.local/lib/python3.7/site-packages/airflow/example_dags/tutorial_etl_dag.py took 0.209 seconds
[2022-05-07 13:53:36,176] {processor.py:163} INFO - Started process (PID=2133) to work on /home/airflow/.local/lib/python3.7/site-packages/airflow/example_dags/tutorial_etl_dag.py
[2022-05-07 13:53:36,180] {processor.py:642} INFO - Processing file /home/airflow/.local/lib/python3.7/site-packages/airflow/example_dags/tutorial_etl_dag.py for tasks to queue
[2022-05-07 13:53:36,191] {logging_mixin.py:109} INFO - [2022-05-07 13:53:36,191] {dagbag.py:500} INFO - Filling up the DagBag from /home/airflow/.local/lib/python3.7/site-packages/airflow/example_dags/tutorial_etl_dag.py
[2022-05-07 13:53:36,243] {processor.py:652} INFO - DAG(s) dict_keys(['tutorial_etl_dag']) retrieved from /home/airflow/.local/lib/python3.7/site-packages/airflow/example_dags/tutorial_etl_dag.py
[2022-05-07 13:53:36,289] {logging_mixin.py:109} INFO - [2022-05-07 13:53:36,289] {dag.py:2398} INFO - Sync 1 DAGs
[2022-05-07 13:53:36,330] {logging_mixin.py:109} INFO - [2022-05-07 13:53:36,330] {dag.py:2937} INFO - Setting next_dagrun for tutorial_etl_dag to None
[2022-05-07 13:53:36,365] {processor.py:171} INFO - Processing /home/airflow/.local/lib/python3.7/site-packages/airflow/example_dags/tutorial_etl_dag.py took 0.195 seconds
[2022-05-07 13:54:06,524] {processor.py:163} INFO - Started process (PID=2186) to work on /home/airflow/.local/lib/python3.7/site-packages/airflow/example_dags/tutorial_etl_dag.py
[2022-05-07 13:54:06,531] {processor.py:642} INFO - Processing file /home/airflow/.local/lib/python3.7/site-packages/airflow/example_dags/tutorial_etl_dag.py for tasks to queue
[2022-05-07 13:54:06,534] {logging_mixin.py:109} INFO - [2022-05-07 13:54:06,533] {dagbag.py:500} INFO - Filling up the DagBag from /home/airflow/.local/lib/python3.7/site-packages/airflow/example_dags/tutorial_etl_dag.py
[2022-05-07 13:54:06,563] {processor.py:652} INFO - DAG(s) dict_keys(['tutorial_etl_dag']) retrieved from /home/airflow/.local/lib/python3.7/site-packages/airflow/example_dags/tutorial_etl_dag.py
[2022-05-07 13:54:06,603] {logging_mixin.py:109} INFO - [2022-05-07 13:54:06,602] {dag.py:2398} INFO - Sync 1 DAGs
[2022-05-07 13:54:06,629] {logging_mixin.py:109} INFO - [2022-05-07 13:54:06,629] {dag.py:2937} INFO - Setting next_dagrun for tutorial_etl_dag to None
[2022-05-07 13:54:06,653] {processor.py:171} INFO - Processing /home/airflow/.local/lib/python3.7/site-packages/airflow/example_dags/tutorial_etl_dag.py took 0.142 seconds
[2022-05-07 13:54:37,329] {processor.py:163} INFO - Started process (PID=2237) to work on /home/airflow/.local/lib/python3.7/site-packages/airflow/example_dags/tutorial_etl_dag.py
[2022-05-07 13:54:37,339] {processor.py:642} INFO - Processing file /home/airflow/.local/lib/python3.7/site-packages/airflow/example_dags/tutorial_etl_dag.py for tasks to queue
[2022-05-07 13:54:37,342] {logging_mixin.py:109} INFO - [2022-05-07 13:54:37,342] {dagbag.py:500} INFO - Filling up the DagBag from /home/airflow/.local/lib/python3.7/site-packages/airflow/example_dags/tutorial_etl_dag.py
[2022-05-07 13:54:37,371] {processor.py:652} INFO - DAG(s) dict_keys(['tutorial_etl_dag']) retrieved from /home/airflow/.local/lib/python3.7/site-packages/airflow/example_dags/tutorial_etl_dag.py
[2022-05-07 13:54:37,410] {logging_mixin.py:109} INFO - [2022-05-07 13:54:37,410] {dag.py:2398} INFO - Sync 1 DAGs
[2022-05-07 13:54:37,439] {logging_mixin.py:109} INFO - [2022-05-07 13:54:37,438] {dag.py:2937} INFO - Setting next_dagrun for tutorial_etl_dag to None
[2022-05-07 13:54:37,460] {processor.py:171} INFO - Processing /home/airflow/.local/lib/python3.7/site-packages/airflow/example_dags/tutorial_etl_dag.py took 0.139 seconds
[2022-05-07 13:55:07,956] {processor.py:163} INFO - Started process (PID=2290) to work on /home/airflow/.local/lib/python3.7/site-packages/airflow/example_dags/tutorial_etl_dag.py
[2022-05-07 13:55:07,961] {processor.py:642} INFO - Processing file /home/airflow/.local/lib/python3.7/site-packages/airflow/example_dags/tutorial_etl_dag.py for tasks to queue
[2022-05-07 13:55:07,966] {logging_mixin.py:109} INFO - [2022-05-07 13:55:07,964] {dagbag.py:500} INFO - Filling up the DagBag from /home/airflow/.local/lib/python3.7/site-packages/airflow/example_dags/tutorial_etl_dag.py
[2022-05-07 13:55:08,009] {processor.py:652} INFO - DAG(s) dict_keys(['tutorial_etl_dag']) retrieved from /home/airflow/.local/lib/python3.7/site-packages/airflow/example_dags/tutorial_etl_dag.py
[2022-05-07 13:55:08,056] {logging_mixin.py:109} INFO - [2022-05-07 13:55:08,055] {dag.py:2398} INFO - Sync 1 DAGs
[2022-05-07 13:55:08,078] {logging_mixin.py:109} INFO - [2022-05-07 13:55:08,078] {dag.py:2937} INFO - Setting next_dagrun for tutorial_etl_dag to None
[2022-05-07 13:55:08,095] {processor.py:171} INFO - Processing /home/airflow/.local/lib/python3.7/site-packages/airflow/example_dags/tutorial_etl_dag.py took 0.144 seconds
[2022-05-07 13:55:38,339] {processor.py:163} INFO - Started process (PID=2353) to work on /home/airflow/.local/lib/python3.7/site-packages/airflow/example_dags/tutorial_etl_dag.py
[2022-05-07 13:55:38,342] {processor.py:642} INFO - Processing file /home/airflow/.local/lib/python3.7/site-packages/airflow/example_dags/tutorial_etl_dag.py for tasks to queue
[2022-05-07 13:55:38,345] {logging_mixin.py:109} INFO - [2022-05-07 13:55:38,344] {dagbag.py:500} INFO - Filling up the DagBag from /home/airflow/.local/lib/python3.7/site-packages/airflow/example_dags/tutorial_etl_dag.py
[2022-05-07 13:55:38,376] {processor.py:652} INFO - DAG(s) dict_keys(['tutorial_etl_dag']) retrieved from /home/airflow/.local/lib/python3.7/site-packages/airflow/example_dags/tutorial_etl_dag.py
[2022-05-07 13:55:38,413] {logging_mixin.py:109} INFO - [2022-05-07 13:55:38,413] {dag.py:2398} INFO - Sync 1 DAGs
[2022-05-07 13:55:38,441] {logging_mixin.py:109} INFO - [2022-05-07 13:55:38,441] {dag.py:2937} INFO - Setting next_dagrun for tutorial_etl_dag to None
[2022-05-07 13:55:38,464] {processor.py:171} INFO - Processing /home/airflow/.local/lib/python3.7/site-packages/airflow/example_dags/tutorial_etl_dag.py took 0.134 seconds
[2022-05-07 13:56:08,548] {processor.py:163} INFO - Started process (PID=2404) to work on /home/airflow/.local/lib/python3.7/site-packages/airflow/example_dags/tutorial_etl_dag.py
[2022-05-07 13:56:08,552] {processor.py:642} INFO - Processing file /home/airflow/.local/lib/python3.7/site-packages/airflow/example_dags/tutorial_etl_dag.py for tasks to queue
[2022-05-07 13:56:08,554] {logging_mixin.py:109} INFO - [2022-05-07 13:56:08,554] {dagbag.py:500} INFO - Filling up the DagBag from /home/airflow/.local/lib/python3.7/site-packages/airflow/example_dags/tutorial_etl_dag.py
[2022-05-07 13:56:08,586] {processor.py:652} INFO - DAG(s) dict_keys(['tutorial_etl_dag']) retrieved from /home/airflow/.local/lib/python3.7/site-packages/airflow/example_dags/tutorial_etl_dag.py
[2022-05-07 13:56:08,637] {logging_mixin.py:109} INFO - [2022-05-07 13:56:08,636] {dag.py:2398} INFO - Sync 1 DAGs
[2022-05-07 13:56:08,673] {logging_mixin.py:109} INFO - [2022-05-07 13:56:08,673] {dag.py:2937} INFO - Setting next_dagrun for tutorial_etl_dag to None
[2022-05-07 13:56:08,694] {processor.py:171} INFO - Processing /home/airflow/.local/lib/python3.7/site-packages/airflow/example_dags/tutorial_etl_dag.py took 0.152 seconds
[2022-05-07 13:56:39,008] {processor.py:163} INFO - Started process (PID=2456) to work on /home/airflow/.local/lib/python3.7/site-packages/airflow/example_dags/tutorial_etl_dag.py
[2022-05-07 13:56:39,012] {processor.py:642} INFO - Processing file /home/airflow/.local/lib/python3.7/site-packages/airflow/example_dags/tutorial_etl_dag.py for tasks to queue
[2022-05-07 13:56:39,014] {logging_mixin.py:109} INFO - [2022-05-07 13:56:39,014] {dagbag.py:500} INFO - Filling up the DagBag from /home/airflow/.local/lib/python3.7/site-packages/airflow/example_dags/tutorial_etl_dag.py
[2022-05-07 13:56:39,041] {processor.py:652} INFO - DAG(s) dict_keys(['tutorial_etl_dag']) retrieved from /home/airflow/.local/lib/python3.7/site-packages/airflow/example_dags/tutorial_etl_dag.py
[2022-05-07 13:56:39,076] {logging_mixin.py:109} INFO - [2022-05-07 13:56:39,076] {dag.py:2398} INFO - Sync 1 DAGs
[2022-05-07 13:56:39,099] {logging_mixin.py:109} INFO - [2022-05-07 13:56:39,099] {dag.py:2937} INFO - Setting next_dagrun for tutorial_etl_dag to None
[2022-05-07 13:56:39,119] {processor.py:171} INFO - Processing /home/airflow/.local/lib/python3.7/site-packages/airflow/example_dags/tutorial_etl_dag.py took 0.124 seconds
[2022-05-07 13:57:10,228] {processor.py:163} INFO - Started process (PID=2509) to work on /home/airflow/.local/lib/python3.7/site-packages/airflow/example_dags/tutorial_etl_dag.py
[2022-05-07 13:57:10,250] {processor.py:642} INFO - Processing file /home/airflow/.local/lib/python3.7/site-packages/airflow/example_dags/tutorial_etl_dag.py for tasks to queue
[2022-05-07 13:57:10,280] {logging_mixin.py:109} INFO - [2022-05-07 13:57:10,269] {dagbag.py:500} INFO - Filling up the DagBag from /home/airflow/.local/lib/python3.7/site-packages/airflow/example_dags/tutorial_etl_dag.py
[2022-05-07 13:57:10,542] {processor.py:652} INFO - DAG(s) dict_keys(['tutorial_etl_dag']) retrieved from /home/airflow/.local/lib/python3.7/site-packages/airflow/example_dags/tutorial_etl_dag.py
[2022-05-07 13:57:10,750] {logging_mixin.py:109} INFO - [2022-05-07 13:57:10,748] {dag.py:2398} INFO - Sync 1 DAGs
[2022-05-07 13:57:10,871] {logging_mixin.py:109} INFO - [2022-05-07 13:57:10,871] {dag.py:2937} INFO - Setting next_dagrun for tutorial_etl_dag to None
[2022-05-07 13:57:10,909] {processor.py:171} INFO - Processing /home/airflow/.local/lib/python3.7/site-packages/airflow/example_dags/tutorial_etl_dag.py took 0.817 seconds
