[2022-05-07 13:33:03,352] {processor.py:163} INFO - Started process (PID=39) to work on /home/airflow/.local/lib/python3.7/site-packages/airflow/example_dags/tutorial.py
[2022-05-07 13:33:03,387] {processor.py:642} INFO - Processing file /home/airflow/.local/lib/python3.7/site-packages/airflow/example_dags/tutorial.py for tasks to queue
[2022-05-07 13:33:03,406] {logging_mixin.py:109} INFO - [2022-05-07 13:33:03,403] {dagbag.py:500} INFO - Filling up the DagBag from /home/airflow/.local/lib/python3.7/site-packages/airflow/example_dags/tutorial.py
[2022-05-07 13:33:03,720] {processor.py:652} INFO - DAG(s) dict_keys(['tutorial']) retrieved from /home/airflow/.local/lib/python3.7/site-packages/airflow/example_dags/tutorial.py
[2022-05-07 13:33:30,997] {logging_mixin.py:109} INFO - [2022-05-07 13:33:30,997] {manager.py:496} INFO - Created Permission View: can edit on DAG:tutorial
[2022-05-07 13:33:31,043] {logging_mixin.py:109} INFO - [2022-05-07 13:33:31,043] {manager.py:496} INFO - Created Permission View: can read on DAG:tutorial
[2022-05-07 13:33:31,048] {logging_mixin.py:109} INFO - [2022-05-07 13:33:31,046] {dag.py:2398} INFO - Sync 1 DAGs
[2022-05-07 13:33:31,081] {logging_mixin.py:109} INFO - [2022-05-07 13:33:31,081] {dag.py:2417} INFO - Creating ORM DAG for tutorial
[2022-05-07 13:33:31,108] {logging_mixin.py:109} INFO - [2022-05-07 13:33:31,108] {dag.py:2937} INFO - Setting next_dagrun for tutorial to 2022-05-06T13:33:31.108124+00:00
[2022-05-07 13:33:31,163] {processor.py:171} INFO - Processing /home/airflow/.local/lib/python3.7/site-packages/airflow/example_dags/tutorial.py took 27.896 seconds
[2022-05-07 13:34:36,154] {processor.py:163} INFO - Started process (PID=248) to work on /home/airflow/.local/lib/python3.7/site-packages/airflow/example_dags/tutorial.py
[2022-05-07 13:34:36,164] {processor.py:642} INFO - Processing file /home/airflow/.local/lib/python3.7/site-packages/airflow/example_dags/tutorial.py for tasks to queue
[2022-05-07 13:34:36,170] {logging_mixin.py:109} INFO - [2022-05-07 13:34:36,169] {dagbag.py:500} INFO - Filling up the DagBag from /home/airflow/.local/lib/python3.7/site-packages/airflow/example_dags/tutorial.py
[2022-05-07 13:34:36,210] {processor.py:652} INFO - DAG(s) dict_keys(['tutorial']) retrieved from /home/airflow/.local/lib/python3.7/site-packages/airflow/example_dags/tutorial.py
[2022-05-07 13:34:36,258] {logging_mixin.py:109} INFO - [2022-05-07 13:34:36,258] {dag.py:2398} INFO - Sync 1 DAGs
[2022-05-07 13:34:36,314] {logging_mixin.py:109} INFO - [2022-05-07 13:34:36,314] {dag.py:2937} INFO - Setting next_dagrun for tutorial to 2022-05-06T13:34:36.314153+00:00
[2022-05-07 13:34:36,342] {processor.py:171} INFO - Processing /home/airflow/.local/lib/python3.7/site-packages/airflow/example_dags/tutorial.py took 0.202 seconds
[2022-05-07 13:35:06,891] {processor.py:163} INFO - Started process (PID=302) to work on /home/airflow/.local/lib/python3.7/site-packages/airflow/example_dags/tutorial.py
[2022-05-07 13:35:06,897] {processor.py:642} INFO - Processing file /home/airflow/.local/lib/python3.7/site-packages/airflow/example_dags/tutorial.py for tasks to queue
[2022-05-07 13:35:06,901] {logging_mixin.py:109} INFO - [2022-05-07 13:35:06,900] {dagbag.py:500} INFO - Filling up the DagBag from /home/airflow/.local/lib/python3.7/site-packages/airflow/example_dags/tutorial.py
[2022-05-07 13:35:06,932] {processor.py:652} INFO - DAG(s) dict_keys(['tutorial']) retrieved from /home/airflow/.local/lib/python3.7/site-packages/airflow/example_dags/tutorial.py
[2022-05-07 13:35:06,984] {logging_mixin.py:109} INFO - [2022-05-07 13:35:06,984] {dag.py:2398} INFO - Sync 1 DAGs
[2022-05-07 13:35:07,016] {logging_mixin.py:109} INFO - [2022-05-07 13:35:07,016] {dag.py:2937} INFO - Setting next_dagrun for tutorial to 2022-05-06T13:35:07.016331+00:00
[2022-05-07 13:35:07,037] {processor.py:171} INFO - Processing /home/airflow/.local/lib/python3.7/site-packages/airflow/example_dags/tutorial.py took 0.157 seconds
[2022-05-07 13:35:37,395] {processor.py:163} INFO - Started process (PID=349) to work on /home/airflow/.local/lib/python3.7/site-packages/airflow/example_dags/tutorial.py
[2022-05-07 13:35:37,399] {processor.py:642} INFO - Processing file /home/airflow/.local/lib/python3.7/site-packages/airflow/example_dags/tutorial.py for tasks to queue
[2022-05-07 13:35:37,401] {logging_mixin.py:109} INFO - [2022-05-07 13:35:37,401] {dagbag.py:500} INFO - Filling up the DagBag from /home/airflow/.local/lib/python3.7/site-packages/airflow/example_dags/tutorial.py
[2022-05-07 13:35:37,438] {processor.py:652} INFO - DAG(s) dict_keys(['tutorial']) retrieved from /home/airflow/.local/lib/python3.7/site-packages/airflow/example_dags/tutorial.py
[2022-05-07 13:35:37,502] {logging_mixin.py:109} INFO - [2022-05-07 13:35:37,502] {dag.py:2398} INFO - Sync 1 DAGs
[2022-05-07 13:35:37,554] {logging_mixin.py:109} INFO - [2022-05-07 13:35:37,554] {dag.py:2937} INFO - Setting next_dagrun for tutorial to 2022-05-06T13:35:37.553321+00:00
[2022-05-07 13:35:37,586] {processor.py:171} INFO - Processing /home/airflow/.local/lib/python3.7/site-packages/airflow/example_dags/tutorial.py took 0.196 seconds
[2022-05-07 13:36:07,770] {processor.py:163} INFO - Started process (PID=399) to work on /home/airflow/.local/lib/python3.7/site-packages/airflow/example_dags/tutorial.py
[2022-05-07 13:36:07,777] {processor.py:642} INFO - Processing file /home/airflow/.local/lib/python3.7/site-packages/airflow/example_dags/tutorial.py for tasks to queue
[2022-05-07 13:36:07,782] {logging_mixin.py:109} INFO - [2022-05-07 13:36:07,781] {dagbag.py:500} INFO - Filling up the DagBag from /home/airflow/.local/lib/python3.7/site-packages/airflow/example_dags/tutorial.py
[2022-05-07 13:36:07,827] {processor.py:652} INFO - DAG(s) dict_keys(['tutorial']) retrieved from /home/airflow/.local/lib/python3.7/site-packages/airflow/example_dags/tutorial.py
[2022-05-07 13:36:07,881] {logging_mixin.py:109} INFO - [2022-05-07 13:36:07,880] {dag.py:2398} INFO - Sync 1 DAGs
[2022-05-07 13:36:07,914] {logging_mixin.py:109} INFO - [2022-05-07 13:36:07,914] {dag.py:2937} INFO - Setting next_dagrun for tutorial to 2022-05-06T13:36:07.914336+00:00
[2022-05-07 13:36:07,937] {processor.py:171} INFO - Processing /home/airflow/.local/lib/python3.7/site-packages/airflow/example_dags/tutorial.py took 0.178 seconds
[2022-05-07 13:36:38,145] {processor.py:163} INFO - Started process (PID=451) to work on /home/airflow/.local/lib/python3.7/site-packages/airflow/example_dags/tutorial.py
[2022-05-07 13:36:38,153] {processor.py:642} INFO - Processing file /home/airflow/.local/lib/python3.7/site-packages/airflow/example_dags/tutorial.py for tasks to queue
[2022-05-07 13:36:38,158] {logging_mixin.py:109} INFO - [2022-05-07 13:36:38,157] {dagbag.py:500} INFO - Filling up the DagBag from /home/airflow/.local/lib/python3.7/site-packages/airflow/example_dags/tutorial.py
[2022-05-07 13:36:38,227] {processor.py:652} INFO - DAG(s) dict_keys(['tutorial']) retrieved from /home/airflow/.local/lib/python3.7/site-packages/airflow/example_dags/tutorial.py
[2022-05-07 13:36:38,369] {logging_mixin.py:109} INFO - [2022-05-07 13:36:38,369] {dag.py:2398} INFO - Sync 1 DAGs
[2022-05-07 13:36:38,482] {logging_mixin.py:109} INFO - [2022-05-07 13:36:38,482] {dag.py:2937} INFO - Setting next_dagrun for tutorial to 2022-05-06T13:36:38.481680+00:00
[2022-05-07 13:36:38,559] {processor.py:171} INFO - Processing /home/airflow/.local/lib/python3.7/site-packages/airflow/example_dags/tutorial.py took 0.423 seconds
[2022-05-07 13:37:08,886] {processor.py:163} INFO - Started process (PID=502) to work on /home/airflow/.local/lib/python3.7/site-packages/airflow/example_dags/tutorial.py
[2022-05-07 13:37:08,891] {processor.py:642} INFO - Processing file /home/airflow/.local/lib/python3.7/site-packages/airflow/example_dags/tutorial.py for tasks to queue
[2022-05-07 13:37:08,893] {logging_mixin.py:109} INFO - [2022-05-07 13:37:08,893] {dagbag.py:500} INFO - Filling up the DagBag from /home/airflow/.local/lib/python3.7/site-packages/airflow/example_dags/tutorial.py
[2022-05-07 13:37:08,918] {processor.py:652} INFO - DAG(s) dict_keys(['tutorial']) retrieved from /home/airflow/.local/lib/python3.7/site-packages/airflow/example_dags/tutorial.py
[2022-05-07 13:37:08,957] {logging_mixin.py:109} INFO - [2022-05-07 13:37:08,956] {dag.py:2398} INFO - Sync 1 DAGs
[2022-05-07 13:37:08,985] {logging_mixin.py:109} INFO - [2022-05-07 13:37:08,985] {dag.py:2937} INFO - Setting next_dagrun for tutorial to 2022-05-06T13:37:08.984615+00:00
[2022-05-07 13:37:09,001] {processor.py:171} INFO - Processing /home/airflow/.local/lib/python3.7/site-packages/airflow/example_dags/tutorial.py took 0.126 seconds
[2022-05-07 13:37:39,180] {processor.py:163} INFO - Started process (PID=556) to work on /home/airflow/.local/lib/python3.7/site-packages/airflow/example_dags/tutorial.py
[2022-05-07 13:37:39,183] {processor.py:642} INFO - Processing file /home/airflow/.local/lib/python3.7/site-packages/airflow/example_dags/tutorial.py for tasks to queue
[2022-05-07 13:37:39,185] {logging_mixin.py:109} INFO - [2022-05-07 13:37:39,185] {dagbag.py:500} INFO - Filling up the DagBag from /home/airflow/.local/lib/python3.7/site-packages/airflow/example_dags/tutorial.py
[2022-05-07 13:37:39,214] {processor.py:652} INFO - DAG(s) dict_keys(['tutorial']) retrieved from /home/airflow/.local/lib/python3.7/site-packages/airflow/example_dags/tutorial.py
[2022-05-07 13:37:39,257] {logging_mixin.py:109} INFO - [2022-05-07 13:37:39,257] {dag.py:2398} INFO - Sync 1 DAGs
[2022-05-07 13:37:39,289] {logging_mixin.py:109} INFO - [2022-05-07 13:37:39,289] {dag.py:2937} INFO - Setting next_dagrun for tutorial to 2022-05-06T13:37:39.289105+00:00
[2022-05-07 13:37:39,308] {processor.py:171} INFO - Processing /home/airflow/.local/lib/python3.7/site-packages/airflow/example_dags/tutorial.py took 0.135 seconds
[2022-05-07 13:38:09,702] {processor.py:163} INFO - Started process (PID=608) to work on /home/airflow/.local/lib/python3.7/site-packages/airflow/example_dags/tutorial.py
[2022-05-07 13:38:09,707] {processor.py:642} INFO - Processing file /home/airflow/.local/lib/python3.7/site-packages/airflow/example_dags/tutorial.py for tasks to queue
[2022-05-07 13:38:09,710] {logging_mixin.py:109} INFO - [2022-05-07 13:38:09,709] {dagbag.py:500} INFO - Filling up the DagBag from /home/airflow/.local/lib/python3.7/site-packages/airflow/example_dags/tutorial.py
[2022-05-07 13:38:09,733] {processor.py:652} INFO - DAG(s) dict_keys(['tutorial']) retrieved from /home/airflow/.local/lib/python3.7/site-packages/airflow/example_dags/tutorial.py
[2022-05-07 13:38:09,770] {logging_mixin.py:109} INFO - [2022-05-07 13:38:09,770] {dag.py:2398} INFO - Sync 1 DAGs
[2022-05-07 13:38:09,796] {logging_mixin.py:109} INFO - [2022-05-07 13:38:09,796] {dag.py:2937} INFO - Setting next_dagrun for tutorial to 2022-05-06T13:38:09.795612+00:00
[2022-05-07 13:38:09,814] {processor.py:171} INFO - Processing /home/airflow/.local/lib/python3.7/site-packages/airflow/example_dags/tutorial.py took 0.118 seconds
[2022-05-07 13:38:40,206] {processor.py:163} INFO - Started process (PID=660) to work on /home/airflow/.local/lib/python3.7/site-packages/airflow/example_dags/tutorial.py
[2022-05-07 13:38:40,213] {processor.py:642} INFO - Processing file /home/airflow/.local/lib/python3.7/site-packages/airflow/example_dags/tutorial.py for tasks to queue
[2022-05-07 13:38:40,217] {logging_mixin.py:109} INFO - [2022-05-07 13:38:40,217] {dagbag.py:500} INFO - Filling up the DagBag from /home/airflow/.local/lib/python3.7/site-packages/airflow/example_dags/tutorial.py
[2022-05-07 13:38:40,282] {processor.py:652} INFO - DAG(s) dict_keys(['tutorial']) retrieved from /home/airflow/.local/lib/python3.7/site-packages/airflow/example_dags/tutorial.py
[2022-05-07 13:38:40,408] {logging_mixin.py:109} INFO - [2022-05-07 13:38:40,408] {dag.py:2398} INFO - Sync 1 DAGs
[2022-05-07 13:38:40,500] {logging_mixin.py:109} INFO - [2022-05-07 13:38:40,499] {dag.py:2937} INFO - Setting next_dagrun for tutorial to 2022-05-06T13:38:40.495526+00:00
[2022-05-07 13:38:40,556] {processor.py:171} INFO - Processing /home/airflow/.local/lib/python3.7/site-packages/airflow/example_dags/tutorial.py took 0.362 seconds
[2022-05-07 13:39:10,660] {processor.py:163} INFO - Started process (PID=714) to work on /home/airflow/.local/lib/python3.7/site-packages/airflow/example_dags/tutorial.py
[2022-05-07 13:39:10,667] {processor.py:642} INFO - Processing file /home/airflow/.local/lib/python3.7/site-packages/airflow/example_dags/tutorial.py for tasks to queue
[2022-05-07 13:39:10,671] {logging_mixin.py:109} INFO - [2022-05-07 13:39:10,671] {dagbag.py:500} INFO - Filling up the DagBag from /home/airflow/.local/lib/python3.7/site-packages/airflow/example_dags/tutorial.py
[2022-05-07 13:39:10,704] {processor.py:652} INFO - DAG(s) dict_keys(['tutorial']) retrieved from /home/airflow/.local/lib/python3.7/site-packages/airflow/example_dags/tutorial.py
[2022-05-07 13:39:10,751] {logging_mixin.py:109} INFO - [2022-05-07 13:39:10,750] {dag.py:2398} INFO - Sync 1 DAGs
[2022-05-07 13:39:10,779] {logging_mixin.py:109} INFO - [2022-05-07 13:39:10,779] {dag.py:2937} INFO - Setting next_dagrun for tutorial to 2022-05-06T13:39:10.779172+00:00
[2022-05-07 13:39:10,805] {processor.py:171} INFO - Processing /home/airflow/.local/lib/python3.7/site-packages/airflow/example_dags/tutorial.py took 0.154 seconds
[2022-05-07 13:39:41,406] {processor.py:163} INFO - Started process (PID=765) to work on /home/airflow/.local/lib/python3.7/site-packages/airflow/example_dags/tutorial.py
[2022-05-07 13:39:41,409] {processor.py:642} INFO - Processing file /home/airflow/.local/lib/python3.7/site-packages/airflow/example_dags/tutorial.py for tasks to queue
[2022-05-07 13:39:41,411] {logging_mixin.py:109} INFO - [2022-05-07 13:39:41,411] {dagbag.py:500} INFO - Filling up the DagBag from /home/airflow/.local/lib/python3.7/site-packages/airflow/example_dags/tutorial.py
[2022-05-07 13:39:41,440] {processor.py:652} INFO - DAG(s) dict_keys(['tutorial']) retrieved from /home/airflow/.local/lib/python3.7/site-packages/airflow/example_dags/tutorial.py
[2022-05-07 13:39:41,479] {logging_mixin.py:109} INFO - [2022-05-07 13:39:41,479] {dag.py:2398} INFO - Sync 1 DAGs
[2022-05-07 13:39:41,519] {logging_mixin.py:109} INFO - [2022-05-07 13:39:41,518] {dag.py:2937} INFO - Setting next_dagrun for tutorial to 2022-05-06T13:39:41.516635+00:00
[2022-05-07 13:39:41,552] {processor.py:171} INFO - Processing /home/airflow/.local/lib/python3.7/site-packages/airflow/example_dags/tutorial.py took 0.151 seconds
[2022-05-07 13:40:11,746] {processor.py:163} INFO - Started process (PID=828) to work on /home/airflow/.local/lib/python3.7/site-packages/airflow/example_dags/tutorial.py
[2022-05-07 13:40:11,749] {processor.py:642} INFO - Processing file /home/airflow/.local/lib/python3.7/site-packages/airflow/example_dags/tutorial.py for tasks to queue
[2022-05-07 13:40:11,752] {logging_mixin.py:109} INFO - [2022-05-07 13:40:11,751] {dagbag.py:500} INFO - Filling up the DagBag from /home/airflow/.local/lib/python3.7/site-packages/airflow/example_dags/tutorial.py
[2022-05-07 13:40:11,779] {processor.py:652} INFO - DAG(s) dict_keys(['tutorial']) retrieved from /home/airflow/.local/lib/python3.7/site-packages/airflow/example_dags/tutorial.py
[2022-05-07 13:40:11,829] {logging_mixin.py:109} INFO - [2022-05-07 13:40:11,829] {dag.py:2398} INFO - Sync 1 DAGs
[2022-05-07 13:40:11,864] {logging_mixin.py:109} INFO - [2022-05-07 13:40:11,863] {dag.py:2937} INFO - Setting next_dagrun for tutorial to 2022-05-06T13:40:11.862961+00:00
[2022-05-07 13:40:11,893] {processor.py:171} INFO - Processing /home/airflow/.local/lib/python3.7/site-packages/airflow/example_dags/tutorial.py took 0.153 seconds
[2022-05-07 13:40:42,140] {processor.py:163} INFO - Started process (PID=882) to work on /home/airflow/.local/lib/python3.7/site-packages/airflow/example_dags/tutorial.py
[2022-05-07 13:40:42,144] {processor.py:642} INFO - Processing file /home/airflow/.local/lib/python3.7/site-packages/airflow/example_dags/tutorial.py for tasks to queue
[2022-05-07 13:40:42,146] {logging_mixin.py:109} INFO - [2022-05-07 13:40:42,145] {dagbag.py:500} INFO - Filling up the DagBag from /home/airflow/.local/lib/python3.7/site-packages/airflow/example_dags/tutorial.py
[2022-05-07 13:40:42,171] {processor.py:652} INFO - DAG(s) dict_keys(['tutorial']) retrieved from /home/airflow/.local/lib/python3.7/site-packages/airflow/example_dags/tutorial.py
[2022-05-07 13:40:42,211] {logging_mixin.py:109} INFO - [2022-05-07 13:40:42,210] {dag.py:2398} INFO - Sync 1 DAGs
[2022-05-07 13:40:42,248] {logging_mixin.py:109} INFO - [2022-05-07 13:40:42,248] {dag.py:2937} INFO - Setting next_dagrun for tutorial to 2022-05-06T13:40:42.247512+00:00
[2022-05-07 13:40:42,275] {processor.py:171} INFO - Processing /home/airflow/.local/lib/python3.7/site-packages/airflow/example_dags/tutorial.py took 0.142 seconds
[2022-05-07 13:41:12,401] {processor.py:163} INFO - Started process (PID=933) to work on /home/airflow/.local/lib/python3.7/site-packages/airflow/example_dags/tutorial.py
[2022-05-07 13:41:12,406] {processor.py:642} INFO - Processing file /home/airflow/.local/lib/python3.7/site-packages/airflow/example_dags/tutorial.py for tasks to queue
[2022-05-07 13:41:12,418] {logging_mixin.py:109} INFO - [2022-05-07 13:41:12,409] {dagbag.py:500} INFO - Filling up the DagBag from /home/airflow/.local/lib/python3.7/site-packages/airflow/example_dags/tutorial.py
[2022-05-07 13:41:12,483] {processor.py:652} INFO - DAG(s) dict_keys(['tutorial']) retrieved from /home/airflow/.local/lib/python3.7/site-packages/airflow/example_dags/tutorial.py
[2022-05-07 13:41:12,605] {logging_mixin.py:109} INFO - [2022-05-07 13:41:12,604] {dag.py:2398} INFO - Sync 1 DAGs
[2022-05-07 13:41:12,685] {logging_mixin.py:109} INFO - [2022-05-07 13:41:12,685] {dag.py:2937} INFO - Setting next_dagrun for tutorial to 2022-05-06T13:41:12.681659+00:00
[2022-05-07 13:41:12,756] {processor.py:171} INFO - Processing /home/airflow/.local/lib/python3.7/site-packages/airflow/example_dags/tutorial.py took 0.363 seconds
[2022-05-07 13:41:42,985] {processor.py:163} INFO - Started process (PID=982) to work on /home/airflow/.local/lib/python3.7/site-packages/airflow/example_dags/tutorial.py
[2022-05-07 13:41:42,990] {processor.py:642} INFO - Processing file /home/airflow/.local/lib/python3.7/site-packages/airflow/example_dags/tutorial.py for tasks to queue
[2022-05-07 13:41:42,993] {logging_mixin.py:109} INFO - [2022-05-07 13:41:42,993] {dagbag.py:500} INFO - Filling up the DagBag from /home/airflow/.local/lib/python3.7/site-packages/airflow/example_dags/tutorial.py
[2022-05-07 13:41:43,035] {processor.py:652} INFO - DAG(s) dict_keys(['tutorial']) retrieved from /home/airflow/.local/lib/python3.7/site-packages/airflow/example_dags/tutorial.py
[2022-05-07 13:41:43,092] {logging_mixin.py:109} INFO - [2022-05-07 13:41:43,092] {dag.py:2398} INFO - Sync 1 DAGs
[2022-05-07 13:41:43,138] {logging_mixin.py:109} INFO - [2022-05-07 13:41:43,137] {dag.py:2937} INFO - Setting next_dagrun for tutorial to 2022-05-06T13:41:43.137312+00:00
[2022-05-07 13:41:43,165] {processor.py:171} INFO - Processing /home/airflow/.local/lib/python3.7/site-packages/airflow/example_dags/tutorial.py took 0.190 seconds
[2022-05-07 13:42:13,639] {processor.py:163} INFO - Started process (PID=1034) to work on /home/airflow/.local/lib/python3.7/site-packages/airflow/example_dags/tutorial.py
[2022-05-07 13:42:13,642] {processor.py:642} INFO - Processing file /home/airflow/.local/lib/python3.7/site-packages/airflow/example_dags/tutorial.py for tasks to queue
[2022-05-07 13:42:13,644] {logging_mixin.py:109} INFO - [2022-05-07 13:42:13,644] {dagbag.py:500} INFO - Filling up the DagBag from /home/airflow/.local/lib/python3.7/site-packages/airflow/example_dags/tutorial.py
[2022-05-07 13:42:13,666] {processor.py:652} INFO - DAG(s) dict_keys(['tutorial']) retrieved from /home/airflow/.local/lib/python3.7/site-packages/airflow/example_dags/tutorial.py
[2022-05-07 13:42:13,701] {logging_mixin.py:109} INFO - [2022-05-07 13:42:13,701] {dag.py:2398} INFO - Sync 1 DAGs
[2022-05-07 13:42:13,730] {logging_mixin.py:109} INFO - [2022-05-07 13:42:13,730] {dag.py:2937} INFO - Setting next_dagrun for tutorial to 2022-05-06T13:42:13.729785+00:00
[2022-05-07 13:42:13,751] {processor.py:171} INFO - Processing /home/airflow/.local/lib/python3.7/site-packages/airflow/example_dags/tutorial.py took 0.117 seconds
[2022-05-07 13:42:44,199] {processor.py:163} INFO - Started process (PID=1087) to work on /home/airflow/.local/lib/python3.7/site-packages/airflow/example_dags/tutorial.py
[2022-05-07 13:42:44,202] {processor.py:642} INFO - Processing file /home/airflow/.local/lib/python3.7/site-packages/airflow/example_dags/tutorial.py for tasks to queue
[2022-05-07 13:42:44,204] {logging_mixin.py:109} INFO - [2022-05-07 13:42:44,203] {dagbag.py:500} INFO - Filling up the DagBag from /home/airflow/.local/lib/python3.7/site-packages/airflow/example_dags/tutorial.py
[2022-05-07 13:42:44,229] {processor.py:652} INFO - DAG(s) dict_keys(['tutorial']) retrieved from /home/airflow/.local/lib/python3.7/site-packages/airflow/example_dags/tutorial.py
[2022-05-07 13:42:44,264] {logging_mixin.py:109} INFO - [2022-05-07 13:42:44,263] {dag.py:2398} INFO - Sync 1 DAGs
[2022-05-07 13:42:44,289] {logging_mixin.py:109} INFO - [2022-05-07 13:42:44,288] {dag.py:2937} INFO - Setting next_dagrun for tutorial to 2022-05-06T13:42:44.288626+00:00
[2022-05-07 13:42:44,307] {processor.py:171} INFO - Processing /home/airflow/.local/lib/python3.7/site-packages/airflow/example_dags/tutorial.py took 0.116 seconds
[2022-05-07 13:43:14,992] {processor.py:163} INFO - Started process (PID=1140) to work on /home/airflow/.local/lib/python3.7/site-packages/airflow/example_dags/tutorial.py
[2022-05-07 13:43:15,003] {processor.py:642} INFO - Processing file /home/airflow/.local/lib/python3.7/site-packages/airflow/example_dags/tutorial.py for tasks to queue
[2022-05-07 13:43:15,020] {logging_mixin.py:109} INFO - [2022-05-07 13:43:15,019] {dagbag.py:500} INFO - Filling up the DagBag from /home/airflow/.local/lib/python3.7/site-packages/airflow/example_dags/tutorial.py
[2022-05-07 13:43:15,205] {processor.py:652} INFO - DAG(s) dict_keys(['tutorial']) retrieved from /home/airflow/.local/lib/python3.7/site-packages/airflow/example_dags/tutorial.py
[2022-05-07 13:43:15,307] {logging_mixin.py:109} INFO - [2022-05-07 13:43:15,307] {dag.py:2398} INFO - Sync 1 DAGs
[2022-05-07 13:43:15,391] {logging_mixin.py:109} INFO - [2022-05-07 13:43:15,391] {dag.py:2937} INFO - Setting next_dagrun for tutorial to 2022-05-06T13:43:15.391008+00:00
[2022-05-07 13:43:15,464] {processor.py:171} INFO - Processing /home/airflow/.local/lib/python3.7/site-packages/airflow/example_dags/tutorial.py took 0.492 seconds
[2022-05-07 13:43:46,501] {processor.py:163} INFO - Started process (PID=1192) to work on /home/airflow/.local/lib/python3.7/site-packages/airflow/example_dags/tutorial.py
[2022-05-07 13:43:46,509] {processor.py:642} INFO - Processing file /home/airflow/.local/lib/python3.7/site-packages/airflow/example_dags/tutorial.py for tasks to queue
[2022-05-07 13:43:46,512] {logging_mixin.py:109} INFO - [2022-05-07 13:43:46,512] {dagbag.py:500} INFO - Filling up the DagBag from /home/airflow/.local/lib/python3.7/site-packages/airflow/example_dags/tutorial.py
[2022-05-07 13:43:46,638] {processor.py:652} INFO - DAG(s) dict_keys(['tutorial']) retrieved from /home/airflow/.local/lib/python3.7/site-packages/airflow/example_dags/tutorial.py
[2022-05-07 13:43:46,743] {logging_mixin.py:109} INFO - [2022-05-07 13:43:46,743] {dag.py:2398} INFO - Sync 1 DAGs
[2022-05-07 13:43:46,820] {logging_mixin.py:109} INFO - [2022-05-07 13:43:46,819] {dag.py:2937} INFO - Setting next_dagrun for tutorial to 2022-05-06T13:43:46.817357+00:00
[2022-05-07 13:43:46,896] {processor.py:171} INFO - Processing /home/airflow/.local/lib/python3.7/site-packages/airflow/example_dags/tutorial.py took 0.420 seconds
[2022-05-07 13:44:17,146] {processor.py:163} INFO - Started process (PID=1245) to work on /home/airflow/.local/lib/python3.7/site-packages/airflow/example_dags/tutorial.py
[2022-05-07 13:44:17,153] {processor.py:642} INFO - Processing file /home/airflow/.local/lib/python3.7/site-packages/airflow/example_dags/tutorial.py for tasks to queue
[2022-05-07 13:44:17,178] {logging_mixin.py:109} INFO - [2022-05-07 13:44:17,177] {dagbag.py:500} INFO - Filling up the DagBag from /home/airflow/.local/lib/python3.7/site-packages/airflow/example_dags/tutorial.py
[2022-05-07 13:44:17,316] {processor.py:652} INFO - DAG(s) dict_keys(['tutorial']) retrieved from /home/airflow/.local/lib/python3.7/site-packages/airflow/example_dags/tutorial.py
[2022-05-07 13:44:17,392] {logging_mixin.py:109} INFO - [2022-05-07 13:44:17,392] {dag.py:2398} INFO - Sync 1 DAGs
[2022-05-07 13:44:17,522] {logging_mixin.py:109} INFO - [2022-05-07 13:44:17,522] {dag.py:2937} INFO - Setting next_dagrun for tutorial to 2022-05-06T13:44:17.519863+00:00
[2022-05-07 13:44:17,637] {processor.py:171} INFO - Processing /home/airflow/.local/lib/python3.7/site-packages/airflow/example_dags/tutorial.py took 0.510 seconds
[2022-05-07 13:44:47,765] {processor.py:163} INFO - Started process (PID=1297) to work on /home/airflow/.local/lib/python3.7/site-packages/airflow/example_dags/tutorial.py
[2022-05-07 13:44:47,771] {processor.py:642} INFO - Processing file /home/airflow/.local/lib/python3.7/site-packages/airflow/example_dags/tutorial.py for tasks to queue
[2022-05-07 13:44:47,785] {logging_mixin.py:109} INFO - [2022-05-07 13:44:47,784] {dagbag.py:500} INFO - Filling up the DagBag from /home/airflow/.local/lib/python3.7/site-packages/airflow/example_dags/tutorial.py
[2022-05-07 13:44:47,835] {processor.py:652} INFO - DAG(s) dict_keys(['tutorial']) retrieved from /home/airflow/.local/lib/python3.7/site-packages/airflow/example_dags/tutorial.py
[2022-05-07 13:44:47,883] {logging_mixin.py:109} INFO - [2022-05-07 13:44:47,883] {dag.py:2398} INFO - Sync 1 DAGs
[2022-05-07 13:44:48,015] {logging_mixin.py:109} INFO - [2022-05-07 13:44:48,015] {dag.py:2937} INFO - Setting next_dagrun for tutorial to 2022-05-06T13:44:48.014751+00:00
[2022-05-07 13:44:48,078] {processor.py:171} INFO - Processing /home/airflow/.local/lib/python3.7/site-packages/airflow/example_dags/tutorial.py took 0.330 seconds
[2022-05-07 13:45:18,182] {processor.py:163} INFO - Started process (PID=1357) to work on /home/airflow/.local/lib/python3.7/site-packages/airflow/example_dags/tutorial.py
[2022-05-07 13:45:18,185] {processor.py:642} INFO - Processing file /home/airflow/.local/lib/python3.7/site-packages/airflow/example_dags/tutorial.py for tasks to queue
[2022-05-07 13:45:18,187] {logging_mixin.py:109} INFO - [2022-05-07 13:45:18,187] {dagbag.py:500} INFO - Filling up the DagBag from /home/airflow/.local/lib/python3.7/site-packages/airflow/example_dags/tutorial.py
[2022-05-07 13:45:18,212] {processor.py:652} INFO - DAG(s) dict_keys(['tutorial']) retrieved from /home/airflow/.local/lib/python3.7/site-packages/airflow/example_dags/tutorial.py
[2022-05-07 13:45:18,251] {logging_mixin.py:109} INFO - [2022-05-07 13:45:18,251] {dag.py:2398} INFO - Sync 1 DAGs
[2022-05-07 13:45:18,279] {logging_mixin.py:109} INFO - [2022-05-07 13:45:18,279] {dag.py:2937} INFO - Setting next_dagrun for tutorial to 2022-05-06T13:45:18.279106+00:00
[2022-05-07 13:45:18,308] {processor.py:171} INFO - Processing /home/airflow/.local/lib/python3.7/site-packages/airflow/example_dags/tutorial.py took 0.131 seconds
[2022-05-07 13:45:48,954] {processor.py:163} INFO - Started process (PID=1410) to work on /home/airflow/.local/lib/python3.7/site-packages/airflow/example_dags/tutorial.py
[2022-05-07 13:45:48,959] {processor.py:642} INFO - Processing file /home/airflow/.local/lib/python3.7/site-packages/airflow/example_dags/tutorial.py for tasks to queue
[2022-05-07 13:45:48,962] {logging_mixin.py:109} INFO - [2022-05-07 13:45:48,962] {dagbag.py:500} INFO - Filling up the DagBag from /home/airflow/.local/lib/python3.7/site-packages/airflow/example_dags/tutorial.py
[2022-05-07 13:45:48,992] {processor.py:652} INFO - DAG(s) dict_keys(['tutorial']) retrieved from /home/airflow/.local/lib/python3.7/site-packages/airflow/example_dags/tutorial.py
[2022-05-07 13:45:49,073] {logging_mixin.py:109} INFO - [2022-05-07 13:45:49,073] {dag.py:2398} INFO - Sync 1 DAGs
[2022-05-07 13:45:49,114] {logging_mixin.py:109} INFO - [2022-05-07 13:45:49,114] {dag.py:2937} INFO - Setting next_dagrun for tutorial to 2022-05-06T13:45:49.113670+00:00
[2022-05-07 13:45:49,138] {processor.py:171} INFO - Processing /home/airflow/.local/lib/python3.7/site-packages/airflow/example_dags/tutorial.py took 0.192 seconds
[2022-05-07 13:46:19,286] {processor.py:163} INFO - Started process (PID=1462) to work on /home/airflow/.local/lib/python3.7/site-packages/airflow/example_dags/tutorial.py
[2022-05-07 13:46:19,289] {processor.py:642} INFO - Processing file /home/airflow/.local/lib/python3.7/site-packages/airflow/example_dags/tutorial.py for tasks to queue
[2022-05-07 13:46:19,292] {logging_mixin.py:109} INFO - [2022-05-07 13:46:19,292] {dagbag.py:500} INFO - Filling up the DagBag from /home/airflow/.local/lib/python3.7/site-packages/airflow/example_dags/tutorial.py
[2022-05-07 13:46:19,316] {processor.py:652} INFO - DAG(s) dict_keys(['tutorial']) retrieved from /home/airflow/.local/lib/python3.7/site-packages/airflow/example_dags/tutorial.py
[2022-05-07 13:46:19,358] {logging_mixin.py:109} INFO - [2022-05-07 13:46:19,358] {dag.py:2398} INFO - Sync 1 DAGs
[2022-05-07 13:46:19,395] {logging_mixin.py:109} INFO - [2022-05-07 13:46:19,395] {dag.py:2937} INFO - Setting next_dagrun for tutorial to 2022-05-06T13:46:19.395275+00:00
[2022-05-07 13:46:19,449] {processor.py:171} INFO - Processing /home/airflow/.local/lib/python3.7/site-packages/airflow/example_dags/tutorial.py took 0.168 seconds
[2022-05-07 13:46:49,859] {processor.py:163} INFO - Started process (PID=1515) to work on /home/airflow/.local/lib/python3.7/site-packages/airflow/example_dags/tutorial.py
[2022-05-07 13:46:49,875] {processor.py:642} INFO - Processing file /home/airflow/.local/lib/python3.7/site-packages/airflow/example_dags/tutorial.py for tasks to queue
[2022-05-07 13:46:49,882] {logging_mixin.py:109} INFO - [2022-05-07 13:46:49,881] {dagbag.py:500} INFO - Filling up the DagBag from /home/airflow/.local/lib/python3.7/site-packages/airflow/example_dags/tutorial.py
[2022-05-07 13:46:49,971] {processor.py:652} INFO - DAG(s) dict_keys(['tutorial']) retrieved from /home/airflow/.local/lib/python3.7/site-packages/airflow/example_dags/tutorial.py
[2022-05-07 13:46:50,195] {logging_mixin.py:109} INFO - [2022-05-07 13:46:50,194] {dag.py:2398} INFO - Sync 1 DAGs
[2022-05-07 13:46:50,285] {logging_mixin.py:109} INFO - [2022-05-07 13:46:50,284] {dag.py:2937} INFO - Setting next_dagrun for tutorial to 2022-05-06T13:46:50.282588+00:00
[2022-05-07 13:46:50,355] {processor.py:171} INFO - Processing /home/airflow/.local/lib/python3.7/site-packages/airflow/example_dags/tutorial.py took 0.505 seconds
[2022-05-07 13:47:23,203] {processor.py:163} INFO - Started process (PID=1575) to work on /home/airflow/.local/lib/python3.7/site-packages/airflow/example_dags/tutorial.py
[2022-05-07 13:47:23,223] {processor.py:642} INFO - Processing file /home/airflow/.local/lib/python3.7/site-packages/airflow/example_dags/tutorial.py for tasks to queue
[2022-05-07 13:47:23,240] {logging_mixin.py:109} INFO - [2022-05-07 13:47:23,239] {dagbag.py:500} INFO - Filling up the DagBag from /home/airflow/.local/lib/python3.7/site-packages/airflow/example_dags/tutorial.py
[2022-05-07 13:47:23,349] {processor.py:652} INFO - DAG(s) dict_keys(['tutorial']) retrieved from /home/airflow/.local/lib/python3.7/site-packages/airflow/example_dags/tutorial.py
[2022-05-07 13:47:23,605] {logging_mixin.py:109} INFO - [2022-05-07 13:47:23,604] {dag.py:2398} INFO - Sync 1 DAGs
[2022-05-07 13:47:23,798] {logging_mixin.py:109} INFO - [2022-05-07 13:47:23,797] {dag.py:2937} INFO - Setting next_dagrun for tutorial to 2022-05-06T13:47:23.794940+00:00
[2022-05-07 13:47:23,919] {processor.py:171} INFO - Processing /home/airflow/.local/lib/python3.7/site-packages/airflow/example_dags/tutorial.py took 0.734 seconds
[2022-05-07 13:49:03,971] {processor.py:163} INFO - Started process (PID=1641) to work on /home/airflow/.local/lib/python3.7/site-packages/airflow/example_dags/tutorial.py
[2022-05-07 13:49:04,033] {processor.py:642} INFO - Processing file /home/airflow/.local/lib/python3.7/site-packages/airflow/example_dags/tutorial.py for tasks to queue
[2022-05-07 13:49:04,093] {logging_mixin.py:109} INFO - [2022-05-07 13:49:04,093] {dagbag.py:500} INFO - Filling up the DagBag from /home/airflow/.local/lib/python3.7/site-packages/airflow/example_dags/tutorial.py
[2022-05-07 13:49:04,817] {processor.py:652} INFO - DAG(s) dict_keys(['tutorial']) retrieved from /home/airflow/.local/lib/python3.7/site-packages/airflow/example_dags/tutorial.py
[2022-05-07 13:49:05,324] {logging_mixin.py:109} INFO - [2022-05-07 13:49:05,324] {dag.py:2398} INFO - Sync 1 DAGs
[2022-05-07 13:49:06,204] {logging_mixin.py:109} INFO - [2022-05-07 13:49:06,204] {dag.py:2937} INFO - Setting next_dagrun for tutorial to 2022-05-06T13:49:06.192222+00:00
[2022-05-07 13:49:06,605] {processor.py:171} INFO - Processing /home/airflow/.local/lib/python3.7/site-packages/airflow/example_dags/tutorial.py took 2.748 seconds
[2022-05-07 13:49:37,176] {processor.py:163} INFO - Started process (PID=1685) to work on /home/airflow/.local/lib/python3.7/site-packages/airflow/example_dags/tutorial.py
[2022-05-07 13:49:37,182] {processor.py:642} INFO - Processing file /home/airflow/.local/lib/python3.7/site-packages/airflow/example_dags/tutorial.py for tasks to queue
[2022-05-07 13:49:37,186] {logging_mixin.py:109} INFO - [2022-05-07 13:49:37,186] {dagbag.py:500} INFO - Filling up the DagBag from /home/airflow/.local/lib/python3.7/site-packages/airflow/example_dags/tutorial.py
[2022-05-07 13:49:37,227] {processor.py:652} INFO - DAG(s) dict_keys(['tutorial']) retrieved from /home/airflow/.local/lib/python3.7/site-packages/airflow/example_dags/tutorial.py
[2022-05-07 13:49:37,282] {logging_mixin.py:109} INFO - [2022-05-07 13:49:37,282] {dag.py:2398} INFO - Sync 1 DAGs
[2022-05-07 13:49:37,318] {logging_mixin.py:109} INFO - [2022-05-07 13:49:37,317] {dag.py:2937} INFO - Setting next_dagrun for tutorial to 2022-05-06T13:49:37.317356+00:00
[2022-05-07 13:49:37,340] {processor.py:171} INFO - Processing /home/airflow/.local/lib/python3.7/site-packages/airflow/example_dags/tutorial.py took 0.173 seconds
[2022-05-07 13:50:08,090] {processor.py:163} INFO - Started process (PID=1739) to work on /home/airflow/.local/lib/python3.7/site-packages/airflow/example_dags/tutorial.py
[2022-05-07 13:50:08,110] {processor.py:642} INFO - Processing file /home/airflow/.local/lib/python3.7/site-packages/airflow/example_dags/tutorial.py for tasks to queue
[2022-05-07 13:50:08,128] {logging_mixin.py:109} INFO - [2022-05-07 13:50:08,123] {dagbag.py:500} INFO - Filling up the DagBag from /home/airflow/.local/lib/python3.7/site-packages/airflow/example_dags/tutorial.py
[2022-05-07 13:50:08,191] {processor.py:652} INFO - DAG(s) dict_keys(['tutorial']) retrieved from /home/airflow/.local/lib/python3.7/site-packages/airflow/example_dags/tutorial.py
[2022-05-07 13:50:08,239] {logging_mixin.py:109} INFO - [2022-05-07 13:50:08,239] {dag.py:2398} INFO - Sync 1 DAGs
[2022-05-07 13:50:08,273] {logging_mixin.py:109} INFO - [2022-05-07 13:50:08,272] {dag.py:2937} INFO - Setting next_dagrun for tutorial to 2022-05-06T13:50:08.271674+00:00
[2022-05-07 13:50:08,303] {processor.py:171} INFO - Processing /home/airflow/.local/lib/python3.7/site-packages/airflow/example_dags/tutorial.py took 0.225 seconds
[2022-05-07 13:50:38,608] {processor.py:163} INFO - Started process (PID=1803) to work on /home/airflow/.local/lib/python3.7/site-packages/airflow/example_dags/tutorial.py
[2022-05-07 13:50:38,612] {processor.py:642} INFO - Processing file /home/airflow/.local/lib/python3.7/site-packages/airflow/example_dags/tutorial.py for tasks to queue
[2022-05-07 13:50:38,614] {logging_mixin.py:109} INFO - [2022-05-07 13:50:38,614] {dagbag.py:500} INFO - Filling up the DagBag from /home/airflow/.local/lib/python3.7/site-packages/airflow/example_dags/tutorial.py
[2022-05-07 13:50:38,639] {processor.py:652} INFO - DAG(s) dict_keys(['tutorial']) retrieved from /home/airflow/.local/lib/python3.7/site-packages/airflow/example_dags/tutorial.py
[2022-05-07 13:50:38,678] {logging_mixin.py:109} INFO - [2022-05-07 13:50:38,678] {dag.py:2398} INFO - Sync 1 DAGs
[2022-05-07 13:50:38,703] {logging_mixin.py:109} INFO - [2022-05-07 13:50:38,703] {dag.py:2937} INFO - Setting next_dagrun for tutorial to 2022-05-06T13:50:38.703242+00:00
[2022-05-07 13:50:38,723] {processor.py:171} INFO - Processing /home/airflow/.local/lib/python3.7/site-packages/airflow/example_dags/tutorial.py took 0.120 seconds
[2022-05-07 13:51:09,181] {processor.py:163} INFO - Started process (PID=1857) to work on /home/airflow/.local/lib/python3.7/site-packages/airflow/example_dags/tutorial.py
[2022-05-07 13:51:09,189] {processor.py:642} INFO - Processing file /home/airflow/.local/lib/python3.7/site-packages/airflow/example_dags/tutorial.py for tasks to queue
[2022-05-07 13:51:09,191] {logging_mixin.py:109} INFO - [2022-05-07 13:51:09,191] {dagbag.py:500} INFO - Filling up the DagBag from /home/airflow/.local/lib/python3.7/site-packages/airflow/example_dags/tutorial.py
[2022-05-07 13:51:09,214] {processor.py:652} INFO - DAG(s) dict_keys(['tutorial']) retrieved from /home/airflow/.local/lib/python3.7/site-packages/airflow/example_dags/tutorial.py
[2022-05-07 13:51:09,249] {logging_mixin.py:109} INFO - [2022-05-07 13:51:09,249] {dag.py:2398} INFO - Sync 1 DAGs
[2022-05-07 13:51:09,283] {logging_mixin.py:109} INFO - [2022-05-07 13:51:09,283] {dag.py:2937} INFO - Setting next_dagrun for tutorial to 2022-05-06T13:51:09.283132+00:00
[2022-05-07 13:51:09,303] {processor.py:171} INFO - Processing /home/airflow/.local/lib/python3.7/site-packages/airflow/example_dags/tutorial.py took 0.127 seconds
[2022-05-07 13:51:39,941] {processor.py:163} INFO - Started process (PID=1911) to work on /home/airflow/.local/lib/python3.7/site-packages/airflow/example_dags/tutorial.py
[2022-05-07 13:51:39,946] {processor.py:642} INFO - Processing file /home/airflow/.local/lib/python3.7/site-packages/airflow/example_dags/tutorial.py for tasks to queue
[2022-05-07 13:51:39,951] {logging_mixin.py:109} INFO - [2022-05-07 13:51:39,950] {dagbag.py:500} INFO - Filling up the DagBag from /home/airflow/.local/lib/python3.7/site-packages/airflow/example_dags/tutorial.py
[2022-05-07 13:51:39,983] {processor.py:652} INFO - DAG(s) dict_keys(['tutorial']) retrieved from /home/airflow/.local/lib/python3.7/site-packages/airflow/example_dags/tutorial.py
[2022-05-07 13:51:40,026] {logging_mixin.py:109} INFO - [2022-05-07 13:51:40,026] {dag.py:2398} INFO - Sync 1 DAGs
[2022-05-07 13:51:40,053] {logging_mixin.py:109} INFO - [2022-05-07 13:51:40,053] {dag.py:2937} INFO - Setting next_dagrun for tutorial to 2022-05-06T13:51:40.052940+00:00
[2022-05-07 13:51:40,073] {processor.py:171} INFO - Processing /home/airflow/.local/lib/python3.7/site-packages/airflow/example_dags/tutorial.py took 0.144 seconds
[2022-05-07 13:52:10,171] {processor.py:163} INFO - Started process (PID=1964) to work on /home/airflow/.local/lib/python3.7/site-packages/airflow/example_dags/tutorial.py
[2022-05-07 13:52:10,175] {processor.py:642} INFO - Processing file /home/airflow/.local/lib/python3.7/site-packages/airflow/example_dags/tutorial.py for tasks to queue
[2022-05-07 13:52:10,178] {logging_mixin.py:109} INFO - [2022-05-07 13:52:10,178] {dagbag.py:500} INFO - Filling up the DagBag from /home/airflow/.local/lib/python3.7/site-packages/airflow/example_dags/tutorial.py
[2022-05-07 13:52:10,214] {processor.py:652} INFO - DAG(s) dict_keys(['tutorial']) retrieved from /home/airflow/.local/lib/python3.7/site-packages/airflow/example_dags/tutorial.py
[2022-05-07 13:52:10,315] {logging_mixin.py:109} INFO - [2022-05-07 13:52:10,314] {dag.py:2398} INFO - Sync 1 DAGs
[2022-05-07 13:52:10,371] {logging_mixin.py:109} INFO - [2022-05-07 13:52:10,370] {dag.py:2937} INFO - Setting next_dagrun for tutorial to 2022-05-06T13:52:10.369614+00:00
[2022-05-07 13:52:10,416] {processor.py:171} INFO - Processing /home/airflow/.local/lib/python3.7/site-packages/airflow/example_dags/tutorial.py took 0.256 seconds
[2022-05-07 13:52:40,814] {processor.py:163} INFO - Started process (PID=2026) to work on /home/airflow/.local/lib/python3.7/site-packages/airflow/example_dags/tutorial.py
[2022-05-07 13:52:40,817] {processor.py:642} INFO - Processing file /home/airflow/.local/lib/python3.7/site-packages/airflow/example_dags/tutorial.py for tasks to queue
[2022-05-07 13:52:40,820] {logging_mixin.py:109} INFO - [2022-05-07 13:52:40,820] {dagbag.py:500} INFO - Filling up the DagBag from /home/airflow/.local/lib/python3.7/site-packages/airflow/example_dags/tutorial.py
[2022-05-07 13:52:40,850] {processor.py:652} INFO - DAG(s) dict_keys(['tutorial']) retrieved from /home/airflow/.local/lib/python3.7/site-packages/airflow/example_dags/tutorial.py
[2022-05-07 13:52:40,887] {logging_mixin.py:109} INFO - [2022-05-07 13:52:40,887] {dag.py:2398} INFO - Sync 1 DAGs
[2022-05-07 13:52:40,913] {logging_mixin.py:109} INFO - [2022-05-07 13:52:40,912] {dag.py:2937} INFO - Setting next_dagrun for tutorial to 2022-05-06T13:52:40.912350+00:00
[2022-05-07 13:52:40,930] {processor.py:171} INFO - Processing /home/airflow/.local/lib/python3.7/site-packages/airflow/example_dags/tutorial.py took 0.122 seconds
[2022-05-07 13:53:11,105] {processor.py:163} INFO - Started process (PID=2083) to work on /home/airflow/.local/lib/python3.7/site-packages/airflow/example_dags/tutorial.py
[2022-05-07 13:53:11,109] {processor.py:642} INFO - Processing file /home/airflow/.local/lib/python3.7/site-packages/airflow/example_dags/tutorial.py for tasks to queue
[2022-05-07 13:53:11,112] {logging_mixin.py:109} INFO - [2022-05-07 13:53:11,112] {dagbag.py:500} INFO - Filling up the DagBag from /home/airflow/.local/lib/python3.7/site-packages/airflow/example_dags/tutorial.py
[2022-05-07 13:53:11,138] {processor.py:652} INFO - DAG(s) dict_keys(['tutorial']) retrieved from /home/airflow/.local/lib/python3.7/site-packages/airflow/example_dags/tutorial.py
[2022-05-07 13:53:11,174] {logging_mixin.py:109} INFO - [2022-05-07 13:53:11,174] {dag.py:2398} INFO - Sync 1 DAGs
[2022-05-07 13:53:11,201] {logging_mixin.py:109} INFO - [2022-05-07 13:53:11,201] {dag.py:2937} INFO - Setting next_dagrun for tutorial to 2022-05-06T13:53:11.200751+00:00
[2022-05-07 13:53:11,218] {processor.py:171} INFO - Processing /home/airflow/.local/lib/python3.7/site-packages/airflow/example_dags/tutorial.py took 0.125 seconds
[2022-05-07 13:53:41,653] {processor.py:163} INFO - Started process (PID=2138) to work on /home/airflow/.local/lib/python3.7/site-packages/airflow/example_dags/tutorial.py
[2022-05-07 13:53:41,657] {processor.py:642} INFO - Processing file /home/airflow/.local/lib/python3.7/site-packages/airflow/example_dags/tutorial.py for tasks to queue
[2022-05-07 13:53:41,660] {logging_mixin.py:109} INFO - [2022-05-07 13:53:41,659] {dagbag.py:500} INFO - Filling up the DagBag from /home/airflow/.local/lib/python3.7/site-packages/airflow/example_dags/tutorial.py
[2022-05-07 13:53:41,692] {processor.py:652} INFO - DAG(s) dict_keys(['tutorial']) retrieved from /home/airflow/.local/lib/python3.7/site-packages/airflow/example_dags/tutorial.py
[2022-05-07 13:53:41,729] {logging_mixin.py:109} INFO - [2022-05-07 13:53:41,728] {dag.py:2398} INFO - Sync 1 DAGs
[2022-05-07 13:53:41,752] {logging_mixin.py:109} INFO - [2022-05-07 13:53:41,752] {dag.py:2937} INFO - Setting next_dagrun for tutorial to 2022-05-06T13:53:41.751757+00:00
[2022-05-07 13:53:41,768] {processor.py:171} INFO - Processing /home/airflow/.local/lib/python3.7/site-packages/airflow/example_dags/tutorial.py took 0.121 seconds
[2022-05-07 13:54:12,358] {processor.py:163} INFO - Started process (PID=2191) to work on /home/airflow/.local/lib/python3.7/site-packages/airflow/example_dags/tutorial.py
[2022-05-07 13:54:12,371] {processor.py:642} INFO - Processing file /home/airflow/.local/lib/python3.7/site-packages/airflow/example_dags/tutorial.py for tasks to queue
[2022-05-07 13:54:12,382] {logging_mixin.py:109} INFO - [2022-05-07 13:54:12,380] {dagbag.py:500} INFO - Filling up the DagBag from /home/airflow/.local/lib/python3.7/site-packages/airflow/example_dags/tutorial.py
[2022-05-07 13:54:12,444] {processor.py:652} INFO - DAG(s) dict_keys(['tutorial']) retrieved from /home/airflow/.local/lib/python3.7/site-packages/airflow/example_dags/tutorial.py
[2022-05-07 13:54:12,512] {logging_mixin.py:109} INFO - [2022-05-07 13:54:12,512] {dag.py:2398} INFO - Sync 1 DAGs
[2022-05-07 13:54:12,585] {logging_mixin.py:109} INFO - [2022-05-07 13:54:12,584] {dag.py:2937} INFO - Setting next_dagrun for tutorial to 2022-05-06T13:54:12.582520+00:00
[2022-05-07 13:54:12,621] {processor.py:171} INFO - Processing /home/airflow/.local/lib/python3.7/site-packages/airflow/example_dags/tutorial.py took 0.278 seconds
[2022-05-07 13:54:42,895] {processor.py:163} INFO - Started process (PID=2253) to work on /home/airflow/.local/lib/python3.7/site-packages/airflow/example_dags/tutorial.py
[2022-05-07 13:54:42,898] {processor.py:642} INFO - Processing file /home/airflow/.local/lib/python3.7/site-packages/airflow/example_dags/tutorial.py for tasks to queue
[2022-05-07 13:54:42,901] {logging_mixin.py:109} INFO - [2022-05-07 13:54:42,901] {dagbag.py:500} INFO - Filling up the DagBag from /home/airflow/.local/lib/python3.7/site-packages/airflow/example_dags/tutorial.py
[2022-05-07 13:54:42,935] {processor.py:652} INFO - DAG(s) dict_keys(['tutorial']) retrieved from /home/airflow/.local/lib/python3.7/site-packages/airflow/example_dags/tutorial.py
[2022-05-07 13:54:42,986] {logging_mixin.py:109} INFO - [2022-05-07 13:54:42,986] {dag.py:2398} INFO - Sync 1 DAGs
[2022-05-07 13:54:43,020] {logging_mixin.py:109} INFO - [2022-05-07 13:54:43,020] {dag.py:2937} INFO - Setting next_dagrun for tutorial to 2022-05-06T13:54:43.019462+00:00
[2022-05-07 13:54:43,050] {processor.py:171} INFO - Processing /home/airflow/.local/lib/python3.7/site-packages/airflow/example_dags/tutorial.py took 0.161 seconds
[2022-05-07 13:55:13,575] {processor.py:163} INFO - Started process (PID=2306) to work on /home/airflow/.local/lib/python3.7/site-packages/airflow/example_dags/tutorial.py
[2022-05-07 13:55:13,585] {processor.py:642} INFO - Processing file /home/airflow/.local/lib/python3.7/site-packages/airflow/example_dags/tutorial.py for tasks to queue
[2022-05-07 13:55:13,588] {logging_mixin.py:109} INFO - [2022-05-07 13:55:13,588] {dagbag.py:500} INFO - Filling up the DagBag from /home/airflow/.local/lib/python3.7/site-packages/airflow/example_dags/tutorial.py
[2022-05-07 13:55:13,613] {processor.py:652} INFO - DAG(s) dict_keys(['tutorial']) retrieved from /home/airflow/.local/lib/python3.7/site-packages/airflow/example_dags/tutorial.py
[2022-05-07 13:55:13,657] {logging_mixin.py:109} INFO - [2022-05-07 13:55:13,657] {dag.py:2398} INFO - Sync 1 DAGs
[2022-05-07 13:55:13,691] {logging_mixin.py:109} INFO - [2022-05-07 13:55:13,691] {dag.py:2937} INFO - Setting next_dagrun for tutorial to 2022-05-06T13:55:13.691022+00:00
[2022-05-07 13:55:13,707] {processor.py:171} INFO - Processing /home/airflow/.local/lib/python3.7/site-packages/airflow/example_dags/tutorial.py took 0.140 seconds
[2022-05-07 13:55:43,806] {processor.py:163} INFO - Started process (PID=2359) to work on /home/airflow/.local/lib/python3.7/site-packages/airflow/example_dags/tutorial.py
[2022-05-07 13:55:43,811] {processor.py:642} INFO - Processing file /home/airflow/.local/lib/python3.7/site-packages/airflow/example_dags/tutorial.py for tasks to queue
[2022-05-07 13:55:43,817] {logging_mixin.py:109} INFO - [2022-05-07 13:55:43,817] {dagbag.py:500} INFO - Filling up the DagBag from /home/airflow/.local/lib/python3.7/site-packages/airflow/example_dags/tutorial.py
[2022-05-07 13:55:43,868] {processor.py:652} INFO - DAG(s) dict_keys(['tutorial']) retrieved from /home/airflow/.local/lib/python3.7/site-packages/airflow/example_dags/tutorial.py
[2022-05-07 13:55:43,937] {logging_mixin.py:109} INFO - [2022-05-07 13:55:43,937] {dag.py:2398} INFO - Sync 1 DAGs
[2022-05-07 13:55:43,966] {logging_mixin.py:109} INFO - [2022-05-07 13:55:43,966] {dag.py:2937} INFO - Setting next_dagrun for tutorial to 2022-05-06T13:55:43.965482+00:00
[2022-05-07 13:55:43,993] {processor.py:171} INFO - Processing /home/airflow/.local/lib/python3.7/site-packages/airflow/example_dags/tutorial.py took 0.199 seconds
[2022-05-07 13:56:14,143] {processor.py:163} INFO - Started process (PID=2410) to work on /home/airflow/.local/lib/python3.7/site-packages/airflow/example_dags/tutorial.py
[2022-05-07 13:56:14,146] {processor.py:642} INFO - Processing file /home/airflow/.local/lib/python3.7/site-packages/airflow/example_dags/tutorial.py for tasks to queue
[2022-05-07 13:56:14,148] {logging_mixin.py:109} INFO - [2022-05-07 13:56:14,148] {dagbag.py:500} INFO - Filling up the DagBag from /home/airflow/.local/lib/python3.7/site-packages/airflow/example_dags/tutorial.py
[2022-05-07 13:56:14,186] {processor.py:652} INFO - DAG(s) dict_keys(['tutorial']) retrieved from /home/airflow/.local/lib/python3.7/site-packages/airflow/example_dags/tutorial.py
[2022-05-07 13:56:14,223] {logging_mixin.py:109} INFO - [2022-05-07 13:56:14,222] {dag.py:2398} INFO - Sync 1 DAGs
[2022-05-07 13:56:14,247] {logging_mixin.py:109} INFO - [2022-05-07 13:56:14,247] {dag.py:2937} INFO - Setting next_dagrun for tutorial to 2022-05-06T13:56:14.247015+00:00
[2022-05-07 13:56:14,267] {processor.py:171} INFO - Processing /home/airflow/.local/lib/python3.7/site-packages/airflow/example_dags/tutorial.py took 0.129 seconds
[2022-05-07 13:56:44,821] {processor.py:163} INFO - Started process (PID=2471) to work on /home/airflow/.local/lib/python3.7/site-packages/airflow/example_dags/tutorial.py
[2022-05-07 13:56:44,834] {processor.py:642} INFO - Processing file /home/airflow/.local/lib/python3.7/site-packages/airflow/example_dags/tutorial.py for tasks to queue
[2022-05-07 13:56:44,839] {logging_mixin.py:109} INFO - [2022-05-07 13:56:44,838] {dagbag.py:500} INFO - Filling up the DagBag from /home/airflow/.local/lib/python3.7/site-packages/airflow/example_dags/tutorial.py
[2022-05-07 13:56:44,982] {processor.py:652} INFO - DAG(s) dict_keys(['tutorial']) retrieved from /home/airflow/.local/lib/python3.7/site-packages/airflow/example_dags/tutorial.py
[2022-05-07 13:56:45,114] {logging_mixin.py:109} INFO - [2022-05-07 13:56:45,112] {dag.py:2398} INFO - Sync 1 DAGs
[2022-05-07 13:56:45,162] {logging_mixin.py:109} INFO - [2022-05-07 13:56:45,162] {dag.py:2937} INFO - Setting next_dagrun for tutorial to 2022-05-06T13:56:45.161634+00:00
[2022-05-07 13:56:45,206] {processor.py:171} INFO - Processing /home/airflow/.local/lib/python3.7/site-packages/airflow/example_dags/tutorial.py took 0.396 seconds
[2022-05-07 13:57:15,357] {processor.py:163} INFO - Started process (PID=2525) to work on /home/airflow/.local/lib/python3.7/site-packages/airflow/example_dags/tutorial.py
[2022-05-07 13:57:15,373] {processor.py:642} INFO - Processing file /home/airflow/.local/lib/python3.7/site-packages/airflow/example_dags/tutorial.py for tasks to queue
[2022-05-07 13:57:15,380] {logging_mixin.py:109} INFO - [2022-05-07 13:57:15,379] {dagbag.py:500} INFO - Filling up the DagBag from /home/airflow/.local/lib/python3.7/site-packages/airflow/example_dags/tutorial.py
[2022-05-07 13:57:15,418] {processor.py:652} INFO - DAG(s) dict_keys(['tutorial']) retrieved from /home/airflow/.local/lib/python3.7/site-packages/airflow/example_dags/tutorial.py
[2022-05-07 13:57:15,460] {logging_mixin.py:109} INFO - [2022-05-07 13:57:15,460] {dag.py:2398} INFO - Sync 1 DAGs
[2022-05-07 13:57:15,490] {logging_mixin.py:109} INFO - [2022-05-07 13:57:15,490] {dag.py:2937} INFO - Setting next_dagrun for tutorial to 2022-05-06T13:57:15.490330+00:00
[2022-05-07 13:57:15,510] {processor.py:171} INFO - Processing /home/airflow/.local/lib/python3.7/site-packages/airflow/example_dags/tutorial.py took 0.166 seconds
